[2023-03-10T19:50:33.004+0000] {processor.py:154} INFO - Started process (PID=65) to work on /home/airflow/.local/lib/python3.7/site-packages/airflow/example_dags/example_kubernetes_executor.py
[2023-03-10T19:50:33.005+0000] {processor.py:756} INFO - Processing file /home/airflow/.local/lib/python3.7/site-packages/airflow/example_dags/example_kubernetes_executor.py for tasks to queue
[2023-03-10T19:50:33.006+0000] {logging_mixin.py:137} INFO - [2023-03-10T19:50:33.006+0000] {dagbag.py:537} INFO - Filling up the DagBag from /home/airflow/.local/lib/python3.7/site-packages/airflow/example_dags/example_kubernetes_executor.py
[2023-03-10T19:50:33.039+0000] {processor.py:766} INFO - DAG(s) dict_keys(['example_kubernetes_executor']) retrieved from /home/airflow/.local/lib/python3.7/site-packages/airflow/example_dags/example_kubernetes_executor.py
[2023-03-10T19:50:33.070+0000] {logging_mixin.py:137} INFO - [2023-03-10T19:50:33.069+0000] {dag.py:2585} INFO - Sync 1 DAGs
[2023-03-10T19:50:33.094+0000] {logging_mixin.py:137} INFO - [2023-03-10T19:50:33.094+0000] {dag.py:3340} INFO - Setting next_dagrun for example_kubernetes_executor to None, run_after=None
[2023-03-10T19:50:33.118+0000] {processor.py:176} INFO - Processing /home/airflow/.local/lib/python3.7/site-packages/airflow/example_dags/example_kubernetes_executor.py took 0.116 seconds
[2023-03-10T19:51:03.702+0000] {processor.py:154} INFO - Started process (PID=129) to work on /home/airflow/.local/lib/python3.7/site-packages/airflow/example_dags/example_kubernetes_executor.py
[2023-03-10T19:51:03.704+0000] {processor.py:756} INFO - Processing file /home/airflow/.local/lib/python3.7/site-packages/airflow/example_dags/example_kubernetes_executor.py for tasks to queue
[2023-03-10T19:51:03.706+0000] {logging_mixin.py:137} INFO - [2023-03-10T19:51:03.705+0000] {dagbag.py:537} INFO - Filling up the DagBag from /home/airflow/.local/lib/python3.7/site-packages/airflow/example_dags/example_kubernetes_executor.py
[2023-03-10T19:51:03.724+0000] {processor.py:766} INFO - DAG(s) dict_keys(['example_kubernetes_executor']) retrieved from /home/airflow/.local/lib/python3.7/site-packages/airflow/example_dags/example_kubernetes_executor.py
[2023-03-10T19:51:03.750+0000] {logging_mixin.py:137} INFO - [2023-03-10T19:51:03.750+0000] {dag.py:2585} INFO - Sync 1 DAGs
[2023-03-10T19:51:03.766+0000] {logging_mixin.py:137} INFO - [2023-03-10T19:51:03.766+0000] {dag.py:3340} INFO - Setting next_dagrun for example_kubernetes_executor to None, run_after=None
[2023-03-10T19:51:03.788+0000] {processor.py:176} INFO - Processing /home/airflow/.local/lib/python3.7/site-packages/airflow/example_dags/example_kubernetes_executor.py took 0.089 seconds
[2023-03-10T19:51:34.328+0000] {processor.py:154} INFO - Started process (PID=194) to work on /home/airflow/.local/lib/python3.7/site-packages/airflow/example_dags/example_kubernetes_executor.py
[2023-03-10T19:51:34.330+0000] {processor.py:756} INFO - Processing file /home/airflow/.local/lib/python3.7/site-packages/airflow/example_dags/example_kubernetes_executor.py for tasks to queue
[2023-03-10T19:51:34.331+0000] {logging_mixin.py:137} INFO - [2023-03-10T19:51:34.331+0000] {dagbag.py:537} INFO - Filling up the DagBag from /home/airflow/.local/lib/python3.7/site-packages/airflow/example_dags/example_kubernetes_executor.py
[2023-03-10T19:51:34.361+0000] {processor.py:766} INFO - DAG(s) dict_keys(['example_kubernetes_executor']) retrieved from /home/airflow/.local/lib/python3.7/site-packages/airflow/example_dags/example_kubernetes_executor.py
[2023-03-10T19:51:34.391+0000] {logging_mixin.py:137} INFO - [2023-03-10T19:51:34.391+0000] {dag.py:2585} INFO - Sync 1 DAGs
[2023-03-10T19:51:34.410+0000] {logging_mixin.py:137} INFO - [2023-03-10T19:51:34.409+0000] {dag.py:3340} INFO - Setting next_dagrun for example_kubernetes_executor to None, run_after=None
[2023-03-10T19:51:34.426+0000] {processor.py:176} INFO - Processing /home/airflow/.local/lib/python3.7/site-packages/airflow/example_dags/example_kubernetes_executor.py took 0.100 seconds
[2023-03-10T19:52:05.300+0000] {processor.py:154} INFO - Started process (PID=258) to work on /home/airflow/.local/lib/python3.7/site-packages/airflow/example_dags/example_kubernetes_executor.py
[2023-03-10T19:52:05.303+0000] {processor.py:756} INFO - Processing file /home/airflow/.local/lib/python3.7/site-packages/airflow/example_dags/example_kubernetes_executor.py for tasks to queue
[2023-03-10T19:52:05.304+0000] {logging_mixin.py:137} INFO - [2023-03-10T19:52:05.304+0000] {dagbag.py:537} INFO - Filling up the DagBag from /home/airflow/.local/lib/python3.7/site-packages/airflow/example_dags/example_kubernetes_executor.py
[2023-03-10T19:52:05.331+0000] {processor.py:766} INFO - DAG(s) dict_keys(['example_kubernetes_executor']) retrieved from /home/airflow/.local/lib/python3.7/site-packages/airflow/example_dags/example_kubernetes_executor.py
[2023-03-10T19:52:05.361+0000] {logging_mixin.py:137} INFO - [2023-03-10T19:52:05.361+0000] {dag.py:2585} INFO - Sync 1 DAGs
[2023-03-10T19:52:05.377+0000] {logging_mixin.py:137} INFO - [2023-03-10T19:52:05.377+0000] {dag.py:3340} INFO - Setting next_dagrun for example_kubernetes_executor to None, run_after=None
[2023-03-10T19:52:05.391+0000] {processor.py:176} INFO - Processing /home/airflow/.local/lib/python3.7/site-packages/airflow/example_dags/example_kubernetes_executor.py took 0.093 seconds
[2023-03-10T19:52:36.070+0000] {processor.py:154} INFO - Started process (PID=323) to work on /home/airflow/.local/lib/python3.7/site-packages/airflow/example_dags/example_kubernetes_executor.py
[2023-03-10T19:52:36.072+0000] {processor.py:756} INFO - Processing file /home/airflow/.local/lib/python3.7/site-packages/airflow/example_dags/example_kubernetes_executor.py for tasks to queue
[2023-03-10T19:52:36.073+0000] {logging_mixin.py:137} INFO - [2023-03-10T19:52:36.073+0000] {dagbag.py:537} INFO - Filling up the DagBag from /home/airflow/.local/lib/python3.7/site-packages/airflow/example_dags/example_kubernetes_executor.py
[2023-03-10T19:52:36.091+0000] {processor.py:766} INFO - DAG(s) dict_keys(['example_kubernetes_executor']) retrieved from /home/airflow/.local/lib/python3.7/site-packages/airflow/example_dags/example_kubernetes_executor.py
[2023-03-10T19:52:36.118+0000] {logging_mixin.py:137} INFO - [2023-03-10T19:52:36.118+0000] {dag.py:2585} INFO - Sync 1 DAGs
[2023-03-10T19:52:36.133+0000] {logging_mixin.py:137} INFO - [2023-03-10T19:52:36.133+0000] {dag.py:3340} INFO - Setting next_dagrun for example_kubernetes_executor to None, run_after=None
[2023-03-10T19:52:36.145+0000] {processor.py:176} INFO - Processing /home/airflow/.local/lib/python3.7/site-packages/airflow/example_dags/example_kubernetes_executor.py took 0.077 seconds
[2023-03-10T19:53:07.010+0000] {processor.py:154} INFO - Started process (PID=388) to work on /home/airflow/.local/lib/python3.7/site-packages/airflow/example_dags/example_kubernetes_executor.py
[2023-03-10T19:53:07.014+0000] {processor.py:756} INFO - Processing file /home/airflow/.local/lib/python3.7/site-packages/airflow/example_dags/example_kubernetes_executor.py for tasks to queue
[2023-03-10T19:53:07.016+0000] {logging_mixin.py:137} INFO - [2023-03-10T19:53:07.016+0000] {dagbag.py:537} INFO - Filling up the DagBag from /home/airflow/.local/lib/python3.7/site-packages/airflow/example_dags/example_kubernetes_executor.py
[2023-03-10T19:53:07.066+0000] {processor.py:766} INFO - DAG(s) dict_keys(['example_kubernetes_executor']) retrieved from /home/airflow/.local/lib/python3.7/site-packages/airflow/example_dags/example_kubernetes_executor.py
[2023-03-10T19:53:07.176+0000] {logging_mixin.py:137} INFO - [2023-03-10T19:53:07.176+0000] {dag.py:2585} INFO - Sync 1 DAGs
[2023-03-10T19:53:07.197+0000] {logging_mixin.py:137} INFO - [2023-03-10T19:53:07.197+0000] {dag.py:3340} INFO - Setting next_dagrun for example_kubernetes_executor to None, run_after=None
[2023-03-10T19:53:07.222+0000] {processor.py:176} INFO - Processing /home/airflow/.local/lib/python3.7/site-packages/airflow/example_dags/example_kubernetes_executor.py took 0.219 seconds
[2023-03-10T19:53:37.905+0000] {processor.py:154} INFO - Started process (PID=442) to work on /home/airflow/.local/lib/python3.7/site-packages/airflow/example_dags/example_kubernetes_executor.py
[2023-03-10T19:53:37.909+0000] {processor.py:756} INFO - Processing file /home/airflow/.local/lib/python3.7/site-packages/airflow/example_dags/example_kubernetes_executor.py for tasks to queue
[2023-03-10T19:53:37.910+0000] {logging_mixin.py:137} INFO - [2023-03-10T19:53:37.910+0000] {dagbag.py:537} INFO - Filling up the DagBag from /home/airflow/.local/lib/python3.7/site-packages/airflow/example_dags/example_kubernetes_executor.py
[2023-03-10T19:53:37.931+0000] {processor.py:766} INFO - DAG(s) dict_keys(['example_kubernetes_executor']) retrieved from /home/airflow/.local/lib/python3.7/site-packages/airflow/example_dags/example_kubernetes_executor.py
[2023-03-10T19:53:37.965+0000] {logging_mixin.py:137} INFO - [2023-03-10T19:53:37.965+0000] {dag.py:2585} INFO - Sync 1 DAGs
[2023-03-10T19:53:37.980+0000] {logging_mixin.py:137} INFO - [2023-03-10T19:53:37.980+0000] {dag.py:3340} INFO - Setting next_dagrun for example_kubernetes_executor to None, run_after=None
[2023-03-10T19:53:37.995+0000] {processor.py:176} INFO - Processing /home/airflow/.local/lib/python3.7/site-packages/airflow/example_dags/example_kubernetes_executor.py took 0.092 seconds
[2023-03-10T19:54:08.720+0000] {processor.py:154} INFO - Started process (PID=506) to work on /home/airflow/.local/lib/python3.7/site-packages/airflow/example_dags/example_kubernetes_executor.py
[2023-03-10T19:54:08.721+0000] {processor.py:756} INFO - Processing file /home/airflow/.local/lib/python3.7/site-packages/airflow/example_dags/example_kubernetes_executor.py for tasks to queue
[2023-03-10T19:54:08.723+0000] {logging_mixin.py:137} INFO - [2023-03-10T19:54:08.723+0000] {dagbag.py:537} INFO - Filling up the DagBag from /home/airflow/.local/lib/python3.7/site-packages/airflow/example_dags/example_kubernetes_executor.py
[2023-03-10T19:54:08.748+0000] {processor.py:766} INFO - DAG(s) dict_keys(['example_kubernetes_executor']) retrieved from /home/airflow/.local/lib/python3.7/site-packages/airflow/example_dags/example_kubernetes_executor.py
[2023-03-10T19:54:08.777+0000] {logging_mixin.py:137} INFO - [2023-03-10T19:54:08.777+0000] {dag.py:2585} INFO - Sync 1 DAGs
[2023-03-10T19:54:08.793+0000] {logging_mixin.py:137} INFO - [2023-03-10T19:54:08.793+0000] {dag.py:3340} INFO - Setting next_dagrun for example_kubernetes_executor to None, run_after=None
[2023-03-10T19:54:08.805+0000] {processor.py:176} INFO - Processing /home/airflow/.local/lib/python3.7/site-packages/airflow/example_dags/example_kubernetes_executor.py took 0.088 seconds
[2023-03-10T19:54:39.539+0000] {processor.py:154} INFO - Started process (PID=570) to work on /home/airflow/.local/lib/python3.7/site-packages/airflow/example_dags/example_kubernetes_executor.py
[2023-03-10T19:54:39.541+0000] {processor.py:756} INFO - Processing file /home/airflow/.local/lib/python3.7/site-packages/airflow/example_dags/example_kubernetes_executor.py for tasks to queue
[2023-03-10T19:54:39.543+0000] {logging_mixin.py:137} INFO - [2023-03-10T19:54:39.543+0000] {dagbag.py:537} INFO - Filling up the DagBag from /home/airflow/.local/lib/python3.7/site-packages/airflow/example_dags/example_kubernetes_executor.py
[2023-03-10T19:54:39.563+0000] {processor.py:766} INFO - DAG(s) dict_keys(['example_kubernetes_executor']) retrieved from /home/airflow/.local/lib/python3.7/site-packages/airflow/example_dags/example_kubernetes_executor.py
[2023-03-10T19:54:39.593+0000] {logging_mixin.py:137} INFO - [2023-03-10T19:54:39.593+0000] {dag.py:2585} INFO - Sync 1 DAGs
[2023-03-10T19:54:39.609+0000] {logging_mixin.py:137} INFO - [2023-03-10T19:54:39.609+0000] {dag.py:3340} INFO - Setting next_dagrun for example_kubernetes_executor to None, run_after=None
[2023-03-10T19:54:39.624+0000] {processor.py:176} INFO - Processing /home/airflow/.local/lib/python3.7/site-packages/airflow/example_dags/example_kubernetes_executor.py took 0.088 seconds
[2023-03-10T19:55:10.691+0000] {processor.py:154} INFO - Started process (PID=633) to work on /home/airflow/.local/lib/python3.7/site-packages/airflow/example_dags/example_kubernetes_executor.py
[2023-03-10T19:55:10.694+0000] {processor.py:756} INFO - Processing file /home/airflow/.local/lib/python3.7/site-packages/airflow/example_dags/example_kubernetes_executor.py for tasks to queue
[2023-03-10T19:55:10.696+0000] {logging_mixin.py:137} INFO - [2023-03-10T19:55:10.696+0000] {dagbag.py:537} INFO - Filling up the DagBag from /home/airflow/.local/lib/python3.7/site-packages/airflow/example_dags/example_kubernetes_executor.py
[2023-03-10T19:55:10.719+0000] {processor.py:766} INFO - DAG(s) dict_keys(['example_kubernetes_executor']) retrieved from /home/airflow/.local/lib/python3.7/site-packages/airflow/example_dags/example_kubernetes_executor.py
[2023-03-10T19:55:10.751+0000] {logging_mixin.py:137} INFO - [2023-03-10T19:55:10.751+0000] {dag.py:2585} INFO - Sync 1 DAGs
[2023-03-10T19:55:10.767+0000] {logging_mixin.py:137} INFO - [2023-03-10T19:55:10.767+0000] {dag.py:3340} INFO - Setting next_dagrun for example_kubernetes_executor to None, run_after=None
[2023-03-10T19:55:10.780+0000] {processor.py:176} INFO - Processing /home/airflow/.local/lib/python3.7/site-packages/airflow/example_dags/example_kubernetes_executor.py took 0.092 seconds
[2023-03-10T19:55:41.140+0000] {processor.py:154} INFO - Started process (PID=696) to work on /home/airflow/.local/lib/python3.7/site-packages/airflow/example_dags/example_kubernetes_executor.py
[2023-03-10T19:55:41.142+0000] {processor.py:756} INFO - Processing file /home/airflow/.local/lib/python3.7/site-packages/airflow/example_dags/example_kubernetes_executor.py for tasks to queue
[2023-03-10T19:55:41.143+0000] {logging_mixin.py:137} INFO - [2023-03-10T19:55:41.143+0000] {dagbag.py:537} INFO - Filling up the DagBag from /home/airflow/.local/lib/python3.7/site-packages/airflow/example_dags/example_kubernetes_executor.py
[2023-03-10T19:55:41.160+0000] {processor.py:766} INFO - DAG(s) dict_keys(['example_kubernetes_executor']) retrieved from /home/airflow/.local/lib/python3.7/site-packages/airflow/example_dags/example_kubernetes_executor.py
[2023-03-10T19:55:41.187+0000] {logging_mixin.py:137} INFO - [2023-03-10T19:55:41.187+0000] {dag.py:2585} INFO - Sync 1 DAGs
[2023-03-10T19:55:41.203+0000] {logging_mixin.py:137} INFO - [2023-03-10T19:55:41.203+0000] {dag.py:3340} INFO - Setting next_dagrun for example_kubernetes_executor to None, run_after=None
[2023-03-10T19:55:41.218+0000] {processor.py:176} INFO - Processing /home/airflow/.local/lib/python3.7/site-packages/airflow/example_dags/example_kubernetes_executor.py took 0.080 seconds
[2023-03-10T19:56:11.886+0000] {processor.py:154} INFO - Started process (PID=751) to work on /home/airflow/.local/lib/python3.7/site-packages/airflow/example_dags/example_kubernetes_executor.py
[2023-03-10T19:56:11.888+0000] {processor.py:756} INFO - Processing file /home/airflow/.local/lib/python3.7/site-packages/airflow/example_dags/example_kubernetes_executor.py for tasks to queue
[2023-03-10T19:56:11.889+0000] {logging_mixin.py:137} INFO - [2023-03-10T19:56:11.889+0000] {dagbag.py:537} INFO - Filling up the DagBag from /home/airflow/.local/lib/python3.7/site-packages/airflow/example_dags/example_kubernetes_executor.py
[2023-03-10T19:56:11.906+0000] {processor.py:766} INFO - DAG(s) dict_keys(['example_kubernetes_executor']) retrieved from /home/airflow/.local/lib/python3.7/site-packages/airflow/example_dags/example_kubernetes_executor.py
[2023-03-10T19:56:11.936+0000] {logging_mixin.py:137} INFO - [2023-03-10T19:56:11.936+0000] {dag.py:2585} INFO - Sync 1 DAGs
[2023-03-10T19:56:11.952+0000] {logging_mixin.py:137} INFO - [2023-03-10T19:56:11.952+0000] {dag.py:3340} INFO - Setting next_dagrun for example_kubernetes_executor to None, run_after=None
[2023-03-10T19:56:11.987+0000] {processor.py:176} INFO - Processing /home/airflow/.local/lib/python3.7/site-packages/airflow/example_dags/example_kubernetes_executor.py took 0.104 seconds
[2023-03-10T19:56:42.603+0000] {processor.py:154} INFO - Started process (PID=815) to work on /home/airflow/.local/lib/python3.7/site-packages/airflow/example_dags/example_kubernetes_executor.py
[2023-03-10T19:56:42.606+0000] {processor.py:756} INFO - Processing file /home/airflow/.local/lib/python3.7/site-packages/airflow/example_dags/example_kubernetes_executor.py for tasks to queue
[2023-03-10T19:56:42.607+0000] {logging_mixin.py:137} INFO - [2023-03-10T19:56:42.607+0000] {dagbag.py:537} INFO - Filling up the DagBag from /home/airflow/.local/lib/python3.7/site-packages/airflow/example_dags/example_kubernetes_executor.py
[2023-03-10T19:56:42.625+0000] {processor.py:766} INFO - DAG(s) dict_keys(['example_kubernetes_executor']) retrieved from /home/airflow/.local/lib/python3.7/site-packages/airflow/example_dags/example_kubernetes_executor.py
[2023-03-10T19:56:42.652+0000] {logging_mixin.py:137} INFO - [2023-03-10T19:56:42.652+0000] {dag.py:2585} INFO - Sync 1 DAGs
[2023-03-10T19:56:42.668+0000] {logging_mixin.py:137} INFO - [2023-03-10T19:56:42.668+0000] {dag.py:3340} INFO - Setting next_dagrun for example_kubernetes_executor to None, run_after=None
[2023-03-10T19:56:42.681+0000] {processor.py:176} INFO - Processing /home/airflow/.local/lib/python3.7/site-packages/airflow/example_dags/example_kubernetes_executor.py took 0.081 seconds
[2023-03-10T19:57:13.510+0000] {processor.py:154} INFO - Started process (PID=878) to work on /home/airflow/.local/lib/python3.7/site-packages/airflow/example_dags/example_kubernetes_executor.py
[2023-03-10T19:57:13.512+0000] {processor.py:756} INFO - Processing file /home/airflow/.local/lib/python3.7/site-packages/airflow/example_dags/example_kubernetes_executor.py for tasks to queue
[2023-03-10T19:57:13.514+0000] {logging_mixin.py:137} INFO - [2023-03-10T19:57:13.514+0000] {dagbag.py:537} INFO - Filling up the DagBag from /home/airflow/.local/lib/python3.7/site-packages/airflow/example_dags/example_kubernetes_executor.py
[2023-03-10T19:57:13.533+0000] {processor.py:766} INFO - DAG(s) dict_keys(['example_kubernetes_executor']) retrieved from /home/airflow/.local/lib/python3.7/site-packages/airflow/example_dags/example_kubernetes_executor.py
[2023-03-10T19:57:13.564+0000] {logging_mixin.py:137} INFO - [2023-03-10T19:57:13.564+0000] {dag.py:2585} INFO - Sync 1 DAGs
[2023-03-10T19:57:13.583+0000] {logging_mixin.py:137} INFO - [2023-03-10T19:57:13.583+0000] {dag.py:3340} INFO - Setting next_dagrun for example_kubernetes_executor to None, run_after=None
[2023-03-10T19:57:13.598+0000] {processor.py:176} INFO - Processing /home/airflow/.local/lib/python3.7/site-packages/airflow/example_dags/example_kubernetes_executor.py took 0.092 seconds
[2023-03-10T19:57:43.644+0000] {processor.py:154} INFO - Started process (PID=941) to work on /home/airflow/.local/lib/python3.7/site-packages/airflow/example_dags/example_kubernetes_executor.py
[2023-03-10T19:57:43.645+0000] {processor.py:756} INFO - Processing file /home/airflow/.local/lib/python3.7/site-packages/airflow/example_dags/example_kubernetes_executor.py for tasks to queue
[2023-03-10T19:57:43.646+0000] {logging_mixin.py:137} INFO - [2023-03-10T19:57:43.646+0000] {dagbag.py:537} INFO - Filling up the DagBag from /home/airflow/.local/lib/python3.7/site-packages/airflow/example_dags/example_kubernetes_executor.py
[2023-03-10T19:57:43.664+0000] {processor.py:766} INFO - DAG(s) dict_keys(['example_kubernetes_executor']) retrieved from /home/airflow/.local/lib/python3.7/site-packages/airflow/example_dags/example_kubernetes_executor.py
[2023-03-10T19:57:43.692+0000] {logging_mixin.py:137} INFO - [2023-03-10T19:57:43.692+0000] {dag.py:2585} INFO - Sync 1 DAGs
[2023-03-10T19:57:43.707+0000] {logging_mixin.py:137} INFO - [2023-03-10T19:57:43.707+0000] {dag.py:3340} INFO - Setting next_dagrun for example_kubernetes_executor to None, run_after=None
[2023-03-10T19:57:43.723+0000] {processor.py:176} INFO - Processing /home/airflow/.local/lib/python3.7/site-packages/airflow/example_dags/example_kubernetes_executor.py took 0.081 seconds
[2023-03-10T19:58:14.639+0000] {processor.py:154} INFO - Started process (PID=1005) to work on /home/airflow/.local/lib/python3.7/site-packages/airflow/example_dags/example_kubernetes_executor.py
[2023-03-10T19:58:14.641+0000] {processor.py:756} INFO - Processing file /home/airflow/.local/lib/python3.7/site-packages/airflow/example_dags/example_kubernetes_executor.py for tasks to queue
[2023-03-10T19:58:14.642+0000] {logging_mixin.py:137} INFO - [2023-03-10T19:58:14.642+0000] {dagbag.py:537} INFO - Filling up the DagBag from /home/airflow/.local/lib/python3.7/site-packages/airflow/example_dags/example_kubernetes_executor.py
[2023-03-10T19:58:14.661+0000] {processor.py:766} INFO - DAG(s) dict_keys(['example_kubernetes_executor']) retrieved from /home/airflow/.local/lib/python3.7/site-packages/airflow/example_dags/example_kubernetes_executor.py
[2023-03-10T19:58:14.691+0000] {logging_mixin.py:137} INFO - [2023-03-10T19:58:14.691+0000] {dag.py:2585} INFO - Sync 1 DAGs
[2023-03-10T19:58:14.707+0000] {logging_mixin.py:137} INFO - [2023-03-10T19:58:14.707+0000] {dag.py:3340} INFO - Setting next_dagrun for example_kubernetes_executor to None, run_after=None
[2023-03-10T19:58:14.718+0000] {processor.py:176} INFO - Processing /home/airflow/.local/lib/python3.7/site-packages/airflow/example_dags/example_kubernetes_executor.py took 0.082 seconds
[2023-03-10T19:58:45.210+0000] {processor.py:154} INFO - Started process (PID=1069) to work on /home/airflow/.local/lib/python3.7/site-packages/airflow/example_dags/example_kubernetes_executor.py
[2023-03-10T19:58:45.211+0000] {processor.py:756} INFO - Processing file /home/airflow/.local/lib/python3.7/site-packages/airflow/example_dags/example_kubernetes_executor.py for tasks to queue
[2023-03-10T19:58:45.213+0000] {logging_mixin.py:137} INFO - [2023-03-10T19:58:45.212+0000] {dagbag.py:537} INFO - Filling up the DagBag from /home/airflow/.local/lib/python3.7/site-packages/airflow/example_dags/example_kubernetes_executor.py
[2023-03-10T19:58:45.232+0000] {processor.py:766} INFO - DAG(s) dict_keys(['example_kubernetes_executor']) retrieved from /home/airflow/.local/lib/python3.7/site-packages/airflow/example_dags/example_kubernetes_executor.py
[2023-03-10T19:58:45.259+0000] {logging_mixin.py:137} INFO - [2023-03-10T19:58:45.259+0000] {dag.py:2585} INFO - Sync 1 DAGs
[2023-03-10T19:58:45.273+0000] {logging_mixin.py:137} INFO - [2023-03-10T19:58:45.273+0000] {dag.py:3340} INFO - Setting next_dagrun for example_kubernetes_executor to None, run_after=None
[2023-03-10T19:58:45.288+0000] {processor.py:176} INFO - Processing /home/airflow/.local/lib/python3.7/site-packages/airflow/example_dags/example_kubernetes_executor.py took 0.080 seconds
[2023-03-10T19:59:15.850+0000] {processor.py:154} INFO - Started process (PID=1124) to work on /home/airflow/.local/lib/python3.7/site-packages/airflow/example_dags/example_kubernetes_executor.py
[2023-03-10T19:59:15.852+0000] {processor.py:756} INFO - Processing file /home/airflow/.local/lib/python3.7/site-packages/airflow/example_dags/example_kubernetes_executor.py for tasks to queue
[2023-03-10T19:59:15.853+0000] {logging_mixin.py:137} INFO - [2023-03-10T19:59:15.853+0000] {dagbag.py:537} INFO - Filling up the DagBag from /home/airflow/.local/lib/python3.7/site-packages/airflow/example_dags/example_kubernetes_executor.py
[2023-03-10T19:59:15.871+0000] {processor.py:766} INFO - DAG(s) dict_keys(['example_kubernetes_executor']) retrieved from /home/airflow/.local/lib/python3.7/site-packages/airflow/example_dags/example_kubernetes_executor.py
[2023-03-10T19:59:15.897+0000] {logging_mixin.py:137} INFO - [2023-03-10T19:59:15.897+0000] {dag.py:2585} INFO - Sync 1 DAGs
[2023-03-10T19:59:15.914+0000] {logging_mixin.py:137} INFO - [2023-03-10T19:59:15.914+0000] {dag.py:3340} INFO - Setting next_dagrun for example_kubernetes_executor to None, run_after=None
[2023-03-10T19:59:15.928+0000] {processor.py:176} INFO - Processing /home/airflow/.local/lib/python3.7/site-packages/airflow/example_dags/example_kubernetes_executor.py took 0.080 seconds
[2023-03-10T19:59:46.889+0000] {processor.py:154} INFO - Started process (PID=1188) to work on /home/airflow/.local/lib/python3.7/site-packages/airflow/example_dags/example_kubernetes_executor.py
[2023-03-10T19:59:46.892+0000] {processor.py:756} INFO - Processing file /home/airflow/.local/lib/python3.7/site-packages/airflow/example_dags/example_kubernetes_executor.py for tasks to queue
[2023-03-10T19:59:46.894+0000] {logging_mixin.py:137} INFO - [2023-03-10T19:59:46.894+0000] {dagbag.py:537} INFO - Filling up the DagBag from /home/airflow/.local/lib/python3.7/site-packages/airflow/example_dags/example_kubernetes_executor.py
[2023-03-10T19:59:46.917+0000] {processor.py:766} INFO - DAG(s) dict_keys(['example_kubernetes_executor']) retrieved from /home/airflow/.local/lib/python3.7/site-packages/airflow/example_dags/example_kubernetes_executor.py
[2023-03-10T19:59:46.957+0000] {logging_mixin.py:137} INFO - [2023-03-10T19:59:46.957+0000] {dag.py:2585} INFO - Sync 1 DAGs
[2023-03-10T19:59:46.993+0000] {logging_mixin.py:137} INFO - [2023-03-10T19:59:46.993+0000] {dag.py:3340} INFO - Setting next_dagrun for example_kubernetes_executor to None, run_after=None
[2023-03-10T19:59:47.009+0000] {processor.py:176} INFO - Processing /home/airflow/.local/lib/python3.7/site-packages/airflow/example_dags/example_kubernetes_executor.py took 0.123 seconds
[2023-03-10T20:00:20.404+0000] {processor.py:154} INFO - Started process (PID=1252) to work on /home/airflow/.local/lib/python3.7/site-packages/airflow/example_dags/example_kubernetes_executor.py
[2023-03-10T20:00:20.436+0000] {processor.py:756} INFO - Processing file /home/airflow/.local/lib/python3.7/site-packages/airflow/example_dags/example_kubernetes_executor.py for tasks to queue
[2023-03-10T20:00:20.447+0000] {logging_mixin.py:137} INFO - [2023-03-10T20:00:20.445+0000] {dagbag.py:537} INFO - Filling up the DagBag from /home/airflow/.local/lib/python3.7/site-packages/airflow/example_dags/example_kubernetes_executor.py
[2023-03-10T20:00:20.529+0000] {processor.py:766} INFO - DAG(s) dict_keys(['example_kubernetes_executor']) retrieved from /home/airflow/.local/lib/python3.7/site-packages/airflow/example_dags/example_kubernetes_executor.py
[2023-03-10T20:00:20.662+0000] {logging_mixin.py:137} INFO - [2023-03-10T20:00:20.662+0000] {dag.py:2585} INFO - Sync 1 DAGs
[2023-03-10T20:00:20.717+0000] {logging_mixin.py:137} INFO - [2023-03-10T20:00:20.716+0000] {dag.py:3340} INFO - Setting next_dagrun for example_kubernetes_executor to None, run_after=None
[2023-03-10T20:00:20.785+0000] {processor.py:176} INFO - Processing /home/airflow/.local/lib/python3.7/site-packages/airflow/example_dags/example_kubernetes_executor.py took 0.387 seconds
[2023-03-10T20:00:51.540+0000] {processor.py:154} INFO - Started process (PID=1316) to work on /home/airflow/.local/lib/python3.7/site-packages/airflow/example_dags/example_kubernetes_executor.py
[2023-03-10T20:00:51.542+0000] {processor.py:756} INFO - Processing file /home/airflow/.local/lib/python3.7/site-packages/airflow/example_dags/example_kubernetes_executor.py for tasks to queue
[2023-03-10T20:00:51.544+0000] {logging_mixin.py:137} INFO - [2023-03-10T20:00:51.544+0000] {dagbag.py:537} INFO - Filling up the DagBag from /home/airflow/.local/lib/python3.7/site-packages/airflow/example_dags/example_kubernetes_executor.py
[2023-03-10T20:00:51.571+0000] {processor.py:766} INFO - DAG(s) dict_keys(['example_kubernetes_executor']) retrieved from /home/airflow/.local/lib/python3.7/site-packages/airflow/example_dags/example_kubernetes_executor.py
[2023-03-10T20:00:51.605+0000] {logging_mixin.py:137} INFO - [2023-03-10T20:00:51.605+0000] {dag.py:2585} INFO - Sync 1 DAGs
[2023-03-10T20:00:51.622+0000] {logging_mixin.py:137} INFO - [2023-03-10T20:00:51.622+0000] {dag.py:3340} INFO - Setting next_dagrun for example_kubernetes_executor to None, run_after=None
[2023-03-10T20:00:51.641+0000] {processor.py:176} INFO - Processing /home/airflow/.local/lib/python3.7/site-packages/airflow/example_dags/example_kubernetes_executor.py took 0.106 seconds
[2023-03-10T20:01:22.329+0000] {processor.py:154} INFO - Started process (PID=1380) to work on /home/airflow/.local/lib/python3.7/site-packages/airflow/example_dags/example_kubernetes_executor.py
[2023-03-10T20:01:22.333+0000] {processor.py:756} INFO - Processing file /home/airflow/.local/lib/python3.7/site-packages/airflow/example_dags/example_kubernetes_executor.py for tasks to queue
[2023-03-10T20:01:22.335+0000] {logging_mixin.py:137} INFO - [2023-03-10T20:01:22.335+0000] {dagbag.py:537} INFO - Filling up the DagBag from /home/airflow/.local/lib/python3.7/site-packages/airflow/example_dags/example_kubernetes_executor.py
[2023-03-10T20:01:22.356+0000] {processor.py:766} INFO - DAG(s) dict_keys(['example_kubernetes_executor']) retrieved from /home/airflow/.local/lib/python3.7/site-packages/airflow/example_dags/example_kubernetes_executor.py
[2023-03-10T20:01:22.386+0000] {logging_mixin.py:137} INFO - [2023-03-10T20:01:22.386+0000] {dag.py:2585} INFO - Sync 1 DAGs
[2023-03-10T20:01:22.404+0000] {logging_mixin.py:137} INFO - [2023-03-10T20:01:22.404+0000] {dag.py:3340} INFO - Setting next_dagrun for example_kubernetes_executor to None, run_after=None
[2023-03-10T20:01:22.420+0000] {processor.py:176} INFO - Processing /home/airflow/.local/lib/python3.7/site-packages/airflow/example_dags/example_kubernetes_executor.py took 0.093 seconds
[2023-03-10T20:01:53.146+0000] {processor.py:154} INFO - Started process (PID=1445) to work on /home/airflow/.local/lib/python3.7/site-packages/airflow/example_dags/example_kubernetes_executor.py
[2023-03-10T20:01:53.149+0000] {processor.py:756} INFO - Processing file /home/airflow/.local/lib/python3.7/site-packages/airflow/example_dags/example_kubernetes_executor.py for tasks to queue
[2023-03-10T20:01:53.151+0000] {logging_mixin.py:137} INFO - [2023-03-10T20:01:53.150+0000] {dagbag.py:537} INFO - Filling up the DagBag from /home/airflow/.local/lib/python3.7/site-packages/airflow/example_dags/example_kubernetes_executor.py
[2023-03-10T20:01:53.171+0000] {processor.py:766} INFO - DAG(s) dict_keys(['example_kubernetes_executor']) retrieved from /home/airflow/.local/lib/python3.7/site-packages/airflow/example_dags/example_kubernetes_executor.py
[2023-03-10T20:01:53.201+0000] {logging_mixin.py:137} INFO - [2023-03-10T20:01:53.201+0000] {dag.py:2585} INFO - Sync 1 DAGs
[2023-03-10T20:01:53.218+0000] {logging_mixin.py:137} INFO - [2023-03-10T20:01:53.217+0000] {dag.py:3340} INFO - Setting next_dagrun for example_kubernetes_executor to None, run_after=None
[2023-03-10T20:01:53.233+0000] {processor.py:176} INFO - Processing /home/airflow/.local/lib/python3.7/site-packages/airflow/example_dags/example_kubernetes_executor.py took 0.089 seconds
[2023-03-10T20:02:23.923+0000] {processor.py:154} INFO - Started process (PID=1510) to work on /home/airflow/.local/lib/python3.7/site-packages/airflow/example_dags/example_kubernetes_executor.py
[2023-03-10T20:02:23.926+0000] {processor.py:756} INFO - Processing file /home/airflow/.local/lib/python3.7/site-packages/airflow/example_dags/example_kubernetes_executor.py for tasks to queue
[2023-03-10T20:02:23.927+0000] {logging_mixin.py:137} INFO - [2023-03-10T20:02:23.927+0000] {dagbag.py:537} INFO - Filling up the DagBag from /home/airflow/.local/lib/python3.7/site-packages/airflow/example_dags/example_kubernetes_executor.py
[2023-03-10T20:02:23.951+0000] {processor.py:766} INFO - DAG(s) dict_keys(['example_kubernetes_executor']) retrieved from /home/airflow/.local/lib/python3.7/site-packages/airflow/example_dags/example_kubernetes_executor.py
[2023-03-10T20:02:23.976+0000] {logging_mixin.py:137} INFO - [2023-03-10T20:02:23.976+0000] {dag.py:2585} INFO - Sync 1 DAGs
[2023-03-10T20:02:23.990+0000] {logging_mixin.py:137} INFO - [2023-03-10T20:02:23.990+0000] {dag.py:3340} INFO - Setting next_dagrun for example_kubernetes_executor to None, run_after=None
[2023-03-10T20:02:24.002+0000] {processor.py:176} INFO - Processing /home/airflow/.local/lib/python3.7/site-packages/airflow/example_dags/example_kubernetes_executor.py took 0.083 seconds
[2023-03-10T20:02:54.540+0000] {processor.py:154} INFO - Started process (PID=1564) to work on /home/airflow/.local/lib/python3.7/site-packages/airflow/example_dags/example_kubernetes_executor.py
[2023-03-10T20:02:54.543+0000] {processor.py:756} INFO - Processing file /home/airflow/.local/lib/python3.7/site-packages/airflow/example_dags/example_kubernetes_executor.py for tasks to queue
[2023-03-10T20:02:54.547+0000] {logging_mixin.py:137} INFO - [2023-03-10T20:02:54.547+0000] {dagbag.py:537} INFO - Filling up the DagBag from /home/airflow/.local/lib/python3.7/site-packages/airflow/example_dags/example_kubernetes_executor.py
[2023-03-10T20:02:54.571+0000] {processor.py:766} INFO - DAG(s) dict_keys(['example_kubernetes_executor']) retrieved from /home/airflow/.local/lib/python3.7/site-packages/airflow/example_dags/example_kubernetes_executor.py
[2023-03-10T20:02:54.603+0000] {logging_mixin.py:137} INFO - [2023-03-10T20:02:54.602+0000] {dag.py:2585} INFO - Sync 1 DAGs
[2023-03-10T20:02:54.634+0000] {logging_mixin.py:137} INFO - [2023-03-10T20:02:54.634+0000] {dag.py:3340} INFO - Setting next_dagrun for example_kubernetes_executor to None, run_after=None
[2023-03-10T20:02:54.655+0000] {processor.py:176} INFO - Processing /home/airflow/.local/lib/python3.7/site-packages/airflow/example_dags/example_kubernetes_executor.py took 0.120 seconds
[2023-03-10T20:03:25.462+0000] {processor.py:154} INFO - Started process (PID=1626) to work on /home/airflow/.local/lib/python3.7/site-packages/airflow/example_dags/example_kubernetes_executor.py
[2023-03-10T20:03:25.465+0000] {processor.py:756} INFO - Processing file /home/airflow/.local/lib/python3.7/site-packages/airflow/example_dags/example_kubernetes_executor.py for tasks to queue
[2023-03-10T20:03:25.466+0000] {logging_mixin.py:137} INFO - [2023-03-10T20:03:25.466+0000] {dagbag.py:537} INFO - Filling up the DagBag from /home/airflow/.local/lib/python3.7/site-packages/airflow/example_dags/example_kubernetes_executor.py
[2023-03-10T20:03:25.489+0000] {processor.py:766} INFO - DAG(s) dict_keys(['example_kubernetes_executor']) retrieved from /home/airflow/.local/lib/python3.7/site-packages/airflow/example_dags/example_kubernetes_executor.py
[2023-03-10T20:03:25.516+0000] {logging_mixin.py:137} INFO - [2023-03-10T20:03:25.516+0000] {dag.py:2585} INFO - Sync 1 DAGs
[2023-03-10T20:03:25.531+0000] {logging_mixin.py:137} INFO - [2023-03-10T20:03:25.531+0000] {dag.py:3340} INFO - Setting next_dagrun for example_kubernetes_executor to None, run_after=None
[2023-03-10T20:03:25.545+0000] {processor.py:176} INFO - Processing /home/airflow/.local/lib/python3.7/site-packages/airflow/example_dags/example_kubernetes_executor.py took 0.088 seconds
[2023-03-10T20:03:56.155+0000] {processor.py:154} INFO - Started process (PID=1690) to work on /home/airflow/.local/lib/python3.7/site-packages/airflow/example_dags/example_kubernetes_executor.py
[2023-03-10T20:03:56.161+0000] {processor.py:756} INFO - Processing file /home/airflow/.local/lib/python3.7/site-packages/airflow/example_dags/example_kubernetes_executor.py for tasks to queue
[2023-03-10T20:03:56.163+0000] {logging_mixin.py:137} INFO - [2023-03-10T20:03:56.163+0000] {dagbag.py:537} INFO - Filling up the DagBag from /home/airflow/.local/lib/python3.7/site-packages/airflow/example_dags/example_kubernetes_executor.py
[2023-03-10T20:03:56.192+0000] {processor.py:766} INFO - DAG(s) dict_keys(['example_kubernetes_executor']) retrieved from /home/airflow/.local/lib/python3.7/site-packages/airflow/example_dags/example_kubernetes_executor.py
[2023-03-10T20:03:56.235+0000] {logging_mixin.py:137} INFO - [2023-03-10T20:03:56.235+0000] {dag.py:2585} INFO - Sync 1 DAGs
[2023-03-10T20:03:56.255+0000] {logging_mixin.py:137} INFO - [2023-03-10T20:03:56.255+0000] {dag.py:3340} INFO - Setting next_dagrun for example_kubernetes_executor to None, run_after=None
[2023-03-10T20:03:56.272+0000] {processor.py:176} INFO - Processing /home/airflow/.local/lib/python3.7/site-packages/airflow/example_dags/example_kubernetes_executor.py took 0.120 seconds
[2023-03-10T20:04:26.972+0000] {processor.py:154} INFO - Started process (PID=1753) to work on /home/airflow/.local/lib/python3.7/site-packages/airflow/example_dags/example_kubernetes_executor.py
[2023-03-10T20:04:26.976+0000] {processor.py:756} INFO - Processing file /home/airflow/.local/lib/python3.7/site-packages/airflow/example_dags/example_kubernetes_executor.py for tasks to queue
[2023-03-10T20:04:26.978+0000] {logging_mixin.py:137} INFO - [2023-03-10T20:04:26.978+0000] {dagbag.py:537} INFO - Filling up the DagBag from /home/airflow/.local/lib/python3.7/site-packages/airflow/example_dags/example_kubernetes_executor.py
[2023-03-10T20:04:27.001+0000] {processor.py:766} INFO - DAG(s) dict_keys(['example_kubernetes_executor']) retrieved from /home/airflow/.local/lib/python3.7/site-packages/airflow/example_dags/example_kubernetes_executor.py
[2023-03-10T20:04:27.043+0000] {logging_mixin.py:137} INFO - [2023-03-10T20:04:27.043+0000] {dag.py:2585} INFO - Sync 1 DAGs
[2023-03-10T20:04:27.069+0000] {logging_mixin.py:137} INFO - [2023-03-10T20:04:27.069+0000] {dag.py:3340} INFO - Setting next_dagrun for example_kubernetes_executor to None, run_after=None
[2023-03-10T20:04:27.090+0000] {processor.py:176} INFO - Processing /home/airflow/.local/lib/python3.7/site-packages/airflow/example_dags/example_kubernetes_executor.py took 0.121 seconds
[2023-03-10T20:04:57.609+0000] {processor.py:154} INFO - Started process (PID=1817) to work on /home/airflow/.local/lib/python3.7/site-packages/airflow/example_dags/example_kubernetes_executor.py
[2023-03-10T20:04:57.612+0000] {processor.py:756} INFO - Processing file /home/airflow/.local/lib/python3.7/site-packages/airflow/example_dags/example_kubernetes_executor.py for tasks to queue
[2023-03-10T20:04:57.613+0000] {logging_mixin.py:137} INFO - [2023-03-10T20:04:57.613+0000] {dagbag.py:537} INFO - Filling up the DagBag from /home/airflow/.local/lib/python3.7/site-packages/airflow/example_dags/example_kubernetes_executor.py
[2023-03-10T20:04:57.631+0000] {processor.py:766} INFO - DAG(s) dict_keys(['example_kubernetes_executor']) retrieved from /home/airflow/.local/lib/python3.7/site-packages/airflow/example_dags/example_kubernetes_executor.py
[2023-03-10T20:04:57.658+0000] {logging_mixin.py:137} INFO - [2023-03-10T20:04:57.658+0000] {dag.py:2585} INFO - Sync 1 DAGs
[2023-03-10T20:04:57.673+0000] {logging_mixin.py:137} INFO - [2023-03-10T20:04:57.673+0000] {dag.py:3340} INFO - Setting next_dagrun for example_kubernetes_executor to None, run_after=None
[2023-03-10T20:04:57.716+0000] {processor.py:176} INFO - Processing /home/airflow/.local/lib/python3.7/site-packages/airflow/example_dags/example_kubernetes_executor.py took 0.109 seconds
[2023-03-10T20:05:28.626+0000] {processor.py:154} INFO - Started process (PID=1881) to work on /home/airflow/.local/lib/python3.7/site-packages/airflow/example_dags/example_kubernetes_executor.py
[2023-03-10T20:05:28.629+0000] {processor.py:756} INFO - Processing file /home/airflow/.local/lib/python3.7/site-packages/airflow/example_dags/example_kubernetes_executor.py for tasks to queue
[2023-03-10T20:05:28.630+0000] {logging_mixin.py:137} INFO - [2023-03-10T20:05:28.630+0000] {dagbag.py:537} INFO - Filling up the DagBag from /home/airflow/.local/lib/python3.7/site-packages/airflow/example_dags/example_kubernetes_executor.py
[2023-03-10T20:05:28.652+0000] {processor.py:766} INFO - DAG(s) dict_keys(['example_kubernetes_executor']) retrieved from /home/airflow/.local/lib/python3.7/site-packages/airflow/example_dags/example_kubernetes_executor.py
[2023-03-10T20:05:28.677+0000] {logging_mixin.py:137} INFO - [2023-03-10T20:05:28.677+0000] {dag.py:2585} INFO - Sync 1 DAGs
[2023-03-10T20:05:28.694+0000] {logging_mixin.py:137} INFO - [2023-03-10T20:05:28.694+0000] {dag.py:3340} INFO - Setting next_dagrun for example_kubernetes_executor to None, run_after=None
[2023-03-10T20:05:28.706+0000] {processor.py:176} INFO - Processing /home/airflow/.local/lib/python3.7/site-packages/airflow/example_dags/example_kubernetes_executor.py took 0.084 seconds
[2023-03-10T20:05:59.357+0000] {processor.py:154} INFO - Started process (PID=1942) to work on /home/airflow/.local/lib/python3.7/site-packages/airflow/example_dags/example_kubernetes_executor.py
[2023-03-10T20:05:59.359+0000] {processor.py:756} INFO - Processing file /home/airflow/.local/lib/python3.7/site-packages/airflow/example_dags/example_kubernetes_executor.py for tasks to queue
[2023-03-10T20:05:59.361+0000] {logging_mixin.py:137} INFO - [2023-03-10T20:05:59.361+0000] {dagbag.py:537} INFO - Filling up the DagBag from /home/airflow/.local/lib/python3.7/site-packages/airflow/example_dags/example_kubernetes_executor.py
[2023-03-10T20:05:59.382+0000] {processor.py:766} INFO - DAG(s) dict_keys(['example_kubernetes_executor']) retrieved from /home/airflow/.local/lib/python3.7/site-packages/airflow/example_dags/example_kubernetes_executor.py
[2023-03-10T20:05:59.410+0000] {logging_mixin.py:137} INFO - [2023-03-10T20:05:59.410+0000] {dag.py:2585} INFO - Sync 1 DAGs
[2023-03-10T20:05:59.431+0000] {logging_mixin.py:137} INFO - [2023-03-10T20:05:59.431+0000] {dag.py:3340} INFO - Setting next_dagrun for example_kubernetes_executor to None, run_after=None
[2023-03-10T20:05:59.453+0000] {processor.py:176} INFO - Processing /home/airflow/.local/lib/python3.7/site-packages/airflow/example_dags/example_kubernetes_executor.py took 0.106 seconds
[2023-03-10T20:06:29.773+0000] {processor.py:154} INFO - Started process (PID=2000) to work on /home/airflow/.local/lib/python3.7/site-packages/airflow/example_dags/example_kubernetes_executor.py
[2023-03-10T20:06:29.775+0000] {processor.py:756} INFO - Processing file /home/airflow/.local/lib/python3.7/site-packages/airflow/example_dags/example_kubernetes_executor.py for tasks to queue
[2023-03-10T20:06:29.778+0000] {logging_mixin.py:137} INFO - [2023-03-10T20:06:29.778+0000] {dagbag.py:537} INFO - Filling up the DagBag from /home/airflow/.local/lib/python3.7/site-packages/airflow/example_dags/example_kubernetes_executor.py
[2023-03-10T20:06:29.799+0000] {processor.py:766} INFO - DAG(s) dict_keys(['example_kubernetes_executor']) retrieved from /home/airflow/.local/lib/python3.7/site-packages/airflow/example_dags/example_kubernetes_executor.py
[2023-03-10T20:06:29.823+0000] {logging_mixin.py:137} INFO - [2023-03-10T20:06:29.823+0000] {dag.py:2585} INFO - Sync 1 DAGs
[2023-03-10T20:06:29.837+0000] {logging_mixin.py:137} INFO - [2023-03-10T20:06:29.836+0000] {dag.py:3340} INFO - Setting next_dagrun for example_kubernetes_executor to None, run_after=None
[2023-03-10T20:06:29.848+0000] {processor.py:176} INFO - Processing /home/airflow/.local/lib/python3.7/site-packages/airflow/example_dags/example_kubernetes_executor.py took 0.079 seconds
[2023-03-10T20:07:00.634+0000] {processor.py:154} INFO - Started process (PID=2064) to work on /home/airflow/.local/lib/python3.7/site-packages/airflow/example_dags/example_kubernetes_executor.py
[2023-03-10T20:07:00.636+0000] {processor.py:756} INFO - Processing file /home/airflow/.local/lib/python3.7/site-packages/airflow/example_dags/example_kubernetes_executor.py for tasks to queue
[2023-03-10T20:07:00.637+0000] {logging_mixin.py:137} INFO - [2023-03-10T20:07:00.637+0000] {dagbag.py:537} INFO - Filling up the DagBag from /home/airflow/.local/lib/python3.7/site-packages/airflow/example_dags/example_kubernetes_executor.py
[2023-03-10T20:07:00.658+0000] {processor.py:766} INFO - DAG(s) dict_keys(['example_kubernetes_executor']) retrieved from /home/airflow/.local/lib/python3.7/site-packages/airflow/example_dags/example_kubernetes_executor.py
[2023-03-10T20:07:00.696+0000] {logging_mixin.py:137} INFO - [2023-03-10T20:07:00.696+0000] {dag.py:2585} INFO - Sync 1 DAGs
[2023-03-10T20:07:00.717+0000] {logging_mixin.py:137} INFO - [2023-03-10T20:07:00.717+0000] {dag.py:3340} INFO - Setting next_dagrun for example_kubernetes_executor to None, run_after=None
[2023-03-10T20:07:00.731+0000] {processor.py:176} INFO - Processing /home/airflow/.local/lib/python3.7/site-packages/airflow/example_dags/example_kubernetes_executor.py took 0.100 seconds
[2023-03-10T20:07:31.283+0000] {processor.py:154} INFO - Started process (PID=2127) to work on /home/airflow/.local/lib/python3.7/site-packages/airflow/example_dags/example_kubernetes_executor.py
[2023-03-10T20:07:31.285+0000] {processor.py:756} INFO - Processing file /home/airflow/.local/lib/python3.7/site-packages/airflow/example_dags/example_kubernetes_executor.py for tasks to queue
[2023-03-10T20:07:31.288+0000] {logging_mixin.py:137} INFO - [2023-03-10T20:07:31.288+0000] {dagbag.py:537} INFO - Filling up the DagBag from /home/airflow/.local/lib/python3.7/site-packages/airflow/example_dags/example_kubernetes_executor.py
[2023-03-10T20:07:31.309+0000] {processor.py:766} INFO - DAG(s) dict_keys(['example_kubernetes_executor']) retrieved from /home/airflow/.local/lib/python3.7/site-packages/airflow/example_dags/example_kubernetes_executor.py
[2023-03-10T20:07:31.339+0000] {logging_mixin.py:137} INFO - [2023-03-10T20:07:31.338+0000] {dag.py:2585} INFO - Sync 1 DAGs
[2023-03-10T20:07:31.355+0000] {logging_mixin.py:137} INFO - [2023-03-10T20:07:31.355+0000] {dag.py:3340} INFO - Setting next_dagrun for example_kubernetes_executor to None, run_after=None
[2023-03-10T20:07:31.367+0000] {processor.py:176} INFO - Processing /home/airflow/.local/lib/python3.7/site-packages/airflow/example_dags/example_kubernetes_executor.py took 0.088 seconds
[2023-03-10T20:08:01.849+0000] {processor.py:154} INFO - Started process (PID=2191) to work on /home/airflow/.local/lib/python3.7/site-packages/airflow/example_dags/example_kubernetes_executor.py
[2023-03-10T20:08:01.851+0000] {processor.py:756} INFO - Processing file /home/airflow/.local/lib/python3.7/site-packages/airflow/example_dags/example_kubernetes_executor.py for tasks to queue
[2023-03-10T20:08:01.852+0000] {logging_mixin.py:137} INFO - [2023-03-10T20:08:01.852+0000] {dagbag.py:537} INFO - Filling up the DagBag from /home/airflow/.local/lib/python3.7/site-packages/airflow/example_dags/example_kubernetes_executor.py
[2023-03-10T20:08:01.871+0000] {processor.py:766} INFO - DAG(s) dict_keys(['example_kubernetes_executor']) retrieved from /home/airflow/.local/lib/python3.7/site-packages/airflow/example_dags/example_kubernetes_executor.py
[2023-03-10T20:08:01.896+0000] {logging_mixin.py:137} INFO - [2023-03-10T20:08:01.896+0000] {dag.py:2585} INFO - Sync 1 DAGs
[2023-03-10T20:08:01.912+0000] {logging_mixin.py:137} INFO - [2023-03-10T20:08:01.912+0000] {dag.py:3340} INFO - Setting next_dagrun for example_kubernetes_executor to None, run_after=None
[2023-03-10T20:08:01.926+0000] {processor.py:176} INFO - Processing /home/airflow/.local/lib/python3.7/site-packages/airflow/example_dags/example_kubernetes_executor.py took 0.080 seconds
[2023-03-10T20:08:32.517+0000] {processor.py:154} INFO - Started process (PID=2255) to work on /home/airflow/.local/lib/python3.7/site-packages/airflow/example_dags/example_kubernetes_executor.py
[2023-03-10T20:08:32.519+0000] {processor.py:756} INFO - Processing file /home/airflow/.local/lib/python3.7/site-packages/airflow/example_dags/example_kubernetes_executor.py for tasks to queue
[2023-03-10T20:08:32.521+0000] {logging_mixin.py:137} INFO - [2023-03-10T20:08:32.521+0000] {dagbag.py:537} INFO - Filling up the DagBag from /home/airflow/.local/lib/python3.7/site-packages/airflow/example_dags/example_kubernetes_executor.py
[2023-03-10T20:08:32.549+0000] {processor.py:766} INFO - DAG(s) dict_keys(['example_kubernetes_executor']) retrieved from /home/airflow/.local/lib/python3.7/site-packages/airflow/example_dags/example_kubernetes_executor.py
[2023-03-10T20:08:32.581+0000] {logging_mixin.py:137} INFO - [2023-03-10T20:08:32.581+0000] {dag.py:2585} INFO - Sync 1 DAGs
[2023-03-10T20:08:32.597+0000] {logging_mixin.py:137} INFO - [2023-03-10T20:08:32.597+0000] {dag.py:3340} INFO - Setting next_dagrun for example_kubernetes_executor to None, run_after=None
[2023-03-10T20:08:32.612+0000] {processor.py:176} INFO - Processing /home/airflow/.local/lib/python3.7/site-packages/airflow/example_dags/example_kubernetes_executor.py took 0.100 seconds
[2023-03-10T20:09:03.096+0000] {processor.py:154} INFO - Started process (PID=2310) to work on /home/airflow/.local/lib/python3.7/site-packages/airflow/example_dags/example_kubernetes_executor.py
[2023-03-10T20:09:03.099+0000] {processor.py:756} INFO - Processing file /home/airflow/.local/lib/python3.7/site-packages/airflow/example_dags/example_kubernetes_executor.py for tasks to queue
[2023-03-10T20:09:03.103+0000] {logging_mixin.py:137} INFO - [2023-03-10T20:09:03.103+0000] {dagbag.py:537} INFO - Filling up the DagBag from /home/airflow/.local/lib/python3.7/site-packages/airflow/example_dags/example_kubernetes_executor.py
[2023-03-10T20:09:03.124+0000] {processor.py:766} INFO - DAG(s) dict_keys(['example_kubernetes_executor']) retrieved from /home/airflow/.local/lib/python3.7/site-packages/airflow/example_dags/example_kubernetes_executor.py
[2023-03-10T20:09:03.149+0000] {logging_mixin.py:137} INFO - [2023-03-10T20:09:03.149+0000] {dag.py:2585} INFO - Sync 1 DAGs
[2023-03-10T20:09:03.168+0000] {logging_mixin.py:137} INFO - [2023-03-10T20:09:03.168+0000] {dag.py:3340} INFO - Setting next_dagrun for example_kubernetes_executor to None, run_after=None
[2023-03-10T20:09:03.182+0000] {processor.py:176} INFO - Processing /home/airflow/.local/lib/python3.7/site-packages/airflow/example_dags/example_kubernetes_executor.py took 0.090 seconds
[2023-03-10T20:09:34.096+0000] {processor.py:154} INFO - Started process (PID=2373) to work on /home/airflow/.local/lib/python3.7/site-packages/airflow/example_dags/example_kubernetes_executor.py
[2023-03-10T20:09:34.098+0000] {processor.py:756} INFO - Processing file /home/airflow/.local/lib/python3.7/site-packages/airflow/example_dags/example_kubernetes_executor.py for tasks to queue
[2023-03-10T20:09:34.102+0000] {logging_mixin.py:137} INFO - [2023-03-10T20:09:34.102+0000] {dagbag.py:537} INFO - Filling up the DagBag from /home/airflow/.local/lib/python3.7/site-packages/airflow/example_dags/example_kubernetes_executor.py
[2023-03-10T20:09:34.122+0000] {processor.py:766} INFO - DAG(s) dict_keys(['example_kubernetes_executor']) retrieved from /home/airflow/.local/lib/python3.7/site-packages/airflow/example_dags/example_kubernetes_executor.py
[2023-03-10T20:09:34.150+0000] {logging_mixin.py:137} INFO - [2023-03-10T20:09:34.150+0000] {dag.py:2585} INFO - Sync 1 DAGs
[2023-03-10T20:09:34.167+0000] {logging_mixin.py:137} INFO - [2023-03-10T20:09:34.167+0000] {dag.py:3340} INFO - Setting next_dagrun for example_kubernetes_executor to None, run_after=None
[2023-03-10T20:09:34.178+0000] {processor.py:176} INFO - Processing /home/airflow/.local/lib/python3.7/site-packages/airflow/example_dags/example_kubernetes_executor.py took 0.085 seconds
[2023-03-10T20:10:04.935+0000] {processor.py:154} INFO - Started process (PID=2438) to work on /home/airflow/.local/lib/python3.7/site-packages/airflow/example_dags/example_kubernetes_executor.py
[2023-03-10T20:10:04.937+0000] {processor.py:756} INFO - Processing file /home/airflow/.local/lib/python3.7/site-packages/airflow/example_dags/example_kubernetes_executor.py for tasks to queue
[2023-03-10T20:10:04.939+0000] {logging_mixin.py:137} INFO - [2023-03-10T20:10:04.938+0000] {dagbag.py:537} INFO - Filling up the DagBag from /home/airflow/.local/lib/python3.7/site-packages/airflow/example_dags/example_kubernetes_executor.py
[2023-03-10T20:10:04.959+0000] {processor.py:766} INFO - DAG(s) dict_keys(['example_kubernetes_executor']) retrieved from /home/airflow/.local/lib/python3.7/site-packages/airflow/example_dags/example_kubernetes_executor.py
[2023-03-10T20:10:04.984+0000] {logging_mixin.py:137} INFO - [2023-03-10T20:10:04.984+0000] {dag.py:2585} INFO - Sync 1 DAGs
[2023-03-10T20:10:04.998+0000] {logging_mixin.py:137} INFO - [2023-03-10T20:10:04.998+0000] {dag.py:3340} INFO - Setting next_dagrun for example_kubernetes_executor to None, run_after=None
[2023-03-10T20:10:05.010+0000] {processor.py:176} INFO - Processing /home/airflow/.local/lib/python3.7/site-packages/airflow/example_dags/example_kubernetes_executor.py took 0.079 seconds
[2023-03-10T20:10:35.404+0000] {processor.py:154} INFO - Started process (PID=2502) to work on /home/airflow/.local/lib/python3.7/site-packages/airflow/example_dags/example_kubernetes_executor.py
[2023-03-10T20:10:35.407+0000] {processor.py:756} INFO - Processing file /home/airflow/.local/lib/python3.7/site-packages/airflow/example_dags/example_kubernetes_executor.py for tasks to queue
[2023-03-10T20:10:35.409+0000] {logging_mixin.py:137} INFO - [2023-03-10T20:10:35.409+0000] {dagbag.py:537} INFO - Filling up the DagBag from /home/airflow/.local/lib/python3.7/site-packages/airflow/example_dags/example_kubernetes_executor.py
[2023-03-10T20:10:35.429+0000] {processor.py:766} INFO - DAG(s) dict_keys(['example_kubernetes_executor']) retrieved from /home/airflow/.local/lib/python3.7/site-packages/airflow/example_dags/example_kubernetes_executor.py
[2023-03-10T20:10:35.455+0000] {logging_mixin.py:137} INFO - [2023-03-10T20:10:35.455+0000] {dag.py:2585} INFO - Sync 1 DAGs
[2023-03-10T20:10:35.470+0000] {logging_mixin.py:137} INFO - [2023-03-10T20:10:35.470+0000] {dag.py:3340} INFO - Setting next_dagrun for example_kubernetes_executor to None, run_after=None
[2023-03-10T20:10:35.482+0000] {processor.py:176} INFO - Processing /home/airflow/.local/lib/python3.7/site-packages/airflow/example_dags/example_kubernetes_executor.py took 0.081 seconds
[2023-03-10T20:11:05.984+0000] {processor.py:154} INFO - Started process (PID=2565) to work on /home/airflow/.local/lib/python3.7/site-packages/airflow/example_dags/example_kubernetes_executor.py
[2023-03-10T20:11:05.988+0000] {processor.py:756} INFO - Processing file /home/airflow/.local/lib/python3.7/site-packages/airflow/example_dags/example_kubernetes_executor.py for tasks to queue
[2023-03-10T20:11:05.991+0000] {logging_mixin.py:137} INFO - [2023-03-10T20:11:05.991+0000] {dagbag.py:537} INFO - Filling up the DagBag from /home/airflow/.local/lib/python3.7/site-packages/airflow/example_dags/example_kubernetes_executor.py
[2023-03-10T20:11:06.018+0000] {processor.py:766} INFO - DAG(s) dict_keys(['example_kubernetes_executor']) retrieved from /home/airflow/.local/lib/python3.7/site-packages/airflow/example_dags/example_kubernetes_executor.py
[2023-03-10T20:11:06.046+0000] {logging_mixin.py:137} INFO - [2023-03-10T20:11:06.045+0000] {dag.py:2585} INFO - Sync 1 DAGs
[2023-03-10T20:11:06.060+0000] {logging_mixin.py:137} INFO - [2023-03-10T20:11:06.060+0000] {dag.py:3340} INFO - Setting next_dagrun for example_kubernetes_executor to None, run_after=None
[2023-03-10T20:11:06.071+0000] {processor.py:176} INFO - Processing /home/airflow/.local/lib/python3.7/site-packages/airflow/example_dags/example_kubernetes_executor.py took 0.092 seconds
[2023-03-10T20:11:36.576+0000] {processor.py:154} INFO - Started process (PID=2620) to work on /home/airflow/.local/lib/python3.7/site-packages/airflow/example_dags/example_kubernetes_executor.py
[2023-03-10T20:11:36.578+0000] {processor.py:756} INFO - Processing file /home/airflow/.local/lib/python3.7/site-packages/airflow/example_dags/example_kubernetes_executor.py for tasks to queue
[2023-03-10T20:11:36.581+0000] {logging_mixin.py:137} INFO - [2023-03-10T20:11:36.581+0000] {dagbag.py:537} INFO - Filling up the DagBag from /home/airflow/.local/lib/python3.7/site-packages/airflow/example_dags/example_kubernetes_executor.py
[2023-03-10T20:11:36.612+0000] {processor.py:766} INFO - DAG(s) dict_keys(['example_kubernetes_executor']) retrieved from /home/airflow/.local/lib/python3.7/site-packages/airflow/example_dags/example_kubernetes_executor.py
[2023-03-10T20:11:36.647+0000] {logging_mixin.py:137} INFO - [2023-03-10T20:11:36.647+0000] {dag.py:2585} INFO - Sync 1 DAGs
[2023-03-10T20:11:36.669+0000] {logging_mixin.py:137} INFO - [2023-03-10T20:11:36.669+0000] {dag.py:3340} INFO - Setting next_dagrun for example_kubernetes_executor to None, run_after=None
[2023-03-10T20:11:36.686+0000] {processor.py:176} INFO - Processing /home/airflow/.local/lib/python3.7/site-packages/airflow/example_dags/example_kubernetes_executor.py took 0.114 seconds
[2023-03-10T20:12:07.291+0000] {processor.py:154} INFO - Started process (PID=2682) to work on /home/airflow/.local/lib/python3.7/site-packages/airflow/example_dags/example_kubernetes_executor.py
[2023-03-10T20:12:07.294+0000] {processor.py:756} INFO - Processing file /home/airflow/.local/lib/python3.7/site-packages/airflow/example_dags/example_kubernetes_executor.py for tasks to queue
[2023-03-10T20:12:07.297+0000] {logging_mixin.py:137} INFO - [2023-03-10T20:12:07.296+0000] {dagbag.py:537} INFO - Filling up the DagBag from /home/airflow/.local/lib/python3.7/site-packages/airflow/example_dags/example_kubernetes_executor.py
[2023-03-10T20:12:07.320+0000] {processor.py:766} INFO - DAG(s) dict_keys(['example_kubernetes_executor']) retrieved from /home/airflow/.local/lib/python3.7/site-packages/airflow/example_dags/example_kubernetes_executor.py
[2023-03-10T20:12:07.345+0000] {logging_mixin.py:137} INFO - [2023-03-10T20:12:07.345+0000] {dag.py:2585} INFO - Sync 1 DAGs
[2023-03-10T20:12:07.359+0000] {logging_mixin.py:137} INFO - [2023-03-10T20:12:07.359+0000] {dag.py:3340} INFO - Setting next_dagrun for example_kubernetes_executor to None, run_after=None
[2023-03-10T20:12:07.370+0000] {processor.py:176} INFO - Processing /home/airflow/.local/lib/python3.7/site-packages/airflow/example_dags/example_kubernetes_executor.py took 0.083 seconds
[2023-03-10T20:12:37.909+0000] {processor.py:154} INFO - Started process (PID=2746) to work on /home/airflow/.local/lib/python3.7/site-packages/airflow/example_dags/example_kubernetes_executor.py
[2023-03-10T20:12:37.912+0000] {processor.py:756} INFO - Processing file /home/airflow/.local/lib/python3.7/site-packages/airflow/example_dags/example_kubernetes_executor.py for tasks to queue
[2023-03-10T20:12:37.914+0000] {logging_mixin.py:137} INFO - [2023-03-10T20:12:37.913+0000] {dagbag.py:537} INFO - Filling up the DagBag from /home/airflow/.local/lib/python3.7/site-packages/airflow/example_dags/example_kubernetes_executor.py
[2023-03-10T20:12:37.940+0000] {processor.py:766} INFO - DAG(s) dict_keys(['example_kubernetes_executor']) retrieved from /home/airflow/.local/lib/python3.7/site-packages/airflow/example_dags/example_kubernetes_executor.py
[2023-03-10T20:12:37.969+0000] {logging_mixin.py:137} INFO - [2023-03-10T20:12:37.969+0000] {dag.py:2585} INFO - Sync 1 DAGs
[2023-03-10T20:12:37.983+0000] {logging_mixin.py:137} INFO - [2023-03-10T20:12:37.983+0000] {dag.py:3340} INFO - Setting next_dagrun for example_kubernetes_executor to None, run_after=None
[2023-03-10T20:12:37.996+0000] {processor.py:176} INFO - Processing /home/airflow/.local/lib/python3.7/site-packages/airflow/example_dags/example_kubernetes_executor.py took 0.092 seconds
[2023-03-10T20:13:08.815+0000] {processor.py:154} INFO - Started process (PID=2809) to work on /home/airflow/.local/lib/python3.7/site-packages/airflow/example_dags/example_kubernetes_executor.py
[2023-03-10T20:13:08.818+0000] {processor.py:756} INFO - Processing file /home/airflow/.local/lib/python3.7/site-packages/airflow/example_dags/example_kubernetes_executor.py for tasks to queue
[2023-03-10T20:13:08.821+0000] {logging_mixin.py:137} INFO - [2023-03-10T20:13:08.820+0000] {dagbag.py:537} INFO - Filling up the DagBag from /home/airflow/.local/lib/python3.7/site-packages/airflow/example_dags/example_kubernetes_executor.py
[2023-03-10T20:13:08.847+0000] {processor.py:766} INFO - DAG(s) dict_keys(['example_kubernetes_executor']) retrieved from /home/airflow/.local/lib/python3.7/site-packages/airflow/example_dags/example_kubernetes_executor.py
[2023-03-10T20:13:08.880+0000] {logging_mixin.py:137} INFO - [2023-03-10T20:13:08.880+0000] {dag.py:2585} INFO - Sync 1 DAGs
[2023-03-10T20:13:08.897+0000] {logging_mixin.py:137} INFO - [2023-03-10T20:13:08.897+0000] {dag.py:3340} INFO - Setting next_dagrun for example_kubernetes_executor to None, run_after=None
[2023-03-10T20:13:08.911+0000] {processor.py:176} INFO - Processing /home/airflow/.local/lib/python3.7/site-packages/airflow/example_dags/example_kubernetes_executor.py took 0.101 seconds
[2023-03-10T20:13:39.303+0000] {processor.py:154} INFO - Started process (PID=2873) to work on /home/airflow/.local/lib/python3.7/site-packages/airflow/example_dags/example_kubernetes_executor.py
[2023-03-10T20:13:39.305+0000] {processor.py:756} INFO - Processing file /home/airflow/.local/lib/python3.7/site-packages/airflow/example_dags/example_kubernetes_executor.py for tasks to queue
[2023-03-10T20:13:39.307+0000] {logging_mixin.py:137} INFO - [2023-03-10T20:13:39.307+0000] {dagbag.py:537} INFO - Filling up the DagBag from /home/airflow/.local/lib/python3.7/site-packages/airflow/example_dags/example_kubernetes_executor.py
[2023-03-10T20:13:39.333+0000] {processor.py:766} INFO - DAG(s) dict_keys(['example_kubernetes_executor']) retrieved from /home/airflow/.local/lib/python3.7/site-packages/airflow/example_dags/example_kubernetes_executor.py
[2023-03-10T20:13:39.369+0000] {logging_mixin.py:137} INFO - [2023-03-10T20:13:39.369+0000] {dag.py:2585} INFO - Sync 1 DAGs
[2023-03-10T20:13:39.387+0000] {logging_mixin.py:137} INFO - [2023-03-10T20:13:39.386+0000] {dag.py:3340} INFO - Setting next_dagrun for example_kubernetes_executor to None, run_after=None
[2023-03-10T20:13:39.400+0000] {processor.py:176} INFO - Processing /home/airflow/.local/lib/python3.7/site-packages/airflow/example_dags/example_kubernetes_executor.py took 0.099 seconds
[2023-03-10T20:14:10.241+0000] {processor.py:154} INFO - Started process (PID=2937) to work on /home/airflow/.local/lib/python3.7/site-packages/airflow/example_dags/example_kubernetes_executor.py
[2023-03-10T20:14:10.242+0000] {processor.py:756} INFO - Processing file /home/airflow/.local/lib/python3.7/site-packages/airflow/example_dags/example_kubernetes_executor.py for tasks to queue
[2023-03-10T20:14:10.244+0000] {logging_mixin.py:137} INFO - [2023-03-10T20:14:10.243+0000] {dagbag.py:537} INFO - Filling up the DagBag from /home/airflow/.local/lib/python3.7/site-packages/airflow/example_dags/example_kubernetes_executor.py
[2023-03-10T20:14:10.263+0000] {processor.py:766} INFO - DAG(s) dict_keys(['example_kubernetes_executor']) retrieved from /home/airflow/.local/lib/python3.7/site-packages/airflow/example_dags/example_kubernetes_executor.py
[2023-03-10T20:14:10.289+0000] {logging_mixin.py:137} INFO - [2023-03-10T20:14:10.289+0000] {dag.py:2585} INFO - Sync 1 DAGs
[2023-03-10T20:14:10.304+0000] {logging_mixin.py:137} INFO - [2023-03-10T20:14:10.304+0000] {dag.py:3340} INFO - Setting next_dagrun for example_kubernetes_executor to None, run_after=None
[2023-03-10T20:14:10.316+0000] {processor.py:176} INFO - Processing /home/airflow/.local/lib/python3.7/site-packages/airflow/example_dags/example_kubernetes_executor.py took 0.078 seconds
[2023-03-10T20:14:40.744+0000] {processor.py:154} INFO - Started process (PID=2999) to work on /home/airflow/.local/lib/python3.7/site-packages/airflow/example_dags/example_kubernetes_executor.py
[2023-03-10T20:14:40.747+0000] {processor.py:756} INFO - Processing file /home/airflow/.local/lib/python3.7/site-packages/airflow/example_dags/example_kubernetes_executor.py for tasks to queue
[2023-03-10T20:14:40.749+0000] {logging_mixin.py:137} INFO - [2023-03-10T20:14:40.749+0000] {dagbag.py:537} INFO - Filling up the DagBag from /home/airflow/.local/lib/python3.7/site-packages/airflow/example_dags/example_kubernetes_executor.py
[2023-03-10T20:14:40.767+0000] {processor.py:766} INFO - DAG(s) dict_keys(['example_kubernetes_executor']) retrieved from /home/airflow/.local/lib/python3.7/site-packages/airflow/example_dags/example_kubernetes_executor.py
[2023-03-10T20:14:40.798+0000] {logging_mixin.py:137} INFO - [2023-03-10T20:14:40.798+0000] {dag.py:2585} INFO - Sync 1 DAGs
[2023-03-10T20:14:40.819+0000] {logging_mixin.py:137} INFO - [2023-03-10T20:14:40.819+0000] {dag.py:3340} INFO - Setting next_dagrun for example_kubernetes_executor to None, run_after=None
[2023-03-10T20:14:40.836+0000] {processor.py:176} INFO - Processing /home/airflow/.local/lib/python3.7/site-packages/airflow/example_dags/example_kubernetes_executor.py took 0.094 seconds
[2023-03-10T20:15:11.329+0000] {processor.py:154} INFO - Started process (PID=3056) to work on /home/airflow/.local/lib/python3.7/site-packages/airflow/example_dags/example_kubernetes_executor.py
[2023-03-10T20:15:11.332+0000] {processor.py:756} INFO - Processing file /home/airflow/.local/lib/python3.7/site-packages/airflow/example_dags/example_kubernetes_executor.py for tasks to queue
[2023-03-10T20:15:11.333+0000] {logging_mixin.py:137} INFO - [2023-03-10T20:15:11.333+0000] {dagbag.py:537} INFO - Filling up the DagBag from /home/airflow/.local/lib/python3.7/site-packages/airflow/example_dags/example_kubernetes_executor.py
[2023-03-10T20:15:11.356+0000] {processor.py:766} INFO - DAG(s) dict_keys(['example_kubernetes_executor']) retrieved from /home/airflow/.local/lib/python3.7/site-packages/airflow/example_dags/example_kubernetes_executor.py
[2023-03-10T20:15:11.381+0000] {logging_mixin.py:137} INFO - [2023-03-10T20:15:11.380+0000] {dag.py:2585} INFO - Sync 1 DAGs
[2023-03-10T20:15:11.396+0000] {logging_mixin.py:137} INFO - [2023-03-10T20:15:11.395+0000] {dag.py:3340} INFO - Setting next_dagrun for example_kubernetes_executor to None, run_after=None
[2023-03-10T20:15:11.407+0000] {processor.py:176} INFO - Processing /home/airflow/.local/lib/python3.7/site-packages/airflow/example_dags/example_kubernetes_executor.py took 0.080 seconds
[2023-03-10T20:15:41.640+0000] {processor.py:154} INFO - Started process (PID=3120) to work on /home/airflow/.local/lib/python3.7/site-packages/airflow/example_dags/example_kubernetes_executor.py
[2023-03-10T20:15:41.643+0000] {processor.py:756} INFO - Processing file /home/airflow/.local/lib/python3.7/site-packages/airflow/example_dags/example_kubernetes_executor.py for tasks to queue
[2023-03-10T20:15:41.645+0000] {logging_mixin.py:137} INFO - [2023-03-10T20:15:41.645+0000] {dagbag.py:537} INFO - Filling up the DagBag from /home/airflow/.local/lib/python3.7/site-packages/airflow/example_dags/example_kubernetes_executor.py
[2023-03-10T20:15:41.666+0000] {processor.py:766} INFO - DAG(s) dict_keys(['example_kubernetes_executor']) retrieved from /home/airflow/.local/lib/python3.7/site-packages/airflow/example_dags/example_kubernetes_executor.py
[2023-03-10T20:15:41.691+0000] {logging_mixin.py:137} INFO - [2023-03-10T20:15:41.691+0000] {dag.py:2585} INFO - Sync 1 DAGs
[2023-03-10T20:15:41.705+0000] {logging_mixin.py:137} INFO - [2023-03-10T20:15:41.705+0000] {dag.py:3340} INFO - Setting next_dagrun for example_kubernetes_executor to None, run_after=None
[2023-03-10T20:15:41.717+0000] {processor.py:176} INFO - Processing /home/airflow/.local/lib/python3.7/site-packages/airflow/example_dags/example_kubernetes_executor.py took 0.082 seconds
[2023-03-10T20:16:12.329+0000] {processor.py:154} INFO - Started process (PID=3184) to work on /home/airflow/.local/lib/python3.7/site-packages/airflow/example_dags/example_kubernetes_executor.py
[2023-03-10T20:16:12.331+0000] {processor.py:756} INFO - Processing file /home/airflow/.local/lib/python3.7/site-packages/airflow/example_dags/example_kubernetes_executor.py for tasks to queue
[2023-03-10T20:16:12.333+0000] {logging_mixin.py:137} INFO - [2023-03-10T20:16:12.333+0000] {dagbag.py:537} INFO - Filling up the DagBag from /home/airflow/.local/lib/python3.7/site-packages/airflow/example_dags/example_kubernetes_executor.py
[2023-03-10T20:16:12.355+0000] {processor.py:766} INFO - DAG(s) dict_keys(['example_kubernetes_executor']) retrieved from /home/airflow/.local/lib/python3.7/site-packages/airflow/example_dags/example_kubernetes_executor.py
[2023-03-10T20:16:12.382+0000] {logging_mixin.py:137} INFO - [2023-03-10T20:16:12.382+0000] {dag.py:2585} INFO - Sync 1 DAGs
[2023-03-10T20:16:12.397+0000] {logging_mixin.py:137} INFO - [2023-03-10T20:16:12.397+0000] {dag.py:3340} INFO - Setting next_dagrun for example_kubernetes_executor to None, run_after=None
[2023-03-10T20:16:12.408+0000] {processor.py:176} INFO - Processing /home/airflow/.local/lib/python3.7/site-packages/airflow/example_dags/example_kubernetes_executor.py took 0.085 seconds
[2023-03-10T20:16:42.555+0000] {processor.py:154} INFO - Started process (PID=3247) to work on /home/airflow/.local/lib/python3.7/site-packages/airflow/example_dags/example_kubernetes_executor.py
[2023-03-10T20:16:42.558+0000] {processor.py:756} INFO - Processing file /home/airflow/.local/lib/python3.7/site-packages/airflow/example_dags/example_kubernetes_executor.py for tasks to queue
[2023-03-10T20:16:42.559+0000] {logging_mixin.py:137} INFO - [2023-03-10T20:16:42.559+0000] {dagbag.py:537} INFO - Filling up the DagBag from /home/airflow/.local/lib/python3.7/site-packages/airflow/example_dags/example_kubernetes_executor.py
[2023-03-10T20:16:42.576+0000] {processor.py:766} INFO - DAG(s) dict_keys(['example_kubernetes_executor']) retrieved from /home/airflow/.local/lib/python3.7/site-packages/airflow/example_dags/example_kubernetes_executor.py
[2023-03-10T20:16:42.602+0000] {logging_mixin.py:137} INFO - [2023-03-10T20:16:42.602+0000] {dag.py:2585} INFO - Sync 1 DAGs
[2023-03-10T20:16:42.617+0000] {logging_mixin.py:137} INFO - [2023-03-10T20:16:42.617+0000] {dag.py:3340} INFO - Setting next_dagrun for example_kubernetes_executor to None, run_after=None
[2023-03-10T20:16:42.631+0000] {processor.py:176} INFO - Processing /home/airflow/.local/lib/python3.7/site-packages/airflow/example_dags/example_kubernetes_executor.py took 0.079 seconds
[2023-03-10T20:17:12.936+0000] {processor.py:154} INFO - Started process (PID=3311) to work on /home/airflow/.local/lib/python3.7/site-packages/airflow/example_dags/example_kubernetes_executor.py
[2023-03-10T20:17:12.940+0000] {processor.py:756} INFO - Processing file /home/airflow/.local/lib/python3.7/site-packages/airflow/example_dags/example_kubernetes_executor.py for tasks to queue
[2023-03-10T20:17:12.942+0000] {logging_mixin.py:137} INFO - [2023-03-10T20:17:12.941+0000] {dagbag.py:537} INFO - Filling up the DagBag from /home/airflow/.local/lib/python3.7/site-packages/airflow/example_dags/example_kubernetes_executor.py
[2023-03-10T20:17:12.963+0000] {processor.py:766} INFO - DAG(s) dict_keys(['example_kubernetes_executor']) retrieved from /home/airflow/.local/lib/python3.7/site-packages/airflow/example_dags/example_kubernetes_executor.py
[2023-03-10T20:17:12.988+0000] {logging_mixin.py:137} INFO - [2023-03-10T20:17:12.988+0000] {dag.py:2585} INFO - Sync 1 DAGs
[2023-03-10T20:17:13.003+0000] {logging_mixin.py:137} INFO - [2023-03-10T20:17:13.003+0000] {dag.py:3340} INFO - Setting next_dagrun for example_kubernetes_executor to None, run_after=None
[2023-03-10T20:17:13.015+0000] {processor.py:176} INFO - Processing /home/airflow/.local/lib/python3.7/site-packages/airflow/example_dags/example_kubernetes_executor.py took 0.083 seconds
[2023-03-10T20:17:43.466+0000] {processor.py:154} INFO - Started process (PID=3366) to work on /home/airflow/.local/lib/python3.7/site-packages/airflow/example_dags/example_kubernetes_executor.py
[2023-03-10T20:17:43.468+0000] {processor.py:756} INFO - Processing file /home/airflow/.local/lib/python3.7/site-packages/airflow/example_dags/example_kubernetes_executor.py for tasks to queue
[2023-03-10T20:17:43.471+0000] {logging_mixin.py:137} INFO - [2023-03-10T20:17:43.471+0000] {dagbag.py:537} INFO - Filling up the DagBag from /home/airflow/.local/lib/python3.7/site-packages/airflow/example_dags/example_kubernetes_executor.py
[2023-03-10T20:17:43.492+0000] {processor.py:766} INFO - DAG(s) dict_keys(['example_kubernetes_executor']) retrieved from /home/airflow/.local/lib/python3.7/site-packages/airflow/example_dags/example_kubernetes_executor.py
[2023-03-10T20:17:43.518+0000] {logging_mixin.py:137} INFO - [2023-03-10T20:17:43.518+0000] {dag.py:2585} INFO - Sync 1 DAGs
[2023-03-10T20:17:43.533+0000] {logging_mixin.py:137} INFO - [2023-03-10T20:17:43.533+0000] {dag.py:3340} INFO - Setting next_dagrun for example_kubernetes_executor to None, run_after=None
[2023-03-10T20:17:43.544+0000] {processor.py:176} INFO - Processing /home/airflow/.local/lib/python3.7/site-packages/airflow/example_dags/example_kubernetes_executor.py took 0.083 seconds
[2023-03-10T20:18:13.676+0000] {processor.py:154} INFO - Started process (PID=3431) to work on /home/airflow/.local/lib/python3.7/site-packages/airflow/example_dags/example_kubernetes_executor.py
[2023-03-10T20:18:13.678+0000] {processor.py:756} INFO - Processing file /home/airflow/.local/lib/python3.7/site-packages/airflow/example_dags/example_kubernetes_executor.py for tasks to queue
[2023-03-10T20:18:13.680+0000] {logging_mixin.py:137} INFO - [2023-03-10T20:18:13.680+0000] {dagbag.py:537} INFO - Filling up the DagBag from /home/airflow/.local/lib/python3.7/site-packages/airflow/example_dags/example_kubernetes_executor.py
[2023-03-10T20:18:13.702+0000] {processor.py:766} INFO - DAG(s) dict_keys(['example_kubernetes_executor']) retrieved from /home/airflow/.local/lib/python3.7/site-packages/airflow/example_dags/example_kubernetes_executor.py
[2023-03-10T20:18:13.729+0000] {logging_mixin.py:137} INFO - [2023-03-10T20:18:13.729+0000] {dag.py:2585} INFO - Sync 1 DAGs
[2023-03-10T20:18:13.743+0000] {logging_mixin.py:137} INFO - [2023-03-10T20:18:13.743+0000] {dag.py:3340} INFO - Setting next_dagrun for example_kubernetes_executor to None, run_after=None
[2023-03-10T20:18:13.756+0000] {processor.py:176} INFO - Processing /home/airflow/.local/lib/python3.7/site-packages/airflow/example_dags/example_kubernetes_executor.py took 0.084 seconds
[2023-03-10T20:18:44.507+0000] {processor.py:154} INFO - Started process (PID=3495) to work on /home/airflow/.local/lib/python3.7/site-packages/airflow/example_dags/example_kubernetes_executor.py
[2023-03-10T20:18:44.510+0000] {processor.py:756} INFO - Processing file /home/airflow/.local/lib/python3.7/site-packages/airflow/example_dags/example_kubernetes_executor.py for tasks to queue
[2023-03-10T20:18:44.512+0000] {logging_mixin.py:137} INFO - [2023-03-10T20:18:44.511+0000] {dagbag.py:537} INFO - Filling up the DagBag from /home/airflow/.local/lib/python3.7/site-packages/airflow/example_dags/example_kubernetes_executor.py
[2023-03-10T20:18:44.532+0000] {processor.py:766} INFO - DAG(s) dict_keys(['example_kubernetes_executor']) retrieved from /home/airflow/.local/lib/python3.7/site-packages/airflow/example_dags/example_kubernetes_executor.py
[2023-03-10T20:18:44.556+0000] {logging_mixin.py:137} INFO - [2023-03-10T20:18:44.556+0000] {dag.py:2585} INFO - Sync 1 DAGs
[2023-03-10T20:18:44.571+0000] {logging_mixin.py:137} INFO - [2023-03-10T20:18:44.571+0000] {dag.py:3340} INFO - Setting next_dagrun for example_kubernetes_executor to None, run_after=None
[2023-03-10T20:18:44.582+0000] {processor.py:176} INFO - Processing /home/airflow/.local/lib/python3.7/site-packages/airflow/example_dags/example_kubernetes_executor.py took 0.080 seconds
[2023-03-10T20:19:15.112+0000] {processor.py:154} INFO - Started process (PID=3558) to work on /home/airflow/.local/lib/python3.7/site-packages/airflow/example_dags/example_kubernetes_executor.py
[2023-03-10T20:19:15.116+0000] {processor.py:756} INFO - Processing file /home/airflow/.local/lib/python3.7/site-packages/airflow/example_dags/example_kubernetes_executor.py for tasks to queue
[2023-03-10T20:19:15.118+0000] {logging_mixin.py:137} INFO - [2023-03-10T20:19:15.118+0000] {dagbag.py:537} INFO - Filling up the DagBag from /home/airflow/.local/lib/python3.7/site-packages/airflow/example_dags/example_kubernetes_executor.py
[2023-03-10T20:19:15.141+0000] {processor.py:766} INFO - DAG(s) dict_keys(['example_kubernetes_executor']) retrieved from /home/airflow/.local/lib/python3.7/site-packages/airflow/example_dags/example_kubernetes_executor.py
[2023-03-10T20:19:15.166+0000] {logging_mixin.py:137} INFO - [2023-03-10T20:19:15.166+0000] {dag.py:2585} INFO - Sync 1 DAGs
[2023-03-10T20:19:15.180+0000] {logging_mixin.py:137} INFO - [2023-03-10T20:19:15.180+0000] {dag.py:3340} INFO - Setting next_dagrun for example_kubernetes_executor to None, run_after=None
[2023-03-10T20:19:15.190+0000] {processor.py:176} INFO - Processing /home/airflow/.local/lib/python3.7/site-packages/airflow/example_dags/example_kubernetes_executor.py took 0.082 seconds
[2023-03-10T20:19:46.272+0000] {processor.py:154} INFO - Started process (PID=3621) to work on /home/airflow/.local/lib/python3.7/site-packages/airflow/example_dags/example_kubernetes_executor.py
[2023-03-10T20:19:46.275+0000] {processor.py:756} INFO - Processing file /home/airflow/.local/lib/python3.7/site-packages/airflow/example_dags/example_kubernetes_executor.py for tasks to queue
[2023-03-10T20:19:46.277+0000] {logging_mixin.py:137} INFO - [2023-03-10T20:19:46.277+0000] {dagbag.py:537} INFO - Filling up the DagBag from /home/airflow/.local/lib/python3.7/site-packages/airflow/example_dags/example_kubernetes_executor.py
[2023-03-10T20:19:46.309+0000] {processor.py:766} INFO - DAG(s) dict_keys(['example_kubernetes_executor']) retrieved from /home/airflow/.local/lib/python3.7/site-packages/airflow/example_dags/example_kubernetes_executor.py
[2023-03-10T20:19:46.343+0000] {logging_mixin.py:137} INFO - [2023-03-10T20:19:46.343+0000] {dag.py:2585} INFO - Sync 1 DAGs
[2023-03-10T20:19:46.362+0000] {logging_mixin.py:137} INFO - [2023-03-10T20:19:46.362+0000] {dag.py:3340} INFO - Setting next_dagrun for example_kubernetes_executor to None, run_after=None
[2023-03-10T20:19:46.385+0000] {processor.py:176} INFO - Processing /home/airflow/.local/lib/python3.7/site-packages/airflow/example_dags/example_kubernetes_executor.py took 0.117 seconds
[2023-03-10T20:20:16.833+0000] {processor.py:154} INFO - Started process (PID=3676) to work on /home/airflow/.local/lib/python3.7/site-packages/airflow/example_dags/example_kubernetes_executor.py
[2023-03-10T20:20:16.834+0000] {processor.py:756} INFO - Processing file /home/airflow/.local/lib/python3.7/site-packages/airflow/example_dags/example_kubernetes_executor.py for tasks to queue
[2023-03-10T20:20:16.835+0000] {logging_mixin.py:137} INFO - [2023-03-10T20:20:16.835+0000] {dagbag.py:537} INFO - Filling up the DagBag from /home/airflow/.local/lib/python3.7/site-packages/airflow/example_dags/example_kubernetes_executor.py
[2023-03-10T20:20:16.853+0000] {processor.py:766} INFO - DAG(s) dict_keys(['example_kubernetes_executor']) retrieved from /home/airflow/.local/lib/python3.7/site-packages/airflow/example_dags/example_kubernetes_executor.py
[2023-03-10T20:20:16.883+0000] {logging_mixin.py:137} INFO - [2023-03-10T20:20:16.883+0000] {dag.py:2585} INFO - Sync 1 DAGs
[2023-03-10T20:20:16.898+0000] {logging_mixin.py:137} INFO - [2023-03-10T20:20:16.898+0000] {dag.py:3340} INFO - Setting next_dagrun for example_kubernetes_executor to None, run_after=None
[2023-03-10T20:20:16.910+0000] {processor.py:176} INFO - Processing /home/airflow/.local/lib/python3.7/site-packages/airflow/example_dags/example_kubernetes_executor.py took 0.080 seconds
[2023-03-10T20:20:47.482+0000] {processor.py:154} INFO - Started process (PID=3740) to work on /home/airflow/.local/lib/python3.7/site-packages/airflow/example_dags/example_kubernetes_executor.py
[2023-03-10T20:20:47.484+0000] {processor.py:756} INFO - Processing file /home/airflow/.local/lib/python3.7/site-packages/airflow/example_dags/example_kubernetes_executor.py for tasks to queue
[2023-03-10T20:20:47.485+0000] {logging_mixin.py:137} INFO - [2023-03-10T20:20:47.485+0000] {dagbag.py:537} INFO - Filling up the DagBag from /home/airflow/.local/lib/python3.7/site-packages/airflow/example_dags/example_kubernetes_executor.py
[2023-03-10T20:20:47.507+0000] {processor.py:766} INFO - DAG(s) dict_keys(['example_kubernetes_executor']) retrieved from /home/airflow/.local/lib/python3.7/site-packages/airflow/example_dags/example_kubernetes_executor.py
[2023-03-10T20:20:47.537+0000] {logging_mixin.py:137} INFO - [2023-03-10T20:20:47.537+0000] {dag.py:2585} INFO - Sync 1 DAGs
[2023-03-10T20:20:47.557+0000] {logging_mixin.py:137} INFO - [2023-03-10T20:20:47.557+0000] {dag.py:3340} INFO - Setting next_dagrun for example_kubernetes_executor to None, run_after=None
[2023-03-10T20:20:47.573+0000] {processor.py:176} INFO - Processing /home/airflow/.local/lib/python3.7/site-packages/airflow/example_dags/example_kubernetes_executor.py took 0.094 seconds
[2023-03-10T20:21:18.165+0000] {processor.py:154} INFO - Started process (PID=3805) to work on /home/airflow/.local/lib/python3.7/site-packages/airflow/example_dags/example_kubernetes_executor.py
[2023-03-10T20:21:18.167+0000] {processor.py:756} INFO - Processing file /home/airflow/.local/lib/python3.7/site-packages/airflow/example_dags/example_kubernetes_executor.py for tasks to queue
[2023-03-10T20:21:18.168+0000] {logging_mixin.py:137} INFO - [2023-03-10T20:21:18.168+0000] {dagbag.py:537} INFO - Filling up the DagBag from /home/airflow/.local/lib/python3.7/site-packages/airflow/example_dags/example_kubernetes_executor.py
[2023-03-10T20:21:18.187+0000] {processor.py:766} INFO - DAG(s) dict_keys(['example_kubernetes_executor']) retrieved from /home/airflow/.local/lib/python3.7/site-packages/airflow/example_dags/example_kubernetes_executor.py
[2023-03-10T20:21:18.223+0000] {logging_mixin.py:137} INFO - [2023-03-10T20:21:18.220+0000] {dag.py:2585} INFO - Sync 1 DAGs
[2023-03-10T20:21:18.253+0000] {logging_mixin.py:137} INFO - [2023-03-10T20:21:18.253+0000] {dag.py:3340} INFO - Setting next_dagrun for example_kubernetes_executor to None, run_after=None
[2023-03-10T20:21:18.272+0000] {processor.py:176} INFO - Processing /home/airflow/.local/lib/python3.7/site-packages/airflow/example_dags/example_kubernetes_executor.py took 0.110 seconds
[2023-03-10T20:21:49.179+0000] {processor.py:154} INFO - Started process (PID=3869) to work on /home/airflow/.local/lib/python3.7/site-packages/airflow/example_dags/example_kubernetes_executor.py
[2023-03-10T20:21:49.182+0000] {processor.py:756} INFO - Processing file /home/airflow/.local/lib/python3.7/site-packages/airflow/example_dags/example_kubernetes_executor.py for tasks to queue
[2023-03-10T20:21:49.184+0000] {logging_mixin.py:137} INFO - [2023-03-10T20:21:49.183+0000] {dagbag.py:537} INFO - Filling up the DagBag from /home/airflow/.local/lib/python3.7/site-packages/airflow/example_dags/example_kubernetes_executor.py
[2023-03-10T20:21:49.219+0000] {processor.py:766} INFO - DAG(s) dict_keys(['example_kubernetes_executor']) retrieved from /home/airflow/.local/lib/python3.7/site-packages/airflow/example_dags/example_kubernetes_executor.py
[2023-03-10T20:21:49.256+0000] {logging_mixin.py:137} INFO - [2023-03-10T20:21:49.256+0000] {dag.py:2585} INFO - Sync 1 DAGs
[2023-03-10T20:21:49.280+0000] {logging_mixin.py:137} INFO - [2023-03-10T20:21:49.280+0000] {dag.py:3340} INFO - Setting next_dagrun for example_kubernetes_executor to None, run_after=None
[2023-03-10T20:21:49.318+0000] {processor.py:176} INFO - Processing /home/airflow/.local/lib/python3.7/site-packages/airflow/example_dags/example_kubernetes_executor.py took 0.141 seconds
[2023-03-10T20:22:20.002+0000] {processor.py:154} INFO - Started process (PID=3932) to work on /home/airflow/.local/lib/python3.7/site-packages/airflow/example_dags/example_kubernetes_executor.py
[2023-03-10T20:22:20.004+0000] {processor.py:756} INFO - Processing file /home/airflow/.local/lib/python3.7/site-packages/airflow/example_dags/example_kubernetes_executor.py for tasks to queue
[2023-03-10T20:22:20.005+0000] {logging_mixin.py:137} INFO - [2023-03-10T20:22:20.005+0000] {dagbag.py:537} INFO - Filling up the DagBag from /home/airflow/.local/lib/python3.7/site-packages/airflow/example_dags/example_kubernetes_executor.py
[2023-03-10T20:22:20.026+0000] {processor.py:766} INFO - DAG(s) dict_keys(['example_kubernetes_executor']) retrieved from /home/airflow/.local/lib/python3.7/site-packages/airflow/example_dags/example_kubernetes_executor.py
[2023-03-10T20:22:20.056+0000] {logging_mixin.py:137} INFO - [2023-03-10T20:22:20.055+0000] {dag.py:2585} INFO - Sync 1 DAGs
[2023-03-10T20:22:20.072+0000] {logging_mixin.py:137} INFO - [2023-03-10T20:22:20.072+0000] {dag.py:3340} INFO - Setting next_dagrun for example_kubernetes_executor to None, run_after=None
[2023-03-10T20:22:20.087+0000] {processor.py:176} INFO - Processing /home/airflow/.local/lib/python3.7/site-packages/airflow/example_dags/example_kubernetes_executor.py took 0.087 seconds
[2023-03-10T20:22:50.565+0000] {processor.py:154} INFO - Started process (PID=3996) to work on /home/airflow/.local/lib/python3.7/site-packages/airflow/example_dags/example_kubernetes_executor.py
[2023-03-10T20:22:50.567+0000] {processor.py:756} INFO - Processing file /home/airflow/.local/lib/python3.7/site-packages/airflow/example_dags/example_kubernetes_executor.py for tasks to queue
[2023-03-10T20:22:50.568+0000] {logging_mixin.py:137} INFO - [2023-03-10T20:22:50.568+0000] {dagbag.py:537} INFO - Filling up the DagBag from /home/airflow/.local/lib/python3.7/site-packages/airflow/example_dags/example_kubernetes_executor.py
[2023-03-10T20:22:50.586+0000] {processor.py:766} INFO - DAG(s) dict_keys(['example_kubernetes_executor']) retrieved from /home/airflow/.local/lib/python3.7/site-packages/airflow/example_dags/example_kubernetes_executor.py
[2023-03-10T20:22:50.611+0000] {logging_mixin.py:137} INFO - [2023-03-10T20:22:50.611+0000] {dag.py:2585} INFO - Sync 1 DAGs
[2023-03-10T20:22:50.626+0000] {logging_mixin.py:137} INFO - [2023-03-10T20:22:50.626+0000] {dag.py:3340} INFO - Setting next_dagrun for example_kubernetes_executor to None, run_after=None
[2023-03-10T20:22:50.637+0000] {processor.py:176} INFO - Processing /home/airflow/.local/lib/python3.7/site-packages/airflow/example_dags/example_kubernetes_executor.py took 0.074 seconds
[2023-03-10T20:23:20.882+0000] {processor.py:154} INFO - Started process (PID=4051) to work on /home/airflow/.local/lib/python3.7/site-packages/airflow/example_dags/example_kubernetes_executor.py
[2023-03-10T20:23:20.884+0000] {processor.py:756} INFO - Processing file /home/airflow/.local/lib/python3.7/site-packages/airflow/example_dags/example_kubernetes_executor.py for tasks to queue
[2023-03-10T20:23:20.885+0000] {logging_mixin.py:137} INFO - [2023-03-10T20:23:20.885+0000] {dagbag.py:537} INFO - Filling up the DagBag from /home/airflow/.local/lib/python3.7/site-packages/airflow/example_dags/example_kubernetes_executor.py
[2023-03-10T20:23:20.903+0000] {processor.py:766} INFO - DAG(s) dict_keys(['example_kubernetes_executor']) retrieved from /home/airflow/.local/lib/python3.7/site-packages/airflow/example_dags/example_kubernetes_executor.py
[2023-03-10T20:23:20.930+0000] {logging_mixin.py:137} INFO - [2023-03-10T20:23:20.930+0000] {dag.py:2585} INFO - Sync 1 DAGs
[2023-03-10T20:23:20.948+0000] {logging_mixin.py:137} INFO - [2023-03-10T20:23:20.948+0000] {dag.py:3340} INFO - Setting next_dagrun for example_kubernetes_executor to None, run_after=None
[2023-03-10T20:23:20.961+0000] {processor.py:176} INFO - Processing /home/airflow/.local/lib/python3.7/site-packages/airflow/example_dags/example_kubernetes_executor.py took 0.081 seconds
[2023-03-10T20:23:51.537+0000] {processor.py:154} INFO - Started process (PID=4114) to work on /home/airflow/.local/lib/python3.7/site-packages/airflow/example_dags/example_kubernetes_executor.py
[2023-03-10T20:23:51.539+0000] {processor.py:756} INFO - Processing file /home/airflow/.local/lib/python3.7/site-packages/airflow/example_dags/example_kubernetes_executor.py for tasks to queue
[2023-03-10T20:23:51.540+0000] {logging_mixin.py:137} INFO - [2023-03-10T20:23:51.540+0000] {dagbag.py:537} INFO - Filling up the DagBag from /home/airflow/.local/lib/python3.7/site-packages/airflow/example_dags/example_kubernetes_executor.py
[2023-03-10T20:23:51.559+0000] {processor.py:766} INFO - DAG(s) dict_keys(['example_kubernetes_executor']) retrieved from /home/airflow/.local/lib/python3.7/site-packages/airflow/example_dags/example_kubernetes_executor.py
[2023-03-10T20:23:51.587+0000] {logging_mixin.py:137} INFO - [2023-03-10T20:23:51.587+0000] {dag.py:2585} INFO - Sync 1 DAGs
[2023-03-10T20:23:51.606+0000] {logging_mixin.py:137} INFO - [2023-03-10T20:23:51.606+0000] {dag.py:3340} INFO - Setting next_dagrun for example_kubernetes_executor to None, run_after=None
[2023-03-10T20:23:51.617+0000] {processor.py:176} INFO - Processing /home/airflow/.local/lib/python3.7/site-packages/airflow/example_dags/example_kubernetes_executor.py took 0.083 seconds
[2023-03-10T20:24:22.034+0000] {processor.py:154} INFO - Started process (PID=4177) to work on /home/airflow/.local/lib/python3.7/site-packages/airflow/example_dags/example_kubernetes_executor.py
[2023-03-10T20:24:22.036+0000] {processor.py:756} INFO - Processing file /home/airflow/.local/lib/python3.7/site-packages/airflow/example_dags/example_kubernetes_executor.py for tasks to queue
[2023-03-10T20:24:22.037+0000] {logging_mixin.py:137} INFO - [2023-03-10T20:24:22.037+0000] {dagbag.py:537} INFO - Filling up the DagBag from /home/airflow/.local/lib/python3.7/site-packages/airflow/example_dags/example_kubernetes_executor.py
[2023-03-10T20:24:22.054+0000] {processor.py:766} INFO - DAG(s) dict_keys(['example_kubernetes_executor']) retrieved from /home/airflow/.local/lib/python3.7/site-packages/airflow/example_dags/example_kubernetes_executor.py
[2023-03-10T20:24:22.081+0000] {logging_mixin.py:137} INFO - [2023-03-10T20:24:22.081+0000] {dag.py:2585} INFO - Sync 1 DAGs
[2023-03-10T20:24:22.097+0000] {logging_mixin.py:137} INFO - [2023-03-10T20:24:22.097+0000] {dag.py:3340} INFO - Setting next_dagrun for example_kubernetes_executor to None, run_after=None
[2023-03-10T20:24:22.108+0000] {processor.py:176} INFO - Processing /home/airflow/.local/lib/python3.7/site-packages/airflow/example_dags/example_kubernetes_executor.py took 0.078 seconds
[2023-03-10T20:24:52.690+0000] {processor.py:154} INFO - Started process (PID=4241) to work on /home/airflow/.local/lib/python3.7/site-packages/airflow/example_dags/example_kubernetes_executor.py
[2023-03-10T20:24:52.692+0000] {processor.py:756} INFO - Processing file /home/airflow/.local/lib/python3.7/site-packages/airflow/example_dags/example_kubernetes_executor.py for tasks to queue
[2023-03-10T20:24:52.693+0000] {logging_mixin.py:137} INFO - [2023-03-10T20:24:52.693+0000] {dagbag.py:537} INFO - Filling up the DagBag from /home/airflow/.local/lib/python3.7/site-packages/airflow/example_dags/example_kubernetes_executor.py
[2023-03-10T20:24:52.720+0000] {processor.py:766} INFO - DAG(s) dict_keys(['example_kubernetes_executor']) retrieved from /home/airflow/.local/lib/python3.7/site-packages/airflow/example_dags/example_kubernetes_executor.py
[2023-03-10T20:24:52.755+0000] {logging_mixin.py:137} INFO - [2023-03-10T20:24:52.755+0000] {dag.py:2585} INFO - Sync 1 DAGs
[2023-03-10T20:24:52.774+0000] {logging_mixin.py:137} INFO - [2023-03-10T20:24:52.774+0000] {dag.py:3340} INFO - Setting next_dagrun for example_kubernetes_executor to None, run_after=None
[2023-03-10T20:24:52.786+0000] {processor.py:176} INFO - Processing /home/airflow/.local/lib/python3.7/site-packages/airflow/example_dags/example_kubernetes_executor.py took 0.098 seconds
[2023-03-10T20:25:23.124+0000] {processor.py:154} INFO - Started process (PID=4304) to work on /home/airflow/.local/lib/python3.7/site-packages/airflow/example_dags/example_kubernetes_executor.py
[2023-03-10T20:25:23.126+0000] {processor.py:756} INFO - Processing file /home/airflow/.local/lib/python3.7/site-packages/airflow/example_dags/example_kubernetes_executor.py for tasks to queue
[2023-03-10T20:25:23.127+0000] {logging_mixin.py:137} INFO - [2023-03-10T20:25:23.127+0000] {dagbag.py:537} INFO - Filling up the DagBag from /home/airflow/.local/lib/python3.7/site-packages/airflow/example_dags/example_kubernetes_executor.py
[2023-03-10T20:25:23.145+0000] {processor.py:766} INFO - DAG(s) dict_keys(['example_kubernetes_executor']) retrieved from /home/airflow/.local/lib/python3.7/site-packages/airflow/example_dags/example_kubernetes_executor.py
[2023-03-10T20:25:23.174+0000] {logging_mixin.py:137} INFO - [2023-03-10T20:25:23.174+0000] {dag.py:2585} INFO - Sync 1 DAGs
[2023-03-10T20:25:23.190+0000] {logging_mixin.py:137} INFO - [2023-03-10T20:25:23.190+0000] {dag.py:3340} INFO - Setting next_dagrun for example_kubernetes_executor to None, run_after=None
[2023-03-10T20:25:23.205+0000] {processor.py:176} INFO - Processing /home/airflow/.local/lib/python3.7/site-packages/airflow/example_dags/example_kubernetes_executor.py took 0.083 seconds
[2023-03-10T20:25:53.961+0000] {processor.py:154} INFO - Started process (PID=4367) to work on /home/airflow/.local/lib/python3.7/site-packages/airflow/example_dags/example_kubernetes_executor.py
[2023-03-10T20:25:53.964+0000] {processor.py:756} INFO - Processing file /home/airflow/.local/lib/python3.7/site-packages/airflow/example_dags/example_kubernetes_executor.py for tasks to queue
[2023-03-10T20:25:53.968+0000] {logging_mixin.py:137} INFO - [2023-03-10T20:25:53.967+0000] {dagbag.py:537} INFO - Filling up the DagBag from /home/airflow/.local/lib/python3.7/site-packages/airflow/example_dags/example_kubernetes_executor.py
[2023-03-10T20:25:54.000+0000] {processor.py:766} INFO - DAG(s) dict_keys(['example_kubernetes_executor']) retrieved from /home/airflow/.local/lib/python3.7/site-packages/airflow/example_dags/example_kubernetes_executor.py
[2023-03-10T20:25:54.075+0000] {logging_mixin.py:137} INFO - [2023-03-10T20:25:54.074+0000] {dag.py:2585} INFO - Sync 1 DAGs
[2023-03-10T20:25:54.119+0000] {logging_mixin.py:137} INFO - [2023-03-10T20:25:54.119+0000] {dag.py:3340} INFO - Setting next_dagrun for example_kubernetes_executor to None, run_after=None
[2023-03-10T20:25:54.169+0000] {processor.py:176} INFO - Processing /home/airflow/.local/lib/python3.7/site-packages/airflow/example_dags/example_kubernetes_executor.py took 0.213 seconds
[2023-03-10T20:26:24.793+0000] {processor.py:154} INFO - Started process (PID=4422) to work on /home/airflow/.local/lib/python3.7/site-packages/airflow/example_dags/example_kubernetes_executor.py
[2023-03-10T20:26:24.794+0000] {processor.py:756} INFO - Processing file /home/airflow/.local/lib/python3.7/site-packages/airflow/example_dags/example_kubernetes_executor.py for tasks to queue
[2023-03-10T20:26:24.795+0000] {logging_mixin.py:137} INFO - [2023-03-10T20:26:24.795+0000] {dagbag.py:537} INFO - Filling up the DagBag from /home/airflow/.local/lib/python3.7/site-packages/airflow/example_dags/example_kubernetes_executor.py
[2023-03-10T20:26:24.813+0000] {processor.py:766} INFO - DAG(s) dict_keys(['example_kubernetes_executor']) retrieved from /home/airflow/.local/lib/python3.7/site-packages/airflow/example_dags/example_kubernetes_executor.py
[2023-03-10T20:26:24.840+0000] {logging_mixin.py:137} INFO - [2023-03-10T20:26:24.840+0000] {dag.py:2585} INFO - Sync 1 DAGs
[2023-03-10T20:26:24.856+0000] {logging_mixin.py:137} INFO - [2023-03-10T20:26:24.856+0000] {dag.py:3340} INFO - Setting next_dagrun for example_kubernetes_executor to None, run_after=None
[2023-03-10T20:26:24.868+0000] {processor.py:176} INFO - Processing /home/airflow/.local/lib/python3.7/site-packages/airflow/example_dags/example_kubernetes_executor.py took 0.078 seconds
[2023-03-10T20:26:55.203+0000] {processor.py:154} INFO - Started process (PID=4485) to work on /home/airflow/.local/lib/python3.7/site-packages/airflow/example_dags/example_kubernetes_executor.py
[2023-03-10T20:26:55.205+0000] {processor.py:756} INFO - Processing file /home/airflow/.local/lib/python3.7/site-packages/airflow/example_dags/example_kubernetes_executor.py for tasks to queue
[2023-03-10T20:26:55.206+0000] {logging_mixin.py:137} INFO - [2023-03-10T20:26:55.206+0000] {dagbag.py:537} INFO - Filling up the DagBag from /home/airflow/.local/lib/python3.7/site-packages/airflow/example_dags/example_kubernetes_executor.py
[2023-03-10T20:26:55.224+0000] {processor.py:766} INFO - DAG(s) dict_keys(['example_kubernetes_executor']) retrieved from /home/airflow/.local/lib/python3.7/site-packages/airflow/example_dags/example_kubernetes_executor.py
[2023-03-10T20:26:55.251+0000] {logging_mixin.py:137} INFO - [2023-03-10T20:26:55.251+0000] {dag.py:2585} INFO - Sync 1 DAGs
[2023-03-10T20:26:55.266+0000] {logging_mixin.py:137} INFO - [2023-03-10T20:26:55.266+0000] {dag.py:3340} INFO - Setting next_dagrun for example_kubernetes_executor to None, run_after=None
[2023-03-10T20:26:55.283+0000] {processor.py:176} INFO - Processing /home/airflow/.local/lib/python3.7/site-packages/airflow/example_dags/example_kubernetes_executor.py took 0.082 seconds
[2023-03-10T20:27:25.878+0000] {processor.py:154} INFO - Started process (PID=4549) to work on /home/airflow/.local/lib/python3.7/site-packages/airflow/example_dags/example_kubernetes_executor.py
[2023-03-10T20:27:25.881+0000] {processor.py:756} INFO - Processing file /home/airflow/.local/lib/python3.7/site-packages/airflow/example_dags/example_kubernetes_executor.py for tasks to queue
[2023-03-10T20:27:25.883+0000] {logging_mixin.py:137} INFO - [2023-03-10T20:27:25.882+0000] {dagbag.py:537} INFO - Filling up the DagBag from /home/airflow/.local/lib/python3.7/site-packages/airflow/example_dags/example_kubernetes_executor.py
[2023-03-10T20:27:25.901+0000] {processor.py:766} INFO - DAG(s) dict_keys(['example_kubernetes_executor']) retrieved from /home/airflow/.local/lib/python3.7/site-packages/airflow/example_dags/example_kubernetes_executor.py
[2023-03-10T20:27:25.930+0000] {logging_mixin.py:137} INFO - [2023-03-10T20:27:25.930+0000] {dag.py:2585} INFO - Sync 1 DAGs
[2023-03-10T20:27:25.950+0000] {logging_mixin.py:137} INFO - [2023-03-10T20:27:25.950+0000] {dag.py:3340} INFO - Setting next_dagrun for example_kubernetes_executor to None, run_after=None
[2023-03-10T20:27:25.962+0000] {processor.py:176} INFO - Processing /home/airflow/.local/lib/python3.7/site-packages/airflow/example_dags/example_kubernetes_executor.py took 0.086 seconds
