[2023-03-10T19:50:31.498+0000] {processor.py:154} INFO - Started process (PID=51) to work on /home/airflow/.local/lib/python3.7/site-packages/airflow/example_dags/example_xcom.py
[2023-03-10T19:50:31.510+0000] {processor.py:756} INFO - Processing file /home/airflow/.local/lib/python3.7/site-packages/airflow/example_dags/example_xcom.py for tasks to queue
[2023-03-10T19:50:31.511+0000] {logging_mixin.py:137} INFO - [2023-03-10T19:50:31.511+0000] {dagbag.py:537} INFO - Filling up the DagBag from /home/airflow/.local/lib/python3.7/site-packages/airflow/example_dags/example_xcom.py
[2023-03-10T19:50:31.546+0000] {processor.py:766} INFO - DAG(s) dict_keys(['example_xcom']) retrieved from /home/airflow/.local/lib/python3.7/site-packages/airflow/example_dags/example_xcom.py
[2023-03-10T19:50:31.602+0000] {logging_mixin.py:137} INFO - [2023-03-10T19:50:31.602+0000] {dag.py:2585} INFO - Sync 1 DAGs
[2023-03-10T19:50:31.655+0000] {logging_mixin.py:137} INFO - [2023-03-10T19:50:31.655+0000] {dag.py:3340} INFO - Setting next_dagrun for example_xcom to 2021-01-01T00:00:00+00:00, run_after=2021-01-01T00:00:00+00:00
[2023-03-10T19:50:31.692+0000] {processor.py:176} INFO - Processing /home/airflow/.local/lib/python3.7/site-packages/airflow/example_dags/example_xcom.py took 0.202 seconds
[2023-03-10T19:51:01.787+0000] {processor.py:154} INFO - Started process (PID=115) to work on /home/airflow/.local/lib/python3.7/site-packages/airflow/example_dags/example_xcom.py
[2023-03-10T19:51:01.789+0000] {processor.py:756} INFO - Processing file /home/airflow/.local/lib/python3.7/site-packages/airflow/example_dags/example_xcom.py for tasks to queue
[2023-03-10T19:51:01.791+0000] {logging_mixin.py:137} INFO - [2023-03-10T19:51:01.790+0000] {dagbag.py:537} INFO - Filling up the DagBag from /home/airflow/.local/lib/python3.7/site-packages/airflow/example_dags/example_xcom.py
[2023-03-10T19:51:01.806+0000] {processor.py:766} INFO - DAG(s) dict_keys(['example_xcom']) retrieved from /home/airflow/.local/lib/python3.7/site-packages/airflow/example_dags/example_xcom.py
[2023-03-10T19:51:01.831+0000] {logging_mixin.py:137} INFO - [2023-03-10T19:51:01.830+0000] {dag.py:2585} INFO - Sync 1 DAGs
[2023-03-10T19:51:01.844+0000] {logging_mixin.py:137} INFO - [2023-03-10T19:51:01.844+0000] {dag.py:3340} INFO - Setting next_dagrun for example_xcom to 2021-01-01T00:00:00+00:00, run_after=2021-01-01T00:00:00+00:00
[2023-03-10T19:51:01.854+0000] {processor.py:176} INFO - Processing /home/airflow/.local/lib/python3.7/site-packages/airflow/example_dags/example_xcom.py took 0.070 seconds
[2023-03-10T19:51:32.412+0000] {processor.py:154} INFO - Started process (PID=180) to work on /home/airflow/.local/lib/python3.7/site-packages/airflow/example_dags/example_xcom.py
[2023-03-10T19:51:32.414+0000] {processor.py:756} INFO - Processing file /home/airflow/.local/lib/python3.7/site-packages/airflow/example_dags/example_xcom.py for tasks to queue
[2023-03-10T19:51:32.415+0000] {logging_mixin.py:137} INFO - [2023-03-10T19:51:32.415+0000] {dagbag.py:537} INFO - Filling up the DagBag from /home/airflow/.local/lib/python3.7/site-packages/airflow/example_dags/example_xcom.py
[2023-03-10T19:51:32.430+0000] {processor.py:766} INFO - DAG(s) dict_keys(['example_xcom']) retrieved from /home/airflow/.local/lib/python3.7/site-packages/airflow/example_dags/example_xcom.py
[2023-03-10T19:51:32.458+0000] {logging_mixin.py:137} INFO - [2023-03-10T19:51:32.457+0000] {dag.py:2585} INFO - Sync 1 DAGs
[2023-03-10T19:51:32.472+0000] {logging_mixin.py:137} INFO - [2023-03-10T19:51:32.472+0000] {dag.py:3340} INFO - Setting next_dagrun for example_xcom to 2021-01-01T00:00:00+00:00, run_after=2021-01-01T00:00:00+00:00
[2023-03-10T19:51:32.484+0000] {processor.py:176} INFO - Processing /home/airflow/.local/lib/python3.7/site-packages/airflow/example_dags/example_xcom.py took 0.074 seconds
[2023-03-10T19:52:02.908+0000] {processor.py:154} INFO - Started process (PID=244) to work on /home/airflow/.local/lib/python3.7/site-packages/airflow/example_dags/example_xcom.py
[2023-03-10T19:52:02.909+0000] {processor.py:756} INFO - Processing file /home/airflow/.local/lib/python3.7/site-packages/airflow/example_dags/example_xcom.py for tasks to queue
[2023-03-10T19:52:02.911+0000] {logging_mixin.py:137} INFO - [2023-03-10T19:52:02.911+0000] {dagbag.py:537} INFO - Filling up the DagBag from /home/airflow/.local/lib/python3.7/site-packages/airflow/example_dags/example_xcom.py
[2023-03-10T19:52:02.927+0000] {processor.py:766} INFO - DAG(s) dict_keys(['example_xcom']) retrieved from /home/airflow/.local/lib/python3.7/site-packages/airflow/example_dags/example_xcom.py
[2023-03-10T19:52:02.952+0000] {logging_mixin.py:137} INFO - [2023-03-10T19:52:02.952+0000] {dag.py:2585} INFO - Sync 1 DAGs
[2023-03-10T19:52:02.966+0000] {logging_mixin.py:137} INFO - [2023-03-10T19:52:02.966+0000] {dag.py:3340} INFO - Setting next_dagrun for example_xcom to 2021-01-01T00:00:00+00:00, run_after=2021-01-01T00:00:00+00:00
[2023-03-10T19:52:02.976+0000] {processor.py:176} INFO - Processing /home/airflow/.local/lib/python3.7/site-packages/airflow/example_dags/example_xcom.py took 0.071 seconds
[2023-03-10T19:52:34.213+0000] {processor.py:154} INFO - Started process (PID=309) to work on /home/airflow/.local/lib/python3.7/site-packages/airflow/example_dags/example_xcom.py
[2023-03-10T19:52:34.215+0000] {processor.py:756} INFO - Processing file /home/airflow/.local/lib/python3.7/site-packages/airflow/example_dags/example_xcom.py for tasks to queue
[2023-03-10T19:52:34.217+0000] {logging_mixin.py:137} INFO - [2023-03-10T19:52:34.217+0000] {dagbag.py:537} INFO - Filling up the DagBag from /home/airflow/.local/lib/python3.7/site-packages/airflow/example_dags/example_xcom.py
[2023-03-10T19:52:34.234+0000] {processor.py:766} INFO - DAG(s) dict_keys(['example_xcom']) retrieved from /home/airflow/.local/lib/python3.7/site-packages/airflow/example_dags/example_xcom.py
[2023-03-10T19:52:34.268+0000] {logging_mixin.py:137} INFO - [2023-03-10T19:52:34.268+0000] {dag.py:2585} INFO - Sync 1 DAGs
[2023-03-10T19:52:34.284+0000] {logging_mixin.py:137} INFO - [2023-03-10T19:52:34.284+0000] {dag.py:3340} INFO - Setting next_dagrun for example_xcom to 2021-01-01T00:00:00+00:00, run_after=2021-01-01T00:00:00+00:00
[2023-03-10T19:52:34.297+0000] {processor.py:176} INFO - Processing /home/airflow/.local/lib/python3.7/site-packages/airflow/example_dags/example_xcom.py took 0.087 seconds
[2023-03-10T19:53:04.797+0000] {processor.py:154} INFO - Started process (PID=365) to work on /home/airflow/.local/lib/python3.7/site-packages/airflow/example_dags/example_xcom.py
[2023-03-10T19:53:04.799+0000] {processor.py:756} INFO - Processing file /home/airflow/.local/lib/python3.7/site-packages/airflow/example_dags/example_xcom.py for tasks to queue
[2023-03-10T19:53:04.801+0000] {logging_mixin.py:137} INFO - [2023-03-10T19:53:04.801+0000] {dagbag.py:537} INFO - Filling up the DagBag from /home/airflow/.local/lib/python3.7/site-packages/airflow/example_dags/example_xcom.py
[2023-03-10T19:53:04.815+0000] {processor.py:766} INFO - DAG(s) dict_keys(['example_xcom']) retrieved from /home/airflow/.local/lib/python3.7/site-packages/airflow/example_dags/example_xcom.py
[2023-03-10T19:53:04.842+0000] {logging_mixin.py:137} INFO - [2023-03-10T19:53:04.842+0000] {dag.py:2585} INFO - Sync 1 DAGs
[2023-03-10T19:53:04.860+0000] {logging_mixin.py:137} INFO - [2023-03-10T19:53:04.859+0000] {dag.py:3340} INFO - Setting next_dagrun for example_xcom to 2021-01-01T00:00:00+00:00, run_after=2021-01-01T00:00:00+00:00
[2023-03-10T19:53:04.878+0000] {processor.py:176} INFO - Processing /home/airflow/.local/lib/python3.7/site-packages/airflow/example_dags/example_xcom.py took 0.083 seconds
[2023-03-10T19:53:35.040+0000] {processor.py:154} INFO - Started process (PID=428) to work on /home/airflow/.local/lib/python3.7/site-packages/airflow/example_dags/example_xcom.py
[2023-03-10T19:53:35.042+0000] {processor.py:756} INFO - Processing file /home/airflow/.local/lib/python3.7/site-packages/airflow/example_dags/example_xcom.py for tasks to queue
[2023-03-10T19:53:35.043+0000] {logging_mixin.py:137} INFO - [2023-03-10T19:53:35.043+0000] {dagbag.py:537} INFO - Filling up the DagBag from /home/airflow/.local/lib/python3.7/site-packages/airflow/example_dags/example_xcom.py
[2023-03-10T19:53:35.059+0000] {processor.py:766} INFO - DAG(s) dict_keys(['example_xcom']) retrieved from /home/airflow/.local/lib/python3.7/site-packages/airflow/example_dags/example_xcom.py
[2023-03-10T19:53:35.088+0000] {logging_mixin.py:137} INFO - [2023-03-10T19:53:35.088+0000] {dag.py:2585} INFO - Sync 1 DAGs
[2023-03-10T19:53:35.104+0000] {logging_mixin.py:137} INFO - [2023-03-10T19:53:35.104+0000] {dag.py:3340} INFO - Setting next_dagrun for example_xcom to 2021-01-01T00:00:00+00:00, run_after=2021-01-01T00:00:00+00:00
[2023-03-10T19:53:35.118+0000] {processor.py:176} INFO - Processing /home/airflow/.local/lib/python3.7/site-packages/airflow/example_dags/example_xcom.py took 0.081 seconds
[2023-03-10T19:54:05.895+0000] {processor.py:154} INFO - Started process (PID=492) to work on /home/airflow/.local/lib/python3.7/site-packages/airflow/example_dags/example_xcom.py
[2023-03-10T19:54:05.897+0000] {processor.py:756} INFO - Processing file /home/airflow/.local/lib/python3.7/site-packages/airflow/example_dags/example_xcom.py for tasks to queue
[2023-03-10T19:54:05.898+0000] {logging_mixin.py:137} INFO - [2023-03-10T19:54:05.898+0000] {dagbag.py:537} INFO - Filling up the DagBag from /home/airflow/.local/lib/python3.7/site-packages/airflow/example_dags/example_xcom.py
[2023-03-10T19:54:05.914+0000] {processor.py:766} INFO - DAG(s) dict_keys(['example_xcom']) retrieved from /home/airflow/.local/lib/python3.7/site-packages/airflow/example_dags/example_xcom.py
[2023-03-10T19:54:05.947+0000] {logging_mixin.py:137} INFO - [2023-03-10T19:54:05.947+0000] {dag.py:2585} INFO - Sync 1 DAGs
[2023-03-10T19:54:05.984+0000] {logging_mixin.py:137} INFO - [2023-03-10T19:54:05.984+0000] {dag.py:3340} INFO - Setting next_dagrun for example_xcom to 2021-01-01T00:00:00+00:00, run_after=2021-01-01T00:00:00+00:00
[2023-03-10T19:54:05.997+0000] {processor.py:176} INFO - Processing /home/airflow/.local/lib/python3.7/site-packages/airflow/example_dags/example_xcom.py took 0.104 seconds
[2023-03-10T19:54:36.560+0000] {processor.py:154} INFO - Started process (PID=556) to work on /home/airflow/.local/lib/python3.7/site-packages/airflow/example_dags/example_xcom.py
[2023-03-10T19:54:36.561+0000] {processor.py:756} INFO - Processing file /home/airflow/.local/lib/python3.7/site-packages/airflow/example_dags/example_xcom.py for tasks to queue
[2023-03-10T19:54:36.562+0000] {logging_mixin.py:137} INFO - [2023-03-10T19:54:36.562+0000] {dagbag.py:537} INFO - Filling up the DagBag from /home/airflow/.local/lib/python3.7/site-packages/airflow/example_dags/example_xcom.py
[2023-03-10T19:54:36.576+0000] {processor.py:766} INFO - DAG(s) dict_keys(['example_xcom']) retrieved from /home/airflow/.local/lib/python3.7/site-packages/airflow/example_dags/example_xcom.py
[2023-03-10T19:54:36.602+0000] {logging_mixin.py:137} INFO - [2023-03-10T19:54:36.602+0000] {dag.py:2585} INFO - Sync 1 DAGs
[2023-03-10T19:54:36.618+0000] {logging_mixin.py:137} INFO - [2023-03-10T19:54:36.618+0000] {dag.py:3340} INFO - Setting next_dagrun for example_xcom to 2021-01-01T00:00:00+00:00, run_after=2021-01-01T00:00:00+00:00
[2023-03-10T19:54:36.631+0000] {processor.py:176} INFO - Processing /home/airflow/.local/lib/python3.7/site-packages/airflow/example_dags/example_xcom.py took 0.074 seconds
[2023-03-10T19:55:07.488+0000] {processor.py:154} INFO - Started process (PID=619) to work on /home/airflow/.local/lib/python3.7/site-packages/airflow/example_dags/example_xcom.py
[2023-03-10T19:55:07.489+0000] {processor.py:756} INFO - Processing file /home/airflow/.local/lib/python3.7/site-packages/airflow/example_dags/example_xcom.py for tasks to queue
[2023-03-10T19:55:07.491+0000] {logging_mixin.py:137} INFO - [2023-03-10T19:55:07.491+0000] {dagbag.py:537} INFO - Filling up the DagBag from /home/airflow/.local/lib/python3.7/site-packages/airflow/example_dags/example_xcom.py
[2023-03-10T19:55:07.506+0000] {processor.py:766} INFO - DAG(s) dict_keys(['example_xcom']) retrieved from /home/airflow/.local/lib/python3.7/site-packages/airflow/example_dags/example_xcom.py
[2023-03-10T19:55:07.560+0000] {logging_mixin.py:137} INFO - [2023-03-10T19:55:07.559+0000] {dag.py:2585} INFO - Sync 1 DAGs
[2023-03-10T19:55:07.583+0000] {logging_mixin.py:137} INFO - [2023-03-10T19:55:07.583+0000] {dag.py:3340} INFO - Setting next_dagrun for example_xcom to 2021-01-01T00:00:00+00:00, run_after=2021-01-01T00:00:00+00:00
[2023-03-10T19:55:07.598+0000] {processor.py:176} INFO - Processing /home/airflow/.local/lib/python3.7/site-packages/airflow/example_dags/example_xcom.py took 0.112 seconds
[2023-03-10T19:55:38.379+0000] {processor.py:154} INFO - Started process (PID=673) to work on /home/airflow/.local/lib/python3.7/site-packages/airflow/example_dags/example_xcom.py
[2023-03-10T19:55:38.381+0000] {processor.py:756} INFO - Processing file /home/airflow/.local/lib/python3.7/site-packages/airflow/example_dags/example_xcom.py for tasks to queue
[2023-03-10T19:55:38.383+0000] {logging_mixin.py:137} INFO - [2023-03-10T19:55:38.383+0000] {dagbag.py:537} INFO - Filling up the DagBag from /home/airflow/.local/lib/python3.7/site-packages/airflow/example_dags/example_xcom.py
[2023-03-10T19:55:38.400+0000] {processor.py:766} INFO - DAG(s) dict_keys(['example_xcom']) retrieved from /home/airflow/.local/lib/python3.7/site-packages/airflow/example_dags/example_xcom.py
[2023-03-10T19:55:38.431+0000] {logging_mixin.py:137} INFO - [2023-03-10T19:55:38.430+0000] {dag.py:2585} INFO - Sync 1 DAGs
[2023-03-10T19:55:38.448+0000] {logging_mixin.py:137} INFO - [2023-03-10T19:55:38.448+0000] {dag.py:3340} INFO - Setting next_dagrun for example_xcom to 2021-01-01T00:00:00+00:00, run_after=2021-01-01T00:00:00+00:00
[2023-03-10T19:55:38.459+0000] {processor.py:176} INFO - Processing /home/airflow/.local/lib/python3.7/site-packages/airflow/example_dags/example_xcom.py took 0.082 seconds
[2023-03-10T19:56:08.951+0000] {processor.py:154} INFO - Started process (PID=737) to work on /home/airflow/.local/lib/python3.7/site-packages/airflow/example_dags/example_xcom.py
[2023-03-10T19:56:08.954+0000] {processor.py:756} INFO - Processing file /home/airflow/.local/lib/python3.7/site-packages/airflow/example_dags/example_xcom.py for tasks to queue
[2023-03-10T19:56:08.955+0000] {logging_mixin.py:137} INFO - [2023-03-10T19:56:08.955+0000] {dagbag.py:537} INFO - Filling up the DagBag from /home/airflow/.local/lib/python3.7/site-packages/airflow/example_dags/example_xcom.py
[2023-03-10T19:56:08.969+0000] {processor.py:766} INFO - DAG(s) dict_keys(['example_xcom']) retrieved from /home/airflow/.local/lib/python3.7/site-packages/airflow/example_dags/example_xcom.py
[2023-03-10T19:56:08.996+0000] {logging_mixin.py:137} INFO - [2023-03-10T19:56:08.995+0000] {dag.py:2585} INFO - Sync 1 DAGs
[2023-03-10T19:56:09.011+0000] {logging_mixin.py:137} INFO - [2023-03-10T19:56:09.011+0000] {dag.py:3340} INFO - Setting next_dagrun for example_xcom to 2021-01-01T00:00:00+00:00, run_after=2021-01-01T00:00:00+00:00
[2023-03-10T19:56:09.024+0000] {processor.py:176} INFO - Processing /home/airflow/.local/lib/python3.7/site-packages/airflow/example_dags/example_xcom.py took 0.075 seconds
[2023-03-10T19:56:39.778+0000] {processor.py:154} INFO - Started process (PID=801) to work on /home/airflow/.local/lib/python3.7/site-packages/airflow/example_dags/example_xcom.py
[2023-03-10T19:56:39.780+0000] {processor.py:756} INFO - Processing file /home/airflow/.local/lib/python3.7/site-packages/airflow/example_dags/example_xcom.py for tasks to queue
[2023-03-10T19:56:39.781+0000] {logging_mixin.py:137} INFO - [2023-03-10T19:56:39.781+0000] {dagbag.py:537} INFO - Filling up the DagBag from /home/airflow/.local/lib/python3.7/site-packages/airflow/example_dags/example_xcom.py
[2023-03-10T19:56:39.795+0000] {processor.py:766} INFO - DAG(s) dict_keys(['example_xcom']) retrieved from /home/airflow/.local/lib/python3.7/site-packages/airflow/example_dags/example_xcom.py
[2023-03-10T19:56:39.822+0000] {logging_mixin.py:137} INFO - [2023-03-10T19:56:39.822+0000] {dag.py:2585} INFO - Sync 1 DAGs
[2023-03-10T19:56:39.839+0000] {logging_mixin.py:137} INFO - [2023-03-10T19:56:39.839+0000] {dag.py:3340} INFO - Setting next_dagrun for example_xcom to 2021-01-01T00:00:00+00:00, run_after=2021-01-01T00:00:00+00:00
[2023-03-10T19:56:39.853+0000] {processor.py:176} INFO - Processing /home/airflow/.local/lib/python3.7/site-packages/airflow/example_dags/example_xcom.py took 0.078 seconds
[2023-03-10T19:57:10.622+0000] {processor.py:154} INFO - Started process (PID=864) to work on /home/airflow/.local/lib/python3.7/site-packages/airflow/example_dags/example_xcom.py
[2023-03-10T19:57:10.624+0000] {processor.py:756} INFO - Processing file /home/airflow/.local/lib/python3.7/site-packages/airflow/example_dags/example_xcom.py for tasks to queue
[2023-03-10T19:57:10.625+0000] {logging_mixin.py:137} INFO - [2023-03-10T19:57:10.625+0000] {dagbag.py:537} INFO - Filling up the DagBag from /home/airflow/.local/lib/python3.7/site-packages/airflow/example_dags/example_xcom.py
[2023-03-10T19:57:10.641+0000] {processor.py:766} INFO - DAG(s) dict_keys(['example_xcom']) retrieved from /home/airflow/.local/lib/python3.7/site-packages/airflow/example_dags/example_xcom.py
[2023-03-10T19:57:10.670+0000] {logging_mixin.py:137} INFO - [2023-03-10T19:57:10.670+0000] {dag.py:2585} INFO - Sync 1 DAGs
[2023-03-10T19:57:10.685+0000] {logging_mixin.py:137} INFO - [2023-03-10T19:57:10.685+0000] {dag.py:3340} INFO - Setting next_dagrun for example_xcom to 2021-01-01T00:00:00+00:00, run_after=2021-01-01T00:00:00+00:00
[2023-03-10T19:57:10.698+0000] {processor.py:176} INFO - Processing /home/airflow/.local/lib/python3.7/site-packages/airflow/example_dags/example_xcom.py took 0.078 seconds
[2023-03-10T19:57:41.776+0000] {processor.py:154} INFO - Started process (PID=927) to work on /home/airflow/.local/lib/python3.7/site-packages/airflow/example_dags/example_xcom.py
[2023-03-10T19:57:41.778+0000] {processor.py:756} INFO - Processing file /home/airflow/.local/lib/python3.7/site-packages/airflow/example_dags/example_xcom.py for tasks to queue
[2023-03-10T19:57:41.779+0000] {logging_mixin.py:137} INFO - [2023-03-10T19:57:41.779+0000] {dagbag.py:537} INFO - Filling up the DagBag from /home/airflow/.local/lib/python3.7/site-packages/airflow/example_dags/example_xcom.py
[2023-03-10T19:57:41.793+0000] {processor.py:766} INFO - DAG(s) dict_keys(['example_xcom']) retrieved from /home/airflow/.local/lib/python3.7/site-packages/airflow/example_dags/example_xcom.py
[2023-03-10T19:57:41.820+0000] {logging_mixin.py:137} INFO - [2023-03-10T19:57:41.820+0000] {dag.py:2585} INFO - Sync 1 DAGs
[2023-03-10T19:57:41.836+0000] {logging_mixin.py:137} INFO - [2023-03-10T19:57:41.836+0000] {dag.py:3340} INFO - Setting next_dagrun for example_xcom to 2021-01-01T00:00:00+00:00, run_after=2021-01-01T00:00:00+00:00
[2023-03-10T19:57:41.848+0000] {processor.py:176} INFO - Processing /home/airflow/.local/lib/python3.7/site-packages/airflow/example_dags/example_xcom.py took 0.074 seconds
[2023-03-10T19:58:12.656+0000] {processor.py:154} INFO - Started process (PID=991) to work on /home/airflow/.local/lib/python3.7/site-packages/airflow/example_dags/example_xcom.py
[2023-03-10T19:58:12.658+0000] {processor.py:756} INFO - Processing file /home/airflow/.local/lib/python3.7/site-packages/airflow/example_dags/example_xcom.py for tasks to queue
[2023-03-10T19:58:12.660+0000] {logging_mixin.py:137} INFO - [2023-03-10T19:58:12.660+0000] {dagbag.py:537} INFO - Filling up the DagBag from /home/airflow/.local/lib/python3.7/site-packages/airflow/example_dags/example_xcom.py
[2023-03-10T19:58:12.678+0000] {processor.py:766} INFO - DAG(s) dict_keys(['example_xcom']) retrieved from /home/airflow/.local/lib/python3.7/site-packages/airflow/example_dags/example_xcom.py
[2023-03-10T19:58:12.713+0000] {logging_mixin.py:137} INFO - [2023-03-10T19:58:12.713+0000] {dag.py:2585} INFO - Sync 1 DAGs
[2023-03-10T19:58:12.735+0000] {logging_mixin.py:137} INFO - [2023-03-10T19:58:12.735+0000] {dag.py:3340} INFO - Setting next_dagrun for example_xcom to 2021-01-01T00:00:00+00:00, run_after=2021-01-01T00:00:00+00:00
[2023-03-10T19:58:12.752+0000] {processor.py:176} INFO - Processing /home/airflow/.local/lib/python3.7/site-packages/airflow/example_dags/example_xcom.py took 0.098 seconds
[2023-03-10T19:58:43.191+0000] {processor.py:154} INFO - Started process (PID=1046) to work on /home/airflow/.local/lib/python3.7/site-packages/airflow/example_dags/example_xcom.py
[2023-03-10T19:58:43.193+0000] {processor.py:756} INFO - Processing file /home/airflow/.local/lib/python3.7/site-packages/airflow/example_dags/example_xcom.py for tasks to queue
[2023-03-10T19:58:43.194+0000] {logging_mixin.py:137} INFO - [2023-03-10T19:58:43.194+0000] {dagbag.py:537} INFO - Filling up the DagBag from /home/airflow/.local/lib/python3.7/site-packages/airflow/example_dags/example_xcom.py
[2023-03-10T19:58:43.206+0000] {processor.py:766} INFO - DAG(s) dict_keys(['example_xcom']) retrieved from /home/airflow/.local/lib/python3.7/site-packages/airflow/example_dags/example_xcom.py
[2023-03-10T19:58:43.230+0000] {logging_mixin.py:137} INFO - [2023-03-10T19:58:43.230+0000] {dag.py:2585} INFO - Sync 1 DAGs
[2023-03-10T19:58:43.245+0000] {logging_mixin.py:137} INFO - [2023-03-10T19:58:43.245+0000] {dag.py:3340} INFO - Setting next_dagrun for example_xcom to 2021-01-01T00:00:00+00:00, run_after=2021-01-01T00:00:00+00:00
[2023-03-10T19:58:43.257+0000] {processor.py:176} INFO - Processing /home/airflow/.local/lib/python3.7/site-packages/airflow/example_dags/example_xcom.py took 0.068 seconds
[2023-03-10T19:59:14.136+0000] {processor.py:154} INFO - Started process (PID=1110) to work on /home/airflow/.local/lib/python3.7/site-packages/airflow/example_dags/example_xcom.py
[2023-03-10T19:59:14.138+0000] {processor.py:756} INFO - Processing file /home/airflow/.local/lib/python3.7/site-packages/airflow/example_dags/example_xcom.py for tasks to queue
[2023-03-10T19:59:14.139+0000] {logging_mixin.py:137} INFO - [2023-03-10T19:59:14.139+0000] {dagbag.py:537} INFO - Filling up the DagBag from /home/airflow/.local/lib/python3.7/site-packages/airflow/example_dags/example_xcom.py
[2023-03-10T19:59:14.152+0000] {processor.py:766} INFO - DAG(s) dict_keys(['example_xcom']) retrieved from /home/airflow/.local/lib/python3.7/site-packages/airflow/example_dags/example_xcom.py
[2023-03-10T19:59:14.180+0000] {logging_mixin.py:137} INFO - [2023-03-10T19:59:14.180+0000] {dag.py:2585} INFO - Sync 1 DAGs
[2023-03-10T19:59:14.196+0000] {logging_mixin.py:137} INFO - [2023-03-10T19:59:14.196+0000] {dag.py:3340} INFO - Setting next_dagrun for example_xcom to 2021-01-01T00:00:00+00:00, run_after=2021-01-01T00:00:00+00:00
[2023-03-10T19:59:14.209+0000] {processor.py:176} INFO - Processing /home/airflow/.local/lib/python3.7/site-packages/airflow/example_dags/example_xcom.py took 0.076 seconds
[2023-03-10T19:59:45.108+0000] {processor.py:154} INFO - Started process (PID=1174) to work on /home/airflow/.local/lib/python3.7/site-packages/airflow/example_dags/example_xcom.py
[2023-03-10T19:59:45.110+0000] {processor.py:756} INFO - Processing file /home/airflow/.local/lib/python3.7/site-packages/airflow/example_dags/example_xcom.py for tasks to queue
[2023-03-10T19:59:45.111+0000] {logging_mixin.py:137} INFO - [2023-03-10T19:59:45.111+0000] {dagbag.py:537} INFO - Filling up the DagBag from /home/airflow/.local/lib/python3.7/site-packages/airflow/example_dags/example_xcom.py
[2023-03-10T19:59:45.126+0000] {processor.py:766} INFO - DAG(s) dict_keys(['example_xcom']) retrieved from /home/airflow/.local/lib/python3.7/site-packages/airflow/example_dags/example_xcom.py
[2023-03-10T19:59:45.153+0000] {logging_mixin.py:137} INFO - [2023-03-10T19:59:45.153+0000] {dag.py:2585} INFO - Sync 1 DAGs
[2023-03-10T19:59:45.168+0000] {logging_mixin.py:137} INFO - [2023-03-10T19:59:45.168+0000] {dag.py:3340} INFO - Setting next_dagrun for example_xcom to 2021-01-01T00:00:00+00:00, run_after=2021-01-01T00:00:00+00:00
[2023-03-10T19:59:45.182+0000] {processor.py:176} INFO - Processing /home/airflow/.local/lib/python3.7/site-packages/airflow/example_dags/example_xcom.py took 0.076 seconds
[2023-03-10T20:00:16.047+0000] {processor.py:154} INFO - Started process (PID=1238) to work on /home/airflow/.local/lib/python3.7/site-packages/airflow/example_dags/example_xcom.py
[2023-03-10T20:00:16.052+0000] {processor.py:756} INFO - Processing file /home/airflow/.local/lib/python3.7/site-packages/airflow/example_dags/example_xcom.py for tasks to queue
[2023-03-10T20:00:16.057+0000] {logging_mixin.py:137} INFO - [2023-03-10T20:00:16.056+0000] {dagbag.py:537} INFO - Filling up the DagBag from /home/airflow/.local/lib/python3.7/site-packages/airflow/example_dags/example_xcom.py
[2023-03-10T20:00:16.085+0000] {processor.py:766} INFO - DAG(s) dict_keys(['example_xcom']) retrieved from /home/airflow/.local/lib/python3.7/site-packages/airflow/example_dags/example_xcom.py
[2023-03-10T20:00:16.181+0000] {logging_mixin.py:137} INFO - [2023-03-10T20:00:16.180+0000] {dag.py:2585} INFO - Sync 1 DAGs
[2023-03-10T20:00:16.223+0000] {logging_mixin.py:137} INFO - [2023-03-10T20:00:16.222+0000] {dag.py:3340} INFO - Setting next_dagrun for example_xcom to 2021-01-01T00:00:00+00:00, run_after=2021-01-01T00:00:00+00:00
[2023-03-10T20:00:16.264+0000] {processor.py:176} INFO - Processing /home/airflow/.local/lib/python3.7/site-packages/airflow/example_dags/example_xcom.py took 0.220 seconds
[2023-03-10T20:00:46.851+0000] {processor.py:154} INFO - Started process (PID=1302) to work on /home/airflow/.local/lib/python3.7/site-packages/airflow/example_dags/example_xcom.py
[2023-03-10T20:00:46.853+0000] {processor.py:756} INFO - Processing file /home/airflow/.local/lib/python3.7/site-packages/airflow/example_dags/example_xcom.py for tasks to queue
[2023-03-10T20:00:46.855+0000] {logging_mixin.py:137} INFO - [2023-03-10T20:00:46.855+0000] {dagbag.py:537} INFO - Filling up the DagBag from /home/airflow/.local/lib/python3.7/site-packages/airflow/example_dags/example_xcom.py
[2023-03-10T20:00:46.871+0000] {processor.py:766} INFO - DAG(s) dict_keys(['example_xcom']) retrieved from /home/airflow/.local/lib/python3.7/site-packages/airflow/example_dags/example_xcom.py
[2023-03-10T20:00:46.905+0000] {logging_mixin.py:137} INFO - [2023-03-10T20:00:46.905+0000] {dag.py:2585} INFO - Sync 1 DAGs
[2023-03-10T20:00:46.923+0000] {logging_mixin.py:137} INFO - [2023-03-10T20:00:46.923+0000] {dag.py:3340} INFO - Setting next_dagrun for example_xcom to 2021-01-01T00:00:00+00:00, run_after=2021-01-01T00:00:00+00:00
[2023-03-10T20:00:46.942+0000] {processor.py:176} INFO - Processing /home/airflow/.local/lib/python3.7/site-packages/airflow/example_dags/example_xcom.py took 0.094 seconds
[2023-03-10T20:01:17.516+0000] {processor.py:154} INFO - Started process (PID=1366) to work on /home/airflow/.local/lib/python3.7/site-packages/airflow/example_dags/example_xcom.py
[2023-03-10T20:01:17.518+0000] {processor.py:756} INFO - Processing file /home/airflow/.local/lib/python3.7/site-packages/airflow/example_dags/example_xcom.py for tasks to queue
[2023-03-10T20:01:17.520+0000] {logging_mixin.py:137} INFO - [2023-03-10T20:01:17.520+0000] {dagbag.py:537} INFO - Filling up the DagBag from /home/airflow/.local/lib/python3.7/site-packages/airflow/example_dags/example_xcom.py
[2023-03-10T20:01:17.540+0000] {processor.py:766} INFO - DAG(s) dict_keys(['example_xcom']) retrieved from /home/airflow/.local/lib/python3.7/site-packages/airflow/example_dags/example_xcom.py
[2023-03-10T20:01:17.587+0000] {logging_mixin.py:137} INFO - [2023-03-10T20:01:17.587+0000] {dag.py:2585} INFO - Sync 1 DAGs
[2023-03-10T20:01:17.608+0000] {logging_mixin.py:137} INFO - [2023-03-10T20:01:17.608+0000] {dag.py:3340} INFO - Setting next_dagrun for example_xcom to 2021-01-01T00:00:00+00:00, run_after=2021-01-01T00:00:00+00:00
[2023-03-10T20:01:17.627+0000] {processor.py:176} INFO - Processing /home/airflow/.local/lib/python3.7/site-packages/airflow/example_dags/example_xcom.py took 0.114 seconds
[2023-03-10T20:01:48.273+0000] {processor.py:154} INFO - Started process (PID=1422) to work on /home/airflow/.local/lib/python3.7/site-packages/airflow/example_dags/example_xcom.py
[2023-03-10T20:01:48.276+0000] {processor.py:756} INFO - Processing file /home/airflow/.local/lib/python3.7/site-packages/airflow/example_dags/example_xcom.py for tasks to queue
[2023-03-10T20:01:48.281+0000] {logging_mixin.py:137} INFO - [2023-03-10T20:01:48.280+0000] {dagbag.py:537} INFO - Filling up the DagBag from /home/airflow/.local/lib/python3.7/site-packages/airflow/example_dags/example_xcom.py
[2023-03-10T20:01:48.300+0000] {processor.py:766} INFO - DAG(s) dict_keys(['example_xcom']) retrieved from /home/airflow/.local/lib/python3.7/site-packages/airflow/example_dags/example_xcom.py
[2023-03-10T20:01:48.343+0000] {logging_mixin.py:137} INFO - [2023-03-10T20:01:48.343+0000] {dag.py:2585} INFO - Sync 1 DAGs
[2023-03-10T20:01:48.366+0000] {logging_mixin.py:137} INFO - [2023-03-10T20:01:48.366+0000] {dag.py:3340} INFO - Setting next_dagrun for example_xcom to 2021-01-01T00:00:00+00:00, run_after=2021-01-01T00:00:00+00:00
[2023-03-10T20:01:48.384+0000] {processor.py:176} INFO - Processing /home/airflow/.local/lib/python3.7/site-packages/airflow/example_dags/example_xcom.py took 0.114 seconds
[2023-03-10T20:02:18.991+0000] {processor.py:154} INFO - Started process (PID=1487) to work on /home/airflow/.local/lib/python3.7/site-packages/airflow/example_dags/example_xcom.py
[2023-03-10T20:02:18.998+0000] {processor.py:756} INFO - Processing file /home/airflow/.local/lib/python3.7/site-packages/airflow/example_dags/example_xcom.py for tasks to queue
[2023-03-10T20:02:19.000+0000] {logging_mixin.py:137} INFO - [2023-03-10T20:02:18.999+0000] {dagbag.py:537} INFO - Filling up the DagBag from /home/airflow/.local/lib/python3.7/site-packages/airflow/example_dags/example_xcom.py
[2023-03-10T20:02:19.015+0000] {processor.py:766} INFO - DAG(s) dict_keys(['example_xcom']) retrieved from /home/airflow/.local/lib/python3.7/site-packages/airflow/example_dags/example_xcom.py
[2023-03-10T20:02:19.046+0000] {logging_mixin.py:137} INFO - [2023-03-10T20:02:19.046+0000] {dag.py:2585} INFO - Sync 1 DAGs
[2023-03-10T20:02:19.065+0000] {logging_mixin.py:137} INFO - [2023-03-10T20:02:19.065+0000] {dag.py:3340} INFO - Setting next_dagrun for example_xcom to 2021-01-01T00:00:00+00:00, run_after=2021-01-01T00:00:00+00:00
[2023-03-10T20:02:19.081+0000] {processor.py:176} INFO - Processing /home/airflow/.local/lib/python3.7/site-packages/airflow/example_dags/example_xcom.py took 0.092 seconds
[2023-03-10T20:02:49.691+0000] {processor.py:154} INFO - Started process (PID=1550) to work on /home/airflow/.local/lib/python3.7/site-packages/airflow/example_dags/example_xcom.py
[2023-03-10T20:02:49.693+0000] {processor.py:756} INFO - Processing file /home/airflow/.local/lib/python3.7/site-packages/airflow/example_dags/example_xcom.py for tasks to queue
[2023-03-10T20:02:49.694+0000] {logging_mixin.py:137} INFO - [2023-03-10T20:02:49.694+0000] {dagbag.py:537} INFO - Filling up the DagBag from /home/airflow/.local/lib/python3.7/site-packages/airflow/example_dags/example_xcom.py
[2023-03-10T20:02:49.712+0000] {processor.py:766} INFO - DAG(s) dict_keys(['example_xcom']) retrieved from /home/airflow/.local/lib/python3.7/site-packages/airflow/example_dags/example_xcom.py
[2023-03-10T20:02:49.743+0000] {logging_mixin.py:137} INFO - [2023-03-10T20:02:49.743+0000] {dag.py:2585} INFO - Sync 1 DAGs
[2023-03-10T20:02:49.762+0000] {logging_mixin.py:137} INFO - [2023-03-10T20:02:49.762+0000] {dag.py:3340} INFO - Setting next_dagrun for example_xcom to 2021-01-01T00:00:00+00:00, run_after=2021-01-01T00:00:00+00:00
[2023-03-10T20:02:49.776+0000] {processor.py:176} INFO - Processing /home/airflow/.local/lib/python3.7/site-packages/airflow/example_dags/example_xcom.py took 0.088 seconds
[2023-03-10T20:03:20.559+0000] {processor.py:154} INFO - Started process (PID=1612) to work on /home/airflow/.local/lib/python3.7/site-packages/airflow/example_dags/example_xcom.py
[2023-03-10T20:03:20.561+0000] {processor.py:756} INFO - Processing file /home/airflow/.local/lib/python3.7/site-packages/airflow/example_dags/example_xcom.py for tasks to queue
[2023-03-10T20:03:20.562+0000] {logging_mixin.py:137} INFO - [2023-03-10T20:03:20.562+0000] {dagbag.py:537} INFO - Filling up the DagBag from /home/airflow/.local/lib/python3.7/site-packages/airflow/example_dags/example_xcom.py
[2023-03-10T20:03:20.581+0000] {processor.py:766} INFO - DAG(s) dict_keys(['example_xcom']) retrieved from /home/airflow/.local/lib/python3.7/site-packages/airflow/example_dags/example_xcom.py
[2023-03-10T20:03:20.631+0000] {logging_mixin.py:137} INFO - [2023-03-10T20:03:20.631+0000] {dag.py:2585} INFO - Sync 1 DAGs
[2023-03-10T20:03:20.650+0000] {logging_mixin.py:137} INFO - [2023-03-10T20:03:20.650+0000] {dag.py:3340} INFO - Setting next_dagrun for example_xcom to 2021-01-01T00:00:00+00:00, run_after=2021-01-01T00:00:00+00:00
[2023-03-10T20:03:20.665+0000] {processor.py:176} INFO - Processing /home/airflow/.local/lib/python3.7/site-packages/airflow/example_dags/example_xcom.py took 0.108 seconds
[2023-03-10T20:03:51.377+0000] {processor.py:154} INFO - Started process (PID=1676) to work on /home/airflow/.local/lib/python3.7/site-packages/airflow/example_dags/example_xcom.py
[2023-03-10T20:03:51.379+0000] {processor.py:756} INFO - Processing file /home/airflow/.local/lib/python3.7/site-packages/airflow/example_dags/example_xcom.py for tasks to queue
[2023-03-10T20:03:51.381+0000] {logging_mixin.py:137} INFO - [2023-03-10T20:03:51.381+0000] {dagbag.py:537} INFO - Filling up the DagBag from /home/airflow/.local/lib/python3.7/site-packages/airflow/example_dags/example_xcom.py
[2023-03-10T20:03:51.396+0000] {processor.py:766} INFO - DAG(s) dict_keys(['example_xcom']) retrieved from /home/airflow/.local/lib/python3.7/site-packages/airflow/example_dags/example_xcom.py
[2023-03-10T20:03:51.430+0000] {logging_mixin.py:137} INFO - [2023-03-10T20:03:51.430+0000] {dag.py:2585} INFO - Sync 1 DAGs
[2023-03-10T20:03:51.447+0000] {logging_mixin.py:137} INFO - [2023-03-10T20:03:51.447+0000] {dag.py:3340} INFO - Setting next_dagrun for example_xcom to 2021-01-01T00:00:00+00:00, run_after=2021-01-01T00:00:00+00:00
[2023-03-10T20:03:51.459+0000] {processor.py:176} INFO - Processing /home/airflow/.local/lib/python3.7/site-packages/airflow/example_dags/example_xcom.py took 0.084 seconds
[2023-03-10T20:04:22.209+0000] {processor.py:154} INFO - Started process (PID=1739) to work on /home/airflow/.local/lib/python3.7/site-packages/airflow/example_dags/example_xcom.py
[2023-03-10T20:04:22.211+0000] {processor.py:756} INFO - Processing file /home/airflow/.local/lib/python3.7/site-packages/airflow/example_dags/example_xcom.py for tasks to queue
[2023-03-10T20:04:22.213+0000] {logging_mixin.py:137} INFO - [2023-03-10T20:04:22.213+0000] {dagbag.py:537} INFO - Filling up the DagBag from /home/airflow/.local/lib/python3.7/site-packages/airflow/example_dags/example_xcom.py
[2023-03-10T20:04:22.236+0000] {processor.py:766} INFO - DAG(s) dict_keys(['example_xcom']) retrieved from /home/airflow/.local/lib/python3.7/site-packages/airflow/example_dags/example_xcom.py
[2023-03-10T20:04:22.281+0000] {logging_mixin.py:137} INFO - [2023-03-10T20:04:22.280+0000] {dag.py:2585} INFO - Sync 1 DAGs
[2023-03-10T20:04:22.302+0000] {logging_mixin.py:137} INFO - [2023-03-10T20:04:22.302+0000] {dag.py:3340} INFO - Setting next_dagrun for example_xcom to 2021-01-01T00:00:00+00:00, run_after=2021-01-01T00:00:00+00:00
[2023-03-10T20:04:22.315+0000] {processor.py:176} INFO - Processing /home/airflow/.local/lib/python3.7/site-packages/airflow/example_dags/example_xcom.py took 0.109 seconds
[2023-03-10T20:04:52.747+0000] {processor.py:154} INFO - Started process (PID=1794) to work on /home/airflow/.local/lib/python3.7/site-packages/airflow/example_dags/example_xcom.py
[2023-03-10T20:04:52.749+0000] {processor.py:756} INFO - Processing file /home/airflow/.local/lib/python3.7/site-packages/airflow/example_dags/example_xcom.py for tasks to queue
[2023-03-10T20:04:52.750+0000] {logging_mixin.py:137} INFO - [2023-03-10T20:04:52.750+0000] {dagbag.py:537} INFO - Filling up the DagBag from /home/airflow/.local/lib/python3.7/site-packages/airflow/example_dags/example_xcom.py
[2023-03-10T20:04:52.765+0000] {processor.py:766} INFO - DAG(s) dict_keys(['example_xcom']) retrieved from /home/airflow/.local/lib/python3.7/site-packages/airflow/example_dags/example_xcom.py
[2023-03-10T20:04:52.792+0000] {logging_mixin.py:137} INFO - [2023-03-10T20:04:52.792+0000] {dag.py:2585} INFO - Sync 1 DAGs
[2023-03-10T20:04:52.808+0000] {logging_mixin.py:137} INFO - [2023-03-10T20:04:52.808+0000] {dag.py:3340} INFO - Setting next_dagrun for example_xcom to 2021-01-01T00:00:00+00:00, run_after=2021-01-01T00:00:00+00:00
[2023-03-10T20:04:52.823+0000] {processor.py:176} INFO - Processing /home/airflow/.local/lib/python3.7/site-packages/airflow/example_dags/example_xcom.py took 0.078 seconds
[2023-03-10T20:05:23.437+0000] {processor.py:154} INFO - Started process (PID=1858) to work on /home/airflow/.local/lib/python3.7/site-packages/airflow/example_dags/example_xcom.py
[2023-03-10T20:05:23.439+0000] {processor.py:756} INFO - Processing file /home/airflow/.local/lib/python3.7/site-packages/airflow/example_dags/example_xcom.py for tasks to queue
[2023-03-10T20:05:23.441+0000] {logging_mixin.py:137} INFO - [2023-03-10T20:05:23.441+0000] {dagbag.py:537} INFO - Filling up the DagBag from /home/airflow/.local/lib/python3.7/site-packages/airflow/example_dags/example_xcom.py
[2023-03-10T20:05:23.456+0000] {processor.py:766} INFO - DAG(s) dict_keys(['example_xcom']) retrieved from /home/airflow/.local/lib/python3.7/site-packages/airflow/example_dags/example_xcom.py
[2023-03-10T20:05:23.486+0000] {logging_mixin.py:137} INFO - [2023-03-10T20:05:23.486+0000] {dag.py:2585} INFO - Sync 1 DAGs
[2023-03-10T20:05:23.502+0000] {logging_mixin.py:137} INFO - [2023-03-10T20:05:23.502+0000] {dag.py:3340} INFO - Setting next_dagrun for example_xcom to 2021-01-01T00:00:00+00:00, run_after=2021-01-01T00:00:00+00:00
[2023-03-10T20:05:23.514+0000] {processor.py:176} INFO - Processing /home/airflow/.local/lib/python3.7/site-packages/airflow/example_dags/example_xcom.py took 0.080 seconds
[2023-03-10T20:05:54.460+0000] {processor.py:154} INFO - Started process (PID=1922) to work on /home/airflow/.local/lib/python3.7/site-packages/airflow/example_dags/example_xcom.py
[2023-03-10T20:05:54.462+0000] {processor.py:756} INFO - Processing file /home/airflow/.local/lib/python3.7/site-packages/airflow/example_dags/example_xcom.py for tasks to queue
[2023-03-10T20:05:54.463+0000] {logging_mixin.py:137} INFO - [2023-03-10T20:05:54.462+0000] {dagbag.py:537} INFO - Filling up the DagBag from /home/airflow/.local/lib/python3.7/site-packages/airflow/example_dags/example_xcom.py
[2023-03-10T20:05:54.477+0000] {processor.py:766} INFO - DAG(s) dict_keys(['example_xcom']) retrieved from /home/airflow/.local/lib/python3.7/site-packages/airflow/example_dags/example_xcom.py
[2023-03-10T20:05:54.504+0000] {logging_mixin.py:137} INFO - [2023-03-10T20:05:54.504+0000] {dag.py:2585} INFO - Sync 1 DAGs
[2023-03-10T20:05:54.520+0000] {logging_mixin.py:137} INFO - [2023-03-10T20:05:54.520+0000] {dag.py:3340} INFO - Setting next_dagrun for example_xcom to 2021-01-01T00:00:00+00:00, run_after=2021-01-01T00:00:00+00:00
[2023-03-10T20:05:54.532+0000] {processor.py:176} INFO - Processing /home/airflow/.local/lib/python3.7/site-packages/airflow/example_dags/example_xcom.py took 0.075 seconds
[2023-03-10T20:06:25.005+0000] {processor.py:154} INFO - Started process (PID=1986) to work on /home/airflow/.local/lib/python3.7/site-packages/airflow/example_dags/example_xcom.py
[2023-03-10T20:06:25.006+0000] {processor.py:756} INFO - Processing file /home/airflow/.local/lib/python3.7/site-packages/airflow/example_dags/example_xcom.py for tasks to queue
[2023-03-10T20:06:25.008+0000] {logging_mixin.py:137} INFO - [2023-03-10T20:06:25.008+0000] {dagbag.py:537} INFO - Filling up the DagBag from /home/airflow/.local/lib/python3.7/site-packages/airflow/example_dags/example_xcom.py
[2023-03-10T20:06:25.023+0000] {processor.py:766} INFO - DAG(s) dict_keys(['example_xcom']) retrieved from /home/airflow/.local/lib/python3.7/site-packages/airflow/example_dags/example_xcom.py
[2023-03-10T20:06:25.054+0000] {logging_mixin.py:137} INFO - [2023-03-10T20:06:25.053+0000] {dag.py:2585} INFO - Sync 1 DAGs
[2023-03-10T20:06:25.073+0000] {logging_mixin.py:137} INFO - [2023-03-10T20:06:25.073+0000] {dag.py:3340} INFO - Setting next_dagrun for example_xcom to 2021-01-01T00:00:00+00:00, run_after=2021-01-01T00:00:00+00:00
[2023-03-10T20:06:25.088+0000] {processor.py:176} INFO - Processing /home/airflow/.local/lib/python3.7/site-packages/airflow/example_dags/example_xcom.py took 0.086 seconds
[2023-03-10T20:06:55.710+0000] {processor.py:154} INFO - Started process (PID=2050) to work on /home/airflow/.local/lib/python3.7/site-packages/airflow/example_dags/example_xcom.py
[2023-03-10T20:06:55.712+0000] {processor.py:756} INFO - Processing file /home/airflow/.local/lib/python3.7/site-packages/airflow/example_dags/example_xcom.py for tasks to queue
[2023-03-10T20:06:55.713+0000] {logging_mixin.py:137} INFO - [2023-03-10T20:06:55.713+0000] {dagbag.py:537} INFO - Filling up the DagBag from /home/airflow/.local/lib/python3.7/site-packages/airflow/example_dags/example_xcom.py
[2023-03-10T20:06:55.728+0000] {processor.py:766} INFO - DAG(s) dict_keys(['example_xcom']) retrieved from /home/airflow/.local/lib/python3.7/site-packages/airflow/example_dags/example_xcom.py
[2023-03-10T20:06:55.755+0000] {logging_mixin.py:137} INFO - [2023-03-10T20:06:55.755+0000] {dag.py:2585} INFO - Sync 1 DAGs
[2023-03-10T20:06:55.771+0000] {logging_mixin.py:137} INFO - [2023-03-10T20:06:55.771+0000] {dag.py:3340} INFO - Setting next_dagrun for example_xcom to 2021-01-01T00:00:00+00:00, run_after=2021-01-01T00:00:00+00:00
[2023-03-10T20:06:55.784+0000] {processor.py:176} INFO - Processing /home/airflow/.local/lib/python3.7/site-packages/airflow/example_dags/example_xcom.py took 0.076 seconds
[2023-03-10T20:07:26.459+0000] {processor.py:154} INFO - Started process (PID=2113) to work on /home/airflow/.local/lib/python3.7/site-packages/airflow/example_dags/example_xcom.py
[2023-03-10T20:07:26.460+0000] {processor.py:756} INFO - Processing file /home/airflow/.local/lib/python3.7/site-packages/airflow/example_dags/example_xcom.py for tasks to queue
[2023-03-10T20:07:26.462+0000] {logging_mixin.py:137} INFO - [2023-03-10T20:07:26.462+0000] {dagbag.py:537} INFO - Filling up the DagBag from /home/airflow/.local/lib/python3.7/site-packages/airflow/example_dags/example_xcom.py
[2023-03-10T20:07:26.478+0000] {processor.py:766} INFO - DAG(s) dict_keys(['example_xcom']) retrieved from /home/airflow/.local/lib/python3.7/site-packages/airflow/example_dags/example_xcom.py
[2023-03-10T20:07:26.517+0000] {logging_mixin.py:137} INFO - [2023-03-10T20:07:26.517+0000] {dag.py:2585} INFO - Sync 1 DAGs
[2023-03-10T20:07:26.537+0000] {logging_mixin.py:137} INFO - [2023-03-10T20:07:26.537+0000] {dag.py:3340} INFO - Setting next_dagrun for example_xcom to 2021-01-01T00:00:00+00:00, run_after=2021-01-01T00:00:00+00:00
[2023-03-10T20:07:26.566+0000] {processor.py:176} INFO - Processing /home/airflow/.local/lib/python3.7/site-packages/airflow/example_dags/example_xcom.py took 0.110 seconds
[2023-03-10T20:07:56.999+0000] {processor.py:154} INFO - Started process (PID=2168) to work on /home/airflow/.local/lib/python3.7/site-packages/airflow/example_dags/example_xcom.py
[2023-03-10T20:07:57.002+0000] {processor.py:756} INFO - Processing file /home/airflow/.local/lib/python3.7/site-packages/airflow/example_dags/example_xcom.py for tasks to queue
[2023-03-10T20:07:57.003+0000] {logging_mixin.py:137} INFO - [2023-03-10T20:07:57.003+0000] {dagbag.py:537} INFO - Filling up the DagBag from /home/airflow/.local/lib/python3.7/site-packages/airflow/example_dags/example_xcom.py
[2023-03-10T20:07:57.017+0000] {processor.py:766} INFO - DAG(s) dict_keys(['example_xcom']) retrieved from /home/airflow/.local/lib/python3.7/site-packages/airflow/example_dags/example_xcom.py
[2023-03-10T20:07:57.045+0000] {logging_mixin.py:137} INFO - [2023-03-10T20:07:57.045+0000] {dag.py:2585} INFO - Sync 1 DAGs
[2023-03-10T20:07:57.060+0000] {logging_mixin.py:137} INFO - [2023-03-10T20:07:57.060+0000] {dag.py:3340} INFO - Setting next_dagrun for example_xcom to 2021-01-01T00:00:00+00:00, run_after=2021-01-01T00:00:00+00:00
[2023-03-10T20:07:57.072+0000] {processor.py:176} INFO - Processing /home/airflow/.local/lib/python3.7/site-packages/airflow/example_dags/example_xcom.py took 0.075 seconds
[2023-03-10T20:08:27.655+0000] {processor.py:154} INFO - Started process (PID=2231) to work on /home/airflow/.local/lib/python3.7/site-packages/airflow/example_dags/example_xcom.py
[2023-03-10T20:08:27.657+0000] {processor.py:756} INFO - Processing file /home/airflow/.local/lib/python3.7/site-packages/airflow/example_dags/example_xcom.py for tasks to queue
[2023-03-10T20:08:27.659+0000] {logging_mixin.py:137} INFO - [2023-03-10T20:08:27.659+0000] {dagbag.py:537} INFO - Filling up the DagBag from /home/airflow/.local/lib/python3.7/site-packages/airflow/example_dags/example_xcom.py
[2023-03-10T20:08:27.673+0000] {processor.py:766} INFO - DAG(s) dict_keys(['example_xcom']) retrieved from /home/airflow/.local/lib/python3.7/site-packages/airflow/example_dags/example_xcom.py
[2023-03-10T20:08:27.699+0000] {logging_mixin.py:137} INFO - [2023-03-10T20:08:27.699+0000] {dag.py:2585} INFO - Sync 1 DAGs
[2023-03-10T20:08:27.714+0000] {logging_mixin.py:137} INFO - [2023-03-10T20:08:27.714+0000] {dag.py:3340} INFO - Setting next_dagrun for example_xcom to 2021-01-01T00:00:00+00:00, run_after=2021-01-01T00:00:00+00:00
[2023-03-10T20:08:27.727+0000] {processor.py:176} INFO - Processing /home/airflow/.local/lib/python3.7/site-packages/airflow/example_dags/example_xcom.py took 0.074 seconds
[2023-03-10T20:08:58.213+0000] {processor.py:154} INFO - Started process (PID=2296) to work on /home/airflow/.local/lib/python3.7/site-packages/airflow/example_dags/example_xcom.py
[2023-03-10T20:08:58.215+0000] {processor.py:756} INFO - Processing file /home/airflow/.local/lib/python3.7/site-packages/airflow/example_dags/example_xcom.py for tasks to queue
[2023-03-10T20:08:58.216+0000] {logging_mixin.py:137} INFO - [2023-03-10T20:08:58.216+0000] {dagbag.py:537} INFO - Filling up the DagBag from /home/airflow/.local/lib/python3.7/site-packages/airflow/example_dags/example_xcom.py
[2023-03-10T20:08:58.231+0000] {processor.py:766} INFO - DAG(s) dict_keys(['example_xcom']) retrieved from /home/airflow/.local/lib/python3.7/site-packages/airflow/example_dags/example_xcom.py
[2023-03-10T20:08:58.261+0000] {logging_mixin.py:137} INFO - [2023-03-10T20:08:58.260+0000] {dag.py:2585} INFO - Sync 1 DAGs
[2023-03-10T20:08:58.279+0000] {logging_mixin.py:137} INFO - [2023-03-10T20:08:58.279+0000] {dag.py:3340} INFO - Setting next_dagrun for example_xcom to 2021-01-01T00:00:00+00:00, run_after=2021-01-01T00:00:00+00:00
[2023-03-10T20:08:58.297+0000] {processor.py:176} INFO - Processing /home/airflow/.local/lib/python3.7/site-packages/airflow/example_dags/example_xcom.py took 0.087 seconds
[2023-03-10T20:09:29.188+0000] {processor.py:154} INFO - Started process (PID=2359) to work on /home/airflow/.local/lib/python3.7/site-packages/airflow/example_dags/example_xcom.py
[2023-03-10T20:09:29.189+0000] {processor.py:756} INFO - Processing file /home/airflow/.local/lib/python3.7/site-packages/airflow/example_dags/example_xcom.py for tasks to queue
[2023-03-10T20:09:29.191+0000] {logging_mixin.py:137} INFO - [2023-03-10T20:09:29.191+0000] {dagbag.py:537} INFO - Filling up the DagBag from /home/airflow/.local/lib/python3.7/site-packages/airflow/example_dags/example_xcom.py
[2023-03-10T20:09:29.207+0000] {processor.py:766} INFO - DAG(s) dict_keys(['example_xcom']) retrieved from /home/airflow/.local/lib/python3.7/site-packages/airflow/example_dags/example_xcom.py
[2023-03-10T20:09:29.237+0000] {logging_mixin.py:137} INFO - [2023-03-10T20:09:29.236+0000] {dag.py:2585} INFO - Sync 1 DAGs
[2023-03-10T20:09:29.258+0000] {logging_mixin.py:137} INFO - [2023-03-10T20:09:29.258+0000] {dag.py:3340} INFO - Setting next_dagrun for example_xcom to 2021-01-01T00:00:00+00:00, run_after=2021-01-01T00:00:00+00:00
[2023-03-10T20:09:29.275+0000] {processor.py:176} INFO - Processing /home/airflow/.local/lib/python3.7/site-packages/airflow/example_dags/example_xcom.py took 0.089 seconds
[2023-03-10T20:10:00.019+0000] {processor.py:154} INFO - Started process (PID=2424) to work on /home/airflow/.local/lib/python3.7/site-packages/airflow/example_dags/example_xcom.py
[2023-03-10T20:10:00.023+0000] {processor.py:756} INFO - Processing file /home/airflow/.local/lib/python3.7/site-packages/airflow/example_dags/example_xcom.py for tasks to queue
[2023-03-10T20:10:00.025+0000] {logging_mixin.py:137} INFO - [2023-03-10T20:10:00.025+0000] {dagbag.py:537} INFO - Filling up the DagBag from /home/airflow/.local/lib/python3.7/site-packages/airflow/example_dags/example_xcom.py
[2023-03-10T20:10:00.047+0000] {processor.py:766} INFO - DAG(s) dict_keys(['example_xcom']) retrieved from /home/airflow/.local/lib/python3.7/site-packages/airflow/example_dags/example_xcom.py
[2023-03-10T20:10:00.083+0000] {logging_mixin.py:137} INFO - [2023-03-10T20:10:00.083+0000] {dag.py:2585} INFO - Sync 1 DAGs
[2023-03-10T20:10:00.103+0000] {logging_mixin.py:137} INFO - [2023-03-10T20:10:00.102+0000] {dag.py:3340} INFO - Setting next_dagrun for example_xcom to 2021-01-01T00:00:00+00:00, run_after=2021-01-01T00:00:00+00:00
[2023-03-10T20:10:00.121+0000] {processor.py:176} INFO - Processing /home/airflow/.local/lib/python3.7/site-packages/airflow/example_dags/example_xcom.py took 0.106 seconds
[2023-03-10T20:10:30.606+0000] {processor.py:154} INFO - Started process (PID=2479) to work on /home/airflow/.local/lib/python3.7/site-packages/airflow/example_dags/example_xcom.py
[2023-03-10T20:10:30.608+0000] {processor.py:756} INFO - Processing file /home/airflow/.local/lib/python3.7/site-packages/airflow/example_dags/example_xcom.py for tasks to queue
[2023-03-10T20:10:30.609+0000] {logging_mixin.py:137} INFO - [2023-03-10T20:10:30.609+0000] {dagbag.py:537} INFO - Filling up the DagBag from /home/airflow/.local/lib/python3.7/site-packages/airflow/example_dags/example_xcom.py
[2023-03-10T20:10:30.623+0000] {processor.py:766} INFO - DAG(s) dict_keys(['example_xcom']) retrieved from /home/airflow/.local/lib/python3.7/site-packages/airflow/example_dags/example_xcom.py
[2023-03-10T20:10:30.651+0000] {logging_mixin.py:137} INFO - [2023-03-10T20:10:30.651+0000] {dag.py:2585} INFO - Sync 1 DAGs
[2023-03-10T20:10:30.666+0000] {logging_mixin.py:137} INFO - [2023-03-10T20:10:30.666+0000] {dag.py:3340} INFO - Setting next_dagrun for example_xcom to 2021-01-01T00:00:00+00:00, run_after=2021-01-01T00:00:00+00:00
[2023-03-10T20:10:30.680+0000] {processor.py:176} INFO - Processing /home/airflow/.local/lib/python3.7/site-packages/airflow/example_dags/example_xcom.py took 0.077 seconds
[2023-03-10T20:11:01.267+0000] {processor.py:154} INFO - Started process (PID=2543) to work on /home/airflow/.local/lib/python3.7/site-packages/airflow/example_dags/example_xcom.py
[2023-03-10T20:11:01.269+0000] {processor.py:756} INFO - Processing file /home/airflow/.local/lib/python3.7/site-packages/airflow/example_dags/example_xcom.py for tasks to queue
[2023-03-10T20:11:01.270+0000] {logging_mixin.py:137} INFO - [2023-03-10T20:11:01.270+0000] {dagbag.py:537} INFO - Filling up the DagBag from /home/airflow/.local/lib/python3.7/site-packages/airflow/example_dags/example_xcom.py
[2023-03-10T20:11:01.283+0000] {processor.py:766} INFO - DAG(s) dict_keys(['example_xcom']) retrieved from /home/airflow/.local/lib/python3.7/site-packages/airflow/example_dags/example_xcom.py
[2023-03-10T20:11:01.308+0000] {logging_mixin.py:137} INFO - [2023-03-10T20:11:01.308+0000] {dag.py:2585} INFO - Sync 1 DAGs
[2023-03-10T20:11:01.322+0000] {logging_mixin.py:137} INFO - [2023-03-10T20:11:01.322+0000] {dag.py:3340} INFO - Setting next_dagrun for example_xcom to 2021-01-01T00:00:00+00:00, run_after=2021-01-01T00:00:00+00:00
[2023-03-10T20:11:01.334+0000] {processor.py:176} INFO - Processing /home/airflow/.local/lib/python3.7/site-packages/airflow/example_dags/example_xcom.py took 0.070 seconds
[2023-03-10T20:11:31.666+0000] {processor.py:154} INFO - Started process (PID=2606) to work on /home/airflow/.local/lib/python3.7/site-packages/airflow/example_dags/example_xcom.py
[2023-03-10T20:11:31.667+0000] {processor.py:756} INFO - Processing file /home/airflow/.local/lib/python3.7/site-packages/airflow/example_dags/example_xcom.py for tasks to queue
[2023-03-10T20:11:31.669+0000] {logging_mixin.py:137} INFO - [2023-03-10T20:11:31.669+0000] {dagbag.py:537} INFO - Filling up the DagBag from /home/airflow/.local/lib/python3.7/site-packages/airflow/example_dags/example_xcom.py
[2023-03-10T20:11:31.682+0000] {processor.py:766} INFO - DAG(s) dict_keys(['example_xcom']) retrieved from /home/airflow/.local/lib/python3.7/site-packages/airflow/example_dags/example_xcom.py
[2023-03-10T20:11:31.706+0000] {logging_mixin.py:137} INFO - [2023-03-10T20:11:31.706+0000] {dag.py:2585} INFO - Sync 1 DAGs
[2023-03-10T20:11:31.722+0000] {logging_mixin.py:137} INFO - [2023-03-10T20:11:31.721+0000] {dag.py:3340} INFO - Setting next_dagrun for example_xcom to 2021-01-01T00:00:00+00:00, run_after=2021-01-01T00:00:00+00:00
[2023-03-10T20:11:31.732+0000] {processor.py:176} INFO - Processing /home/airflow/.local/lib/python3.7/site-packages/airflow/example_dags/example_xcom.py took 0.068 seconds
[2023-03-10T20:12:02.457+0000] {processor.py:154} INFO - Started process (PID=2668) to work on /home/airflow/.local/lib/python3.7/site-packages/airflow/example_dags/example_xcom.py
[2023-03-10T20:12:02.458+0000] {processor.py:756} INFO - Processing file /home/airflow/.local/lib/python3.7/site-packages/airflow/example_dags/example_xcom.py for tasks to queue
[2023-03-10T20:12:02.459+0000] {logging_mixin.py:137} INFO - [2023-03-10T20:12:02.459+0000] {dagbag.py:537} INFO - Filling up the DagBag from /home/airflow/.local/lib/python3.7/site-packages/airflow/example_dags/example_xcom.py
[2023-03-10T20:12:02.472+0000] {processor.py:766} INFO - DAG(s) dict_keys(['example_xcom']) retrieved from /home/airflow/.local/lib/python3.7/site-packages/airflow/example_dags/example_xcom.py
[2023-03-10T20:12:02.505+0000] {logging_mixin.py:137} INFO - [2023-03-10T20:12:02.505+0000] {dag.py:2585} INFO - Sync 1 DAGs
[2023-03-10T20:12:02.523+0000] {logging_mixin.py:137} INFO - [2023-03-10T20:12:02.522+0000] {dag.py:3340} INFO - Setting next_dagrun for example_xcom to 2021-01-01T00:00:00+00:00, run_after=2021-01-01T00:00:00+00:00
[2023-03-10T20:12:02.536+0000] {processor.py:176} INFO - Processing /home/airflow/.local/lib/python3.7/site-packages/airflow/example_dags/example_xcom.py took 0.081 seconds
[2023-03-10T20:12:33.149+0000] {processor.py:154} INFO - Started process (PID=2732) to work on /home/airflow/.local/lib/python3.7/site-packages/airflow/example_dags/example_xcom.py
[2023-03-10T20:12:33.150+0000] {processor.py:756} INFO - Processing file /home/airflow/.local/lib/python3.7/site-packages/airflow/example_dags/example_xcom.py for tasks to queue
[2023-03-10T20:12:33.154+0000] {logging_mixin.py:137} INFO - [2023-03-10T20:12:33.153+0000] {dagbag.py:537} INFO - Filling up the DagBag from /home/airflow/.local/lib/python3.7/site-packages/airflow/example_dags/example_xcom.py
[2023-03-10T20:12:33.190+0000] {processor.py:766} INFO - DAG(s) dict_keys(['example_xcom']) retrieved from /home/airflow/.local/lib/python3.7/site-packages/airflow/example_dags/example_xcom.py
[2023-03-10T20:12:33.223+0000] {logging_mixin.py:137} INFO - [2023-03-10T20:12:33.223+0000] {dag.py:2585} INFO - Sync 1 DAGs
[2023-03-10T20:12:33.242+0000] {logging_mixin.py:137} INFO - [2023-03-10T20:12:33.242+0000] {dag.py:3340} INFO - Setting next_dagrun for example_xcom to 2021-01-01T00:00:00+00:00, run_after=2021-01-01T00:00:00+00:00
[2023-03-10T20:12:33.255+0000] {processor.py:176} INFO - Processing /home/airflow/.local/lib/python3.7/site-packages/airflow/example_dags/example_xcom.py took 0.109 seconds
[2023-03-10T20:13:03.999+0000] {processor.py:154} INFO - Started process (PID=2795) to work on /home/airflow/.local/lib/python3.7/site-packages/airflow/example_dags/example_xcom.py
[2023-03-10T20:13:04.001+0000] {processor.py:756} INFO - Processing file /home/airflow/.local/lib/python3.7/site-packages/airflow/example_dags/example_xcom.py for tasks to queue
[2023-03-10T20:13:04.002+0000] {logging_mixin.py:137} INFO - [2023-03-10T20:13:04.002+0000] {dagbag.py:537} INFO - Filling up the DagBag from /home/airflow/.local/lib/python3.7/site-packages/airflow/example_dags/example_xcom.py
[2023-03-10T20:13:04.017+0000] {processor.py:766} INFO - DAG(s) dict_keys(['example_xcom']) retrieved from /home/airflow/.local/lib/python3.7/site-packages/airflow/example_dags/example_xcom.py
[2023-03-10T20:13:04.042+0000] {logging_mixin.py:137} INFO - [2023-03-10T20:13:04.042+0000] {dag.py:2585} INFO - Sync 1 DAGs
[2023-03-10T20:13:04.056+0000] {logging_mixin.py:137} INFO - [2023-03-10T20:13:04.056+0000] {dag.py:3340} INFO - Setting next_dagrun for example_xcom to 2021-01-01T00:00:00+00:00, run_after=2021-01-01T00:00:00+00:00
[2023-03-10T20:13:04.068+0000] {processor.py:176} INFO - Processing /home/airflow/.local/lib/python3.7/site-packages/airflow/example_dags/example_xcom.py took 0.072 seconds
[2023-03-10T20:13:34.554+0000] {processor.py:154} INFO - Started process (PID=2850) to work on /home/airflow/.local/lib/python3.7/site-packages/airflow/example_dags/example_xcom.py
[2023-03-10T20:13:34.556+0000] {processor.py:756} INFO - Processing file /home/airflow/.local/lib/python3.7/site-packages/airflow/example_dags/example_xcom.py for tasks to queue
[2023-03-10T20:13:34.557+0000] {logging_mixin.py:137} INFO - [2023-03-10T20:13:34.557+0000] {dagbag.py:537} INFO - Filling up the DagBag from /home/airflow/.local/lib/python3.7/site-packages/airflow/example_dags/example_xcom.py
[2023-03-10T20:13:34.573+0000] {processor.py:766} INFO - DAG(s) dict_keys(['example_xcom']) retrieved from /home/airflow/.local/lib/python3.7/site-packages/airflow/example_dags/example_xcom.py
[2023-03-10T20:13:34.601+0000] {logging_mixin.py:137} INFO - [2023-03-10T20:13:34.601+0000] {dag.py:2585} INFO - Sync 1 DAGs
[2023-03-10T20:13:34.618+0000] {logging_mixin.py:137} INFO - [2023-03-10T20:13:34.618+0000] {dag.py:3340} INFO - Setting next_dagrun for example_xcom to 2021-01-01T00:00:00+00:00, run_after=2021-01-01T00:00:00+00:00
[2023-03-10T20:13:34.630+0000] {processor.py:176} INFO - Processing /home/airflow/.local/lib/python3.7/site-packages/airflow/example_dags/example_xcom.py took 0.079 seconds
[2023-03-10T20:14:05.324+0000] {processor.py:154} INFO - Started process (PID=2914) to work on /home/airflow/.local/lib/python3.7/site-packages/airflow/example_dags/example_xcom.py
[2023-03-10T20:14:05.326+0000] {processor.py:756} INFO - Processing file /home/airflow/.local/lib/python3.7/site-packages/airflow/example_dags/example_xcom.py for tasks to queue
[2023-03-10T20:14:05.328+0000] {logging_mixin.py:137} INFO - [2023-03-10T20:14:05.328+0000] {dagbag.py:537} INFO - Filling up the DagBag from /home/airflow/.local/lib/python3.7/site-packages/airflow/example_dags/example_xcom.py
[2023-03-10T20:14:05.347+0000] {processor.py:766} INFO - DAG(s) dict_keys(['example_xcom']) retrieved from /home/airflow/.local/lib/python3.7/site-packages/airflow/example_dags/example_xcom.py
[2023-03-10T20:14:05.378+0000] {logging_mixin.py:137} INFO - [2023-03-10T20:14:05.378+0000] {dag.py:2585} INFO - Sync 1 DAGs
[2023-03-10T20:14:05.395+0000] {logging_mixin.py:137} INFO - [2023-03-10T20:14:05.395+0000] {dag.py:3340} INFO - Setting next_dagrun for example_xcom to 2021-01-01T00:00:00+00:00, run_after=2021-01-01T00:00:00+00:00
[2023-03-10T20:14:05.418+0000] {processor.py:176} INFO - Processing /home/airflow/.local/lib/python3.7/site-packages/airflow/example_dags/example_xcom.py took 0.096 seconds
[2023-03-10T20:14:35.856+0000] {processor.py:154} INFO - Started process (PID=2978) to work on /home/airflow/.local/lib/python3.7/site-packages/airflow/example_dags/example_xcom.py
[2023-03-10T20:14:35.858+0000] {processor.py:756} INFO - Processing file /home/airflow/.local/lib/python3.7/site-packages/airflow/example_dags/example_xcom.py for tasks to queue
[2023-03-10T20:14:35.859+0000] {logging_mixin.py:137} INFO - [2023-03-10T20:14:35.859+0000] {dagbag.py:537} INFO - Filling up the DagBag from /home/airflow/.local/lib/python3.7/site-packages/airflow/example_dags/example_xcom.py
[2023-03-10T20:14:35.873+0000] {processor.py:766} INFO - DAG(s) dict_keys(['example_xcom']) retrieved from /home/airflow/.local/lib/python3.7/site-packages/airflow/example_dags/example_xcom.py
[2023-03-10T20:14:35.900+0000] {logging_mixin.py:137} INFO - [2023-03-10T20:14:35.900+0000] {dag.py:2585} INFO - Sync 1 DAGs
[2023-03-10T20:14:35.921+0000] {logging_mixin.py:137} INFO - [2023-03-10T20:14:35.921+0000] {dag.py:3340} INFO - Setting next_dagrun for example_xcom to 2021-01-01T00:00:00+00:00, run_after=2021-01-01T00:00:00+00:00
[2023-03-10T20:14:35.935+0000] {processor.py:176} INFO - Processing /home/airflow/.local/lib/python3.7/site-packages/airflow/example_dags/example_xcom.py took 0.082 seconds
[2023-03-10T20:15:06.506+0000] {processor.py:154} INFO - Started process (PID=3042) to work on /home/airflow/.local/lib/python3.7/site-packages/airflow/example_dags/example_xcom.py
[2023-03-10T20:15:06.507+0000] {processor.py:756} INFO - Processing file /home/airflow/.local/lib/python3.7/site-packages/airflow/example_dags/example_xcom.py for tasks to queue
[2023-03-10T20:15:06.509+0000] {logging_mixin.py:137} INFO - [2023-03-10T20:15:06.509+0000] {dagbag.py:537} INFO - Filling up the DagBag from /home/airflow/.local/lib/python3.7/site-packages/airflow/example_dags/example_xcom.py
[2023-03-10T20:15:06.522+0000] {processor.py:766} INFO - DAG(s) dict_keys(['example_xcom']) retrieved from /home/airflow/.local/lib/python3.7/site-packages/airflow/example_dags/example_xcom.py
[2023-03-10T20:15:06.546+0000] {logging_mixin.py:137} INFO - [2023-03-10T20:15:06.546+0000] {dag.py:2585} INFO - Sync 1 DAGs
[2023-03-10T20:15:06.559+0000] {logging_mixin.py:137} INFO - [2023-03-10T20:15:06.559+0000] {dag.py:3340} INFO - Setting next_dagrun for example_xcom to 2021-01-01T00:00:00+00:00, run_after=2021-01-01T00:00:00+00:00
[2023-03-10T20:15:06.570+0000] {processor.py:176} INFO - Processing /home/airflow/.local/lib/python3.7/site-packages/airflow/example_dags/example_xcom.py took 0.066 seconds
[2023-03-10T20:15:36.888+0000] {processor.py:154} INFO - Started process (PID=3106) to work on /home/airflow/.local/lib/python3.7/site-packages/airflow/example_dags/example_xcom.py
[2023-03-10T20:15:36.890+0000] {processor.py:756} INFO - Processing file /home/airflow/.local/lib/python3.7/site-packages/airflow/example_dags/example_xcom.py for tasks to queue
[2023-03-10T20:15:36.891+0000] {logging_mixin.py:137} INFO - [2023-03-10T20:15:36.891+0000] {dagbag.py:537} INFO - Filling up the DagBag from /home/airflow/.local/lib/python3.7/site-packages/airflow/example_dags/example_xcom.py
[2023-03-10T20:15:36.907+0000] {processor.py:766} INFO - DAG(s) dict_keys(['example_xcom']) retrieved from /home/airflow/.local/lib/python3.7/site-packages/airflow/example_dags/example_xcom.py
[2023-03-10T20:15:36.935+0000] {logging_mixin.py:137} INFO - [2023-03-10T20:15:36.935+0000] {dag.py:2585} INFO - Sync 1 DAGs
[2023-03-10T20:15:36.952+0000] {logging_mixin.py:137} INFO - [2023-03-10T20:15:36.951+0000] {dag.py:3340} INFO - Setting next_dagrun for example_xcom to 2021-01-01T00:00:00+00:00, run_after=2021-01-01T00:00:00+00:00
[2023-03-10T20:15:36.964+0000] {processor.py:176} INFO - Processing /home/airflow/.local/lib/python3.7/site-packages/airflow/example_dags/example_xcom.py took 0.078 seconds
[2023-03-10T20:16:07.460+0000] {processor.py:154} INFO - Started process (PID=3170) to work on /home/airflow/.local/lib/python3.7/site-packages/airflow/example_dags/example_xcom.py
[2023-03-10T20:16:07.462+0000] {processor.py:756} INFO - Processing file /home/airflow/.local/lib/python3.7/site-packages/airflow/example_dags/example_xcom.py for tasks to queue
[2023-03-10T20:16:07.463+0000] {logging_mixin.py:137} INFO - [2023-03-10T20:16:07.462+0000] {dagbag.py:537} INFO - Filling up the DagBag from /home/airflow/.local/lib/python3.7/site-packages/airflow/example_dags/example_xcom.py
[2023-03-10T20:16:07.478+0000] {processor.py:766} INFO - DAG(s) dict_keys(['example_xcom']) retrieved from /home/airflow/.local/lib/python3.7/site-packages/airflow/example_dags/example_xcom.py
[2023-03-10T20:16:07.515+0000] {logging_mixin.py:137} INFO - [2023-03-10T20:16:07.515+0000] {dag.py:2585} INFO - Sync 1 DAGs
[2023-03-10T20:16:07.536+0000] {logging_mixin.py:137} INFO - [2023-03-10T20:16:07.535+0000] {dag.py:3340} INFO - Setting next_dagrun for example_xcom to 2021-01-01T00:00:00+00:00, run_after=2021-01-01T00:00:00+00:00
[2023-03-10T20:16:07.554+0000] {processor.py:176} INFO - Processing /home/airflow/.local/lib/python3.7/site-packages/airflow/example_dags/example_xcom.py took 0.096 seconds
[2023-03-10T20:16:37.806+0000] {processor.py:154} INFO - Started process (PID=3224) to work on /home/airflow/.local/lib/python3.7/site-packages/airflow/example_dags/example_xcom.py
[2023-03-10T20:16:37.807+0000] {processor.py:756} INFO - Processing file /home/airflow/.local/lib/python3.7/site-packages/airflow/example_dags/example_xcom.py for tasks to queue
[2023-03-10T20:16:37.808+0000] {logging_mixin.py:137} INFO - [2023-03-10T20:16:37.808+0000] {dagbag.py:537} INFO - Filling up the DagBag from /home/airflow/.local/lib/python3.7/site-packages/airflow/example_dags/example_xcom.py
[2023-03-10T20:16:37.823+0000] {processor.py:766} INFO - DAG(s) dict_keys(['example_xcom']) retrieved from /home/airflow/.local/lib/python3.7/site-packages/airflow/example_dags/example_xcom.py
[2023-03-10T20:16:37.850+0000] {logging_mixin.py:137} INFO - [2023-03-10T20:16:37.850+0000] {dag.py:2585} INFO - Sync 1 DAGs
[2023-03-10T20:16:37.865+0000] {logging_mixin.py:137} INFO - [2023-03-10T20:16:37.864+0000] {dag.py:3340} INFO - Setting next_dagrun for example_xcom to 2021-01-01T00:00:00+00:00, run_after=2021-01-01T00:00:00+00:00
[2023-03-10T20:16:37.877+0000] {processor.py:176} INFO - Processing /home/airflow/.local/lib/python3.7/site-packages/airflow/example_dags/example_xcom.py took 0.074 seconds
[2023-03-10T20:17:08.265+0000] {processor.py:154} INFO - Started process (PID=3288) to work on /home/airflow/.local/lib/python3.7/site-packages/airflow/example_dags/example_xcom.py
[2023-03-10T20:17:08.267+0000] {processor.py:756} INFO - Processing file /home/airflow/.local/lib/python3.7/site-packages/airflow/example_dags/example_xcom.py for tasks to queue
[2023-03-10T20:17:08.268+0000] {logging_mixin.py:137} INFO - [2023-03-10T20:17:08.268+0000] {dagbag.py:537} INFO - Filling up the DagBag from /home/airflow/.local/lib/python3.7/site-packages/airflow/example_dags/example_xcom.py
[2023-03-10T20:17:08.284+0000] {processor.py:766} INFO - DAG(s) dict_keys(['example_xcom']) retrieved from /home/airflow/.local/lib/python3.7/site-packages/airflow/example_dags/example_xcom.py
[2023-03-10T20:17:08.308+0000] {logging_mixin.py:137} INFO - [2023-03-10T20:17:08.308+0000] {dag.py:2585} INFO - Sync 1 DAGs
[2023-03-10T20:17:08.324+0000] {logging_mixin.py:137} INFO - [2023-03-10T20:17:08.324+0000] {dag.py:3340} INFO - Setting next_dagrun for example_xcom to 2021-01-01T00:00:00+00:00, run_after=2021-01-01T00:00:00+00:00
[2023-03-10T20:17:08.335+0000] {processor.py:176} INFO - Processing /home/airflow/.local/lib/python3.7/site-packages/airflow/example_dags/example_xcom.py took 0.075 seconds
[2023-03-10T20:17:38.621+0000] {processor.py:154} INFO - Started process (PID=3352) to work on /home/airflow/.local/lib/python3.7/site-packages/airflow/example_dags/example_xcom.py
[2023-03-10T20:17:38.623+0000] {processor.py:756} INFO - Processing file /home/airflow/.local/lib/python3.7/site-packages/airflow/example_dags/example_xcom.py for tasks to queue
[2023-03-10T20:17:38.624+0000] {logging_mixin.py:137} INFO - [2023-03-10T20:17:38.624+0000] {dagbag.py:537} INFO - Filling up the DagBag from /home/airflow/.local/lib/python3.7/site-packages/airflow/example_dags/example_xcom.py
[2023-03-10T20:17:38.638+0000] {processor.py:766} INFO - DAG(s) dict_keys(['example_xcom']) retrieved from /home/airflow/.local/lib/python3.7/site-packages/airflow/example_dags/example_xcom.py
[2023-03-10T20:17:38.662+0000] {logging_mixin.py:137} INFO - [2023-03-10T20:17:38.662+0000] {dag.py:2585} INFO - Sync 1 DAGs
[2023-03-10T20:17:38.675+0000] {logging_mixin.py:137} INFO - [2023-03-10T20:17:38.675+0000] {dag.py:3340} INFO - Setting next_dagrun for example_xcom to 2021-01-01T00:00:00+00:00, run_after=2021-01-01T00:00:00+00:00
[2023-03-10T20:17:38.687+0000] {processor.py:176} INFO - Processing /home/airflow/.local/lib/python3.7/site-packages/airflow/example_dags/example_xcom.py took 0.068 seconds
[2023-03-10T20:18:09.027+0000] {processor.py:154} INFO - Started process (PID=3417) to work on /home/airflow/.local/lib/python3.7/site-packages/airflow/example_dags/example_xcom.py
[2023-03-10T20:18:09.028+0000] {processor.py:756} INFO - Processing file /home/airflow/.local/lib/python3.7/site-packages/airflow/example_dags/example_xcom.py for tasks to queue
[2023-03-10T20:18:09.029+0000] {logging_mixin.py:137} INFO - [2023-03-10T20:18:09.029+0000] {dagbag.py:537} INFO - Filling up the DagBag from /home/airflow/.local/lib/python3.7/site-packages/airflow/example_dags/example_xcom.py
[2023-03-10T20:18:09.044+0000] {processor.py:766} INFO - DAG(s) dict_keys(['example_xcom']) retrieved from /home/airflow/.local/lib/python3.7/site-packages/airflow/example_dags/example_xcom.py
[2023-03-10T20:18:09.071+0000] {logging_mixin.py:137} INFO - [2023-03-10T20:18:09.071+0000] {dag.py:2585} INFO - Sync 1 DAGs
[2023-03-10T20:18:09.086+0000] {logging_mixin.py:137} INFO - [2023-03-10T20:18:09.086+0000] {dag.py:3340} INFO - Setting next_dagrun for example_xcom to 2021-01-01T00:00:00+00:00, run_after=2021-01-01T00:00:00+00:00
[2023-03-10T20:18:09.098+0000] {processor.py:176} INFO - Processing /home/airflow/.local/lib/python3.7/site-packages/airflow/example_dags/example_xcom.py took 0.073 seconds
[2023-03-10T20:18:39.619+0000] {processor.py:154} INFO - Started process (PID=3481) to work on /home/airflow/.local/lib/python3.7/site-packages/airflow/example_dags/example_xcom.py
[2023-03-10T20:18:39.620+0000] {processor.py:756} INFO - Processing file /home/airflow/.local/lib/python3.7/site-packages/airflow/example_dags/example_xcom.py for tasks to queue
[2023-03-10T20:18:39.621+0000] {logging_mixin.py:137} INFO - [2023-03-10T20:18:39.621+0000] {dagbag.py:537} INFO - Filling up the DagBag from /home/airflow/.local/lib/python3.7/site-packages/airflow/example_dags/example_xcom.py
[2023-03-10T20:18:39.634+0000] {processor.py:766} INFO - DAG(s) dict_keys(['example_xcom']) retrieved from /home/airflow/.local/lib/python3.7/site-packages/airflow/example_dags/example_xcom.py
[2023-03-10T20:18:39.658+0000] {logging_mixin.py:137} INFO - [2023-03-10T20:18:39.658+0000] {dag.py:2585} INFO - Sync 1 DAGs
[2023-03-10T20:18:39.673+0000] {logging_mixin.py:137} INFO - [2023-03-10T20:18:39.673+0000] {dag.py:3340} INFO - Setting next_dagrun for example_xcom to 2021-01-01T00:00:00+00:00, run_after=2021-01-01T00:00:00+00:00
[2023-03-10T20:18:39.685+0000] {processor.py:176} INFO - Processing /home/airflow/.local/lib/python3.7/site-packages/airflow/example_dags/example_xcom.py took 0.069 seconds
[2023-03-10T20:19:10.298+0000] {processor.py:154} INFO - Started process (PID=3536) to work on /home/airflow/.local/lib/python3.7/site-packages/airflow/example_dags/example_xcom.py
[2023-03-10T20:19:10.299+0000] {processor.py:756} INFO - Processing file /home/airflow/.local/lib/python3.7/site-packages/airflow/example_dags/example_xcom.py for tasks to queue
[2023-03-10T20:19:10.301+0000] {logging_mixin.py:137} INFO - [2023-03-10T20:19:10.300+0000] {dagbag.py:537} INFO - Filling up the DagBag from /home/airflow/.local/lib/python3.7/site-packages/airflow/example_dags/example_xcom.py
[2023-03-10T20:19:10.315+0000] {processor.py:766} INFO - DAG(s) dict_keys(['example_xcom']) retrieved from /home/airflow/.local/lib/python3.7/site-packages/airflow/example_dags/example_xcom.py
[2023-03-10T20:19:10.341+0000] {logging_mixin.py:137} INFO - [2023-03-10T20:19:10.341+0000] {dag.py:2585} INFO - Sync 1 DAGs
[2023-03-10T20:19:10.356+0000] {logging_mixin.py:137} INFO - [2023-03-10T20:19:10.356+0000] {dag.py:3340} INFO - Setting next_dagrun for example_xcom to 2021-01-01T00:00:00+00:00, run_after=2021-01-01T00:00:00+00:00
[2023-03-10T20:19:10.370+0000] {processor.py:176} INFO - Processing /home/airflow/.local/lib/python3.7/site-packages/airflow/example_dags/example_xcom.py took 0.075 seconds
[2023-03-10T20:19:40.944+0000] {processor.py:154} INFO - Started process (PID=3598) to work on /home/airflow/.local/lib/python3.7/site-packages/airflow/example_dags/example_xcom.py
[2023-03-10T20:19:40.945+0000] {processor.py:756} INFO - Processing file /home/airflow/.local/lib/python3.7/site-packages/airflow/example_dags/example_xcom.py for tasks to queue
[2023-03-10T20:19:40.946+0000] {logging_mixin.py:137} INFO - [2023-03-10T20:19:40.946+0000] {dagbag.py:537} INFO - Filling up the DagBag from /home/airflow/.local/lib/python3.7/site-packages/airflow/example_dags/example_xcom.py
[2023-03-10T20:19:40.961+0000] {processor.py:766} INFO - DAG(s) dict_keys(['example_xcom']) retrieved from /home/airflow/.local/lib/python3.7/site-packages/airflow/example_dags/example_xcom.py
[2023-03-10T20:19:40.990+0000] {logging_mixin.py:137} INFO - [2023-03-10T20:19:40.990+0000] {dag.py:2585} INFO - Sync 1 DAGs
[2023-03-10T20:19:41.008+0000] {logging_mixin.py:137} INFO - [2023-03-10T20:19:41.007+0000] {dag.py:3340} INFO - Setting next_dagrun for example_xcom to 2021-01-01T00:00:00+00:00, run_after=2021-01-01T00:00:00+00:00
[2023-03-10T20:19:41.022+0000] {processor.py:176} INFO - Processing /home/airflow/.local/lib/python3.7/site-packages/airflow/example_dags/example_xcom.py took 0.081 seconds
[2023-03-10T20:20:11.889+0000] {processor.py:154} INFO - Started process (PID=3662) to work on /home/airflow/.local/lib/python3.7/site-packages/airflow/example_dags/example_xcom.py
[2023-03-10T20:20:11.890+0000] {processor.py:756} INFO - Processing file /home/airflow/.local/lib/python3.7/site-packages/airflow/example_dags/example_xcom.py for tasks to queue
[2023-03-10T20:20:11.892+0000] {logging_mixin.py:137} INFO - [2023-03-10T20:20:11.891+0000] {dagbag.py:537} INFO - Filling up the DagBag from /home/airflow/.local/lib/python3.7/site-packages/airflow/example_dags/example_xcom.py
[2023-03-10T20:20:11.906+0000] {processor.py:766} INFO - DAG(s) dict_keys(['example_xcom']) retrieved from /home/airflow/.local/lib/python3.7/site-packages/airflow/example_dags/example_xcom.py
[2023-03-10T20:20:11.936+0000] {logging_mixin.py:137} INFO - [2023-03-10T20:20:11.936+0000] {dag.py:2585} INFO - Sync 1 DAGs
[2023-03-10T20:20:11.952+0000] {logging_mixin.py:137} INFO - [2023-03-10T20:20:11.951+0000] {dag.py:3340} INFO - Setting next_dagrun for example_xcom to 2021-01-01T00:00:00+00:00, run_after=2021-01-01T00:00:00+00:00
[2023-03-10T20:20:11.964+0000] {processor.py:176} INFO - Processing /home/airflow/.local/lib/python3.7/site-packages/airflow/example_dags/example_xcom.py took 0.078 seconds
[2023-03-10T20:20:42.509+0000] {processor.py:154} INFO - Started process (PID=3726) to work on /home/airflow/.local/lib/python3.7/site-packages/airflow/example_dags/example_xcom.py
[2023-03-10T20:20:42.510+0000] {processor.py:756} INFO - Processing file /home/airflow/.local/lib/python3.7/site-packages/airflow/example_dags/example_xcom.py for tasks to queue
[2023-03-10T20:20:42.512+0000] {logging_mixin.py:137} INFO - [2023-03-10T20:20:42.512+0000] {dagbag.py:537} INFO - Filling up the DagBag from /home/airflow/.local/lib/python3.7/site-packages/airflow/example_dags/example_xcom.py
[2023-03-10T20:20:42.528+0000] {processor.py:766} INFO - DAG(s) dict_keys(['example_xcom']) retrieved from /home/airflow/.local/lib/python3.7/site-packages/airflow/example_dags/example_xcom.py
[2023-03-10T20:20:42.557+0000] {logging_mixin.py:137} INFO - [2023-03-10T20:20:42.556+0000] {dag.py:2585} INFO - Sync 1 DAGs
[2023-03-10T20:20:42.575+0000] {logging_mixin.py:137} INFO - [2023-03-10T20:20:42.575+0000] {dag.py:3340} INFO - Setting next_dagrun for example_xcom to 2021-01-01T00:00:00+00:00, run_after=2021-01-01T00:00:00+00:00
[2023-03-10T20:20:42.587+0000] {processor.py:176} INFO - Processing /home/airflow/.local/lib/python3.7/site-packages/airflow/example_dags/example_xcom.py took 0.080 seconds
[2023-03-10T20:21:13.339+0000] {processor.py:154} INFO - Started process (PID=3791) to work on /home/airflow/.local/lib/python3.7/site-packages/airflow/example_dags/example_xcom.py
[2023-03-10T20:21:13.344+0000] {processor.py:756} INFO - Processing file /home/airflow/.local/lib/python3.7/site-packages/airflow/example_dags/example_xcom.py for tasks to queue
[2023-03-10T20:21:13.347+0000] {logging_mixin.py:137} INFO - [2023-03-10T20:21:13.347+0000] {dagbag.py:537} INFO - Filling up the DagBag from /home/airflow/.local/lib/python3.7/site-packages/airflow/example_dags/example_xcom.py
[2023-03-10T20:21:13.369+0000] {processor.py:766} INFO - DAG(s) dict_keys(['example_xcom']) retrieved from /home/airflow/.local/lib/python3.7/site-packages/airflow/example_dags/example_xcom.py
[2023-03-10T20:21:13.399+0000] {logging_mixin.py:137} INFO - [2023-03-10T20:21:13.399+0000] {dag.py:2585} INFO - Sync 1 DAGs
[2023-03-10T20:21:13.417+0000] {logging_mixin.py:137} INFO - [2023-03-10T20:21:13.417+0000] {dag.py:3340} INFO - Setting next_dagrun for example_xcom to 2021-01-01T00:00:00+00:00, run_after=2021-01-01T00:00:00+00:00
[2023-03-10T20:21:13.437+0000] {processor.py:176} INFO - Processing /home/airflow/.local/lib/python3.7/site-packages/airflow/example_dags/example_xcom.py took 0.102 seconds
[2023-03-10T20:21:43.849+0000] {processor.py:154} INFO - Started process (PID=3846) to work on /home/airflow/.local/lib/python3.7/site-packages/airflow/example_dags/example_xcom.py
[2023-03-10T20:21:43.850+0000] {processor.py:756} INFO - Processing file /home/airflow/.local/lib/python3.7/site-packages/airflow/example_dags/example_xcom.py for tasks to queue
[2023-03-10T20:21:43.851+0000] {logging_mixin.py:137} INFO - [2023-03-10T20:21:43.851+0000] {dagbag.py:537} INFO - Filling up the DagBag from /home/airflow/.local/lib/python3.7/site-packages/airflow/example_dags/example_xcom.py
[2023-03-10T20:21:43.867+0000] {processor.py:766} INFO - DAG(s) dict_keys(['example_xcom']) retrieved from /home/airflow/.local/lib/python3.7/site-packages/airflow/example_dags/example_xcom.py
[2023-03-10T20:21:43.893+0000] {logging_mixin.py:137} INFO - [2023-03-10T20:21:43.893+0000] {dag.py:2585} INFO - Sync 1 DAGs
[2023-03-10T20:21:43.911+0000] {logging_mixin.py:137} INFO - [2023-03-10T20:21:43.911+0000] {dag.py:3340} INFO - Setting next_dagrun for example_xcom to 2021-01-01T00:00:00+00:00, run_after=2021-01-01T00:00:00+00:00
[2023-03-10T20:21:43.924+0000] {processor.py:176} INFO - Processing /home/airflow/.local/lib/python3.7/site-packages/airflow/example_dags/example_xcom.py took 0.077 seconds
[2023-03-10T20:22:15.015+0000] {processor.py:154} INFO - Started process (PID=3910) to work on /home/airflow/.local/lib/python3.7/site-packages/airflow/example_dags/example_xcom.py
[2023-03-10T20:22:15.018+0000] {processor.py:756} INFO - Processing file /home/airflow/.local/lib/python3.7/site-packages/airflow/example_dags/example_xcom.py for tasks to queue
[2023-03-10T20:22:15.019+0000] {logging_mixin.py:137} INFO - [2023-03-10T20:22:15.019+0000] {dagbag.py:537} INFO - Filling up the DagBag from /home/airflow/.local/lib/python3.7/site-packages/airflow/example_dags/example_xcom.py
[2023-03-10T20:22:15.036+0000] {processor.py:766} INFO - DAG(s) dict_keys(['example_xcom']) retrieved from /home/airflow/.local/lib/python3.7/site-packages/airflow/example_dags/example_xcom.py
[2023-03-10T20:22:15.065+0000] {logging_mixin.py:137} INFO - [2023-03-10T20:22:15.064+0000] {dag.py:2585} INFO - Sync 1 DAGs
[2023-03-10T20:22:15.080+0000] {logging_mixin.py:137} INFO - [2023-03-10T20:22:15.080+0000] {dag.py:3340} INFO - Setting next_dagrun for example_xcom to 2021-01-01T00:00:00+00:00, run_after=2021-01-01T00:00:00+00:00
[2023-03-10T20:22:15.094+0000] {processor.py:176} INFO - Processing /home/airflow/.local/lib/python3.7/site-packages/airflow/example_dags/example_xcom.py took 0.083 seconds
[2023-03-10T20:22:45.689+0000] {processor.py:154} INFO - Started process (PID=3973) to work on /home/airflow/.local/lib/python3.7/site-packages/airflow/example_dags/example_xcom.py
[2023-03-10T20:22:45.691+0000] {processor.py:756} INFO - Processing file /home/airflow/.local/lib/python3.7/site-packages/airflow/example_dags/example_xcom.py for tasks to queue
[2023-03-10T20:22:45.692+0000] {logging_mixin.py:137} INFO - [2023-03-10T20:22:45.692+0000] {dagbag.py:537} INFO - Filling up the DagBag from /home/airflow/.local/lib/python3.7/site-packages/airflow/example_dags/example_xcom.py
[2023-03-10T20:22:45.710+0000] {processor.py:766} INFO - DAG(s) dict_keys(['example_xcom']) retrieved from /home/airflow/.local/lib/python3.7/site-packages/airflow/example_dags/example_xcom.py
[2023-03-10T20:22:45.738+0000] {logging_mixin.py:137} INFO - [2023-03-10T20:22:45.738+0000] {dag.py:2585} INFO - Sync 1 DAGs
[2023-03-10T20:22:45.753+0000] {logging_mixin.py:137} INFO - [2023-03-10T20:22:45.753+0000] {dag.py:3340} INFO - Setting next_dagrun for example_xcom to 2021-01-01T00:00:00+00:00, run_after=2021-01-01T00:00:00+00:00
[2023-03-10T20:22:45.765+0000] {processor.py:176} INFO - Processing /home/airflow/.local/lib/python3.7/site-packages/airflow/example_dags/example_xcom.py took 0.079 seconds
[2023-03-10T20:23:16.209+0000] {processor.py:154} INFO - Started process (PID=4037) to work on /home/airflow/.local/lib/python3.7/site-packages/airflow/example_dags/example_xcom.py
[2023-03-10T20:23:16.211+0000] {processor.py:756} INFO - Processing file /home/airflow/.local/lib/python3.7/site-packages/airflow/example_dags/example_xcom.py for tasks to queue
[2023-03-10T20:23:16.212+0000] {logging_mixin.py:137} INFO - [2023-03-10T20:23:16.212+0000] {dagbag.py:537} INFO - Filling up the DagBag from /home/airflow/.local/lib/python3.7/site-packages/airflow/example_dags/example_xcom.py
[2023-03-10T20:23:16.226+0000] {processor.py:766} INFO - DAG(s) dict_keys(['example_xcom']) retrieved from /home/airflow/.local/lib/python3.7/site-packages/airflow/example_dags/example_xcom.py
[2023-03-10T20:23:16.252+0000] {logging_mixin.py:137} INFO - [2023-03-10T20:23:16.252+0000] {dag.py:2585} INFO - Sync 1 DAGs
[2023-03-10T20:23:16.267+0000] {logging_mixin.py:137} INFO - [2023-03-10T20:23:16.267+0000] {dag.py:3340} INFO - Setting next_dagrun for example_xcom to 2021-01-01T00:00:00+00:00, run_after=2021-01-01T00:00:00+00:00
[2023-03-10T20:23:16.277+0000] {processor.py:176} INFO - Processing /home/airflow/.local/lib/python3.7/site-packages/airflow/example_dags/example_xcom.py took 0.070 seconds
[2023-03-10T20:23:46.601+0000] {processor.py:154} INFO - Started process (PID=4100) to work on /home/airflow/.local/lib/python3.7/site-packages/airflow/example_dags/example_xcom.py
[2023-03-10T20:23:46.602+0000] {processor.py:756} INFO - Processing file /home/airflow/.local/lib/python3.7/site-packages/airflow/example_dags/example_xcom.py for tasks to queue
[2023-03-10T20:23:46.604+0000] {logging_mixin.py:137} INFO - [2023-03-10T20:23:46.604+0000] {dagbag.py:537} INFO - Filling up the DagBag from /home/airflow/.local/lib/python3.7/site-packages/airflow/example_dags/example_xcom.py
[2023-03-10T20:23:46.621+0000] {processor.py:766} INFO - DAG(s) dict_keys(['example_xcom']) retrieved from /home/airflow/.local/lib/python3.7/site-packages/airflow/example_dags/example_xcom.py
[2023-03-10T20:23:46.655+0000] {logging_mixin.py:137} INFO - [2023-03-10T20:23:46.655+0000] {dag.py:2585} INFO - Sync 1 DAGs
[2023-03-10T20:23:46.675+0000] {logging_mixin.py:137} INFO - [2023-03-10T20:23:46.675+0000] {dag.py:3340} INFO - Setting next_dagrun for example_xcom to 2021-01-01T00:00:00+00:00, run_after=2021-01-01T00:00:00+00:00
[2023-03-10T20:23:46.691+0000] {processor.py:176} INFO - Processing /home/airflow/.local/lib/python3.7/site-packages/airflow/example_dags/example_xcom.py took 0.093 seconds
[2023-03-10T20:24:17.224+0000] {processor.py:154} INFO - Started process (PID=4163) to work on /home/airflow/.local/lib/python3.7/site-packages/airflow/example_dags/example_xcom.py
[2023-03-10T20:24:17.226+0000] {processor.py:756} INFO - Processing file /home/airflow/.local/lib/python3.7/site-packages/airflow/example_dags/example_xcom.py for tasks to queue
[2023-03-10T20:24:17.227+0000] {logging_mixin.py:137} INFO - [2023-03-10T20:24:17.227+0000] {dagbag.py:537} INFO - Filling up the DagBag from /home/airflow/.local/lib/python3.7/site-packages/airflow/example_dags/example_xcom.py
[2023-03-10T20:24:17.241+0000] {processor.py:766} INFO - DAG(s) dict_keys(['example_xcom']) retrieved from /home/airflow/.local/lib/python3.7/site-packages/airflow/example_dags/example_xcom.py
[2023-03-10T20:24:17.268+0000] {logging_mixin.py:137} INFO - [2023-03-10T20:24:17.268+0000] {dag.py:2585} INFO - Sync 1 DAGs
[2023-03-10T20:24:17.283+0000] {logging_mixin.py:137} INFO - [2023-03-10T20:24:17.283+0000] {dag.py:3340} INFO - Setting next_dagrun for example_xcom to 2021-01-01T00:00:00+00:00, run_after=2021-01-01T00:00:00+00:00
[2023-03-10T20:24:17.296+0000] {processor.py:176} INFO - Processing /home/airflow/.local/lib/python3.7/site-packages/airflow/example_dags/example_xcom.py took 0.074 seconds
[2023-03-10T20:24:47.638+0000] {processor.py:154} INFO - Started process (PID=4218) to work on /home/airflow/.local/lib/python3.7/site-packages/airflow/example_dags/example_xcom.py
[2023-03-10T20:24:47.640+0000] {processor.py:756} INFO - Processing file /home/airflow/.local/lib/python3.7/site-packages/airflow/example_dags/example_xcom.py for tasks to queue
[2023-03-10T20:24:47.641+0000] {logging_mixin.py:137} INFO - [2023-03-10T20:24:47.641+0000] {dagbag.py:537} INFO - Filling up the DagBag from /home/airflow/.local/lib/python3.7/site-packages/airflow/example_dags/example_xcom.py
[2023-03-10T20:24:47.655+0000] {processor.py:766} INFO - DAG(s) dict_keys(['example_xcom']) retrieved from /home/airflow/.local/lib/python3.7/site-packages/airflow/example_dags/example_xcom.py
[2023-03-10T20:24:47.683+0000] {logging_mixin.py:137} INFO - [2023-03-10T20:24:47.683+0000] {dag.py:2585} INFO - Sync 1 DAGs
[2023-03-10T20:24:47.699+0000] {logging_mixin.py:137} INFO - [2023-03-10T20:24:47.699+0000] {dag.py:3340} INFO - Setting next_dagrun for example_xcom to 2021-01-01T00:00:00+00:00, run_after=2021-01-01T00:00:00+00:00
[2023-03-10T20:24:47.713+0000] {processor.py:176} INFO - Processing /home/airflow/.local/lib/python3.7/site-packages/airflow/example_dags/example_xcom.py took 0.077 seconds
[2023-03-10T20:25:18.304+0000] {processor.py:154} INFO - Started process (PID=4282) to work on /home/airflow/.local/lib/python3.7/site-packages/airflow/example_dags/example_xcom.py
[2023-03-10T20:25:18.306+0000] {processor.py:756} INFO - Processing file /home/airflow/.local/lib/python3.7/site-packages/airflow/example_dags/example_xcom.py for tasks to queue
[2023-03-10T20:25:18.307+0000] {logging_mixin.py:137} INFO - [2023-03-10T20:25:18.307+0000] {dagbag.py:537} INFO - Filling up the DagBag from /home/airflow/.local/lib/python3.7/site-packages/airflow/example_dags/example_xcom.py
[2023-03-10T20:25:18.322+0000] {processor.py:766} INFO - DAG(s) dict_keys(['example_xcom']) retrieved from /home/airflow/.local/lib/python3.7/site-packages/airflow/example_dags/example_xcom.py
[2023-03-10T20:25:18.350+0000] {logging_mixin.py:137} INFO - [2023-03-10T20:25:18.350+0000] {dag.py:2585} INFO - Sync 1 DAGs
[2023-03-10T20:25:18.364+0000] {logging_mixin.py:137} INFO - [2023-03-10T20:25:18.364+0000] {dag.py:3340} INFO - Setting next_dagrun for example_xcom to 2021-01-01T00:00:00+00:00, run_after=2021-01-01T00:00:00+00:00
[2023-03-10T20:25:18.376+0000] {processor.py:176} INFO - Processing /home/airflow/.local/lib/python3.7/site-packages/airflow/example_dags/example_xcom.py took 0.074 seconds
[2023-03-10T20:25:48.938+0000] {processor.py:154} INFO - Started process (PID=4344) to work on /home/airflow/.local/lib/python3.7/site-packages/airflow/example_dags/example_xcom.py
[2023-03-10T20:25:48.941+0000] {processor.py:756} INFO - Processing file /home/airflow/.local/lib/python3.7/site-packages/airflow/example_dags/example_xcom.py for tasks to queue
[2023-03-10T20:25:48.960+0000] {logging_mixin.py:137} INFO - [2023-03-10T20:25:48.960+0000] {dagbag.py:537} INFO - Filling up the DagBag from /home/airflow/.local/lib/python3.7/site-packages/airflow/example_dags/example_xcom.py
[2023-03-10T20:25:48.976+0000] {processor.py:766} INFO - DAG(s) dict_keys(['example_xcom']) retrieved from /home/airflow/.local/lib/python3.7/site-packages/airflow/example_dags/example_xcom.py
[2023-03-10T20:25:49.026+0000] {logging_mixin.py:137} INFO - [2023-03-10T20:25:49.026+0000] {dag.py:2585} INFO - Sync 1 DAGs
[2023-03-10T20:25:49.045+0000] {logging_mixin.py:137} INFO - [2023-03-10T20:25:49.045+0000] {dag.py:3340} INFO - Setting next_dagrun for example_xcom to 2021-01-01T00:00:00+00:00, run_after=2021-01-01T00:00:00+00:00
[2023-03-10T20:25:49.060+0000] {processor.py:176} INFO - Processing /home/airflow/.local/lib/python3.7/site-packages/airflow/example_dags/example_xcom.py took 0.124 seconds
[2023-03-10T20:26:19.913+0000] {processor.py:154} INFO - Started process (PID=4408) to work on /home/airflow/.local/lib/python3.7/site-packages/airflow/example_dags/example_xcom.py
[2023-03-10T20:26:19.915+0000] {processor.py:756} INFO - Processing file /home/airflow/.local/lib/python3.7/site-packages/airflow/example_dags/example_xcom.py for tasks to queue
[2023-03-10T20:26:19.917+0000] {logging_mixin.py:137} INFO - [2023-03-10T20:26:19.917+0000] {dagbag.py:537} INFO - Filling up the DagBag from /home/airflow/.local/lib/python3.7/site-packages/airflow/example_dags/example_xcom.py
[2023-03-10T20:26:19.932+0000] {processor.py:766} INFO - DAG(s) dict_keys(['example_xcom']) retrieved from /home/airflow/.local/lib/python3.7/site-packages/airflow/example_dags/example_xcom.py
[2023-03-10T20:26:19.960+0000] {logging_mixin.py:137} INFO - [2023-03-10T20:26:19.960+0000] {dag.py:2585} INFO - Sync 1 DAGs
[2023-03-10T20:26:19.976+0000] {logging_mixin.py:137} INFO - [2023-03-10T20:26:19.976+0000] {dag.py:3340} INFO - Setting next_dagrun for example_xcom to 2021-01-01T00:00:00+00:00, run_after=2021-01-01T00:00:00+00:00
[2023-03-10T20:26:19.991+0000] {processor.py:176} INFO - Processing /home/airflow/.local/lib/python3.7/site-packages/airflow/example_dags/example_xcom.py took 0.080 seconds
[2023-03-10T20:26:50.333+0000] {processor.py:154} INFO - Started process (PID=4471) to work on /home/airflow/.local/lib/python3.7/site-packages/airflow/example_dags/example_xcom.py
[2023-03-10T20:26:50.338+0000] {processor.py:756} INFO - Processing file /home/airflow/.local/lib/python3.7/site-packages/airflow/example_dags/example_xcom.py for tasks to queue
[2023-03-10T20:26:50.339+0000] {logging_mixin.py:137} INFO - [2023-03-10T20:26:50.339+0000] {dagbag.py:537} INFO - Filling up the DagBag from /home/airflow/.local/lib/python3.7/site-packages/airflow/example_dags/example_xcom.py
[2023-03-10T20:26:50.354+0000] {processor.py:766} INFO - DAG(s) dict_keys(['example_xcom']) retrieved from /home/airflow/.local/lib/python3.7/site-packages/airflow/example_dags/example_xcom.py
[2023-03-10T20:26:50.382+0000] {logging_mixin.py:137} INFO - [2023-03-10T20:26:50.382+0000] {dag.py:2585} INFO - Sync 1 DAGs
[2023-03-10T20:26:50.431+0000] {logging_mixin.py:137} INFO - [2023-03-10T20:26:50.430+0000] {dag.py:3340} INFO - Setting next_dagrun for example_xcom to 2021-01-01T00:00:00+00:00, run_after=2021-01-01T00:00:00+00:00
[2023-03-10T20:26:50.456+0000] {processor.py:176} INFO - Processing /home/airflow/.local/lib/python3.7/site-packages/airflow/example_dags/example_xcom.py took 0.127 seconds
[2023-03-10T20:27:21.143+0000] {processor.py:154} INFO - Started process (PID=4535) to work on /home/airflow/.local/lib/python3.7/site-packages/airflow/example_dags/example_xcom.py
[2023-03-10T20:27:21.145+0000] {processor.py:756} INFO - Processing file /home/airflow/.local/lib/python3.7/site-packages/airflow/example_dags/example_xcom.py for tasks to queue
[2023-03-10T20:27:21.146+0000] {logging_mixin.py:137} INFO - [2023-03-10T20:27:21.146+0000] {dagbag.py:537} INFO - Filling up the DagBag from /home/airflow/.local/lib/python3.7/site-packages/airflow/example_dags/example_xcom.py
[2023-03-10T20:27:21.161+0000] {processor.py:766} INFO - DAG(s) dict_keys(['example_xcom']) retrieved from /home/airflow/.local/lib/python3.7/site-packages/airflow/example_dags/example_xcom.py
[2023-03-10T20:27:21.189+0000] {logging_mixin.py:137} INFO - [2023-03-10T20:27:21.189+0000] {dag.py:2585} INFO - Sync 1 DAGs
[2023-03-10T20:27:21.204+0000] {logging_mixin.py:137} INFO - [2023-03-10T20:27:21.204+0000] {dag.py:3340} INFO - Setting next_dagrun for example_xcom to 2021-01-01T00:00:00+00:00, run_after=2021-01-01T00:00:00+00:00
[2023-03-10T20:27:21.217+0000] {processor.py:176} INFO - Processing /home/airflow/.local/lib/python3.7/site-packages/airflow/example_dags/example_xcom.py took 0.076 seconds
