[2023-03-10T19:50:33.028+0000] {processor.py:154} INFO - Started process (PID=66) to work on /home/airflow/.local/lib/python3.7/site-packages/airflow/example_dags/example_task_group.py
[2023-03-10T19:50:33.030+0000] {processor.py:756} INFO - Processing file /home/airflow/.local/lib/python3.7/site-packages/airflow/example_dags/example_task_group.py for tasks to queue
[2023-03-10T19:50:33.031+0000] {logging_mixin.py:137} INFO - [2023-03-10T19:50:33.031+0000] {dagbag.py:537} INFO - Filling up the DagBag from /home/airflow/.local/lib/python3.7/site-packages/airflow/example_dags/example_task_group.py
[2023-03-10T19:50:33.045+0000] {processor.py:766} INFO - DAG(s) dict_keys(['example_task_group']) retrieved from /home/airflow/.local/lib/python3.7/site-packages/airflow/example_dags/example_task_group.py
[2023-03-10T19:50:33.076+0000] {logging_mixin.py:137} INFO - [2023-03-10T19:50:33.076+0000] {dag.py:2585} INFO - Sync 1 DAGs
[2023-03-10T19:50:33.110+0000] {logging_mixin.py:137} INFO - [2023-03-10T19:50:33.110+0000] {dag.py:3340} INFO - Setting next_dagrun for example_task_group to 2023-03-09T19:50:33.110310+00:00, run_after=2023-03-10T19:50:33.110310+00:00
[2023-03-10T19:50:33.135+0000] {processor.py:176} INFO - Processing /home/airflow/.local/lib/python3.7/site-packages/airflow/example_dags/example_task_group.py took 0.110 seconds
[2023-03-10T19:51:03.766+0000] {processor.py:154} INFO - Started process (PID=130) to work on /home/airflow/.local/lib/python3.7/site-packages/airflow/example_dags/example_task_group.py
[2023-03-10T19:51:03.768+0000] {processor.py:756} INFO - Processing file /home/airflow/.local/lib/python3.7/site-packages/airflow/example_dags/example_task_group.py for tasks to queue
[2023-03-10T19:51:03.776+0000] {logging_mixin.py:137} INFO - [2023-03-10T19:51:03.776+0000] {dagbag.py:537} INFO - Filling up the DagBag from /home/airflow/.local/lib/python3.7/site-packages/airflow/example_dags/example_task_group.py
[2023-03-10T19:51:03.789+0000] {processor.py:766} INFO - DAG(s) dict_keys(['example_task_group']) retrieved from /home/airflow/.local/lib/python3.7/site-packages/airflow/example_dags/example_task_group.py
[2023-03-10T19:51:03.823+0000] {logging_mixin.py:137} INFO - [2023-03-10T19:51:03.822+0000] {dag.py:2585} INFO - Sync 1 DAGs
[2023-03-10T19:51:03.849+0000] {logging_mixin.py:137} INFO - [2023-03-10T19:51:03.849+0000] {dag.py:3340} INFO - Setting next_dagrun for example_task_group to 2023-03-09T19:51:03.849341+00:00, run_after=2023-03-10T19:51:03.849341+00:00
[2023-03-10T19:51:03.862+0000] {processor.py:176} INFO - Processing /home/airflow/.local/lib/python3.7/site-packages/airflow/example_dags/example_task_group.py took 0.099 seconds
[2023-03-10T19:51:34.361+0000] {processor.py:154} INFO - Started process (PID=195) to work on /home/airflow/.local/lib/python3.7/site-packages/airflow/example_dags/example_task_group.py
[2023-03-10T19:51:34.364+0000] {processor.py:756} INFO - Processing file /home/airflow/.local/lib/python3.7/site-packages/airflow/example_dags/example_task_group.py for tasks to queue
[2023-03-10T19:51:34.365+0000] {logging_mixin.py:137} INFO - [2023-03-10T19:51:34.365+0000] {dagbag.py:537} INFO - Filling up the DagBag from /home/airflow/.local/lib/python3.7/site-packages/airflow/example_dags/example_task_group.py
[2023-03-10T19:51:34.378+0000] {processor.py:766} INFO - DAG(s) dict_keys(['example_task_group']) retrieved from /home/airflow/.local/lib/python3.7/site-packages/airflow/example_dags/example_task_group.py
[2023-03-10T19:51:34.406+0000] {logging_mixin.py:137} INFO - [2023-03-10T19:51:34.406+0000] {dag.py:2585} INFO - Sync 1 DAGs
[2023-03-10T19:51:34.424+0000] {logging_mixin.py:137} INFO - [2023-03-10T19:51:34.424+0000] {dag.py:3340} INFO - Setting next_dagrun for example_task_group to 2023-03-09T19:51:34.424610+00:00, run_after=2023-03-10T19:51:34.424610+00:00
[2023-03-10T19:51:34.446+0000] {processor.py:176} INFO - Processing /home/airflow/.local/lib/python3.7/site-packages/airflow/example_dags/example_task_group.py took 0.088 seconds
[2023-03-10T19:52:05.335+0000] {processor.py:154} INFO - Started process (PID=259) to work on /home/airflow/.local/lib/python3.7/site-packages/airflow/example_dags/example_task_group.py
[2023-03-10T19:52:05.338+0000] {processor.py:756} INFO - Processing file /home/airflow/.local/lib/python3.7/site-packages/airflow/example_dags/example_task_group.py for tasks to queue
[2023-03-10T19:52:05.339+0000] {logging_mixin.py:137} INFO - [2023-03-10T19:52:05.339+0000] {dagbag.py:537} INFO - Filling up the DagBag from /home/airflow/.local/lib/python3.7/site-packages/airflow/example_dags/example_task_group.py
[2023-03-10T19:52:05.351+0000] {processor.py:766} INFO - DAG(s) dict_keys(['example_task_group']) retrieved from /home/airflow/.local/lib/python3.7/site-packages/airflow/example_dags/example_task_group.py
[2023-03-10T19:52:05.378+0000] {logging_mixin.py:137} INFO - [2023-03-10T19:52:05.378+0000] {dag.py:2585} INFO - Sync 1 DAGs
[2023-03-10T19:52:05.395+0000] {logging_mixin.py:137} INFO - [2023-03-10T19:52:05.394+0000] {dag.py:3340} INFO - Setting next_dagrun for example_task_group to 2023-03-09T19:52:05.394682+00:00, run_after=2023-03-10T19:52:05.394682+00:00
[2023-03-10T19:52:05.408+0000] {processor.py:176} INFO - Processing /home/airflow/.local/lib/python3.7/site-packages/airflow/example_dags/example_task_group.py took 0.076 seconds
[2023-03-10T19:52:36.126+0000] {processor.py:154} INFO - Started process (PID=324) to work on /home/airflow/.local/lib/python3.7/site-packages/airflow/example_dags/example_task_group.py
[2023-03-10T19:52:36.128+0000] {processor.py:756} INFO - Processing file /home/airflow/.local/lib/python3.7/site-packages/airflow/example_dags/example_task_group.py for tasks to queue
[2023-03-10T19:52:36.129+0000] {logging_mixin.py:137} INFO - [2023-03-10T19:52:36.129+0000] {dagbag.py:537} INFO - Filling up the DagBag from /home/airflow/.local/lib/python3.7/site-packages/airflow/example_dags/example_task_group.py
[2023-03-10T19:52:36.140+0000] {processor.py:766} INFO - DAG(s) dict_keys(['example_task_group']) retrieved from /home/airflow/.local/lib/python3.7/site-packages/airflow/example_dags/example_task_group.py
[2023-03-10T19:52:36.166+0000] {logging_mixin.py:137} INFO - [2023-03-10T19:52:36.166+0000] {dag.py:2585} INFO - Sync 1 DAGs
[2023-03-10T19:52:36.182+0000] {logging_mixin.py:137} INFO - [2023-03-10T19:52:36.182+0000] {dag.py:3340} INFO - Setting next_dagrun for example_task_group to 2023-03-09T19:52:36.181871+00:00, run_after=2023-03-10T19:52:36.181871+00:00
[2023-03-10T19:52:36.195+0000] {processor.py:176} INFO - Processing /home/airflow/.local/lib/python3.7/site-packages/airflow/example_dags/example_task_group.py took 0.070 seconds
[2023-03-10T19:53:07.174+0000] {processor.py:154} INFO - Started process (PID=389) to work on /home/airflow/.local/lib/python3.7/site-packages/airflow/example_dags/example_task_group.py
[2023-03-10T19:53:07.176+0000] {processor.py:756} INFO - Processing file /home/airflow/.local/lib/python3.7/site-packages/airflow/example_dags/example_task_group.py for tasks to queue
[2023-03-10T19:53:07.178+0000] {logging_mixin.py:137} INFO - [2023-03-10T19:53:07.178+0000] {dagbag.py:537} INFO - Filling up the DagBag from /home/airflow/.local/lib/python3.7/site-packages/airflow/example_dags/example_task_group.py
[2023-03-10T19:53:07.202+0000] {processor.py:766} INFO - DAG(s) dict_keys(['example_task_group']) retrieved from /home/airflow/.local/lib/python3.7/site-packages/airflow/example_dags/example_task_group.py
[2023-03-10T19:53:07.257+0000] {logging_mixin.py:137} INFO - [2023-03-10T19:53:07.257+0000] {dag.py:2585} INFO - Sync 1 DAGs
[2023-03-10T19:53:07.274+0000] {logging_mixin.py:137} INFO - [2023-03-10T19:53:07.274+0000] {dag.py:3340} INFO - Setting next_dagrun for example_task_group to 2023-03-09T19:53:07.274264+00:00, run_after=2023-03-10T19:53:07.274264+00:00
[2023-03-10T19:53:07.289+0000] {processor.py:176} INFO - Processing /home/airflow/.local/lib/python3.7/site-packages/airflow/example_dags/example_task_group.py took 0.118 seconds
[2023-03-10T19:53:37.988+0000] {processor.py:154} INFO - Started process (PID=443) to work on /home/airflow/.local/lib/python3.7/site-packages/airflow/example_dags/example_task_group.py
[2023-03-10T19:53:37.991+0000] {processor.py:756} INFO - Processing file /home/airflow/.local/lib/python3.7/site-packages/airflow/example_dags/example_task_group.py for tasks to queue
[2023-03-10T19:53:37.992+0000] {logging_mixin.py:137} INFO - [2023-03-10T19:53:37.992+0000] {dagbag.py:537} INFO - Filling up the DagBag from /home/airflow/.local/lib/python3.7/site-packages/airflow/example_dags/example_task_group.py
[2023-03-10T19:53:38.004+0000] {processor.py:766} INFO - DAG(s) dict_keys(['example_task_group']) retrieved from /home/airflow/.local/lib/python3.7/site-packages/airflow/example_dags/example_task_group.py
[2023-03-10T19:53:38.032+0000] {logging_mixin.py:137} INFO - [2023-03-10T19:53:38.032+0000] {dag.py:2585} INFO - Sync 1 DAGs
[2023-03-10T19:53:38.047+0000] {logging_mixin.py:137} INFO - [2023-03-10T19:53:38.047+0000] {dag.py:3340} INFO - Setting next_dagrun for example_task_group to 2023-03-09T19:53:38.047598+00:00, run_after=2023-03-10T19:53:38.047598+00:00
[2023-03-10T19:53:38.060+0000] {processor.py:176} INFO - Processing /home/airflow/.local/lib/python3.7/site-packages/airflow/example_dags/example_task_group.py took 0.074 seconds
[2023-03-10T19:54:08.786+0000] {processor.py:154} INFO - Started process (PID=507) to work on /home/airflow/.local/lib/python3.7/site-packages/airflow/example_dags/example_task_group.py
[2023-03-10T19:54:08.788+0000] {processor.py:756} INFO - Processing file /home/airflow/.local/lib/python3.7/site-packages/airflow/example_dags/example_task_group.py for tasks to queue
[2023-03-10T19:54:08.789+0000] {logging_mixin.py:137} INFO - [2023-03-10T19:54:08.789+0000] {dagbag.py:537} INFO - Filling up the DagBag from /home/airflow/.local/lib/python3.7/site-packages/airflow/example_dags/example_task_group.py
[2023-03-10T19:54:08.800+0000] {processor.py:766} INFO - DAG(s) dict_keys(['example_task_group']) retrieved from /home/airflow/.local/lib/python3.7/site-packages/airflow/example_dags/example_task_group.py
[2023-03-10T19:54:08.827+0000] {logging_mixin.py:137} INFO - [2023-03-10T19:54:08.827+0000] {dag.py:2585} INFO - Sync 1 DAGs
[2023-03-10T19:54:08.842+0000] {logging_mixin.py:137} INFO - [2023-03-10T19:54:08.841+0000] {dag.py:3340} INFO - Setting next_dagrun for example_task_group to 2023-03-09T19:54:08.841796+00:00, run_after=2023-03-10T19:54:08.841796+00:00
[2023-03-10T19:54:08.855+0000] {processor.py:176} INFO - Processing /home/airflow/.local/lib/python3.7/site-packages/airflow/example_dags/example_task_group.py took 0.072 seconds
[2023-03-10T19:54:39.616+0000] {processor.py:154} INFO - Started process (PID=571) to work on /home/airflow/.local/lib/python3.7/site-packages/airflow/example_dags/example_task_group.py
[2023-03-10T19:54:39.618+0000] {processor.py:756} INFO - Processing file /home/airflow/.local/lib/python3.7/site-packages/airflow/example_dags/example_task_group.py for tasks to queue
[2023-03-10T19:54:39.619+0000] {logging_mixin.py:137} INFO - [2023-03-10T19:54:39.619+0000] {dagbag.py:537} INFO - Filling up the DagBag from /home/airflow/.local/lib/python3.7/site-packages/airflow/example_dags/example_task_group.py
[2023-03-10T19:54:39.630+0000] {processor.py:766} INFO - DAG(s) dict_keys(['example_task_group']) retrieved from /home/airflow/.local/lib/python3.7/site-packages/airflow/example_dags/example_task_group.py
[2023-03-10T19:54:39.658+0000] {logging_mixin.py:137} INFO - [2023-03-10T19:54:39.658+0000] {dag.py:2585} INFO - Sync 1 DAGs
[2023-03-10T19:54:39.672+0000] {logging_mixin.py:137} INFO - [2023-03-10T19:54:39.672+0000] {dag.py:3340} INFO - Setting next_dagrun for example_task_group to 2023-03-09T19:54:39.672681+00:00, run_after=2023-03-10T19:54:39.672681+00:00
[2023-03-10T19:54:39.685+0000] {processor.py:176} INFO - Processing /home/airflow/.local/lib/python3.7/site-packages/airflow/example_dags/example_task_group.py took 0.071 seconds
[2023-03-10T19:55:10.765+0000] {processor.py:154} INFO - Started process (PID=634) to work on /home/airflow/.local/lib/python3.7/site-packages/airflow/example_dags/example_task_group.py
[2023-03-10T19:55:10.768+0000] {processor.py:756} INFO - Processing file /home/airflow/.local/lib/python3.7/site-packages/airflow/example_dags/example_task_group.py for tasks to queue
[2023-03-10T19:55:10.770+0000] {logging_mixin.py:137} INFO - [2023-03-10T19:55:10.770+0000] {dagbag.py:537} INFO - Filling up the DagBag from /home/airflow/.local/lib/python3.7/site-packages/airflow/example_dags/example_task_group.py
[2023-03-10T19:55:10.783+0000] {processor.py:766} INFO - DAG(s) dict_keys(['example_task_group']) retrieved from /home/airflow/.local/lib/python3.7/site-packages/airflow/example_dags/example_task_group.py
[2023-03-10T19:55:10.812+0000] {logging_mixin.py:137} INFO - [2023-03-10T19:55:10.812+0000] {dag.py:2585} INFO - Sync 1 DAGs
[2023-03-10T19:55:10.827+0000] {logging_mixin.py:137} INFO - [2023-03-10T19:55:10.827+0000] {dag.py:3340} INFO - Setting next_dagrun for example_task_group to 2023-03-09T19:55:10.827129+00:00, run_after=2023-03-10T19:55:10.827129+00:00
[2023-03-10T19:55:10.839+0000] {processor.py:176} INFO - Processing /home/airflow/.local/lib/python3.7/site-packages/airflow/example_dags/example_task_group.py took 0.077 seconds
[2023-03-10T19:55:41.209+0000] {processor.py:154} INFO - Started process (PID=697) to work on /home/airflow/.local/lib/python3.7/site-packages/airflow/example_dags/example_task_group.py
[2023-03-10T19:55:41.211+0000] {processor.py:756} INFO - Processing file /home/airflow/.local/lib/python3.7/site-packages/airflow/example_dags/example_task_group.py for tasks to queue
[2023-03-10T19:55:41.213+0000] {logging_mixin.py:137} INFO - [2023-03-10T19:55:41.213+0000] {dagbag.py:537} INFO - Filling up the DagBag from /home/airflow/.local/lib/python3.7/site-packages/airflow/example_dags/example_task_group.py
[2023-03-10T19:55:41.224+0000] {processor.py:766} INFO - DAG(s) dict_keys(['example_task_group']) retrieved from /home/airflow/.local/lib/python3.7/site-packages/airflow/example_dags/example_task_group.py
[2023-03-10T19:55:41.253+0000] {logging_mixin.py:137} INFO - [2023-03-10T19:55:41.253+0000] {dag.py:2585} INFO - Sync 1 DAGs
[2023-03-10T19:55:41.271+0000] {logging_mixin.py:137} INFO - [2023-03-10T19:55:41.271+0000] {dag.py:3340} INFO - Setting next_dagrun for example_task_group to 2023-03-09T19:55:41.271627+00:00, run_after=2023-03-10T19:55:41.271627+00:00
[2023-03-10T19:55:41.284+0000] {processor.py:176} INFO - Processing /home/airflow/.local/lib/python3.7/site-packages/airflow/example_dags/example_task_group.py took 0.078 seconds
[2023-03-10T19:56:11.951+0000] {processor.py:154} INFO - Started process (PID=752) to work on /home/airflow/.local/lib/python3.7/site-packages/airflow/example_dags/example_task_group.py
[2023-03-10T19:56:11.952+0000] {processor.py:756} INFO - Processing file /home/airflow/.local/lib/python3.7/site-packages/airflow/example_dags/example_task_group.py for tasks to queue
[2023-03-10T19:56:11.964+0000] {logging_mixin.py:137} INFO - [2023-03-10T19:56:11.964+0000] {dagbag.py:537} INFO - Filling up the DagBag from /home/airflow/.local/lib/python3.7/site-packages/airflow/example_dags/example_task_group.py
[2023-03-10T19:56:11.982+0000] {processor.py:766} INFO - DAG(s) dict_keys(['example_task_group']) retrieved from /home/airflow/.local/lib/python3.7/site-packages/airflow/example_dags/example_task_group.py
[2023-03-10T19:56:12.048+0000] {logging_mixin.py:137} INFO - [2023-03-10T19:56:12.048+0000] {dag.py:2585} INFO - Sync 1 DAGs
[2023-03-10T19:56:12.066+0000] {logging_mixin.py:137} INFO - [2023-03-10T19:56:12.066+0000] {dag.py:3340} INFO - Setting next_dagrun for example_task_group to 2023-03-09T19:56:12.066336+00:00, run_after=2023-03-10T19:56:12.066336+00:00
[2023-03-10T19:56:12.081+0000] {processor.py:176} INFO - Processing /home/airflow/.local/lib/python3.7/site-packages/airflow/example_dags/example_task_group.py took 0.133 seconds
[2023-03-10T19:56:42.670+0000] {processor.py:154} INFO - Started process (PID=816) to work on /home/airflow/.local/lib/python3.7/site-packages/airflow/example_dags/example_task_group.py
[2023-03-10T19:56:42.672+0000] {processor.py:756} INFO - Processing file /home/airflow/.local/lib/python3.7/site-packages/airflow/example_dags/example_task_group.py for tasks to queue
[2023-03-10T19:56:42.674+0000] {logging_mixin.py:137} INFO - [2023-03-10T19:56:42.674+0000] {dagbag.py:537} INFO - Filling up the DagBag from /home/airflow/.local/lib/python3.7/site-packages/airflow/example_dags/example_task_group.py
[2023-03-10T19:56:42.684+0000] {processor.py:766} INFO - DAG(s) dict_keys(['example_task_group']) retrieved from /home/airflow/.local/lib/python3.7/site-packages/airflow/example_dags/example_task_group.py
[2023-03-10T19:56:42.712+0000] {logging_mixin.py:137} INFO - [2023-03-10T19:56:42.712+0000] {dag.py:2585} INFO - Sync 1 DAGs
[2023-03-10T19:56:42.727+0000] {logging_mixin.py:137} INFO - [2023-03-10T19:56:42.727+0000] {dag.py:3340} INFO - Setting next_dagrun for example_task_group to 2023-03-09T19:56:42.727562+00:00, run_after=2023-03-10T19:56:42.727562+00:00
[2023-03-10T19:56:42.739+0000] {processor.py:176} INFO - Processing /home/airflow/.local/lib/python3.7/site-packages/airflow/example_dags/example_task_group.py took 0.071 seconds
[2023-03-10T19:57:13.589+0000] {processor.py:154} INFO - Started process (PID=879) to work on /home/airflow/.local/lib/python3.7/site-packages/airflow/example_dags/example_task_group.py
[2023-03-10T19:57:13.591+0000] {processor.py:756} INFO - Processing file /home/airflow/.local/lib/python3.7/site-packages/airflow/example_dags/example_task_group.py for tasks to queue
[2023-03-10T19:57:13.593+0000] {logging_mixin.py:137} INFO - [2023-03-10T19:57:13.593+0000] {dagbag.py:537} INFO - Filling up the DagBag from /home/airflow/.local/lib/python3.7/site-packages/airflow/example_dags/example_task_group.py
[2023-03-10T19:57:13.605+0000] {processor.py:766} INFO - DAG(s) dict_keys(['example_task_group']) retrieved from /home/airflow/.local/lib/python3.7/site-packages/airflow/example_dags/example_task_group.py
[2023-03-10T19:57:13.634+0000] {logging_mixin.py:137} INFO - [2023-03-10T19:57:13.634+0000] {dag.py:2585} INFO - Sync 1 DAGs
[2023-03-10T19:57:13.651+0000] {logging_mixin.py:137} INFO - [2023-03-10T19:57:13.651+0000] {dag.py:3340} INFO - Setting next_dagrun for example_task_group to 2023-03-09T19:57:13.651075+00:00, run_after=2023-03-10T19:57:13.651075+00:00
[2023-03-10T19:57:13.666+0000] {processor.py:176} INFO - Processing /home/airflow/.local/lib/python3.7/site-packages/airflow/example_dags/example_task_group.py took 0.079 seconds
[2023-03-10T19:57:43.717+0000] {processor.py:154} INFO - Started process (PID=942) to work on /home/airflow/.local/lib/python3.7/site-packages/airflow/example_dags/example_task_group.py
[2023-03-10T19:57:43.718+0000] {processor.py:756} INFO - Processing file /home/airflow/.local/lib/python3.7/site-packages/airflow/example_dags/example_task_group.py for tasks to queue
[2023-03-10T19:57:43.719+0000] {logging_mixin.py:137} INFO - [2023-03-10T19:57:43.719+0000] {dagbag.py:537} INFO - Filling up the DagBag from /home/airflow/.local/lib/python3.7/site-packages/airflow/example_dags/example_task_group.py
[2023-03-10T19:57:43.730+0000] {processor.py:766} INFO - DAG(s) dict_keys(['example_task_group']) retrieved from /home/airflow/.local/lib/python3.7/site-packages/airflow/example_dags/example_task_group.py
[2023-03-10T19:57:43.762+0000] {logging_mixin.py:137} INFO - [2023-03-10T19:57:43.762+0000] {dag.py:2585} INFO - Sync 1 DAGs
[2023-03-10T19:57:43.783+0000] {logging_mixin.py:137} INFO - [2023-03-10T19:57:43.783+0000] {dag.py:3340} INFO - Setting next_dagrun for example_task_group to 2023-03-09T19:57:43.783389+00:00, run_after=2023-03-10T19:57:43.783389+00:00
[2023-03-10T19:57:43.796+0000] {processor.py:176} INFO - Processing /home/airflow/.local/lib/python3.7/site-packages/airflow/example_dags/example_task_group.py took 0.082 seconds
[2023-03-10T19:58:14.706+0000] {processor.py:154} INFO - Started process (PID=1006) to work on /home/airflow/.local/lib/python3.7/site-packages/airflow/example_dags/example_task_group.py
[2023-03-10T19:58:14.708+0000] {processor.py:756} INFO - Processing file /home/airflow/.local/lib/python3.7/site-packages/airflow/example_dags/example_task_group.py for tasks to queue
[2023-03-10T19:58:14.710+0000] {logging_mixin.py:137} INFO - [2023-03-10T19:58:14.710+0000] {dagbag.py:537} INFO - Filling up the DagBag from /home/airflow/.local/lib/python3.7/site-packages/airflow/example_dags/example_task_group.py
[2023-03-10T19:58:14.721+0000] {processor.py:766} INFO - DAG(s) dict_keys(['example_task_group']) retrieved from /home/airflow/.local/lib/python3.7/site-packages/airflow/example_dags/example_task_group.py
[2023-03-10T19:58:14.749+0000] {logging_mixin.py:137} INFO - [2023-03-10T19:58:14.749+0000] {dag.py:2585} INFO - Sync 1 DAGs
[2023-03-10T19:58:14.764+0000] {logging_mixin.py:137} INFO - [2023-03-10T19:58:14.764+0000] {dag.py:3340} INFO - Setting next_dagrun for example_task_group to 2023-03-09T19:58:14.764353+00:00, run_after=2023-03-10T19:58:14.764353+00:00
[2023-03-10T19:58:14.778+0000] {processor.py:176} INFO - Processing /home/airflow/.local/lib/python3.7/site-packages/airflow/example_dags/example_task_group.py took 0.074 seconds
[2023-03-10T19:58:45.221+0000] {processor.py:154} INFO - Started process (PID=1070) to work on /home/airflow/.local/lib/python3.7/site-packages/airflow/example_dags/example_task_group.py
[2023-03-10T19:58:45.222+0000] {processor.py:756} INFO - Processing file /home/airflow/.local/lib/python3.7/site-packages/airflow/example_dags/example_task_group.py for tasks to queue
[2023-03-10T19:58:45.223+0000] {logging_mixin.py:137} INFO - [2023-03-10T19:58:45.223+0000] {dagbag.py:537} INFO - Filling up the DagBag from /home/airflow/.local/lib/python3.7/site-packages/airflow/example_dags/example_task_group.py
[2023-03-10T19:58:45.234+0000] {processor.py:766} INFO - DAG(s) dict_keys(['example_task_group']) retrieved from /home/airflow/.local/lib/python3.7/site-packages/airflow/example_dags/example_task_group.py
[2023-03-10T19:58:45.259+0000] {logging_mixin.py:137} INFO - [2023-03-10T19:58:45.258+0000] {dag.py:2585} INFO - Sync 1 DAGs
[2023-03-10T19:58:45.275+0000] {logging_mixin.py:137} INFO - [2023-03-10T19:58:45.275+0000] {dag.py:3340} INFO - Setting next_dagrun for example_task_group to 2023-03-09T19:58:45.275588+00:00, run_after=2023-03-10T19:58:45.275588+00:00
[2023-03-10T19:58:45.288+0000] {processor.py:176} INFO - Processing /home/airflow/.local/lib/python3.7/site-packages/airflow/example_dags/example_task_group.py took 0.069 seconds
[2023-03-10T19:59:15.923+0000] {processor.py:154} INFO - Started process (PID=1125) to work on /home/airflow/.local/lib/python3.7/site-packages/airflow/example_dags/example_task_group.py
[2023-03-10T19:59:15.925+0000] {processor.py:756} INFO - Processing file /home/airflow/.local/lib/python3.7/site-packages/airflow/example_dags/example_task_group.py for tasks to queue
[2023-03-10T19:59:15.926+0000] {logging_mixin.py:137} INFO - [2023-03-10T19:59:15.925+0000] {dagbag.py:537} INFO - Filling up the DagBag from /home/airflow/.local/lib/python3.7/site-packages/airflow/example_dags/example_task_group.py
[2023-03-10T19:59:15.937+0000] {processor.py:766} INFO - DAG(s) dict_keys(['example_task_group']) retrieved from /home/airflow/.local/lib/python3.7/site-packages/airflow/example_dags/example_task_group.py
[2023-03-10T19:59:15.965+0000] {logging_mixin.py:137} INFO - [2023-03-10T19:59:15.965+0000] {dag.py:2585} INFO - Sync 1 DAGs
[2023-03-10T19:59:15.980+0000] {logging_mixin.py:137} INFO - [2023-03-10T19:59:15.980+0000] {dag.py:3340} INFO - Setting next_dagrun for example_task_group to 2023-03-09T19:59:15.980540+00:00, run_after=2023-03-10T19:59:15.980540+00:00
[2023-03-10T19:59:15.992+0000] {processor.py:176} INFO - Processing /home/airflow/.local/lib/python3.7/site-packages/airflow/example_dags/example_task_group.py took 0.072 seconds
[2023-03-10T19:59:46.960+0000] {processor.py:154} INFO - Started process (PID=1189) to work on /home/airflow/.local/lib/python3.7/site-packages/airflow/example_dags/example_task_group.py
[2023-03-10T19:59:46.962+0000] {processor.py:756} INFO - Processing file /home/airflow/.local/lib/python3.7/site-packages/airflow/example_dags/example_task_group.py for tasks to queue
[2023-03-10T19:59:46.973+0000] {logging_mixin.py:137} INFO - [2023-03-10T19:59:46.973+0000] {dagbag.py:537} INFO - Filling up the DagBag from /home/airflow/.local/lib/python3.7/site-packages/airflow/example_dags/example_task_group.py
[2023-03-10T19:59:46.990+0000] {processor.py:766} INFO - DAG(s) dict_keys(['example_task_group']) retrieved from /home/airflow/.local/lib/python3.7/site-packages/airflow/example_dags/example_task_group.py
[2023-03-10T19:59:47.033+0000] {logging_mixin.py:137} INFO - [2023-03-10T19:59:47.033+0000] {dag.py:2585} INFO - Sync 1 DAGs
[2023-03-10T19:59:47.059+0000] {logging_mixin.py:137} INFO - [2023-03-10T19:59:47.059+0000] {dag.py:3340} INFO - Setting next_dagrun for example_task_group to 2023-03-09T19:59:47.059261+00:00, run_after=2023-03-10T19:59:47.059261+00:00
[2023-03-10T19:59:47.073+0000] {processor.py:176} INFO - Processing /home/airflow/.local/lib/python3.7/site-packages/airflow/example_dags/example_task_group.py took 0.116 seconds
[2023-03-10T20:00:20.660+0000] {processor.py:154} INFO - Started process (PID=1253) to work on /home/airflow/.local/lib/python3.7/site-packages/airflow/example_dags/example_task_group.py
[2023-03-10T20:00:20.664+0000] {processor.py:756} INFO - Processing file /home/airflow/.local/lib/python3.7/site-packages/airflow/example_dags/example_task_group.py for tasks to queue
[2023-03-10T20:00:20.670+0000] {logging_mixin.py:137} INFO - [2023-03-10T20:00:20.670+0000] {dagbag.py:537} INFO - Filling up the DagBag from /home/airflow/.local/lib/python3.7/site-packages/airflow/example_dags/example_task_group.py
[2023-03-10T20:00:20.700+0000] {processor.py:766} INFO - DAG(s) dict_keys(['example_task_group']) retrieved from /home/airflow/.local/lib/python3.7/site-packages/airflow/example_dags/example_task_group.py
[2023-03-10T20:00:20.809+0000] {logging_mixin.py:137} INFO - [2023-03-10T20:00:20.809+0000] {dag.py:2585} INFO - Sync 1 DAGs
[2023-03-10T20:00:20.853+0000] {logging_mixin.py:137} INFO - [2023-03-10T20:00:20.852+0000] {dag.py:3340} INFO - Setting next_dagrun for example_task_group to 2023-03-09T20:00:20.852795+00:00, run_after=2023-03-10T20:00:20.852795+00:00
[2023-03-10T20:00:20.891+0000] {processor.py:176} INFO - Processing /home/airflow/.local/lib/python3.7/site-packages/airflow/example_dags/example_task_group.py took 0.239 seconds
[2023-03-10T20:00:51.648+0000] {processor.py:154} INFO - Started process (PID=1317) to work on /home/airflow/.local/lib/python3.7/site-packages/airflow/example_dags/example_task_group.py
[2023-03-10T20:00:51.650+0000] {processor.py:756} INFO - Processing file /home/airflow/.local/lib/python3.7/site-packages/airflow/example_dags/example_task_group.py for tasks to queue
[2023-03-10T20:00:51.652+0000] {logging_mixin.py:137} INFO - [2023-03-10T20:00:51.651+0000] {dagbag.py:537} INFO - Filling up the DagBag from /home/airflow/.local/lib/python3.7/site-packages/airflow/example_dags/example_task_group.py
[2023-03-10T20:00:51.673+0000] {processor.py:766} INFO - DAG(s) dict_keys(['example_task_group']) retrieved from /home/airflow/.local/lib/python3.7/site-packages/airflow/example_dags/example_task_group.py
[2023-03-10T20:00:51.705+0000] {logging_mixin.py:137} INFO - [2023-03-10T20:00:51.705+0000] {dag.py:2585} INFO - Sync 1 DAGs
[2023-03-10T20:00:51.726+0000] {logging_mixin.py:137} INFO - [2023-03-10T20:00:51.726+0000] {dag.py:3340} INFO - Setting next_dagrun for example_task_group to 2023-03-09T20:00:51.726164+00:00, run_after=2023-03-10T20:00:51.726164+00:00
[2023-03-10T20:00:51.758+0000] {processor.py:176} INFO - Processing /home/airflow/.local/lib/python3.7/site-packages/airflow/example_dags/example_task_group.py took 0.113 seconds
[2023-03-10T20:01:22.437+0000] {processor.py:154} INFO - Started process (PID=1381) to work on /home/airflow/.local/lib/python3.7/site-packages/airflow/example_dags/example_task_group.py
[2023-03-10T20:01:22.440+0000] {processor.py:756} INFO - Processing file /home/airflow/.local/lib/python3.7/site-packages/airflow/example_dags/example_task_group.py for tasks to queue
[2023-03-10T20:01:22.443+0000] {logging_mixin.py:137} INFO - [2023-03-10T20:01:22.443+0000] {dagbag.py:537} INFO - Filling up the DagBag from /home/airflow/.local/lib/python3.7/site-packages/airflow/example_dags/example_task_group.py
[2023-03-10T20:01:22.455+0000] {processor.py:766} INFO - DAG(s) dict_keys(['example_task_group']) retrieved from /home/airflow/.local/lib/python3.7/site-packages/airflow/example_dags/example_task_group.py
[2023-03-10T20:01:22.488+0000] {logging_mixin.py:137} INFO - [2023-03-10T20:01:22.488+0000] {dag.py:2585} INFO - Sync 1 DAGs
[2023-03-10T20:01:22.513+0000] {logging_mixin.py:137} INFO - [2023-03-10T20:01:22.512+0000] {dag.py:3340} INFO - Setting next_dagrun for example_task_group to 2023-03-09T20:01:22.512809+00:00, run_after=2023-03-10T20:01:22.512809+00:00
[2023-03-10T20:01:22.529+0000] {processor.py:176} INFO - Processing /home/airflow/.local/lib/python3.7/site-packages/airflow/example_dags/example_task_group.py took 0.094 seconds
[2023-03-10T20:01:53.250+0000] {processor.py:154} INFO - Started process (PID=1446) to work on /home/airflow/.local/lib/python3.7/site-packages/airflow/example_dags/example_task_group.py
[2023-03-10T20:01:53.252+0000] {processor.py:756} INFO - Processing file /home/airflow/.local/lib/python3.7/site-packages/airflow/example_dags/example_task_group.py for tasks to queue
[2023-03-10T20:01:53.253+0000] {logging_mixin.py:137} INFO - [2023-03-10T20:01:53.253+0000] {dagbag.py:537} INFO - Filling up the DagBag from /home/airflow/.local/lib/python3.7/site-packages/airflow/example_dags/example_task_group.py
[2023-03-10T20:01:53.268+0000] {processor.py:766} INFO - DAG(s) dict_keys(['example_task_group']) retrieved from /home/airflow/.local/lib/python3.7/site-packages/airflow/example_dags/example_task_group.py
[2023-03-10T20:01:53.297+0000] {logging_mixin.py:137} INFO - [2023-03-10T20:01:53.297+0000] {dag.py:2585} INFO - Sync 1 DAGs
[2023-03-10T20:01:53.317+0000] {logging_mixin.py:137} INFO - [2023-03-10T20:01:53.317+0000] {dag.py:3340} INFO - Setting next_dagrun for example_task_group to 2023-03-09T20:01:53.317188+00:00, run_after=2023-03-10T20:01:53.317188+00:00
[2023-03-10T20:01:53.332+0000] {processor.py:176} INFO - Processing /home/airflow/.local/lib/python3.7/site-packages/airflow/example_dags/example_task_group.py took 0.084 seconds
[2023-03-10T20:02:24.035+0000] {processor.py:154} INFO - Started process (PID=1511) to work on /home/airflow/.local/lib/python3.7/site-packages/airflow/example_dags/example_task_group.py
[2023-03-10T20:02:24.038+0000] {processor.py:756} INFO - Processing file /home/airflow/.local/lib/python3.7/site-packages/airflow/example_dags/example_task_group.py for tasks to queue
[2023-03-10T20:02:24.040+0000] {logging_mixin.py:137} INFO - [2023-03-10T20:02:24.040+0000] {dagbag.py:537} INFO - Filling up the DagBag from /home/airflow/.local/lib/python3.7/site-packages/airflow/example_dags/example_task_group.py
[2023-03-10T20:02:24.052+0000] {processor.py:766} INFO - DAG(s) dict_keys(['example_task_group']) retrieved from /home/airflow/.local/lib/python3.7/site-packages/airflow/example_dags/example_task_group.py
[2023-03-10T20:02:24.083+0000] {logging_mixin.py:137} INFO - [2023-03-10T20:02:24.083+0000] {dag.py:2585} INFO - Sync 1 DAGs
[2023-03-10T20:02:24.099+0000] {logging_mixin.py:137} INFO - [2023-03-10T20:02:24.099+0000] {dag.py:3340} INFO - Setting next_dagrun for example_task_group to 2023-03-09T20:02:24.099642+00:00, run_after=2023-03-10T20:02:24.099642+00:00
[2023-03-10T20:02:24.114+0000] {processor.py:176} INFO - Processing /home/airflow/.local/lib/python3.7/site-packages/airflow/example_dags/example_task_group.py took 0.081 seconds
[2023-03-10T20:02:54.671+0000] {processor.py:154} INFO - Started process (PID=1571) to work on /home/airflow/.local/lib/python3.7/site-packages/airflow/example_dags/example_task_group.py
[2023-03-10T20:02:54.673+0000] {processor.py:756} INFO - Processing file /home/airflow/.local/lib/python3.7/site-packages/airflow/example_dags/example_task_group.py for tasks to queue
[2023-03-10T20:02:54.674+0000] {logging_mixin.py:137} INFO - [2023-03-10T20:02:54.674+0000] {dagbag.py:537} INFO - Filling up the DagBag from /home/airflow/.local/lib/python3.7/site-packages/airflow/example_dags/example_task_group.py
[2023-03-10T20:02:54.690+0000] {processor.py:766} INFO - DAG(s) dict_keys(['example_task_group']) retrieved from /home/airflow/.local/lib/python3.7/site-packages/airflow/example_dags/example_task_group.py
[2023-03-10T20:02:54.727+0000] {logging_mixin.py:137} INFO - [2023-03-10T20:02:54.727+0000] {dag.py:2585} INFO - Sync 1 DAGs
[2023-03-10T20:02:54.746+0000] {logging_mixin.py:137} INFO - [2023-03-10T20:02:54.746+0000] {dag.py:3340} INFO - Setting next_dagrun for example_task_group to 2023-03-09T20:02:54.746027+00:00, run_after=2023-03-10T20:02:54.746027+00:00
[2023-03-10T20:02:54.781+0000] {processor.py:176} INFO - Processing /home/airflow/.local/lib/python3.7/site-packages/airflow/example_dags/example_task_group.py took 0.115 seconds
[2023-03-10T20:03:25.565+0000] {processor.py:154} INFO - Started process (PID=1627) to work on /home/airflow/.local/lib/python3.7/site-packages/airflow/example_dags/example_task_group.py
[2023-03-10T20:03:25.567+0000] {processor.py:756} INFO - Processing file /home/airflow/.local/lib/python3.7/site-packages/airflow/example_dags/example_task_group.py for tasks to queue
[2023-03-10T20:03:25.568+0000] {logging_mixin.py:137} INFO - [2023-03-10T20:03:25.568+0000] {dagbag.py:537} INFO - Filling up the DagBag from /home/airflow/.local/lib/python3.7/site-packages/airflow/example_dags/example_task_group.py
[2023-03-10T20:03:25.578+0000] {processor.py:766} INFO - DAG(s) dict_keys(['example_task_group']) retrieved from /home/airflow/.local/lib/python3.7/site-packages/airflow/example_dags/example_task_group.py
[2023-03-10T20:03:25.604+0000] {logging_mixin.py:137} INFO - [2023-03-10T20:03:25.604+0000] {dag.py:2585} INFO - Sync 1 DAGs
[2023-03-10T20:03:25.619+0000] {logging_mixin.py:137} INFO - [2023-03-10T20:03:25.619+0000] {dag.py:3340} INFO - Setting next_dagrun for example_task_group to 2023-03-09T20:03:25.619074+00:00, run_after=2023-03-10T20:03:25.619074+00:00
[2023-03-10T20:03:25.631+0000] {processor.py:176} INFO - Processing /home/airflow/.local/lib/python3.7/site-packages/airflow/example_dags/example_task_group.py took 0.068 seconds
[2023-03-10T20:03:56.302+0000] {processor.py:154} INFO - Started process (PID=1691) to work on /home/airflow/.local/lib/python3.7/site-packages/airflow/example_dags/example_task_group.py
[2023-03-10T20:03:56.305+0000] {processor.py:756} INFO - Processing file /home/airflow/.local/lib/python3.7/site-packages/airflow/example_dags/example_task_group.py for tasks to queue
[2023-03-10T20:03:56.306+0000] {logging_mixin.py:137} INFO - [2023-03-10T20:03:56.306+0000] {dagbag.py:537} INFO - Filling up the DagBag from /home/airflow/.local/lib/python3.7/site-packages/airflow/example_dags/example_task_group.py
[2023-03-10T20:03:56.318+0000] {processor.py:766} INFO - DAG(s) dict_keys(['example_task_group']) retrieved from /home/airflow/.local/lib/python3.7/site-packages/airflow/example_dags/example_task_group.py
[2023-03-10T20:03:56.349+0000] {logging_mixin.py:137} INFO - [2023-03-10T20:03:56.349+0000] {dag.py:2585} INFO - Sync 1 DAGs
[2023-03-10T20:03:56.366+0000] {logging_mixin.py:137} INFO - [2023-03-10T20:03:56.366+0000] {dag.py:3340} INFO - Setting next_dagrun for example_task_group to 2023-03-09T20:03:56.365916+00:00, run_after=2023-03-10T20:03:56.365916+00:00
[2023-03-10T20:03:56.377+0000] {processor.py:176} INFO - Processing /home/airflow/.local/lib/python3.7/site-packages/airflow/example_dags/example_task_group.py took 0.078 seconds
[2023-03-10T20:04:27.106+0000] {processor.py:154} INFO - Started process (PID=1754) to work on /home/airflow/.local/lib/python3.7/site-packages/airflow/example_dags/example_task_group.py
[2023-03-10T20:04:27.111+0000] {processor.py:756} INFO - Processing file /home/airflow/.local/lib/python3.7/site-packages/airflow/example_dags/example_task_group.py for tasks to queue
[2023-03-10T20:04:27.115+0000] {logging_mixin.py:137} INFO - [2023-03-10T20:04:27.115+0000] {dagbag.py:537} INFO - Filling up the DagBag from /home/airflow/.local/lib/python3.7/site-packages/airflow/example_dags/example_task_group.py
[2023-03-10T20:04:27.132+0000] {processor.py:766} INFO - DAG(s) dict_keys(['example_task_group']) retrieved from /home/airflow/.local/lib/python3.7/site-packages/airflow/example_dags/example_task_group.py
[2023-03-10T20:04:27.164+0000] {logging_mixin.py:137} INFO - [2023-03-10T20:04:27.164+0000] {dag.py:2585} INFO - Sync 1 DAGs
[2023-03-10T20:04:27.181+0000] {logging_mixin.py:137} INFO - [2023-03-10T20:04:27.181+0000] {dag.py:3340} INFO - Setting next_dagrun for example_task_group to 2023-03-09T20:04:27.181618+00:00, run_after=2023-03-10T20:04:27.181618+00:00
[2023-03-10T20:04:27.195+0000] {processor.py:176} INFO - Processing /home/airflow/.local/lib/python3.7/site-packages/airflow/example_dags/example_task_group.py took 0.091 seconds
[2023-03-10T20:04:57.729+0000] {processor.py:154} INFO - Started process (PID=1818) to work on /home/airflow/.local/lib/python3.7/site-packages/airflow/example_dags/example_task_group.py
[2023-03-10T20:04:57.731+0000] {processor.py:756} INFO - Processing file /home/airflow/.local/lib/python3.7/site-packages/airflow/example_dags/example_task_group.py for tasks to queue
[2023-03-10T20:04:57.732+0000] {logging_mixin.py:137} INFO - [2023-03-10T20:04:57.732+0000] {dagbag.py:537} INFO - Filling up the DagBag from /home/airflow/.local/lib/python3.7/site-packages/airflow/example_dags/example_task_group.py
[2023-03-10T20:04:57.744+0000] {processor.py:766} INFO - DAG(s) dict_keys(['example_task_group']) retrieved from /home/airflow/.local/lib/python3.7/site-packages/airflow/example_dags/example_task_group.py
[2023-03-10T20:04:57.770+0000] {logging_mixin.py:137} INFO - [2023-03-10T20:04:57.770+0000] {dag.py:2585} INFO - Sync 1 DAGs
[2023-03-10T20:04:57.785+0000] {logging_mixin.py:137} INFO - [2023-03-10T20:04:57.785+0000] {dag.py:3340} INFO - Setting next_dagrun for example_task_group to 2023-03-09T20:04:57.785348+00:00, run_after=2023-03-10T20:04:57.785348+00:00
[2023-03-10T20:04:57.797+0000] {processor.py:176} INFO - Processing /home/airflow/.local/lib/python3.7/site-packages/airflow/example_dags/example_task_group.py took 0.070 seconds
[2023-03-10T20:05:28.724+0000] {processor.py:154} INFO - Started process (PID=1882) to work on /home/airflow/.local/lib/python3.7/site-packages/airflow/example_dags/example_task_group.py
[2023-03-10T20:05:28.726+0000] {processor.py:756} INFO - Processing file /home/airflow/.local/lib/python3.7/site-packages/airflow/example_dags/example_task_group.py for tasks to queue
[2023-03-10T20:05:28.727+0000] {logging_mixin.py:137} INFO - [2023-03-10T20:05:28.727+0000] {dagbag.py:537} INFO - Filling up the DagBag from /home/airflow/.local/lib/python3.7/site-packages/airflow/example_dags/example_task_group.py
[2023-03-10T20:05:28.737+0000] {processor.py:766} INFO - DAG(s) dict_keys(['example_task_group']) retrieved from /home/airflow/.local/lib/python3.7/site-packages/airflow/example_dags/example_task_group.py
[2023-03-10T20:05:28.760+0000] {logging_mixin.py:137} INFO - [2023-03-10T20:05:28.760+0000] {dag.py:2585} INFO - Sync 1 DAGs
[2023-03-10T20:05:28.776+0000] {logging_mixin.py:137} INFO - [2023-03-10T20:05:28.776+0000] {dag.py:3340} INFO - Setting next_dagrun for example_task_group to 2023-03-09T20:05:28.776205+00:00, run_after=2023-03-10T20:05:28.776205+00:00
[2023-03-10T20:05:28.788+0000] {processor.py:176} INFO - Processing /home/airflow/.local/lib/python3.7/site-packages/airflow/example_dags/example_task_group.py took 0.067 seconds
[2023-03-10T20:05:59.473+0000] {processor.py:154} INFO - Started process (PID=1944) to work on /home/airflow/.local/lib/python3.7/site-packages/airflow/example_dags/example_task_group.py
[2023-03-10T20:05:59.475+0000] {processor.py:756} INFO - Processing file /home/airflow/.local/lib/python3.7/site-packages/airflow/example_dags/example_task_group.py for tasks to queue
[2023-03-10T20:05:59.476+0000] {logging_mixin.py:137} INFO - [2023-03-10T20:05:59.476+0000] {dagbag.py:537} INFO - Filling up the DagBag from /home/airflow/.local/lib/python3.7/site-packages/airflow/example_dags/example_task_group.py
[2023-03-10T20:05:59.490+0000] {processor.py:766} INFO - DAG(s) dict_keys(['example_task_group']) retrieved from /home/airflow/.local/lib/python3.7/site-packages/airflow/example_dags/example_task_group.py
[2023-03-10T20:05:59.516+0000] {logging_mixin.py:137} INFO - [2023-03-10T20:05:59.516+0000] {dag.py:2585} INFO - Sync 1 DAGs
[2023-03-10T20:05:59.534+0000] {logging_mixin.py:137} INFO - [2023-03-10T20:05:59.534+0000] {dag.py:3340} INFO - Setting next_dagrun for example_task_group to 2023-03-09T20:05:59.534458+00:00, run_after=2023-03-10T20:05:59.534458+00:00
[2023-03-10T20:05:59.549+0000] {processor.py:176} INFO - Processing /home/airflow/.local/lib/python3.7/site-packages/airflow/example_dags/example_task_group.py took 0.079 seconds
[2023-03-10T20:06:29.871+0000] {processor.py:154} INFO - Started process (PID=2001) to work on /home/airflow/.local/lib/python3.7/site-packages/airflow/example_dags/example_task_group.py
[2023-03-10T20:06:29.873+0000] {processor.py:756} INFO - Processing file /home/airflow/.local/lib/python3.7/site-packages/airflow/example_dags/example_task_group.py for tasks to queue
[2023-03-10T20:06:29.874+0000] {logging_mixin.py:137} INFO - [2023-03-10T20:06:29.874+0000] {dagbag.py:537} INFO - Filling up the DagBag from /home/airflow/.local/lib/python3.7/site-packages/airflow/example_dags/example_task_group.py
[2023-03-10T20:06:29.883+0000] {processor.py:766} INFO - DAG(s) dict_keys(['example_task_group']) retrieved from /home/airflow/.local/lib/python3.7/site-packages/airflow/example_dags/example_task_group.py
[2023-03-10T20:06:29.910+0000] {logging_mixin.py:137} INFO - [2023-03-10T20:06:29.910+0000] {dag.py:2585} INFO - Sync 1 DAGs
[2023-03-10T20:06:29.925+0000] {logging_mixin.py:137} INFO - [2023-03-10T20:06:29.925+0000] {dag.py:3340} INFO - Setting next_dagrun for example_task_group to 2023-03-09T20:06:29.925514+00:00, run_after=2023-03-10T20:06:29.925514+00:00
[2023-03-10T20:06:29.937+0000] {processor.py:176} INFO - Processing /home/airflow/.local/lib/python3.7/site-packages/airflow/example_dags/example_task_group.py took 0.069 seconds
[2023-03-10T20:07:00.751+0000] {processor.py:154} INFO - Started process (PID=2065) to work on /home/airflow/.local/lib/python3.7/site-packages/airflow/example_dags/example_task_group.py
[2023-03-10T20:07:00.753+0000] {processor.py:756} INFO - Processing file /home/airflow/.local/lib/python3.7/site-packages/airflow/example_dags/example_task_group.py for tasks to queue
[2023-03-10T20:07:00.754+0000] {logging_mixin.py:137} INFO - [2023-03-10T20:07:00.754+0000] {dagbag.py:537} INFO - Filling up the DagBag from /home/airflow/.local/lib/python3.7/site-packages/airflow/example_dags/example_task_group.py
[2023-03-10T20:07:00.766+0000] {processor.py:766} INFO - DAG(s) dict_keys(['example_task_group']) retrieved from /home/airflow/.local/lib/python3.7/site-packages/airflow/example_dags/example_task_group.py
[2023-03-10T20:07:00.793+0000] {logging_mixin.py:137} INFO - [2023-03-10T20:07:00.793+0000] {dag.py:2585} INFO - Sync 1 DAGs
[2023-03-10T20:07:00.808+0000] {logging_mixin.py:137} INFO - [2023-03-10T20:07:00.808+0000] {dag.py:3340} INFO - Setting next_dagrun for example_task_group to 2023-03-09T20:07:00.808201+00:00, run_after=2023-03-10T20:07:00.808201+00:00
[2023-03-10T20:07:00.821+0000] {processor.py:176} INFO - Processing /home/airflow/.local/lib/python3.7/site-packages/airflow/example_dags/example_task_group.py took 0.072 seconds
[2023-03-10T20:07:31.383+0000] {processor.py:154} INFO - Started process (PID=2128) to work on /home/airflow/.local/lib/python3.7/site-packages/airflow/example_dags/example_task_group.py
[2023-03-10T20:07:31.385+0000] {processor.py:756} INFO - Processing file /home/airflow/.local/lib/python3.7/site-packages/airflow/example_dags/example_task_group.py for tasks to queue
[2023-03-10T20:07:31.386+0000] {logging_mixin.py:137} INFO - [2023-03-10T20:07:31.386+0000] {dagbag.py:537} INFO - Filling up the DagBag from /home/airflow/.local/lib/python3.7/site-packages/airflow/example_dags/example_task_group.py
[2023-03-10T20:07:31.399+0000] {processor.py:766} INFO - DAG(s) dict_keys(['example_task_group']) retrieved from /home/airflow/.local/lib/python3.7/site-packages/airflow/example_dags/example_task_group.py
[2023-03-10T20:07:31.426+0000] {logging_mixin.py:137} INFO - [2023-03-10T20:07:31.426+0000] {dag.py:2585} INFO - Sync 1 DAGs
[2023-03-10T20:07:31.442+0000] {logging_mixin.py:137} INFO - [2023-03-10T20:07:31.442+0000] {dag.py:3340} INFO - Setting next_dagrun for example_task_group to 2023-03-09T20:07:31.442675+00:00, run_after=2023-03-10T20:07:31.442675+00:00
[2023-03-10T20:07:31.455+0000] {processor.py:176} INFO - Processing /home/airflow/.local/lib/python3.7/site-packages/airflow/example_dags/example_task_group.py took 0.074 seconds
[2023-03-10T20:08:01.942+0000] {processor.py:154} INFO - Started process (PID=2192) to work on /home/airflow/.local/lib/python3.7/site-packages/airflow/example_dags/example_task_group.py
[2023-03-10T20:08:01.943+0000] {processor.py:756} INFO - Processing file /home/airflow/.local/lib/python3.7/site-packages/airflow/example_dags/example_task_group.py for tasks to queue
[2023-03-10T20:08:01.944+0000] {logging_mixin.py:137} INFO - [2023-03-10T20:08:01.944+0000] {dagbag.py:537} INFO - Filling up the DagBag from /home/airflow/.local/lib/python3.7/site-packages/airflow/example_dags/example_task_group.py
[2023-03-10T20:08:01.955+0000] {processor.py:766} INFO - DAG(s) dict_keys(['example_task_group']) retrieved from /home/airflow/.local/lib/python3.7/site-packages/airflow/example_dags/example_task_group.py
[2023-03-10T20:08:01.981+0000] {logging_mixin.py:137} INFO - [2023-03-10T20:08:01.981+0000] {dag.py:2585} INFO - Sync 1 DAGs
[2023-03-10T20:08:01.997+0000] {logging_mixin.py:137} INFO - [2023-03-10T20:08:01.997+0000] {dag.py:3340} INFO - Setting next_dagrun for example_task_group to 2023-03-09T20:08:01.997372+00:00, run_after=2023-03-10T20:08:01.997372+00:00
[2023-03-10T20:08:02.010+0000] {processor.py:176} INFO - Processing /home/airflow/.local/lib/python3.7/site-packages/airflow/example_dags/example_task_group.py took 0.070 seconds
[2023-03-10T20:08:32.628+0000] {processor.py:154} INFO - Started process (PID=2256) to work on /home/airflow/.local/lib/python3.7/site-packages/airflow/example_dags/example_task_group.py
[2023-03-10T20:08:32.631+0000] {processor.py:756} INFO - Processing file /home/airflow/.local/lib/python3.7/site-packages/airflow/example_dags/example_task_group.py for tasks to queue
[2023-03-10T20:08:32.632+0000] {logging_mixin.py:137} INFO - [2023-03-10T20:08:32.632+0000] {dagbag.py:537} INFO - Filling up the DagBag from /home/airflow/.local/lib/python3.7/site-packages/airflow/example_dags/example_task_group.py
[2023-03-10T20:08:32.644+0000] {processor.py:766} INFO - DAG(s) dict_keys(['example_task_group']) retrieved from /home/airflow/.local/lib/python3.7/site-packages/airflow/example_dags/example_task_group.py
[2023-03-10T20:08:32.672+0000] {logging_mixin.py:137} INFO - [2023-03-10T20:08:32.672+0000] {dag.py:2585} INFO - Sync 1 DAGs
[2023-03-10T20:08:32.689+0000] {logging_mixin.py:137} INFO - [2023-03-10T20:08:32.688+0000] {dag.py:3340} INFO - Setting next_dagrun for example_task_group to 2023-03-09T20:08:32.688824+00:00, run_after=2023-03-10T20:08:32.688824+00:00
[2023-03-10T20:08:32.701+0000] {processor.py:176} INFO - Processing /home/airflow/.local/lib/python3.7/site-packages/airflow/example_dags/example_task_group.py took 0.075 seconds
[2023-03-10T20:09:03.207+0000] {processor.py:154} INFO - Started process (PID=2311) to work on /home/airflow/.local/lib/python3.7/site-packages/airflow/example_dags/example_task_group.py
[2023-03-10T20:09:03.209+0000] {processor.py:756} INFO - Processing file /home/airflow/.local/lib/python3.7/site-packages/airflow/example_dags/example_task_group.py for tasks to queue
[2023-03-10T20:09:03.210+0000] {logging_mixin.py:137} INFO - [2023-03-10T20:09:03.210+0000] {dagbag.py:537} INFO - Filling up the DagBag from /home/airflow/.local/lib/python3.7/site-packages/airflow/example_dags/example_task_group.py
[2023-03-10T20:09:03.221+0000] {processor.py:766} INFO - DAG(s) dict_keys(['example_task_group']) retrieved from /home/airflow/.local/lib/python3.7/site-packages/airflow/example_dags/example_task_group.py
[2023-03-10T20:09:03.245+0000] {logging_mixin.py:137} INFO - [2023-03-10T20:09:03.245+0000] {dag.py:2585} INFO - Sync 1 DAGs
[2023-03-10T20:09:03.261+0000] {logging_mixin.py:137} INFO - [2023-03-10T20:09:03.261+0000] {dag.py:3340} INFO - Setting next_dagrun for example_task_group to 2023-03-09T20:09:03.261683+00:00, run_after=2023-03-10T20:09:03.261683+00:00
[2023-03-10T20:09:03.274+0000] {processor.py:176} INFO - Processing /home/airflow/.local/lib/python3.7/site-packages/airflow/example_dags/example_task_group.py took 0.069 seconds
[2023-03-10T20:09:34.197+0000] {processor.py:154} INFO - Started process (PID=2374) to work on /home/airflow/.local/lib/python3.7/site-packages/airflow/example_dags/example_task_group.py
[2023-03-10T20:09:34.198+0000] {processor.py:756} INFO - Processing file /home/airflow/.local/lib/python3.7/site-packages/airflow/example_dags/example_task_group.py for tasks to queue
[2023-03-10T20:09:34.199+0000] {logging_mixin.py:137} INFO - [2023-03-10T20:09:34.199+0000] {dagbag.py:537} INFO - Filling up the DagBag from /home/airflow/.local/lib/python3.7/site-packages/airflow/example_dags/example_task_group.py
[2023-03-10T20:09:34.209+0000] {processor.py:766} INFO - DAG(s) dict_keys(['example_task_group']) retrieved from /home/airflow/.local/lib/python3.7/site-packages/airflow/example_dags/example_task_group.py
[2023-03-10T20:09:34.236+0000] {logging_mixin.py:137} INFO - [2023-03-10T20:09:34.236+0000] {dag.py:2585} INFO - Sync 1 DAGs
[2023-03-10T20:09:34.251+0000] {logging_mixin.py:137} INFO - [2023-03-10T20:09:34.251+0000] {dag.py:3340} INFO - Setting next_dagrun for example_task_group to 2023-03-09T20:09:34.251771+00:00, run_after=2023-03-10T20:09:34.251771+00:00
[2023-03-10T20:09:34.263+0000] {processor.py:176} INFO - Processing /home/airflow/.local/lib/python3.7/site-packages/airflow/example_dags/example_task_group.py took 0.069 seconds
[2023-03-10T20:10:05.027+0000] {processor.py:154} INFO - Started process (PID=2439) to work on /home/airflow/.local/lib/python3.7/site-packages/airflow/example_dags/example_task_group.py
[2023-03-10T20:10:05.029+0000] {processor.py:756} INFO - Processing file /home/airflow/.local/lib/python3.7/site-packages/airflow/example_dags/example_task_group.py for tasks to queue
[2023-03-10T20:10:05.030+0000] {logging_mixin.py:137} INFO - [2023-03-10T20:10:05.030+0000] {dagbag.py:537} INFO - Filling up the DagBag from /home/airflow/.local/lib/python3.7/site-packages/airflow/example_dags/example_task_group.py
[2023-03-10T20:10:05.041+0000] {processor.py:766} INFO - DAG(s) dict_keys(['example_task_group']) retrieved from /home/airflow/.local/lib/python3.7/site-packages/airflow/example_dags/example_task_group.py
[2023-03-10T20:10:05.066+0000] {logging_mixin.py:137} INFO - [2023-03-10T20:10:05.066+0000] {dag.py:2585} INFO - Sync 1 DAGs
[2023-03-10T20:10:05.082+0000] {logging_mixin.py:137} INFO - [2023-03-10T20:10:05.082+0000] {dag.py:3340} INFO - Setting next_dagrun for example_task_group to 2023-03-09T20:10:05.082013+00:00, run_after=2023-03-10T20:10:05.082013+00:00
[2023-03-10T20:10:05.094+0000] {processor.py:176} INFO - Processing /home/airflow/.local/lib/python3.7/site-packages/airflow/example_dags/example_task_group.py took 0.069 seconds
[2023-03-10T20:10:35.500+0000] {processor.py:154} INFO - Started process (PID=2503) to work on /home/airflow/.local/lib/python3.7/site-packages/airflow/example_dags/example_task_group.py
[2023-03-10T20:10:35.501+0000] {processor.py:756} INFO - Processing file /home/airflow/.local/lib/python3.7/site-packages/airflow/example_dags/example_task_group.py for tasks to queue
[2023-03-10T20:10:35.502+0000] {logging_mixin.py:137} INFO - [2023-03-10T20:10:35.502+0000] {dagbag.py:537} INFO - Filling up the DagBag from /home/airflow/.local/lib/python3.7/site-packages/airflow/example_dags/example_task_group.py
[2023-03-10T20:10:35.513+0000] {processor.py:766} INFO - DAG(s) dict_keys(['example_task_group']) retrieved from /home/airflow/.local/lib/python3.7/site-packages/airflow/example_dags/example_task_group.py
[2023-03-10T20:10:35.539+0000] {logging_mixin.py:137} INFO - [2023-03-10T20:10:35.538+0000] {dag.py:2585} INFO - Sync 1 DAGs
[2023-03-10T20:10:35.553+0000] {logging_mixin.py:137} INFO - [2023-03-10T20:10:35.553+0000] {dag.py:3340} INFO - Setting next_dagrun for example_task_group to 2023-03-09T20:10:35.553041+00:00, run_after=2023-03-10T20:10:35.553041+00:00
[2023-03-10T20:10:35.564+0000] {processor.py:176} INFO - Processing /home/airflow/.local/lib/python3.7/site-packages/airflow/example_dags/example_task_group.py took 0.066 seconds
[2023-03-10T20:11:06.088+0000] {processor.py:154} INFO - Started process (PID=2566) to work on /home/airflow/.local/lib/python3.7/site-packages/airflow/example_dags/example_task_group.py
[2023-03-10T20:11:06.090+0000] {processor.py:756} INFO - Processing file /home/airflow/.local/lib/python3.7/site-packages/airflow/example_dags/example_task_group.py for tasks to queue
[2023-03-10T20:11:06.091+0000] {logging_mixin.py:137} INFO - [2023-03-10T20:11:06.091+0000] {dagbag.py:537} INFO - Filling up the DagBag from /home/airflow/.local/lib/python3.7/site-packages/airflow/example_dags/example_task_group.py
[2023-03-10T20:11:06.102+0000] {processor.py:766} INFO - DAG(s) dict_keys(['example_task_group']) retrieved from /home/airflow/.local/lib/python3.7/site-packages/airflow/example_dags/example_task_group.py
[2023-03-10T20:11:06.127+0000] {logging_mixin.py:137} INFO - [2023-03-10T20:11:06.127+0000] {dag.py:2585} INFO - Sync 1 DAGs
[2023-03-10T20:11:06.142+0000] {logging_mixin.py:137} INFO - [2023-03-10T20:11:06.142+0000] {dag.py:3340} INFO - Setting next_dagrun for example_task_group to 2023-03-09T20:11:06.142262+00:00, run_after=2023-03-10T20:11:06.142262+00:00
[2023-03-10T20:11:06.154+0000] {processor.py:176} INFO - Processing /home/airflow/.local/lib/python3.7/site-packages/airflow/example_dags/example_task_group.py took 0.068 seconds
[2023-03-10T20:11:36.699+0000] {processor.py:154} INFO - Started process (PID=2628) to work on /home/airflow/.local/lib/python3.7/site-packages/airflow/example_dags/example_task_group.py
[2023-03-10T20:11:36.702+0000] {processor.py:756} INFO - Processing file /home/airflow/.local/lib/python3.7/site-packages/airflow/example_dags/example_task_group.py for tasks to queue
[2023-03-10T20:11:36.703+0000] {logging_mixin.py:137} INFO - [2023-03-10T20:11:36.703+0000] {dagbag.py:537} INFO - Filling up the DagBag from /home/airflow/.local/lib/python3.7/site-packages/airflow/example_dags/example_task_group.py
[2023-03-10T20:11:36.716+0000] {processor.py:766} INFO - DAG(s) dict_keys(['example_task_group']) retrieved from /home/airflow/.local/lib/python3.7/site-packages/airflow/example_dags/example_task_group.py
[2023-03-10T20:11:36.744+0000] {logging_mixin.py:137} INFO - [2023-03-10T20:11:36.744+0000] {dag.py:2585} INFO - Sync 1 DAGs
[2023-03-10T20:11:36.765+0000] {logging_mixin.py:137} INFO - [2023-03-10T20:11:36.765+0000] {dag.py:3340} INFO - Setting next_dagrun for example_task_group to 2023-03-09T20:11:36.765176+00:00, run_after=2023-03-10T20:11:36.765176+00:00
[2023-03-10T20:11:36.782+0000] {processor.py:176} INFO - Processing /home/airflow/.local/lib/python3.7/site-packages/airflow/example_dags/example_task_group.py took 0.086 seconds
[2023-03-10T20:12:07.390+0000] {processor.py:154} INFO - Started process (PID=2683) to work on /home/airflow/.local/lib/python3.7/site-packages/airflow/example_dags/example_task_group.py
[2023-03-10T20:12:07.392+0000] {processor.py:756} INFO - Processing file /home/airflow/.local/lib/python3.7/site-packages/airflow/example_dags/example_task_group.py for tasks to queue
[2023-03-10T20:12:07.393+0000] {logging_mixin.py:137} INFO - [2023-03-10T20:12:07.393+0000] {dagbag.py:537} INFO - Filling up the DagBag from /home/airflow/.local/lib/python3.7/site-packages/airflow/example_dags/example_task_group.py
[2023-03-10T20:12:07.404+0000] {processor.py:766} INFO - DAG(s) dict_keys(['example_task_group']) retrieved from /home/airflow/.local/lib/python3.7/site-packages/airflow/example_dags/example_task_group.py
[2023-03-10T20:12:07.430+0000] {logging_mixin.py:137} INFO - [2023-03-10T20:12:07.430+0000] {dag.py:2585} INFO - Sync 1 DAGs
[2023-03-10T20:12:07.444+0000] {logging_mixin.py:137} INFO - [2023-03-10T20:12:07.444+0000] {dag.py:3340} INFO - Setting next_dagrun for example_task_group to 2023-03-09T20:12:07.444203+00:00, run_after=2023-03-10T20:12:07.444203+00:00
[2023-03-10T20:12:07.455+0000] {processor.py:176} INFO - Processing /home/airflow/.local/lib/python3.7/site-packages/airflow/example_dags/example_task_group.py took 0.067 seconds
[2023-03-10T20:12:38.010+0000] {processor.py:154} INFO - Started process (PID=2747) to work on /home/airflow/.local/lib/python3.7/site-packages/airflow/example_dags/example_task_group.py
[2023-03-10T20:12:38.011+0000] {processor.py:756} INFO - Processing file /home/airflow/.local/lib/python3.7/site-packages/airflow/example_dags/example_task_group.py for tasks to queue
[2023-03-10T20:12:38.012+0000] {logging_mixin.py:137} INFO - [2023-03-10T20:12:38.012+0000] {dagbag.py:537} INFO - Filling up the DagBag from /home/airflow/.local/lib/python3.7/site-packages/airflow/example_dags/example_task_group.py
[2023-03-10T20:12:38.024+0000] {processor.py:766} INFO - DAG(s) dict_keys(['example_task_group']) retrieved from /home/airflow/.local/lib/python3.7/site-packages/airflow/example_dags/example_task_group.py
[2023-03-10T20:12:38.049+0000] {logging_mixin.py:137} INFO - [2023-03-10T20:12:38.049+0000] {dag.py:2585} INFO - Sync 1 DAGs
[2023-03-10T20:12:38.064+0000] {logging_mixin.py:137} INFO - [2023-03-10T20:12:38.064+0000] {dag.py:3340} INFO - Setting next_dagrun for example_task_group to 2023-03-09T20:12:38.064100+00:00, run_after=2023-03-10T20:12:38.064100+00:00
[2023-03-10T20:12:38.076+0000] {processor.py:176} INFO - Processing /home/airflow/.local/lib/python3.7/site-packages/airflow/example_dags/example_task_group.py took 0.068 seconds
[2023-03-10T20:13:08.929+0000] {processor.py:154} INFO - Started process (PID=2810) to work on /home/airflow/.local/lib/python3.7/site-packages/airflow/example_dags/example_task_group.py
[2023-03-10T20:13:08.932+0000] {processor.py:756} INFO - Processing file /home/airflow/.local/lib/python3.7/site-packages/airflow/example_dags/example_task_group.py for tasks to queue
[2023-03-10T20:13:08.934+0000] {logging_mixin.py:137} INFO - [2023-03-10T20:13:08.933+0000] {dagbag.py:537} INFO - Filling up the DagBag from /home/airflow/.local/lib/python3.7/site-packages/airflow/example_dags/example_task_group.py
[2023-03-10T20:13:08.948+0000] {processor.py:766} INFO - DAG(s) dict_keys(['example_task_group']) retrieved from /home/airflow/.local/lib/python3.7/site-packages/airflow/example_dags/example_task_group.py
[2023-03-10T20:13:08.978+0000] {logging_mixin.py:137} INFO - [2023-03-10T20:13:08.978+0000] {dag.py:2585} INFO - Sync 1 DAGs
[2023-03-10T20:13:08.994+0000] {logging_mixin.py:137} INFO - [2023-03-10T20:13:08.994+0000] {dag.py:3340} INFO - Setting next_dagrun for example_task_group to 2023-03-09T20:13:08.994230+00:00, run_after=2023-03-10T20:13:08.994230+00:00
[2023-03-10T20:13:09.007+0000] {processor.py:176} INFO - Processing /home/airflow/.local/lib/python3.7/site-packages/airflow/example_dags/example_task_group.py took 0.081 seconds
[2023-03-10T20:13:39.412+0000] {processor.py:154} INFO - Started process (PID=2874) to work on /home/airflow/.local/lib/python3.7/site-packages/airflow/example_dags/example_task_group.py
[2023-03-10T20:13:39.414+0000] {processor.py:756} INFO - Processing file /home/airflow/.local/lib/python3.7/site-packages/airflow/example_dags/example_task_group.py for tasks to queue
[2023-03-10T20:13:39.415+0000] {logging_mixin.py:137} INFO - [2023-03-10T20:13:39.415+0000] {dagbag.py:537} INFO - Filling up the DagBag from /home/airflow/.local/lib/python3.7/site-packages/airflow/example_dags/example_task_group.py
[2023-03-10T20:13:39.431+0000] {processor.py:766} INFO - DAG(s) dict_keys(['example_task_group']) retrieved from /home/airflow/.local/lib/python3.7/site-packages/airflow/example_dags/example_task_group.py
[2023-03-10T20:13:39.458+0000] {logging_mixin.py:137} INFO - [2023-03-10T20:13:39.458+0000] {dag.py:2585} INFO - Sync 1 DAGs
[2023-03-10T20:13:39.474+0000] {logging_mixin.py:137} INFO - [2023-03-10T20:13:39.474+0000] {dag.py:3340} INFO - Setting next_dagrun for example_task_group to 2023-03-09T20:13:39.474308+00:00, run_after=2023-03-10T20:13:39.474308+00:00
[2023-03-10T20:13:39.488+0000] {processor.py:176} INFO - Processing /home/airflow/.local/lib/python3.7/site-packages/airflow/example_dags/example_task_group.py took 0.079 seconds
[2023-03-10T20:14:10.339+0000] {processor.py:154} INFO - Started process (PID=2938) to work on /home/airflow/.local/lib/python3.7/site-packages/airflow/example_dags/example_task_group.py
[2023-03-10T20:14:10.340+0000] {processor.py:756} INFO - Processing file /home/airflow/.local/lib/python3.7/site-packages/airflow/example_dags/example_task_group.py for tasks to queue
[2023-03-10T20:14:10.342+0000] {logging_mixin.py:137} INFO - [2023-03-10T20:14:10.342+0000] {dagbag.py:537} INFO - Filling up the DagBag from /home/airflow/.local/lib/python3.7/site-packages/airflow/example_dags/example_task_group.py
[2023-03-10T20:14:10.352+0000] {processor.py:766} INFO - DAG(s) dict_keys(['example_task_group']) retrieved from /home/airflow/.local/lib/python3.7/site-packages/airflow/example_dags/example_task_group.py
[2023-03-10T20:14:10.376+0000] {logging_mixin.py:137} INFO - [2023-03-10T20:14:10.376+0000] {dag.py:2585} INFO - Sync 1 DAGs
[2023-03-10T20:14:10.390+0000] {logging_mixin.py:137} INFO - [2023-03-10T20:14:10.390+0000] {dag.py:3340} INFO - Setting next_dagrun for example_task_group to 2023-03-09T20:14:10.390768+00:00, run_after=2023-03-10T20:14:10.390768+00:00
[2023-03-10T20:14:10.402+0000] {processor.py:176} INFO - Processing /home/airflow/.local/lib/python3.7/site-packages/airflow/example_dags/example_task_group.py took 0.066 seconds
[2023-03-10T20:14:40.854+0000] {processor.py:154} INFO - Started process (PID=3002) to work on /home/airflow/.local/lib/python3.7/site-packages/airflow/example_dags/example_task_group.py
[2023-03-10T20:14:40.856+0000] {processor.py:756} INFO - Processing file /home/airflow/.local/lib/python3.7/site-packages/airflow/example_dags/example_task_group.py for tasks to queue
[2023-03-10T20:14:40.858+0000] {logging_mixin.py:137} INFO - [2023-03-10T20:14:40.858+0000] {dagbag.py:537} INFO - Filling up the DagBag from /home/airflow/.local/lib/python3.7/site-packages/airflow/example_dags/example_task_group.py
[2023-03-10T20:14:40.869+0000] {processor.py:766} INFO - DAG(s) dict_keys(['example_task_group']) retrieved from /home/airflow/.local/lib/python3.7/site-packages/airflow/example_dags/example_task_group.py
[2023-03-10T20:14:40.899+0000] {logging_mixin.py:137} INFO - [2023-03-10T20:14:40.898+0000] {dag.py:2585} INFO - Sync 1 DAGs
[2023-03-10T20:14:40.916+0000] {logging_mixin.py:137} INFO - [2023-03-10T20:14:40.916+0000] {dag.py:3340} INFO - Setting next_dagrun for example_task_group to 2023-03-09T20:14:40.916030+00:00, run_after=2023-03-10T20:14:40.916030+00:00
[2023-03-10T20:14:40.946+0000] {processor.py:176} INFO - Processing /home/airflow/.local/lib/python3.7/site-packages/airflow/example_dags/example_task_group.py took 0.093 seconds
[2023-03-10T20:15:11.428+0000] {processor.py:154} INFO - Started process (PID=3057) to work on /home/airflow/.local/lib/python3.7/site-packages/airflow/example_dags/example_task_group.py
[2023-03-10T20:15:11.430+0000] {processor.py:756} INFO - Processing file /home/airflow/.local/lib/python3.7/site-packages/airflow/example_dags/example_task_group.py for tasks to queue
[2023-03-10T20:15:11.431+0000] {logging_mixin.py:137} INFO - [2023-03-10T20:15:11.431+0000] {dagbag.py:537} INFO - Filling up the DagBag from /home/airflow/.local/lib/python3.7/site-packages/airflow/example_dags/example_task_group.py
[2023-03-10T20:15:11.442+0000] {processor.py:766} INFO - DAG(s) dict_keys(['example_task_group']) retrieved from /home/airflow/.local/lib/python3.7/site-packages/airflow/example_dags/example_task_group.py
[2023-03-10T20:15:11.467+0000] {logging_mixin.py:137} INFO - [2023-03-10T20:15:11.467+0000] {dag.py:2585} INFO - Sync 1 DAGs
[2023-03-10T20:15:11.481+0000] {logging_mixin.py:137} INFO - [2023-03-10T20:15:11.481+0000] {dag.py:3340} INFO - Setting next_dagrun for example_task_group to 2023-03-09T20:15:11.481418+00:00, run_after=2023-03-10T20:15:11.481418+00:00
[2023-03-10T20:15:11.492+0000] {processor.py:176} INFO - Processing /home/airflow/.local/lib/python3.7/site-packages/airflow/example_dags/example_task_group.py took 0.066 seconds
[2023-03-10T20:15:41.735+0000] {processor.py:154} INFO - Started process (PID=3121) to work on /home/airflow/.local/lib/python3.7/site-packages/airflow/example_dags/example_task_group.py
[2023-03-10T20:15:41.736+0000] {processor.py:756} INFO - Processing file /home/airflow/.local/lib/python3.7/site-packages/airflow/example_dags/example_task_group.py for tasks to queue
[2023-03-10T20:15:41.737+0000] {logging_mixin.py:137} INFO - [2023-03-10T20:15:41.737+0000] {dagbag.py:537} INFO - Filling up the DagBag from /home/airflow/.local/lib/python3.7/site-packages/airflow/example_dags/example_task_group.py
[2023-03-10T20:15:41.747+0000] {processor.py:766} INFO - DAG(s) dict_keys(['example_task_group']) retrieved from /home/airflow/.local/lib/python3.7/site-packages/airflow/example_dags/example_task_group.py
[2023-03-10T20:15:41.773+0000] {logging_mixin.py:137} INFO - [2023-03-10T20:15:41.773+0000] {dag.py:2585} INFO - Sync 1 DAGs
[2023-03-10T20:15:41.788+0000] {logging_mixin.py:137} INFO - [2023-03-10T20:15:41.788+0000] {dag.py:3340} INFO - Setting next_dagrun for example_task_group to 2023-03-09T20:15:41.788255+00:00, run_after=2023-03-10T20:15:41.788255+00:00
[2023-03-10T20:15:41.800+0000] {processor.py:176} INFO - Processing /home/airflow/.local/lib/python3.7/site-packages/airflow/example_dags/example_task_group.py took 0.067 seconds
[2023-03-10T20:16:12.429+0000] {processor.py:154} INFO - Started process (PID=3185) to work on /home/airflow/.local/lib/python3.7/site-packages/airflow/example_dags/example_task_group.py
[2023-03-10T20:16:12.431+0000] {processor.py:756} INFO - Processing file /home/airflow/.local/lib/python3.7/site-packages/airflow/example_dags/example_task_group.py for tasks to queue
[2023-03-10T20:16:12.432+0000] {logging_mixin.py:137} INFO - [2023-03-10T20:16:12.432+0000] {dagbag.py:537} INFO - Filling up the DagBag from /home/airflow/.local/lib/python3.7/site-packages/airflow/example_dags/example_task_group.py
[2023-03-10T20:16:12.441+0000] {processor.py:766} INFO - DAG(s) dict_keys(['example_task_group']) retrieved from /home/airflow/.local/lib/python3.7/site-packages/airflow/example_dags/example_task_group.py
[2023-03-10T20:16:12.466+0000] {logging_mixin.py:137} INFO - [2023-03-10T20:16:12.466+0000] {dag.py:2585} INFO - Sync 1 DAGs
[2023-03-10T20:16:12.479+0000] {logging_mixin.py:137} INFO - [2023-03-10T20:16:12.479+0000] {dag.py:3340} INFO - Setting next_dagrun for example_task_group to 2023-03-09T20:16:12.479148+00:00, run_after=2023-03-10T20:16:12.479148+00:00
[2023-03-10T20:16:12.490+0000] {processor.py:176} INFO - Processing /home/airflow/.local/lib/python3.7/site-packages/airflow/example_dags/example_task_group.py took 0.063 seconds
[2023-03-10T20:16:42.643+0000] {processor.py:154} INFO - Started process (PID=3248) to work on /home/airflow/.local/lib/python3.7/site-packages/airflow/example_dags/example_task_group.py
[2023-03-10T20:16:42.645+0000] {processor.py:756} INFO - Processing file /home/airflow/.local/lib/python3.7/site-packages/airflow/example_dags/example_task_group.py for tasks to queue
[2023-03-10T20:16:42.646+0000] {logging_mixin.py:137} INFO - [2023-03-10T20:16:42.646+0000] {dagbag.py:537} INFO - Filling up the DagBag from /home/airflow/.local/lib/python3.7/site-packages/airflow/example_dags/example_task_group.py
[2023-03-10T20:16:42.657+0000] {processor.py:766} INFO - DAG(s) dict_keys(['example_task_group']) retrieved from /home/airflow/.local/lib/python3.7/site-packages/airflow/example_dags/example_task_group.py
[2023-03-10T20:16:42.684+0000] {logging_mixin.py:137} INFO - [2023-03-10T20:16:42.684+0000] {dag.py:2585} INFO - Sync 1 DAGs
[2023-03-10T20:16:42.700+0000] {logging_mixin.py:137} INFO - [2023-03-10T20:16:42.700+0000] {dag.py:3340} INFO - Setting next_dagrun for example_task_group to 2023-03-09T20:16:42.700027+00:00, run_after=2023-03-10T20:16:42.700027+00:00
[2023-03-10T20:16:42.712+0000] {processor.py:176} INFO - Processing /home/airflow/.local/lib/python3.7/site-packages/airflow/example_dags/example_task_group.py took 0.071 seconds
[2023-03-10T20:17:13.038+0000] {processor.py:154} INFO - Started process (PID=3312) to work on /home/airflow/.local/lib/python3.7/site-packages/airflow/example_dags/example_task_group.py
[2023-03-10T20:17:13.040+0000] {processor.py:756} INFO - Processing file /home/airflow/.local/lib/python3.7/site-packages/airflow/example_dags/example_task_group.py for tasks to queue
[2023-03-10T20:17:13.041+0000] {logging_mixin.py:137} INFO - [2023-03-10T20:17:13.041+0000] {dagbag.py:537} INFO - Filling up the DagBag from /home/airflow/.local/lib/python3.7/site-packages/airflow/example_dags/example_task_group.py
[2023-03-10T20:17:13.051+0000] {processor.py:766} INFO - DAG(s) dict_keys(['example_task_group']) retrieved from /home/airflow/.local/lib/python3.7/site-packages/airflow/example_dags/example_task_group.py
[2023-03-10T20:17:13.076+0000] {logging_mixin.py:137} INFO - [2023-03-10T20:17:13.076+0000] {dag.py:2585} INFO - Sync 1 DAGs
[2023-03-10T20:17:13.090+0000] {logging_mixin.py:137} INFO - [2023-03-10T20:17:13.090+0000] {dag.py:3340} INFO - Setting next_dagrun for example_task_group to 2023-03-09T20:17:13.089909+00:00, run_after=2023-03-10T20:17:13.089909+00:00
[2023-03-10T20:17:13.101+0000] {processor.py:176} INFO - Processing /home/airflow/.local/lib/python3.7/site-packages/airflow/example_dags/example_task_group.py took 0.065 seconds
[2023-03-10T20:17:43.567+0000] {processor.py:154} INFO - Started process (PID=3367) to work on /home/airflow/.local/lib/python3.7/site-packages/airflow/example_dags/example_task_group.py
[2023-03-10T20:17:43.569+0000] {processor.py:756} INFO - Processing file /home/airflow/.local/lib/python3.7/site-packages/airflow/example_dags/example_task_group.py for tasks to queue
[2023-03-10T20:17:43.569+0000] {logging_mixin.py:137} INFO - [2023-03-10T20:17:43.569+0000] {dagbag.py:537} INFO - Filling up the DagBag from /home/airflow/.local/lib/python3.7/site-packages/airflow/example_dags/example_task_group.py
[2023-03-10T20:17:43.579+0000] {processor.py:766} INFO - DAG(s) dict_keys(['example_task_group']) retrieved from /home/airflow/.local/lib/python3.7/site-packages/airflow/example_dags/example_task_group.py
[2023-03-10T20:17:43.604+0000] {logging_mixin.py:137} INFO - [2023-03-10T20:17:43.604+0000] {dag.py:2585} INFO - Sync 1 DAGs
[2023-03-10T20:17:43.619+0000] {logging_mixin.py:137} INFO - [2023-03-10T20:17:43.619+0000] {dag.py:3340} INFO - Setting next_dagrun for example_task_group to 2023-03-09T20:17:43.619100+00:00, run_after=2023-03-10T20:17:43.619100+00:00
[2023-03-10T20:17:43.629+0000] {processor.py:176} INFO - Processing /home/airflow/.local/lib/python3.7/site-packages/airflow/example_dags/example_task_group.py took 0.064 seconds
[2023-03-10T20:18:13.775+0000] {processor.py:154} INFO - Started process (PID=3432) to work on /home/airflow/.local/lib/python3.7/site-packages/airflow/example_dags/example_task_group.py
[2023-03-10T20:18:13.777+0000] {processor.py:756} INFO - Processing file /home/airflow/.local/lib/python3.7/site-packages/airflow/example_dags/example_task_group.py for tasks to queue
[2023-03-10T20:18:13.778+0000] {logging_mixin.py:137} INFO - [2023-03-10T20:18:13.778+0000] {dagbag.py:537} INFO - Filling up the DagBag from /home/airflow/.local/lib/python3.7/site-packages/airflow/example_dags/example_task_group.py
[2023-03-10T20:18:13.787+0000] {processor.py:766} INFO - DAG(s) dict_keys(['example_task_group']) retrieved from /home/airflow/.local/lib/python3.7/site-packages/airflow/example_dags/example_task_group.py
[2023-03-10T20:18:13.812+0000] {logging_mixin.py:137} INFO - [2023-03-10T20:18:13.811+0000] {dag.py:2585} INFO - Sync 1 DAGs
[2023-03-10T20:18:13.826+0000] {logging_mixin.py:137} INFO - [2023-03-10T20:18:13.826+0000] {dag.py:3340} INFO - Setting next_dagrun for example_task_group to 2023-03-09T20:18:13.826526+00:00, run_after=2023-03-10T20:18:13.826526+00:00
[2023-03-10T20:18:13.837+0000] {processor.py:176} INFO - Processing /home/airflow/.local/lib/python3.7/site-packages/airflow/example_dags/example_task_group.py took 0.065 seconds
[2023-03-10T20:18:44.601+0000] {processor.py:154} INFO - Started process (PID=3496) to work on /home/airflow/.local/lib/python3.7/site-packages/airflow/example_dags/example_task_group.py
[2023-03-10T20:18:44.602+0000] {processor.py:756} INFO - Processing file /home/airflow/.local/lib/python3.7/site-packages/airflow/example_dags/example_task_group.py for tasks to queue
[2023-03-10T20:18:44.604+0000] {logging_mixin.py:137} INFO - [2023-03-10T20:18:44.604+0000] {dagbag.py:537} INFO - Filling up the DagBag from /home/airflow/.local/lib/python3.7/site-packages/airflow/example_dags/example_task_group.py
[2023-03-10T20:18:44.613+0000] {processor.py:766} INFO - DAG(s) dict_keys(['example_task_group']) retrieved from /home/airflow/.local/lib/python3.7/site-packages/airflow/example_dags/example_task_group.py
[2023-03-10T20:18:44.638+0000] {logging_mixin.py:137} INFO - [2023-03-10T20:18:44.637+0000] {dag.py:2585} INFO - Sync 1 DAGs
[2023-03-10T20:18:44.651+0000] {logging_mixin.py:137} INFO - [2023-03-10T20:18:44.651+0000] {dag.py:3340} INFO - Setting next_dagrun for example_task_group to 2023-03-09T20:18:44.651547+00:00, run_after=2023-03-10T20:18:44.651547+00:00
[2023-03-10T20:18:44.663+0000] {processor.py:176} INFO - Processing /home/airflow/.local/lib/python3.7/site-packages/airflow/example_dags/example_task_group.py took 0.065 seconds
[2023-03-10T20:19:15.213+0000] {processor.py:154} INFO - Started process (PID=3559) to work on /home/airflow/.local/lib/python3.7/site-packages/airflow/example_dags/example_task_group.py
[2023-03-10T20:19:15.215+0000] {processor.py:756} INFO - Processing file /home/airflow/.local/lib/python3.7/site-packages/airflow/example_dags/example_task_group.py for tasks to queue
[2023-03-10T20:19:15.216+0000] {logging_mixin.py:137} INFO - [2023-03-10T20:19:15.216+0000] {dagbag.py:537} INFO - Filling up the DagBag from /home/airflow/.local/lib/python3.7/site-packages/airflow/example_dags/example_task_group.py
[2023-03-10T20:19:15.227+0000] {processor.py:766} INFO - DAG(s) dict_keys(['example_task_group']) retrieved from /home/airflow/.local/lib/python3.7/site-packages/airflow/example_dags/example_task_group.py
[2023-03-10T20:19:15.251+0000] {logging_mixin.py:137} INFO - [2023-03-10T20:19:15.251+0000] {dag.py:2585} INFO - Sync 1 DAGs
[2023-03-10T20:19:15.265+0000] {logging_mixin.py:137} INFO - [2023-03-10T20:19:15.265+0000] {dag.py:3340} INFO - Setting next_dagrun for example_task_group to 2023-03-09T20:19:15.265564+00:00, run_after=2023-03-10T20:19:15.265564+00:00
[2023-03-10T20:19:15.277+0000] {processor.py:176} INFO - Processing /home/airflow/.local/lib/python3.7/site-packages/airflow/example_dags/example_task_group.py took 0.067 seconds
[2023-03-10T20:19:46.334+0000] {processor.py:154} INFO - Started process (PID=3622) to work on /home/airflow/.local/lib/python3.7/site-packages/airflow/example_dags/example_task_group.py
[2023-03-10T20:19:46.336+0000] {processor.py:756} INFO - Processing file /home/airflow/.local/lib/python3.7/site-packages/airflow/example_dags/example_task_group.py for tasks to queue
[2023-03-10T20:19:46.340+0000] {logging_mixin.py:137} INFO - [2023-03-10T20:19:46.339+0000] {dagbag.py:537} INFO - Filling up the DagBag from /home/airflow/.local/lib/python3.7/site-packages/airflow/example_dags/example_task_group.py
[2023-03-10T20:19:46.357+0000] {processor.py:766} INFO - DAG(s) dict_keys(['example_task_group']) retrieved from /home/airflow/.local/lib/python3.7/site-packages/airflow/example_dags/example_task_group.py
[2023-03-10T20:19:46.406+0000] {logging_mixin.py:137} INFO - [2023-03-10T20:19:46.406+0000] {dag.py:2585} INFO - Sync 1 DAGs
[2023-03-10T20:19:46.438+0000] {logging_mixin.py:137} INFO - [2023-03-10T20:19:46.437+0000] {dag.py:3340} INFO - Setting next_dagrun for example_task_group to 2023-03-09T20:19:46.437839+00:00, run_after=2023-03-10T20:19:46.437839+00:00
[2023-03-10T20:19:46.454+0000] {processor.py:176} INFO - Processing /home/airflow/.local/lib/python3.7/site-packages/airflow/example_dags/example_task_group.py took 0.125 seconds
[2023-03-10T20:20:16.888+0000] {processor.py:154} INFO - Started process (PID=3677) to work on /home/airflow/.local/lib/python3.7/site-packages/airflow/example_dags/example_task_group.py
[2023-03-10T20:20:16.891+0000] {processor.py:756} INFO - Processing file /home/airflow/.local/lib/python3.7/site-packages/airflow/example_dags/example_task_group.py for tasks to queue
[2023-03-10T20:20:16.892+0000] {logging_mixin.py:137} INFO - [2023-03-10T20:20:16.892+0000] {dagbag.py:537} INFO - Filling up the DagBag from /home/airflow/.local/lib/python3.7/site-packages/airflow/example_dags/example_task_group.py
[2023-03-10T20:20:16.902+0000] {processor.py:766} INFO - DAG(s) dict_keys(['example_task_group']) retrieved from /home/airflow/.local/lib/python3.7/site-packages/airflow/example_dags/example_task_group.py
[2023-03-10T20:20:16.928+0000] {logging_mixin.py:137} INFO - [2023-03-10T20:20:16.928+0000] {dag.py:2585} INFO - Sync 1 DAGs
[2023-03-10T20:20:16.944+0000] {logging_mixin.py:137} INFO - [2023-03-10T20:20:16.944+0000] {dag.py:3340} INFO - Setting next_dagrun for example_task_group to 2023-03-09T20:20:16.944551+00:00, run_after=2023-03-10T20:20:16.944551+00:00
[2023-03-10T20:20:16.958+0000] {processor.py:176} INFO - Processing /home/airflow/.local/lib/python3.7/site-packages/airflow/example_dags/example_task_group.py took 0.072 seconds
[2023-03-10T20:20:47.564+0000] {processor.py:154} INFO - Started process (PID=3741) to work on /home/airflow/.local/lib/python3.7/site-packages/airflow/example_dags/example_task_group.py
[2023-03-10T20:20:47.566+0000] {processor.py:756} INFO - Processing file /home/airflow/.local/lib/python3.7/site-packages/airflow/example_dags/example_task_group.py for tasks to queue
[2023-03-10T20:20:47.567+0000] {logging_mixin.py:137} INFO - [2023-03-10T20:20:47.567+0000] {dagbag.py:537} INFO - Filling up the DagBag from /home/airflow/.local/lib/python3.7/site-packages/airflow/example_dags/example_task_group.py
[2023-03-10T20:20:47.582+0000] {processor.py:766} INFO - DAG(s) dict_keys(['example_task_group']) retrieved from /home/airflow/.local/lib/python3.7/site-packages/airflow/example_dags/example_task_group.py
[2023-03-10T20:20:47.614+0000] {logging_mixin.py:137} INFO - [2023-03-10T20:20:47.614+0000] {dag.py:2585} INFO - Sync 1 DAGs
[2023-03-10T20:20:47.630+0000] {logging_mixin.py:137} INFO - [2023-03-10T20:20:47.630+0000] {dag.py:3340} INFO - Setting next_dagrun for example_task_group to 2023-03-09T20:20:47.630677+00:00, run_after=2023-03-10T20:20:47.630677+00:00
[2023-03-10T20:20:47.645+0000] {processor.py:176} INFO - Processing /home/airflow/.local/lib/python3.7/site-packages/airflow/example_dags/example_task_group.py took 0.084 seconds
[2023-03-10T20:21:18.233+0000] {processor.py:154} INFO - Started process (PID=3806) to work on /home/airflow/.local/lib/python3.7/site-packages/airflow/example_dags/example_task_group.py
[2023-03-10T20:21:18.236+0000] {processor.py:756} INFO - Processing file /home/airflow/.local/lib/python3.7/site-packages/airflow/example_dags/example_task_group.py for tasks to queue
[2023-03-10T20:21:18.238+0000] {logging_mixin.py:137} INFO - [2023-03-10T20:21:18.238+0000] {dagbag.py:537} INFO - Filling up the DagBag from /home/airflow/.local/lib/python3.7/site-packages/airflow/example_dags/example_task_group.py
[2023-03-10T20:21:18.253+0000] {processor.py:766} INFO - DAG(s) dict_keys(['example_task_group']) retrieved from /home/airflow/.local/lib/python3.7/site-packages/airflow/example_dags/example_task_group.py
[2023-03-10T20:21:18.296+0000] {logging_mixin.py:137} INFO - [2023-03-10T20:21:18.296+0000] {dag.py:2585} INFO - Sync 1 DAGs
[2023-03-10T20:21:18.316+0000] {logging_mixin.py:137} INFO - [2023-03-10T20:21:18.316+0000] {dag.py:3340} INFO - Setting next_dagrun for example_task_group to 2023-03-09T20:21:18.315996+00:00, run_after=2023-03-10T20:21:18.315996+00:00
[2023-03-10T20:21:18.339+0000] {processor.py:176} INFO - Processing /home/airflow/.local/lib/python3.7/site-packages/airflow/example_dags/example_task_group.py took 0.108 seconds
[2023-03-10T20:21:49.279+0000] {processor.py:154} INFO - Started process (PID=3870) to work on /home/airflow/.local/lib/python3.7/site-packages/airflow/example_dags/example_task_group.py
[2023-03-10T20:21:49.281+0000] {processor.py:756} INFO - Processing file /home/airflow/.local/lib/python3.7/site-packages/airflow/example_dags/example_task_group.py for tasks to queue
[2023-03-10T20:21:49.284+0000] {logging_mixin.py:137} INFO - [2023-03-10T20:21:49.284+0000] {dagbag.py:537} INFO - Filling up the DagBag from /home/airflow/.local/lib/python3.7/site-packages/airflow/example_dags/example_task_group.py
[2023-03-10T20:21:49.316+0000] {processor.py:766} INFO - DAG(s) dict_keys(['example_task_group']) retrieved from /home/airflow/.local/lib/python3.7/site-packages/airflow/example_dags/example_task_group.py
[2023-03-10T20:21:49.361+0000] {logging_mixin.py:137} INFO - [2023-03-10T20:21:49.361+0000] {dag.py:2585} INFO - Sync 1 DAGs
[2023-03-10T20:21:49.387+0000] {logging_mixin.py:137} INFO - [2023-03-10T20:21:49.387+0000] {dag.py:3340} INFO - Setting next_dagrun for example_task_group to 2023-03-09T20:21:49.387633+00:00, run_after=2023-03-10T20:21:49.387633+00:00
[2023-03-10T20:21:49.403+0000] {processor.py:176} INFO - Processing /home/airflow/.local/lib/python3.7/site-packages/airflow/example_dags/example_task_group.py took 0.128 seconds
[2023-03-10T20:22:20.082+0000] {processor.py:154} INFO - Started process (PID=3933) to work on /home/airflow/.local/lib/python3.7/site-packages/airflow/example_dags/example_task_group.py
[2023-03-10T20:22:20.083+0000] {processor.py:756} INFO - Processing file /home/airflow/.local/lib/python3.7/site-packages/airflow/example_dags/example_task_group.py for tasks to queue
[2023-03-10T20:22:20.085+0000] {logging_mixin.py:137} INFO - [2023-03-10T20:22:20.084+0000] {dagbag.py:537} INFO - Filling up the DagBag from /home/airflow/.local/lib/python3.7/site-packages/airflow/example_dags/example_task_group.py
[2023-03-10T20:22:20.099+0000] {processor.py:766} INFO - DAG(s) dict_keys(['example_task_group']) retrieved from /home/airflow/.local/lib/python3.7/site-packages/airflow/example_dags/example_task_group.py
[2023-03-10T20:22:20.133+0000] {logging_mixin.py:137} INFO - [2023-03-10T20:22:20.133+0000] {dag.py:2585} INFO - Sync 1 DAGs
[2023-03-10T20:22:20.151+0000] {logging_mixin.py:137} INFO - [2023-03-10T20:22:20.151+0000] {dag.py:3340} INFO - Setting next_dagrun for example_task_group to 2023-03-09T20:22:20.150849+00:00, run_after=2023-03-10T20:22:20.150849+00:00
[2023-03-10T20:22:20.166+0000] {processor.py:176} INFO - Processing /home/airflow/.local/lib/python3.7/site-packages/airflow/example_dags/example_task_group.py took 0.086 seconds
[2023-03-10T20:22:50.657+0000] {processor.py:154} INFO - Started process (PID=3997) to work on /home/airflow/.local/lib/python3.7/site-packages/airflow/example_dags/example_task_group.py
[2023-03-10T20:22:50.659+0000] {processor.py:756} INFO - Processing file /home/airflow/.local/lib/python3.7/site-packages/airflow/example_dags/example_task_group.py for tasks to queue
[2023-03-10T20:22:50.660+0000] {logging_mixin.py:137} INFO - [2023-03-10T20:22:50.660+0000] {dagbag.py:537} INFO - Filling up the DagBag from /home/airflow/.local/lib/python3.7/site-packages/airflow/example_dags/example_task_group.py
[2023-03-10T20:22:50.671+0000] {processor.py:766} INFO - DAG(s) dict_keys(['example_task_group']) retrieved from /home/airflow/.local/lib/python3.7/site-packages/airflow/example_dags/example_task_group.py
[2023-03-10T20:22:50.697+0000] {logging_mixin.py:137} INFO - [2023-03-10T20:22:50.696+0000] {dag.py:2585} INFO - Sync 1 DAGs
[2023-03-10T20:22:50.711+0000] {logging_mixin.py:137} INFO - [2023-03-10T20:22:50.711+0000] {dag.py:3340} INFO - Setting next_dagrun for example_task_group to 2023-03-09T20:22:50.711561+00:00, run_after=2023-03-10T20:22:50.711561+00:00
[2023-03-10T20:22:50.725+0000] {processor.py:176} INFO - Processing /home/airflow/.local/lib/python3.7/site-packages/airflow/example_dags/example_task_group.py took 0.070 seconds
[2023-03-10T20:23:20.951+0000] {processor.py:154} INFO - Started process (PID=4052) to work on /home/airflow/.local/lib/python3.7/site-packages/airflow/example_dags/example_task_group.py
[2023-03-10T20:23:20.953+0000] {processor.py:756} INFO - Processing file /home/airflow/.local/lib/python3.7/site-packages/airflow/example_dags/example_task_group.py for tasks to queue
[2023-03-10T20:23:20.954+0000] {logging_mixin.py:137} INFO - [2023-03-10T20:23:20.954+0000] {dagbag.py:537} INFO - Filling up the DagBag from /home/airflow/.local/lib/python3.7/site-packages/airflow/example_dags/example_task_group.py
[2023-03-10T20:23:20.965+0000] {processor.py:766} INFO - DAG(s) dict_keys(['example_task_group']) retrieved from /home/airflow/.local/lib/python3.7/site-packages/airflow/example_dags/example_task_group.py
[2023-03-10T20:23:20.994+0000] {logging_mixin.py:137} INFO - [2023-03-10T20:23:20.994+0000] {dag.py:2585} INFO - Sync 1 DAGs
[2023-03-10T20:23:21.011+0000] {logging_mixin.py:137} INFO - [2023-03-10T20:23:21.011+0000] {dag.py:3340} INFO - Setting next_dagrun for example_task_group to 2023-03-09T20:23:21.011140+00:00, run_after=2023-03-10T20:23:21.011140+00:00
[2023-03-10T20:23:21.025+0000] {processor.py:176} INFO - Processing /home/airflow/.local/lib/python3.7/site-packages/airflow/example_dags/example_task_group.py took 0.076 seconds
[2023-03-10T20:23:51.607+0000] {processor.py:154} INFO - Started process (PID=4115) to work on /home/airflow/.local/lib/python3.7/site-packages/airflow/example_dags/example_task_group.py
[2023-03-10T20:23:51.609+0000] {processor.py:756} INFO - Processing file /home/airflow/.local/lib/python3.7/site-packages/airflow/example_dags/example_task_group.py for tasks to queue
[2023-03-10T20:23:51.610+0000] {logging_mixin.py:137} INFO - [2023-03-10T20:23:51.609+0000] {dagbag.py:537} INFO - Filling up the DagBag from /home/airflow/.local/lib/python3.7/site-packages/airflow/example_dags/example_task_group.py
[2023-03-10T20:23:51.621+0000] {processor.py:766} INFO - DAG(s) dict_keys(['example_task_group']) retrieved from /home/airflow/.local/lib/python3.7/site-packages/airflow/example_dags/example_task_group.py
[2023-03-10T20:23:51.649+0000] {logging_mixin.py:137} INFO - [2023-03-10T20:23:51.648+0000] {dag.py:2585} INFO - Sync 1 DAGs
[2023-03-10T20:23:51.665+0000] {logging_mixin.py:137} INFO - [2023-03-10T20:23:51.665+0000] {dag.py:3340} INFO - Setting next_dagrun for example_task_group to 2023-03-09T20:23:51.664874+00:00, run_after=2023-03-10T20:23:51.664874+00:00
[2023-03-10T20:23:51.677+0000] {processor.py:176} INFO - Processing /home/airflow/.local/lib/python3.7/site-packages/airflow/example_dags/example_task_group.py took 0.072 seconds
[2023-03-10T20:24:22.093+0000] {processor.py:154} INFO - Started process (PID=4178) to work on /home/airflow/.local/lib/python3.7/site-packages/airflow/example_dags/example_task_group.py
[2023-03-10T20:24:22.095+0000] {processor.py:756} INFO - Processing file /home/airflow/.local/lib/python3.7/site-packages/airflow/example_dags/example_task_group.py for tasks to queue
[2023-03-10T20:24:22.096+0000] {logging_mixin.py:137} INFO - [2023-03-10T20:24:22.096+0000] {dagbag.py:537} INFO - Filling up the DagBag from /home/airflow/.local/lib/python3.7/site-packages/airflow/example_dags/example_task_group.py
[2023-03-10T20:24:22.106+0000] {processor.py:766} INFO - DAG(s) dict_keys(['example_task_group']) retrieved from /home/airflow/.local/lib/python3.7/site-packages/airflow/example_dags/example_task_group.py
[2023-03-10T20:24:22.135+0000] {logging_mixin.py:137} INFO - [2023-03-10T20:24:22.135+0000] {dag.py:2585} INFO - Sync 1 DAGs
[2023-03-10T20:24:22.150+0000] {logging_mixin.py:137} INFO - [2023-03-10T20:24:22.150+0000] {dag.py:3340} INFO - Setting next_dagrun for example_task_group to 2023-03-09T20:24:22.150330+00:00, run_after=2023-03-10T20:24:22.150330+00:00
[2023-03-10T20:24:22.163+0000] {processor.py:176} INFO - Processing /home/airflow/.local/lib/python3.7/site-packages/airflow/example_dags/example_task_group.py took 0.072 seconds
[2023-03-10T20:24:52.769+0000] {processor.py:154} INFO - Started process (PID=4242) to work on /home/airflow/.local/lib/python3.7/site-packages/airflow/example_dags/example_task_group.py
[2023-03-10T20:24:52.772+0000] {processor.py:756} INFO - Processing file /home/airflow/.local/lib/python3.7/site-packages/airflow/example_dags/example_task_group.py for tasks to queue
[2023-03-10T20:24:52.773+0000] {logging_mixin.py:137} INFO - [2023-03-10T20:24:52.773+0000] {dagbag.py:537} INFO - Filling up the DagBag from /home/airflow/.local/lib/python3.7/site-packages/airflow/example_dags/example_task_group.py
[2023-03-10T20:24:52.784+0000] {processor.py:766} INFO - DAG(s) dict_keys(['example_task_group']) retrieved from /home/airflow/.local/lib/python3.7/site-packages/airflow/example_dags/example_task_group.py
[2023-03-10T20:24:52.813+0000] {logging_mixin.py:137} INFO - [2023-03-10T20:24:52.813+0000] {dag.py:2585} INFO - Sync 1 DAGs
[2023-03-10T20:24:52.828+0000] {logging_mixin.py:137} INFO - [2023-03-10T20:24:52.828+0000] {dag.py:3340} INFO - Setting next_dagrun for example_task_group to 2023-03-09T20:24:52.827956+00:00, run_after=2023-03-10T20:24:52.827956+00:00
[2023-03-10T20:24:52.840+0000] {processor.py:176} INFO - Processing /home/airflow/.local/lib/python3.7/site-packages/airflow/example_dags/example_task_group.py took 0.073 seconds
[2023-03-10T20:25:23.206+0000] {processor.py:154} INFO - Started process (PID=4305) to work on /home/airflow/.local/lib/python3.7/site-packages/airflow/example_dags/example_task_group.py
[2023-03-10T20:25:23.207+0000] {processor.py:756} INFO - Processing file /home/airflow/.local/lib/python3.7/site-packages/airflow/example_dags/example_task_group.py for tasks to queue
[2023-03-10T20:25:23.208+0000] {logging_mixin.py:137} INFO - [2023-03-10T20:25:23.208+0000] {dagbag.py:537} INFO - Filling up the DagBag from /home/airflow/.local/lib/python3.7/site-packages/airflow/example_dags/example_task_group.py
[2023-03-10T20:25:23.220+0000] {processor.py:766} INFO - DAG(s) dict_keys(['example_task_group']) retrieved from /home/airflow/.local/lib/python3.7/site-packages/airflow/example_dags/example_task_group.py
[2023-03-10T20:25:23.247+0000] {logging_mixin.py:137} INFO - [2023-03-10T20:25:23.247+0000] {dag.py:2585} INFO - Sync 1 DAGs
[2023-03-10T20:25:23.263+0000] {logging_mixin.py:137} INFO - [2023-03-10T20:25:23.263+0000] {dag.py:3340} INFO - Setting next_dagrun for example_task_group to 2023-03-09T20:25:23.262982+00:00, run_after=2023-03-10T20:25:23.262982+00:00
[2023-03-10T20:25:23.276+0000] {processor.py:176} INFO - Processing /home/airflow/.local/lib/python3.7/site-packages/airflow/example_dags/example_task_group.py took 0.072 seconds
[2023-03-10T20:25:54.194+0000] {processor.py:154} INFO - Started process (PID=4368) to work on /home/airflow/.local/lib/python3.7/site-packages/airflow/example_dags/example_task_group.py
[2023-03-10T20:25:54.197+0000] {processor.py:756} INFO - Processing file /home/airflow/.local/lib/python3.7/site-packages/airflow/example_dags/example_task_group.py for tasks to queue
[2023-03-10T20:25:54.198+0000] {logging_mixin.py:137} INFO - [2023-03-10T20:25:54.198+0000] {dagbag.py:537} INFO - Filling up the DagBag from /home/airflow/.local/lib/python3.7/site-packages/airflow/example_dags/example_task_group.py
[2023-03-10T20:25:54.210+0000] {processor.py:766} INFO - DAG(s) dict_keys(['example_task_group']) retrieved from /home/airflow/.local/lib/python3.7/site-packages/airflow/example_dags/example_task_group.py
[2023-03-10T20:25:54.241+0000] {logging_mixin.py:137} INFO - [2023-03-10T20:25:54.240+0000] {dag.py:2585} INFO - Sync 1 DAGs
[2023-03-10T20:25:54.261+0000] {logging_mixin.py:137} INFO - [2023-03-10T20:25:54.261+0000] {dag.py:3340} INFO - Setting next_dagrun for example_task_group to 2023-03-09T20:25:54.261593+00:00, run_after=2023-03-10T20:25:54.261593+00:00
[2023-03-10T20:25:54.279+0000] {processor.py:176} INFO - Processing /home/airflow/.local/lib/python3.7/site-packages/airflow/example_dags/example_task_group.py took 0.088 seconds
[2023-03-10T20:26:24.861+0000] {processor.py:154} INFO - Started process (PID=4423) to work on /home/airflow/.local/lib/python3.7/site-packages/airflow/example_dags/example_task_group.py
[2023-03-10T20:26:24.863+0000] {processor.py:756} INFO - Processing file /home/airflow/.local/lib/python3.7/site-packages/airflow/example_dags/example_task_group.py for tasks to queue
[2023-03-10T20:26:24.864+0000] {logging_mixin.py:137} INFO - [2023-03-10T20:26:24.864+0000] {dagbag.py:537} INFO - Filling up the DagBag from /home/airflow/.local/lib/python3.7/site-packages/airflow/example_dags/example_task_group.py
[2023-03-10T20:26:24.875+0000] {processor.py:766} INFO - DAG(s) dict_keys(['example_task_group']) retrieved from /home/airflow/.local/lib/python3.7/site-packages/airflow/example_dags/example_task_group.py
[2023-03-10T20:26:24.906+0000] {logging_mixin.py:137} INFO - [2023-03-10T20:26:24.906+0000] {dag.py:2585} INFO - Sync 1 DAGs
[2023-03-10T20:26:24.921+0000] {logging_mixin.py:137} INFO - [2023-03-10T20:26:24.921+0000] {dag.py:3340} INFO - Setting next_dagrun for example_task_group to 2023-03-09T20:26:24.921257+00:00, run_after=2023-03-10T20:26:24.921257+00:00
[2023-03-10T20:26:24.932+0000] {processor.py:176} INFO - Processing /home/airflow/.local/lib/python3.7/site-packages/airflow/example_dags/example_task_group.py took 0.074 seconds
[2023-03-10T20:26:55.278+0000] {processor.py:154} INFO - Started process (PID=4486) to work on /home/airflow/.local/lib/python3.7/site-packages/airflow/example_dags/example_task_group.py
[2023-03-10T20:26:55.280+0000] {processor.py:756} INFO - Processing file /home/airflow/.local/lib/python3.7/site-packages/airflow/example_dags/example_task_group.py for tasks to queue
[2023-03-10T20:26:55.281+0000] {logging_mixin.py:137} INFO - [2023-03-10T20:26:55.281+0000] {dagbag.py:537} INFO - Filling up the DagBag from /home/airflow/.local/lib/python3.7/site-packages/airflow/example_dags/example_task_group.py
[2023-03-10T20:26:55.298+0000] {processor.py:766} INFO - DAG(s) dict_keys(['example_task_group']) retrieved from /home/airflow/.local/lib/python3.7/site-packages/airflow/example_dags/example_task_group.py
[2023-03-10T20:26:55.330+0000] {logging_mixin.py:137} INFO - [2023-03-10T20:26:55.330+0000] {dag.py:2585} INFO - Sync 1 DAGs
[2023-03-10T20:26:55.346+0000] {logging_mixin.py:137} INFO - [2023-03-10T20:26:55.346+0000] {dag.py:3340} INFO - Setting next_dagrun for example_task_group to 2023-03-09T20:26:55.346523+00:00, run_after=2023-03-10T20:26:55.346523+00:00
[2023-03-10T20:26:55.360+0000] {processor.py:176} INFO - Processing /home/airflow/.local/lib/python3.7/site-packages/airflow/example_dags/example_task_group.py took 0.084 seconds
[2023-03-10T20:27:25.946+0000] {processor.py:154} INFO - Started process (PID=4550) to work on /home/airflow/.local/lib/python3.7/site-packages/airflow/example_dags/example_task_group.py
[2023-03-10T20:27:25.948+0000] {processor.py:756} INFO - Processing file /home/airflow/.local/lib/python3.7/site-packages/airflow/example_dags/example_task_group.py for tasks to queue
[2023-03-10T20:27:25.949+0000] {logging_mixin.py:137} INFO - [2023-03-10T20:27:25.949+0000] {dagbag.py:537} INFO - Filling up the DagBag from /home/airflow/.local/lib/python3.7/site-packages/airflow/example_dags/example_task_group.py
[2023-03-10T20:27:25.960+0000] {processor.py:766} INFO - DAG(s) dict_keys(['example_task_group']) retrieved from /home/airflow/.local/lib/python3.7/site-packages/airflow/example_dags/example_task_group.py
[2023-03-10T20:27:25.987+0000] {logging_mixin.py:137} INFO - [2023-03-10T20:27:25.987+0000] {dag.py:2585} INFO - Sync 1 DAGs
[2023-03-10T20:27:26.002+0000] {logging_mixin.py:137} INFO - [2023-03-10T20:27:26.002+0000] {dag.py:3340} INFO - Setting next_dagrun for example_task_group to 2023-03-09T20:27:26.002412+00:00, run_after=2023-03-10T20:27:26.002412+00:00
[2023-03-10T20:27:26.016+0000] {processor.py:176} INFO - Processing /home/airflow/.local/lib/python3.7/site-packages/airflow/example_dags/example_task_group.py took 0.072 seconds
[2023-03-10T20:27:56.766+0000] {processor.py:154} INFO - Started process (PID=4613) to work on /home/airflow/.local/lib/python3.7/site-packages/airflow/example_dags/example_task_group.py
[2023-03-10T20:27:56.768+0000] {processor.py:756} INFO - Processing file /home/airflow/.local/lib/python3.7/site-packages/airflow/example_dags/example_task_group.py for tasks to queue
[2023-03-10T20:27:56.770+0000] {logging_mixin.py:137} INFO - [2023-03-10T20:27:56.770+0000] {dagbag.py:537} INFO - Filling up the DagBag from /home/airflow/.local/lib/python3.7/site-packages/airflow/example_dags/example_task_group.py
[2023-03-10T20:27:56.782+0000] {processor.py:766} INFO - DAG(s) dict_keys(['example_task_group']) retrieved from /home/airflow/.local/lib/python3.7/site-packages/airflow/example_dags/example_task_group.py
[2023-03-10T20:27:56.811+0000] {logging_mixin.py:137} INFO - [2023-03-10T20:27:56.811+0000] {dag.py:2585} INFO - Sync 1 DAGs
[2023-03-10T20:27:56.828+0000] {logging_mixin.py:137} INFO - [2023-03-10T20:27:56.828+0000] {dag.py:3340} INFO - Setting next_dagrun for example_task_group to 2023-03-09T20:27:56.827864+00:00, run_after=2023-03-10T20:27:56.827864+00:00
[2023-03-10T20:27:56.840+0000] {processor.py:176} INFO - Processing /home/airflow/.local/lib/python3.7/site-packages/airflow/example_dags/example_task_group.py took 0.076 seconds
