[2023-03-10T19:50:30.949+0000] {processor.py:154} INFO - Started process (PID=45) to work on /home/airflow/.local/lib/python3.7/site-packages/airflow/example_dags/example_skip_dag.py
[2023-03-10T19:50:30.958+0000] {processor.py:756} INFO - Processing file /home/airflow/.local/lib/python3.7/site-packages/airflow/example_dags/example_skip_dag.py for tasks to queue
[2023-03-10T19:50:30.960+0000] {logging_mixin.py:137} INFO - [2023-03-10T19:50:30.960+0000] {dagbag.py:537} INFO - Filling up the DagBag from /home/airflow/.local/lib/python3.7/site-packages/airflow/example_dags/example_skip_dag.py
[2023-03-10T19:50:30.979+0000] {processor.py:766} INFO - DAG(s) dict_keys(['example_skip_dag']) retrieved from /home/airflow/.local/lib/python3.7/site-packages/airflow/example_dags/example_skip_dag.py
[2023-03-10T19:50:31.024+0000] {logging_mixin.py:137} INFO - [2023-03-10T19:50:31.024+0000] {dag.py:2585} INFO - Sync 1 DAGs
[2023-03-10T19:50:31.048+0000] {logging_mixin.py:137} INFO - [2023-03-10T19:50:31.048+0000] {dag.py:3340} INFO - Setting next_dagrun for example_skip_dag to 2023-03-09T19:50:31.047812+00:00, run_after=2023-03-10T19:50:31.047812+00:00
[2023-03-10T19:50:31.083+0000] {processor.py:176} INFO - Processing /home/airflow/.local/lib/python3.7/site-packages/airflow/example_dags/example_skip_dag.py took 0.138 seconds
[2023-03-10T19:51:01.514+0000] {processor.py:154} INFO - Started process (PID=109) to work on /home/airflow/.local/lib/python3.7/site-packages/airflow/example_dags/example_skip_dag.py
[2023-03-10T19:51:01.515+0000] {processor.py:756} INFO - Processing file /home/airflow/.local/lib/python3.7/site-packages/airflow/example_dags/example_skip_dag.py for tasks to queue
[2023-03-10T19:51:01.516+0000] {logging_mixin.py:137} INFO - [2023-03-10T19:51:01.516+0000] {dagbag.py:537} INFO - Filling up the DagBag from /home/airflow/.local/lib/python3.7/site-packages/airflow/example_dags/example_skip_dag.py
[2023-03-10T19:51:01.527+0000] {processor.py:766} INFO - DAG(s) dict_keys(['example_skip_dag']) retrieved from /home/airflow/.local/lib/python3.7/site-packages/airflow/example_dags/example_skip_dag.py
[2023-03-10T19:51:01.556+0000] {logging_mixin.py:137} INFO - [2023-03-10T19:51:01.556+0000] {dag.py:2585} INFO - Sync 1 DAGs
[2023-03-10T19:51:01.571+0000] {logging_mixin.py:137} INFO - [2023-03-10T19:51:01.571+0000] {dag.py:3340} INFO - Setting next_dagrun for example_skip_dag to 2023-03-09T19:51:01.571357+00:00, run_after=2023-03-10T19:51:01.571357+00:00
[2023-03-10T19:51:01.584+0000] {processor.py:176} INFO - Processing /home/airflow/.local/lib/python3.7/site-packages/airflow/example_dags/example_skip_dag.py took 0.073 seconds
[2023-03-10T19:51:32.134+0000] {processor.py:154} INFO - Started process (PID=174) to work on /home/airflow/.local/lib/python3.7/site-packages/airflow/example_dags/example_skip_dag.py
[2023-03-10T19:51:32.136+0000] {processor.py:756} INFO - Processing file /home/airflow/.local/lib/python3.7/site-packages/airflow/example_dags/example_skip_dag.py for tasks to queue
[2023-03-10T19:51:32.137+0000] {logging_mixin.py:137} INFO - [2023-03-10T19:51:32.137+0000] {dagbag.py:537} INFO - Filling up the DagBag from /home/airflow/.local/lib/python3.7/site-packages/airflow/example_dags/example_skip_dag.py
[2023-03-10T19:51:32.147+0000] {processor.py:766} INFO - DAG(s) dict_keys(['example_skip_dag']) retrieved from /home/airflow/.local/lib/python3.7/site-packages/airflow/example_dags/example_skip_dag.py
[2023-03-10T19:51:32.172+0000] {logging_mixin.py:137} INFO - [2023-03-10T19:51:32.172+0000] {dag.py:2585} INFO - Sync 1 DAGs
[2023-03-10T19:51:32.188+0000] {logging_mixin.py:137} INFO - [2023-03-10T19:51:32.188+0000] {dag.py:3340} INFO - Setting next_dagrun for example_skip_dag to 2023-03-09T19:51:32.187816+00:00, run_after=2023-03-10T19:51:32.187816+00:00
[2023-03-10T19:51:32.200+0000] {processor.py:176} INFO - Processing /home/airflow/.local/lib/python3.7/site-packages/airflow/example_dags/example_skip_dag.py took 0.068 seconds
[2023-03-10T19:52:02.623+0000] {processor.py:154} INFO - Started process (PID=238) to work on /home/airflow/.local/lib/python3.7/site-packages/airflow/example_dags/example_skip_dag.py
[2023-03-10T19:52:02.625+0000] {processor.py:756} INFO - Processing file /home/airflow/.local/lib/python3.7/site-packages/airflow/example_dags/example_skip_dag.py for tasks to queue
[2023-03-10T19:52:02.626+0000] {logging_mixin.py:137} INFO - [2023-03-10T19:52:02.626+0000] {dagbag.py:537} INFO - Filling up the DagBag from /home/airflow/.local/lib/python3.7/site-packages/airflow/example_dags/example_skip_dag.py
[2023-03-10T19:52:02.636+0000] {processor.py:766} INFO - DAG(s) dict_keys(['example_skip_dag']) retrieved from /home/airflow/.local/lib/python3.7/site-packages/airflow/example_dags/example_skip_dag.py
[2023-03-10T19:52:02.663+0000] {logging_mixin.py:137} INFO - [2023-03-10T19:52:02.663+0000] {dag.py:2585} INFO - Sync 1 DAGs
[2023-03-10T19:52:02.676+0000] {logging_mixin.py:137} INFO - [2023-03-10T19:52:02.676+0000] {dag.py:3340} INFO - Setting next_dagrun for example_skip_dag to 2023-03-09T19:52:02.676615+00:00, run_after=2023-03-10T19:52:02.676615+00:00
[2023-03-10T19:52:02.688+0000] {processor.py:176} INFO - Processing /home/airflow/.local/lib/python3.7/site-packages/airflow/example_dags/example_skip_dag.py took 0.067 seconds
[2023-03-10T19:52:33.918+0000] {processor.py:154} INFO - Started process (PID=303) to work on /home/airflow/.local/lib/python3.7/site-packages/airflow/example_dags/example_skip_dag.py
[2023-03-10T19:52:33.920+0000] {processor.py:756} INFO - Processing file /home/airflow/.local/lib/python3.7/site-packages/airflow/example_dags/example_skip_dag.py for tasks to queue
[2023-03-10T19:52:33.922+0000] {logging_mixin.py:137} INFO - [2023-03-10T19:52:33.922+0000] {dagbag.py:537} INFO - Filling up the DagBag from /home/airflow/.local/lib/python3.7/site-packages/airflow/example_dags/example_skip_dag.py
[2023-03-10T19:52:33.932+0000] {processor.py:766} INFO - DAG(s) dict_keys(['example_skip_dag']) retrieved from /home/airflow/.local/lib/python3.7/site-packages/airflow/example_dags/example_skip_dag.py
[2023-03-10T19:52:33.964+0000] {logging_mixin.py:137} INFO - [2023-03-10T19:52:33.964+0000] {dag.py:2585} INFO - Sync 1 DAGs
[2023-03-10T19:52:33.980+0000] {logging_mixin.py:137} INFO - [2023-03-10T19:52:33.980+0000] {dag.py:3340} INFO - Setting next_dagrun for example_skip_dag to 2023-03-09T19:52:33.980067+00:00, run_after=2023-03-10T19:52:33.980067+00:00
[2023-03-10T19:52:33.993+0000] {processor.py:176} INFO - Processing /home/airflow/.local/lib/python3.7/site-packages/airflow/example_dags/example_skip_dag.py took 0.079 seconds
[2023-03-10T19:53:04.511+0000] {processor.py:154} INFO - Started process (PID=359) to work on /home/airflow/.local/lib/python3.7/site-packages/airflow/example_dags/example_skip_dag.py
[2023-03-10T19:53:04.513+0000] {processor.py:756} INFO - Processing file /home/airflow/.local/lib/python3.7/site-packages/airflow/example_dags/example_skip_dag.py for tasks to queue
[2023-03-10T19:53:04.515+0000] {logging_mixin.py:137} INFO - [2023-03-10T19:53:04.514+0000] {dagbag.py:537} INFO - Filling up the DagBag from /home/airflow/.local/lib/python3.7/site-packages/airflow/example_dags/example_skip_dag.py
[2023-03-10T19:53:04.525+0000] {processor.py:766} INFO - DAG(s) dict_keys(['example_skip_dag']) retrieved from /home/airflow/.local/lib/python3.7/site-packages/airflow/example_dags/example_skip_dag.py
[2023-03-10T19:53:04.551+0000] {logging_mixin.py:137} INFO - [2023-03-10T19:53:04.551+0000] {dag.py:2585} INFO - Sync 1 DAGs
[2023-03-10T19:53:04.567+0000] {logging_mixin.py:137} INFO - [2023-03-10T19:53:04.566+0000] {dag.py:3340} INFO - Setting next_dagrun for example_skip_dag to 2023-03-09T19:53:04.566843+00:00, run_after=2023-03-10T19:53:04.566843+00:00
[2023-03-10T19:53:04.582+0000] {processor.py:176} INFO - Processing /home/airflow/.local/lib/python3.7/site-packages/airflow/example_dags/example_skip_dag.py took 0.073 seconds
[2023-03-10T19:53:34.752+0000] {processor.py:154} INFO - Started process (PID=422) to work on /home/airflow/.local/lib/python3.7/site-packages/airflow/example_dags/example_skip_dag.py
[2023-03-10T19:53:34.755+0000] {processor.py:756} INFO - Processing file /home/airflow/.local/lib/python3.7/site-packages/airflow/example_dags/example_skip_dag.py for tasks to queue
[2023-03-10T19:53:34.756+0000] {logging_mixin.py:137} INFO - [2023-03-10T19:53:34.755+0000] {dagbag.py:537} INFO - Filling up the DagBag from /home/airflow/.local/lib/python3.7/site-packages/airflow/example_dags/example_skip_dag.py
[2023-03-10T19:53:34.766+0000] {processor.py:766} INFO - DAG(s) dict_keys(['example_skip_dag']) retrieved from /home/airflow/.local/lib/python3.7/site-packages/airflow/example_dags/example_skip_dag.py
[2023-03-10T19:53:34.791+0000] {logging_mixin.py:137} INFO - [2023-03-10T19:53:34.791+0000] {dag.py:2585} INFO - Sync 1 DAGs
[2023-03-10T19:53:34.807+0000] {logging_mixin.py:137} INFO - [2023-03-10T19:53:34.806+0000] {dag.py:3340} INFO - Setting next_dagrun for example_skip_dag to 2023-03-09T19:53:34.806867+00:00, run_after=2023-03-10T19:53:34.806867+00:00
[2023-03-10T19:53:34.819+0000] {processor.py:176} INFO - Processing /home/airflow/.local/lib/python3.7/site-packages/airflow/example_dags/example_skip_dag.py took 0.069 seconds
[2023-03-10T19:54:05.592+0000] {processor.py:154} INFO - Started process (PID=486) to work on /home/airflow/.local/lib/python3.7/site-packages/airflow/example_dags/example_skip_dag.py
[2023-03-10T19:54:05.593+0000] {processor.py:756} INFO - Processing file /home/airflow/.local/lib/python3.7/site-packages/airflow/example_dags/example_skip_dag.py for tasks to queue
[2023-03-10T19:54:05.595+0000] {logging_mixin.py:137} INFO - [2023-03-10T19:54:05.594+0000] {dagbag.py:537} INFO - Filling up the DagBag from /home/airflow/.local/lib/python3.7/site-packages/airflow/example_dags/example_skip_dag.py
[2023-03-10T19:54:05.604+0000] {processor.py:766} INFO - DAG(s) dict_keys(['example_skip_dag']) retrieved from /home/airflow/.local/lib/python3.7/site-packages/airflow/example_dags/example_skip_dag.py
[2023-03-10T19:54:05.633+0000] {logging_mixin.py:137} INFO - [2023-03-10T19:54:05.633+0000] {dag.py:2585} INFO - Sync 1 DAGs
[2023-03-10T19:54:05.648+0000] {logging_mixin.py:137} INFO - [2023-03-10T19:54:05.648+0000] {dag.py:3340} INFO - Setting next_dagrun for example_skip_dag to 2023-03-09T19:54:05.648475+00:00, run_after=2023-03-10T19:54:05.648475+00:00
[2023-03-10T19:54:05.664+0000] {processor.py:176} INFO - Processing /home/airflow/.local/lib/python3.7/site-packages/airflow/example_dags/example_skip_dag.py took 0.075 seconds
[2023-03-10T19:54:36.271+0000] {processor.py:154} INFO - Started process (PID=550) to work on /home/airflow/.local/lib/python3.7/site-packages/airflow/example_dags/example_skip_dag.py
[2023-03-10T19:54:36.273+0000] {processor.py:756} INFO - Processing file /home/airflow/.local/lib/python3.7/site-packages/airflow/example_dags/example_skip_dag.py for tasks to queue
[2023-03-10T19:54:36.278+0000] {logging_mixin.py:137} INFO - [2023-03-10T19:54:36.277+0000] {dagbag.py:537} INFO - Filling up the DagBag from /home/airflow/.local/lib/python3.7/site-packages/airflow/example_dags/example_skip_dag.py
[2023-03-10T19:54:36.292+0000] {processor.py:766} INFO - DAG(s) dict_keys(['example_skip_dag']) retrieved from /home/airflow/.local/lib/python3.7/site-packages/airflow/example_dags/example_skip_dag.py
[2023-03-10T19:54:36.320+0000] {logging_mixin.py:137} INFO - [2023-03-10T19:54:36.320+0000] {dag.py:2585} INFO - Sync 1 DAGs
[2023-03-10T19:54:36.334+0000] {logging_mixin.py:137} INFO - [2023-03-10T19:54:36.334+0000] {dag.py:3340} INFO - Setting next_dagrun for example_skip_dag to 2023-03-09T19:54:36.334588+00:00, run_after=2023-03-10T19:54:36.334588+00:00
[2023-03-10T19:54:36.350+0000] {processor.py:176} INFO - Processing /home/airflow/.local/lib/python3.7/site-packages/airflow/example_dags/example_skip_dag.py took 0.081 seconds
[2023-03-10T19:55:07.016+0000] {processor.py:154} INFO - Started process (PID=605) to work on /home/airflow/.local/lib/python3.7/site-packages/airflow/example_dags/example_skip_dag.py
[2023-03-10T19:55:07.039+0000] {processor.py:756} INFO - Processing file /home/airflow/.local/lib/python3.7/site-packages/airflow/example_dags/example_skip_dag.py for tasks to queue
[2023-03-10T19:55:07.049+0000] {logging_mixin.py:137} INFO - [2023-03-10T19:55:07.049+0000] {dagbag.py:537} INFO - Filling up the DagBag from /home/airflow/.local/lib/python3.7/site-packages/airflow/example_dags/example_skip_dag.py
[2023-03-10T19:55:07.063+0000] {processor.py:766} INFO - DAG(s) dict_keys(['example_skip_dag']) retrieved from /home/airflow/.local/lib/python3.7/site-packages/airflow/example_dags/example_skip_dag.py
[2023-03-10T19:55:07.091+0000] {logging_mixin.py:137} INFO - [2023-03-10T19:55:07.091+0000] {dag.py:2585} INFO - Sync 1 DAGs
[2023-03-10T19:55:07.110+0000] {logging_mixin.py:137} INFO - [2023-03-10T19:55:07.109+0000] {dag.py:3340} INFO - Setting next_dagrun for example_skip_dag to 2023-03-09T19:55:07.109777+00:00, run_after=2023-03-10T19:55:07.109777+00:00
[2023-03-10T19:55:07.127+0000] {processor.py:176} INFO - Processing /home/airflow/.local/lib/python3.7/site-packages/airflow/example_dags/example_skip_dag.py took 0.114 seconds
[2023-03-10T19:55:38.058+0000] {processor.py:154} INFO - Started process (PID=667) to work on /home/airflow/.local/lib/python3.7/site-packages/airflow/example_dags/example_skip_dag.py
[2023-03-10T19:55:38.060+0000] {processor.py:756} INFO - Processing file /home/airflow/.local/lib/python3.7/site-packages/airflow/example_dags/example_skip_dag.py for tasks to queue
[2023-03-10T19:55:38.061+0000] {logging_mixin.py:137} INFO - [2023-03-10T19:55:38.061+0000] {dagbag.py:537} INFO - Filling up the DagBag from /home/airflow/.local/lib/python3.7/site-packages/airflow/example_dags/example_skip_dag.py
[2023-03-10T19:55:38.073+0000] {processor.py:766} INFO - DAG(s) dict_keys(['example_skip_dag']) retrieved from /home/airflow/.local/lib/python3.7/site-packages/airflow/example_dags/example_skip_dag.py
[2023-03-10T19:55:38.117+0000] {logging_mixin.py:137} INFO - [2023-03-10T19:55:38.116+0000] {dag.py:2585} INFO - Sync 1 DAGs
[2023-03-10T19:55:38.135+0000] {logging_mixin.py:137} INFO - [2023-03-10T19:55:38.135+0000] {dag.py:3340} INFO - Setting next_dagrun for example_skip_dag to 2023-03-09T19:55:38.134998+00:00, run_after=2023-03-10T19:55:38.134998+00:00
[2023-03-10T19:55:38.149+0000] {processor.py:176} INFO - Processing /home/airflow/.local/lib/python3.7/site-packages/airflow/example_dags/example_skip_dag.py took 0.093 seconds
[2023-03-10T19:56:08.659+0000] {processor.py:154} INFO - Started process (PID=731) to work on /home/airflow/.local/lib/python3.7/site-packages/airflow/example_dags/example_skip_dag.py
[2023-03-10T19:56:08.661+0000] {processor.py:756} INFO - Processing file /home/airflow/.local/lib/python3.7/site-packages/airflow/example_dags/example_skip_dag.py for tasks to queue
[2023-03-10T19:56:08.663+0000] {logging_mixin.py:137} INFO - [2023-03-10T19:56:08.663+0000] {dagbag.py:537} INFO - Filling up the DagBag from /home/airflow/.local/lib/python3.7/site-packages/airflow/example_dags/example_skip_dag.py
[2023-03-10T19:56:08.672+0000] {processor.py:766} INFO - DAG(s) dict_keys(['example_skip_dag']) retrieved from /home/airflow/.local/lib/python3.7/site-packages/airflow/example_dags/example_skip_dag.py
[2023-03-10T19:56:08.699+0000] {logging_mixin.py:137} INFO - [2023-03-10T19:56:08.699+0000] {dag.py:2585} INFO - Sync 1 DAGs
[2023-03-10T19:56:08.714+0000] {logging_mixin.py:137} INFO - [2023-03-10T19:56:08.714+0000] {dag.py:3340} INFO - Setting next_dagrun for example_skip_dag to 2023-03-09T19:56:08.714646+00:00, run_after=2023-03-10T19:56:08.714646+00:00
[2023-03-10T19:56:08.727+0000] {processor.py:176} INFO - Processing /home/airflow/.local/lib/python3.7/site-packages/airflow/example_dags/example_skip_dag.py took 0.070 seconds
[2023-03-10T19:56:39.498+0000] {processor.py:154} INFO - Started process (PID=795) to work on /home/airflow/.local/lib/python3.7/site-packages/airflow/example_dags/example_skip_dag.py
[2023-03-10T19:56:39.500+0000] {processor.py:756} INFO - Processing file /home/airflow/.local/lib/python3.7/site-packages/airflow/example_dags/example_skip_dag.py for tasks to queue
[2023-03-10T19:56:39.503+0000] {logging_mixin.py:137} INFO - [2023-03-10T19:56:39.503+0000] {dagbag.py:537} INFO - Filling up the DagBag from /home/airflow/.local/lib/python3.7/site-packages/airflow/example_dags/example_skip_dag.py
[2023-03-10T19:56:39.512+0000] {processor.py:766} INFO - DAG(s) dict_keys(['example_skip_dag']) retrieved from /home/airflow/.local/lib/python3.7/site-packages/airflow/example_dags/example_skip_dag.py
[2023-03-10T19:56:39.542+0000] {logging_mixin.py:137} INFO - [2023-03-10T19:56:39.542+0000] {dag.py:2585} INFO - Sync 1 DAGs
[2023-03-10T19:56:39.557+0000] {logging_mixin.py:137} INFO - [2023-03-10T19:56:39.557+0000] {dag.py:3340} INFO - Setting next_dagrun for example_skip_dag to 2023-03-09T19:56:39.556936+00:00, run_after=2023-03-10T19:56:39.556936+00:00
[2023-03-10T19:56:39.570+0000] {processor.py:176} INFO - Processing /home/airflow/.local/lib/python3.7/site-packages/airflow/example_dags/example_skip_dag.py took 0.074 seconds
[2023-03-10T19:57:10.325+0000] {processor.py:154} INFO - Started process (PID=858) to work on /home/airflow/.local/lib/python3.7/site-packages/airflow/example_dags/example_skip_dag.py
[2023-03-10T19:57:10.326+0000] {processor.py:756} INFO - Processing file /home/airflow/.local/lib/python3.7/site-packages/airflow/example_dags/example_skip_dag.py for tasks to queue
[2023-03-10T19:57:10.327+0000] {logging_mixin.py:137} INFO - [2023-03-10T19:57:10.327+0000] {dagbag.py:537} INFO - Filling up the DagBag from /home/airflow/.local/lib/python3.7/site-packages/airflow/example_dags/example_skip_dag.py
[2023-03-10T19:57:10.338+0000] {processor.py:766} INFO - DAG(s) dict_keys(['example_skip_dag']) retrieved from /home/airflow/.local/lib/python3.7/site-packages/airflow/example_dags/example_skip_dag.py
[2023-03-10T19:57:10.366+0000] {logging_mixin.py:137} INFO - [2023-03-10T19:57:10.366+0000] {dag.py:2585} INFO - Sync 1 DAGs
[2023-03-10T19:57:10.385+0000] {logging_mixin.py:137} INFO - [2023-03-10T19:57:10.385+0000] {dag.py:3340} INFO - Setting next_dagrun for example_skip_dag to 2023-03-09T19:57:10.384871+00:00, run_after=2023-03-10T19:57:10.384871+00:00
[2023-03-10T19:57:10.398+0000] {processor.py:176} INFO - Processing /home/airflow/.local/lib/python3.7/site-packages/airflow/example_dags/example_skip_dag.py took 0.076 seconds
[2023-03-10T19:57:41.401+0000] {processor.py:154} INFO - Started process (PID=921) to work on /home/airflow/.local/lib/python3.7/site-packages/airflow/example_dags/example_skip_dag.py
[2023-03-10T19:57:41.403+0000] {processor.py:756} INFO - Processing file /home/airflow/.local/lib/python3.7/site-packages/airflow/example_dags/example_skip_dag.py for tasks to queue
[2023-03-10T19:57:41.405+0000] {logging_mixin.py:137} INFO - [2023-03-10T19:57:41.405+0000] {dagbag.py:537} INFO - Filling up the DagBag from /home/airflow/.local/lib/python3.7/site-packages/airflow/example_dags/example_skip_dag.py
[2023-03-10T19:57:41.415+0000] {processor.py:766} INFO - DAG(s) dict_keys(['example_skip_dag']) retrieved from /home/airflow/.local/lib/python3.7/site-packages/airflow/example_dags/example_skip_dag.py
[2023-03-10T19:57:41.441+0000] {logging_mixin.py:137} INFO - [2023-03-10T19:57:41.441+0000] {dag.py:2585} INFO - Sync 1 DAGs
[2023-03-10T19:57:41.457+0000] {logging_mixin.py:137} INFO - [2023-03-10T19:57:41.457+0000] {dag.py:3340} INFO - Setting next_dagrun for example_skip_dag to 2023-03-09T19:57:41.457632+00:00, run_after=2023-03-10T19:57:41.457632+00:00
[2023-03-10T19:57:41.470+0000] {processor.py:176} INFO - Processing /home/airflow/.local/lib/python3.7/site-packages/airflow/example_dags/example_skip_dag.py took 0.072 seconds
[2023-03-10T19:58:12.157+0000] {processor.py:154} INFO - Started process (PID=985) to work on /home/airflow/.local/lib/python3.7/site-packages/airflow/example_dags/example_skip_dag.py
[2023-03-10T19:58:12.159+0000] {processor.py:756} INFO - Processing file /home/airflow/.local/lib/python3.7/site-packages/airflow/example_dags/example_skip_dag.py for tasks to queue
[2023-03-10T19:58:12.160+0000] {logging_mixin.py:137} INFO - [2023-03-10T19:58:12.160+0000] {dagbag.py:537} INFO - Filling up the DagBag from /home/airflow/.local/lib/python3.7/site-packages/airflow/example_dags/example_skip_dag.py
[2023-03-10T19:58:12.183+0000] {processor.py:766} INFO - DAG(s) dict_keys(['example_skip_dag']) retrieved from /home/airflow/.local/lib/python3.7/site-packages/airflow/example_dags/example_skip_dag.py
[2023-03-10T19:58:12.213+0000] {logging_mixin.py:137} INFO - [2023-03-10T19:58:12.213+0000] {dag.py:2585} INFO - Sync 1 DAGs
[2023-03-10T19:58:12.232+0000] {logging_mixin.py:137} INFO - [2023-03-10T19:58:12.232+0000] {dag.py:3340} INFO - Setting next_dagrun for example_skip_dag to 2023-03-09T19:58:12.232054+00:00, run_after=2023-03-10T19:58:12.232054+00:00
[2023-03-10T19:58:12.247+0000] {processor.py:176} INFO - Processing /home/airflow/.local/lib/python3.7/site-packages/airflow/example_dags/example_skip_dag.py took 0.093 seconds
[2023-03-10T19:58:42.919+0000] {processor.py:154} INFO - Started process (PID=1040) to work on /home/airflow/.local/lib/python3.7/site-packages/airflow/example_dags/example_skip_dag.py
[2023-03-10T19:58:42.922+0000] {processor.py:756} INFO - Processing file /home/airflow/.local/lib/python3.7/site-packages/airflow/example_dags/example_skip_dag.py for tasks to queue
[2023-03-10T19:58:42.923+0000] {logging_mixin.py:137} INFO - [2023-03-10T19:58:42.923+0000] {dagbag.py:537} INFO - Filling up the DagBag from /home/airflow/.local/lib/python3.7/site-packages/airflow/example_dags/example_skip_dag.py
[2023-03-10T19:58:42.932+0000] {processor.py:766} INFO - DAG(s) dict_keys(['example_skip_dag']) retrieved from /home/airflow/.local/lib/python3.7/site-packages/airflow/example_dags/example_skip_dag.py
[2023-03-10T19:58:42.959+0000] {logging_mixin.py:137} INFO - [2023-03-10T19:58:42.959+0000] {dag.py:2585} INFO - Sync 1 DAGs
[2023-03-10T19:58:42.973+0000] {logging_mixin.py:137} INFO - [2023-03-10T19:58:42.973+0000] {dag.py:3340} INFO - Setting next_dagrun for example_skip_dag to 2023-03-09T19:58:42.972891+00:00, run_after=2023-03-10T19:58:42.972891+00:00
[2023-03-10T19:58:42.987+0000] {processor.py:176} INFO - Processing /home/airflow/.local/lib/python3.7/site-packages/airflow/example_dags/example_skip_dag.py took 0.071 seconds
[2023-03-10T19:59:13.838+0000] {processor.py:154} INFO - Started process (PID=1104) to work on /home/airflow/.local/lib/python3.7/site-packages/airflow/example_dags/example_skip_dag.py
[2023-03-10T19:59:13.840+0000] {processor.py:756} INFO - Processing file /home/airflow/.local/lib/python3.7/site-packages/airflow/example_dags/example_skip_dag.py for tasks to queue
[2023-03-10T19:59:13.841+0000] {logging_mixin.py:137} INFO - [2023-03-10T19:59:13.841+0000] {dagbag.py:537} INFO - Filling up the DagBag from /home/airflow/.local/lib/python3.7/site-packages/airflow/example_dags/example_skip_dag.py
[2023-03-10T19:59:13.850+0000] {processor.py:766} INFO - DAG(s) dict_keys(['example_skip_dag']) retrieved from /home/airflow/.local/lib/python3.7/site-packages/airflow/example_dags/example_skip_dag.py
[2023-03-10T19:59:13.878+0000] {logging_mixin.py:137} INFO - [2023-03-10T19:59:13.877+0000] {dag.py:2585} INFO - Sync 1 DAGs
[2023-03-10T19:59:13.893+0000] {logging_mixin.py:137} INFO - [2023-03-10T19:59:13.893+0000] {dag.py:3340} INFO - Setting next_dagrun for example_skip_dag to 2023-03-09T19:59:13.893225+00:00, run_after=2023-03-10T19:59:13.893225+00:00
[2023-03-10T19:59:13.909+0000] {processor.py:176} INFO - Processing /home/airflow/.local/lib/python3.7/site-packages/airflow/example_dags/example_skip_dag.py took 0.073 seconds
[2023-03-10T19:59:44.742+0000] {processor.py:154} INFO - Started process (PID=1168) to work on /home/airflow/.local/lib/python3.7/site-packages/airflow/example_dags/example_skip_dag.py
[2023-03-10T19:59:44.747+0000] {processor.py:756} INFO - Processing file /home/airflow/.local/lib/python3.7/site-packages/airflow/example_dags/example_skip_dag.py for tasks to queue
[2023-03-10T19:59:44.751+0000] {logging_mixin.py:137} INFO - [2023-03-10T19:59:44.751+0000] {dagbag.py:537} INFO - Filling up the DagBag from /home/airflow/.local/lib/python3.7/site-packages/airflow/example_dags/example_skip_dag.py
[2023-03-10T19:59:44.772+0000] {processor.py:766} INFO - DAG(s) dict_keys(['example_skip_dag']) retrieved from /home/airflow/.local/lib/python3.7/site-packages/airflow/example_dags/example_skip_dag.py
[2023-03-10T19:59:44.832+0000] {logging_mixin.py:137} INFO - [2023-03-10T19:59:44.832+0000] {dag.py:2585} INFO - Sync 1 DAGs
[2023-03-10T19:59:44.859+0000] {logging_mixin.py:137} INFO - [2023-03-10T19:59:44.859+0000] {dag.py:3340} INFO - Setting next_dagrun for example_skip_dag to 2023-03-09T19:59:44.858594+00:00, run_after=2023-03-10T19:59:44.858594+00:00
[2023-03-10T19:59:44.879+0000] {processor.py:176} INFO - Processing /home/airflow/.local/lib/python3.7/site-packages/airflow/example_dags/example_skip_dag.py took 0.140 seconds
[2023-03-10T20:00:15.448+0000] {processor.py:154} INFO - Started process (PID=1232) to work on /home/airflow/.local/lib/python3.7/site-packages/airflow/example_dags/example_skip_dag.py
[2023-03-10T20:00:15.450+0000] {processor.py:756} INFO - Processing file /home/airflow/.local/lib/python3.7/site-packages/airflow/example_dags/example_skip_dag.py for tasks to queue
[2023-03-10T20:00:15.452+0000] {logging_mixin.py:137} INFO - [2023-03-10T20:00:15.452+0000] {dagbag.py:537} INFO - Filling up the DagBag from /home/airflow/.local/lib/python3.7/site-packages/airflow/example_dags/example_skip_dag.py
[2023-03-10T20:00:15.463+0000] {processor.py:766} INFO - DAG(s) dict_keys(['example_skip_dag']) retrieved from /home/airflow/.local/lib/python3.7/site-packages/airflow/example_dags/example_skip_dag.py
[2023-03-10T20:00:15.497+0000] {logging_mixin.py:137} INFO - [2023-03-10T20:00:15.497+0000] {dag.py:2585} INFO - Sync 1 DAGs
[2023-03-10T20:00:15.525+0000] {logging_mixin.py:137} INFO - [2023-03-10T20:00:15.525+0000] {dag.py:3340} INFO - Setting next_dagrun for example_skip_dag to 2023-03-09T20:00:15.525040+00:00, run_after=2023-03-10T20:00:15.525040+00:00
[2023-03-10T20:00:15.550+0000] {processor.py:176} INFO - Processing /home/airflow/.local/lib/python3.7/site-packages/airflow/example_dags/example_skip_dag.py took 0.105 seconds
[2023-03-10T20:00:46.529+0000] {processor.py:154} INFO - Started process (PID=1296) to work on /home/airflow/.local/lib/python3.7/site-packages/airflow/example_dags/example_skip_dag.py
[2023-03-10T20:00:46.531+0000] {processor.py:756} INFO - Processing file /home/airflow/.local/lib/python3.7/site-packages/airflow/example_dags/example_skip_dag.py for tasks to queue
[2023-03-10T20:00:46.533+0000] {logging_mixin.py:137} INFO - [2023-03-10T20:00:46.533+0000] {dagbag.py:537} INFO - Filling up the DagBag from /home/airflow/.local/lib/python3.7/site-packages/airflow/example_dags/example_skip_dag.py
[2023-03-10T20:00:46.545+0000] {processor.py:766} INFO - DAG(s) dict_keys(['example_skip_dag']) retrieved from /home/airflow/.local/lib/python3.7/site-packages/airflow/example_dags/example_skip_dag.py
[2023-03-10T20:00:46.577+0000] {logging_mixin.py:137} INFO - [2023-03-10T20:00:46.577+0000] {dag.py:2585} INFO - Sync 1 DAGs
[2023-03-10T20:00:46.595+0000] {logging_mixin.py:137} INFO - [2023-03-10T20:00:46.595+0000] {dag.py:3340} INFO - Setting next_dagrun for example_skip_dag to 2023-03-09T20:00:46.595087+00:00, run_after=2023-03-10T20:00:46.595087+00:00
[2023-03-10T20:00:46.610+0000] {processor.py:176} INFO - Processing /home/airflow/.local/lib/python3.7/site-packages/airflow/example_dags/example_skip_dag.py took 0.084 seconds
[2023-03-10T20:01:17.113+0000] {processor.py:154} INFO - Started process (PID=1351) to work on /home/airflow/.local/lib/python3.7/site-packages/airflow/example_dags/example_skip_dag.py
[2023-03-10T20:01:17.115+0000] {processor.py:756} INFO - Processing file /home/airflow/.local/lib/python3.7/site-packages/airflow/example_dags/example_skip_dag.py for tasks to queue
[2023-03-10T20:01:17.116+0000] {logging_mixin.py:137} INFO - [2023-03-10T20:01:17.116+0000] {dagbag.py:537} INFO - Filling up the DagBag from /home/airflow/.local/lib/python3.7/site-packages/airflow/example_dags/example_skip_dag.py
[2023-03-10T20:01:17.127+0000] {processor.py:766} INFO - DAG(s) dict_keys(['example_skip_dag']) retrieved from /home/airflow/.local/lib/python3.7/site-packages/airflow/example_dags/example_skip_dag.py
[2023-03-10T20:01:17.155+0000] {logging_mixin.py:137} INFO - [2023-03-10T20:01:17.155+0000] {dag.py:2585} INFO - Sync 1 DAGs
[2023-03-10T20:01:17.175+0000] {logging_mixin.py:137} INFO - [2023-03-10T20:01:17.174+0000] {dag.py:3340} INFO - Setting next_dagrun for example_skip_dag to 2023-03-09T20:01:17.174794+00:00, run_after=2023-03-10T20:01:17.174794+00:00
[2023-03-10T20:01:17.194+0000] {processor.py:176} INFO - Processing /home/airflow/.local/lib/python3.7/site-packages/airflow/example_dags/example_skip_dag.py took 0.083 seconds
[2023-03-10T20:01:47.904+0000] {processor.py:154} INFO - Started process (PID=1416) to work on /home/airflow/.local/lib/python3.7/site-packages/airflow/example_dags/example_skip_dag.py
[2023-03-10T20:01:47.907+0000] {processor.py:756} INFO - Processing file /home/airflow/.local/lib/python3.7/site-packages/airflow/example_dags/example_skip_dag.py for tasks to queue
[2023-03-10T20:01:47.910+0000] {logging_mixin.py:137} INFO - [2023-03-10T20:01:47.910+0000] {dagbag.py:537} INFO - Filling up the DagBag from /home/airflow/.local/lib/python3.7/site-packages/airflow/example_dags/example_skip_dag.py
[2023-03-10T20:01:47.926+0000] {processor.py:766} INFO - DAG(s) dict_keys(['example_skip_dag']) retrieved from /home/airflow/.local/lib/python3.7/site-packages/airflow/example_dags/example_skip_dag.py
[2023-03-10T20:01:47.960+0000] {logging_mixin.py:137} INFO - [2023-03-10T20:01:47.960+0000] {dag.py:2585} INFO - Sync 1 DAGs
[2023-03-10T20:01:47.980+0000] {logging_mixin.py:137} INFO - [2023-03-10T20:01:47.980+0000] {dag.py:3340} INFO - Setting next_dagrun for example_skip_dag to 2023-03-09T20:01:47.980568+00:00, run_after=2023-03-10T20:01:47.980568+00:00
[2023-03-10T20:01:48.000+0000] {processor.py:176} INFO - Processing /home/airflow/.local/lib/python3.7/site-packages/airflow/example_dags/example_skip_dag.py took 0.099 seconds
[2023-03-10T20:02:18.692+0000] {processor.py:154} INFO - Started process (PID=1481) to work on /home/airflow/.local/lib/python3.7/site-packages/airflow/example_dags/example_skip_dag.py
[2023-03-10T20:02:18.693+0000] {processor.py:756} INFO - Processing file /home/airflow/.local/lib/python3.7/site-packages/airflow/example_dags/example_skip_dag.py for tasks to queue
[2023-03-10T20:02:18.695+0000] {logging_mixin.py:137} INFO - [2023-03-10T20:02:18.694+0000] {dagbag.py:537} INFO - Filling up the DagBag from /home/airflow/.local/lib/python3.7/site-packages/airflow/example_dags/example_skip_dag.py
[2023-03-10T20:02:18.704+0000] {processor.py:766} INFO - DAG(s) dict_keys(['example_skip_dag']) retrieved from /home/airflow/.local/lib/python3.7/site-packages/airflow/example_dags/example_skip_dag.py
[2023-03-10T20:02:18.732+0000] {logging_mixin.py:137} INFO - [2023-03-10T20:02:18.731+0000] {dag.py:2585} INFO - Sync 1 DAGs
[2023-03-10T20:02:18.747+0000] {logging_mixin.py:137} INFO - [2023-03-10T20:02:18.747+0000] {dag.py:3340} INFO - Setting next_dagrun for example_skip_dag to 2023-03-09T20:02:18.747008+00:00, run_after=2023-03-10T20:02:18.747008+00:00
[2023-03-10T20:02:18.763+0000] {processor.py:176} INFO - Processing /home/airflow/.local/lib/python3.7/site-packages/airflow/example_dags/example_skip_dag.py took 0.073 seconds
[2023-03-10T20:02:49.390+0000] {processor.py:154} INFO - Started process (PID=1544) to work on /home/airflow/.local/lib/python3.7/site-packages/airflow/example_dags/example_skip_dag.py
[2023-03-10T20:02:49.392+0000] {processor.py:756} INFO - Processing file /home/airflow/.local/lib/python3.7/site-packages/airflow/example_dags/example_skip_dag.py for tasks to queue
[2023-03-10T20:02:49.393+0000] {logging_mixin.py:137} INFO - [2023-03-10T20:02:49.393+0000] {dagbag.py:537} INFO - Filling up the DagBag from /home/airflow/.local/lib/python3.7/site-packages/airflow/example_dags/example_skip_dag.py
[2023-03-10T20:02:49.403+0000] {processor.py:766} INFO - DAG(s) dict_keys(['example_skip_dag']) retrieved from /home/airflow/.local/lib/python3.7/site-packages/airflow/example_dags/example_skip_dag.py
[2023-03-10T20:02:49.430+0000] {logging_mixin.py:137} INFO - [2023-03-10T20:02:49.430+0000] {dag.py:2585} INFO - Sync 1 DAGs
[2023-03-10T20:02:49.449+0000] {logging_mixin.py:137} INFO - [2023-03-10T20:02:49.449+0000] {dag.py:3340} INFO - Setting next_dagrun for example_skip_dag to 2023-03-09T20:02:49.449680+00:00, run_after=2023-03-10T20:02:49.449680+00:00
[2023-03-10T20:02:49.465+0000] {processor.py:176} INFO - Processing /home/airflow/.local/lib/python3.7/site-packages/airflow/example_dags/example_skip_dag.py took 0.078 seconds
[2023-03-10T20:03:20.232+0000] {processor.py:154} INFO - Started process (PID=1606) to work on /home/airflow/.local/lib/python3.7/site-packages/airflow/example_dags/example_skip_dag.py
[2023-03-10T20:03:20.234+0000] {processor.py:756} INFO - Processing file /home/airflow/.local/lib/python3.7/site-packages/airflow/example_dags/example_skip_dag.py for tasks to queue
[2023-03-10T20:03:20.236+0000] {logging_mixin.py:137} INFO - [2023-03-10T20:03:20.235+0000] {dagbag.py:537} INFO - Filling up the DagBag from /home/airflow/.local/lib/python3.7/site-packages/airflow/example_dags/example_skip_dag.py
[2023-03-10T20:03:20.251+0000] {processor.py:766} INFO - DAG(s) dict_keys(['example_skip_dag']) retrieved from /home/airflow/.local/lib/python3.7/site-packages/airflow/example_dags/example_skip_dag.py
[2023-03-10T20:03:20.283+0000] {logging_mixin.py:137} INFO - [2023-03-10T20:03:20.283+0000] {dag.py:2585} INFO - Sync 1 DAGs
[2023-03-10T20:03:20.304+0000] {logging_mixin.py:137} INFO - [2023-03-10T20:03:20.304+0000] {dag.py:3340} INFO - Setting next_dagrun for example_skip_dag to 2023-03-09T20:03:20.304015+00:00, run_after=2023-03-10T20:03:20.304015+00:00
[2023-03-10T20:03:20.322+0000] {processor.py:176} INFO - Processing /home/airflow/.local/lib/python3.7/site-packages/airflow/example_dags/example_skip_dag.py took 0.093 seconds
[2023-03-10T20:03:50.964+0000] {processor.py:154} INFO - Started process (PID=1670) to work on /home/airflow/.local/lib/python3.7/site-packages/airflow/example_dags/example_skip_dag.py
[2023-03-10T20:03:50.966+0000] {processor.py:756} INFO - Processing file /home/airflow/.local/lib/python3.7/site-packages/airflow/example_dags/example_skip_dag.py for tasks to queue
[2023-03-10T20:03:50.967+0000] {logging_mixin.py:137} INFO - [2023-03-10T20:03:50.967+0000] {dagbag.py:537} INFO - Filling up the DagBag from /home/airflow/.local/lib/python3.7/site-packages/airflow/example_dags/example_skip_dag.py
[2023-03-10T20:03:50.977+0000] {processor.py:766} INFO - DAG(s) dict_keys(['example_skip_dag']) retrieved from /home/airflow/.local/lib/python3.7/site-packages/airflow/example_dags/example_skip_dag.py
[2023-03-10T20:03:51.004+0000] {logging_mixin.py:137} INFO - [2023-03-10T20:03:51.004+0000] {dag.py:2585} INFO - Sync 1 DAGs
[2023-03-10T20:03:51.019+0000] {logging_mixin.py:137} INFO - [2023-03-10T20:03:51.019+0000] {dag.py:3340} INFO - Setting next_dagrun for example_skip_dag to 2023-03-09T20:03:51.019442+00:00, run_after=2023-03-10T20:03:51.019442+00:00
[2023-03-10T20:03:51.032+0000] {processor.py:176} INFO - Processing /home/airflow/.local/lib/python3.7/site-packages/airflow/example_dags/example_skip_dag.py took 0.070 seconds
[2023-03-10T20:04:21.779+0000] {processor.py:154} INFO - Started process (PID=1733) to work on /home/airflow/.local/lib/python3.7/site-packages/airflow/example_dags/example_skip_dag.py
[2023-03-10T20:04:21.781+0000] {processor.py:756} INFO - Processing file /home/airflow/.local/lib/python3.7/site-packages/airflow/example_dags/example_skip_dag.py for tasks to queue
[2023-03-10T20:04:21.783+0000] {logging_mixin.py:137} INFO - [2023-03-10T20:04:21.783+0000] {dagbag.py:537} INFO - Filling up the DagBag from /home/airflow/.local/lib/python3.7/site-packages/airflow/example_dags/example_skip_dag.py
[2023-03-10T20:04:21.798+0000] {processor.py:766} INFO - DAG(s) dict_keys(['example_skip_dag']) retrieved from /home/airflow/.local/lib/python3.7/site-packages/airflow/example_dags/example_skip_dag.py
[2023-03-10T20:04:21.828+0000] {logging_mixin.py:137} INFO - [2023-03-10T20:04:21.828+0000] {dag.py:2585} INFO - Sync 1 DAGs
[2023-03-10T20:04:21.849+0000] {logging_mixin.py:137} INFO - [2023-03-10T20:04:21.848+0000] {dag.py:3340} INFO - Setting next_dagrun for example_skip_dag to 2023-03-09T20:04:21.848719+00:00, run_after=2023-03-10T20:04:21.848719+00:00
[2023-03-10T20:04:21.878+0000] {processor.py:176} INFO - Processing /home/airflow/.local/lib/python3.7/site-packages/airflow/example_dags/example_skip_dag.py took 0.102 seconds
[2023-03-10T20:04:52.390+0000] {processor.py:154} INFO - Started process (PID=1788) to work on /home/airflow/.local/lib/python3.7/site-packages/airflow/example_dags/example_skip_dag.py
[2023-03-10T20:04:52.392+0000] {processor.py:756} INFO - Processing file /home/airflow/.local/lib/python3.7/site-packages/airflow/example_dags/example_skip_dag.py for tasks to queue
[2023-03-10T20:04:52.393+0000] {logging_mixin.py:137} INFO - [2023-03-10T20:04:52.393+0000] {dagbag.py:537} INFO - Filling up the DagBag from /home/airflow/.local/lib/python3.7/site-packages/airflow/example_dags/example_skip_dag.py
[2023-03-10T20:04:52.403+0000] {processor.py:766} INFO - DAG(s) dict_keys(['example_skip_dag']) retrieved from /home/airflow/.local/lib/python3.7/site-packages/airflow/example_dags/example_skip_dag.py
[2023-03-10T20:04:52.435+0000] {logging_mixin.py:137} INFO - [2023-03-10T20:04:52.435+0000] {dag.py:2585} INFO - Sync 1 DAGs
[2023-03-10T20:04:52.453+0000] {logging_mixin.py:137} INFO - [2023-03-10T20:04:52.452+0000] {dag.py:3340} INFO - Setting next_dagrun for example_skip_dag to 2023-03-09T20:04:52.452839+00:00, run_after=2023-03-10T20:04:52.452839+00:00
[2023-03-10T20:04:52.466+0000] {processor.py:176} INFO - Processing /home/airflow/.local/lib/python3.7/site-packages/airflow/example_dags/example_skip_dag.py took 0.078 seconds
[2023-03-10T20:05:23.139+0000] {processor.py:154} INFO - Started process (PID=1852) to work on /home/airflow/.local/lib/python3.7/site-packages/airflow/example_dags/example_skip_dag.py
[2023-03-10T20:05:23.147+0000] {processor.py:756} INFO - Processing file /home/airflow/.local/lib/python3.7/site-packages/airflow/example_dags/example_skip_dag.py for tasks to queue
[2023-03-10T20:05:23.149+0000] {logging_mixin.py:137} INFO - [2023-03-10T20:05:23.149+0000] {dagbag.py:537} INFO - Filling up the DagBag from /home/airflow/.local/lib/python3.7/site-packages/airflow/example_dags/example_skip_dag.py
[2023-03-10T20:05:23.160+0000] {processor.py:766} INFO - DAG(s) dict_keys(['example_skip_dag']) retrieved from /home/airflow/.local/lib/python3.7/site-packages/airflow/example_dags/example_skip_dag.py
[2023-03-10T20:05:23.187+0000] {logging_mixin.py:137} INFO - [2023-03-10T20:05:23.187+0000] {dag.py:2585} INFO - Sync 1 DAGs
[2023-03-10T20:05:23.201+0000] {logging_mixin.py:137} INFO - [2023-03-10T20:05:23.201+0000] {dag.py:3340} INFO - Setting next_dagrun for example_skip_dag to 2023-03-09T20:05:23.201430+00:00, run_after=2023-03-10T20:05:23.201430+00:00
[2023-03-10T20:05:23.214+0000] {processor.py:176} INFO - Processing /home/airflow/.local/lib/python3.7/site-packages/airflow/example_dags/example_skip_dag.py took 0.077 seconds
[2023-03-10T20:05:54.138+0000] {processor.py:154} INFO - Started process (PID=1916) to work on /home/airflow/.local/lib/python3.7/site-packages/airflow/example_dags/example_skip_dag.py
[2023-03-10T20:05:54.140+0000] {processor.py:756} INFO - Processing file /home/airflow/.local/lib/python3.7/site-packages/airflow/example_dags/example_skip_dag.py for tasks to queue
[2023-03-10T20:05:54.141+0000] {logging_mixin.py:137} INFO - [2023-03-10T20:05:54.141+0000] {dagbag.py:537} INFO - Filling up the DagBag from /home/airflow/.local/lib/python3.7/site-packages/airflow/example_dags/example_skip_dag.py
[2023-03-10T20:05:54.151+0000] {processor.py:766} INFO - DAG(s) dict_keys(['example_skip_dag']) retrieved from /home/airflow/.local/lib/python3.7/site-packages/airflow/example_dags/example_skip_dag.py
[2023-03-10T20:05:54.177+0000] {logging_mixin.py:137} INFO - [2023-03-10T20:05:54.177+0000] {dag.py:2585} INFO - Sync 1 DAGs
[2023-03-10T20:05:54.195+0000] {logging_mixin.py:137} INFO - [2023-03-10T20:05:54.195+0000] {dag.py:3340} INFO - Setting next_dagrun for example_skip_dag to 2023-03-09T20:05:54.195106+00:00, run_after=2023-03-10T20:05:54.195106+00:00
[2023-03-10T20:05:54.210+0000] {processor.py:176} INFO - Processing /home/airflow/.local/lib/python3.7/site-packages/airflow/example_dags/example_skip_dag.py took 0.074 seconds
[2023-03-10T20:06:24.677+0000] {processor.py:154} INFO - Started process (PID=1980) to work on /home/airflow/.local/lib/python3.7/site-packages/airflow/example_dags/example_skip_dag.py
[2023-03-10T20:06:24.679+0000] {processor.py:756} INFO - Processing file /home/airflow/.local/lib/python3.7/site-packages/airflow/example_dags/example_skip_dag.py for tasks to queue
[2023-03-10T20:06:24.680+0000] {logging_mixin.py:137} INFO - [2023-03-10T20:06:24.680+0000] {dagbag.py:537} INFO - Filling up the DagBag from /home/airflow/.local/lib/python3.7/site-packages/airflow/example_dags/example_skip_dag.py
[2023-03-10T20:06:24.691+0000] {processor.py:766} INFO - DAG(s) dict_keys(['example_skip_dag']) retrieved from /home/airflow/.local/lib/python3.7/site-packages/airflow/example_dags/example_skip_dag.py
[2023-03-10T20:06:24.723+0000] {logging_mixin.py:137} INFO - [2023-03-10T20:06:24.723+0000] {dag.py:2585} INFO - Sync 1 DAGs
[2023-03-10T20:06:24.740+0000] {logging_mixin.py:137} INFO - [2023-03-10T20:06:24.740+0000] {dag.py:3340} INFO - Setting next_dagrun for example_skip_dag to 2023-03-09T20:06:24.740289+00:00, run_after=2023-03-10T20:06:24.740289+00:00
[2023-03-10T20:06:24.755+0000] {processor.py:176} INFO - Processing /home/airflow/.local/lib/python3.7/site-packages/airflow/example_dags/example_skip_dag.py took 0.080 seconds
[2023-03-10T20:06:55.360+0000] {processor.py:154} INFO - Started process (PID=2044) to work on /home/airflow/.local/lib/python3.7/site-packages/airflow/example_dags/example_skip_dag.py
[2023-03-10T20:06:55.362+0000] {processor.py:756} INFO - Processing file /home/airflow/.local/lib/python3.7/site-packages/airflow/example_dags/example_skip_dag.py for tasks to queue
[2023-03-10T20:06:55.364+0000] {logging_mixin.py:137} INFO - [2023-03-10T20:06:55.364+0000] {dagbag.py:537} INFO - Filling up the DagBag from /home/airflow/.local/lib/python3.7/site-packages/airflow/example_dags/example_skip_dag.py
[2023-03-10T20:06:55.375+0000] {processor.py:766} INFO - DAG(s) dict_keys(['example_skip_dag']) retrieved from /home/airflow/.local/lib/python3.7/site-packages/airflow/example_dags/example_skip_dag.py
[2023-03-10T20:06:55.442+0000] {logging_mixin.py:137} INFO - [2023-03-10T20:06:55.442+0000] {dag.py:2585} INFO - Sync 1 DAGs
[2023-03-10T20:06:55.466+0000] {logging_mixin.py:137} INFO - [2023-03-10T20:06:55.465+0000] {dag.py:3340} INFO - Setting next_dagrun for example_skip_dag to 2023-03-09T20:06:55.465642+00:00, run_after=2023-03-10T20:06:55.465642+00:00
[2023-03-10T20:06:55.479+0000] {processor.py:176} INFO - Processing /home/airflow/.local/lib/python3.7/site-packages/airflow/example_dags/example_skip_dag.py took 0.121 seconds
[2023-03-10T20:07:26.083+0000] {processor.py:154} INFO - Started process (PID=2104) to work on /home/airflow/.local/lib/python3.7/site-packages/airflow/example_dags/example_skip_dag.py
[2023-03-10T20:07:26.093+0000] {processor.py:756} INFO - Processing file /home/airflow/.local/lib/python3.7/site-packages/airflow/example_dags/example_skip_dag.py for tasks to queue
[2023-03-10T20:07:26.095+0000] {logging_mixin.py:137} INFO - [2023-03-10T20:07:26.095+0000] {dagbag.py:537} INFO - Filling up the DagBag from /home/airflow/.local/lib/python3.7/site-packages/airflow/example_dags/example_skip_dag.py
[2023-03-10T20:07:26.106+0000] {processor.py:766} INFO - DAG(s) dict_keys(['example_skip_dag']) retrieved from /home/airflow/.local/lib/python3.7/site-packages/airflow/example_dags/example_skip_dag.py
[2023-03-10T20:07:26.146+0000] {logging_mixin.py:137} INFO - [2023-03-10T20:07:26.146+0000] {dag.py:2585} INFO - Sync 1 DAGs
[2023-03-10T20:07:26.194+0000] {logging_mixin.py:137} INFO - [2023-03-10T20:07:26.194+0000] {dag.py:3340} INFO - Setting next_dagrun for example_skip_dag to 2023-03-09T20:07:26.193860+00:00, run_after=2023-03-10T20:07:26.193860+00:00
[2023-03-10T20:07:26.208+0000] {processor.py:176} INFO - Processing /home/airflow/.local/lib/python3.7/site-packages/airflow/example_dags/example_skip_dag.py took 0.127 seconds
[2023-03-10T20:07:56.640+0000] {processor.py:154} INFO - Started process (PID=2162) to work on /home/airflow/.local/lib/python3.7/site-packages/airflow/example_dags/example_skip_dag.py
[2023-03-10T20:07:56.641+0000] {processor.py:756} INFO - Processing file /home/airflow/.local/lib/python3.7/site-packages/airflow/example_dags/example_skip_dag.py for tasks to queue
[2023-03-10T20:07:56.642+0000] {logging_mixin.py:137} INFO - [2023-03-10T20:07:56.642+0000] {dagbag.py:537} INFO - Filling up the DagBag from /home/airflow/.local/lib/python3.7/site-packages/airflow/example_dags/example_skip_dag.py
[2023-03-10T20:07:56.651+0000] {processor.py:766} INFO - DAG(s) dict_keys(['example_skip_dag']) retrieved from /home/airflow/.local/lib/python3.7/site-packages/airflow/example_dags/example_skip_dag.py
[2023-03-10T20:07:56.675+0000] {logging_mixin.py:137} INFO - [2023-03-10T20:07:56.675+0000] {dag.py:2585} INFO - Sync 1 DAGs
[2023-03-10T20:07:56.691+0000] {logging_mixin.py:137} INFO - [2023-03-10T20:07:56.691+0000] {dag.py:3340} INFO - Setting next_dagrun for example_skip_dag to 2023-03-09T20:07:56.691703+00:00, run_after=2023-03-10T20:07:56.691703+00:00
[2023-03-10T20:07:56.704+0000] {processor.py:176} INFO - Processing /home/airflow/.local/lib/python3.7/site-packages/airflow/example_dags/example_skip_dag.py took 0.067 seconds
[2023-03-10T20:08:27.370+0000] {processor.py:154} INFO - Started process (PID=2225) to work on /home/airflow/.local/lib/python3.7/site-packages/airflow/example_dags/example_skip_dag.py
[2023-03-10T20:08:27.372+0000] {processor.py:756} INFO - Processing file /home/airflow/.local/lib/python3.7/site-packages/airflow/example_dags/example_skip_dag.py for tasks to queue
[2023-03-10T20:08:27.373+0000] {logging_mixin.py:137} INFO - [2023-03-10T20:08:27.373+0000] {dagbag.py:537} INFO - Filling up the DagBag from /home/airflow/.local/lib/python3.7/site-packages/airflow/example_dags/example_skip_dag.py
[2023-03-10T20:08:27.382+0000] {processor.py:766} INFO - DAG(s) dict_keys(['example_skip_dag']) retrieved from /home/airflow/.local/lib/python3.7/site-packages/airflow/example_dags/example_skip_dag.py
[2023-03-10T20:08:27.411+0000] {logging_mixin.py:137} INFO - [2023-03-10T20:08:27.410+0000] {dag.py:2585} INFO - Sync 1 DAGs
[2023-03-10T20:08:27.427+0000] {logging_mixin.py:137} INFO - [2023-03-10T20:08:27.426+0000] {dag.py:3340} INFO - Setting next_dagrun for example_skip_dag to 2023-03-09T20:08:27.426834+00:00, run_after=2023-03-10T20:08:27.426834+00:00
[2023-03-10T20:08:27.440+0000] {processor.py:176} INFO - Processing /home/airflow/.local/lib/python3.7/site-packages/airflow/example_dags/example_skip_dag.py took 0.072 seconds
[2023-03-10T20:08:57.928+0000] {processor.py:154} INFO - Started process (PID=2290) to work on /home/airflow/.local/lib/python3.7/site-packages/airflow/example_dags/example_skip_dag.py
[2023-03-10T20:08:57.929+0000] {processor.py:756} INFO - Processing file /home/airflow/.local/lib/python3.7/site-packages/airflow/example_dags/example_skip_dag.py for tasks to queue
[2023-03-10T20:08:57.931+0000] {logging_mixin.py:137} INFO - [2023-03-10T20:08:57.931+0000] {dagbag.py:537} INFO - Filling up the DagBag from /home/airflow/.local/lib/python3.7/site-packages/airflow/example_dags/example_skip_dag.py
[2023-03-10T20:08:57.940+0000] {processor.py:766} INFO - DAG(s) dict_keys(['example_skip_dag']) retrieved from /home/airflow/.local/lib/python3.7/site-packages/airflow/example_dags/example_skip_dag.py
[2023-03-10T20:08:57.972+0000] {logging_mixin.py:137} INFO - [2023-03-10T20:08:57.972+0000] {dag.py:2585} INFO - Sync 1 DAGs
[2023-03-10T20:08:57.988+0000] {logging_mixin.py:137} INFO - [2023-03-10T20:08:57.988+0000] {dag.py:3340} INFO - Setting next_dagrun for example_skip_dag to 2023-03-09T20:08:57.987905+00:00, run_after=2023-03-10T20:08:57.987905+00:00
[2023-03-10T20:08:58.001+0000] {processor.py:176} INFO - Processing /home/airflow/.local/lib/python3.7/site-packages/airflow/example_dags/example_skip_dag.py took 0.075 seconds
[2023-03-10T20:09:28.862+0000] {processor.py:154} INFO - Started process (PID=2353) to work on /home/airflow/.local/lib/python3.7/site-packages/airflow/example_dags/example_skip_dag.py
[2023-03-10T20:09:28.864+0000] {processor.py:756} INFO - Processing file /home/airflow/.local/lib/python3.7/site-packages/airflow/example_dags/example_skip_dag.py for tasks to queue
[2023-03-10T20:09:28.865+0000] {logging_mixin.py:137} INFO - [2023-03-10T20:09:28.865+0000] {dagbag.py:537} INFO - Filling up the DagBag from /home/airflow/.local/lib/python3.7/site-packages/airflow/example_dags/example_skip_dag.py
[2023-03-10T20:09:28.876+0000] {processor.py:766} INFO - DAG(s) dict_keys(['example_skip_dag']) retrieved from /home/airflow/.local/lib/python3.7/site-packages/airflow/example_dags/example_skip_dag.py
[2023-03-10T20:09:28.903+0000] {logging_mixin.py:137} INFO - [2023-03-10T20:09:28.903+0000] {dag.py:2585} INFO - Sync 1 DAGs
[2023-03-10T20:09:28.920+0000] {logging_mixin.py:137} INFO - [2023-03-10T20:09:28.920+0000] {dag.py:3340} INFO - Setting next_dagrun for example_skip_dag to 2023-03-09T20:09:28.920079+00:00, run_after=2023-03-10T20:09:28.920079+00:00
[2023-03-10T20:09:28.935+0000] {processor.py:176} INFO - Processing /home/airflow/.local/lib/python3.7/site-packages/airflow/example_dags/example_skip_dag.py took 0.077 seconds
[2023-03-10T20:09:59.584+0000] {processor.py:154} INFO - Started process (PID=2418) to work on /home/airflow/.local/lib/python3.7/site-packages/airflow/example_dags/example_skip_dag.py
[2023-03-10T20:09:59.586+0000] {processor.py:756} INFO - Processing file /home/airflow/.local/lib/python3.7/site-packages/airflow/example_dags/example_skip_dag.py for tasks to queue
[2023-03-10T20:09:59.587+0000] {logging_mixin.py:137} INFO - [2023-03-10T20:09:59.587+0000] {dagbag.py:537} INFO - Filling up the DagBag from /home/airflow/.local/lib/python3.7/site-packages/airflow/example_dags/example_skip_dag.py
[2023-03-10T20:09:59.598+0000] {processor.py:766} INFO - DAG(s) dict_keys(['example_skip_dag']) retrieved from /home/airflow/.local/lib/python3.7/site-packages/airflow/example_dags/example_skip_dag.py
[2023-03-10T20:09:59.638+0000] {logging_mixin.py:137} INFO - [2023-03-10T20:09:59.638+0000] {dag.py:2585} INFO - Sync 1 DAGs
[2023-03-10T20:09:59.659+0000] {logging_mixin.py:137} INFO - [2023-03-10T20:09:59.659+0000] {dag.py:3340} INFO - Setting next_dagrun for example_skip_dag to 2023-03-09T20:09:59.659240+00:00, run_after=2023-03-10T20:09:59.659240+00:00
[2023-03-10T20:09:59.680+0000] {processor.py:176} INFO - Processing /home/airflow/.local/lib/python3.7/site-packages/airflow/example_dags/example_skip_dag.py took 0.099 seconds
[2023-03-10T20:10:30.317+0000] {processor.py:154} INFO - Started process (PID=2473) to work on /home/airflow/.local/lib/python3.7/site-packages/airflow/example_dags/example_skip_dag.py
[2023-03-10T20:10:30.319+0000] {processor.py:756} INFO - Processing file /home/airflow/.local/lib/python3.7/site-packages/airflow/example_dags/example_skip_dag.py for tasks to queue
[2023-03-10T20:10:30.321+0000] {logging_mixin.py:137} INFO - [2023-03-10T20:10:30.321+0000] {dagbag.py:537} INFO - Filling up the DagBag from /home/airflow/.local/lib/python3.7/site-packages/airflow/example_dags/example_skip_dag.py
[2023-03-10T20:10:30.332+0000] {processor.py:766} INFO - DAG(s) dict_keys(['example_skip_dag']) retrieved from /home/airflow/.local/lib/python3.7/site-packages/airflow/example_dags/example_skip_dag.py
[2023-03-10T20:10:30.362+0000] {logging_mixin.py:137} INFO - [2023-03-10T20:10:30.362+0000] {dag.py:2585} INFO - Sync 1 DAGs
[2023-03-10T20:10:30.381+0000] {logging_mixin.py:137} INFO - [2023-03-10T20:10:30.380+0000] {dag.py:3340} INFO - Setting next_dagrun for example_skip_dag to 2023-03-09T20:10:30.380705+00:00, run_after=2023-03-10T20:10:30.380705+00:00
[2023-03-10T20:10:30.396+0000] {processor.py:176} INFO - Processing /home/airflow/.local/lib/python3.7/site-packages/airflow/example_dags/example_skip_dag.py took 0.082 seconds
[2023-03-10T20:11:00.906+0000] {processor.py:154} INFO - Started process (PID=2537) to work on /home/airflow/.local/lib/python3.7/site-packages/airflow/example_dags/example_skip_dag.py
[2023-03-10T20:11:00.908+0000] {processor.py:756} INFO - Processing file /home/airflow/.local/lib/python3.7/site-packages/airflow/example_dags/example_skip_dag.py for tasks to queue
[2023-03-10T20:11:00.909+0000] {logging_mixin.py:137} INFO - [2023-03-10T20:11:00.909+0000] {dagbag.py:537} INFO - Filling up the DagBag from /home/airflow/.local/lib/python3.7/site-packages/airflow/example_dags/example_skip_dag.py
[2023-03-10T20:11:00.919+0000] {processor.py:766} INFO - DAG(s) dict_keys(['example_skip_dag']) retrieved from /home/airflow/.local/lib/python3.7/site-packages/airflow/example_dags/example_skip_dag.py
[2023-03-10T20:11:00.946+0000] {logging_mixin.py:137} INFO - [2023-03-10T20:11:00.945+0000] {dag.py:2585} INFO - Sync 1 DAGs
[2023-03-10T20:11:00.962+0000] {logging_mixin.py:137} INFO - [2023-03-10T20:11:00.962+0000] {dag.py:3340} INFO - Setting next_dagrun for example_skip_dag to 2023-03-09T20:11:00.962250+00:00, run_after=2023-03-10T20:11:00.962250+00:00
[2023-03-10T20:11:00.977+0000] {processor.py:176} INFO - Processing /home/airflow/.local/lib/python3.7/site-packages/airflow/example_dags/example_skip_dag.py took 0.073 seconds
[2023-03-10T20:11:31.295+0000] {processor.py:154} INFO - Started process (PID=2600) to work on /home/airflow/.local/lib/python3.7/site-packages/airflow/example_dags/example_skip_dag.py
[2023-03-10T20:11:31.297+0000] {processor.py:756} INFO - Processing file /home/airflow/.local/lib/python3.7/site-packages/airflow/example_dags/example_skip_dag.py for tasks to queue
[2023-03-10T20:11:31.299+0000] {logging_mixin.py:137} INFO - [2023-03-10T20:11:31.299+0000] {dagbag.py:537} INFO - Filling up the DagBag from /home/airflow/.local/lib/python3.7/site-packages/airflow/example_dags/example_skip_dag.py
[2023-03-10T20:11:31.309+0000] {processor.py:766} INFO - DAG(s) dict_keys(['example_skip_dag']) retrieved from /home/airflow/.local/lib/python3.7/site-packages/airflow/example_dags/example_skip_dag.py
[2023-03-10T20:11:31.334+0000] {logging_mixin.py:137} INFO - [2023-03-10T20:11:31.334+0000] {dag.py:2585} INFO - Sync 1 DAGs
[2023-03-10T20:11:31.350+0000] {logging_mixin.py:137} INFO - [2023-03-10T20:11:31.350+0000] {dag.py:3340} INFO - Setting next_dagrun for example_skip_dag to 2023-03-09T20:11:31.350071+00:00, run_after=2023-03-10T20:11:31.350071+00:00
[2023-03-10T20:11:31.363+0000] {processor.py:176} INFO - Processing /home/airflow/.local/lib/python3.7/site-packages/airflow/example_dags/example_skip_dag.py took 0.071 seconds
[2023-03-10T20:12:02.151+0000] {processor.py:154} INFO - Started process (PID=2662) to work on /home/airflow/.local/lib/python3.7/site-packages/airflow/example_dags/example_skip_dag.py
[2023-03-10T20:12:02.152+0000] {processor.py:756} INFO - Processing file /home/airflow/.local/lib/python3.7/site-packages/airflow/example_dags/example_skip_dag.py for tasks to queue
[2023-03-10T20:12:02.154+0000] {logging_mixin.py:137} INFO - [2023-03-10T20:12:02.154+0000] {dagbag.py:537} INFO - Filling up the DagBag from /home/airflow/.local/lib/python3.7/site-packages/airflow/example_dags/example_skip_dag.py
[2023-03-10T20:12:02.165+0000] {processor.py:766} INFO - DAG(s) dict_keys(['example_skip_dag']) retrieved from /home/airflow/.local/lib/python3.7/site-packages/airflow/example_dags/example_skip_dag.py
[2023-03-10T20:12:02.196+0000] {logging_mixin.py:137} INFO - [2023-03-10T20:12:02.196+0000] {dag.py:2585} INFO - Sync 1 DAGs
[2023-03-10T20:12:02.214+0000] {logging_mixin.py:137} INFO - [2023-03-10T20:12:02.214+0000] {dag.py:3340} INFO - Setting next_dagrun for example_skip_dag to 2023-03-09T20:12:02.214105+00:00, run_after=2023-03-10T20:12:02.214105+00:00
[2023-03-10T20:12:02.228+0000] {processor.py:176} INFO - Processing /home/airflow/.local/lib/python3.7/site-packages/airflow/example_dags/example_skip_dag.py took 0.079 seconds
[2023-03-10T20:12:32.795+0000] {processor.py:154} INFO - Started process (PID=2726) to work on /home/airflow/.local/lib/python3.7/site-packages/airflow/example_dags/example_skip_dag.py
[2023-03-10T20:12:32.796+0000] {processor.py:756} INFO - Processing file /home/airflow/.local/lib/python3.7/site-packages/airflow/example_dags/example_skip_dag.py for tasks to queue
[2023-03-10T20:12:32.797+0000] {logging_mixin.py:137} INFO - [2023-03-10T20:12:32.797+0000] {dagbag.py:537} INFO - Filling up the DagBag from /home/airflow/.local/lib/python3.7/site-packages/airflow/example_dags/example_skip_dag.py
[2023-03-10T20:12:32.809+0000] {processor.py:766} INFO - DAG(s) dict_keys(['example_skip_dag']) retrieved from /home/airflow/.local/lib/python3.7/site-packages/airflow/example_dags/example_skip_dag.py
[2023-03-10T20:12:32.840+0000] {logging_mixin.py:137} INFO - [2023-03-10T20:12:32.840+0000] {dag.py:2585} INFO - Sync 1 DAGs
[2023-03-10T20:12:32.893+0000] {logging_mixin.py:137} INFO - [2023-03-10T20:12:32.893+0000] {dag.py:3340} INFO - Setting next_dagrun for example_skip_dag to 2023-03-09T20:12:32.893003+00:00, run_after=2023-03-10T20:12:32.893003+00:00
[2023-03-10T20:12:32.909+0000] {processor.py:176} INFO - Processing /home/airflow/.local/lib/python3.7/site-packages/airflow/example_dags/example_skip_dag.py took 0.117 seconds
[2023-03-10T20:13:03.590+0000] {processor.py:154} INFO - Started process (PID=2789) to work on /home/airflow/.local/lib/python3.7/site-packages/airflow/example_dags/example_skip_dag.py
[2023-03-10T20:13:03.591+0000] {processor.py:756} INFO - Processing file /home/airflow/.local/lib/python3.7/site-packages/airflow/example_dags/example_skip_dag.py for tasks to queue
[2023-03-10T20:13:03.593+0000] {logging_mixin.py:137} INFO - [2023-03-10T20:13:03.593+0000] {dagbag.py:537} INFO - Filling up the DagBag from /home/airflow/.local/lib/python3.7/site-packages/airflow/example_dags/example_skip_dag.py
[2023-03-10T20:13:03.607+0000] {processor.py:766} INFO - DAG(s) dict_keys(['example_skip_dag']) retrieved from /home/airflow/.local/lib/python3.7/site-packages/airflow/example_dags/example_skip_dag.py
[2023-03-10T20:13:03.643+0000] {logging_mixin.py:137} INFO - [2023-03-10T20:13:03.643+0000] {dag.py:2585} INFO - Sync 1 DAGs
[2023-03-10T20:13:03.665+0000] {logging_mixin.py:137} INFO - [2023-03-10T20:13:03.665+0000] {dag.py:3340} INFO - Setting next_dagrun for example_skip_dag to 2023-03-09T20:13:03.665054+00:00, run_after=2023-03-10T20:13:03.665054+00:00
[2023-03-10T20:13:03.681+0000] {processor.py:176} INFO - Processing /home/airflow/.local/lib/python3.7/site-packages/airflow/example_dags/example_skip_dag.py took 0.094 seconds
[2023-03-10T20:13:34.261+0000] {processor.py:154} INFO - Started process (PID=2844) to work on /home/airflow/.local/lib/python3.7/site-packages/airflow/example_dags/example_skip_dag.py
[2023-03-10T20:13:34.263+0000] {processor.py:756} INFO - Processing file /home/airflow/.local/lib/python3.7/site-packages/airflow/example_dags/example_skip_dag.py for tasks to queue
[2023-03-10T20:13:34.264+0000] {logging_mixin.py:137} INFO - [2023-03-10T20:13:34.264+0000] {dagbag.py:537} INFO - Filling up the DagBag from /home/airflow/.local/lib/python3.7/site-packages/airflow/example_dags/example_skip_dag.py
[2023-03-10T20:13:34.275+0000] {processor.py:766} INFO - DAG(s) dict_keys(['example_skip_dag']) retrieved from /home/airflow/.local/lib/python3.7/site-packages/airflow/example_dags/example_skip_dag.py
[2023-03-10T20:13:34.300+0000] {logging_mixin.py:137} INFO - [2023-03-10T20:13:34.300+0000] {dag.py:2585} INFO - Sync 1 DAGs
[2023-03-10T20:13:34.315+0000] {logging_mixin.py:137} INFO - [2023-03-10T20:13:34.315+0000] {dag.py:3340} INFO - Setting next_dagrun for example_skip_dag to 2023-03-09T20:13:34.315256+00:00, run_after=2023-03-10T20:13:34.315256+00:00
[2023-03-10T20:13:34.328+0000] {processor.py:176} INFO - Processing /home/airflow/.local/lib/python3.7/site-packages/airflow/example_dags/example_skip_dag.py took 0.069 seconds
[2023-03-10T20:14:05.010+0000] {processor.py:154} INFO - Started process (PID=2908) to work on /home/airflow/.local/lib/python3.7/site-packages/airflow/example_dags/example_skip_dag.py
[2023-03-10T20:14:05.013+0000] {processor.py:756} INFO - Processing file /home/airflow/.local/lib/python3.7/site-packages/airflow/example_dags/example_skip_dag.py for tasks to queue
[2023-03-10T20:14:05.014+0000] {logging_mixin.py:137} INFO - [2023-03-10T20:14:05.014+0000] {dagbag.py:537} INFO - Filling up the DagBag from /home/airflow/.local/lib/python3.7/site-packages/airflow/example_dags/example_skip_dag.py
[2023-03-10T20:14:05.026+0000] {processor.py:766} INFO - DAG(s) dict_keys(['example_skip_dag']) retrieved from /home/airflow/.local/lib/python3.7/site-packages/airflow/example_dags/example_skip_dag.py
[2023-03-10T20:14:05.053+0000] {logging_mixin.py:137} INFO - [2023-03-10T20:14:05.053+0000] {dag.py:2585} INFO - Sync 1 DAGs
[2023-03-10T20:14:05.072+0000] {logging_mixin.py:137} INFO - [2023-03-10T20:14:05.071+0000] {dag.py:3340} INFO - Setting next_dagrun for example_skip_dag to 2023-03-09T20:14:05.071831+00:00, run_after=2023-03-10T20:14:05.071831+00:00
[2023-03-10T20:14:05.087+0000] {processor.py:176} INFO - Processing /home/airflow/.local/lib/python3.7/site-packages/airflow/example_dags/example_skip_dag.py took 0.080 seconds
[2023-03-10T20:14:35.580+0000] {processor.py:154} INFO - Started process (PID=2972) to work on /home/airflow/.local/lib/python3.7/site-packages/airflow/example_dags/example_skip_dag.py
[2023-03-10T20:14:35.582+0000] {processor.py:756} INFO - Processing file /home/airflow/.local/lib/python3.7/site-packages/airflow/example_dags/example_skip_dag.py for tasks to queue
[2023-03-10T20:14:35.583+0000] {logging_mixin.py:137} INFO - [2023-03-10T20:14:35.583+0000] {dagbag.py:537} INFO - Filling up the DagBag from /home/airflow/.local/lib/python3.7/site-packages/airflow/example_dags/example_skip_dag.py
[2023-03-10T20:14:35.593+0000] {processor.py:766} INFO - DAG(s) dict_keys(['example_skip_dag']) retrieved from /home/airflow/.local/lib/python3.7/site-packages/airflow/example_dags/example_skip_dag.py
[2023-03-10T20:14:35.625+0000] {logging_mixin.py:137} INFO - [2023-03-10T20:14:35.625+0000] {dag.py:2585} INFO - Sync 1 DAGs
[2023-03-10T20:14:35.640+0000] {logging_mixin.py:137} INFO - [2023-03-10T20:14:35.640+0000] {dag.py:3340} INFO - Setting next_dagrun for example_skip_dag to 2023-03-09T20:14:35.640106+00:00, run_after=2023-03-10T20:14:35.640106+00:00
[2023-03-10T20:14:35.653+0000] {processor.py:176} INFO - Processing /home/airflow/.local/lib/python3.7/site-packages/airflow/example_dags/example_skip_dag.py took 0.075 seconds
[2023-03-10T20:15:06.130+0000] {processor.py:154} INFO - Started process (PID=3036) to work on /home/airflow/.local/lib/python3.7/site-packages/airflow/example_dags/example_skip_dag.py
[2023-03-10T20:15:06.131+0000] {processor.py:756} INFO - Processing file /home/airflow/.local/lib/python3.7/site-packages/airflow/example_dags/example_skip_dag.py for tasks to queue
[2023-03-10T20:15:06.133+0000] {logging_mixin.py:137} INFO - [2023-03-10T20:15:06.133+0000] {dagbag.py:537} INFO - Filling up the DagBag from /home/airflow/.local/lib/python3.7/site-packages/airflow/example_dags/example_skip_dag.py
[2023-03-10T20:15:06.142+0000] {processor.py:766} INFO - DAG(s) dict_keys(['example_skip_dag']) retrieved from /home/airflow/.local/lib/python3.7/site-packages/airflow/example_dags/example_skip_dag.py
[2023-03-10T20:15:06.167+0000] {logging_mixin.py:137} INFO - [2023-03-10T20:15:06.167+0000] {dag.py:2585} INFO - Sync 1 DAGs
[2023-03-10T20:15:06.181+0000] {logging_mixin.py:137} INFO - [2023-03-10T20:15:06.180+0000] {dag.py:3340} INFO - Setting next_dagrun for example_skip_dag to 2023-03-09T20:15:06.180824+00:00, run_after=2023-03-10T20:15:06.180824+00:00
[2023-03-10T20:15:06.192+0000] {processor.py:176} INFO - Processing /home/airflow/.local/lib/python3.7/site-packages/airflow/example_dags/example_skip_dag.py took 0.064 seconds
[2023-03-10T20:15:36.613+0000] {processor.py:154} INFO - Started process (PID=3100) to work on /home/airflow/.local/lib/python3.7/site-packages/airflow/example_dags/example_skip_dag.py
[2023-03-10T20:15:36.615+0000] {processor.py:756} INFO - Processing file /home/airflow/.local/lib/python3.7/site-packages/airflow/example_dags/example_skip_dag.py for tasks to queue
[2023-03-10T20:15:36.616+0000] {logging_mixin.py:137} INFO - [2023-03-10T20:15:36.616+0000] {dagbag.py:537} INFO - Filling up the DagBag from /home/airflow/.local/lib/python3.7/site-packages/airflow/example_dags/example_skip_dag.py
[2023-03-10T20:15:36.626+0000] {processor.py:766} INFO - DAG(s) dict_keys(['example_skip_dag']) retrieved from /home/airflow/.local/lib/python3.7/site-packages/airflow/example_dags/example_skip_dag.py
[2023-03-10T20:15:36.652+0000] {logging_mixin.py:137} INFO - [2023-03-10T20:15:36.651+0000] {dag.py:2585} INFO - Sync 1 DAGs
[2023-03-10T20:15:36.667+0000] {logging_mixin.py:137} INFO - [2023-03-10T20:15:36.667+0000] {dag.py:3340} INFO - Setting next_dagrun for example_skip_dag to 2023-03-09T20:15:36.667702+00:00, run_after=2023-03-10T20:15:36.667702+00:00
[2023-03-10T20:15:36.680+0000] {processor.py:176} INFO - Processing /home/airflow/.local/lib/python3.7/site-packages/airflow/example_dags/example_skip_dag.py took 0.069 seconds
[2023-03-10T20:16:07.040+0000] {processor.py:154} INFO - Started process (PID=3162) to work on /home/airflow/.local/lib/python3.7/site-packages/airflow/example_dags/example_skip_dag.py
[2023-03-10T20:16:07.042+0000] {processor.py:756} INFO - Processing file /home/airflow/.local/lib/python3.7/site-packages/airflow/example_dags/example_skip_dag.py for tasks to queue
[2023-03-10T20:16:07.043+0000] {logging_mixin.py:137} INFO - [2023-03-10T20:16:07.043+0000] {dagbag.py:537} INFO - Filling up the DagBag from /home/airflow/.local/lib/python3.7/site-packages/airflow/example_dags/example_skip_dag.py
[2023-03-10T20:16:07.053+0000] {processor.py:766} INFO - DAG(s) dict_keys(['example_skip_dag']) retrieved from /home/airflow/.local/lib/python3.7/site-packages/airflow/example_dags/example_skip_dag.py
[2023-03-10T20:16:07.088+0000] {logging_mixin.py:137} INFO - [2023-03-10T20:16:07.088+0000] {dag.py:2585} INFO - Sync 1 DAGs
[2023-03-10T20:16:07.106+0000] {logging_mixin.py:137} INFO - [2023-03-10T20:16:07.106+0000] {dag.py:3340} INFO - Setting next_dagrun for example_skip_dag to 2023-03-09T20:16:07.105932+00:00, run_after=2023-03-10T20:16:07.105932+00:00
[2023-03-10T20:16:07.119+0000] {processor.py:176} INFO - Processing /home/airflow/.local/lib/python3.7/site-packages/airflow/example_dags/example_skip_dag.py took 0.082 seconds
[2023-03-10T20:16:37.451+0000] {processor.py:154} INFO - Started process (PID=3218) to work on /home/airflow/.local/lib/python3.7/site-packages/airflow/example_dags/example_skip_dag.py
[2023-03-10T20:16:37.452+0000] {processor.py:756} INFO - Processing file /home/airflow/.local/lib/python3.7/site-packages/airflow/example_dags/example_skip_dag.py for tasks to queue
[2023-03-10T20:16:37.453+0000] {logging_mixin.py:137} INFO - [2023-03-10T20:16:37.453+0000] {dagbag.py:537} INFO - Filling up the DagBag from /home/airflow/.local/lib/python3.7/site-packages/airflow/example_dags/example_skip_dag.py
[2023-03-10T20:16:37.463+0000] {processor.py:766} INFO - DAG(s) dict_keys(['example_skip_dag']) retrieved from /home/airflow/.local/lib/python3.7/site-packages/airflow/example_dags/example_skip_dag.py
[2023-03-10T20:16:37.487+0000] {logging_mixin.py:137} INFO - [2023-03-10T20:16:37.487+0000] {dag.py:2585} INFO - Sync 1 DAGs
[2023-03-10T20:16:37.503+0000] {logging_mixin.py:137} INFO - [2023-03-10T20:16:37.503+0000] {dag.py:3340} INFO - Setting next_dagrun for example_skip_dag to 2023-03-09T20:16:37.503172+00:00, run_after=2023-03-10T20:16:37.503172+00:00
[2023-03-10T20:16:37.516+0000] {processor.py:176} INFO - Processing /home/airflow/.local/lib/python3.7/site-packages/airflow/example_dags/example_skip_dag.py took 0.068 seconds
[2023-03-10T20:17:07.898+0000] {processor.py:154} INFO - Started process (PID=3282) to work on /home/airflow/.local/lib/python3.7/site-packages/airflow/example_dags/example_skip_dag.py
[2023-03-10T20:17:07.901+0000] {processor.py:756} INFO - Processing file /home/airflow/.local/lib/python3.7/site-packages/airflow/example_dags/example_skip_dag.py for tasks to queue
[2023-03-10T20:17:07.902+0000] {logging_mixin.py:137} INFO - [2023-03-10T20:17:07.902+0000] {dagbag.py:537} INFO - Filling up the DagBag from /home/airflow/.local/lib/python3.7/site-packages/airflow/example_dags/example_skip_dag.py
[2023-03-10T20:17:07.911+0000] {processor.py:766} INFO - DAG(s) dict_keys(['example_skip_dag']) retrieved from /home/airflow/.local/lib/python3.7/site-packages/airflow/example_dags/example_skip_dag.py
[2023-03-10T20:17:07.938+0000] {logging_mixin.py:137} INFO - [2023-03-10T20:17:07.938+0000] {dag.py:2585} INFO - Sync 1 DAGs
[2023-03-10T20:17:07.953+0000] {logging_mixin.py:137} INFO - [2023-03-10T20:17:07.953+0000] {dag.py:3340} INFO - Setting next_dagrun for example_skip_dag to 2023-03-09T20:17:07.952998+00:00, run_after=2023-03-10T20:17:07.952998+00:00
[2023-03-10T20:17:07.965+0000] {processor.py:176} INFO - Processing /home/airflow/.local/lib/python3.7/site-packages/airflow/example_dags/example_skip_dag.py took 0.071 seconds
[2023-03-10T20:17:38.272+0000] {processor.py:154} INFO - Started process (PID=3346) to work on /home/airflow/.local/lib/python3.7/site-packages/airflow/example_dags/example_skip_dag.py
[2023-03-10T20:17:38.274+0000] {processor.py:756} INFO - Processing file /home/airflow/.local/lib/python3.7/site-packages/airflow/example_dags/example_skip_dag.py for tasks to queue
[2023-03-10T20:17:38.275+0000] {logging_mixin.py:137} INFO - [2023-03-10T20:17:38.275+0000] {dagbag.py:537} INFO - Filling up the DagBag from /home/airflow/.local/lib/python3.7/site-packages/airflow/example_dags/example_skip_dag.py
[2023-03-10T20:17:38.284+0000] {processor.py:766} INFO - DAG(s) dict_keys(['example_skip_dag']) retrieved from /home/airflow/.local/lib/python3.7/site-packages/airflow/example_dags/example_skip_dag.py
[2023-03-10T20:17:38.309+0000] {logging_mixin.py:137} INFO - [2023-03-10T20:17:38.309+0000] {dag.py:2585} INFO - Sync 1 DAGs
[2023-03-10T20:17:38.324+0000] {logging_mixin.py:137} INFO - [2023-03-10T20:17:38.324+0000] {dag.py:3340} INFO - Setting next_dagrun for example_skip_dag to 2023-03-09T20:17:38.324701+00:00, run_after=2023-03-10T20:17:38.324701+00:00
[2023-03-10T20:17:38.337+0000] {processor.py:176} INFO - Processing /home/airflow/.local/lib/python3.7/site-packages/airflow/example_dags/example_skip_dag.py took 0.067 seconds
[2023-03-10T20:18:08.577+0000] {processor.py:154} INFO - Started process (PID=3411) to work on /home/airflow/.local/lib/python3.7/site-packages/airflow/example_dags/example_skip_dag.py
[2023-03-10T20:18:08.578+0000] {processor.py:756} INFO - Processing file /home/airflow/.local/lib/python3.7/site-packages/airflow/example_dags/example_skip_dag.py for tasks to queue
[2023-03-10T20:18:08.579+0000] {logging_mixin.py:137} INFO - [2023-03-10T20:18:08.579+0000] {dagbag.py:537} INFO - Filling up the DagBag from /home/airflow/.local/lib/python3.7/site-packages/airflow/example_dags/example_skip_dag.py
[2023-03-10T20:18:08.590+0000] {processor.py:766} INFO - DAG(s) dict_keys(['example_skip_dag']) retrieved from /home/airflow/.local/lib/python3.7/site-packages/airflow/example_dags/example_skip_dag.py
[2023-03-10T20:18:08.618+0000] {logging_mixin.py:137} INFO - [2023-03-10T20:18:08.618+0000] {dag.py:2585} INFO - Sync 1 DAGs
[2023-03-10T20:18:08.635+0000] {logging_mixin.py:137} INFO - [2023-03-10T20:18:08.635+0000] {dag.py:3340} INFO - Setting next_dagrun for example_skip_dag to 2023-03-09T20:18:08.635307+00:00, run_after=2023-03-10T20:18:08.635307+00:00
[2023-03-10T20:18:08.647+0000] {processor.py:176} INFO - Processing /home/airflow/.local/lib/python3.7/site-packages/airflow/example_dags/example_skip_dag.py took 0.073 seconds
[2023-03-10T20:18:39.243+0000] {processor.py:154} INFO - Started process (PID=3475) to work on /home/airflow/.local/lib/python3.7/site-packages/airflow/example_dags/example_skip_dag.py
[2023-03-10T20:18:39.245+0000] {processor.py:756} INFO - Processing file /home/airflow/.local/lib/python3.7/site-packages/airflow/example_dags/example_skip_dag.py for tasks to queue
[2023-03-10T20:18:39.248+0000] {logging_mixin.py:137} INFO - [2023-03-10T20:18:39.248+0000] {dagbag.py:537} INFO - Filling up the DagBag from /home/airflow/.local/lib/python3.7/site-packages/airflow/example_dags/example_skip_dag.py
[2023-03-10T20:18:39.257+0000] {processor.py:766} INFO - DAG(s) dict_keys(['example_skip_dag']) retrieved from /home/airflow/.local/lib/python3.7/site-packages/airflow/example_dags/example_skip_dag.py
[2023-03-10T20:18:39.284+0000] {logging_mixin.py:137} INFO - [2023-03-10T20:18:39.284+0000] {dag.py:2585} INFO - Sync 1 DAGs
[2023-03-10T20:18:39.299+0000] {logging_mixin.py:137} INFO - [2023-03-10T20:18:39.298+0000] {dag.py:3340} INFO - Setting next_dagrun for example_skip_dag to 2023-03-09T20:18:39.298764+00:00, run_after=2023-03-10T20:18:39.298764+00:00
[2023-03-10T20:18:39.310+0000] {processor.py:176} INFO - Processing /home/airflow/.local/lib/python3.7/site-packages/airflow/example_dags/example_skip_dag.py took 0.069 seconds
[2023-03-10T20:19:10.016+0000] {processor.py:154} INFO - Started process (PID=3530) to work on /home/airflow/.local/lib/python3.7/site-packages/airflow/example_dags/example_skip_dag.py
[2023-03-10T20:19:10.018+0000] {processor.py:756} INFO - Processing file /home/airflow/.local/lib/python3.7/site-packages/airflow/example_dags/example_skip_dag.py for tasks to queue
[2023-03-10T20:19:10.020+0000] {logging_mixin.py:137} INFO - [2023-03-10T20:19:10.020+0000] {dagbag.py:537} INFO - Filling up the DagBag from /home/airflow/.local/lib/python3.7/site-packages/airflow/example_dags/example_skip_dag.py
[2023-03-10T20:19:10.031+0000] {processor.py:766} INFO - DAG(s) dict_keys(['example_skip_dag']) retrieved from /home/airflow/.local/lib/python3.7/site-packages/airflow/example_dags/example_skip_dag.py
[2023-03-10T20:19:10.057+0000] {logging_mixin.py:137} INFO - [2023-03-10T20:19:10.057+0000] {dag.py:2585} INFO - Sync 1 DAGs
[2023-03-10T20:19:10.072+0000] {logging_mixin.py:137} INFO - [2023-03-10T20:19:10.072+0000] {dag.py:3340} INFO - Setting next_dagrun for example_skip_dag to 2023-03-09T20:19:10.072707+00:00, run_after=2023-03-10T20:19:10.072707+00:00
[2023-03-10T20:19:10.085+0000] {processor.py:176} INFO - Processing /home/airflow/.local/lib/python3.7/site-packages/airflow/example_dags/example_skip_dag.py took 0.072 seconds
[2023-03-10T20:19:40.594+0000] {processor.py:154} INFO - Started process (PID=3592) to work on /home/airflow/.local/lib/python3.7/site-packages/airflow/example_dags/example_skip_dag.py
[2023-03-10T20:19:40.596+0000] {processor.py:756} INFO - Processing file /home/airflow/.local/lib/python3.7/site-packages/airflow/example_dags/example_skip_dag.py for tasks to queue
[2023-03-10T20:19:40.597+0000] {logging_mixin.py:137} INFO - [2023-03-10T20:19:40.597+0000] {dagbag.py:537} INFO - Filling up the DagBag from /home/airflow/.local/lib/python3.7/site-packages/airflow/example_dags/example_skip_dag.py
[2023-03-10T20:19:40.608+0000] {processor.py:766} INFO - DAG(s) dict_keys(['example_skip_dag']) retrieved from /home/airflow/.local/lib/python3.7/site-packages/airflow/example_dags/example_skip_dag.py
[2023-03-10T20:19:40.644+0000] {logging_mixin.py:137} INFO - [2023-03-10T20:19:40.644+0000] {dag.py:2585} INFO - Sync 1 DAGs
[2023-03-10T20:19:40.663+0000] {logging_mixin.py:137} INFO - [2023-03-10T20:19:40.663+0000] {dag.py:3340} INFO - Setting next_dagrun for example_skip_dag to 2023-03-09T20:19:40.662880+00:00, run_after=2023-03-10T20:19:40.662880+00:00
[2023-03-10T20:19:40.677+0000] {processor.py:176} INFO - Processing /home/airflow/.local/lib/python3.7/site-packages/airflow/example_dags/example_skip_dag.py took 0.085 seconds
[2023-03-10T20:20:11.595+0000] {processor.py:154} INFO - Started process (PID=3656) to work on /home/airflow/.local/lib/python3.7/site-packages/airflow/example_dags/example_skip_dag.py
[2023-03-10T20:20:11.596+0000] {processor.py:756} INFO - Processing file /home/airflow/.local/lib/python3.7/site-packages/airflow/example_dags/example_skip_dag.py for tasks to queue
[2023-03-10T20:20:11.598+0000] {logging_mixin.py:137} INFO - [2023-03-10T20:20:11.598+0000] {dagbag.py:537} INFO - Filling up the DagBag from /home/airflow/.local/lib/python3.7/site-packages/airflow/example_dags/example_skip_dag.py
[2023-03-10T20:20:11.608+0000] {processor.py:766} INFO - DAG(s) dict_keys(['example_skip_dag']) retrieved from /home/airflow/.local/lib/python3.7/site-packages/airflow/example_dags/example_skip_dag.py
[2023-03-10T20:20:11.633+0000] {logging_mixin.py:137} INFO - [2023-03-10T20:20:11.633+0000] {dag.py:2585} INFO - Sync 1 DAGs
[2023-03-10T20:20:11.649+0000] {logging_mixin.py:137} INFO - [2023-03-10T20:20:11.649+0000] {dag.py:3340} INFO - Setting next_dagrun for example_skip_dag to 2023-03-09T20:20:11.648995+00:00, run_after=2023-03-10T20:20:11.648995+00:00
[2023-03-10T20:20:11.661+0000] {processor.py:176} INFO - Processing /home/airflow/.local/lib/python3.7/site-packages/airflow/example_dags/example_skip_dag.py took 0.069 seconds
[2023-03-10T20:20:42.183+0000] {processor.py:154} INFO - Started process (PID=3720) to work on /home/airflow/.local/lib/python3.7/site-packages/airflow/example_dags/example_skip_dag.py
[2023-03-10T20:20:42.185+0000] {processor.py:756} INFO - Processing file /home/airflow/.local/lib/python3.7/site-packages/airflow/example_dags/example_skip_dag.py for tasks to queue
[2023-03-10T20:20:42.187+0000] {logging_mixin.py:137} INFO - [2023-03-10T20:20:42.187+0000] {dagbag.py:537} INFO - Filling up the DagBag from /home/airflow/.local/lib/python3.7/site-packages/airflow/example_dags/example_skip_dag.py
[2023-03-10T20:20:42.198+0000] {processor.py:766} INFO - DAG(s) dict_keys(['example_skip_dag']) retrieved from /home/airflow/.local/lib/python3.7/site-packages/airflow/example_dags/example_skip_dag.py
[2023-03-10T20:20:42.230+0000] {logging_mixin.py:137} INFO - [2023-03-10T20:20:42.230+0000] {dag.py:2585} INFO - Sync 1 DAGs
[2023-03-10T20:20:42.246+0000] {logging_mixin.py:137} INFO - [2023-03-10T20:20:42.246+0000] {dag.py:3340} INFO - Setting next_dagrun for example_skip_dag to 2023-03-09T20:20:42.246376+00:00, run_after=2023-03-10T20:20:42.246376+00:00
[2023-03-10T20:20:42.259+0000] {processor.py:176} INFO - Processing /home/airflow/.local/lib/python3.7/site-packages/airflow/example_dags/example_skip_dag.py took 0.079 seconds
[2023-03-10T20:21:12.956+0000] {processor.py:154} INFO - Started process (PID=3785) to work on /home/airflow/.local/lib/python3.7/site-packages/airflow/example_dags/example_skip_dag.py
[2023-03-10T20:21:12.958+0000] {processor.py:756} INFO - Processing file /home/airflow/.local/lib/python3.7/site-packages/airflow/example_dags/example_skip_dag.py for tasks to queue
[2023-03-10T20:21:12.959+0000] {logging_mixin.py:137} INFO - [2023-03-10T20:21:12.959+0000] {dagbag.py:537} INFO - Filling up the DagBag from /home/airflow/.local/lib/python3.7/site-packages/airflow/example_dags/example_skip_dag.py
[2023-03-10T20:21:12.971+0000] {processor.py:766} INFO - DAG(s) dict_keys(['example_skip_dag']) retrieved from /home/airflow/.local/lib/python3.7/site-packages/airflow/example_dags/example_skip_dag.py
[2023-03-10T20:21:12.998+0000] {logging_mixin.py:137} INFO - [2023-03-10T20:21:12.998+0000] {dag.py:2585} INFO - Sync 1 DAGs
[2023-03-10T20:21:13.025+0000] {logging_mixin.py:137} INFO - [2023-03-10T20:21:13.025+0000] {dag.py:3340} INFO - Setting next_dagrun for example_skip_dag to 2023-03-09T20:21:13.024981+00:00, run_after=2023-03-10T20:21:13.024981+00:00
[2023-03-10T20:21:13.040+0000] {processor.py:176} INFO - Processing /home/airflow/.local/lib/python3.7/site-packages/airflow/example_dags/example_skip_dag.py took 0.086 seconds
[2023-03-10T20:21:43.556+0000] {processor.py:154} INFO - Started process (PID=3840) to work on /home/airflow/.local/lib/python3.7/site-packages/airflow/example_dags/example_skip_dag.py
[2023-03-10T20:21:43.558+0000] {processor.py:756} INFO - Processing file /home/airflow/.local/lib/python3.7/site-packages/airflow/example_dags/example_skip_dag.py for tasks to queue
[2023-03-10T20:21:43.560+0000] {logging_mixin.py:137} INFO - [2023-03-10T20:21:43.559+0000] {dagbag.py:537} INFO - Filling up the DagBag from /home/airflow/.local/lib/python3.7/site-packages/airflow/example_dags/example_skip_dag.py
[2023-03-10T20:21:43.571+0000] {processor.py:766} INFO - DAG(s) dict_keys(['example_skip_dag']) retrieved from /home/airflow/.local/lib/python3.7/site-packages/airflow/example_dags/example_skip_dag.py
[2023-03-10T20:21:43.598+0000] {logging_mixin.py:137} INFO - [2023-03-10T20:21:43.598+0000] {dag.py:2585} INFO - Sync 1 DAGs
[2023-03-10T20:21:43.617+0000] {logging_mixin.py:137} INFO - [2023-03-10T20:21:43.617+0000] {dag.py:3340} INFO - Setting next_dagrun for example_skip_dag to 2023-03-09T20:21:43.616918+00:00, run_after=2023-03-10T20:21:43.616918+00:00
[2023-03-10T20:21:43.630+0000] {processor.py:176} INFO - Processing /home/airflow/.local/lib/python3.7/site-packages/airflow/example_dags/example_skip_dag.py took 0.076 seconds
[2023-03-10T20:22:14.704+0000] {processor.py:154} INFO - Started process (PID=3904) to work on /home/airflow/.local/lib/python3.7/site-packages/airflow/example_dags/example_skip_dag.py
[2023-03-10T20:22:14.706+0000] {processor.py:756} INFO - Processing file /home/airflow/.local/lib/python3.7/site-packages/airflow/example_dags/example_skip_dag.py for tasks to queue
[2023-03-10T20:22:14.707+0000] {logging_mixin.py:137} INFO - [2023-03-10T20:22:14.707+0000] {dagbag.py:537} INFO - Filling up the DagBag from /home/airflow/.local/lib/python3.7/site-packages/airflow/example_dags/example_skip_dag.py
[2023-03-10T20:22:14.717+0000] {processor.py:766} INFO - DAG(s) dict_keys(['example_skip_dag']) retrieved from /home/airflow/.local/lib/python3.7/site-packages/airflow/example_dags/example_skip_dag.py
[2023-03-10T20:22:14.743+0000] {logging_mixin.py:137} INFO - [2023-03-10T20:22:14.743+0000] {dag.py:2585} INFO - Sync 1 DAGs
[2023-03-10T20:22:14.759+0000] {logging_mixin.py:137} INFO - [2023-03-10T20:22:14.758+0000] {dag.py:3340} INFO - Setting next_dagrun for example_skip_dag to 2023-03-09T20:22:14.758853+00:00, run_after=2023-03-10T20:22:14.758853+00:00
[2023-03-10T20:22:14.772+0000] {processor.py:176} INFO - Processing /home/airflow/.local/lib/python3.7/site-packages/airflow/example_dags/example_skip_dag.py took 0.070 seconds
[2023-03-10T20:22:45.389+0000] {processor.py:154} INFO - Started process (PID=3967) to work on /home/airflow/.local/lib/python3.7/site-packages/airflow/example_dags/example_skip_dag.py
[2023-03-10T20:22:45.391+0000] {processor.py:756} INFO - Processing file /home/airflow/.local/lib/python3.7/site-packages/airflow/example_dags/example_skip_dag.py for tasks to queue
[2023-03-10T20:22:45.392+0000] {logging_mixin.py:137} INFO - [2023-03-10T20:22:45.392+0000] {dagbag.py:537} INFO - Filling up the DagBag from /home/airflow/.local/lib/python3.7/site-packages/airflow/example_dags/example_skip_dag.py
[2023-03-10T20:22:45.407+0000] {processor.py:766} INFO - DAG(s) dict_keys(['example_skip_dag']) retrieved from /home/airflow/.local/lib/python3.7/site-packages/airflow/example_dags/example_skip_dag.py
[2023-03-10T20:22:45.434+0000] {logging_mixin.py:137} INFO - [2023-03-10T20:22:45.434+0000] {dag.py:2585} INFO - Sync 1 DAGs
[2023-03-10T20:22:45.450+0000] {logging_mixin.py:137} INFO - [2023-03-10T20:22:45.450+0000] {dag.py:3340} INFO - Setting next_dagrun for example_skip_dag to 2023-03-09T20:22:45.449929+00:00, run_after=2023-03-10T20:22:45.449929+00:00
[2023-03-10T20:22:45.461+0000] {processor.py:176} INFO - Processing /home/airflow/.local/lib/python3.7/site-packages/airflow/example_dags/example_skip_dag.py took 0.075 seconds
[2023-03-10T20:23:15.851+0000] {processor.py:154} INFO - Started process (PID=4031) to work on /home/airflow/.local/lib/python3.7/site-packages/airflow/example_dags/example_skip_dag.py
[2023-03-10T20:23:15.852+0000] {processor.py:756} INFO - Processing file /home/airflow/.local/lib/python3.7/site-packages/airflow/example_dags/example_skip_dag.py for tasks to queue
[2023-03-10T20:23:15.853+0000] {logging_mixin.py:137} INFO - [2023-03-10T20:23:15.853+0000] {dagbag.py:537} INFO - Filling up the DagBag from /home/airflow/.local/lib/python3.7/site-packages/airflow/example_dags/example_skip_dag.py
[2023-03-10T20:23:15.863+0000] {processor.py:766} INFO - DAG(s) dict_keys(['example_skip_dag']) retrieved from /home/airflow/.local/lib/python3.7/site-packages/airflow/example_dags/example_skip_dag.py
[2023-03-10T20:23:15.888+0000] {logging_mixin.py:137} INFO - [2023-03-10T20:23:15.888+0000] {dag.py:2585} INFO - Sync 1 DAGs
[2023-03-10T20:23:15.904+0000] {logging_mixin.py:137} INFO - [2023-03-10T20:23:15.904+0000] {dag.py:3340} INFO - Setting next_dagrun for example_skip_dag to 2023-03-09T20:23:15.904332+00:00, run_after=2023-03-10T20:23:15.904332+00:00
[2023-03-10T20:23:15.917+0000] {processor.py:176} INFO - Processing /home/airflow/.local/lib/python3.7/site-packages/airflow/example_dags/example_skip_dag.py took 0.068 seconds
[2023-03-10T20:23:46.249+0000] {processor.py:154} INFO - Started process (PID=4094) to work on /home/airflow/.local/lib/python3.7/site-packages/airflow/example_dags/example_skip_dag.py
[2023-03-10T20:23:46.251+0000] {processor.py:756} INFO - Processing file /home/airflow/.local/lib/python3.7/site-packages/airflow/example_dags/example_skip_dag.py for tasks to queue
[2023-03-10T20:23:46.252+0000] {logging_mixin.py:137} INFO - [2023-03-10T20:23:46.252+0000] {dagbag.py:537} INFO - Filling up the DagBag from /home/airflow/.local/lib/python3.7/site-packages/airflow/example_dags/example_skip_dag.py
[2023-03-10T20:23:46.262+0000] {processor.py:766} INFO - DAG(s) dict_keys(['example_skip_dag']) retrieved from /home/airflow/.local/lib/python3.7/site-packages/airflow/example_dags/example_skip_dag.py
[2023-03-10T20:23:46.300+0000] {logging_mixin.py:137} INFO - [2023-03-10T20:23:46.300+0000] {dag.py:2585} INFO - Sync 1 DAGs
[2023-03-10T20:23:46.319+0000] {logging_mixin.py:137} INFO - [2023-03-10T20:23:46.319+0000] {dag.py:3340} INFO - Setting next_dagrun for example_skip_dag to 2023-03-09T20:23:46.319701+00:00, run_after=2023-03-10T20:23:46.319701+00:00
[2023-03-10T20:23:46.339+0000] {processor.py:176} INFO - Processing /home/airflow/.local/lib/python3.7/site-packages/airflow/example_dags/example_skip_dag.py took 0.091 seconds
[2023-03-10T20:24:16.940+0000] {processor.py:154} INFO - Started process (PID=4157) to work on /home/airflow/.local/lib/python3.7/site-packages/airflow/example_dags/example_skip_dag.py
[2023-03-10T20:24:16.943+0000] {processor.py:756} INFO - Processing file /home/airflow/.local/lib/python3.7/site-packages/airflow/example_dags/example_skip_dag.py for tasks to queue
[2023-03-10T20:24:16.944+0000] {logging_mixin.py:137} INFO - [2023-03-10T20:24:16.944+0000] {dagbag.py:537} INFO - Filling up the DagBag from /home/airflow/.local/lib/python3.7/site-packages/airflow/example_dags/example_skip_dag.py
[2023-03-10T20:24:16.955+0000] {processor.py:766} INFO - DAG(s) dict_keys(['example_skip_dag']) retrieved from /home/airflow/.local/lib/python3.7/site-packages/airflow/example_dags/example_skip_dag.py
[2023-03-10T20:24:16.982+0000] {logging_mixin.py:137} INFO - [2023-03-10T20:24:16.982+0000] {dag.py:2585} INFO - Sync 1 DAGs
[2023-03-10T20:24:16.997+0000] {logging_mixin.py:137} INFO - [2023-03-10T20:24:16.997+0000] {dag.py:3340} INFO - Setting next_dagrun for example_skip_dag to 2023-03-09T20:24:16.996886+00:00, run_after=2023-03-10T20:24:16.996886+00:00
[2023-03-10T20:24:17.011+0000] {processor.py:176} INFO - Processing /home/airflow/.local/lib/python3.7/site-packages/airflow/example_dags/example_skip_dag.py took 0.073 seconds
[2023-03-10T20:24:47.350+0000] {processor.py:154} INFO - Started process (PID=4212) to work on /home/airflow/.local/lib/python3.7/site-packages/airflow/example_dags/example_skip_dag.py
[2023-03-10T20:24:47.352+0000] {processor.py:756} INFO - Processing file /home/airflow/.local/lib/python3.7/site-packages/airflow/example_dags/example_skip_dag.py for tasks to queue
[2023-03-10T20:24:47.353+0000] {logging_mixin.py:137} INFO - [2023-03-10T20:24:47.353+0000] {dagbag.py:537} INFO - Filling up the DagBag from /home/airflow/.local/lib/python3.7/site-packages/airflow/example_dags/example_skip_dag.py
[2023-03-10T20:24:47.363+0000] {processor.py:766} INFO - DAG(s) dict_keys(['example_skip_dag']) retrieved from /home/airflow/.local/lib/python3.7/site-packages/airflow/example_dags/example_skip_dag.py
[2023-03-10T20:24:47.389+0000] {logging_mixin.py:137} INFO - [2023-03-10T20:24:47.389+0000] {dag.py:2585} INFO - Sync 1 DAGs
[2023-03-10T20:24:47.405+0000] {logging_mixin.py:137} INFO - [2023-03-10T20:24:47.405+0000] {dag.py:3340} INFO - Setting next_dagrun for example_skip_dag to 2023-03-09T20:24:47.405190+00:00, run_after=2023-03-10T20:24:47.405190+00:00
[2023-03-10T20:24:47.419+0000] {processor.py:176} INFO - Processing /home/airflow/.local/lib/python3.7/site-packages/airflow/example_dags/example_skip_dag.py took 0.072 seconds
[2023-03-10T20:25:18.010+0000] {processor.py:154} INFO - Started process (PID=4276) to work on /home/airflow/.local/lib/python3.7/site-packages/airflow/example_dags/example_skip_dag.py
[2023-03-10T20:25:18.012+0000] {processor.py:756} INFO - Processing file /home/airflow/.local/lib/python3.7/site-packages/airflow/example_dags/example_skip_dag.py for tasks to queue
[2023-03-10T20:25:18.013+0000] {logging_mixin.py:137} INFO - [2023-03-10T20:25:18.013+0000] {dagbag.py:537} INFO - Filling up the DagBag from /home/airflow/.local/lib/python3.7/site-packages/airflow/example_dags/example_skip_dag.py
[2023-03-10T20:25:18.024+0000] {processor.py:766} INFO - DAG(s) dict_keys(['example_skip_dag']) retrieved from /home/airflow/.local/lib/python3.7/site-packages/airflow/example_dags/example_skip_dag.py
[2023-03-10T20:25:18.051+0000] {logging_mixin.py:137} INFO - [2023-03-10T20:25:18.051+0000] {dag.py:2585} INFO - Sync 1 DAGs
[2023-03-10T20:25:18.065+0000] {logging_mixin.py:137} INFO - [2023-03-10T20:25:18.065+0000] {dag.py:3340} INFO - Setting next_dagrun for example_skip_dag to 2023-03-09T20:25:18.065669+00:00, run_after=2023-03-10T20:25:18.065669+00:00
[2023-03-10T20:25:18.077+0000] {processor.py:176} INFO - Processing /home/airflow/.local/lib/python3.7/site-packages/airflow/example_dags/example_skip_dag.py took 0.069 seconds
[2023-03-10T20:25:48.621+0000] {processor.py:154} INFO - Started process (PID=4338) to work on /home/airflow/.local/lib/python3.7/site-packages/airflow/example_dags/example_skip_dag.py
[2023-03-10T20:25:48.623+0000] {processor.py:756} INFO - Processing file /home/airflow/.local/lib/python3.7/site-packages/airflow/example_dags/example_skip_dag.py for tasks to queue
[2023-03-10T20:25:48.624+0000] {logging_mixin.py:137} INFO - [2023-03-10T20:25:48.624+0000] {dagbag.py:537} INFO - Filling up the DagBag from /home/airflow/.local/lib/python3.7/site-packages/airflow/example_dags/example_skip_dag.py
[2023-03-10T20:25:48.635+0000] {processor.py:766} INFO - DAG(s) dict_keys(['example_skip_dag']) retrieved from /home/airflow/.local/lib/python3.7/site-packages/airflow/example_dags/example_skip_dag.py
[2023-03-10T20:25:48.665+0000] {logging_mixin.py:137} INFO - [2023-03-10T20:25:48.664+0000] {dag.py:2585} INFO - Sync 1 DAGs
[2023-03-10T20:25:48.683+0000] {logging_mixin.py:137} INFO - [2023-03-10T20:25:48.683+0000] {dag.py:3340} INFO - Setting next_dagrun for example_skip_dag to 2023-03-09T20:25:48.683562+00:00, run_after=2023-03-10T20:25:48.683562+00:00
[2023-03-10T20:25:48.699+0000] {processor.py:176} INFO - Processing /home/airflow/.local/lib/python3.7/site-packages/airflow/example_dags/example_skip_dag.py took 0.081 seconds
[2023-03-10T20:26:19.619+0000] {processor.py:154} INFO - Started process (PID=4402) to work on /home/airflow/.local/lib/python3.7/site-packages/airflow/example_dags/example_skip_dag.py
[2023-03-10T20:26:19.625+0000] {processor.py:756} INFO - Processing file /home/airflow/.local/lib/python3.7/site-packages/airflow/example_dags/example_skip_dag.py for tasks to queue
[2023-03-10T20:26:19.626+0000] {logging_mixin.py:137} INFO - [2023-03-10T20:26:19.626+0000] {dagbag.py:537} INFO - Filling up the DagBag from /home/airflow/.local/lib/python3.7/site-packages/airflow/example_dags/example_skip_dag.py
[2023-03-10T20:26:19.635+0000] {processor.py:766} INFO - DAG(s) dict_keys(['example_skip_dag']) retrieved from /home/airflow/.local/lib/python3.7/site-packages/airflow/example_dags/example_skip_dag.py
[2023-03-10T20:26:19.662+0000] {logging_mixin.py:137} INFO - [2023-03-10T20:26:19.662+0000] {dag.py:2585} INFO - Sync 1 DAGs
[2023-03-10T20:26:19.677+0000] {logging_mixin.py:137} INFO - [2023-03-10T20:26:19.677+0000] {dag.py:3340} INFO - Setting next_dagrun for example_skip_dag to 2023-03-09T20:26:19.677118+00:00, run_after=2023-03-10T20:26:19.677118+00:00
[2023-03-10T20:26:19.690+0000] {processor.py:176} INFO - Processing /home/airflow/.local/lib/python3.7/site-packages/airflow/example_dags/example_skip_dag.py took 0.074 seconds
[2023-03-10T20:26:50.037+0000] {processor.py:154} INFO - Started process (PID=4465) to work on /home/airflow/.local/lib/python3.7/site-packages/airflow/example_dags/example_skip_dag.py
[2023-03-10T20:26:50.039+0000] {processor.py:756} INFO - Processing file /home/airflow/.local/lib/python3.7/site-packages/airflow/example_dags/example_skip_dag.py for tasks to queue
[2023-03-10T20:26:50.040+0000] {logging_mixin.py:137} INFO - [2023-03-10T20:26:50.040+0000] {dagbag.py:537} INFO - Filling up the DagBag from /home/airflow/.local/lib/python3.7/site-packages/airflow/example_dags/example_skip_dag.py
[2023-03-10T20:26:50.051+0000] {processor.py:766} INFO - DAG(s) dict_keys(['example_skip_dag']) retrieved from /home/airflow/.local/lib/python3.7/site-packages/airflow/example_dags/example_skip_dag.py
[2023-03-10T20:26:50.083+0000] {logging_mixin.py:137} INFO - [2023-03-10T20:26:50.082+0000] {dag.py:2585} INFO - Sync 1 DAGs
[2023-03-10T20:26:50.099+0000] {logging_mixin.py:137} INFO - [2023-03-10T20:26:50.099+0000] {dag.py:3340} INFO - Setting next_dagrun for example_skip_dag to 2023-03-09T20:26:50.099212+00:00, run_after=2023-03-10T20:26:50.099212+00:00
[2023-03-10T20:26:50.111+0000] {processor.py:176} INFO - Processing /home/airflow/.local/lib/python3.7/site-packages/airflow/example_dags/example_skip_dag.py took 0.076 seconds
[2023-03-10T20:27:20.775+0000] {processor.py:154} INFO - Started process (PID=4529) to work on /home/airflow/.local/lib/python3.7/site-packages/airflow/example_dags/example_skip_dag.py
[2023-03-10T20:27:20.776+0000] {processor.py:756} INFO - Processing file /home/airflow/.local/lib/python3.7/site-packages/airflow/example_dags/example_skip_dag.py for tasks to queue
[2023-03-10T20:27:20.777+0000] {logging_mixin.py:137} INFO - [2023-03-10T20:27:20.777+0000] {dagbag.py:537} INFO - Filling up the DagBag from /home/airflow/.local/lib/python3.7/site-packages/airflow/example_dags/example_skip_dag.py
[2023-03-10T20:27:20.787+0000] {processor.py:766} INFO - DAG(s) dict_keys(['example_skip_dag']) retrieved from /home/airflow/.local/lib/python3.7/site-packages/airflow/example_dags/example_skip_dag.py
[2023-03-10T20:27:20.817+0000] {logging_mixin.py:137} INFO - [2023-03-10T20:27:20.816+0000] {dag.py:2585} INFO - Sync 1 DAGs
[2023-03-10T20:27:20.831+0000] {logging_mixin.py:137} INFO - [2023-03-10T20:27:20.831+0000] {dag.py:3340} INFO - Setting next_dagrun for example_skip_dag to 2023-03-09T20:27:20.831741+00:00, run_after=2023-03-10T20:27:20.831741+00:00
[2023-03-10T20:27:20.843+0000] {processor.py:176} INFO - Processing /home/airflow/.local/lib/python3.7/site-packages/airflow/example_dags/example_skip_dag.py took 0.071 seconds
[2023-03-10T20:27:51.271+0000] {processor.py:154} INFO - Started process (PID=4583) to work on /home/airflow/.local/lib/python3.7/site-packages/airflow/example_dags/example_skip_dag.py
[2023-03-10T20:27:51.273+0000] {processor.py:756} INFO - Processing file /home/airflow/.local/lib/python3.7/site-packages/airflow/example_dags/example_skip_dag.py for tasks to queue
[2023-03-10T20:27:51.274+0000] {logging_mixin.py:137} INFO - [2023-03-10T20:27:51.274+0000] {dagbag.py:537} INFO - Filling up the DagBag from /home/airflow/.local/lib/python3.7/site-packages/airflow/example_dags/example_skip_dag.py
[2023-03-10T20:27:51.285+0000] {processor.py:766} INFO - DAG(s) dict_keys(['example_skip_dag']) retrieved from /home/airflow/.local/lib/python3.7/site-packages/airflow/example_dags/example_skip_dag.py
[2023-03-10T20:27:51.312+0000] {logging_mixin.py:137} INFO - [2023-03-10T20:27:51.312+0000] {dag.py:2585} INFO - Sync 1 DAGs
[2023-03-10T20:27:51.331+0000] {logging_mixin.py:137} INFO - [2023-03-10T20:27:51.331+0000] {dag.py:3340} INFO - Setting next_dagrun for example_skip_dag to 2023-03-09T20:27:51.330927+00:00, run_after=2023-03-10T20:27:51.330927+00:00
[2023-03-10T20:27:51.345+0000] {processor.py:176} INFO - Processing /home/airflow/.local/lib/python3.7/site-packages/airflow/example_dags/example_skip_dag.py took 0.076 seconds
