[2023-03-10T19:50:30.004+0000] {processor.py:154} INFO - Started process (PID=37) to work on /home/airflow/.local/lib/python3.7/site-packages/airflow/example_dags/example_latest_only.py
[2023-03-10T19:50:30.006+0000] {processor.py:756} INFO - Processing file /home/airflow/.local/lib/python3.7/site-packages/airflow/example_dags/example_latest_only.py for tasks to queue
[2023-03-10T19:50:30.007+0000] {logging_mixin.py:137} INFO - [2023-03-10T19:50:30.007+0000] {dagbag.py:537} INFO - Filling up the DagBag from /home/airflow/.local/lib/python3.7/site-packages/airflow/example_dags/example_latest_only.py
[2023-03-10T19:50:30.018+0000] {processor.py:766} INFO - DAG(s) dict_keys(['latest_only']) retrieved from /home/airflow/.local/lib/python3.7/site-packages/airflow/example_dags/example_latest_only.py
[2023-03-10T19:50:30.054+0000] {logging_mixin.py:137} INFO - [2023-03-10T19:50:30.054+0000] {dag.py:2585} INFO - Sync 1 DAGs
[2023-03-10T19:50:30.079+0000] {logging_mixin.py:137} INFO - [2023-03-10T19:50:30.079+0000] {dag.py:3340} INFO - Setting next_dagrun for latest_only to 2023-03-10T15:50:30.078927+00:00, run_after=2023-03-10T19:50:30.078927+00:00
[2023-03-10T19:50:30.095+0000] {processor.py:176} INFO - Processing /home/airflow/.local/lib/python3.7/site-packages/airflow/example_dags/example_latest_only.py took 0.095 seconds
[2023-03-10T19:51:00.902+0000] {processor.py:154} INFO - Started process (PID=101) to work on /home/airflow/.local/lib/python3.7/site-packages/airflow/example_dags/example_latest_only.py
[2023-03-10T19:51:00.904+0000] {processor.py:756} INFO - Processing file /home/airflow/.local/lib/python3.7/site-packages/airflow/example_dags/example_latest_only.py for tasks to queue
[2023-03-10T19:51:00.906+0000] {logging_mixin.py:137} INFO - [2023-03-10T19:51:00.906+0000] {dagbag.py:537} INFO - Filling up the DagBag from /home/airflow/.local/lib/python3.7/site-packages/airflow/example_dags/example_latest_only.py
[2023-03-10T19:51:00.915+0000] {processor.py:766} INFO - DAG(s) dict_keys(['latest_only']) retrieved from /home/airflow/.local/lib/python3.7/site-packages/airflow/example_dags/example_latest_only.py
[2023-03-10T19:51:00.940+0000] {logging_mixin.py:137} INFO - [2023-03-10T19:51:00.940+0000] {dag.py:2585} INFO - Sync 1 DAGs
[2023-03-10T19:51:00.955+0000] {logging_mixin.py:137} INFO - [2023-03-10T19:51:00.955+0000] {dag.py:3340} INFO - Setting next_dagrun for latest_only to 2023-03-10T15:51:00.954865+00:00, run_after=2023-03-10T19:51:00.954865+00:00
[2023-03-10T19:51:00.967+0000] {processor.py:176} INFO - Processing /home/airflow/.local/lib/python3.7/site-packages/airflow/example_dags/example_latest_only.py took 0.068 seconds
[2023-03-10T19:51:31.541+0000] {processor.py:154} INFO - Started process (PID=166) to work on /home/airflow/.local/lib/python3.7/site-packages/airflow/example_dags/example_latest_only.py
[2023-03-10T19:51:31.543+0000] {processor.py:756} INFO - Processing file /home/airflow/.local/lib/python3.7/site-packages/airflow/example_dags/example_latest_only.py for tasks to queue
[2023-03-10T19:51:31.545+0000] {logging_mixin.py:137} INFO - [2023-03-10T19:51:31.545+0000] {dagbag.py:537} INFO - Filling up the DagBag from /home/airflow/.local/lib/python3.7/site-packages/airflow/example_dags/example_latest_only.py
[2023-03-10T19:51:31.554+0000] {processor.py:766} INFO - DAG(s) dict_keys(['latest_only']) retrieved from /home/airflow/.local/lib/python3.7/site-packages/airflow/example_dags/example_latest_only.py
[2023-03-10T19:51:31.591+0000] {logging_mixin.py:137} INFO - [2023-03-10T19:51:31.590+0000] {dag.py:2585} INFO - Sync 1 DAGs
[2023-03-10T19:51:31.606+0000] {logging_mixin.py:137} INFO - [2023-03-10T19:51:31.606+0000] {dag.py:3340} INFO - Setting next_dagrun for latest_only to 2023-03-10T15:51:31.606298+00:00, run_after=2023-03-10T19:51:31.606298+00:00
[2023-03-10T19:51:31.619+0000] {processor.py:176} INFO - Processing /home/airflow/.local/lib/python3.7/site-packages/airflow/example_dags/example_latest_only.py took 0.080 seconds
[2023-03-10T19:52:02.070+0000] {processor.py:154} INFO - Started process (PID=230) to work on /home/airflow/.local/lib/python3.7/site-packages/airflow/example_dags/example_latest_only.py
[2023-03-10T19:52:02.073+0000] {processor.py:756} INFO - Processing file /home/airflow/.local/lib/python3.7/site-packages/airflow/example_dags/example_latest_only.py for tasks to queue
[2023-03-10T19:52:02.074+0000] {logging_mixin.py:137} INFO - [2023-03-10T19:52:02.074+0000] {dagbag.py:537} INFO - Filling up the DagBag from /home/airflow/.local/lib/python3.7/site-packages/airflow/example_dags/example_latest_only.py
[2023-03-10T19:52:02.083+0000] {processor.py:766} INFO - DAG(s) dict_keys(['latest_only']) retrieved from /home/airflow/.local/lib/python3.7/site-packages/airflow/example_dags/example_latest_only.py
[2023-03-10T19:52:02.108+0000] {logging_mixin.py:137} INFO - [2023-03-10T19:52:02.108+0000] {dag.py:2585} INFO - Sync 1 DAGs
[2023-03-10T19:52:02.122+0000] {logging_mixin.py:137} INFO - [2023-03-10T19:52:02.122+0000] {dag.py:3340} INFO - Setting next_dagrun for latest_only to 2023-03-10T15:52:02.122279+00:00, run_after=2023-03-10T19:52:02.122279+00:00
[2023-03-10T19:52:02.135+0000] {processor.py:176} INFO - Processing /home/airflow/.local/lib/python3.7/site-packages/airflow/example_dags/example_latest_only.py took 0.067 seconds
[2023-03-10T19:52:33.213+0000] {processor.py:154} INFO - Started process (PID=295) to work on /home/airflow/.local/lib/python3.7/site-packages/airflow/example_dags/example_latest_only.py
[2023-03-10T19:52:33.215+0000] {processor.py:756} INFO - Processing file /home/airflow/.local/lib/python3.7/site-packages/airflow/example_dags/example_latest_only.py for tasks to queue
[2023-03-10T19:52:33.223+0000] {logging_mixin.py:137} INFO - [2023-03-10T19:52:33.223+0000] {dagbag.py:537} INFO - Filling up the DagBag from /home/airflow/.local/lib/python3.7/site-packages/airflow/example_dags/example_latest_only.py
[2023-03-10T19:52:33.236+0000] {processor.py:766} INFO - DAG(s) dict_keys(['latest_only']) retrieved from /home/airflow/.local/lib/python3.7/site-packages/airflow/example_dags/example_latest_only.py
[2023-03-10T19:52:33.262+0000] {logging_mixin.py:137} INFO - [2023-03-10T19:52:33.262+0000] {dag.py:2585} INFO - Sync 1 DAGs
[2023-03-10T19:52:33.280+0000] {logging_mixin.py:137} INFO - [2023-03-10T19:52:33.280+0000] {dag.py:3340} INFO - Setting next_dagrun for latest_only to 2023-03-10T15:52:33.280474+00:00, run_after=2023-03-10T19:52:33.280474+00:00
[2023-03-10T19:52:33.297+0000] {processor.py:176} INFO - Processing /home/airflow/.local/lib/python3.7/site-packages/airflow/example_dags/example_latest_only.py took 0.085 seconds
[2023-03-10T19:53:03.881+0000] {processor.py:154} INFO - Started process (PID=351) to work on /home/airflow/.local/lib/python3.7/site-packages/airflow/example_dags/example_latest_only.py
[2023-03-10T19:53:03.882+0000] {processor.py:756} INFO - Processing file /home/airflow/.local/lib/python3.7/site-packages/airflow/example_dags/example_latest_only.py for tasks to queue
[2023-03-10T19:53:03.883+0000] {logging_mixin.py:137} INFO - [2023-03-10T19:53:03.883+0000] {dagbag.py:537} INFO - Filling up the DagBag from /home/airflow/.local/lib/python3.7/site-packages/airflow/example_dags/example_latest_only.py
[2023-03-10T19:53:03.894+0000] {processor.py:766} INFO - DAG(s) dict_keys(['latest_only']) retrieved from /home/airflow/.local/lib/python3.7/site-packages/airflow/example_dags/example_latest_only.py
[2023-03-10T19:53:03.923+0000] {logging_mixin.py:137} INFO - [2023-03-10T19:53:03.923+0000] {dag.py:2585} INFO - Sync 1 DAGs
[2023-03-10T19:53:03.940+0000] {logging_mixin.py:137} INFO - [2023-03-10T19:53:03.940+0000] {dag.py:3340} INFO - Setting next_dagrun for latest_only to 2023-03-10T15:53:03.940067+00:00, run_after=2023-03-10T19:53:03.940067+00:00
[2023-03-10T19:53:03.955+0000] {processor.py:176} INFO - Processing /home/airflow/.local/lib/python3.7/site-packages/airflow/example_dags/example_latest_only.py took 0.077 seconds
[2023-03-10T19:53:34.118+0000] {processor.py:154} INFO - Started process (PID=414) to work on /home/airflow/.local/lib/python3.7/site-packages/airflow/example_dags/example_latest_only.py
[2023-03-10T19:53:34.122+0000] {processor.py:756} INFO - Processing file /home/airflow/.local/lib/python3.7/site-packages/airflow/example_dags/example_latest_only.py for tasks to queue
[2023-03-10T19:53:34.124+0000] {logging_mixin.py:137} INFO - [2023-03-10T19:53:34.124+0000] {dagbag.py:537} INFO - Filling up the DagBag from /home/airflow/.local/lib/python3.7/site-packages/airflow/example_dags/example_latest_only.py
[2023-03-10T19:53:34.133+0000] {processor.py:766} INFO - DAG(s) dict_keys(['latest_only']) retrieved from /home/airflow/.local/lib/python3.7/site-packages/airflow/example_dags/example_latest_only.py
[2023-03-10T19:53:34.158+0000] {logging_mixin.py:137} INFO - [2023-03-10T19:53:34.158+0000] {dag.py:2585} INFO - Sync 1 DAGs
[2023-03-10T19:53:34.173+0000] {logging_mixin.py:137} INFO - [2023-03-10T19:53:34.173+0000] {dag.py:3340} INFO - Setting next_dagrun for latest_only to 2023-03-10T15:53:34.173623+00:00, run_after=2023-03-10T19:53:34.173623+00:00
[2023-03-10T19:53:34.186+0000] {processor.py:176} INFO - Processing /home/airflow/.local/lib/python3.7/site-packages/airflow/example_dags/example_latest_only.py took 0.071 seconds
[2023-03-10T19:54:04.901+0000] {processor.py:154} INFO - Started process (PID=478) to work on /home/airflow/.local/lib/python3.7/site-packages/airflow/example_dags/example_latest_only.py
[2023-03-10T19:54:04.903+0000] {processor.py:756} INFO - Processing file /home/airflow/.local/lib/python3.7/site-packages/airflow/example_dags/example_latest_only.py for tasks to queue
[2023-03-10T19:54:04.904+0000] {logging_mixin.py:137} INFO - [2023-03-10T19:54:04.904+0000] {dagbag.py:537} INFO - Filling up the DagBag from /home/airflow/.local/lib/python3.7/site-packages/airflow/example_dags/example_latest_only.py
[2023-03-10T19:54:04.914+0000] {processor.py:766} INFO - DAG(s) dict_keys(['latest_only']) retrieved from /home/airflow/.local/lib/python3.7/site-packages/airflow/example_dags/example_latest_only.py
[2023-03-10T19:54:04.941+0000] {logging_mixin.py:137} INFO - [2023-03-10T19:54:04.941+0000] {dag.py:2585} INFO - Sync 1 DAGs
[2023-03-10T19:54:04.957+0000] {logging_mixin.py:137} INFO - [2023-03-10T19:54:04.957+0000] {dag.py:3340} INFO - Setting next_dagrun for latest_only to 2023-03-10T15:54:04.957055+00:00, run_after=2023-03-10T19:54:04.957055+00:00
[2023-03-10T19:54:04.970+0000] {processor.py:176} INFO - Processing /home/airflow/.local/lib/python3.7/site-packages/airflow/example_dags/example_latest_only.py took 0.071 seconds
[2023-03-10T19:54:35.616+0000] {processor.py:154} INFO - Started process (PID=542) to work on /home/airflow/.local/lib/python3.7/site-packages/airflow/example_dags/example_latest_only.py
[2023-03-10T19:54:35.619+0000] {processor.py:756} INFO - Processing file /home/airflow/.local/lib/python3.7/site-packages/airflow/example_dags/example_latest_only.py for tasks to queue
[2023-03-10T19:54:35.622+0000] {logging_mixin.py:137} INFO - [2023-03-10T19:54:35.621+0000] {dagbag.py:537} INFO - Filling up the DagBag from /home/airflow/.local/lib/python3.7/site-packages/airflow/example_dags/example_latest_only.py
[2023-03-10T19:54:35.633+0000] {processor.py:766} INFO - DAG(s) dict_keys(['latest_only']) retrieved from /home/airflow/.local/lib/python3.7/site-packages/airflow/example_dags/example_latest_only.py
[2023-03-10T19:54:35.663+0000] {logging_mixin.py:137} INFO - [2023-03-10T19:54:35.663+0000] {dag.py:2585} INFO - Sync 1 DAGs
[2023-03-10T19:54:35.680+0000] {logging_mixin.py:137} INFO - [2023-03-10T19:54:35.680+0000] {dag.py:3340} INFO - Setting next_dagrun for latest_only to 2023-03-10T15:54:35.680459+00:00, run_after=2023-03-10T19:54:35.680459+00:00
[2023-03-10T19:54:35.695+0000] {processor.py:176} INFO - Processing /home/airflow/.local/lib/python3.7/site-packages/airflow/example_dags/example_latest_only.py took 0.082 seconds
[2023-03-10T19:55:06.448+0000] {processor.py:154} INFO - Started process (PID=597) to work on /home/airflow/.local/lib/python3.7/site-packages/airflow/example_dags/example_latest_only.py
[2023-03-10T19:55:06.450+0000] {processor.py:756} INFO - Processing file /home/airflow/.local/lib/python3.7/site-packages/airflow/example_dags/example_latest_only.py for tasks to queue
[2023-03-10T19:55:06.453+0000] {logging_mixin.py:137} INFO - [2023-03-10T19:55:06.453+0000] {dagbag.py:537} INFO - Filling up the DagBag from /home/airflow/.local/lib/python3.7/site-packages/airflow/example_dags/example_latest_only.py
[2023-03-10T19:55:06.462+0000] {processor.py:766} INFO - DAG(s) dict_keys(['latest_only']) retrieved from /home/airflow/.local/lib/python3.7/site-packages/airflow/example_dags/example_latest_only.py
[2023-03-10T19:55:06.495+0000] {logging_mixin.py:137} INFO - [2023-03-10T19:55:06.495+0000] {dag.py:2585} INFO - Sync 1 DAGs
[2023-03-10T19:55:06.518+0000] {logging_mixin.py:137} INFO - [2023-03-10T19:55:06.517+0000] {dag.py:3340} INFO - Setting next_dagrun for latest_only to 2023-03-10T15:55:06.517657+00:00, run_after=2023-03-10T19:55:06.517657+00:00
[2023-03-10T19:55:06.548+0000] {processor.py:176} INFO - Processing /home/airflow/.local/lib/python3.7/site-packages/airflow/example_dags/example_latest_only.py took 0.103 seconds
[2023-03-10T19:55:37.541+0000] {processor.py:154} INFO - Started process (PID=659) to work on /home/airflow/.local/lib/python3.7/site-packages/airflow/example_dags/example_latest_only.py
[2023-03-10T19:55:37.542+0000] {processor.py:756} INFO - Processing file /home/airflow/.local/lib/python3.7/site-packages/airflow/example_dags/example_latest_only.py for tasks to queue
[2023-03-10T19:55:37.543+0000] {logging_mixin.py:137} INFO - [2023-03-10T19:55:37.543+0000] {dagbag.py:537} INFO - Filling up the DagBag from /home/airflow/.local/lib/python3.7/site-packages/airflow/example_dags/example_latest_only.py
[2023-03-10T19:55:37.552+0000] {processor.py:766} INFO - DAG(s) dict_keys(['latest_only']) retrieved from /home/airflow/.local/lib/python3.7/site-packages/airflow/example_dags/example_latest_only.py
[2023-03-10T19:55:37.581+0000] {logging_mixin.py:137} INFO - [2023-03-10T19:55:37.580+0000] {dag.py:2585} INFO - Sync 1 DAGs
[2023-03-10T19:55:37.598+0000] {logging_mixin.py:137} INFO - [2023-03-10T19:55:37.598+0000] {dag.py:3340} INFO - Setting next_dagrun for latest_only to 2023-03-10T15:55:37.597974+00:00, run_after=2023-03-10T19:55:37.597974+00:00
[2023-03-10T19:55:37.610+0000] {processor.py:176} INFO - Processing /home/airflow/.local/lib/python3.7/site-packages/airflow/example_dags/example_latest_only.py took 0.072 seconds
[2023-03-10T19:56:08.049+0000] {processor.py:154} INFO - Started process (PID=723) to work on /home/airflow/.local/lib/python3.7/site-packages/airflow/example_dags/example_latest_only.py
[2023-03-10T19:56:08.051+0000] {processor.py:756} INFO - Processing file /home/airflow/.local/lib/python3.7/site-packages/airflow/example_dags/example_latest_only.py for tasks to queue
[2023-03-10T19:56:08.052+0000] {logging_mixin.py:137} INFO - [2023-03-10T19:56:08.052+0000] {dagbag.py:537} INFO - Filling up the DagBag from /home/airflow/.local/lib/python3.7/site-packages/airflow/example_dags/example_latest_only.py
[2023-03-10T19:56:08.062+0000] {processor.py:766} INFO - DAG(s) dict_keys(['latest_only']) retrieved from /home/airflow/.local/lib/python3.7/site-packages/airflow/example_dags/example_latest_only.py
[2023-03-10T19:56:08.090+0000] {logging_mixin.py:137} INFO - [2023-03-10T19:56:08.090+0000] {dag.py:2585} INFO - Sync 1 DAGs
[2023-03-10T19:56:08.107+0000] {logging_mixin.py:137} INFO - [2023-03-10T19:56:08.107+0000] {dag.py:3340} INFO - Setting next_dagrun for latest_only to 2023-03-10T15:56:08.106985+00:00, run_after=2023-03-10T19:56:08.106985+00:00
[2023-03-10T19:56:08.121+0000] {processor.py:176} INFO - Processing /home/airflow/.local/lib/python3.7/site-packages/airflow/example_dags/example_latest_only.py took 0.075 seconds
[2023-03-10T19:56:38.848+0000] {processor.py:154} INFO - Started process (PID=787) to work on /home/airflow/.local/lib/python3.7/site-packages/airflow/example_dags/example_latest_only.py
[2023-03-10T19:56:38.849+0000] {processor.py:756} INFO - Processing file /home/airflow/.local/lib/python3.7/site-packages/airflow/example_dags/example_latest_only.py for tasks to queue
[2023-03-10T19:56:38.851+0000] {logging_mixin.py:137} INFO - [2023-03-10T19:56:38.851+0000] {dagbag.py:537} INFO - Filling up the DagBag from /home/airflow/.local/lib/python3.7/site-packages/airflow/example_dags/example_latest_only.py
[2023-03-10T19:56:38.860+0000] {processor.py:766} INFO - DAG(s) dict_keys(['latest_only']) retrieved from /home/airflow/.local/lib/python3.7/site-packages/airflow/example_dags/example_latest_only.py
[2023-03-10T19:56:38.887+0000] {logging_mixin.py:137} INFO - [2023-03-10T19:56:38.887+0000] {dag.py:2585} INFO - Sync 1 DAGs
[2023-03-10T19:56:38.902+0000] {logging_mixin.py:137} INFO - [2023-03-10T19:56:38.902+0000] {dag.py:3340} INFO - Setting next_dagrun for latest_only to 2023-03-10T15:56:38.902720+00:00, run_after=2023-03-10T19:56:38.902720+00:00
[2023-03-10T19:56:38.916+0000] {processor.py:176} INFO - Processing /home/airflow/.local/lib/python3.7/site-packages/airflow/example_dags/example_latest_only.py took 0.071 seconds
[2023-03-10T19:57:09.452+0000] {processor.py:154} INFO - Started process (PID=850) to work on /home/airflow/.local/lib/python3.7/site-packages/airflow/example_dags/example_latest_only.py
[2023-03-10T19:57:09.454+0000] {processor.py:756} INFO - Processing file /home/airflow/.local/lib/python3.7/site-packages/airflow/example_dags/example_latest_only.py for tasks to queue
[2023-03-10T19:57:09.455+0000] {logging_mixin.py:137} INFO - [2023-03-10T19:57:09.454+0000] {dagbag.py:537} INFO - Filling up the DagBag from /home/airflow/.local/lib/python3.7/site-packages/airflow/example_dags/example_latest_only.py
[2023-03-10T19:57:09.464+0000] {processor.py:766} INFO - DAG(s) dict_keys(['latest_only']) retrieved from /home/airflow/.local/lib/python3.7/site-packages/airflow/example_dags/example_latest_only.py
[2023-03-10T19:57:09.491+0000] {logging_mixin.py:137} INFO - [2023-03-10T19:57:09.491+0000] {dag.py:2585} INFO - Sync 1 DAGs
[2023-03-10T19:57:09.506+0000] {logging_mixin.py:137} INFO - [2023-03-10T19:57:09.506+0000] {dag.py:3340} INFO - Setting next_dagrun for latest_only to 2023-03-10T15:57:09.506656+00:00, run_after=2023-03-10T19:57:09.506656+00:00
[2023-03-10T19:57:09.520+0000] {processor.py:176} INFO - Processing /home/airflow/.local/lib/python3.7/site-packages/airflow/example_dags/example_latest_only.py took 0.070 seconds
[2023-03-10T19:57:40.374+0000] {processor.py:154} INFO - Started process (PID=913) to work on /home/airflow/.local/lib/python3.7/site-packages/airflow/example_dags/example_latest_only.py
[2023-03-10T19:57:40.376+0000] {processor.py:756} INFO - Processing file /home/airflow/.local/lib/python3.7/site-packages/airflow/example_dags/example_latest_only.py for tasks to queue
[2023-03-10T19:57:40.377+0000] {logging_mixin.py:137} INFO - [2023-03-10T19:57:40.377+0000] {dagbag.py:537} INFO - Filling up the DagBag from /home/airflow/.local/lib/python3.7/site-packages/airflow/example_dags/example_latest_only.py
[2023-03-10T19:57:40.388+0000] {processor.py:766} INFO - DAG(s) dict_keys(['latest_only']) retrieved from /home/airflow/.local/lib/python3.7/site-packages/airflow/example_dags/example_latest_only.py
[2023-03-10T19:57:40.412+0000] {logging_mixin.py:137} INFO - [2023-03-10T19:57:40.412+0000] {dag.py:2585} INFO - Sync 1 DAGs
[2023-03-10T19:57:40.430+0000] {logging_mixin.py:137} INFO - [2023-03-10T19:57:40.430+0000] {dag.py:3340} INFO - Setting next_dagrun for latest_only to 2023-03-10T15:57:40.429862+00:00, run_after=2023-03-10T19:57:40.429862+00:00
[2023-03-10T19:57:40.445+0000] {processor.py:176} INFO - Processing /home/airflow/.local/lib/python3.7/site-packages/airflow/example_dags/example_latest_only.py took 0.073 seconds
[2023-03-10T19:58:11.491+0000] {processor.py:154} INFO - Started process (PID=968) to work on /home/airflow/.local/lib/python3.7/site-packages/airflow/example_dags/example_latest_only.py
[2023-03-10T19:58:11.493+0000] {processor.py:756} INFO - Processing file /home/airflow/.local/lib/python3.7/site-packages/airflow/example_dags/example_latest_only.py for tasks to queue
[2023-03-10T19:58:11.494+0000] {logging_mixin.py:137} INFO - [2023-03-10T19:58:11.494+0000] {dagbag.py:537} INFO - Filling up the DagBag from /home/airflow/.local/lib/python3.7/site-packages/airflow/example_dags/example_latest_only.py
[2023-03-10T19:58:11.503+0000] {processor.py:766} INFO - DAG(s) dict_keys(['latest_only']) retrieved from /home/airflow/.local/lib/python3.7/site-packages/airflow/example_dags/example_latest_only.py
[2023-03-10T19:58:11.531+0000] {logging_mixin.py:137} INFO - [2023-03-10T19:58:11.531+0000] {dag.py:2585} INFO - Sync 1 DAGs
[2023-03-10T19:58:11.546+0000] {logging_mixin.py:137} INFO - [2023-03-10T19:58:11.546+0000] {dag.py:3340} INFO - Setting next_dagrun for latest_only to 2023-03-10T15:58:11.546725+00:00, run_after=2023-03-10T19:58:11.546725+00:00
[2023-03-10T19:58:11.560+0000] {processor.py:176} INFO - Processing /home/airflow/.local/lib/python3.7/site-packages/airflow/example_dags/example_latest_only.py took 0.071 seconds
[2023-03-10T19:58:42.418+0000] {processor.py:154} INFO - Started process (PID=1032) to work on /home/airflow/.local/lib/python3.7/site-packages/airflow/example_dags/example_latest_only.py
[2023-03-10T19:58:42.420+0000] {processor.py:756} INFO - Processing file /home/airflow/.local/lib/python3.7/site-packages/airflow/example_dags/example_latest_only.py for tasks to queue
[2023-03-10T19:58:42.420+0000] {logging_mixin.py:137} INFO - [2023-03-10T19:58:42.420+0000] {dagbag.py:537} INFO - Filling up the DagBag from /home/airflow/.local/lib/python3.7/site-packages/airflow/example_dags/example_latest_only.py
[2023-03-10T19:58:42.430+0000] {processor.py:766} INFO - DAG(s) dict_keys(['latest_only']) retrieved from /home/airflow/.local/lib/python3.7/site-packages/airflow/example_dags/example_latest_only.py
[2023-03-10T19:58:42.455+0000] {logging_mixin.py:137} INFO - [2023-03-10T19:58:42.455+0000] {dag.py:2585} INFO - Sync 1 DAGs
[2023-03-10T19:58:42.470+0000] {logging_mixin.py:137} INFO - [2023-03-10T19:58:42.470+0000] {dag.py:3340} INFO - Setting next_dagrun for latest_only to 2023-03-10T15:58:42.470022+00:00, run_after=2023-03-10T19:58:42.470022+00:00
[2023-03-10T19:58:42.482+0000] {processor.py:176} INFO - Processing /home/airflow/.local/lib/python3.7/site-packages/airflow/example_dags/example_latest_only.py took 0.066 seconds
[2023-03-10T19:59:13.249+0000] {processor.py:154} INFO - Started process (PID=1096) to work on /home/airflow/.local/lib/python3.7/site-packages/airflow/example_dags/example_latest_only.py
[2023-03-10T19:59:13.251+0000] {processor.py:756} INFO - Processing file /home/airflow/.local/lib/python3.7/site-packages/airflow/example_dags/example_latest_only.py for tasks to queue
[2023-03-10T19:59:13.252+0000] {logging_mixin.py:137} INFO - [2023-03-10T19:59:13.252+0000] {dagbag.py:537} INFO - Filling up the DagBag from /home/airflow/.local/lib/python3.7/site-packages/airflow/example_dags/example_latest_only.py
[2023-03-10T19:59:13.261+0000] {processor.py:766} INFO - DAG(s) dict_keys(['latest_only']) retrieved from /home/airflow/.local/lib/python3.7/site-packages/airflow/example_dags/example_latest_only.py
[2023-03-10T19:59:13.286+0000] {logging_mixin.py:137} INFO - [2023-03-10T19:59:13.286+0000] {dag.py:2585} INFO - Sync 1 DAGs
[2023-03-10T19:59:13.301+0000] {logging_mixin.py:137} INFO - [2023-03-10T19:59:13.301+0000] {dag.py:3340} INFO - Setting next_dagrun for latest_only to 2023-03-10T15:59:13.301561+00:00, run_after=2023-03-10T19:59:13.301561+00:00
[2023-03-10T19:59:13.314+0000] {processor.py:176} INFO - Processing /home/airflow/.local/lib/python3.7/site-packages/airflow/example_dags/example_latest_only.py took 0.067 seconds
[2023-03-10T19:59:43.698+0000] {processor.py:154} INFO - Started process (PID=1159) to work on /home/airflow/.local/lib/python3.7/site-packages/airflow/example_dags/example_latest_only.py
[2023-03-10T19:59:43.701+0000] {processor.py:756} INFO - Processing file /home/airflow/.local/lib/python3.7/site-packages/airflow/example_dags/example_latest_only.py for tasks to queue
[2023-03-10T19:59:43.702+0000] {logging_mixin.py:137} INFO - [2023-03-10T19:59:43.702+0000] {dagbag.py:537} INFO - Filling up the DagBag from /home/airflow/.local/lib/python3.7/site-packages/airflow/example_dags/example_latest_only.py
[2023-03-10T19:59:43.715+0000] {processor.py:766} INFO - DAG(s) dict_keys(['latest_only']) retrieved from /home/airflow/.local/lib/python3.7/site-packages/airflow/example_dags/example_latest_only.py
[2023-03-10T19:59:43.745+0000] {logging_mixin.py:137} INFO - [2023-03-10T19:59:43.745+0000] {dag.py:2585} INFO - Sync 1 DAGs
[2023-03-10T19:59:43.762+0000] {logging_mixin.py:137} INFO - [2023-03-10T19:59:43.762+0000] {dag.py:3340} INFO - Setting next_dagrun for latest_only to 2023-03-10T15:59:43.762477+00:00, run_after=2023-03-10T19:59:43.762477+00:00
[2023-03-10T19:59:43.776+0000] {processor.py:176} INFO - Processing /home/airflow/.local/lib/python3.7/site-packages/airflow/example_dags/example_latest_only.py took 0.081 seconds
[2023-03-10T20:00:14.684+0000] {processor.py:154} INFO - Started process (PID=1224) to work on /home/airflow/.local/lib/python3.7/site-packages/airflow/example_dags/example_latest_only.py
[2023-03-10T20:00:14.686+0000] {processor.py:756} INFO - Processing file /home/airflow/.local/lib/python3.7/site-packages/airflow/example_dags/example_latest_only.py for tasks to queue
[2023-03-10T20:00:14.688+0000] {logging_mixin.py:137} INFO - [2023-03-10T20:00:14.687+0000] {dagbag.py:537} INFO - Filling up the DagBag from /home/airflow/.local/lib/python3.7/site-packages/airflow/example_dags/example_latest_only.py
[2023-03-10T20:00:14.698+0000] {processor.py:766} INFO - DAG(s) dict_keys(['latest_only']) retrieved from /home/airflow/.local/lib/python3.7/site-packages/airflow/example_dags/example_latest_only.py
[2023-03-10T20:00:14.727+0000] {logging_mixin.py:137} INFO - [2023-03-10T20:00:14.726+0000] {dag.py:2585} INFO - Sync 1 DAGs
[2023-03-10T20:00:14.743+0000] {logging_mixin.py:137} INFO - [2023-03-10T20:00:14.743+0000] {dag.py:3340} INFO - Setting next_dagrun for latest_only to 2023-03-10T16:00:14.742973+00:00, run_after=2023-03-10T20:00:14.742973+00:00
[2023-03-10T20:00:14.757+0000] {processor.py:176} INFO - Processing /home/airflow/.local/lib/python3.7/site-packages/airflow/example_dags/example_latest_only.py took 0.075 seconds
[2023-03-10T20:00:45.803+0000] {processor.py:154} INFO - Started process (PID=1288) to work on /home/airflow/.local/lib/python3.7/site-packages/airflow/example_dags/example_latest_only.py
[2023-03-10T20:00:45.807+0000] {processor.py:756} INFO - Processing file /home/airflow/.local/lib/python3.7/site-packages/airflow/example_dags/example_latest_only.py for tasks to queue
[2023-03-10T20:00:45.809+0000] {logging_mixin.py:137} INFO - [2023-03-10T20:00:45.809+0000] {dagbag.py:537} INFO - Filling up the DagBag from /home/airflow/.local/lib/python3.7/site-packages/airflow/example_dags/example_latest_only.py
[2023-03-10T20:00:45.820+0000] {processor.py:766} INFO - DAG(s) dict_keys(['latest_only']) retrieved from /home/airflow/.local/lib/python3.7/site-packages/airflow/example_dags/example_latest_only.py
[2023-03-10T20:00:45.850+0000] {logging_mixin.py:137} INFO - [2023-03-10T20:00:45.850+0000] {dag.py:2585} INFO - Sync 1 DAGs
[2023-03-10T20:00:45.870+0000] {logging_mixin.py:137} INFO - [2023-03-10T20:00:45.870+0000] {dag.py:3340} INFO - Setting next_dagrun for latest_only to 2023-03-10T16:00:45.870104+00:00, run_after=2023-03-10T20:00:45.870104+00:00
[2023-03-10T20:00:45.886+0000] {processor.py:176} INFO - Processing /home/airflow/.local/lib/python3.7/site-packages/airflow/example_dags/example_latest_only.py took 0.086 seconds
[2023-03-10T20:01:16.473+0000] {processor.py:154} INFO - Started process (PID=1343) to work on /home/airflow/.local/lib/python3.7/site-packages/airflow/example_dags/example_latest_only.py
[2023-03-10T20:01:16.475+0000] {processor.py:756} INFO - Processing file /home/airflow/.local/lib/python3.7/site-packages/airflow/example_dags/example_latest_only.py for tasks to queue
[2023-03-10T20:01:16.477+0000] {logging_mixin.py:137} INFO - [2023-03-10T20:01:16.477+0000] {dagbag.py:537} INFO - Filling up the DagBag from /home/airflow/.local/lib/python3.7/site-packages/airflow/example_dags/example_latest_only.py
[2023-03-10T20:01:16.488+0000] {processor.py:766} INFO - DAG(s) dict_keys(['latest_only']) retrieved from /home/airflow/.local/lib/python3.7/site-packages/airflow/example_dags/example_latest_only.py
[2023-03-10T20:01:16.518+0000] {logging_mixin.py:137} INFO - [2023-03-10T20:01:16.518+0000] {dag.py:2585} INFO - Sync 1 DAGs
[2023-03-10T20:01:16.536+0000] {logging_mixin.py:137} INFO - [2023-03-10T20:01:16.536+0000] {dag.py:3340} INFO - Setting next_dagrun for latest_only to 2023-03-10T16:01:16.536645+00:00, run_after=2023-03-10T20:01:16.536645+00:00
[2023-03-10T20:01:16.552+0000] {processor.py:176} INFO - Processing /home/airflow/.local/lib/python3.7/site-packages/airflow/example_dags/example_latest_only.py took 0.082 seconds
[2023-03-10T20:01:47.147+0000] {processor.py:154} INFO - Started process (PID=1408) to work on /home/airflow/.local/lib/python3.7/site-packages/airflow/example_dags/example_latest_only.py
[2023-03-10T20:01:47.149+0000] {processor.py:756} INFO - Processing file /home/airflow/.local/lib/python3.7/site-packages/airflow/example_dags/example_latest_only.py for tasks to queue
[2023-03-10T20:01:47.150+0000] {logging_mixin.py:137} INFO - [2023-03-10T20:01:47.150+0000] {dagbag.py:537} INFO - Filling up the DagBag from /home/airflow/.local/lib/python3.7/site-packages/airflow/example_dags/example_latest_only.py
[2023-03-10T20:01:47.162+0000] {processor.py:766} INFO - DAG(s) dict_keys(['latest_only']) retrieved from /home/airflow/.local/lib/python3.7/site-packages/airflow/example_dags/example_latest_only.py
[2023-03-10T20:01:47.194+0000] {logging_mixin.py:137} INFO - [2023-03-10T20:01:47.194+0000] {dag.py:2585} INFO - Sync 1 DAGs
[2023-03-10T20:01:47.212+0000] {logging_mixin.py:137} INFO - [2023-03-10T20:01:47.212+0000] {dag.py:3340} INFO - Setting next_dagrun for latest_only to 2023-03-10T16:01:47.212602+00:00, run_after=2023-03-10T20:01:47.212602+00:00
[2023-03-10T20:01:47.228+0000] {processor.py:176} INFO - Processing /home/airflow/.local/lib/python3.7/site-packages/airflow/example_dags/example_latest_only.py took 0.084 seconds
[2023-03-10T20:02:17.975+0000] {processor.py:154} INFO - Started process (PID=1473) to work on /home/airflow/.local/lib/python3.7/site-packages/airflow/example_dags/example_latest_only.py
[2023-03-10T20:02:17.977+0000] {processor.py:756} INFO - Processing file /home/airflow/.local/lib/python3.7/site-packages/airflow/example_dags/example_latest_only.py for tasks to queue
[2023-03-10T20:02:17.978+0000] {logging_mixin.py:137} INFO - [2023-03-10T20:02:17.978+0000] {dagbag.py:537} INFO - Filling up the DagBag from /home/airflow/.local/lib/python3.7/site-packages/airflow/example_dags/example_latest_only.py
[2023-03-10T20:02:17.987+0000] {processor.py:766} INFO - DAG(s) dict_keys(['latest_only']) retrieved from /home/airflow/.local/lib/python3.7/site-packages/airflow/example_dags/example_latest_only.py
[2023-03-10T20:02:18.014+0000] {logging_mixin.py:137} INFO - [2023-03-10T20:02:18.013+0000] {dag.py:2585} INFO - Sync 1 DAGs
[2023-03-10T20:02:18.039+0000] {logging_mixin.py:137} INFO - [2023-03-10T20:02:18.039+0000] {dag.py:3340} INFO - Setting next_dagrun for latest_only to 2023-03-10T16:02:18.039428+00:00, run_after=2023-03-10T20:02:18.039428+00:00
[2023-03-10T20:02:18.061+0000] {processor.py:176} INFO - Processing /home/airflow/.local/lib/python3.7/site-packages/airflow/example_dags/example_latest_only.py took 0.089 seconds
[2023-03-10T20:02:48.786+0000] {processor.py:154} INFO - Started process (PID=1536) to work on /home/airflow/.local/lib/python3.7/site-packages/airflow/example_dags/example_latest_only.py
[2023-03-10T20:02:48.787+0000] {processor.py:756} INFO - Processing file /home/airflow/.local/lib/python3.7/site-packages/airflow/example_dags/example_latest_only.py for tasks to queue
[2023-03-10T20:02:48.788+0000] {logging_mixin.py:137} INFO - [2023-03-10T20:02:48.788+0000] {dagbag.py:537} INFO - Filling up the DagBag from /home/airflow/.local/lib/python3.7/site-packages/airflow/example_dags/example_latest_only.py
[2023-03-10T20:02:48.798+0000] {processor.py:766} INFO - DAG(s) dict_keys(['latest_only']) retrieved from /home/airflow/.local/lib/python3.7/site-packages/airflow/example_dags/example_latest_only.py
[2023-03-10T20:02:48.825+0000] {logging_mixin.py:137} INFO - [2023-03-10T20:02:48.825+0000] {dag.py:2585} INFO - Sync 1 DAGs
[2023-03-10T20:02:48.841+0000] {logging_mixin.py:137} INFO - [2023-03-10T20:02:48.841+0000] {dag.py:3340} INFO - Setting next_dagrun for latest_only to 2023-03-10T16:02:48.841495+00:00, run_after=2023-03-10T20:02:48.841495+00:00
[2023-03-10T20:02:48.854+0000] {processor.py:176} INFO - Processing /home/airflow/.local/lib/python3.7/site-packages/airflow/example_dags/example_latest_only.py took 0.071 seconds
[2023-03-10T20:03:19.410+0000] {processor.py:154} INFO - Started process (PID=1598) to work on /home/airflow/.local/lib/python3.7/site-packages/airflow/example_dags/example_latest_only.py
[2023-03-10T20:03:19.412+0000] {processor.py:756} INFO - Processing file /home/airflow/.local/lib/python3.7/site-packages/airflow/example_dags/example_latest_only.py for tasks to queue
[2023-03-10T20:03:19.413+0000] {logging_mixin.py:137} INFO - [2023-03-10T20:03:19.413+0000] {dagbag.py:537} INFO - Filling up the DagBag from /home/airflow/.local/lib/python3.7/site-packages/airflow/example_dags/example_latest_only.py
[2023-03-10T20:03:19.430+0000] {processor.py:766} INFO - DAG(s) dict_keys(['latest_only']) retrieved from /home/airflow/.local/lib/python3.7/site-packages/airflow/example_dags/example_latest_only.py
[2023-03-10T20:03:19.457+0000] {logging_mixin.py:137} INFO - [2023-03-10T20:03:19.457+0000] {dag.py:2585} INFO - Sync 1 DAGs
[2023-03-10T20:03:19.493+0000] {logging_mixin.py:137} INFO - [2023-03-10T20:03:19.493+0000] {dag.py:3340} INFO - Setting next_dagrun for latest_only to 2023-03-10T16:03:19.492871+00:00, run_after=2023-03-10T20:03:19.492871+00:00
[2023-03-10T20:03:19.530+0000] {processor.py:176} INFO - Processing /home/airflow/.local/lib/python3.7/site-packages/airflow/example_dags/example_latest_only.py took 0.123 seconds
[2023-03-10T20:03:50.345+0000] {processor.py:154} INFO - Started process (PID=1662) to work on /home/airflow/.local/lib/python3.7/site-packages/airflow/example_dags/example_latest_only.py
[2023-03-10T20:03:50.347+0000] {processor.py:756} INFO - Processing file /home/airflow/.local/lib/python3.7/site-packages/airflow/example_dags/example_latest_only.py for tasks to queue
[2023-03-10T20:03:50.348+0000] {logging_mixin.py:137} INFO - [2023-03-10T20:03:50.348+0000] {dagbag.py:537} INFO - Filling up the DagBag from /home/airflow/.local/lib/python3.7/site-packages/airflow/example_dags/example_latest_only.py
[2023-03-10T20:03:50.360+0000] {processor.py:766} INFO - DAG(s) dict_keys(['latest_only']) retrieved from /home/airflow/.local/lib/python3.7/site-packages/airflow/example_dags/example_latest_only.py
[2023-03-10T20:03:50.385+0000] {logging_mixin.py:137} INFO - [2023-03-10T20:03:50.385+0000] {dag.py:2585} INFO - Sync 1 DAGs
[2023-03-10T20:03:50.401+0000] {logging_mixin.py:137} INFO - [2023-03-10T20:03:50.400+0000] {dag.py:3340} INFO - Setting next_dagrun for latest_only to 2023-03-10T16:03:50.400822+00:00, run_after=2023-03-10T20:03:50.400822+00:00
[2023-03-10T20:03:50.413+0000] {processor.py:176} INFO - Processing /home/airflow/.local/lib/python3.7/site-packages/airflow/example_dags/example_latest_only.py took 0.070 seconds
[2023-03-10T20:04:21.027+0000] {processor.py:154} INFO - Started process (PID=1716) to work on /home/airflow/.local/lib/python3.7/site-packages/airflow/example_dags/example_latest_only.py
[2023-03-10T20:04:21.033+0000] {processor.py:756} INFO - Processing file /home/airflow/.local/lib/python3.7/site-packages/airflow/example_dags/example_latest_only.py for tasks to queue
[2023-03-10T20:04:21.034+0000] {logging_mixin.py:137} INFO - [2023-03-10T20:04:21.034+0000] {dagbag.py:537} INFO - Filling up the DagBag from /home/airflow/.local/lib/python3.7/site-packages/airflow/example_dags/example_latest_only.py
[2023-03-10T20:04:21.046+0000] {processor.py:766} INFO - DAG(s) dict_keys(['latest_only']) retrieved from /home/airflow/.local/lib/python3.7/site-packages/airflow/example_dags/example_latest_only.py
[2023-03-10T20:04:21.078+0000] {logging_mixin.py:137} INFO - [2023-03-10T20:04:21.078+0000] {dag.py:2585} INFO - Sync 1 DAGs
[2023-03-10T20:04:21.095+0000] {logging_mixin.py:137} INFO - [2023-03-10T20:04:21.095+0000] {dag.py:3340} INFO - Setting next_dagrun for latest_only to 2023-03-10T16:04:21.095666+00:00, run_after=2023-03-10T20:04:21.095666+00:00
[2023-03-10T20:04:21.110+0000] {processor.py:176} INFO - Processing /home/airflow/.local/lib/python3.7/site-packages/airflow/example_dags/example_latest_only.py took 0.086 seconds
[2023-03-10T20:04:51.785+0000] {processor.py:154} INFO - Started process (PID=1780) to work on /home/airflow/.local/lib/python3.7/site-packages/airflow/example_dags/example_latest_only.py
[2023-03-10T20:04:51.790+0000] {processor.py:756} INFO - Processing file /home/airflow/.local/lib/python3.7/site-packages/airflow/example_dags/example_latest_only.py for tasks to queue
[2023-03-10T20:04:51.795+0000] {logging_mixin.py:137} INFO - [2023-03-10T20:04:51.794+0000] {dagbag.py:537} INFO - Filling up the DagBag from /home/airflow/.local/lib/python3.7/site-packages/airflow/example_dags/example_latest_only.py
[2023-03-10T20:04:51.806+0000] {processor.py:766} INFO - DAG(s) dict_keys(['latest_only']) retrieved from /home/airflow/.local/lib/python3.7/site-packages/airflow/example_dags/example_latest_only.py
[2023-03-10T20:04:51.830+0000] {logging_mixin.py:137} INFO - [2023-03-10T20:04:51.830+0000] {dag.py:2585} INFO - Sync 1 DAGs
[2023-03-10T20:04:51.845+0000] {logging_mixin.py:137} INFO - [2023-03-10T20:04:51.845+0000] {dag.py:3340} INFO - Setting next_dagrun for latest_only to 2023-03-10T16:04:51.845258+00:00, run_after=2023-03-10T20:04:51.845258+00:00
[2023-03-10T20:04:51.858+0000] {processor.py:176} INFO - Processing /home/airflow/.local/lib/python3.7/site-packages/airflow/example_dags/example_latest_only.py took 0.076 seconds
[2023-03-10T20:05:22.523+0000] {processor.py:154} INFO - Started process (PID=1844) to work on /home/airflow/.local/lib/python3.7/site-packages/airflow/example_dags/example_latest_only.py
[2023-03-10T20:05:22.524+0000] {processor.py:756} INFO - Processing file /home/airflow/.local/lib/python3.7/site-packages/airflow/example_dags/example_latest_only.py for tasks to queue
[2023-03-10T20:05:22.525+0000] {logging_mixin.py:137} INFO - [2023-03-10T20:05:22.525+0000] {dagbag.py:537} INFO - Filling up the DagBag from /home/airflow/.local/lib/python3.7/site-packages/airflow/example_dags/example_latest_only.py
[2023-03-10T20:05:22.534+0000] {processor.py:766} INFO - DAG(s) dict_keys(['latest_only']) retrieved from /home/airflow/.local/lib/python3.7/site-packages/airflow/example_dags/example_latest_only.py
[2023-03-10T20:05:22.559+0000] {logging_mixin.py:137} INFO - [2023-03-10T20:05:22.559+0000] {dag.py:2585} INFO - Sync 1 DAGs
[2023-03-10T20:05:22.573+0000] {logging_mixin.py:137} INFO - [2023-03-10T20:05:22.573+0000] {dag.py:3340} INFO - Setting next_dagrun for latest_only to 2023-03-10T16:05:22.573443+00:00, run_after=2023-03-10T20:05:22.573443+00:00
[2023-03-10T20:05:22.590+0000] {processor.py:176} INFO - Processing /home/airflow/.local/lib/python3.7/site-packages/airflow/example_dags/example_latest_only.py took 0.070 seconds
[2023-03-10T20:05:53.549+0000] {processor.py:154} INFO - Started process (PID=1908) to work on /home/airflow/.local/lib/python3.7/site-packages/airflow/example_dags/example_latest_only.py
[2023-03-10T20:05:53.551+0000] {processor.py:756} INFO - Processing file /home/airflow/.local/lib/python3.7/site-packages/airflow/example_dags/example_latest_only.py for tasks to queue
[2023-03-10T20:05:53.552+0000] {logging_mixin.py:137} INFO - [2023-03-10T20:05:53.552+0000] {dagbag.py:537} INFO - Filling up the DagBag from /home/airflow/.local/lib/python3.7/site-packages/airflow/example_dags/example_latest_only.py
[2023-03-10T20:05:53.561+0000] {processor.py:766} INFO - DAG(s) dict_keys(['latest_only']) retrieved from /home/airflow/.local/lib/python3.7/site-packages/airflow/example_dags/example_latest_only.py
[2023-03-10T20:05:53.588+0000] {logging_mixin.py:137} INFO - [2023-03-10T20:05:53.588+0000] {dag.py:2585} INFO - Sync 1 DAGs
[2023-03-10T20:05:53.606+0000] {logging_mixin.py:137} INFO - [2023-03-10T20:05:53.606+0000] {dag.py:3340} INFO - Setting next_dagrun for latest_only to 2023-03-10T16:05:53.605928+00:00, run_after=2023-03-10T20:05:53.605928+00:00
[2023-03-10T20:05:53.618+0000] {processor.py:176} INFO - Processing /home/airflow/.local/lib/python3.7/site-packages/airflow/example_dags/example_latest_only.py took 0.072 seconds
[2023-03-10T20:06:24.138+0000] {processor.py:154} INFO - Started process (PID=1972) to work on /home/airflow/.local/lib/python3.7/site-packages/airflow/example_dags/example_latest_only.py
[2023-03-10T20:06:24.140+0000] {processor.py:756} INFO - Processing file /home/airflow/.local/lib/python3.7/site-packages/airflow/example_dags/example_latest_only.py for tasks to queue
[2023-03-10T20:06:24.141+0000] {logging_mixin.py:137} INFO - [2023-03-10T20:06:24.141+0000] {dagbag.py:537} INFO - Filling up the DagBag from /home/airflow/.local/lib/python3.7/site-packages/airflow/example_dags/example_latest_only.py
[2023-03-10T20:06:24.150+0000] {processor.py:766} INFO - DAG(s) dict_keys(['latest_only']) retrieved from /home/airflow/.local/lib/python3.7/site-packages/airflow/example_dags/example_latest_only.py
[2023-03-10T20:06:24.177+0000] {logging_mixin.py:137} INFO - [2023-03-10T20:06:24.177+0000] {dag.py:2585} INFO - Sync 1 DAGs
[2023-03-10T20:06:24.196+0000] {logging_mixin.py:137} INFO - [2023-03-10T20:06:24.195+0000] {dag.py:3340} INFO - Setting next_dagrun for latest_only to 2023-03-10T16:06:24.195786+00:00, run_after=2023-03-10T20:06:24.195786+00:00
[2023-03-10T20:06:24.210+0000] {processor.py:176} INFO - Processing /home/airflow/.local/lib/python3.7/site-packages/airflow/example_dags/example_latest_only.py took 0.074 seconds
[2023-03-10T20:06:54.575+0000] {processor.py:154} INFO - Started process (PID=2036) to work on /home/airflow/.local/lib/python3.7/site-packages/airflow/example_dags/example_latest_only.py
[2023-03-10T20:06:54.576+0000] {processor.py:756} INFO - Processing file /home/airflow/.local/lib/python3.7/site-packages/airflow/example_dags/example_latest_only.py for tasks to queue
[2023-03-10T20:06:54.577+0000] {logging_mixin.py:137} INFO - [2023-03-10T20:06:54.577+0000] {dagbag.py:537} INFO - Filling up the DagBag from /home/airflow/.local/lib/python3.7/site-packages/airflow/example_dags/example_latest_only.py
[2023-03-10T20:06:54.588+0000] {processor.py:766} INFO - DAG(s) dict_keys(['latest_only']) retrieved from /home/airflow/.local/lib/python3.7/site-packages/airflow/example_dags/example_latest_only.py
[2023-03-10T20:06:54.614+0000] {logging_mixin.py:137} INFO - [2023-03-10T20:06:54.614+0000] {dag.py:2585} INFO - Sync 1 DAGs
[2023-03-10T20:06:54.629+0000] {logging_mixin.py:137} INFO - [2023-03-10T20:06:54.629+0000] {dag.py:3340} INFO - Setting next_dagrun for latest_only to 2023-03-10T16:06:54.629685+00:00, run_after=2023-03-10T20:06:54.629685+00:00
[2023-03-10T20:06:54.642+0000] {processor.py:176} INFO - Processing /home/airflow/.local/lib/python3.7/site-packages/airflow/example_dags/example_latest_only.py took 0.070 seconds
[2023-03-10T20:07:25.472+0000] {processor.py:154} INFO - Started process (PID=2090) to work on /home/airflow/.local/lib/python3.7/site-packages/airflow/example_dags/example_latest_only.py
[2023-03-10T20:07:25.473+0000] {processor.py:756} INFO - Processing file /home/airflow/.local/lib/python3.7/site-packages/airflow/example_dags/example_latest_only.py for tasks to queue
[2023-03-10T20:07:25.474+0000] {logging_mixin.py:137} INFO - [2023-03-10T20:07:25.474+0000] {dagbag.py:537} INFO - Filling up the DagBag from /home/airflow/.local/lib/python3.7/site-packages/airflow/example_dags/example_latest_only.py
[2023-03-10T20:07:25.484+0000] {processor.py:766} INFO - DAG(s) dict_keys(['latest_only']) retrieved from /home/airflow/.local/lib/python3.7/site-packages/airflow/example_dags/example_latest_only.py
[2023-03-10T20:07:25.509+0000] {logging_mixin.py:137} INFO - [2023-03-10T20:07:25.509+0000] {dag.py:2585} INFO - Sync 1 DAGs
[2023-03-10T20:07:25.525+0000] {logging_mixin.py:137} INFO - [2023-03-10T20:07:25.525+0000] {dag.py:3340} INFO - Setting next_dagrun for latest_only to 2023-03-10T16:07:25.525498+00:00, run_after=2023-03-10T20:07:25.525498+00:00
[2023-03-10T20:07:25.538+0000] {processor.py:176} INFO - Processing /home/airflow/.local/lib/python3.7/site-packages/airflow/example_dags/example_latest_only.py took 0.069 seconds
[2023-03-10T20:07:56.056+0000] {processor.py:154} INFO - Started process (PID=2154) to work on /home/airflow/.local/lib/python3.7/site-packages/airflow/example_dags/example_latest_only.py
[2023-03-10T20:07:56.058+0000] {processor.py:756} INFO - Processing file /home/airflow/.local/lib/python3.7/site-packages/airflow/example_dags/example_latest_only.py for tasks to queue
[2023-03-10T20:07:56.059+0000] {logging_mixin.py:137} INFO - [2023-03-10T20:07:56.059+0000] {dagbag.py:537} INFO - Filling up the DagBag from /home/airflow/.local/lib/python3.7/site-packages/airflow/example_dags/example_latest_only.py
[2023-03-10T20:07:56.069+0000] {processor.py:766} INFO - DAG(s) dict_keys(['latest_only']) retrieved from /home/airflow/.local/lib/python3.7/site-packages/airflow/example_dags/example_latest_only.py
[2023-03-10T20:07:56.095+0000] {logging_mixin.py:137} INFO - [2023-03-10T20:07:56.095+0000] {dag.py:2585} INFO - Sync 1 DAGs
[2023-03-10T20:07:56.111+0000] {logging_mixin.py:137} INFO - [2023-03-10T20:07:56.111+0000] {dag.py:3340} INFO - Setting next_dagrun for latest_only to 2023-03-10T16:07:56.111218+00:00, run_after=2023-03-10T20:07:56.111218+00:00
[2023-03-10T20:07:56.123+0000] {processor.py:176} INFO - Processing /home/airflow/.local/lib/python3.7/site-packages/airflow/example_dags/example_latest_only.py took 0.069 seconds
[2023-03-10T20:08:26.740+0000] {processor.py:154} INFO - Started process (PID=2217) to work on /home/airflow/.local/lib/python3.7/site-packages/airflow/example_dags/example_latest_only.py
[2023-03-10T20:08:26.742+0000] {processor.py:756} INFO - Processing file /home/airflow/.local/lib/python3.7/site-packages/airflow/example_dags/example_latest_only.py for tasks to queue
[2023-03-10T20:08:26.744+0000] {logging_mixin.py:137} INFO - [2023-03-10T20:08:26.744+0000] {dagbag.py:537} INFO - Filling up the DagBag from /home/airflow/.local/lib/python3.7/site-packages/airflow/example_dags/example_latest_only.py
[2023-03-10T20:08:26.754+0000] {processor.py:766} INFO - DAG(s) dict_keys(['latest_only']) retrieved from /home/airflow/.local/lib/python3.7/site-packages/airflow/example_dags/example_latest_only.py
[2023-03-10T20:08:26.784+0000] {logging_mixin.py:137} INFO - [2023-03-10T20:08:26.784+0000] {dag.py:2585} INFO - Sync 1 DAGs
[2023-03-10T20:08:26.803+0000] {logging_mixin.py:137} INFO - [2023-03-10T20:08:26.803+0000] {dag.py:3340} INFO - Setting next_dagrun for latest_only to 2023-03-10T16:08:26.802885+00:00, run_after=2023-03-10T20:08:26.802885+00:00
[2023-03-10T20:08:26.818+0000] {processor.py:176} INFO - Processing /home/airflow/.local/lib/python3.7/site-packages/airflow/example_dags/example_latest_only.py took 0.081 seconds
[2023-03-10T20:08:57.277+0000] {processor.py:154} INFO - Started process (PID=2282) to work on /home/airflow/.local/lib/python3.7/site-packages/airflow/example_dags/example_latest_only.py
[2023-03-10T20:08:57.278+0000] {processor.py:756} INFO - Processing file /home/airflow/.local/lib/python3.7/site-packages/airflow/example_dags/example_latest_only.py for tasks to queue
[2023-03-10T20:08:57.279+0000] {logging_mixin.py:137} INFO - [2023-03-10T20:08:57.279+0000] {dagbag.py:537} INFO - Filling up the DagBag from /home/airflow/.local/lib/python3.7/site-packages/airflow/example_dags/example_latest_only.py
[2023-03-10T20:08:57.288+0000] {processor.py:766} INFO - DAG(s) dict_keys(['latest_only']) retrieved from /home/airflow/.local/lib/python3.7/site-packages/airflow/example_dags/example_latest_only.py
[2023-03-10T20:08:57.313+0000] {logging_mixin.py:137} INFO - [2023-03-10T20:08:57.313+0000] {dag.py:2585} INFO - Sync 1 DAGs
[2023-03-10T20:08:57.330+0000] {logging_mixin.py:137} INFO - [2023-03-10T20:08:57.330+0000] {dag.py:3340} INFO - Setting next_dagrun for latest_only to 2023-03-10T16:08:57.330714+00:00, run_after=2023-03-10T20:08:57.330714+00:00
[2023-03-10T20:08:57.344+0000] {processor.py:176} INFO - Processing /home/airflow/.local/lib/python3.7/site-packages/airflow/example_dags/example_latest_only.py took 0.069 seconds
[2023-03-10T20:09:28.248+0000] {processor.py:154} INFO - Started process (PID=2345) to work on /home/airflow/.local/lib/python3.7/site-packages/airflow/example_dags/example_latest_only.py
[2023-03-10T20:09:28.249+0000] {processor.py:756} INFO - Processing file /home/airflow/.local/lib/python3.7/site-packages/airflow/example_dags/example_latest_only.py for tasks to queue
[2023-03-10T20:09:28.250+0000] {logging_mixin.py:137} INFO - [2023-03-10T20:09:28.250+0000] {dagbag.py:537} INFO - Filling up the DagBag from /home/airflow/.local/lib/python3.7/site-packages/airflow/example_dags/example_latest_only.py
[2023-03-10T20:09:28.260+0000] {processor.py:766} INFO - DAG(s) dict_keys(['latest_only']) retrieved from /home/airflow/.local/lib/python3.7/site-packages/airflow/example_dags/example_latest_only.py
[2023-03-10T20:09:28.285+0000] {logging_mixin.py:137} INFO - [2023-03-10T20:09:28.285+0000] {dag.py:2585} INFO - Sync 1 DAGs
[2023-03-10T20:09:28.301+0000] {logging_mixin.py:137} INFO - [2023-03-10T20:09:28.301+0000] {dag.py:3340} INFO - Setting next_dagrun for latest_only to 2023-03-10T16:09:28.301345+00:00, run_after=2023-03-10T20:09:28.301345+00:00
[2023-03-10T20:09:28.315+0000] {processor.py:176} INFO - Processing /home/airflow/.local/lib/python3.7/site-packages/airflow/example_dags/example_latest_only.py took 0.070 seconds
[2023-03-10T20:09:58.856+0000] {processor.py:154} INFO - Started process (PID=2400) to work on /home/airflow/.local/lib/python3.7/site-packages/airflow/example_dags/example_latest_only.py
[2023-03-10T20:09:58.857+0000] {processor.py:756} INFO - Processing file /home/airflow/.local/lib/python3.7/site-packages/airflow/example_dags/example_latest_only.py for tasks to queue
[2023-03-10T20:09:58.859+0000] {logging_mixin.py:137} INFO - [2023-03-10T20:09:58.859+0000] {dagbag.py:537} INFO - Filling up the DagBag from /home/airflow/.local/lib/python3.7/site-packages/airflow/example_dags/example_latest_only.py
[2023-03-10T20:09:58.868+0000] {processor.py:766} INFO - DAG(s) dict_keys(['latest_only']) retrieved from /home/airflow/.local/lib/python3.7/site-packages/airflow/example_dags/example_latest_only.py
[2023-03-10T20:09:58.893+0000] {logging_mixin.py:137} INFO - [2023-03-10T20:09:58.893+0000] {dag.py:2585} INFO - Sync 1 DAGs
[2023-03-10T20:09:58.909+0000] {logging_mixin.py:137} INFO - [2023-03-10T20:09:58.909+0000] {dag.py:3340} INFO - Setting next_dagrun for latest_only to 2023-03-10T16:09:58.909051+00:00, run_after=2023-03-10T20:09:58.909051+00:00
[2023-03-10T20:09:58.921+0000] {processor.py:176} INFO - Processing /home/airflow/.local/lib/python3.7/site-packages/airflow/example_dags/example_latest_only.py took 0.069 seconds
[2023-03-10T20:10:29.715+0000] {processor.py:154} INFO - Started process (PID=2465) to work on /home/airflow/.local/lib/python3.7/site-packages/airflow/example_dags/example_latest_only.py
[2023-03-10T20:10:29.716+0000] {processor.py:756} INFO - Processing file /home/airflow/.local/lib/python3.7/site-packages/airflow/example_dags/example_latest_only.py for tasks to queue
[2023-03-10T20:10:29.718+0000] {logging_mixin.py:137} INFO - [2023-03-10T20:10:29.718+0000] {dagbag.py:537} INFO - Filling up the DagBag from /home/airflow/.local/lib/python3.7/site-packages/airflow/example_dags/example_latest_only.py
[2023-03-10T20:10:29.727+0000] {processor.py:766} INFO - DAG(s) dict_keys(['latest_only']) retrieved from /home/airflow/.local/lib/python3.7/site-packages/airflow/example_dags/example_latest_only.py
[2023-03-10T20:10:29.753+0000] {logging_mixin.py:137} INFO - [2023-03-10T20:10:29.752+0000] {dag.py:2585} INFO - Sync 1 DAGs
[2023-03-10T20:10:29.768+0000] {logging_mixin.py:137} INFO - [2023-03-10T20:10:29.768+0000] {dag.py:3340} INFO - Setting next_dagrun for latest_only to 2023-03-10T16:10:29.767975+00:00, run_after=2023-03-10T20:10:29.767975+00:00
[2023-03-10T20:10:29.780+0000] {processor.py:176} INFO - Processing /home/airflow/.local/lib/python3.7/site-packages/airflow/example_dags/example_latest_only.py took 0.067 seconds
[2023-03-10T20:11:00.305+0000] {processor.py:154} INFO - Started process (PID=2529) to work on /home/airflow/.local/lib/python3.7/site-packages/airflow/example_dags/example_latest_only.py
[2023-03-10T20:11:00.307+0000] {processor.py:756} INFO - Processing file /home/airflow/.local/lib/python3.7/site-packages/airflow/example_dags/example_latest_only.py for tasks to queue
[2023-03-10T20:11:00.308+0000] {logging_mixin.py:137} INFO - [2023-03-10T20:11:00.308+0000] {dagbag.py:537} INFO - Filling up the DagBag from /home/airflow/.local/lib/python3.7/site-packages/airflow/example_dags/example_latest_only.py
[2023-03-10T20:11:00.317+0000] {processor.py:766} INFO - DAG(s) dict_keys(['latest_only']) retrieved from /home/airflow/.local/lib/python3.7/site-packages/airflow/example_dags/example_latest_only.py
[2023-03-10T20:11:00.344+0000] {logging_mixin.py:137} INFO - [2023-03-10T20:11:00.344+0000] {dag.py:2585} INFO - Sync 1 DAGs
[2023-03-10T20:11:00.361+0000] {logging_mixin.py:137} INFO - [2023-03-10T20:11:00.361+0000] {dag.py:3340} INFO - Setting next_dagrun for latest_only to 2023-03-10T16:11:00.361281+00:00, run_after=2023-03-10T20:11:00.361281+00:00
[2023-03-10T20:11:00.375+0000] {processor.py:176} INFO - Processing /home/airflow/.local/lib/python3.7/site-packages/airflow/example_dags/example_latest_only.py took 0.073 seconds
[2023-03-10T20:11:30.802+0000] {processor.py:154} INFO - Started process (PID=2592) to work on /home/airflow/.local/lib/python3.7/site-packages/airflow/example_dags/example_latest_only.py
[2023-03-10T20:11:30.804+0000] {processor.py:756} INFO - Processing file /home/airflow/.local/lib/python3.7/site-packages/airflow/example_dags/example_latest_only.py for tasks to queue
[2023-03-10T20:11:30.805+0000] {logging_mixin.py:137} INFO - [2023-03-10T20:11:30.805+0000] {dagbag.py:537} INFO - Filling up the DagBag from /home/airflow/.local/lib/python3.7/site-packages/airflow/example_dags/example_latest_only.py
[2023-03-10T20:11:30.816+0000] {processor.py:766} INFO - DAG(s) dict_keys(['latest_only']) retrieved from /home/airflow/.local/lib/python3.7/site-packages/airflow/example_dags/example_latest_only.py
[2023-03-10T20:11:30.841+0000] {logging_mixin.py:137} INFO - [2023-03-10T20:11:30.840+0000] {dag.py:2585} INFO - Sync 1 DAGs
[2023-03-10T20:11:30.856+0000] {logging_mixin.py:137} INFO - [2023-03-10T20:11:30.856+0000] {dag.py:3340} INFO - Setting next_dagrun for latest_only to 2023-03-10T16:11:30.856177+00:00, run_after=2023-03-10T20:11:30.856177+00:00
[2023-03-10T20:11:30.869+0000] {processor.py:176} INFO - Processing /home/airflow/.local/lib/python3.7/site-packages/airflow/example_dags/example_latest_only.py took 0.069 seconds
[2023-03-10T20:12:01.404+0000] {processor.py:154} INFO - Started process (PID=2654) to work on /home/airflow/.local/lib/python3.7/site-packages/airflow/example_dags/example_latest_only.py
[2023-03-10T20:12:01.405+0000] {processor.py:756} INFO - Processing file /home/airflow/.local/lib/python3.7/site-packages/airflow/example_dags/example_latest_only.py for tasks to queue
[2023-03-10T20:12:01.406+0000] {logging_mixin.py:137} INFO - [2023-03-10T20:12:01.406+0000] {dagbag.py:537} INFO - Filling up the DagBag from /home/airflow/.local/lib/python3.7/site-packages/airflow/example_dags/example_latest_only.py
[2023-03-10T20:12:01.415+0000] {processor.py:766} INFO - DAG(s) dict_keys(['latest_only']) retrieved from /home/airflow/.local/lib/python3.7/site-packages/airflow/example_dags/example_latest_only.py
[2023-03-10T20:12:01.442+0000] {logging_mixin.py:137} INFO - [2023-03-10T20:12:01.441+0000] {dag.py:2585} INFO - Sync 1 DAGs
[2023-03-10T20:12:01.459+0000] {logging_mixin.py:137} INFO - [2023-03-10T20:12:01.459+0000] {dag.py:3340} INFO - Setting next_dagrun for latest_only to 2023-03-10T16:12:01.458958+00:00, run_after=2023-03-10T20:12:01.458958+00:00
[2023-03-10T20:12:01.473+0000] {processor.py:176} INFO - Processing /home/airflow/.local/lib/python3.7/site-packages/airflow/example_dags/example_latest_only.py took 0.071 seconds
[2023-03-10T20:12:32.198+0000] {processor.py:154} INFO - Started process (PID=2718) to work on /home/airflow/.local/lib/python3.7/site-packages/airflow/example_dags/example_latest_only.py
[2023-03-10T20:12:32.200+0000] {processor.py:756} INFO - Processing file /home/airflow/.local/lib/python3.7/site-packages/airflow/example_dags/example_latest_only.py for tasks to queue
[2023-03-10T20:12:32.201+0000] {logging_mixin.py:137} INFO - [2023-03-10T20:12:32.201+0000] {dagbag.py:537} INFO - Filling up the DagBag from /home/airflow/.local/lib/python3.7/site-packages/airflow/example_dags/example_latest_only.py
[2023-03-10T20:12:32.210+0000] {processor.py:766} INFO - DAG(s) dict_keys(['latest_only']) retrieved from /home/airflow/.local/lib/python3.7/site-packages/airflow/example_dags/example_latest_only.py
[2023-03-10T20:12:32.238+0000] {logging_mixin.py:137} INFO - [2023-03-10T20:12:32.238+0000] {dag.py:2585} INFO - Sync 1 DAGs
[2023-03-10T20:12:32.254+0000] {logging_mixin.py:137} INFO - [2023-03-10T20:12:32.254+0000] {dag.py:3340} INFO - Setting next_dagrun for latest_only to 2023-03-10T16:12:32.254177+00:00, run_after=2023-03-10T20:12:32.254177+00:00
[2023-03-10T20:12:32.266+0000] {processor.py:176} INFO - Processing /home/airflow/.local/lib/python3.7/site-packages/airflow/example_dags/example_latest_only.py took 0.072 seconds
[2023-03-10T20:13:02.908+0000] {processor.py:154} INFO - Started process (PID=2772) to work on /home/airflow/.local/lib/python3.7/site-packages/airflow/example_dags/example_latest_only.py
[2023-03-10T20:13:02.910+0000] {processor.py:756} INFO - Processing file /home/airflow/.local/lib/python3.7/site-packages/airflow/example_dags/example_latest_only.py for tasks to queue
[2023-03-10T20:13:02.912+0000] {logging_mixin.py:137} INFO - [2023-03-10T20:13:02.912+0000] {dagbag.py:537} INFO - Filling up the DagBag from /home/airflow/.local/lib/python3.7/site-packages/airflow/example_dags/example_latest_only.py
[2023-03-10T20:13:02.926+0000] {processor.py:766} INFO - DAG(s) dict_keys(['latest_only']) retrieved from /home/airflow/.local/lib/python3.7/site-packages/airflow/example_dags/example_latest_only.py
[2023-03-10T20:13:02.981+0000] {logging_mixin.py:137} INFO - [2023-03-10T20:13:02.981+0000] {dag.py:2585} INFO - Sync 1 DAGs
[2023-03-10T20:13:03.007+0000] {logging_mixin.py:137} INFO - [2023-03-10T20:13:03.007+0000] {dag.py:3340} INFO - Setting next_dagrun for latest_only to 2023-03-10T16:13:03.006996+00:00, run_after=2023-03-10T20:13:03.006996+00:00
[2023-03-10T20:13:03.027+0000] {processor.py:176} INFO - Processing /home/airflow/.local/lib/python3.7/site-packages/airflow/example_dags/example_latest_only.py took 0.121 seconds
[2023-03-10T20:13:33.650+0000] {processor.py:154} INFO - Started process (PID=2836) to work on /home/airflow/.local/lib/python3.7/site-packages/airflow/example_dags/example_latest_only.py
[2023-03-10T20:13:33.651+0000] {processor.py:756} INFO - Processing file /home/airflow/.local/lib/python3.7/site-packages/airflow/example_dags/example_latest_only.py for tasks to queue
[2023-03-10T20:13:33.653+0000] {logging_mixin.py:137} INFO - [2023-03-10T20:13:33.652+0000] {dagbag.py:537} INFO - Filling up the DagBag from /home/airflow/.local/lib/python3.7/site-packages/airflow/example_dags/example_latest_only.py
[2023-03-10T20:13:33.662+0000] {processor.py:766} INFO - DAG(s) dict_keys(['latest_only']) retrieved from /home/airflow/.local/lib/python3.7/site-packages/airflow/example_dags/example_latest_only.py
[2023-03-10T20:13:33.689+0000] {logging_mixin.py:137} INFO - [2023-03-10T20:13:33.689+0000] {dag.py:2585} INFO - Sync 1 DAGs
[2023-03-10T20:13:33.703+0000] {logging_mixin.py:137} INFO - [2023-03-10T20:13:33.703+0000] {dag.py:3340} INFO - Setting next_dagrun for latest_only to 2023-03-10T16:13:33.703722+00:00, run_after=2023-03-10T20:13:33.703722+00:00
[2023-03-10T20:13:33.718+0000] {processor.py:176} INFO - Processing /home/airflow/.local/lib/python3.7/site-packages/airflow/example_dags/example_latest_only.py took 0.070 seconds
[2023-03-10T20:14:04.189+0000] {processor.py:154} INFO - Started process (PID=2900) to work on /home/airflow/.local/lib/python3.7/site-packages/airflow/example_dags/example_latest_only.py
[2023-03-10T20:14:04.190+0000] {processor.py:756} INFO - Processing file /home/airflow/.local/lib/python3.7/site-packages/airflow/example_dags/example_latest_only.py for tasks to queue
[2023-03-10T20:14:04.192+0000] {logging_mixin.py:137} INFO - [2023-03-10T20:14:04.192+0000] {dagbag.py:537} INFO - Filling up the DagBag from /home/airflow/.local/lib/python3.7/site-packages/airflow/example_dags/example_latest_only.py
[2023-03-10T20:14:04.203+0000] {processor.py:766} INFO - DAG(s) dict_keys(['latest_only']) retrieved from /home/airflow/.local/lib/python3.7/site-packages/airflow/example_dags/example_latest_only.py
[2023-03-10T20:14:04.230+0000] {logging_mixin.py:137} INFO - [2023-03-10T20:14:04.230+0000] {dag.py:2585} INFO - Sync 1 DAGs
[2023-03-10T20:14:04.246+0000] {logging_mixin.py:137} INFO - [2023-03-10T20:14:04.246+0000] {dag.py:3340} INFO - Setting next_dagrun for latest_only to 2023-03-10T16:14:04.246155+00:00, run_after=2023-03-10T20:14:04.246155+00:00
[2023-03-10T20:14:04.258+0000] {processor.py:176} INFO - Processing /home/airflow/.local/lib/python3.7/site-packages/airflow/example_dags/example_latest_only.py took 0.071 seconds
[2023-03-10T20:14:35.093+0000] {processor.py:154} INFO - Started process (PID=2964) to work on /home/airflow/.local/lib/python3.7/site-packages/airflow/example_dags/example_latest_only.py
[2023-03-10T20:14:35.096+0000] {processor.py:756} INFO - Processing file /home/airflow/.local/lib/python3.7/site-packages/airflow/example_dags/example_latest_only.py for tasks to queue
[2023-03-10T20:14:35.097+0000] {logging_mixin.py:137} INFO - [2023-03-10T20:14:35.097+0000] {dagbag.py:537} INFO - Filling up the DagBag from /home/airflow/.local/lib/python3.7/site-packages/airflow/example_dags/example_latest_only.py
[2023-03-10T20:14:35.106+0000] {processor.py:766} INFO - DAG(s) dict_keys(['latest_only']) retrieved from /home/airflow/.local/lib/python3.7/site-packages/airflow/example_dags/example_latest_only.py
[2023-03-10T20:14:35.132+0000] {logging_mixin.py:137} INFO - [2023-03-10T20:14:35.132+0000] {dag.py:2585} INFO - Sync 1 DAGs
[2023-03-10T20:14:35.147+0000] {logging_mixin.py:137} INFO - [2023-03-10T20:14:35.147+0000] {dag.py:3340} INFO - Setting next_dagrun for latest_only to 2023-03-10T16:14:35.147401+00:00, run_after=2023-03-10T20:14:35.147401+00:00
[2023-03-10T20:14:35.159+0000] {processor.py:176} INFO - Processing /home/airflow/.local/lib/python3.7/site-packages/airflow/example_dags/example_latest_only.py took 0.069 seconds
[2023-03-10T20:15:05.520+0000] {processor.py:154} INFO - Started process (PID=3028) to work on /home/airflow/.local/lib/python3.7/site-packages/airflow/example_dags/example_latest_only.py
[2023-03-10T20:15:05.521+0000] {processor.py:756} INFO - Processing file /home/airflow/.local/lib/python3.7/site-packages/airflow/example_dags/example_latest_only.py for tasks to queue
[2023-03-10T20:15:05.522+0000] {logging_mixin.py:137} INFO - [2023-03-10T20:15:05.522+0000] {dagbag.py:537} INFO - Filling up the DagBag from /home/airflow/.local/lib/python3.7/site-packages/airflow/example_dags/example_latest_only.py
[2023-03-10T20:15:05.531+0000] {processor.py:766} INFO - DAG(s) dict_keys(['latest_only']) retrieved from /home/airflow/.local/lib/python3.7/site-packages/airflow/example_dags/example_latest_only.py
[2023-03-10T20:15:05.557+0000] {logging_mixin.py:137} INFO - [2023-03-10T20:15:05.557+0000] {dag.py:2585} INFO - Sync 1 DAGs
[2023-03-10T20:15:05.572+0000] {logging_mixin.py:137} INFO - [2023-03-10T20:15:05.572+0000] {dag.py:3340} INFO - Setting next_dagrun for latest_only to 2023-03-10T16:15:05.572531+00:00, run_after=2023-03-10T20:15:05.572531+00:00
[2023-03-10T20:15:05.585+0000] {processor.py:176} INFO - Processing /home/airflow/.local/lib/python3.7/site-packages/airflow/example_dags/example_latest_only.py took 0.067 seconds
[2023-03-10T20:15:36.124+0000] {processor.py:154} INFO - Started process (PID=3092) to work on /home/airflow/.local/lib/python3.7/site-packages/airflow/example_dags/example_latest_only.py
[2023-03-10T20:15:36.126+0000] {processor.py:756} INFO - Processing file /home/airflow/.local/lib/python3.7/site-packages/airflow/example_dags/example_latest_only.py for tasks to queue
[2023-03-10T20:15:36.127+0000] {logging_mixin.py:137} INFO - [2023-03-10T20:15:36.127+0000] {dagbag.py:537} INFO - Filling up the DagBag from /home/airflow/.local/lib/python3.7/site-packages/airflow/example_dags/example_latest_only.py
[2023-03-10T20:15:36.136+0000] {processor.py:766} INFO - DAG(s) dict_keys(['latest_only']) retrieved from /home/airflow/.local/lib/python3.7/site-packages/airflow/example_dags/example_latest_only.py
[2023-03-10T20:15:36.165+0000] {logging_mixin.py:137} INFO - [2023-03-10T20:15:36.165+0000] {dag.py:2585} INFO - Sync 1 DAGs
[2023-03-10T20:15:36.185+0000] {logging_mixin.py:137} INFO - [2023-03-10T20:15:36.185+0000] {dag.py:3340} INFO - Setting next_dagrun for latest_only to 2023-03-10T16:15:36.185329+00:00, run_after=2023-03-10T20:15:36.185329+00:00
[2023-03-10T20:15:36.197+0000] {processor.py:176} INFO - Processing /home/airflow/.local/lib/python3.7/site-packages/airflow/example_dags/example_latest_only.py took 0.075 seconds
[2023-03-10T20:16:06.448+0000] {processor.py:154} INFO - Started process (PID=3147) to work on /home/airflow/.local/lib/python3.7/site-packages/airflow/example_dags/example_latest_only.py
[2023-03-10T20:16:06.450+0000] {processor.py:756} INFO - Processing file /home/airflow/.local/lib/python3.7/site-packages/airflow/example_dags/example_latest_only.py for tasks to queue
[2023-03-10T20:16:06.451+0000] {logging_mixin.py:137} INFO - [2023-03-10T20:16:06.451+0000] {dagbag.py:537} INFO - Filling up the DagBag from /home/airflow/.local/lib/python3.7/site-packages/airflow/example_dags/example_latest_only.py
[2023-03-10T20:16:06.460+0000] {processor.py:766} INFO - DAG(s) dict_keys(['latest_only']) retrieved from /home/airflow/.local/lib/python3.7/site-packages/airflow/example_dags/example_latest_only.py
[2023-03-10T20:16:06.487+0000] {logging_mixin.py:137} INFO - [2023-03-10T20:16:06.487+0000] {dag.py:2585} INFO - Sync 1 DAGs
[2023-03-10T20:16:06.508+0000] {logging_mixin.py:137} INFO - [2023-03-10T20:16:06.508+0000] {dag.py:3340} INFO - Setting next_dagrun for latest_only to 2023-03-10T16:16:06.508315+00:00, run_after=2023-03-10T20:16:06.508315+00:00
[2023-03-10T20:16:06.521+0000] {processor.py:176} INFO - Processing /home/airflow/.local/lib/python3.7/site-packages/airflow/example_dags/example_latest_only.py took 0.075 seconds
[2023-03-10T20:16:37.053+0000] {processor.py:154} INFO - Started process (PID=3210) to work on /home/airflow/.local/lib/python3.7/site-packages/airflow/example_dags/example_latest_only.py
[2023-03-10T20:16:37.055+0000] {processor.py:756} INFO - Processing file /home/airflow/.local/lib/python3.7/site-packages/airflow/example_dags/example_latest_only.py for tasks to queue
[2023-03-10T20:16:37.056+0000] {logging_mixin.py:137} INFO - [2023-03-10T20:16:37.056+0000] {dagbag.py:537} INFO - Filling up the DagBag from /home/airflow/.local/lib/python3.7/site-packages/airflow/example_dags/example_latest_only.py
[2023-03-10T20:16:37.070+0000] {processor.py:766} INFO - DAG(s) dict_keys(['latest_only']) retrieved from /home/airflow/.local/lib/python3.7/site-packages/airflow/example_dags/example_latest_only.py
[2023-03-10T20:16:37.097+0000] {logging_mixin.py:137} INFO - [2023-03-10T20:16:37.096+0000] {dag.py:2585} INFO - Sync 1 DAGs
[2023-03-10T20:16:37.111+0000] {logging_mixin.py:137} INFO - [2023-03-10T20:16:37.111+0000] {dag.py:3340} INFO - Setting next_dagrun for latest_only to 2023-03-10T16:16:37.111521+00:00, run_after=2023-03-10T20:16:37.111521+00:00
[2023-03-10T20:16:37.122+0000] {processor.py:176} INFO - Processing /home/airflow/.local/lib/python3.7/site-packages/airflow/example_dags/example_latest_only.py took 0.072 seconds
[2023-03-10T20:17:07.411+0000] {processor.py:154} INFO - Started process (PID=3274) to work on /home/airflow/.local/lib/python3.7/site-packages/airflow/example_dags/example_latest_only.py
[2023-03-10T20:17:07.413+0000] {processor.py:756} INFO - Processing file /home/airflow/.local/lib/python3.7/site-packages/airflow/example_dags/example_latest_only.py for tasks to queue
[2023-03-10T20:17:07.414+0000] {logging_mixin.py:137} INFO - [2023-03-10T20:17:07.414+0000] {dagbag.py:537} INFO - Filling up the DagBag from /home/airflow/.local/lib/python3.7/site-packages/airflow/example_dags/example_latest_only.py
[2023-03-10T20:17:07.424+0000] {processor.py:766} INFO - DAG(s) dict_keys(['latest_only']) retrieved from /home/airflow/.local/lib/python3.7/site-packages/airflow/example_dags/example_latest_only.py
[2023-03-10T20:17:07.449+0000] {logging_mixin.py:137} INFO - [2023-03-10T20:17:07.448+0000] {dag.py:2585} INFO - Sync 1 DAGs
[2023-03-10T20:17:07.464+0000] {logging_mixin.py:137} INFO - [2023-03-10T20:17:07.464+0000] {dag.py:3340} INFO - Setting next_dagrun for latest_only to 2023-03-10T16:17:07.463909+00:00, run_after=2023-03-10T20:17:07.463909+00:00
[2023-03-10T20:17:07.476+0000] {processor.py:176} INFO - Processing /home/airflow/.local/lib/python3.7/site-packages/airflow/example_dags/example_latest_only.py took 0.068 seconds
[2023-03-10T20:17:37.790+0000] {processor.py:154} INFO - Started process (PID=3338) to work on /home/airflow/.local/lib/python3.7/site-packages/airflow/example_dags/example_latest_only.py
[2023-03-10T20:17:37.793+0000] {processor.py:756} INFO - Processing file /home/airflow/.local/lib/python3.7/site-packages/airflow/example_dags/example_latest_only.py for tasks to queue
[2023-03-10T20:17:37.795+0000] {logging_mixin.py:137} INFO - [2023-03-10T20:17:37.794+0000] {dagbag.py:537} INFO - Filling up the DagBag from /home/airflow/.local/lib/python3.7/site-packages/airflow/example_dags/example_latest_only.py
[2023-03-10T20:17:37.805+0000] {processor.py:766} INFO - DAG(s) dict_keys(['latest_only']) retrieved from /home/airflow/.local/lib/python3.7/site-packages/airflow/example_dags/example_latest_only.py
[2023-03-10T20:17:37.830+0000] {logging_mixin.py:137} INFO - [2023-03-10T20:17:37.830+0000] {dag.py:2585} INFO - Sync 1 DAGs
[2023-03-10T20:17:37.845+0000] {logging_mixin.py:137} INFO - [2023-03-10T20:17:37.845+0000] {dag.py:3340} INFO - Setting next_dagrun for latest_only to 2023-03-10T16:17:37.845481+00:00, run_after=2023-03-10T20:17:37.845481+00:00
[2023-03-10T20:17:37.857+0000] {processor.py:176} INFO - Processing /home/airflow/.local/lib/python3.7/site-packages/airflow/example_dags/example_latest_only.py took 0.070 seconds
[2023-03-10T20:18:08.130+0000] {processor.py:154} INFO - Started process (PID=3403) to work on /home/airflow/.local/lib/python3.7/site-packages/airflow/example_dags/example_latest_only.py
[2023-03-10T20:18:08.132+0000] {processor.py:756} INFO - Processing file /home/airflow/.local/lib/python3.7/site-packages/airflow/example_dags/example_latest_only.py for tasks to queue
[2023-03-10T20:18:08.133+0000] {logging_mixin.py:137} INFO - [2023-03-10T20:18:08.133+0000] {dagbag.py:537} INFO - Filling up the DagBag from /home/airflow/.local/lib/python3.7/site-packages/airflow/example_dags/example_latest_only.py
[2023-03-10T20:18:08.144+0000] {processor.py:766} INFO - DAG(s) dict_keys(['latest_only']) retrieved from /home/airflow/.local/lib/python3.7/site-packages/airflow/example_dags/example_latest_only.py
[2023-03-10T20:18:08.173+0000] {logging_mixin.py:137} INFO - [2023-03-10T20:18:08.173+0000] {dag.py:2585} INFO - Sync 1 DAGs
[2023-03-10T20:18:08.189+0000] {logging_mixin.py:137} INFO - [2023-03-10T20:18:08.189+0000] {dag.py:3340} INFO - Setting next_dagrun for latest_only to 2023-03-10T16:18:08.189558+00:00, run_after=2023-03-10T20:18:08.189558+00:00
[2023-03-10T20:18:08.203+0000] {processor.py:176} INFO - Processing /home/airflow/.local/lib/python3.7/site-packages/airflow/example_dags/example_latest_only.py took 0.075 seconds
[2023-03-10T20:18:38.622+0000] {processor.py:154} INFO - Started process (PID=3467) to work on /home/airflow/.local/lib/python3.7/site-packages/airflow/example_dags/example_latest_only.py
[2023-03-10T20:18:38.632+0000] {processor.py:756} INFO - Processing file /home/airflow/.local/lib/python3.7/site-packages/airflow/example_dags/example_latest_only.py for tasks to queue
[2023-03-10T20:18:38.633+0000] {logging_mixin.py:137} INFO - [2023-03-10T20:18:38.633+0000] {dagbag.py:537} INFO - Filling up the DagBag from /home/airflow/.local/lib/python3.7/site-packages/airflow/example_dags/example_latest_only.py
[2023-03-10T20:18:38.644+0000] {processor.py:766} INFO - DAG(s) dict_keys(['latest_only']) retrieved from /home/airflow/.local/lib/python3.7/site-packages/airflow/example_dags/example_latest_only.py
[2023-03-10T20:18:38.672+0000] {logging_mixin.py:137} INFO - [2023-03-10T20:18:38.672+0000] {dag.py:2585} INFO - Sync 1 DAGs
[2023-03-10T20:18:38.687+0000] {logging_mixin.py:137} INFO - [2023-03-10T20:18:38.687+0000] {dag.py:3340} INFO - Setting next_dagrun for latest_only to 2023-03-10T16:18:38.687191+00:00, run_after=2023-03-10T20:18:38.687191+00:00
[2023-03-10T20:18:38.700+0000] {processor.py:176} INFO - Processing /home/airflow/.local/lib/python3.7/site-packages/airflow/example_dags/example_latest_only.py took 0.080 seconds
[2023-03-10T20:19:09.416+0000] {processor.py:154} INFO - Started process (PID=3522) to work on /home/airflow/.local/lib/python3.7/site-packages/airflow/example_dags/example_latest_only.py
[2023-03-10T20:19:09.417+0000] {processor.py:756} INFO - Processing file /home/airflow/.local/lib/python3.7/site-packages/airflow/example_dags/example_latest_only.py for tasks to queue
[2023-03-10T20:19:09.418+0000] {logging_mixin.py:137} INFO - [2023-03-10T20:19:09.418+0000] {dagbag.py:537} INFO - Filling up the DagBag from /home/airflow/.local/lib/python3.7/site-packages/airflow/example_dags/example_latest_only.py
[2023-03-10T20:19:09.426+0000] {processor.py:766} INFO - DAG(s) dict_keys(['latest_only']) retrieved from /home/airflow/.local/lib/python3.7/site-packages/airflow/example_dags/example_latest_only.py
[2023-03-10T20:19:09.452+0000] {logging_mixin.py:137} INFO - [2023-03-10T20:19:09.452+0000] {dag.py:2585} INFO - Sync 1 DAGs
[2023-03-10T20:19:09.473+0000] {logging_mixin.py:137} INFO - [2023-03-10T20:19:09.473+0000] {dag.py:3340} INFO - Setting next_dagrun for latest_only to 2023-03-10T16:19:09.472935+00:00, run_after=2023-03-10T20:19:09.472935+00:00
[2023-03-10T20:19:09.485+0000] {processor.py:176} INFO - Processing /home/airflow/.local/lib/python3.7/site-packages/airflow/example_dags/example_latest_only.py took 0.071 seconds
[2023-03-10T20:19:39.942+0000] {processor.py:154} INFO - Started process (PID=3584) to work on /home/airflow/.local/lib/python3.7/site-packages/airflow/example_dags/example_latest_only.py
[2023-03-10T20:19:39.943+0000] {processor.py:756} INFO - Processing file /home/airflow/.local/lib/python3.7/site-packages/airflow/example_dags/example_latest_only.py for tasks to queue
[2023-03-10T20:19:39.945+0000] {logging_mixin.py:137} INFO - [2023-03-10T20:19:39.944+0000] {dagbag.py:537} INFO - Filling up the DagBag from /home/airflow/.local/lib/python3.7/site-packages/airflow/example_dags/example_latest_only.py
[2023-03-10T20:19:39.956+0000] {processor.py:766} INFO - DAG(s) dict_keys(['latest_only']) retrieved from /home/airflow/.local/lib/python3.7/site-packages/airflow/example_dags/example_latest_only.py
[2023-03-10T20:19:39.984+0000] {logging_mixin.py:137} INFO - [2023-03-10T20:19:39.983+0000] {dag.py:2585} INFO - Sync 1 DAGs
[2023-03-10T20:19:40.001+0000] {logging_mixin.py:137} INFO - [2023-03-10T20:19:40.001+0000] {dag.py:3340} INFO - Setting next_dagrun for latest_only to 2023-03-10T16:19:40.001560+00:00, run_after=2023-03-10T20:19:40.001560+00:00
[2023-03-10T20:19:40.016+0000] {processor.py:176} INFO - Processing /home/airflow/.local/lib/python3.7/site-packages/airflow/example_dags/example_latest_only.py took 0.077 seconds
[2023-03-10T20:20:10.968+0000] {processor.py:154} INFO - Started process (PID=3648) to work on /home/airflow/.local/lib/python3.7/site-packages/airflow/example_dags/example_latest_only.py
[2023-03-10T20:20:10.971+0000] {processor.py:756} INFO - Processing file /home/airflow/.local/lib/python3.7/site-packages/airflow/example_dags/example_latest_only.py for tasks to queue
[2023-03-10T20:20:10.972+0000] {logging_mixin.py:137} INFO - [2023-03-10T20:20:10.972+0000] {dagbag.py:537} INFO - Filling up the DagBag from /home/airflow/.local/lib/python3.7/site-packages/airflow/example_dags/example_latest_only.py
[2023-03-10T20:20:10.981+0000] {processor.py:766} INFO - DAG(s) dict_keys(['latest_only']) retrieved from /home/airflow/.local/lib/python3.7/site-packages/airflow/example_dags/example_latest_only.py
[2023-03-10T20:20:11.011+0000] {logging_mixin.py:137} INFO - [2023-03-10T20:20:11.011+0000] {dag.py:2585} INFO - Sync 1 DAGs
[2023-03-10T20:20:11.032+0000] {logging_mixin.py:137} INFO - [2023-03-10T20:20:11.032+0000] {dag.py:3340} INFO - Setting next_dagrun for latest_only to 2023-03-10T16:20:11.032521+00:00, run_after=2023-03-10T20:20:11.032521+00:00
[2023-03-10T20:20:11.058+0000] {processor.py:176} INFO - Processing /home/airflow/.local/lib/python3.7/site-packages/airflow/example_dags/example_latest_only.py took 0.092 seconds
[2023-03-10T20:20:41.540+0000] {processor.py:154} INFO - Started process (PID=3712) to work on /home/airflow/.local/lib/python3.7/site-packages/airflow/example_dags/example_latest_only.py
[2023-03-10T20:20:41.541+0000] {processor.py:756} INFO - Processing file /home/airflow/.local/lib/python3.7/site-packages/airflow/example_dags/example_latest_only.py for tasks to queue
[2023-03-10T20:20:41.542+0000] {logging_mixin.py:137} INFO - [2023-03-10T20:20:41.542+0000] {dagbag.py:537} INFO - Filling up the DagBag from /home/airflow/.local/lib/python3.7/site-packages/airflow/example_dags/example_latest_only.py
[2023-03-10T20:20:41.553+0000] {processor.py:766} INFO - DAG(s) dict_keys(['latest_only']) retrieved from /home/airflow/.local/lib/python3.7/site-packages/airflow/example_dags/example_latest_only.py
[2023-03-10T20:20:41.582+0000] {logging_mixin.py:137} INFO - [2023-03-10T20:20:41.581+0000] {dag.py:2585} INFO - Sync 1 DAGs
[2023-03-10T20:20:41.597+0000] {logging_mixin.py:137} INFO - [2023-03-10T20:20:41.597+0000] {dag.py:3340} INFO - Setting next_dagrun for latest_only to 2023-03-10T16:20:41.597261+00:00, run_after=2023-03-10T20:20:41.597261+00:00
[2023-03-10T20:20:41.609+0000] {processor.py:176} INFO - Processing /home/airflow/.local/lib/python3.7/site-packages/airflow/example_dags/example_latest_only.py took 0.072 seconds
[2023-03-10T20:21:12.227+0000] {processor.py:154} INFO - Started process (PID=3777) to work on /home/airflow/.local/lib/python3.7/site-packages/airflow/example_dags/example_latest_only.py
[2023-03-10T20:21:12.231+0000] {processor.py:756} INFO - Processing file /home/airflow/.local/lib/python3.7/site-packages/airflow/example_dags/example_latest_only.py for tasks to queue
[2023-03-10T20:21:12.233+0000] {logging_mixin.py:137} INFO - [2023-03-10T20:21:12.233+0000] {dagbag.py:537} INFO - Filling up the DagBag from /home/airflow/.local/lib/python3.7/site-packages/airflow/example_dags/example_latest_only.py
[2023-03-10T20:21:12.247+0000] {processor.py:766} INFO - DAG(s) dict_keys(['latest_only']) retrieved from /home/airflow/.local/lib/python3.7/site-packages/airflow/example_dags/example_latest_only.py
[2023-03-10T20:21:12.292+0000] {logging_mixin.py:137} INFO - [2023-03-10T20:21:12.292+0000] {dag.py:2585} INFO - Sync 1 DAGs
[2023-03-10T20:21:12.315+0000] {logging_mixin.py:137} INFO - [2023-03-10T20:21:12.315+0000] {dag.py:3340} INFO - Setting next_dagrun for latest_only to 2023-03-10T16:21:12.315211+00:00, run_after=2023-03-10T20:21:12.315211+00:00
[2023-03-10T20:21:12.343+0000] {processor.py:176} INFO - Processing /home/airflow/.local/lib/python3.7/site-packages/airflow/example_dags/example_latest_only.py took 0.118 seconds
[2023-03-10T20:21:42.900+0000] {processor.py:154} INFO - Started process (PID=3832) to work on /home/airflow/.local/lib/python3.7/site-packages/airflow/example_dags/example_latest_only.py
[2023-03-10T20:21:42.904+0000] {processor.py:756} INFO - Processing file /home/airflow/.local/lib/python3.7/site-packages/airflow/example_dags/example_latest_only.py for tasks to queue
[2023-03-10T20:21:42.905+0000] {logging_mixin.py:137} INFO - [2023-03-10T20:21:42.905+0000] {dagbag.py:537} INFO - Filling up the DagBag from /home/airflow/.local/lib/python3.7/site-packages/airflow/example_dags/example_latest_only.py
[2023-03-10T20:21:42.914+0000] {processor.py:766} INFO - DAG(s) dict_keys(['latest_only']) retrieved from /home/airflow/.local/lib/python3.7/site-packages/airflow/example_dags/example_latest_only.py
[2023-03-10T20:21:42.942+0000] {logging_mixin.py:137} INFO - [2023-03-10T20:21:42.942+0000] {dag.py:2585} INFO - Sync 1 DAGs
[2023-03-10T20:21:42.959+0000] {logging_mixin.py:137} INFO - [2023-03-10T20:21:42.959+0000] {dag.py:3340} INFO - Setting next_dagrun for latest_only to 2023-03-10T16:21:42.959573+00:00, run_after=2023-03-10T20:21:42.959573+00:00
[2023-03-10T20:21:42.975+0000] {processor.py:176} INFO - Processing /home/airflow/.local/lib/python3.7/site-packages/airflow/example_dags/example_latest_only.py took 0.078 seconds
[2023-03-10T20:22:14.044+0000] {processor.py:154} INFO - Started process (PID=3896) to work on /home/airflow/.local/lib/python3.7/site-packages/airflow/example_dags/example_latest_only.py
[2023-03-10T20:22:14.045+0000] {processor.py:756} INFO - Processing file /home/airflow/.local/lib/python3.7/site-packages/airflow/example_dags/example_latest_only.py for tasks to queue
[2023-03-10T20:22:14.047+0000] {logging_mixin.py:137} INFO - [2023-03-10T20:22:14.047+0000] {dagbag.py:537} INFO - Filling up the DagBag from /home/airflow/.local/lib/python3.7/site-packages/airflow/example_dags/example_latest_only.py
[2023-03-10T20:22:14.057+0000] {processor.py:766} INFO - DAG(s) dict_keys(['latest_only']) retrieved from /home/airflow/.local/lib/python3.7/site-packages/airflow/example_dags/example_latest_only.py
[2023-03-10T20:22:14.085+0000] {logging_mixin.py:137} INFO - [2023-03-10T20:22:14.085+0000] {dag.py:2585} INFO - Sync 1 DAGs
[2023-03-10T20:22:14.102+0000] {logging_mixin.py:137} INFO - [2023-03-10T20:22:14.102+0000] {dag.py:3340} INFO - Setting next_dagrun for latest_only to 2023-03-10T16:22:14.102690+00:00, run_after=2023-03-10T20:22:14.102690+00:00
[2023-03-10T20:22:14.118+0000] {processor.py:176} INFO - Processing /home/airflow/.local/lib/python3.7/site-packages/airflow/example_dags/example_latest_only.py took 0.077 seconds
[2023-03-10T20:22:44.701+0000] {processor.py:154} INFO - Started process (PID=3959) to work on /home/airflow/.local/lib/python3.7/site-packages/airflow/example_dags/example_latest_only.py
[2023-03-10T20:22:44.703+0000] {processor.py:756} INFO - Processing file /home/airflow/.local/lib/python3.7/site-packages/airflow/example_dags/example_latest_only.py for tasks to queue
[2023-03-10T20:22:44.704+0000] {logging_mixin.py:137} INFO - [2023-03-10T20:22:44.704+0000] {dagbag.py:537} INFO - Filling up the DagBag from /home/airflow/.local/lib/python3.7/site-packages/airflow/example_dags/example_latest_only.py
[2023-03-10T20:22:44.714+0000] {processor.py:766} INFO - DAG(s) dict_keys(['latest_only']) retrieved from /home/airflow/.local/lib/python3.7/site-packages/airflow/example_dags/example_latest_only.py
[2023-03-10T20:22:44.746+0000] {logging_mixin.py:137} INFO - [2023-03-10T20:22:44.746+0000] {dag.py:2585} INFO - Sync 1 DAGs
[2023-03-10T20:22:44.762+0000] {logging_mixin.py:137} INFO - [2023-03-10T20:22:44.762+0000] {dag.py:3340} INFO - Setting next_dagrun for latest_only to 2023-03-10T16:22:44.761985+00:00, run_after=2023-03-10T20:22:44.761985+00:00
[2023-03-10T20:22:44.774+0000] {processor.py:176} INFO - Processing /home/airflow/.local/lib/python3.7/site-packages/airflow/example_dags/example_latest_only.py took 0.076 seconds
[2023-03-10T20:23:15.433+0000] {processor.py:154} INFO - Started process (PID=4023) to work on /home/airflow/.local/lib/python3.7/site-packages/airflow/example_dags/example_latest_only.py
[2023-03-10T20:23:15.435+0000] {processor.py:756} INFO - Processing file /home/airflow/.local/lib/python3.7/site-packages/airflow/example_dags/example_latest_only.py for tasks to queue
[2023-03-10T20:23:15.437+0000] {logging_mixin.py:137} INFO - [2023-03-10T20:23:15.436+0000] {dagbag.py:537} INFO - Filling up the DagBag from /home/airflow/.local/lib/python3.7/site-packages/airflow/example_dags/example_latest_only.py
[2023-03-10T20:23:15.447+0000] {processor.py:766} INFO - DAG(s) dict_keys(['latest_only']) retrieved from /home/airflow/.local/lib/python3.7/site-packages/airflow/example_dags/example_latest_only.py
[2023-03-10T20:23:15.472+0000] {logging_mixin.py:137} INFO - [2023-03-10T20:23:15.472+0000] {dag.py:2585} INFO - Sync 1 DAGs
[2023-03-10T20:23:15.487+0000] {logging_mixin.py:137} INFO - [2023-03-10T20:23:15.487+0000] {dag.py:3340} INFO - Setting next_dagrun for latest_only to 2023-03-10T16:23:15.487262+00:00, run_after=2023-03-10T20:23:15.487262+00:00
[2023-03-10T20:23:15.500+0000] {processor.py:176} INFO - Processing /home/airflow/.local/lib/python3.7/site-packages/airflow/example_dags/example_latest_only.py took 0.070 seconds
[2023-03-10T20:23:45.634+0000] {processor.py:154} INFO - Started process (PID=4086) to work on /home/airflow/.local/lib/python3.7/site-packages/airflow/example_dags/example_latest_only.py
[2023-03-10T20:23:45.635+0000] {processor.py:756} INFO - Processing file /home/airflow/.local/lib/python3.7/site-packages/airflow/example_dags/example_latest_only.py for tasks to queue
[2023-03-10T20:23:45.636+0000] {logging_mixin.py:137} INFO - [2023-03-10T20:23:45.636+0000] {dagbag.py:537} INFO - Filling up the DagBag from /home/airflow/.local/lib/python3.7/site-packages/airflow/example_dags/example_latest_only.py
[2023-03-10T20:23:45.645+0000] {processor.py:766} INFO - DAG(s) dict_keys(['latest_only']) retrieved from /home/airflow/.local/lib/python3.7/site-packages/airflow/example_dags/example_latest_only.py
[2023-03-10T20:23:45.672+0000] {logging_mixin.py:137} INFO - [2023-03-10T20:23:45.672+0000] {dag.py:2585} INFO - Sync 1 DAGs
[2023-03-10T20:23:45.688+0000] {logging_mixin.py:137} INFO - [2023-03-10T20:23:45.688+0000] {dag.py:3340} INFO - Setting next_dagrun for latest_only to 2023-03-10T16:23:45.688255+00:00, run_after=2023-03-10T20:23:45.688255+00:00
[2023-03-10T20:23:45.700+0000] {processor.py:176} INFO - Processing /home/airflow/.local/lib/python3.7/site-packages/airflow/example_dags/example_latest_only.py took 0.069 seconds
[2023-03-10T20:24:16.300+0000] {processor.py:154} INFO - Started process (PID=4149) to work on /home/airflow/.local/lib/python3.7/site-packages/airflow/example_dags/example_latest_only.py
[2023-03-10T20:24:16.303+0000] {processor.py:756} INFO - Processing file /home/airflow/.local/lib/python3.7/site-packages/airflow/example_dags/example_latest_only.py for tasks to queue
[2023-03-10T20:24:16.304+0000] {logging_mixin.py:137} INFO - [2023-03-10T20:24:16.304+0000] {dagbag.py:537} INFO - Filling up the DagBag from /home/airflow/.local/lib/python3.7/site-packages/airflow/example_dags/example_latest_only.py
[2023-03-10T20:24:16.315+0000] {processor.py:766} INFO - DAG(s) dict_keys(['latest_only']) retrieved from /home/airflow/.local/lib/python3.7/site-packages/airflow/example_dags/example_latest_only.py
[2023-03-10T20:24:16.351+0000] {logging_mixin.py:137} INFO - [2023-03-10T20:24:16.351+0000] {dag.py:2585} INFO - Sync 1 DAGs
[2023-03-10T20:24:16.371+0000] {logging_mixin.py:137} INFO - [2023-03-10T20:24:16.371+0000] {dag.py:3340} INFO - Setting next_dagrun for latest_only to 2023-03-10T16:24:16.371359+00:00, run_after=2023-03-10T20:24:16.371359+00:00
[2023-03-10T20:24:16.387+0000] {processor.py:176} INFO - Processing /home/airflow/.local/lib/python3.7/site-packages/airflow/example_dags/example_latest_only.py took 0.089 seconds
[2023-03-10T20:24:46.765+0000] {processor.py:154} INFO - Started process (PID=4204) to work on /home/airflow/.local/lib/python3.7/site-packages/airflow/example_dags/example_latest_only.py
[2023-03-10T20:24:46.766+0000] {processor.py:756} INFO - Processing file /home/airflow/.local/lib/python3.7/site-packages/airflow/example_dags/example_latest_only.py for tasks to queue
[2023-03-10T20:24:46.768+0000] {logging_mixin.py:137} INFO - [2023-03-10T20:24:46.768+0000] {dagbag.py:537} INFO - Filling up the DagBag from /home/airflow/.local/lib/python3.7/site-packages/airflow/example_dags/example_latest_only.py
[2023-03-10T20:24:46.778+0000] {processor.py:766} INFO - DAG(s) dict_keys(['latest_only']) retrieved from /home/airflow/.local/lib/python3.7/site-packages/airflow/example_dags/example_latest_only.py
[2023-03-10T20:24:46.803+0000] {logging_mixin.py:137} INFO - [2023-03-10T20:24:46.803+0000] {dag.py:2585} INFO - Sync 1 DAGs
[2023-03-10T20:24:46.818+0000] {logging_mixin.py:137} INFO - [2023-03-10T20:24:46.818+0000] {dag.py:3340} INFO - Setting next_dagrun for latest_only to 2023-03-10T16:24:46.818027+00:00, run_after=2023-03-10T20:24:46.818027+00:00
[2023-03-10T20:24:46.831+0000] {processor.py:176} INFO - Processing /home/airflow/.local/lib/python3.7/site-packages/airflow/example_dags/example_latest_only.py took 0.068 seconds
[2023-03-10T20:25:17.502+0000] {processor.py:154} INFO - Started process (PID=4268) to work on /home/airflow/.local/lib/python3.7/site-packages/airflow/example_dags/example_latest_only.py
[2023-03-10T20:25:17.504+0000] {processor.py:756} INFO - Processing file /home/airflow/.local/lib/python3.7/site-packages/airflow/example_dags/example_latest_only.py for tasks to queue
[2023-03-10T20:25:17.505+0000] {logging_mixin.py:137} INFO - [2023-03-10T20:25:17.505+0000] {dagbag.py:537} INFO - Filling up the DagBag from /home/airflow/.local/lib/python3.7/site-packages/airflow/example_dags/example_latest_only.py
[2023-03-10T20:25:17.514+0000] {processor.py:766} INFO - DAG(s) dict_keys(['latest_only']) retrieved from /home/airflow/.local/lib/python3.7/site-packages/airflow/example_dags/example_latest_only.py
[2023-03-10T20:25:17.541+0000] {logging_mixin.py:137} INFO - [2023-03-10T20:25:17.540+0000] {dag.py:2585} INFO - Sync 1 DAGs
[2023-03-10T20:25:17.556+0000] {logging_mixin.py:137} INFO - [2023-03-10T20:25:17.556+0000] {dag.py:3340} INFO - Setting next_dagrun for latest_only to 2023-03-10T16:25:17.555874+00:00, run_after=2023-03-10T20:25:17.555874+00:00
[2023-03-10T20:25:17.571+0000] {processor.py:176} INFO - Processing /home/airflow/.local/lib/python3.7/site-packages/airflow/example_dags/example_latest_only.py took 0.070 seconds
[2023-03-10T20:25:47.985+0000] {processor.py:154} INFO - Started process (PID=4330) to work on /home/airflow/.local/lib/python3.7/site-packages/airflow/example_dags/example_latest_only.py
[2023-03-10T20:25:47.986+0000] {processor.py:756} INFO - Processing file /home/airflow/.local/lib/python3.7/site-packages/airflow/example_dags/example_latest_only.py for tasks to queue
[2023-03-10T20:25:47.988+0000] {logging_mixin.py:137} INFO - [2023-03-10T20:25:47.988+0000] {dagbag.py:537} INFO - Filling up the DagBag from /home/airflow/.local/lib/python3.7/site-packages/airflow/example_dags/example_latest_only.py
[2023-03-10T20:25:47.998+0000] {processor.py:766} INFO - DAG(s) dict_keys(['latest_only']) retrieved from /home/airflow/.local/lib/python3.7/site-packages/airflow/example_dags/example_latest_only.py
[2023-03-10T20:25:48.024+0000] {logging_mixin.py:137} INFO - [2023-03-10T20:25:48.024+0000] {dag.py:2585} INFO - Sync 1 DAGs
[2023-03-10T20:25:48.041+0000] {logging_mixin.py:137} INFO - [2023-03-10T20:25:48.040+0000] {dag.py:3340} INFO - Setting next_dagrun for latest_only to 2023-03-10T16:25:48.040772+00:00, run_after=2023-03-10T20:25:48.040772+00:00
[2023-03-10T20:25:48.054+0000] {processor.py:176} INFO - Processing /home/airflow/.local/lib/python3.7/site-packages/airflow/example_dags/example_latest_only.py took 0.071 seconds
[2023-03-10T20:26:19.012+0000] {processor.py:154} INFO - Started process (PID=4394) to work on /home/airflow/.local/lib/python3.7/site-packages/airflow/example_dags/example_latest_only.py
[2023-03-10T20:26:19.014+0000] {processor.py:756} INFO - Processing file /home/airflow/.local/lib/python3.7/site-packages/airflow/example_dags/example_latest_only.py for tasks to queue
[2023-03-10T20:26:19.017+0000] {logging_mixin.py:137} INFO - [2023-03-10T20:26:19.016+0000] {dagbag.py:537} INFO - Filling up the DagBag from /home/airflow/.local/lib/python3.7/site-packages/airflow/example_dags/example_latest_only.py
[2023-03-10T20:26:19.026+0000] {processor.py:766} INFO - DAG(s) dict_keys(['latest_only']) retrieved from /home/airflow/.local/lib/python3.7/site-packages/airflow/example_dags/example_latest_only.py
[2023-03-10T20:26:19.052+0000] {logging_mixin.py:137} INFO - [2023-03-10T20:26:19.052+0000] {dag.py:2585} INFO - Sync 1 DAGs
[2023-03-10T20:26:19.068+0000] {logging_mixin.py:137} INFO - [2023-03-10T20:26:19.067+0000] {dag.py:3340} INFO - Setting next_dagrun for latest_only to 2023-03-10T16:26:19.067839+00:00, run_after=2023-03-10T20:26:19.067839+00:00
[2023-03-10T20:26:19.080+0000] {processor.py:176} INFO - Processing /home/airflow/.local/lib/python3.7/site-packages/airflow/example_dags/example_latest_only.py took 0.070 seconds
[2023-03-10T20:26:49.518+0000] {processor.py:154} INFO - Started process (PID=4457) to work on /home/airflow/.local/lib/python3.7/site-packages/airflow/example_dags/example_latest_only.py
[2023-03-10T20:26:49.519+0000] {processor.py:756} INFO - Processing file /home/airflow/.local/lib/python3.7/site-packages/airflow/example_dags/example_latest_only.py for tasks to queue
[2023-03-10T20:26:49.520+0000] {logging_mixin.py:137} INFO - [2023-03-10T20:26:49.520+0000] {dagbag.py:537} INFO - Filling up the DagBag from /home/airflow/.local/lib/python3.7/site-packages/airflow/example_dags/example_latest_only.py
[2023-03-10T20:26:49.531+0000] {processor.py:766} INFO - DAG(s) dict_keys(['latest_only']) retrieved from /home/airflow/.local/lib/python3.7/site-packages/airflow/example_dags/example_latest_only.py
[2023-03-10T20:26:49.556+0000] {logging_mixin.py:137} INFO - [2023-03-10T20:26:49.555+0000] {dag.py:2585} INFO - Sync 1 DAGs
[2023-03-10T20:26:49.572+0000] {logging_mixin.py:137} INFO - [2023-03-10T20:26:49.572+0000] {dag.py:3340} INFO - Setting next_dagrun for latest_only to 2023-03-10T16:26:49.572151+00:00, run_after=2023-03-10T20:26:49.572151+00:00
[2023-03-10T20:26:49.586+0000] {processor.py:176} INFO - Processing /home/airflow/.local/lib/python3.7/site-packages/airflow/example_dags/example_latest_only.py took 0.071 seconds
[2023-03-10T20:27:20.125+0000] {processor.py:154} INFO - Started process (PID=4521) to work on /home/airflow/.local/lib/python3.7/site-packages/airflow/example_dags/example_latest_only.py
[2023-03-10T20:27:20.127+0000] {processor.py:756} INFO - Processing file /home/airflow/.local/lib/python3.7/site-packages/airflow/example_dags/example_latest_only.py for tasks to queue
[2023-03-10T20:27:20.128+0000] {logging_mixin.py:137} INFO - [2023-03-10T20:27:20.128+0000] {dagbag.py:537} INFO - Filling up the DagBag from /home/airflow/.local/lib/python3.7/site-packages/airflow/example_dags/example_latest_only.py
[2023-03-10T20:27:20.139+0000] {processor.py:766} INFO - DAG(s) dict_keys(['latest_only']) retrieved from /home/airflow/.local/lib/python3.7/site-packages/airflow/example_dags/example_latest_only.py
[2023-03-10T20:27:20.174+0000] {logging_mixin.py:137} INFO - [2023-03-10T20:27:20.174+0000] {dag.py:2585} INFO - Sync 1 DAGs
[2023-03-10T20:27:20.192+0000] {logging_mixin.py:137} INFO - [2023-03-10T20:27:20.192+0000] {dag.py:3340} INFO - Setting next_dagrun for latest_only to 2023-03-10T16:27:20.192009+00:00, run_after=2023-03-10T20:27:20.192009+00:00
[2023-03-10T20:27:20.207+0000] {processor.py:176} INFO - Processing /home/airflow/.local/lib/python3.7/site-packages/airflow/example_dags/example_latest_only.py took 0.085 seconds
[2023-03-10T20:27:50.599+0000] {processor.py:154} INFO - Started process (PID=4575) to work on /home/airflow/.local/lib/python3.7/site-packages/airflow/example_dags/example_latest_only.py
[2023-03-10T20:27:50.601+0000] {processor.py:756} INFO - Processing file /home/airflow/.local/lib/python3.7/site-packages/airflow/example_dags/example_latest_only.py for tasks to queue
[2023-03-10T20:27:50.602+0000] {logging_mixin.py:137} INFO - [2023-03-10T20:27:50.602+0000] {dagbag.py:537} INFO - Filling up the DagBag from /home/airflow/.local/lib/python3.7/site-packages/airflow/example_dags/example_latest_only.py
[2023-03-10T20:27:50.613+0000] {processor.py:766} INFO - DAG(s) dict_keys(['latest_only']) retrieved from /home/airflow/.local/lib/python3.7/site-packages/airflow/example_dags/example_latest_only.py
[2023-03-10T20:27:50.643+0000] {logging_mixin.py:137} INFO - [2023-03-10T20:27:50.643+0000] {dag.py:2585} INFO - Sync 1 DAGs
[2023-03-10T20:27:50.660+0000] {logging_mixin.py:137} INFO - [2023-03-10T20:27:50.660+0000] {dag.py:3340} INFO - Setting next_dagrun for latest_only to 2023-03-10T16:27:50.660619+00:00, run_after=2023-03-10T20:27:50.660619+00:00
[2023-03-10T20:27:50.675+0000] {processor.py:176} INFO - Processing /home/airflow/.local/lib/python3.7/site-packages/airflow/example_dags/example_latest_only.py took 0.078 seconds
