[2023-03-10T19:50:32.269+0000] {processor.py:154} INFO - Started process (PID=57) to work on /home/airflow/.local/lib/python3.7/site-packages/airflow/example_dags/example_sla_dag.py
[2023-03-10T19:50:32.271+0000] {processor.py:756} INFO - Processing file /home/airflow/.local/lib/python3.7/site-packages/airflow/example_dags/example_sla_dag.py for tasks to queue
[2023-03-10T19:50:32.272+0000] {logging_mixin.py:137} INFO - [2023-03-10T19:50:32.272+0000] {dagbag.py:537} INFO - Filling up the DagBag from /home/airflow/.local/lib/python3.7/site-packages/airflow/example_dags/example_sla_dag.py
[2023-03-10T19:50:32.293+0000] {processor.py:766} INFO - DAG(s) dict_keys(['example_sla_dag']) retrieved from /home/airflow/.local/lib/python3.7/site-packages/airflow/example_dags/example_sla_dag.py
[2023-03-10T19:50:32.356+0000] {logging_mixin.py:137} INFO - [2023-03-10T19:50:32.356+0000] {dag.py:2585} INFO - Sync 1 DAGs
[2023-03-10T19:50:32.383+0000] {logging_mixin.py:137} INFO - [2023-03-10T19:50:32.383+0000] {dag.py:3340} INFO - Setting next_dagrun for example_sla_dag to 2023-03-10T19:48:00+00:00, run_after=2023-03-10T19:50:00+00:00
[2023-03-10T19:50:32.403+0000] {processor.py:176} INFO - Processing /home/airflow/.local/lib/python3.7/site-packages/airflow/example_dags/example_sla_dag.py took 0.137 seconds
[2023-03-10T19:51:03.273+0000] {processor.py:154} INFO - Started process (PID=121) to work on /home/airflow/.local/lib/python3.7/site-packages/airflow/example_dags/example_sla_dag.py
[2023-03-10T19:51:03.278+0000] {processor.py:756} INFO - Processing file /home/airflow/.local/lib/python3.7/site-packages/airflow/example_dags/example_sla_dag.py for tasks to queue
[2023-03-10T19:51:03.280+0000] {logging_mixin.py:137} INFO - [2023-03-10T19:51:03.280+0000] {dagbag.py:537} INFO - Filling up the DagBag from /home/airflow/.local/lib/python3.7/site-packages/airflow/example_dags/example_sla_dag.py
[2023-03-10T19:51:03.294+0000] {processor.py:766} INFO - DAG(s) dict_keys(['example_sla_dag']) retrieved from /home/airflow/.local/lib/python3.7/site-packages/airflow/example_dags/example_sla_dag.py
[2023-03-10T19:51:03.321+0000] {logging_mixin.py:137} INFO - [2023-03-10T19:51:03.321+0000] {dag.py:2585} INFO - Sync 1 DAGs
[2023-03-10T19:51:03.341+0000] {logging_mixin.py:137} INFO - [2023-03-10T19:51:03.341+0000] {dag.py:3340} INFO - Setting next_dagrun for example_sla_dag to 2023-03-10T19:48:00+00:00, run_after=2023-03-10T19:50:00+00:00
[2023-03-10T19:51:03.353+0000] {processor.py:176} INFO - Processing /home/airflow/.local/lib/python3.7/site-packages/airflow/example_dags/example_sla_dag.py took 0.083 seconds
[2023-03-10T19:51:33.861+0000] {processor.py:154} INFO - Started process (PID=186) to work on /home/airflow/.local/lib/python3.7/site-packages/airflow/example_dags/example_sla_dag.py
[2023-03-10T19:51:33.863+0000] {processor.py:756} INFO - Processing file /home/airflow/.local/lib/python3.7/site-packages/airflow/example_dags/example_sla_dag.py for tasks to queue
[2023-03-10T19:51:33.864+0000] {logging_mixin.py:137} INFO - [2023-03-10T19:51:33.864+0000] {dagbag.py:537} INFO - Filling up the DagBag from /home/airflow/.local/lib/python3.7/site-packages/airflow/example_dags/example_sla_dag.py
[2023-03-10T19:51:33.880+0000] {processor.py:766} INFO - DAG(s) dict_keys(['example_sla_dag']) retrieved from /home/airflow/.local/lib/python3.7/site-packages/airflow/example_dags/example_sla_dag.py
[2023-03-10T19:51:33.909+0000] {logging_mixin.py:137} INFO - [2023-03-10T19:51:33.909+0000] {dag.py:2585} INFO - Sync 1 DAGs
[2023-03-10T19:51:33.927+0000] {logging_mixin.py:137} INFO - [2023-03-10T19:51:33.927+0000] {dag.py:3340} INFO - Setting next_dagrun for example_sla_dag to 2023-03-10T19:48:00+00:00, run_after=2023-03-10T19:50:00+00:00
[2023-03-10T19:51:33.942+0000] {processor.py:176} INFO - Processing /home/airflow/.local/lib/python3.7/site-packages/airflow/example_dags/example_sla_dag.py took 0.083 seconds
[2023-03-10T19:52:04.415+0000] {processor.py:154} INFO - Started process (PID=250) to work on /home/airflow/.local/lib/python3.7/site-packages/airflow/example_dags/example_sla_dag.py
[2023-03-10T19:52:04.420+0000] {processor.py:756} INFO - Processing file /home/airflow/.local/lib/python3.7/site-packages/airflow/example_dags/example_sla_dag.py for tasks to queue
[2023-03-10T19:52:04.423+0000] {logging_mixin.py:137} INFO - [2023-03-10T19:52:04.422+0000] {dagbag.py:537} INFO - Filling up the DagBag from /home/airflow/.local/lib/python3.7/site-packages/airflow/example_dags/example_sla_dag.py
[2023-03-10T19:52:04.443+0000] {processor.py:766} INFO - DAG(s) dict_keys(['example_sla_dag']) retrieved from /home/airflow/.local/lib/python3.7/site-packages/airflow/example_dags/example_sla_dag.py
[2023-03-10T19:52:04.470+0000] {logging_mixin.py:137} INFO - [2023-03-10T19:52:04.470+0000] {dag.py:2585} INFO - Sync 1 DAGs
[2023-03-10T19:52:04.488+0000] {logging_mixin.py:137} INFO - [2023-03-10T19:52:04.488+0000] {dag.py:3340} INFO - Setting next_dagrun for example_sla_dag to 2023-03-10T19:50:00+00:00, run_after=2023-03-10T19:52:00+00:00
[2023-03-10T19:52:04.503+0000] {processor.py:176} INFO - Processing /home/airflow/.local/lib/python3.7/site-packages/airflow/example_dags/example_sla_dag.py took 0.094 seconds
[2023-03-10T19:52:34.582+0000] {processor.py:154} INFO - Started process (PID=315) to work on /home/airflow/.local/lib/python3.7/site-packages/airflow/example_dags/example_sla_dag.py
[2023-03-10T19:52:34.583+0000] {processor.py:756} INFO - Processing file /home/airflow/.local/lib/python3.7/site-packages/airflow/example_dags/example_sla_dag.py for tasks to queue
[2023-03-10T19:52:34.584+0000] {logging_mixin.py:137} INFO - [2023-03-10T19:52:34.584+0000] {dagbag.py:537} INFO - Filling up the DagBag from /home/airflow/.local/lib/python3.7/site-packages/airflow/example_dags/example_sla_dag.py
[2023-03-10T19:52:34.598+0000] {processor.py:766} INFO - DAG(s) dict_keys(['example_sla_dag']) retrieved from /home/airflow/.local/lib/python3.7/site-packages/airflow/example_dags/example_sla_dag.py
[2023-03-10T19:52:34.624+0000] {logging_mixin.py:137} INFO - [2023-03-10T19:52:34.624+0000] {dag.py:2585} INFO - Sync 1 DAGs
[2023-03-10T19:52:34.640+0000] {logging_mixin.py:137} INFO - [2023-03-10T19:52:34.640+0000] {dag.py:3340} INFO - Setting next_dagrun for example_sla_dag to 2023-03-10T19:50:00+00:00, run_after=2023-03-10T19:52:00+00:00
[2023-03-10T19:52:34.658+0000] {processor.py:176} INFO - Processing /home/airflow/.local/lib/python3.7/site-packages/airflow/example_dags/example_sla_dag.py took 0.079 seconds
[2023-03-10T19:53:05.158+0000] {processor.py:154} INFO - Started process (PID=371) to work on /home/airflow/.local/lib/python3.7/site-packages/airflow/example_dags/example_sla_dag.py
[2023-03-10T19:53:05.160+0000] {processor.py:756} INFO - Processing file /home/airflow/.local/lib/python3.7/site-packages/airflow/example_dags/example_sla_dag.py for tasks to queue
[2023-03-10T19:53:05.161+0000] {logging_mixin.py:137} INFO - [2023-03-10T19:53:05.161+0000] {dagbag.py:537} INFO - Filling up the DagBag from /home/airflow/.local/lib/python3.7/site-packages/airflow/example_dags/example_sla_dag.py
[2023-03-10T19:53:05.176+0000] {processor.py:766} INFO - DAG(s) dict_keys(['example_sla_dag']) retrieved from /home/airflow/.local/lib/python3.7/site-packages/airflow/example_dags/example_sla_dag.py
[2023-03-10T19:53:05.204+0000] {logging_mixin.py:137} INFO - [2023-03-10T19:53:05.204+0000] {dag.py:2585} INFO - Sync 1 DAGs
[2023-03-10T19:53:05.222+0000] {logging_mixin.py:137} INFO - [2023-03-10T19:53:05.222+0000] {dag.py:3340} INFO - Setting next_dagrun for example_sla_dag to 2023-03-10T19:50:00+00:00, run_after=2023-03-10T19:52:00+00:00
[2023-03-10T19:53:05.235+0000] {processor.py:176} INFO - Processing /home/airflow/.local/lib/python3.7/site-packages/airflow/example_dags/example_sla_dag.py took 0.079 seconds
[2023-03-10T19:53:35.423+0000] {processor.py:154} INFO - Started process (PID=434) to work on /home/airflow/.local/lib/python3.7/site-packages/airflow/example_dags/example_sla_dag.py
[2023-03-10T19:53:35.425+0000] {processor.py:756} INFO - Processing file /home/airflow/.local/lib/python3.7/site-packages/airflow/example_dags/example_sla_dag.py for tasks to queue
[2023-03-10T19:53:35.427+0000] {logging_mixin.py:137} INFO - [2023-03-10T19:53:35.427+0000] {dagbag.py:537} INFO - Filling up the DagBag from /home/airflow/.local/lib/python3.7/site-packages/airflow/example_dags/example_sla_dag.py
[2023-03-10T19:53:35.442+0000] {processor.py:766} INFO - DAG(s) dict_keys(['example_sla_dag']) retrieved from /home/airflow/.local/lib/python3.7/site-packages/airflow/example_dags/example_sla_dag.py
[2023-03-10T19:53:35.469+0000] {logging_mixin.py:137} INFO - [2023-03-10T19:53:35.469+0000] {dag.py:2585} INFO - Sync 1 DAGs
[2023-03-10T19:53:35.486+0000] {logging_mixin.py:137} INFO - [2023-03-10T19:53:35.486+0000] {dag.py:3340} INFO - Setting next_dagrun for example_sla_dag to 2023-03-10T19:50:00+00:00, run_after=2023-03-10T19:52:00+00:00
[2023-03-10T19:53:35.497+0000] {processor.py:176} INFO - Processing /home/airflow/.local/lib/python3.7/site-packages/airflow/example_dags/example_sla_dag.py took 0.076 seconds
[2023-03-10T19:54:06.294+0000] {processor.py:154} INFO - Started process (PID=498) to work on /home/airflow/.local/lib/python3.7/site-packages/airflow/example_dags/example_sla_dag.py
[2023-03-10T19:54:06.296+0000] {processor.py:756} INFO - Processing file /home/airflow/.local/lib/python3.7/site-packages/airflow/example_dags/example_sla_dag.py for tasks to queue
[2023-03-10T19:54:06.297+0000] {logging_mixin.py:137} INFO - [2023-03-10T19:54:06.297+0000] {dagbag.py:537} INFO - Filling up the DagBag from /home/airflow/.local/lib/python3.7/site-packages/airflow/example_dags/example_sla_dag.py
[2023-03-10T19:54:06.311+0000] {processor.py:766} INFO - DAG(s) dict_keys(['example_sla_dag']) retrieved from /home/airflow/.local/lib/python3.7/site-packages/airflow/example_dags/example_sla_dag.py
[2023-03-10T19:54:06.337+0000] {logging_mixin.py:137} INFO - [2023-03-10T19:54:06.337+0000] {dag.py:2585} INFO - Sync 1 DAGs
[2023-03-10T19:54:06.353+0000] {logging_mixin.py:137} INFO - [2023-03-10T19:54:06.352+0000] {dag.py:3340} INFO - Setting next_dagrun for example_sla_dag to 2023-03-10T19:52:00+00:00, run_after=2023-03-10T19:54:00+00:00
[2023-03-10T19:54:06.362+0000] {processor.py:176} INFO - Processing /home/airflow/.local/lib/python3.7/site-packages/airflow/example_dags/example_sla_dag.py took 0.071 seconds
[2023-03-10T19:54:36.948+0000] {processor.py:154} INFO - Started process (PID=562) to work on /home/airflow/.local/lib/python3.7/site-packages/airflow/example_dags/example_sla_dag.py
[2023-03-10T19:54:36.950+0000] {processor.py:756} INFO - Processing file /home/airflow/.local/lib/python3.7/site-packages/airflow/example_dags/example_sla_dag.py for tasks to queue
[2023-03-10T19:54:36.951+0000] {logging_mixin.py:137} INFO - [2023-03-10T19:54:36.951+0000] {dagbag.py:537} INFO - Filling up the DagBag from /home/airflow/.local/lib/python3.7/site-packages/airflow/example_dags/example_sla_dag.py
[2023-03-10T19:54:36.965+0000] {processor.py:766} INFO - DAG(s) dict_keys(['example_sla_dag']) retrieved from /home/airflow/.local/lib/python3.7/site-packages/airflow/example_dags/example_sla_dag.py
[2023-03-10T19:54:36.992+0000] {logging_mixin.py:137} INFO - [2023-03-10T19:54:36.992+0000] {dag.py:2585} INFO - Sync 1 DAGs
[2023-03-10T19:54:37.010+0000] {logging_mixin.py:137} INFO - [2023-03-10T19:54:37.010+0000] {dag.py:3340} INFO - Setting next_dagrun for example_sla_dag to 2023-03-10T19:52:00+00:00, run_after=2023-03-10T19:54:00+00:00
[2023-03-10T19:54:37.021+0000] {processor.py:176} INFO - Processing /home/airflow/.local/lib/python3.7/site-packages/airflow/example_dags/example_sla_dag.py took 0.075 seconds
[2023-03-10T19:55:08.130+0000] {processor.py:154} INFO - Started process (PID=625) to work on /home/airflow/.local/lib/python3.7/site-packages/airflow/example_dags/example_sla_dag.py
[2023-03-10T19:55:08.131+0000] {processor.py:756} INFO - Processing file /home/airflow/.local/lib/python3.7/site-packages/airflow/example_dags/example_sla_dag.py for tasks to queue
[2023-03-10T19:55:08.132+0000] {logging_mixin.py:137} INFO - [2023-03-10T19:55:08.132+0000] {dagbag.py:537} INFO - Filling up the DagBag from /home/airflow/.local/lib/python3.7/site-packages/airflow/example_dags/example_sla_dag.py
[2023-03-10T19:55:08.148+0000] {processor.py:766} INFO - DAG(s) dict_keys(['example_sla_dag']) retrieved from /home/airflow/.local/lib/python3.7/site-packages/airflow/example_dags/example_sla_dag.py
[2023-03-10T19:55:08.174+0000] {logging_mixin.py:137} INFO - [2023-03-10T19:55:08.174+0000] {dag.py:2585} INFO - Sync 1 DAGs
[2023-03-10T19:55:08.191+0000] {logging_mixin.py:137} INFO - [2023-03-10T19:55:08.191+0000] {dag.py:3340} INFO - Setting next_dagrun for example_sla_dag to 2023-03-10T19:52:00+00:00, run_after=2023-03-10T19:54:00+00:00
[2023-03-10T19:55:08.203+0000] {processor.py:176} INFO - Processing /home/airflow/.local/lib/python3.7/site-packages/airflow/example_dags/example_sla_dag.py took 0.076 seconds
[2023-03-10T19:55:38.743+0000] {processor.py:154} INFO - Started process (PID=679) to work on /home/airflow/.local/lib/python3.7/site-packages/airflow/example_dags/example_sla_dag.py
[2023-03-10T19:55:38.748+0000] {processor.py:756} INFO - Processing file /home/airflow/.local/lib/python3.7/site-packages/airflow/example_dags/example_sla_dag.py for tasks to queue
[2023-03-10T19:55:38.749+0000] {logging_mixin.py:137} INFO - [2023-03-10T19:55:38.749+0000] {dagbag.py:537} INFO - Filling up the DagBag from /home/airflow/.local/lib/python3.7/site-packages/airflow/example_dags/example_sla_dag.py
[2023-03-10T19:55:38.763+0000] {processor.py:766} INFO - DAG(s) dict_keys(['example_sla_dag']) retrieved from /home/airflow/.local/lib/python3.7/site-packages/airflow/example_dags/example_sla_dag.py
[2023-03-10T19:55:38.790+0000] {logging_mixin.py:137} INFO - [2023-03-10T19:55:38.790+0000] {dag.py:2585} INFO - Sync 1 DAGs
[2023-03-10T19:55:38.813+0000] {logging_mixin.py:137} INFO - [2023-03-10T19:55:38.813+0000] {dag.py:3340} INFO - Setting next_dagrun for example_sla_dag to 2023-03-10T19:52:00+00:00, run_after=2023-03-10T19:54:00+00:00
[2023-03-10T19:55:38.831+0000] {processor.py:176} INFO - Processing /home/airflow/.local/lib/python3.7/site-packages/airflow/example_dags/example_sla_dag.py took 0.090 seconds
[2023-03-10T19:56:09.387+0000] {processor.py:154} INFO - Started process (PID=743) to work on /home/airflow/.local/lib/python3.7/site-packages/airflow/example_dags/example_sla_dag.py
[2023-03-10T19:56:09.388+0000] {processor.py:756} INFO - Processing file /home/airflow/.local/lib/python3.7/site-packages/airflow/example_dags/example_sla_dag.py for tasks to queue
[2023-03-10T19:56:09.389+0000] {logging_mixin.py:137} INFO - [2023-03-10T19:56:09.389+0000] {dagbag.py:537} INFO - Filling up the DagBag from /home/airflow/.local/lib/python3.7/site-packages/airflow/example_dags/example_sla_dag.py
[2023-03-10T19:56:09.403+0000] {processor.py:766} INFO - DAG(s) dict_keys(['example_sla_dag']) retrieved from /home/airflow/.local/lib/python3.7/site-packages/airflow/example_dags/example_sla_dag.py
[2023-03-10T19:56:09.428+0000] {logging_mixin.py:137} INFO - [2023-03-10T19:56:09.427+0000] {dag.py:2585} INFO - Sync 1 DAGs
[2023-03-10T19:56:09.444+0000] {logging_mixin.py:137} INFO - [2023-03-10T19:56:09.444+0000] {dag.py:3340} INFO - Setting next_dagrun for example_sla_dag to 2023-03-10T19:54:00+00:00, run_after=2023-03-10T19:56:00+00:00
[2023-03-10T19:56:09.455+0000] {processor.py:176} INFO - Processing /home/airflow/.local/lib/python3.7/site-packages/airflow/example_dags/example_sla_dag.py took 0.070 seconds
[2023-03-10T19:56:40.137+0000] {processor.py:154} INFO - Started process (PID=807) to work on /home/airflow/.local/lib/python3.7/site-packages/airflow/example_dags/example_sla_dag.py
[2023-03-10T19:56:40.139+0000] {processor.py:756} INFO - Processing file /home/airflow/.local/lib/python3.7/site-packages/airflow/example_dags/example_sla_dag.py for tasks to queue
[2023-03-10T19:56:40.141+0000] {logging_mixin.py:137} INFO - [2023-03-10T19:56:40.141+0000] {dagbag.py:537} INFO - Filling up the DagBag from /home/airflow/.local/lib/python3.7/site-packages/airflow/example_dags/example_sla_dag.py
[2023-03-10T19:56:40.166+0000] {processor.py:766} INFO - DAG(s) dict_keys(['example_sla_dag']) retrieved from /home/airflow/.local/lib/python3.7/site-packages/airflow/example_dags/example_sla_dag.py
[2023-03-10T19:56:40.196+0000] {logging_mixin.py:137} INFO - [2023-03-10T19:56:40.196+0000] {dag.py:2585} INFO - Sync 1 DAGs
[2023-03-10T19:56:40.214+0000] {logging_mixin.py:137} INFO - [2023-03-10T19:56:40.214+0000] {dag.py:3340} INFO - Setting next_dagrun for example_sla_dag to 2023-03-10T19:54:00+00:00, run_after=2023-03-10T19:56:00+00:00
[2023-03-10T19:56:40.227+0000] {processor.py:176} INFO - Processing /home/airflow/.local/lib/python3.7/site-packages/airflow/example_dags/example_sla_dag.py took 0.092 seconds
[2023-03-10T19:57:11.000+0000] {processor.py:154} INFO - Started process (PID=870) to work on /home/airflow/.local/lib/python3.7/site-packages/airflow/example_dags/example_sla_dag.py
[2023-03-10T19:57:11.002+0000] {processor.py:756} INFO - Processing file /home/airflow/.local/lib/python3.7/site-packages/airflow/example_dags/example_sla_dag.py for tasks to queue
[2023-03-10T19:57:11.003+0000] {logging_mixin.py:137} INFO - [2023-03-10T19:57:11.003+0000] {dagbag.py:537} INFO - Filling up the DagBag from /home/airflow/.local/lib/python3.7/site-packages/airflow/example_dags/example_sla_dag.py
[2023-03-10T19:57:11.021+0000] {processor.py:766} INFO - DAG(s) dict_keys(['example_sla_dag']) retrieved from /home/airflow/.local/lib/python3.7/site-packages/airflow/example_dags/example_sla_dag.py
[2023-03-10T19:57:11.049+0000] {logging_mixin.py:137} INFO - [2023-03-10T19:57:11.049+0000] {dag.py:2585} INFO - Sync 1 DAGs
[2023-03-10T19:57:11.068+0000] {logging_mixin.py:137} INFO - [2023-03-10T19:57:11.068+0000] {dag.py:3340} INFO - Setting next_dagrun for example_sla_dag to 2023-03-10T19:54:00+00:00, run_after=2023-03-10T19:56:00+00:00
[2023-03-10T19:57:11.081+0000] {processor.py:176} INFO - Processing /home/airflow/.local/lib/python3.7/site-packages/airflow/example_dags/example_sla_dag.py took 0.083 seconds
[2023-03-10T19:57:42.121+0000] {processor.py:154} INFO - Started process (PID=933) to work on /home/airflow/.local/lib/python3.7/site-packages/airflow/example_dags/example_sla_dag.py
[2023-03-10T19:57:42.123+0000] {processor.py:756} INFO - Processing file /home/airflow/.local/lib/python3.7/site-packages/airflow/example_dags/example_sla_dag.py for tasks to queue
[2023-03-10T19:57:42.124+0000] {logging_mixin.py:137} INFO - [2023-03-10T19:57:42.124+0000] {dagbag.py:537} INFO - Filling up the DagBag from /home/airflow/.local/lib/python3.7/site-packages/airflow/example_dags/example_sla_dag.py
[2023-03-10T19:57:42.138+0000] {processor.py:766} INFO - DAG(s) dict_keys(['example_sla_dag']) retrieved from /home/airflow/.local/lib/python3.7/site-packages/airflow/example_dags/example_sla_dag.py
[2023-03-10T19:57:42.163+0000] {logging_mixin.py:137} INFO - [2023-03-10T19:57:42.163+0000] {dag.py:2585} INFO - Sync 1 DAGs
[2023-03-10T19:57:42.179+0000] {logging_mixin.py:137} INFO - [2023-03-10T19:57:42.179+0000] {dag.py:3340} INFO - Setting next_dagrun for example_sla_dag to 2023-03-10T19:54:00+00:00, run_after=2023-03-10T19:56:00+00:00
[2023-03-10T19:57:42.191+0000] {processor.py:176} INFO - Processing /home/airflow/.local/lib/python3.7/site-packages/airflow/example_dags/example_sla_dag.py took 0.073 seconds
[2023-03-10T19:58:13.163+0000] {processor.py:154} INFO - Started process (PID=997) to work on /home/airflow/.local/lib/python3.7/site-packages/airflow/example_dags/example_sla_dag.py
[2023-03-10T19:58:13.164+0000] {processor.py:756} INFO - Processing file /home/airflow/.local/lib/python3.7/site-packages/airflow/example_dags/example_sla_dag.py for tasks to queue
[2023-03-10T19:58:13.166+0000] {logging_mixin.py:137} INFO - [2023-03-10T19:58:13.166+0000] {dagbag.py:537} INFO - Filling up the DagBag from /home/airflow/.local/lib/python3.7/site-packages/airflow/example_dags/example_sla_dag.py
[2023-03-10T19:58:13.183+0000] {processor.py:766} INFO - DAG(s) dict_keys(['example_sla_dag']) retrieved from /home/airflow/.local/lib/python3.7/site-packages/airflow/example_dags/example_sla_dag.py
[2023-03-10T19:58:13.210+0000] {logging_mixin.py:137} INFO - [2023-03-10T19:58:13.210+0000] {dag.py:2585} INFO - Sync 1 DAGs
[2023-03-10T19:58:13.226+0000] {logging_mixin.py:137} INFO - [2023-03-10T19:58:13.226+0000] {dag.py:3340} INFO - Setting next_dagrun for example_sla_dag to 2023-03-10T19:56:00+00:00, run_after=2023-03-10T19:58:00+00:00
[2023-03-10T19:58:13.241+0000] {processor.py:176} INFO - Processing /home/airflow/.local/lib/python3.7/site-packages/airflow/example_dags/example_sla_dag.py took 0.081 seconds
[2023-03-10T19:58:43.630+0000] {processor.py:154} INFO - Started process (PID=1052) to work on /home/airflow/.local/lib/python3.7/site-packages/airflow/example_dags/example_sla_dag.py
[2023-03-10T19:58:43.632+0000] {processor.py:756} INFO - Processing file /home/airflow/.local/lib/python3.7/site-packages/airflow/example_dags/example_sla_dag.py for tasks to queue
[2023-03-10T19:58:43.634+0000] {logging_mixin.py:137} INFO - [2023-03-10T19:58:43.634+0000] {dagbag.py:537} INFO - Filling up the DagBag from /home/airflow/.local/lib/python3.7/site-packages/airflow/example_dags/example_sla_dag.py
[2023-03-10T19:58:43.648+0000] {processor.py:766} INFO - DAG(s) dict_keys(['example_sla_dag']) retrieved from /home/airflow/.local/lib/python3.7/site-packages/airflow/example_dags/example_sla_dag.py
[2023-03-10T19:58:43.674+0000] {logging_mixin.py:137} INFO - [2023-03-10T19:58:43.674+0000] {dag.py:2585} INFO - Sync 1 DAGs
[2023-03-10T19:58:43.692+0000] {logging_mixin.py:137} INFO - [2023-03-10T19:58:43.692+0000] {dag.py:3340} INFO - Setting next_dagrun for example_sla_dag to 2023-03-10T19:56:00+00:00, run_after=2023-03-10T19:58:00+00:00
[2023-03-10T19:58:43.705+0000] {processor.py:176} INFO - Processing /home/airflow/.local/lib/python3.7/site-packages/airflow/example_dags/example_sla_dag.py took 0.077 seconds
[2023-03-10T19:59:14.502+0000] {processor.py:154} INFO - Started process (PID=1116) to work on /home/airflow/.local/lib/python3.7/site-packages/airflow/example_dags/example_sla_dag.py
[2023-03-10T19:59:14.503+0000] {processor.py:756} INFO - Processing file /home/airflow/.local/lib/python3.7/site-packages/airflow/example_dags/example_sla_dag.py for tasks to queue
[2023-03-10T19:59:14.504+0000] {logging_mixin.py:137} INFO - [2023-03-10T19:59:14.504+0000] {dagbag.py:537} INFO - Filling up the DagBag from /home/airflow/.local/lib/python3.7/site-packages/airflow/example_dags/example_sla_dag.py
[2023-03-10T19:59:14.518+0000] {processor.py:766} INFO - DAG(s) dict_keys(['example_sla_dag']) retrieved from /home/airflow/.local/lib/python3.7/site-packages/airflow/example_dags/example_sla_dag.py
[2023-03-10T19:59:14.545+0000] {logging_mixin.py:137} INFO - [2023-03-10T19:59:14.545+0000] {dag.py:2585} INFO - Sync 1 DAGs
[2023-03-10T19:59:14.563+0000] {logging_mixin.py:137} INFO - [2023-03-10T19:59:14.563+0000] {dag.py:3340} INFO - Setting next_dagrun for example_sla_dag to 2023-03-10T19:56:00+00:00, run_after=2023-03-10T19:58:00+00:00
[2023-03-10T19:59:14.578+0000] {processor.py:176} INFO - Processing /home/airflow/.local/lib/python3.7/site-packages/airflow/example_dags/example_sla_dag.py took 0.079 seconds
[2023-03-10T19:59:45.469+0000] {processor.py:154} INFO - Started process (PID=1180) to work on /home/airflow/.local/lib/python3.7/site-packages/airflow/example_dags/example_sla_dag.py
[2023-03-10T19:59:45.470+0000] {processor.py:756} INFO - Processing file /home/airflow/.local/lib/python3.7/site-packages/airflow/example_dags/example_sla_dag.py for tasks to queue
[2023-03-10T19:59:45.472+0000] {logging_mixin.py:137} INFO - [2023-03-10T19:59:45.472+0000] {dagbag.py:537} INFO - Filling up the DagBag from /home/airflow/.local/lib/python3.7/site-packages/airflow/example_dags/example_sla_dag.py
[2023-03-10T19:59:45.485+0000] {processor.py:766} INFO - DAG(s) dict_keys(['example_sla_dag']) retrieved from /home/airflow/.local/lib/python3.7/site-packages/airflow/example_dags/example_sla_dag.py
[2023-03-10T19:59:45.512+0000] {logging_mixin.py:137} INFO - [2023-03-10T19:59:45.512+0000] {dag.py:2585} INFO - Sync 1 DAGs
[2023-03-10T19:59:45.528+0000] {logging_mixin.py:137} INFO - [2023-03-10T19:59:45.528+0000] {dag.py:3340} INFO - Setting next_dagrun for example_sla_dag to 2023-03-10T19:56:00+00:00, run_after=2023-03-10T19:58:00+00:00
[2023-03-10T19:59:45.540+0000] {processor.py:176} INFO - Processing /home/airflow/.local/lib/python3.7/site-packages/airflow/example_dags/example_sla_dag.py took 0.074 seconds
[2023-03-10T20:00:18.462+0000] {processor.py:154} INFO - Started process (PID=1244) to work on /home/airflow/.local/lib/python3.7/site-packages/airflow/example_dags/example_sla_dag.py
[2023-03-10T20:00:18.480+0000] {processor.py:756} INFO - Processing file /home/airflow/.local/lib/python3.7/site-packages/airflow/example_dags/example_sla_dag.py for tasks to queue
[2023-03-10T20:00:18.492+0000] {logging_mixin.py:137} INFO - [2023-03-10T20:00:18.492+0000] {dagbag.py:537} INFO - Filling up the DagBag from /home/airflow/.local/lib/python3.7/site-packages/airflow/example_dags/example_sla_dag.py
[2023-03-10T20:00:18.597+0000] {processor.py:766} INFO - DAG(s) dict_keys(['example_sla_dag']) retrieved from /home/airflow/.local/lib/python3.7/site-packages/airflow/example_dags/example_sla_dag.py
[2023-03-10T20:00:18.729+0000] {logging_mixin.py:137} INFO - [2023-03-10T20:00:18.728+0000] {dag.py:2585} INFO - Sync 1 DAGs
[2023-03-10T20:00:18.798+0000] {logging_mixin.py:137} INFO - [2023-03-10T20:00:18.798+0000] {dag.py:3340} INFO - Setting next_dagrun for example_sla_dag to 2023-03-10T19:58:00+00:00, run_after=2023-03-10T20:00:00+00:00
[2023-03-10T20:00:18.862+0000] {processor.py:176} INFO - Processing /home/airflow/.local/lib/python3.7/site-packages/airflow/example_dags/example_sla_dag.py took 0.408 seconds
[2023-03-10T20:00:49.320+0000] {processor.py:154} INFO - Started process (PID=1308) to work on /home/airflow/.local/lib/python3.7/site-packages/airflow/example_dags/example_sla_dag.py
[2023-03-10T20:00:49.323+0000] {processor.py:756} INFO - Processing file /home/airflow/.local/lib/python3.7/site-packages/airflow/example_dags/example_sla_dag.py for tasks to queue
[2023-03-10T20:00:49.324+0000] {logging_mixin.py:137} INFO - [2023-03-10T20:00:49.324+0000] {dagbag.py:537} INFO - Filling up the DagBag from /home/airflow/.local/lib/python3.7/site-packages/airflow/example_dags/example_sla_dag.py
[2023-03-10T20:00:49.338+0000] {processor.py:766} INFO - DAG(s) dict_keys(['example_sla_dag']) retrieved from /home/airflow/.local/lib/python3.7/site-packages/airflow/example_dags/example_sla_dag.py
[2023-03-10T20:00:49.366+0000] {logging_mixin.py:137} INFO - [2023-03-10T20:00:49.366+0000] {dag.py:2585} INFO - Sync 1 DAGs
[2023-03-10T20:00:49.391+0000] {logging_mixin.py:137} INFO - [2023-03-10T20:00:49.391+0000] {dag.py:3340} INFO - Setting next_dagrun for example_sla_dag to 2023-03-10T19:58:00+00:00, run_after=2023-03-10T20:00:00+00:00
[2023-03-10T20:00:49.429+0000] {processor.py:176} INFO - Processing /home/airflow/.local/lib/python3.7/site-packages/airflow/example_dags/example_sla_dag.py took 0.111 seconds
[2023-03-10T20:01:19.866+0000] {processor.py:154} INFO - Started process (PID=1372) to work on /home/airflow/.local/lib/python3.7/site-packages/airflow/example_dags/example_sla_dag.py
[2023-03-10T20:01:19.869+0000] {processor.py:756} INFO - Processing file /home/airflow/.local/lib/python3.7/site-packages/airflow/example_dags/example_sla_dag.py for tasks to queue
[2023-03-10T20:01:19.870+0000] {logging_mixin.py:137} INFO - [2023-03-10T20:01:19.870+0000] {dagbag.py:537} INFO - Filling up the DagBag from /home/airflow/.local/lib/python3.7/site-packages/airflow/example_dags/example_sla_dag.py
[2023-03-10T20:01:19.886+0000] {processor.py:766} INFO - DAG(s) dict_keys(['example_sla_dag']) retrieved from /home/airflow/.local/lib/python3.7/site-packages/airflow/example_dags/example_sla_dag.py
[2023-03-10T20:01:19.914+0000] {logging_mixin.py:137} INFO - [2023-03-10T20:01:19.914+0000] {dag.py:2585} INFO - Sync 1 DAGs
[2023-03-10T20:01:19.933+0000] {logging_mixin.py:137} INFO - [2023-03-10T20:01:19.933+0000] {dag.py:3340} INFO - Setting next_dagrun for example_sla_dag to 2023-03-10T19:58:00+00:00, run_after=2023-03-10T20:00:00+00:00
[2023-03-10T20:01:19.949+0000] {processor.py:176} INFO - Processing /home/airflow/.local/lib/python3.7/site-packages/airflow/example_dags/example_sla_dag.py took 0.085 seconds
[2023-03-10T20:01:50.688+0000] {processor.py:154} INFO - Started process (PID=1437) to work on /home/airflow/.local/lib/python3.7/site-packages/airflow/example_dags/example_sla_dag.py
[2023-03-10T20:01:50.690+0000] {processor.py:756} INFO - Processing file /home/airflow/.local/lib/python3.7/site-packages/airflow/example_dags/example_sla_dag.py for tasks to queue
[2023-03-10T20:01:50.691+0000] {logging_mixin.py:137} INFO - [2023-03-10T20:01:50.691+0000] {dagbag.py:537} INFO - Filling up the DagBag from /home/airflow/.local/lib/python3.7/site-packages/airflow/example_dags/example_sla_dag.py
[2023-03-10T20:01:50.706+0000] {processor.py:766} INFO - DAG(s) dict_keys(['example_sla_dag']) retrieved from /home/airflow/.local/lib/python3.7/site-packages/airflow/example_dags/example_sla_dag.py
[2023-03-10T20:01:50.731+0000] {logging_mixin.py:137} INFO - [2023-03-10T20:01:50.731+0000] {dag.py:2585} INFO - Sync 1 DAGs
[2023-03-10T20:01:50.748+0000] {logging_mixin.py:137} INFO - [2023-03-10T20:01:50.748+0000] {dag.py:3340} INFO - Setting next_dagrun for example_sla_dag to 2023-03-10T19:58:00+00:00, run_after=2023-03-10T20:00:00+00:00
[2023-03-10T20:01:50.761+0000] {processor.py:176} INFO - Processing /home/airflow/.local/lib/python3.7/site-packages/airflow/example_dags/example_sla_dag.py took 0.075 seconds
[2023-03-10T20:02:21.414+0000] {processor.py:154} INFO - Started process (PID=1493) to work on /home/airflow/.local/lib/python3.7/site-packages/airflow/example_dags/example_sla_dag.py
[2023-03-10T20:02:21.422+0000] {processor.py:756} INFO - Processing file /home/airflow/.local/lib/python3.7/site-packages/airflow/example_dags/example_sla_dag.py for tasks to queue
[2023-03-10T20:02:21.424+0000] {logging_mixin.py:137} INFO - [2023-03-10T20:02:21.424+0000] {dagbag.py:537} INFO - Filling up the DagBag from /home/airflow/.local/lib/python3.7/site-packages/airflow/example_dags/example_sla_dag.py
[2023-03-10T20:02:21.441+0000] {processor.py:766} INFO - DAG(s) dict_keys(['example_sla_dag']) retrieved from /home/airflow/.local/lib/python3.7/site-packages/airflow/example_dags/example_sla_dag.py
[2023-03-10T20:02:21.472+0000] {logging_mixin.py:137} INFO - [2023-03-10T20:02:21.472+0000] {dag.py:2585} INFO - Sync 1 DAGs
[2023-03-10T20:02:21.492+0000] {logging_mixin.py:137} INFO - [2023-03-10T20:02:21.492+0000] {dag.py:3340} INFO - Setting next_dagrun for example_sla_dag to 2023-03-10T20:00:00+00:00, run_after=2023-03-10T20:02:00+00:00
[2023-03-10T20:02:21.507+0000] {processor.py:176} INFO - Processing /home/airflow/.local/lib/python3.7/site-packages/airflow/example_dags/example_sla_dag.py took 0.096 seconds
[2023-03-10T20:02:52.044+0000] {processor.py:154} INFO - Started process (PID=1556) to work on /home/airflow/.local/lib/python3.7/site-packages/airflow/example_dags/example_sla_dag.py
[2023-03-10T20:02:52.046+0000] {processor.py:756} INFO - Processing file /home/airflow/.local/lib/python3.7/site-packages/airflow/example_dags/example_sla_dag.py for tasks to queue
[2023-03-10T20:02:52.047+0000] {logging_mixin.py:137} INFO - [2023-03-10T20:02:52.047+0000] {dagbag.py:537} INFO - Filling up the DagBag from /home/airflow/.local/lib/python3.7/site-packages/airflow/example_dags/example_sla_dag.py
[2023-03-10T20:02:52.061+0000] {processor.py:766} INFO - DAG(s) dict_keys(['example_sla_dag']) retrieved from /home/airflow/.local/lib/python3.7/site-packages/airflow/example_dags/example_sla_dag.py
[2023-03-10T20:02:52.087+0000] {logging_mixin.py:137} INFO - [2023-03-10T20:02:52.087+0000] {dag.py:2585} INFO - Sync 1 DAGs
[2023-03-10T20:02:52.103+0000] {logging_mixin.py:137} INFO - [2023-03-10T20:02:52.103+0000] {dag.py:3340} INFO - Setting next_dagrun for example_sla_dag to 2023-03-10T20:00:00+00:00, run_after=2023-03-10T20:02:00+00:00
[2023-03-10T20:02:52.114+0000] {processor.py:176} INFO - Processing /home/airflow/.local/lib/python3.7/site-packages/airflow/example_dags/example_sla_dag.py took 0.072 seconds
[2023-03-10T20:03:22.989+0000] {processor.py:154} INFO - Started process (PID=1618) to work on /home/airflow/.local/lib/python3.7/site-packages/airflow/example_dags/example_sla_dag.py
[2023-03-10T20:03:22.991+0000] {processor.py:756} INFO - Processing file /home/airflow/.local/lib/python3.7/site-packages/airflow/example_dags/example_sla_dag.py for tasks to queue
[2023-03-10T20:03:22.992+0000] {logging_mixin.py:137} INFO - [2023-03-10T20:03:22.992+0000] {dagbag.py:537} INFO - Filling up the DagBag from /home/airflow/.local/lib/python3.7/site-packages/airflow/example_dags/example_sla_dag.py
[2023-03-10T20:03:23.005+0000] {processor.py:766} INFO - DAG(s) dict_keys(['example_sla_dag']) retrieved from /home/airflow/.local/lib/python3.7/site-packages/airflow/example_dags/example_sla_dag.py
[2023-03-10T20:03:23.033+0000] {logging_mixin.py:137} INFO - [2023-03-10T20:03:23.033+0000] {dag.py:2585} INFO - Sync 1 DAGs
[2023-03-10T20:03:23.056+0000] {logging_mixin.py:137} INFO - [2023-03-10T20:03:23.056+0000] {dag.py:3340} INFO - Setting next_dagrun for example_sla_dag to 2023-03-10T20:00:00+00:00, run_after=2023-03-10T20:02:00+00:00
[2023-03-10T20:03:23.071+0000] {processor.py:176} INFO - Processing /home/airflow/.local/lib/python3.7/site-packages/airflow/example_dags/example_sla_dag.py took 0.085 seconds
[2023-03-10T20:03:53.805+0000] {processor.py:154} INFO - Started process (PID=1682) to work on /home/airflow/.local/lib/python3.7/site-packages/airflow/example_dags/example_sla_dag.py
[2023-03-10T20:03:53.806+0000] {processor.py:756} INFO - Processing file /home/airflow/.local/lib/python3.7/site-packages/airflow/example_dags/example_sla_dag.py for tasks to queue
[2023-03-10T20:03:53.807+0000] {logging_mixin.py:137} INFO - [2023-03-10T20:03:53.807+0000] {dagbag.py:537} INFO - Filling up the DagBag from /home/airflow/.local/lib/python3.7/site-packages/airflow/example_dags/example_sla_dag.py
[2023-03-10T20:03:53.820+0000] {processor.py:766} INFO - DAG(s) dict_keys(['example_sla_dag']) retrieved from /home/airflow/.local/lib/python3.7/site-packages/airflow/example_dags/example_sla_dag.py
[2023-03-10T20:03:53.845+0000] {logging_mixin.py:137} INFO - [2023-03-10T20:03:53.845+0000] {dag.py:2585} INFO - Sync 1 DAGs
[2023-03-10T20:03:53.862+0000] {logging_mixin.py:137} INFO - [2023-03-10T20:03:53.862+0000] {dag.py:3340} INFO - Setting next_dagrun for example_sla_dag to 2023-03-10T20:00:00+00:00, run_after=2023-03-10T20:02:00+00:00
[2023-03-10T20:03:53.874+0000] {processor.py:176} INFO - Processing /home/airflow/.local/lib/python3.7/site-packages/airflow/example_dags/example_sla_dag.py took 0.071 seconds
[2023-03-10T20:04:24.599+0000] {processor.py:154} INFO - Started process (PID=1745) to work on /home/airflow/.local/lib/python3.7/site-packages/airflow/example_dags/example_sla_dag.py
[2023-03-10T20:04:24.600+0000] {processor.py:756} INFO - Processing file /home/airflow/.local/lib/python3.7/site-packages/airflow/example_dags/example_sla_dag.py for tasks to queue
[2023-03-10T20:04:24.603+0000] {logging_mixin.py:137} INFO - [2023-03-10T20:04:24.602+0000] {dagbag.py:537} INFO - Filling up the DagBag from /home/airflow/.local/lib/python3.7/site-packages/airflow/example_dags/example_sla_dag.py
[2023-03-10T20:04:24.618+0000] {processor.py:766} INFO - DAG(s) dict_keys(['example_sla_dag']) retrieved from /home/airflow/.local/lib/python3.7/site-packages/airflow/example_dags/example_sla_dag.py
[2023-03-10T20:04:24.648+0000] {logging_mixin.py:137} INFO - [2023-03-10T20:04:24.648+0000] {dag.py:2585} INFO - Sync 1 DAGs
[2023-03-10T20:04:24.667+0000] {logging_mixin.py:137} INFO - [2023-03-10T20:04:24.667+0000] {dag.py:3340} INFO - Setting next_dagrun for example_sla_dag to 2023-03-10T20:02:00+00:00, run_after=2023-03-10T20:04:00+00:00
[2023-03-10T20:04:24.681+0000] {processor.py:176} INFO - Processing /home/airflow/.local/lib/python3.7/site-packages/airflow/example_dags/example_sla_dag.py took 0.085 seconds
[2023-03-10T20:04:55.245+0000] {processor.py:154} INFO - Started process (PID=1809) to work on /home/airflow/.local/lib/python3.7/site-packages/airflow/example_dags/example_sla_dag.py
[2023-03-10T20:04:55.247+0000] {processor.py:756} INFO - Processing file /home/airflow/.local/lib/python3.7/site-packages/airflow/example_dags/example_sla_dag.py for tasks to queue
[2023-03-10T20:04:55.248+0000] {logging_mixin.py:137} INFO - [2023-03-10T20:04:55.248+0000] {dagbag.py:537} INFO - Filling up the DagBag from /home/airflow/.local/lib/python3.7/site-packages/airflow/example_dags/example_sla_dag.py
[2023-03-10T20:04:55.261+0000] {processor.py:766} INFO - DAG(s) dict_keys(['example_sla_dag']) retrieved from /home/airflow/.local/lib/python3.7/site-packages/airflow/example_dags/example_sla_dag.py
[2023-03-10T20:04:55.289+0000] {logging_mixin.py:137} INFO - [2023-03-10T20:04:55.289+0000] {dag.py:2585} INFO - Sync 1 DAGs
[2023-03-10T20:04:55.307+0000] {logging_mixin.py:137} INFO - [2023-03-10T20:04:55.307+0000] {dag.py:3340} INFO - Setting next_dagrun for example_sla_dag to 2023-03-10T20:02:00+00:00, run_after=2023-03-10T20:04:00+00:00
[2023-03-10T20:04:55.320+0000] {processor.py:176} INFO - Processing /home/airflow/.local/lib/python3.7/site-packages/airflow/example_dags/example_sla_dag.py took 0.077 seconds
[2023-03-10T20:05:25.799+0000] {processor.py:154} INFO - Started process (PID=1864) to work on /home/airflow/.local/lib/python3.7/site-packages/airflow/example_dags/example_sla_dag.py
[2023-03-10T20:05:25.801+0000] {processor.py:756} INFO - Processing file /home/airflow/.local/lib/python3.7/site-packages/airflow/example_dags/example_sla_dag.py for tasks to queue
[2023-03-10T20:05:25.802+0000] {logging_mixin.py:137} INFO - [2023-03-10T20:05:25.802+0000] {dagbag.py:537} INFO - Filling up the DagBag from /home/airflow/.local/lib/python3.7/site-packages/airflow/example_dags/example_sla_dag.py
[2023-03-10T20:05:25.815+0000] {processor.py:766} INFO - DAG(s) dict_keys(['example_sla_dag']) retrieved from /home/airflow/.local/lib/python3.7/site-packages/airflow/example_dags/example_sla_dag.py
[2023-03-10T20:05:25.840+0000] {logging_mixin.py:137} INFO - [2023-03-10T20:05:25.840+0000] {dag.py:2585} INFO - Sync 1 DAGs
[2023-03-10T20:05:25.859+0000] {logging_mixin.py:137} INFO - [2023-03-10T20:05:25.858+0000] {dag.py:3340} INFO - Setting next_dagrun for example_sla_dag to 2023-03-10T20:02:00+00:00, run_after=2023-03-10T20:04:00+00:00
[2023-03-10T20:05:25.872+0000] {processor.py:176} INFO - Processing /home/airflow/.local/lib/python3.7/site-packages/airflow/example_dags/example_sla_dag.py took 0.076 seconds
[2023-03-10T20:05:56.881+0000] {processor.py:154} INFO - Started process (PID=1928) to work on /home/airflow/.local/lib/python3.7/site-packages/airflow/example_dags/example_sla_dag.py
[2023-03-10T20:05:56.883+0000] {processor.py:756} INFO - Processing file /home/airflow/.local/lib/python3.7/site-packages/airflow/example_dags/example_sla_dag.py for tasks to queue
[2023-03-10T20:05:56.884+0000] {logging_mixin.py:137} INFO - [2023-03-10T20:05:56.884+0000] {dagbag.py:537} INFO - Filling up the DagBag from /home/airflow/.local/lib/python3.7/site-packages/airflow/example_dags/example_sla_dag.py
[2023-03-10T20:05:56.898+0000] {processor.py:766} INFO - DAG(s) dict_keys(['example_sla_dag']) retrieved from /home/airflow/.local/lib/python3.7/site-packages/airflow/example_dags/example_sla_dag.py
[2023-03-10T20:05:56.925+0000] {logging_mixin.py:137} INFO - [2023-03-10T20:05:56.924+0000] {dag.py:2585} INFO - Sync 1 DAGs
[2023-03-10T20:05:56.941+0000] {logging_mixin.py:137} INFO - [2023-03-10T20:05:56.941+0000] {dag.py:3340} INFO - Setting next_dagrun for example_sla_dag to 2023-03-10T20:02:00+00:00, run_after=2023-03-10T20:04:00+00:00
[2023-03-10T20:05:56.953+0000] {processor.py:176} INFO - Processing /home/airflow/.local/lib/python3.7/site-packages/airflow/example_dags/example_sla_dag.py took 0.075 seconds
[2023-03-10T20:06:27.397+0000] {processor.py:154} INFO - Started process (PID=1992) to work on /home/airflow/.local/lib/python3.7/site-packages/airflow/example_dags/example_sla_dag.py
[2023-03-10T20:06:27.399+0000] {processor.py:756} INFO - Processing file /home/airflow/.local/lib/python3.7/site-packages/airflow/example_dags/example_sla_dag.py for tasks to queue
[2023-03-10T20:06:27.401+0000] {logging_mixin.py:137} INFO - [2023-03-10T20:06:27.401+0000] {dagbag.py:537} INFO - Filling up the DagBag from /home/airflow/.local/lib/python3.7/site-packages/airflow/example_dags/example_sla_dag.py
[2023-03-10T20:06:27.416+0000] {processor.py:766} INFO - DAG(s) dict_keys(['example_sla_dag']) retrieved from /home/airflow/.local/lib/python3.7/site-packages/airflow/example_dags/example_sla_dag.py
[2023-03-10T20:06:27.446+0000] {logging_mixin.py:137} INFO - [2023-03-10T20:06:27.446+0000] {dag.py:2585} INFO - Sync 1 DAGs
[2023-03-10T20:06:27.464+0000] {logging_mixin.py:137} INFO - [2023-03-10T20:06:27.464+0000] {dag.py:3340} INFO - Setting next_dagrun for example_sla_dag to 2023-03-10T20:04:00+00:00, run_after=2023-03-10T20:06:00+00:00
[2023-03-10T20:06:27.479+0000] {processor.py:176} INFO - Processing /home/airflow/.local/lib/python3.7/site-packages/airflow/example_dags/example_sla_dag.py took 0.084 seconds
[2023-03-10T20:06:58.105+0000] {processor.py:154} INFO - Started process (PID=2056) to work on /home/airflow/.local/lib/python3.7/site-packages/airflow/example_dags/example_sla_dag.py
[2023-03-10T20:06:58.109+0000] {processor.py:756} INFO - Processing file /home/airflow/.local/lib/python3.7/site-packages/airflow/example_dags/example_sla_dag.py for tasks to queue
[2023-03-10T20:06:58.111+0000] {logging_mixin.py:137} INFO - [2023-03-10T20:06:58.111+0000] {dagbag.py:537} INFO - Filling up the DagBag from /home/airflow/.local/lib/python3.7/site-packages/airflow/example_dags/example_sla_dag.py
[2023-03-10T20:06:58.136+0000] {processor.py:766} INFO - DAG(s) dict_keys(['example_sla_dag']) retrieved from /home/airflow/.local/lib/python3.7/site-packages/airflow/example_dags/example_sla_dag.py
[2023-03-10T20:06:58.173+0000] {logging_mixin.py:137} INFO - [2023-03-10T20:06:58.172+0000] {dag.py:2585} INFO - Sync 1 DAGs
[2023-03-10T20:06:58.194+0000] {logging_mixin.py:137} INFO - [2023-03-10T20:06:58.194+0000] {dag.py:3340} INFO - Setting next_dagrun for example_sla_dag to 2023-03-10T20:04:00+00:00, run_after=2023-03-10T20:06:00+00:00
[2023-03-10T20:06:58.208+0000] {processor.py:176} INFO - Processing /home/airflow/.local/lib/python3.7/site-packages/airflow/example_dags/example_sla_dag.py took 0.108 seconds
[2023-03-10T20:07:28.896+0000] {processor.py:154} INFO - Started process (PID=2119) to work on /home/airflow/.local/lib/python3.7/site-packages/airflow/example_dags/example_sla_dag.py
[2023-03-10T20:07:28.898+0000] {processor.py:756} INFO - Processing file /home/airflow/.local/lib/python3.7/site-packages/airflow/example_dags/example_sla_dag.py for tasks to queue
[2023-03-10T20:07:28.899+0000] {logging_mixin.py:137} INFO - [2023-03-10T20:07:28.899+0000] {dagbag.py:537} INFO - Filling up the DagBag from /home/airflow/.local/lib/python3.7/site-packages/airflow/example_dags/example_sla_dag.py
[2023-03-10T20:07:28.914+0000] {processor.py:766} INFO - DAG(s) dict_keys(['example_sla_dag']) retrieved from /home/airflow/.local/lib/python3.7/site-packages/airflow/example_dags/example_sla_dag.py
[2023-03-10T20:07:28.940+0000] {logging_mixin.py:137} INFO - [2023-03-10T20:07:28.940+0000] {dag.py:2585} INFO - Sync 1 DAGs
[2023-03-10T20:07:28.959+0000] {logging_mixin.py:137} INFO - [2023-03-10T20:07:28.959+0000] {dag.py:3340} INFO - Setting next_dagrun for example_sla_dag to 2023-03-10T20:04:00+00:00, run_after=2023-03-10T20:06:00+00:00
[2023-03-10T20:07:28.971+0000] {processor.py:176} INFO - Processing /home/airflow/.local/lib/python3.7/site-packages/airflow/example_dags/example_sla_dag.py took 0.077 seconds
[2023-03-10T20:07:59.392+0000] {processor.py:154} INFO - Started process (PID=2183) to work on /home/airflow/.local/lib/python3.7/site-packages/airflow/example_dags/example_sla_dag.py
[2023-03-10T20:07:59.393+0000] {processor.py:756} INFO - Processing file /home/airflow/.local/lib/python3.7/site-packages/airflow/example_dags/example_sla_dag.py for tasks to queue
[2023-03-10T20:07:59.396+0000] {logging_mixin.py:137} INFO - [2023-03-10T20:07:59.396+0000] {dagbag.py:537} INFO - Filling up the DagBag from /home/airflow/.local/lib/python3.7/site-packages/airflow/example_dags/example_sla_dag.py
[2023-03-10T20:07:59.412+0000] {processor.py:766} INFO - DAG(s) dict_keys(['example_sla_dag']) retrieved from /home/airflow/.local/lib/python3.7/site-packages/airflow/example_dags/example_sla_dag.py
[2023-03-10T20:07:59.465+0000] {logging_mixin.py:137} INFO - [2023-03-10T20:07:59.465+0000] {dag.py:2585} INFO - Sync 1 DAGs
[2023-03-10T20:07:59.492+0000] {logging_mixin.py:137} INFO - [2023-03-10T20:07:59.492+0000] {dag.py:3340} INFO - Setting next_dagrun for example_sla_dag to 2023-03-10T20:04:00+00:00, run_after=2023-03-10T20:06:00+00:00
[2023-03-10T20:07:59.508+0000] {processor.py:176} INFO - Processing /home/airflow/.local/lib/python3.7/site-packages/airflow/example_dags/example_sla_dag.py took 0.119 seconds
[2023-03-10T20:08:30.028+0000] {processor.py:154} INFO - Started process (PID=2237) to work on /home/airflow/.local/lib/python3.7/site-packages/airflow/example_dags/example_sla_dag.py
[2023-03-10T20:08:30.030+0000] {processor.py:756} INFO - Processing file /home/airflow/.local/lib/python3.7/site-packages/airflow/example_dags/example_sla_dag.py for tasks to queue
[2023-03-10T20:08:30.031+0000] {logging_mixin.py:137} INFO - [2023-03-10T20:08:30.031+0000] {dagbag.py:537} INFO - Filling up the DagBag from /home/airflow/.local/lib/python3.7/site-packages/airflow/example_dags/example_sla_dag.py
[2023-03-10T20:08:30.048+0000] {processor.py:766} INFO - DAG(s) dict_keys(['example_sla_dag']) retrieved from /home/airflow/.local/lib/python3.7/site-packages/airflow/example_dags/example_sla_dag.py
[2023-03-10T20:08:30.081+0000] {logging_mixin.py:137} INFO - [2023-03-10T20:08:30.081+0000] {dag.py:2585} INFO - Sync 1 DAGs
[2023-03-10T20:08:30.101+0000] {logging_mixin.py:137} INFO - [2023-03-10T20:08:30.101+0000] {dag.py:3340} INFO - Setting next_dagrun for example_sla_dag to 2023-03-10T20:06:00+00:00, run_after=2023-03-10T20:08:00+00:00
[2023-03-10T20:08:30.113+0000] {processor.py:176} INFO - Processing /home/airflow/.local/lib/python3.7/site-packages/airflow/example_dags/example_sla_dag.py took 0.087 seconds
[2023-03-10T20:09:00.641+0000] {processor.py:154} INFO - Started process (PID=2302) to work on /home/airflow/.local/lib/python3.7/site-packages/airflow/example_dags/example_sla_dag.py
[2023-03-10T20:09:00.642+0000] {processor.py:756} INFO - Processing file /home/airflow/.local/lib/python3.7/site-packages/airflow/example_dags/example_sla_dag.py for tasks to queue
[2023-03-10T20:09:00.643+0000] {logging_mixin.py:137} INFO - [2023-03-10T20:09:00.643+0000] {dagbag.py:537} INFO - Filling up the DagBag from /home/airflow/.local/lib/python3.7/site-packages/airflow/example_dags/example_sla_dag.py
[2023-03-10T20:09:00.658+0000] {processor.py:766} INFO - DAG(s) dict_keys(['example_sla_dag']) retrieved from /home/airflow/.local/lib/python3.7/site-packages/airflow/example_dags/example_sla_dag.py
[2023-03-10T20:09:00.683+0000] {logging_mixin.py:137} INFO - [2023-03-10T20:09:00.683+0000] {dag.py:2585} INFO - Sync 1 DAGs
[2023-03-10T20:09:00.700+0000] {logging_mixin.py:137} INFO - [2023-03-10T20:09:00.700+0000] {dag.py:3340} INFO - Setting next_dagrun for example_sla_dag to 2023-03-10T20:06:00+00:00, run_after=2023-03-10T20:08:00+00:00
[2023-03-10T20:09:00.713+0000] {processor.py:176} INFO - Processing /home/airflow/.local/lib/python3.7/site-packages/airflow/example_dags/example_sla_dag.py took 0.075 seconds
[2023-03-10T20:09:31.554+0000] {processor.py:154} INFO - Started process (PID=2365) to work on /home/airflow/.local/lib/python3.7/site-packages/airflow/example_dags/example_sla_dag.py
[2023-03-10T20:09:31.555+0000] {processor.py:756} INFO - Processing file /home/airflow/.local/lib/python3.7/site-packages/airflow/example_dags/example_sla_dag.py for tasks to queue
[2023-03-10T20:09:31.556+0000] {logging_mixin.py:137} INFO - [2023-03-10T20:09:31.556+0000] {dagbag.py:537} INFO - Filling up the DagBag from /home/airflow/.local/lib/python3.7/site-packages/airflow/example_dags/example_sla_dag.py
[2023-03-10T20:09:31.570+0000] {processor.py:766} INFO - DAG(s) dict_keys(['example_sla_dag']) retrieved from /home/airflow/.local/lib/python3.7/site-packages/airflow/example_dags/example_sla_dag.py
[2023-03-10T20:09:31.596+0000] {logging_mixin.py:137} INFO - [2023-03-10T20:09:31.596+0000] {dag.py:2585} INFO - Sync 1 DAGs
[2023-03-10T20:09:31.614+0000] {logging_mixin.py:137} INFO - [2023-03-10T20:09:31.614+0000] {dag.py:3340} INFO - Setting next_dagrun for example_sla_dag to 2023-03-10T20:06:00+00:00, run_after=2023-03-10T20:08:00+00:00
[2023-03-10T20:09:31.627+0000] {processor.py:176} INFO - Processing /home/airflow/.local/lib/python3.7/site-packages/airflow/example_dags/example_sla_dag.py took 0.076 seconds
[2023-03-10T20:10:02.402+0000] {processor.py:154} INFO - Started process (PID=2430) to work on /home/airflow/.local/lib/python3.7/site-packages/airflow/example_dags/example_sla_dag.py
[2023-03-10T20:10:02.404+0000] {processor.py:756} INFO - Processing file /home/airflow/.local/lib/python3.7/site-packages/airflow/example_dags/example_sla_dag.py for tasks to queue
[2023-03-10T20:10:02.405+0000] {logging_mixin.py:137} INFO - [2023-03-10T20:10:02.405+0000] {dagbag.py:537} INFO - Filling up the DagBag from /home/airflow/.local/lib/python3.7/site-packages/airflow/example_dags/example_sla_dag.py
[2023-03-10T20:10:02.420+0000] {processor.py:766} INFO - DAG(s) dict_keys(['example_sla_dag']) retrieved from /home/airflow/.local/lib/python3.7/site-packages/airflow/example_dags/example_sla_dag.py
[2023-03-10T20:10:02.447+0000] {logging_mixin.py:137} INFO - [2023-03-10T20:10:02.447+0000] {dag.py:2585} INFO - Sync 1 DAGs
[2023-03-10T20:10:02.465+0000] {logging_mixin.py:137} INFO - [2023-03-10T20:10:02.465+0000] {dag.py:3340} INFO - Setting next_dagrun for example_sla_dag to 2023-03-10T20:08:00+00:00, run_after=2023-03-10T20:10:00+00:00
[2023-03-10T20:10:02.477+0000] {processor.py:176} INFO - Processing /home/airflow/.local/lib/python3.7/site-packages/airflow/example_dags/example_sla_dag.py took 0.077 seconds
[2023-03-10T20:10:33.061+0000] {processor.py:154} INFO - Started process (PID=2494) to work on /home/airflow/.local/lib/python3.7/site-packages/airflow/example_dags/example_sla_dag.py
[2023-03-10T20:10:33.063+0000] {processor.py:756} INFO - Processing file /home/airflow/.local/lib/python3.7/site-packages/airflow/example_dags/example_sla_dag.py for tasks to queue
[2023-03-10T20:10:33.064+0000] {logging_mixin.py:137} INFO - [2023-03-10T20:10:33.064+0000] {dagbag.py:537} INFO - Filling up the DagBag from /home/airflow/.local/lib/python3.7/site-packages/airflow/example_dags/example_sla_dag.py
[2023-03-10T20:10:33.079+0000] {processor.py:766} INFO - DAG(s) dict_keys(['example_sla_dag']) retrieved from /home/airflow/.local/lib/python3.7/site-packages/airflow/example_dags/example_sla_dag.py
[2023-03-10T20:10:33.105+0000] {logging_mixin.py:137} INFO - [2023-03-10T20:10:33.105+0000] {dag.py:2585} INFO - Sync 1 DAGs
[2023-03-10T20:10:33.121+0000] {logging_mixin.py:137} INFO - [2023-03-10T20:10:33.121+0000] {dag.py:3340} INFO - Setting next_dagrun for example_sla_dag to 2023-03-10T20:08:00+00:00, run_after=2023-03-10T20:10:00+00:00
[2023-03-10T20:10:33.135+0000] {processor.py:176} INFO - Processing /home/airflow/.local/lib/python3.7/site-packages/airflow/example_dags/example_sla_dag.py took 0.076 seconds
[2023-03-10T20:11:03.555+0000] {processor.py:154} INFO - Started process (PID=2549) to work on /home/airflow/.local/lib/python3.7/site-packages/airflow/example_dags/example_sla_dag.py
[2023-03-10T20:11:03.557+0000] {processor.py:756} INFO - Processing file /home/airflow/.local/lib/python3.7/site-packages/airflow/example_dags/example_sla_dag.py for tasks to queue
[2023-03-10T20:11:03.559+0000] {logging_mixin.py:137} INFO - [2023-03-10T20:11:03.559+0000] {dagbag.py:537} INFO - Filling up the DagBag from /home/airflow/.local/lib/python3.7/site-packages/airflow/example_dags/example_sla_dag.py
[2023-03-10T20:11:03.573+0000] {processor.py:766} INFO - DAG(s) dict_keys(['example_sla_dag']) retrieved from /home/airflow/.local/lib/python3.7/site-packages/airflow/example_dags/example_sla_dag.py
[2023-03-10T20:11:03.598+0000] {logging_mixin.py:137} INFO - [2023-03-10T20:11:03.598+0000] {dag.py:2585} INFO - Sync 1 DAGs
[2023-03-10T20:11:03.614+0000] {logging_mixin.py:137} INFO - [2023-03-10T20:11:03.614+0000] {dag.py:3340} INFO - Setting next_dagrun for example_sla_dag to 2023-03-10T20:08:00+00:00, run_after=2023-03-10T20:10:00+00:00
[2023-03-10T20:11:03.625+0000] {processor.py:176} INFO - Processing /home/airflow/.local/lib/python3.7/site-packages/airflow/example_dags/example_sla_dag.py took 0.072 seconds
[2023-03-10T20:11:34.078+0000] {processor.py:154} INFO - Started process (PID=2612) to work on /home/airflow/.local/lib/python3.7/site-packages/airflow/example_dags/example_sla_dag.py
[2023-03-10T20:11:34.080+0000] {processor.py:756} INFO - Processing file /home/airflow/.local/lib/python3.7/site-packages/airflow/example_dags/example_sla_dag.py for tasks to queue
[2023-03-10T20:11:34.082+0000] {logging_mixin.py:137} INFO - [2023-03-10T20:11:34.081+0000] {dagbag.py:537} INFO - Filling up the DagBag from /home/airflow/.local/lib/python3.7/site-packages/airflow/example_dags/example_sla_dag.py
[2023-03-10T20:11:34.096+0000] {processor.py:766} INFO - DAG(s) dict_keys(['example_sla_dag']) retrieved from /home/airflow/.local/lib/python3.7/site-packages/airflow/example_dags/example_sla_dag.py
[2023-03-10T20:11:34.123+0000] {logging_mixin.py:137} INFO - [2023-03-10T20:11:34.123+0000] {dag.py:2585} INFO - Sync 1 DAGs
[2023-03-10T20:11:34.143+0000] {logging_mixin.py:137} INFO - [2023-03-10T20:11:34.142+0000] {dag.py:3340} INFO - Setting next_dagrun for example_sla_dag to 2023-03-10T20:08:00+00:00, run_after=2023-03-10T20:10:00+00:00
[2023-03-10T20:11:34.155+0000] {processor.py:176} INFO - Processing /home/airflow/.local/lib/python3.7/site-packages/airflow/example_dags/example_sla_dag.py took 0.080 seconds
[2023-03-10T20:12:04.869+0000] {processor.py:154} INFO - Started process (PID=2674) to work on /home/airflow/.local/lib/python3.7/site-packages/airflow/example_dags/example_sla_dag.py
[2023-03-10T20:12:04.871+0000] {processor.py:756} INFO - Processing file /home/airflow/.local/lib/python3.7/site-packages/airflow/example_dags/example_sla_dag.py for tasks to queue
[2023-03-10T20:12:04.873+0000] {logging_mixin.py:137} INFO - [2023-03-10T20:12:04.872+0000] {dagbag.py:537} INFO - Filling up the DagBag from /home/airflow/.local/lib/python3.7/site-packages/airflow/example_dags/example_sla_dag.py
[2023-03-10T20:12:04.886+0000] {processor.py:766} INFO - DAG(s) dict_keys(['example_sla_dag']) retrieved from /home/airflow/.local/lib/python3.7/site-packages/airflow/example_dags/example_sla_dag.py
[2023-03-10T20:12:04.911+0000] {logging_mixin.py:137} INFO - [2023-03-10T20:12:04.911+0000] {dag.py:2585} INFO - Sync 1 DAGs
[2023-03-10T20:12:04.929+0000] {logging_mixin.py:137} INFO - [2023-03-10T20:12:04.929+0000] {dag.py:3340} INFO - Setting next_dagrun for example_sla_dag to 2023-03-10T20:10:00+00:00, run_after=2023-03-10T20:12:00+00:00
[2023-03-10T20:12:04.940+0000] {processor.py:176} INFO - Processing /home/airflow/.local/lib/python3.7/site-packages/airflow/example_dags/example_sla_dag.py took 0.073 seconds
[2023-03-10T20:12:35.539+0000] {processor.py:154} INFO - Started process (PID=2738) to work on /home/airflow/.local/lib/python3.7/site-packages/airflow/example_dags/example_sla_dag.py
[2023-03-10T20:12:35.541+0000] {processor.py:756} INFO - Processing file /home/airflow/.local/lib/python3.7/site-packages/airflow/example_dags/example_sla_dag.py for tasks to queue
[2023-03-10T20:12:35.542+0000] {logging_mixin.py:137} INFO - [2023-03-10T20:12:35.542+0000] {dagbag.py:537} INFO - Filling up the DagBag from /home/airflow/.local/lib/python3.7/site-packages/airflow/example_dags/example_sla_dag.py
[2023-03-10T20:12:35.556+0000] {processor.py:766} INFO - DAG(s) dict_keys(['example_sla_dag']) retrieved from /home/airflow/.local/lib/python3.7/site-packages/airflow/example_dags/example_sla_dag.py
[2023-03-10T20:12:35.581+0000] {logging_mixin.py:137} INFO - [2023-03-10T20:12:35.581+0000] {dag.py:2585} INFO - Sync 1 DAGs
[2023-03-10T20:12:35.598+0000] {logging_mixin.py:137} INFO - [2023-03-10T20:12:35.598+0000] {dag.py:3340} INFO - Setting next_dagrun for example_sla_dag to 2023-03-10T20:10:00+00:00, run_after=2023-03-10T20:12:00+00:00
[2023-03-10T20:12:35.609+0000] {processor.py:176} INFO - Processing /home/airflow/.local/lib/python3.7/site-packages/airflow/example_dags/example_sla_dag.py took 0.072 seconds
[2023-03-10T20:13:06.299+0000] {processor.py:154} INFO - Started process (PID=2801) to work on /home/airflow/.local/lib/python3.7/site-packages/airflow/example_dags/example_sla_dag.py
[2023-03-10T20:13:06.302+0000] {processor.py:756} INFO - Processing file /home/airflow/.local/lib/python3.7/site-packages/airflow/example_dags/example_sla_dag.py for tasks to queue
[2023-03-10T20:13:06.303+0000] {logging_mixin.py:137} INFO - [2023-03-10T20:13:06.303+0000] {dagbag.py:537} INFO - Filling up the DagBag from /home/airflow/.local/lib/python3.7/site-packages/airflow/example_dags/example_sla_dag.py
[2023-03-10T20:13:06.319+0000] {processor.py:766} INFO - DAG(s) dict_keys(['example_sla_dag']) retrieved from /home/airflow/.local/lib/python3.7/site-packages/airflow/example_dags/example_sla_dag.py
[2023-03-10T20:13:06.346+0000] {logging_mixin.py:137} INFO - [2023-03-10T20:13:06.346+0000] {dag.py:2585} INFO - Sync 1 DAGs
[2023-03-10T20:13:06.365+0000] {logging_mixin.py:137} INFO - [2023-03-10T20:13:06.364+0000] {dag.py:3340} INFO - Setting next_dagrun for example_sla_dag to 2023-03-10T20:10:00+00:00, run_after=2023-03-10T20:12:00+00:00
[2023-03-10T20:13:06.378+0000] {processor.py:176} INFO - Processing /home/airflow/.local/lib/python3.7/site-packages/airflow/example_dags/example_sla_dag.py took 0.081 seconds
[2023-03-10T20:13:36.866+0000] {processor.py:154} INFO - Started process (PID=2865) to work on /home/airflow/.local/lib/python3.7/site-packages/airflow/example_dags/example_sla_dag.py
[2023-03-10T20:13:36.868+0000] {processor.py:756} INFO - Processing file /home/airflow/.local/lib/python3.7/site-packages/airflow/example_dags/example_sla_dag.py for tasks to queue
[2023-03-10T20:13:36.869+0000] {logging_mixin.py:137} INFO - [2023-03-10T20:13:36.869+0000] {dagbag.py:537} INFO - Filling up the DagBag from /home/airflow/.local/lib/python3.7/site-packages/airflow/example_dags/example_sla_dag.py
[2023-03-10T20:13:36.882+0000] {processor.py:766} INFO - DAG(s) dict_keys(['example_sla_dag']) retrieved from /home/airflow/.local/lib/python3.7/site-packages/airflow/example_dags/example_sla_dag.py
[2023-03-10T20:13:36.907+0000] {logging_mixin.py:137} INFO - [2023-03-10T20:13:36.907+0000] {dag.py:2585} INFO - Sync 1 DAGs
[2023-03-10T20:13:36.924+0000] {logging_mixin.py:137} INFO - [2023-03-10T20:13:36.924+0000] {dag.py:3340} INFO - Setting next_dagrun for example_sla_dag to 2023-03-10T20:10:00+00:00, run_after=2023-03-10T20:12:00+00:00
[2023-03-10T20:13:36.936+0000] {processor.py:176} INFO - Processing /home/airflow/.local/lib/python3.7/site-packages/airflow/example_dags/example_sla_dag.py took 0.071 seconds
[2023-03-10T20:14:07.722+0000] {processor.py:154} INFO - Started process (PID=2920) to work on /home/airflow/.local/lib/python3.7/site-packages/airflow/example_dags/example_sla_dag.py
[2023-03-10T20:14:07.723+0000] {processor.py:756} INFO - Processing file /home/airflow/.local/lib/python3.7/site-packages/airflow/example_dags/example_sla_dag.py for tasks to queue
[2023-03-10T20:14:07.725+0000] {logging_mixin.py:137} INFO - [2023-03-10T20:14:07.725+0000] {dagbag.py:537} INFO - Filling up the DagBag from /home/airflow/.local/lib/python3.7/site-packages/airflow/example_dags/example_sla_dag.py
[2023-03-10T20:14:07.739+0000] {processor.py:766} INFO - DAG(s) dict_keys(['example_sla_dag']) retrieved from /home/airflow/.local/lib/python3.7/site-packages/airflow/example_dags/example_sla_dag.py
[2023-03-10T20:14:07.764+0000] {logging_mixin.py:137} INFO - [2023-03-10T20:14:07.764+0000] {dag.py:2585} INFO - Sync 1 DAGs
[2023-03-10T20:14:07.780+0000] {logging_mixin.py:137} INFO - [2023-03-10T20:14:07.780+0000] {dag.py:3340} INFO - Setting next_dagrun for example_sla_dag to 2023-03-10T20:12:00+00:00, run_after=2023-03-10T20:14:00+00:00
[2023-03-10T20:14:07.793+0000] {processor.py:176} INFO - Processing /home/airflow/.local/lib/python3.7/site-packages/airflow/example_dags/example_sla_dag.py took 0.073 seconds
[2023-03-10T20:14:38.206+0000] {processor.py:154} INFO - Started process (PID=2984) to work on /home/airflow/.local/lib/python3.7/site-packages/airflow/example_dags/example_sla_dag.py
[2023-03-10T20:14:38.207+0000] {processor.py:756} INFO - Processing file /home/airflow/.local/lib/python3.7/site-packages/airflow/example_dags/example_sla_dag.py for tasks to queue
[2023-03-10T20:14:38.209+0000] {logging_mixin.py:137} INFO - [2023-03-10T20:14:38.209+0000] {dagbag.py:537} INFO - Filling up the DagBag from /home/airflow/.local/lib/python3.7/site-packages/airflow/example_dags/example_sla_dag.py
[2023-03-10T20:14:38.223+0000] {processor.py:766} INFO - DAG(s) dict_keys(['example_sla_dag']) retrieved from /home/airflow/.local/lib/python3.7/site-packages/airflow/example_dags/example_sla_dag.py
[2023-03-10T20:14:38.248+0000] {logging_mixin.py:137} INFO - [2023-03-10T20:14:38.248+0000] {dag.py:2585} INFO - Sync 1 DAGs
[2023-03-10T20:14:38.265+0000] {logging_mixin.py:137} INFO - [2023-03-10T20:14:38.265+0000] {dag.py:3340} INFO - Setting next_dagrun for example_sla_dag to 2023-03-10T20:12:00+00:00, run_after=2023-03-10T20:14:00+00:00
[2023-03-10T20:14:38.278+0000] {processor.py:176} INFO - Processing /home/airflow/.local/lib/python3.7/site-packages/airflow/example_dags/example_sla_dag.py took 0.074 seconds
[2023-03-10T20:15:08.873+0000] {processor.py:154} INFO - Started process (PID=3048) to work on /home/airflow/.local/lib/python3.7/site-packages/airflow/example_dags/example_sla_dag.py
[2023-03-10T20:15:08.875+0000] {processor.py:756} INFO - Processing file /home/airflow/.local/lib/python3.7/site-packages/airflow/example_dags/example_sla_dag.py for tasks to queue
[2023-03-10T20:15:08.876+0000] {logging_mixin.py:137} INFO - [2023-03-10T20:15:08.876+0000] {dagbag.py:537} INFO - Filling up the DagBag from /home/airflow/.local/lib/python3.7/site-packages/airflow/example_dags/example_sla_dag.py
[2023-03-10T20:15:08.890+0000] {processor.py:766} INFO - DAG(s) dict_keys(['example_sla_dag']) retrieved from /home/airflow/.local/lib/python3.7/site-packages/airflow/example_dags/example_sla_dag.py
[2023-03-10T20:15:08.916+0000] {logging_mixin.py:137} INFO - [2023-03-10T20:15:08.916+0000] {dag.py:2585} INFO - Sync 1 DAGs
[2023-03-10T20:15:08.933+0000] {logging_mixin.py:137} INFO - [2023-03-10T20:15:08.933+0000] {dag.py:3340} INFO - Setting next_dagrun for example_sla_dag to 2023-03-10T20:12:00+00:00, run_after=2023-03-10T20:14:00+00:00
[2023-03-10T20:15:08.945+0000] {processor.py:176} INFO - Processing /home/airflow/.local/lib/python3.7/site-packages/airflow/example_dags/example_sla_dag.py took 0.074 seconds
[2023-03-10T20:15:39.266+0000] {processor.py:154} INFO - Started process (PID=3112) to work on /home/airflow/.local/lib/python3.7/site-packages/airflow/example_dags/example_sla_dag.py
[2023-03-10T20:15:39.268+0000] {processor.py:756} INFO - Processing file /home/airflow/.local/lib/python3.7/site-packages/airflow/example_dags/example_sla_dag.py for tasks to queue
[2023-03-10T20:15:39.269+0000] {logging_mixin.py:137} INFO - [2023-03-10T20:15:39.269+0000] {dagbag.py:537} INFO - Filling up the DagBag from /home/airflow/.local/lib/python3.7/site-packages/airflow/example_dags/example_sla_dag.py
[2023-03-10T20:15:39.284+0000] {processor.py:766} INFO - DAG(s) dict_keys(['example_sla_dag']) retrieved from /home/airflow/.local/lib/python3.7/site-packages/airflow/example_dags/example_sla_dag.py
[2023-03-10T20:15:39.308+0000] {logging_mixin.py:137} INFO - [2023-03-10T20:15:39.308+0000] {dag.py:2585} INFO - Sync 1 DAGs
[2023-03-10T20:15:39.326+0000] {logging_mixin.py:137} INFO - [2023-03-10T20:15:39.325+0000] {dag.py:3340} INFO - Setting next_dagrun for example_sla_dag to 2023-03-10T20:12:00+00:00, run_after=2023-03-10T20:14:00+00:00
[2023-03-10T20:15:39.339+0000] {processor.py:176} INFO - Processing /home/airflow/.local/lib/python3.7/site-packages/airflow/example_dags/example_sla_dag.py took 0.075 seconds
[2023-03-10T20:16:09.868+0000] {processor.py:154} INFO - Started process (PID=3176) to work on /home/airflow/.local/lib/python3.7/site-packages/airflow/example_dags/example_sla_dag.py
[2023-03-10T20:16:09.870+0000] {processor.py:756} INFO - Processing file /home/airflow/.local/lib/python3.7/site-packages/airflow/example_dags/example_sla_dag.py for tasks to queue
[2023-03-10T20:16:09.871+0000] {logging_mixin.py:137} INFO - [2023-03-10T20:16:09.871+0000] {dagbag.py:537} INFO - Filling up the DagBag from /home/airflow/.local/lib/python3.7/site-packages/airflow/example_dags/example_sla_dag.py
[2023-03-10T20:16:09.885+0000] {processor.py:766} INFO - DAG(s) dict_keys(['example_sla_dag']) retrieved from /home/airflow/.local/lib/python3.7/site-packages/airflow/example_dags/example_sla_dag.py
[2023-03-10T20:16:09.911+0000] {logging_mixin.py:137} INFO - [2023-03-10T20:16:09.911+0000] {dag.py:2585} INFO - Sync 1 DAGs
[2023-03-10T20:16:09.929+0000] {logging_mixin.py:137} INFO - [2023-03-10T20:16:09.929+0000] {dag.py:3340} INFO - Setting next_dagrun for example_sla_dag to 2023-03-10T20:14:00+00:00, run_after=2023-03-10T20:16:00+00:00
[2023-03-10T20:16:09.944+0000] {processor.py:176} INFO - Processing /home/airflow/.local/lib/python3.7/site-packages/airflow/example_dags/example_sla_dag.py took 0.078 seconds
[2023-03-10T20:16:40.100+0000] {processor.py:154} INFO - Started process (PID=3239) to work on /home/airflow/.local/lib/python3.7/site-packages/airflow/example_dags/example_sla_dag.py
[2023-03-10T20:16:40.101+0000] {processor.py:756} INFO - Processing file /home/airflow/.local/lib/python3.7/site-packages/airflow/example_dags/example_sla_dag.py for tasks to queue
[2023-03-10T20:16:40.102+0000] {logging_mixin.py:137} INFO - [2023-03-10T20:16:40.102+0000] {dagbag.py:537} INFO - Filling up the DagBag from /home/airflow/.local/lib/python3.7/site-packages/airflow/example_dags/example_sla_dag.py
[2023-03-10T20:16:40.115+0000] {processor.py:766} INFO - DAG(s) dict_keys(['example_sla_dag']) retrieved from /home/airflow/.local/lib/python3.7/site-packages/airflow/example_dags/example_sla_dag.py
[2023-03-10T20:16:40.141+0000] {logging_mixin.py:137} INFO - [2023-03-10T20:16:40.141+0000] {dag.py:2585} INFO - Sync 1 DAGs
[2023-03-10T20:16:40.157+0000] {logging_mixin.py:137} INFO - [2023-03-10T20:16:40.157+0000] {dag.py:3340} INFO - Setting next_dagrun for example_sla_dag to 2023-03-10T20:14:00+00:00, run_after=2023-03-10T20:16:00+00:00
[2023-03-10T20:16:40.170+0000] {processor.py:176} INFO - Processing /home/airflow/.local/lib/python3.7/site-packages/airflow/example_dags/example_sla_dag.py took 0.072 seconds
[2023-03-10T20:17:10.530+0000] {processor.py:154} INFO - Started process (PID=3294) to work on /home/airflow/.local/lib/python3.7/site-packages/airflow/example_dags/example_sla_dag.py
[2023-03-10T20:17:10.532+0000] {processor.py:756} INFO - Processing file /home/airflow/.local/lib/python3.7/site-packages/airflow/example_dags/example_sla_dag.py for tasks to queue
[2023-03-10T20:17:10.533+0000] {logging_mixin.py:137} INFO - [2023-03-10T20:17:10.533+0000] {dagbag.py:537} INFO - Filling up the DagBag from /home/airflow/.local/lib/python3.7/site-packages/airflow/example_dags/example_sla_dag.py
[2023-03-10T20:17:10.547+0000] {processor.py:766} INFO - DAG(s) dict_keys(['example_sla_dag']) retrieved from /home/airflow/.local/lib/python3.7/site-packages/airflow/example_dags/example_sla_dag.py
[2023-03-10T20:17:10.571+0000] {logging_mixin.py:137} INFO - [2023-03-10T20:17:10.571+0000] {dag.py:2585} INFO - Sync 1 DAGs
[2023-03-10T20:17:10.588+0000] {logging_mixin.py:137} INFO - [2023-03-10T20:17:10.588+0000] {dag.py:3340} INFO - Setting next_dagrun for example_sla_dag to 2023-03-10T20:14:00+00:00, run_after=2023-03-10T20:16:00+00:00
[2023-03-10T20:17:10.600+0000] {processor.py:176} INFO - Processing /home/airflow/.local/lib/python3.7/site-packages/airflow/example_dags/example_sla_dag.py took 0.072 seconds
[2023-03-10T20:17:40.987+0000] {processor.py:154} INFO - Started process (PID=3358) to work on /home/airflow/.local/lib/python3.7/site-packages/airflow/example_dags/example_sla_dag.py
[2023-03-10T20:17:40.989+0000] {processor.py:756} INFO - Processing file /home/airflow/.local/lib/python3.7/site-packages/airflow/example_dags/example_sla_dag.py for tasks to queue
[2023-03-10T20:17:40.990+0000] {logging_mixin.py:137} INFO - [2023-03-10T20:17:40.990+0000] {dagbag.py:537} INFO - Filling up the DagBag from /home/airflow/.local/lib/python3.7/site-packages/airflow/example_dags/example_sla_dag.py
[2023-03-10T20:17:41.003+0000] {processor.py:766} INFO - DAG(s) dict_keys(['example_sla_dag']) retrieved from /home/airflow/.local/lib/python3.7/site-packages/airflow/example_dags/example_sla_dag.py
[2023-03-10T20:17:41.028+0000] {logging_mixin.py:137} INFO - [2023-03-10T20:17:41.028+0000] {dag.py:2585} INFO - Sync 1 DAGs
[2023-03-10T20:17:41.046+0000] {logging_mixin.py:137} INFO - [2023-03-10T20:17:41.046+0000] {dag.py:3340} INFO - Setting next_dagrun for example_sla_dag to 2023-03-10T20:14:00+00:00, run_after=2023-03-10T20:16:00+00:00
[2023-03-10T20:17:41.060+0000] {processor.py:176} INFO - Processing /home/airflow/.local/lib/python3.7/site-packages/airflow/example_dags/example_sla_dag.py took 0.074 seconds
[2023-03-10T20:18:11.267+0000] {processor.py:154} INFO - Started process (PID=3423) to work on /home/airflow/.local/lib/python3.7/site-packages/airflow/example_dags/example_sla_dag.py
[2023-03-10T20:18:11.269+0000] {processor.py:756} INFO - Processing file /home/airflow/.local/lib/python3.7/site-packages/airflow/example_dags/example_sla_dag.py for tasks to queue
[2023-03-10T20:18:11.270+0000] {logging_mixin.py:137} INFO - [2023-03-10T20:18:11.270+0000] {dagbag.py:537} INFO - Filling up the DagBag from /home/airflow/.local/lib/python3.7/site-packages/airflow/example_dags/example_sla_dag.py
[2023-03-10T20:18:11.284+0000] {processor.py:766} INFO - DAG(s) dict_keys(['example_sla_dag']) retrieved from /home/airflow/.local/lib/python3.7/site-packages/airflow/example_dags/example_sla_dag.py
[2023-03-10T20:18:11.309+0000] {logging_mixin.py:137} INFO - [2023-03-10T20:18:11.309+0000] {dag.py:2585} INFO - Sync 1 DAGs
[2023-03-10T20:18:11.325+0000] {logging_mixin.py:137} INFO - [2023-03-10T20:18:11.325+0000] {dag.py:3340} INFO - Setting next_dagrun for example_sla_dag to 2023-03-10T20:16:00+00:00, run_after=2023-03-10T20:18:00+00:00
[2023-03-10T20:18:11.336+0000] {processor.py:176} INFO - Processing /home/airflow/.local/lib/python3.7/site-packages/airflow/example_dags/example_sla_dag.py took 0.071 seconds
[2023-03-10T20:18:42.027+0000] {processor.py:154} INFO - Started process (PID=3487) to work on /home/airflow/.local/lib/python3.7/site-packages/airflow/example_dags/example_sla_dag.py
[2023-03-10T20:18:42.028+0000] {processor.py:756} INFO - Processing file /home/airflow/.local/lib/python3.7/site-packages/airflow/example_dags/example_sla_dag.py for tasks to queue
[2023-03-10T20:18:42.030+0000] {logging_mixin.py:137} INFO - [2023-03-10T20:18:42.030+0000] {dagbag.py:537} INFO - Filling up the DagBag from /home/airflow/.local/lib/python3.7/site-packages/airflow/example_dags/example_sla_dag.py
[2023-03-10T20:18:42.044+0000] {processor.py:766} INFO - DAG(s) dict_keys(['example_sla_dag']) retrieved from /home/airflow/.local/lib/python3.7/site-packages/airflow/example_dags/example_sla_dag.py
[2023-03-10T20:18:42.069+0000] {logging_mixin.py:137} INFO - [2023-03-10T20:18:42.069+0000] {dag.py:2585} INFO - Sync 1 DAGs
[2023-03-10T20:18:42.086+0000] {logging_mixin.py:137} INFO - [2023-03-10T20:18:42.086+0000] {dag.py:3340} INFO - Setting next_dagrun for example_sla_dag to 2023-03-10T20:16:00+00:00, run_after=2023-03-10T20:18:00+00:00
[2023-03-10T20:18:42.099+0000] {processor.py:176} INFO - Processing /home/airflow/.local/lib/python3.7/site-packages/airflow/example_dags/example_sla_dag.py took 0.074 seconds
[2023-03-10T20:19:12.672+0000] {processor.py:154} INFO - Started process (PID=3550) to work on /home/airflow/.local/lib/python3.7/site-packages/airflow/example_dags/example_sla_dag.py
[2023-03-10T20:19:12.674+0000] {processor.py:756} INFO - Processing file /home/airflow/.local/lib/python3.7/site-packages/airflow/example_dags/example_sla_dag.py for tasks to queue
[2023-03-10T20:19:12.675+0000] {logging_mixin.py:137} INFO - [2023-03-10T20:19:12.675+0000] {dagbag.py:537} INFO - Filling up the DagBag from /home/airflow/.local/lib/python3.7/site-packages/airflow/example_dags/example_sla_dag.py
[2023-03-10T20:19:12.690+0000] {processor.py:766} INFO - DAG(s) dict_keys(['example_sla_dag']) retrieved from /home/airflow/.local/lib/python3.7/site-packages/airflow/example_dags/example_sla_dag.py
[2023-03-10T20:19:12.714+0000] {logging_mixin.py:137} INFO - [2023-03-10T20:19:12.714+0000] {dag.py:2585} INFO - Sync 1 DAGs
[2023-03-10T20:19:12.734+0000] {logging_mixin.py:137} INFO - [2023-03-10T20:19:12.734+0000] {dag.py:3340} INFO - Setting next_dagrun for example_sla_dag to 2023-03-10T20:16:00+00:00, run_after=2023-03-10T20:18:00+00:00
[2023-03-10T20:19:12.746+0000] {processor.py:176} INFO - Processing /home/airflow/.local/lib/python3.7/site-packages/airflow/example_dags/example_sla_dag.py took 0.076 seconds
[2023-03-10T20:19:43.401+0000] {processor.py:154} INFO - Started process (PID=3604) to work on /home/airflow/.local/lib/python3.7/site-packages/airflow/example_dags/example_sla_dag.py
[2023-03-10T20:19:43.403+0000] {processor.py:756} INFO - Processing file /home/airflow/.local/lib/python3.7/site-packages/airflow/example_dags/example_sla_dag.py for tasks to queue
[2023-03-10T20:19:43.404+0000] {logging_mixin.py:137} INFO - [2023-03-10T20:19:43.404+0000] {dagbag.py:537} INFO - Filling up the DagBag from /home/airflow/.local/lib/python3.7/site-packages/airflow/example_dags/example_sla_dag.py
[2023-03-10T20:19:43.423+0000] {processor.py:766} INFO - DAG(s) dict_keys(['example_sla_dag']) retrieved from /home/airflow/.local/lib/python3.7/site-packages/airflow/example_dags/example_sla_dag.py
[2023-03-10T20:19:43.516+0000] {logging_mixin.py:137} INFO - [2023-03-10T20:19:43.516+0000] {dag.py:2585} INFO - Sync 1 DAGs
[2023-03-10T20:19:43.613+0000] {logging_mixin.py:137} INFO - [2023-03-10T20:19:43.612+0000] {dag.py:3340} INFO - Setting next_dagrun for example_sla_dag to 2023-03-10T20:16:00+00:00, run_after=2023-03-10T20:18:00+00:00
[2023-03-10T20:19:43.658+0000] {processor.py:176} INFO - Processing /home/airflow/.local/lib/python3.7/site-packages/airflow/example_dags/example_sla_dag.py took 0.260 seconds
[2023-03-10T20:20:14.287+0000] {processor.py:154} INFO - Started process (PID=3668) to work on /home/airflow/.local/lib/python3.7/site-packages/airflow/example_dags/example_sla_dag.py
[2023-03-10T20:20:14.289+0000] {processor.py:756} INFO - Processing file /home/airflow/.local/lib/python3.7/site-packages/airflow/example_dags/example_sla_dag.py for tasks to queue
[2023-03-10T20:20:14.292+0000] {logging_mixin.py:137} INFO - [2023-03-10T20:20:14.291+0000] {dagbag.py:537} INFO - Filling up the DagBag from /home/airflow/.local/lib/python3.7/site-packages/airflow/example_dags/example_sla_dag.py
[2023-03-10T20:20:14.309+0000] {processor.py:766} INFO - DAG(s) dict_keys(['example_sla_dag']) retrieved from /home/airflow/.local/lib/python3.7/site-packages/airflow/example_dags/example_sla_dag.py
[2023-03-10T20:20:14.336+0000] {logging_mixin.py:137} INFO - [2023-03-10T20:20:14.336+0000] {dag.py:2585} INFO - Sync 1 DAGs
[2023-03-10T20:20:14.352+0000] {logging_mixin.py:137} INFO - [2023-03-10T20:20:14.352+0000] {dag.py:3340} INFO - Setting next_dagrun for example_sla_dag to 2023-03-10T20:18:00+00:00, run_after=2023-03-10T20:20:00+00:00
[2023-03-10T20:20:14.365+0000] {processor.py:176} INFO - Processing /home/airflow/.local/lib/python3.7/site-packages/airflow/example_dags/example_sla_dag.py took 0.081 seconds
[2023-03-10T20:20:44.900+0000] {processor.py:154} INFO - Started process (PID=3732) to work on /home/airflow/.local/lib/python3.7/site-packages/airflow/example_dags/example_sla_dag.py
[2023-03-10T20:20:44.902+0000] {processor.py:756} INFO - Processing file /home/airflow/.local/lib/python3.7/site-packages/airflow/example_dags/example_sla_dag.py for tasks to queue
[2023-03-10T20:20:44.904+0000] {logging_mixin.py:137} INFO - [2023-03-10T20:20:44.904+0000] {dagbag.py:537} INFO - Filling up the DagBag from /home/airflow/.local/lib/python3.7/site-packages/airflow/example_dags/example_sla_dag.py
[2023-03-10T20:20:44.921+0000] {processor.py:766} INFO - DAG(s) dict_keys(['example_sla_dag']) retrieved from /home/airflow/.local/lib/python3.7/site-packages/airflow/example_dags/example_sla_dag.py
[2023-03-10T20:20:44.958+0000] {logging_mixin.py:137} INFO - [2023-03-10T20:20:44.958+0000] {dag.py:2585} INFO - Sync 1 DAGs
[2023-03-10T20:20:44.985+0000] {logging_mixin.py:137} INFO - [2023-03-10T20:20:44.985+0000] {dag.py:3340} INFO - Setting next_dagrun for example_sla_dag to 2023-03-10T20:18:00+00:00, run_after=2023-03-10T20:20:00+00:00
[2023-03-10T20:20:45.008+0000] {processor.py:176} INFO - Processing /home/airflow/.local/lib/python3.7/site-packages/airflow/example_dags/example_sla_dag.py took 0.109 seconds
[2023-03-10T20:21:15.713+0000] {processor.py:154} INFO - Started process (PID=3797) to work on /home/airflow/.local/lib/python3.7/site-packages/airflow/example_dags/example_sla_dag.py
[2023-03-10T20:21:15.715+0000] {processor.py:756} INFO - Processing file /home/airflow/.local/lib/python3.7/site-packages/airflow/example_dags/example_sla_dag.py for tasks to queue
[2023-03-10T20:21:15.717+0000] {logging_mixin.py:137} INFO - [2023-03-10T20:21:15.716+0000] {dagbag.py:537} INFO - Filling up the DagBag from /home/airflow/.local/lib/python3.7/site-packages/airflow/example_dags/example_sla_dag.py
[2023-03-10T20:21:15.741+0000] {processor.py:766} INFO - DAG(s) dict_keys(['example_sla_dag']) retrieved from /home/airflow/.local/lib/python3.7/site-packages/airflow/example_dags/example_sla_dag.py
[2023-03-10T20:21:15.780+0000] {logging_mixin.py:137} INFO - [2023-03-10T20:21:15.780+0000] {dag.py:2585} INFO - Sync 1 DAGs
[2023-03-10T20:21:15.807+0000] {logging_mixin.py:137} INFO - [2023-03-10T20:21:15.807+0000] {dag.py:3340} INFO - Setting next_dagrun for example_sla_dag to 2023-03-10T20:18:00+00:00, run_after=2023-03-10T20:20:00+00:00
[2023-03-10T20:21:15.823+0000] {processor.py:176} INFO - Processing /home/airflow/.local/lib/python3.7/site-packages/airflow/example_dags/example_sla_dag.py took 0.112 seconds
[2023-03-10T20:21:46.299+0000] {processor.py:154} INFO - Started process (PID=3861) to work on /home/airflow/.local/lib/python3.7/site-packages/airflow/example_dags/example_sla_dag.py
[2023-03-10T20:21:46.304+0000] {processor.py:756} INFO - Processing file /home/airflow/.local/lib/python3.7/site-packages/airflow/example_dags/example_sla_dag.py for tasks to queue
[2023-03-10T20:21:46.305+0000] {logging_mixin.py:137} INFO - [2023-03-10T20:21:46.305+0000] {dagbag.py:537} INFO - Filling up the DagBag from /home/airflow/.local/lib/python3.7/site-packages/airflow/example_dags/example_sla_dag.py
[2023-03-10T20:21:46.322+0000] {processor.py:766} INFO - DAG(s) dict_keys(['example_sla_dag']) retrieved from /home/airflow/.local/lib/python3.7/site-packages/airflow/example_dags/example_sla_dag.py
[2023-03-10T20:21:46.361+0000] {logging_mixin.py:137} INFO - [2023-03-10T20:21:46.360+0000] {dag.py:2585} INFO - Sync 1 DAGs
[2023-03-10T20:21:46.382+0000] {logging_mixin.py:137} INFO - [2023-03-10T20:21:46.382+0000] {dag.py:3340} INFO - Setting next_dagrun for example_sla_dag to 2023-03-10T20:18:00+00:00, run_after=2023-03-10T20:20:00+00:00
[2023-03-10T20:21:46.397+0000] {processor.py:176} INFO - Processing /home/airflow/.local/lib/python3.7/site-packages/airflow/example_dags/example_sla_dag.py took 0.100 seconds
[2023-03-10T20:22:16.505+0000] {processor.py:154} INFO - Started process (PID=3916) to work on /home/airflow/.local/lib/python3.7/site-packages/airflow/example_dags/example_sla_dag.py
[2023-03-10T20:22:16.507+0000] {processor.py:756} INFO - Processing file /home/airflow/.local/lib/python3.7/site-packages/airflow/example_dags/example_sla_dag.py for tasks to queue
[2023-03-10T20:22:16.508+0000] {logging_mixin.py:137} INFO - [2023-03-10T20:22:16.508+0000] {dagbag.py:537} INFO - Filling up the DagBag from /home/airflow/.local/lib/python3.7/site-packages/airflow/example_dags/example_sla_dag.py
[2023-03-10T20:22:16.524+0000] {processor.py:766} INFO - DAG(s) dict_keys(['example_sla_dag']) retrieved from /home/airflow/.local/lib/python3.7/site-packages/airflow/example_dags/example_sla_dag.py
[2023-03-10T20:22:16.553+0000] {logging_mixin.py:137} INFO - [2023-03-10T20:22:16.553+0000] {dag.py:2585} INFO - Sync 1 DAGs
[2023-03-10T20:22:16.574+0000] {logging_mixin.py:137} INFO - [2023-03-10T20:22:16.574+0000] {dag.py:3340} INFO - Setting next_dagrun for example_sla_dag to 2023-03-10T20:20:00+00:00, run_after=2023-03-10T20:22:00+00:00
[2023-03-10T20:22:16.587+0000] {processor.py:176} INFO - Processing /home/airflow/.local/lib/python3.7/site-packages/airflow/example_dags/example_sla_dag.py took 0.084 seconds
[2023-03-10T20:22:47.018+0000] {processor.py:154} INFO - Started process (PID=3979) to work on /home/airflow/.local/lib/python3.7/site-packages/airflow/example_dags/example_sla_dag.py
[2023-03-10T20:22:47.020+0000] {processor.py:756} INFO - Processing file /home/airflow/.local/lib/python3.7/site-packages/airflow/example_dags/example_sla_dag.py for tasks to queue
[2023-03-10T20:22:47.020+0000] {logging_mixin.py:137} INFO - [2023-03-10T20:22:47.020+0000] {dagbag.py:537} INFO - Filling up the DagBag from /home/airflow/.local/lib/python3.7/site-packages/airflow/example_dags/example_sla_dag.py
[2023-03-10T20:22:47.036+0000] {processor.py:766} INFO - DAG(s) dict_keys(['example_sla_dag']) retrieved from /home/airflow/.local/lib/python3.7/site-packages/airflow/example_dags/example_sla_dag.py
[2023-03-10T20:22:47.067+0000] {logging_mixin.py:137} INFO - [2023-03-10T20:22:47.067+0000] {dag.py:2585} INFO - Sync 1 DAGs
[2023-03-10T20:22:47.085+0000] {logging_mixin.py:137} INFO - [2023-03-10T20:22:47.085+0000] {dag.py:3340} INFO - Setting next_dagrun for example_sla_dag to 2023-03-10T20:20:00+00:00, run_after=2023-03-10T20:22:00+00:00
[2023-03-10T20:22:47.099+0000] {processor.py:176} INFO - Processing /home/airflow/.local/lib/python3.7/site-packages/airflow/example_dags/example_sla_dag.py took 0.084 seconds
[2023-03-10T20:23:17.507+0000] {processor.py:154} INFO - Started process (PID=4043) to work on /home/airflow/.local/lib/python3.7/site-packages/airflow/example_dags/example_sla_dag.py
[2023-03-10T20:23:17.509+0000] {processor.py:756} INFO - Processing file /home/airflow/.local/lib/python3.7/site-packages/airflow/example_dags/example_sla_dag.py for tasks to queue
[2023-03-10T20:23:17.510+0000] {logging_mixin.py:137} INFO - [2023-03-10T20:23:17.510+0000] {dagbag.py:537} INFO - Filling up the DagBag from /home/airflow/.local/lib/python3.7/site-packages/airflow/example_dags/example_sla_dag.py
[2023-03-10T20:23:17.524+0000] {processor.py:766} INFO - DAG(s) dict_keys(['example_sla_dag']) retrieved from /home/airflow/.local/lib/python3.7/site-packages/airflow/example_dags/example_sla_dag.py
[2023-03-10T20:23:17.549+0000] {logging_mixin.py:137} INFO - [2023-03-10T20:23:17.549+0000] {dag.py:2585} INFO - Sync 1 DAGs
[2023-03-10T20:23:17.567+0000] {logging_mixin.py:137} INFO - [2023-03-10T20:23:17.567+0000] {dag.py:3340} INFO - Setting next_dagrun for example_sla_dag to 2023-03-10T20:20:00+00:00, run_after=2023-03-10T20:22:00+00:00
[2023-03-10T20:23:17.579+0000] {processor.py:176} INFO - Processing /home/airflow/.local/lib/python3.7/site-packages/airflow/example_dags/example_sla_dag.py took 0.074 seconds
[2023-03-10T20:23:47.988+0000] {processor.py:154} INFO - Started process (PID=4106) to work on /home/airflow/.local/lib/python3.7/site-packages/airflow/example_dags/example_sla_dag.py
[2023-03-10T20:23:47.990+0000] {processor.py:756} INFO - Processing file /home/airflow/.local/lib/python3.7/site-packages/airflow/example_dags/example_sla_dag.py for tasks to queue
[2023-03-10T20:23:47.991+0000] {logging_mixin.py:137} INFO - [2023-03-10T20:23:47.991+0000] {dagbag.py:537} INFO - Filling up the DagBag from /home/airflow/.local/lib/python3.7/site-packages/airflow/example_dags/example_sla_dag.py
[2023-03-10T20:23:48.006+0000] {processor.py:766} INFO - DAG(s) dict_keys(['example_sla_dag']) retrieved from /home/airflow/.local/lib/python3.7/site-packages/airflow/example_dags/example_sla_dag.py
[2023-03-10T20:23:48.032+0000] {logging_mixin.py:137} INFO - [2023-03-10T20:23:48.032+0000] {dag.py:2585} INFO - Sync 1 DAGs
[2023-03-10T20:23:48.048+0000] {logging_mixin.py:137} INFO - [2023-03-10T20:23:48.048+0000] {dag.py:3340} INFO - Setting next_dagrun for example_sla_dag to 2023-03-10T20:20:00+00:00, run_after=2023-03-10T20:22:00+00:00
[2023-03-10T20:23:48.061+0000] {processor.py:176} INFO - Processing /home/airflow/.local/lib/python3.7/site-packages/airflow/example_dags/example_sla_dag.py took 0.075 seconds
[2023-03-10T20:24:18.620+0000] {processor.py:154} INFO - Started process (PID=4169) to work on /home/airflow/.local/lib/python3.7/site-packages/airflow/example_dags/example_sla_dag.py
[2023-03-10T20:24:18.622+0000] {processor.py:756} INFO - Processing file /home/airflow/.local/lib/python3.7/site-packages/airflow/example_dags/example_sla_dag.py for tasks to queue
[2023-03-10T20:24:18.623+0000] {logging_mixin.py:137} INFO - [2023-03-10T20:24:18.623+0000] {dagbag.py:537} INFO - Filling up the DagBag from /home/airflow/.local/lib/python3.7/site-packages/airflow/example_dags/example_sla_dag.py
[2023-03-10T20:24:18.636+0000] {processor.py:766} INFO - DAG(s) dict_keys(['example_sla_dag']) retrieved from /home/airflow/.local/lib/python3.7/site-packages/airflow/example_dags/example_sla_dag.py
[2023-03-10T20:24:18.662+0000] {logging_mixin.py:137} INFO - [2023-03-10T20:24:18.662+0000] {dag.py:2585} INFO - Sync 1 DAGs
[2023-03-10T20:24:18.677+0000] {logging_mixin.py:137} INFO - [2023-03-10T20:24:18.677+0000] {dag.py:3340} INFO - Setting next_dagrun for example_sla_dag to 2023-03-10T20:22:00+00:00, run_after=2023-03-10T20:24:00+00:00
[2023-03-10T20:24:18.689+0000] {processor.py:176} INFO - Processing /home/airflow/.local/lib/python3.7/site-packages/airflow/example_dags/example_sla_dag.py took 0.071 seconds
[2023-03-10T20:24:49.063+0000] {processor.py:154} INFO - Started process (PID=4233) to work on /home/airflow/.local/lib/python3.7/site-packages/airflow/example_dags/example_sla_dag.py
[2023-03-10T20:24:49.066+0000] {processor.py:756} INFO - Processing file /home/airflow/.local/lib/python3.7/site-packages/airflow/example_dags/example_sla_dag.py for tasks to queue
[2023-03-10T20:24:49.068+0000] {logging_mixin.py:137} INFO - [2023-03-10T20:24:49.067+0000] {dagbag.py:537} INFO - Filling up the DagBag from /home/airflow/.local/lib/python3.7/site-packages/airflow/example_dags/example_sla_dag.py
[2023-03-10T20:24:49.089+0000] {processor.py:766} INFO - DAG(s) dict_keys(['example_sla_dag']) retrieved from /home/airflow/.local/lib/python3.7/site-packages/airflow/example_dags/example_sla_dag.py
[2023-03-10T20:24:49.130+0000] {logging_mixin.py:137} INFO - [2023-03-10T20:24:49.129+0000] {dag.py:2585} INFO - Sync 1 DAGs
[2023-03-10T20:24:49.152+0000] {logging_mixin.py:137} INFO - [2023-03-10T20:24:49.152+0000] {dag.py:3340} INFO - Setting next_dagrun for example_sla_dag to 2023-03-10T20:22:00+00:00, run_after=2023-03-10T20:24:00+00:00
[2023-03-10T20:24:49.167+0000] {processor.py:176} INFO - Processing /home/airflow/.local/lib/python3.7/site-packages/airflow/example_dags/example_sla_dag.py took 0.110 seconds
[2023-03-10T20:25:19.680+0000] {processor.py:154} INFO - Started process (PID=4288) to work on /home/airflow/.local/lib/python3.7/site-packages/airflow/example_dags/example_sla_dag.py
[2023-03-10T20:25:19.682+0000] {processor.py:756} INFO - Processing file /home/airflow/.local/lib/python3.7/site-packages/airflow/example_dags/example_sla_dag.py for tasks to queue
[2023-03-10T20:25:19.684+0000] {logging_mixin.py:137} INFO - [2023-03-10T20:25:19.684+0000] {dagbag.py:537} INFO - Filling up the DagBag from /home/airflow/.local/lib/python3.7/site-packages/airflow/example_dags/example_sla_dag.py
[2023-03-10T20:25:19.699+0000] {processor.py:766} INFO - DAG(s) dict_keys(['example_sla_dag']) retrieved from /home/airflow/.local/lib/python3.7/site-packages/airflow/example_dags/example_sla_dag.py
[2023-03-10T20:25:19.736+0000] {logging_mixin.py:137} INFO - [2023-03-10T20:25:19.736+0000] {dag.py:2585} INFO - Sync 1 DAGs
[2023-03-10T20:25:19.756+0000] {logging_mixin.py:137} INFO - [2023-03-10T20:25:19.756+0000] {dag.py:3340} INFO - Setting next_dagrun for example_sla_dag to 2023-03-10T20:22:00+00:00, run_after=2023-03-10T20:24:00+00:00
[2023-03-10T20:25:19.767+0000] {processor.py:176} INFO - Processing /home/airflow/.local/lib/python3.7/site-packages/airflow/example_dags/example_sla_dag.py took 0.090 seconds
[2023-03-10T20:25:50.353+0000] {processor.py:154} INFO - Started process (PID=4350) to work on /home/airflow/.local/lib/python3.7/site-packages/airflow/example_dags/example_sla_dag.py
[2023-03-10T20:25:50.355+0000] {processor.py:756} INFO - Processing file /home/airflow/.local/lib/python3.7/site-packages/airflow/example_dags/example_sla_dag.py for tasks to queue
[2023-03-10T20:25:50.356+0000] {logging_mixin.py:137} INFO - [2023-03-10T20:25:50.356+0000] {dagbag.py:537} INFO - Filling up the DagBag from /home/airflow/.local/lib/python3.7/site-packages/airflow/example_dags/example_sla_dag.py
[2023-03-10T20:25:50.369+0000] {processor.py:766} INFO - DAG(s) dict_keys(['example_sla_dag']) retrieved from /home/airflow/.local/lib/python3.7/site-packages/airflow/example_dags/example_sla_dag.py
[2023-03-10T20:25:50.395+0000] {logging_mixin.py:137} INFO - [2023-03-10T20:25:50.395+0000] {dag.py:2585} INFO - Sync 1 DAGs
[2023-03-10T20:25:50.413+0000] {logging_mixin.py:137} INFO - [2023-03-10T20:25:50.413+0000] {dag.py:3340} INFO - Setting next_dagrun for example_sla_dag to 2023-03-10T20:22:00+00:00, run_after=2023-03-10T20:24:00+00:00
[2023-03-10T20:25:50.427+0000] {processor.py:176} INFO - Processing /home/airflow/.local/lib/python3.7/site-packages/airflow/example_dags/example_sla_dag.py took 0.076 seconds
[2023-03-10T20:26:21.313+0000] {processor.py:154} INFO - Started process (PID=4414) to work on /home/airflow/.local/lib/python3.7/site-packages/airflow/example_dags/example_sla_dag.py
[2023-03-10T20:26:21.315+0000] {processor.py:756} INFO - Processing file /home/airflow/.local/lib/python3.7/site-packages/airflow/example_dags/example_sla_dag.py for tasks to queue
[2023-03-10T20:26:21.316+0000] {logging_mixin.py:137} INFO - [2023-03-10T20:26:21.316+0000] {dagbag.py:537} INFO - Filling up the DagBag from /home/airflow/.local/lib/python3.7/site-packages/airflow/example_dags/example_sla_dag.py
[2023-03-10T20:26:21.330+0000] {processor.py:766} INFO - DAG(s) dict_keys(['example_sla_dag']) retrieved from /home/airflow/.local/lib/python3.7/site-packages/airflow/example_dags/example_sla_dag.py
[2023-03-10T20:26:21.358+0000] {logging_mixin.py:137} INFO - [2023-03-10T20:26:21.358+0000] {dag.py:2585} INFO - Sync 1 DAGs
[2023-03-10T20:26:21.374+0000] {logging_mixin.py:137} INFO - [2023-03-10T20:26:21.374+0000] {dag.py:3340} INFO - Setting next_dagrun for example_sla_dag to 2023-03-10T20:24:00+00:00, run_after=2023-03-10T20:26:00+00:00
[2023-03-10T20:26:21.387+0000] {processor.py:176} INFO - Processing /home/airflow/.local/lib/python3.7/site-packages/airflow/example_dags/example_sla_dag.py took 0.077 seconds
[2023-03-10T20:26:51.750+0000] {processor.py:154} INFO - Started process (PID=4477) to work on /home/airflow/.local/lib/python3.7/site-packages/airflow/example_dags/example_sla_dag.py
[2023-03-10T20:26:51.752+0000] {processor.py:756} INFO - Processing file /home/airflow/.local/lib/python3.7/site-packages/airflow/example_dags/example_sla_dag.py for tasks to queue
[2023-03-10T20:26:51.753+0000] {logging_mixin.py:137} INFO - [2023-03-10T20:26:51.753+0000] {dagbag.py:537} INFO - Filling up the DagBag from /home/airflow/.local/lib/python3.7/site-packages/airflow/example_dags/example_sla_dag.py
[2023-03-10T20:26:51.766+0000] {processor.py:766} INFO - DAG(s) dict_keys(['example_sla_dag']) retrieved from /home/airflow/.local/lib/python3.7/site-packages/airflow/example_dags/example_sla_dag.py
[2023-03-10T20:26:51.793+0000] {logging_mixin.py:137} INFO - [2023-03-10T20:26:51.793+0000] {dag.py:2585} INFO - Sync 1 DAGs
[2023-03-10T20:26:51.814+0000] {logging_mixin.py:137} INFO - [2023-03-10T20:26:51.813+0000] {dag.py:3340} INFO - Setting next_dagrun for example_sla_dag to 2023-03-10T20:24:00+00:00, run_after=2023-03-10T20:26:00+00:00
[2023-03-10T20:26:51.826+0000] {processor.py:176} INFO - Processing /home/airflow/.local/lib/python3.7/site-packages/airflow/example_dags/example_sla_dag.py took 0.078 seconds
[2023-03-10T20:27:22.464+0000] {processor.py:154} INFO - Started process (PID=4541) to work on /home/airflow/.local/lib/python3.7/site-packages/airflow/example_dags/example_sla_dag.py
[2023-03-10T20:27:22.468+0000] {processor.py:756} INFO - Processing file /home/airflow/.local/lib/python3.7/site-packages/airflow/example_dags/example_sla_dag.py for tasks to queue
[2023-03-10T20:27:22.470+0000] {logging_mixin.py:137} INFO - [2023-03-10T20:27:22.469+0000] {dagbag.py:537} INFO - Filling up the DagBag from /home/airflow/.local/lib/python3.7/site-packages/airflow/example_dags/example_sla_dag.py
[2023-03-10T20:27:22.487+0000] {processor.py:766} INFO - DAG(s) dict_keys(['example_sla_dag']) retrieved from /home/airflow/.local/lib/python3.7/site-packages/airflow/example_dags/example_sla_dag.py
[2023-03-10T20:27:22.514+0000] {logging_mixin.py:137} INFO - [2023-03-10T20:27:22.514+0000] {dag.py:2585} INFO - Sync 1 DAGs
[2023-03-10T20:27:22.531+0000] {logging_mixin.py:137} INFO - [2023-03-10T20:27:22.531+0000] {dag.py:3340} INFO - Setting next_dagrun for example_sla_dag to 2023-03-10T20:24:00+00:00, run_after=2023-03-10T20:26:00+00:00
[2023-03-10T20:27:22.543+0000] {processor.py:176} INFO - Processing /home/airflow/.local/lib/python3.7/site-packages/airflow/example_dags/example_sla_dag.py took 0.081 seconds
[2023-03-10T20:27:53.204+0000] {processor.py:154} INFO - Started process (PID=4604) to work on /home/airflow/.local/lib/python3.7/site-packages/airflow/example_dags/example_sla_dag.py
[2023-03-10T20:27:53.207+0000] {processor.py:756} INFO - Processing file /home/airflow/.local/lib/python3.7/site-packages/airflow/example_dags/example_sla_dag.py for tasks to queue
[2023-03-10T20:27:53.215+0000] {logging_mixin.py:137} INFO - [2023-03-10T20:27:53.215+0000] {dagbag.py:537} INFO - Filling up the DagBag from /home/airflow/.local/lib/python3.7/site-packages/airflow/example_dags/example_sla_dag.py
[2023-03-10T20:27:53.245+0000] {processor.py:766} INFO - DAG(s) dict_keys(['example_sla_dag']) retrieved from /home/airflow/.local/lib/python3.7/site-packages/airflow/example_dags/example_sla_dag.py
[2023-03-10T20:27:53.286+0000] {logging_mixin.py:137} INFO - [2023-03-10T20:27:53.286+0000] {dag.py:2585} INFO - Sync 1 DAGs
[2023-03-10T20:27:53.302+0000] {logging_mixin.py:137} INFO - [2023-03-10T20:27:53.302+0000] {dag.py:3340} INFO - Setting next_dagrun for example_sla_dag to 2023-03-10T20:24:00+00:00, run_after=2023-03-10T20:26:00+00:00
[2023-03-10T20:27:53.313+0000] {processor.py:176} INFO - Processing /home/airflow/.local/lib/python3.7/site-packages/airflow/example_dags/example_sla_dag.py took 0.112 seconds
