[2023-03-10T19:50:31.098+0000] {processor.py:154} INFO - Started process (PID=46) to work on /home/airflow/.local/lib/python3.7/site-packages/airflow/example_dags/tutorial_taskflow_api.py
[2023-03-10T19:50:31.099+0000] {processor.py:756} INFO - Processing file /home/airflow/.local/lib/python3.7/site-packages/airflow/example_dags/tutorial_taskflow_api.py for tasks to queue
[2023-03-10T19:50:31.100+0000] {logging_mixin.py:137} INFO - [2023-03-10T19:50:31.100+0000] {dagbag.py:537} INFO - Filling up the DagBag from /home/airflow/.local/lib/python3.7/site-packages/airflow/example_dags/tutorial_taskflow_api.py
[2023-03-10T19:50:31.128+0000] {processor.py:766} INFO - DAG(s) dict_keys(['tutorial_taskflow_api']) retrieved from /home/airflow/.local/lib/python3.7/site-packages/airflow/example_dags/tutorial_taskflow_api.py
[2023-03-10T19:50:31.168+0000] {logging_mixin.py:137} INFO - [2023-03-10T19:50:31.168+0000] {dag.py:2585} INFO - Sync 1 DAGs
[2023-03-10T19:50:31.205+0000] {logging_mixin.py:137} INFO - [2023-03-10T19:50:31.205+0000] {dag.py:3340} INFO - Setting next_dagrun for tutorial_taskflow_api to None, run_after=None
[2023-03-10T19:50:31.222+0000] {processor.py:176} INFO - Processing /home/airflow/.local/lib/python3.7/site-packages/airflow/example_dags/tutorial_taskflow_api.py took 0.126 seconds
[2023-03-10T19:51:01.531+0000] {processor.py:154} INFO - Started process (PID=110) to work on /home/airflow/.local/lib/python3.7/site-packages/airflow/example_dags/tutorial_taskflow_api.py
[2023-03-10T19:51:01.533+0000] {processor.py:756} INFO - Processing file /home/airflow/.local/lib/python3.7/site-packages/airflow/example_dags/tutorial_taskflow_api.py for tasks to queue
[2023-03-10T19:51:01.534+0000] {logging_mixin.py:137} INFO - [2023-03-10T19:51:01.534+0000] {dagbag.py:537} INFO - Filling up the DagBag from /home/airflow/.local/lib/python3.7/site-packages/airflow/example_dags/tutorial_taskflow_api.py
[2023-03-10T19:51:01.548+0000] {processor.py:766} INFO - DAG(s) dict_keys(['tutorial_taskflow_api']) retrieved from /home/airflow/.local/lib/python3.7/site-packages/airflow/example_dags/tutorial_taskflow_api.py
[2023-03-10T19:51:01.574+0000] {logging_mixin.py:137} INFO - [2023-03-10T19:51:01.574+0000] {dag.py:2585} INFO - Sync 1 DAGs
[2023-03-10T19:51:01.589+0000] {logging_mixin.py:137} INFO - [2023-03-10T19:51:01.589+0000] {dag.py:3340} INFO - Setting next_dagrun for tutorial_taskflow_api to None, run_after=None
[2023-03-10T19:51:01.604+0000] {processor.py:176} INFO - Processing /home/airflow/.local/lib/python3.7/site-packages/airflow/example_dags/tutorial_taskflow_api.py took 0.074 seconds
[2023-03-10T19:51:32.144+0000] {processor.py:154} INFO - Started process (PID=175) to work on /home/airflow/.local/lib/python3.7/site-packages/airflow/example_dags/tutorial_taskflow_api.py
[2023-03-10T19:51:32.146+0000] {processor.py:756} INFO - Processing file /home/airflow/.local/lib/python3.7/site-packages/airflow/example_dags/tutorial_taskflow_api.py for tasks to queue
[2023-03-10T19:51:32.147+0000] {logging_mixin.py:137} INFO - [2023-03-10T19:51:32.147+0000] {dagbag.py:537} INFO - Filling up the DagBag from /home/airflow/.local/lib/python3.7/site-packages/airflow/example_dags/tutorial_taskflow_api.py
[2023-03-10T19:51:32.160+0000] {processor.py:766} INFO - DAG(s) dict_keys(['tutorial_taskflow_api']) retrieved from /home/airflow/.local/lib/python3.7/site-packages/airflow/example_dags/tutorial_taskflow_api.py
[2023-03-10T19:51:32.186+0000] {logging_mixin.py:137} INFO - [2023-03-10T19:51:32.186+0000] {dag.py:2585} INFO - Sync 1 DAGs
[2023-03-10T19:51:32.201+0000] {logging_mixin.py:137} INFO - [2023-03-10T19:51:32.201+0000] {dag.py:3340} INFO - Setting next_dagrun for tutorial_taskflow_api to None, run_after=None
[2023-03-10T19:51:32.213+0000] {processor.py:176} INFO - Processing /home/airflow/.local/lib/python3.7/site-packages/airflow/example_dags/tutorial_taskflow_api.py took 0.071 seconds
[2023-03-10T19:52:02.649+0000] {processor.py:154} INFO - Started process (PID=239) to work on /home/airflow/.local/lib/python3.7/site-packages/airflow/example_dags/tutorial_taskflow_api.py
[2023-03-10T19:52:02.652+0000] {processor.py:756} INFO - Processing file /home/airflow/.local/lib/python3.7/site-packages/airflow/example_dags/tutorial_taskflow_api.py for tasks to queue
[2023-03-10T19:52:02.654+0000] {logging_mixin.py:137} INFO - [2023-03-10T19:52:02.654+0000] {dagbag.py:537} INFO - Filling up the DagBag from /home/airflow/.local/lib/python3.7/site-packages/airflow/example_dags/tutorial_taskflow_api.py
[2023-03-10T19:52:02.667+0000] {processor.py:766} INFO - DAG(s) dict_keys(['tutorial_taskflow_api']) retrieved from /home/airflow/.local/lib/python3.7/site-packages/airflow/example_dags/tutorial_taskflow_api.py
[2023-03-10T19:52:02.692+0000] {logging_mixin.py:137} INFO - [2023-03-10T19:52:02.692+0000] {dag.py:2585} INFO - Sync 1 DAGs
[2023-03-10T19:52:02.711+0000] {logging_mixin.py:137} INFO - [2023-03-10T19:52:02.711+0000] {dag.py:3340} INFO - Setting next_dagrun for tutorial_taskflow_api to None, run_after=None
[2023-03-10T19:52:02.724+0000] {processor.py:176} INFO - Processing /home/airflow/.local/lib/python3.7/site-packages/airflow/example_dags/tutorial_taskflow_api.py took 0.077 seconds
[2023-03-10T19:52:33.948+0000] {processor.py:154} INFO - Started process (PID=304) to work on /home/airflow/.local/lib/python3.7/site-packages/airflow/example_dags/tutorial_taskflow_api.py
[2023-03-10T19:52:33.949+0000] {processor.py:756} INFO - Processing file /home/airflow/.local/lib/python3.7/site-packages/airflow/example_dags/tutorial_taskflow_api.py for tasks to queue
[2023-03-10T19:52:33.950+0000] {logging_mixin.py:137} INFO - [2023-03-10T19:52:33.950+0000] {dagbag.py:537} INFO - Filling up the DagBag from /home/airflow/.local/lib/python3.7/site-packages/airflow/example_dags/tutorial_taskflow_api.py
[2023-03-10T19:52:33.964+0000] {processor.py:766} INFO - DAG(s) dict_keys(['tutorial_taskflow_api']) retrieved from /home/airflow/.local/lib/python3.7/site-packages/airflow/example_dags/tutorial_taskflow_api.py
[2023-03-10T19:52:33.990+0000] {logging_mixin.py:137} INFO - [2023-03-10T19:52:33.990+0000] {dag.py:2585} INFO - Sync 1 DAGs
[2023-03-10T19:52:34.006+0000] {logging_mixin.py:137} INFO - [2023-03-10T19:52:34.006+0000] {dag.py:3340} INFO - Setting next_dagrun for tutorial_taskflow_api to None, run_after=None
[2023-03-10T19:52:34.023+0000] {processor.py:176} INFO - Processing /home/airflow/.local/lib/python3.7/site-packages/airflow/example_dags/tutorial_taskflow_api.py took 0.077 seconds
[2023-03-10T19:53:04.578+0000] {processor.py:154} INFO - Started process (PID=360) to work on /home/airflow/.local/lib/python3.7/site-packages/airflow/example_dags/tutorial_taskflow_api.py
[2023-03-10T19:53:04.580+0000] {processor.py:756} INFO - Processing file /home/airflow/.local/lib/python3.7/site-packages/airflow/example_dags/tutorial_taskflow_api.py for tasks to queue
[2023-03-10T19:53:04.581+0000] {logging_mixin.py:137} INFO - [2023-03-10T19:53:04.581+0000] {dagbag.py:537} INFO - Filling up the DagBag from /home/airflow/.local/lib/python3.7/site-packages/airflow/example_dags/tutorial_taskflow_api.py
[2023-03-10T19:53:04.595+0000] {processor.py:766} INFO - DAG(s) dict_keys(['tutorial_taskflow_api']) retrieved from /home/airflow/.local/lib/python3.7/site-packages/airflow/example_dags/tutorial_taskflow_api.py
[2023-03-10T19:53:04.622+0000] {logging_mixin.py:137} INFO - [2023-03-10T19:53:04.622+0000] {dag.py:2585} INFO - Sync 1 DAGs
[2023-03-10T19:53:04.637+0000] {logging_mixin.py:137} INFO - [2023-03-10T19:53:04.637+0000] {dag.py:3340} INFO - Setting next_dagrun for tutorial_taskflow_api to None, run_after=None
[2023-03-10T19:53:04.650+0000] {processor.py:176} INFO - Processing /home/airflow/.local/lib/python3.7/site-packages/airflow/example_dags/tutorial_taskflow_api.py took 0.073 seconds
[2023-03-10T19:53:34.826+0000] {processor.py:154} INFO - Started process (PID=423) to work on /home/airflow/.local/lib/python3.7/site-packages/airflow/example_dags/tutorial_taskflow_api.py
[2023-03-10T19:53:34.828+0000] {processor.py:756} INFO - Processing file /home/airflow/.local/lib/python3.7/site-packages/airflow/example_dags/tutorial_taskflow_api.py for tasks to queue
[2023-03-10T19:53:34.830+0000] {logging_mixin.py:137} INFO - [2023-03-10T19:53:34.830+0000] {dagbag.py:537} INFO - Filling up the DagBag from /home/airflow/.local/lib/python3.7/site-packages/airflow/example_dags/tutorial_taskflow_api.py
[2023-03-10T19:53:34.844+0000] {processor.py:766} INFO - DAG(s) dict_keys(['tutorial_taskflow_api']) retrieved from /home/airflow/.local/lib/python3.7/site-packages/airflow/example_dags/tutorial_taskflow_api.py
[2023-03-10T19:53:34.870+0000] {logging_mixin.py:137} INFO - [2023-03-10T19:53:34.870+0000] {dag.py:2585} INFO - Sync 1 DAGs
[2023-03-10T19:53:34.885+0000] {logging_mixin.py:137} INFO - [2023-03-10T19:53:34.885+0000] {dag.py:3340} INFO - Setting next_dagrun for tutorial_taskflow_api to None, run_after=None
[2023-03-10T19:53:34.897+0000] {processor.py:176} INFO - Processing /home/airflow/.local/lib/python3.7/site-packages/airflow/example_dags/tutorial_taskflow_api.py took 0.073 seconds
[2023-03-10T19:54:05.662+0000] {processor.py:154} INFO - Started process (PID=487) to work on /home/airflow/.local/lib/python3.7/site-packages/airflow/example_dags/tutorial_taskflow_api.py
[2023-03-10T19:54:05.664+0000] {processor.py:756} INFO - Processing file /home/airflow/.local/lib/python3.7/site-packages/airflow/example_dags/tutorial_taskflow_api.py for tasks to queue
[2023-03-10T19:54:05.665+0000] {logging_mixin.py:137} INFO - [2023-03-10T19:54:05.665+0000] {dagbag.py:537} INFO - Filling up the DagBag from /home/airflow/.local/lib/python3.7/site-packages/airflow/example_dags/tutorial_taskflow_api.py
[2023-03-10T19:54:05.679+0000] {processor.py:766} INFO - DAG(s) dict_keys(['tutorial_taskflow_api']) retrieved from /home/airflow/.local/lib/python3.7/site-packages/airflow/example_dags/tutorial_taskflow_api.py
[2023-03-10T19:54:05.708+0000] {logging_mixin.py:137} INFO - [2023-03-10T19:54:05.708+0000] {dag.py:2585} INFO - Sync 1 DAGs
[2023-03-10T19:54:05.724+0000] {logging_mixin.py:137} INFO - [2023-03-10T19:54:05.724+0000] {dag.py:3340} INFO - Setting next_dagrun for tutorial_taskflow_api to None, run_after=None
[2023-03-10T19:54:05.737+0000] {processor.py:176} INFO - Processing /home/airflow/.local/lib/python3.7/site-packages/airflow/example_dags/tutorial_taskflow_api.py took 0.077 seconds
[2023-03-10T19:54:36.351+0000] {processor.py:154} INFO - Started process (PID=551) to work on /home/airflow/.local/lib/python3.7/site-packages/airflow/example_dags/tutorial_taskflow_api.py
[2023-03-10T19:54:36.352+0000] {processor.py:756} INFO - Processing file /home/airflow/.local/lib/python3.7/site-packages/airflow/example_dags/tutorial_taskflow_api.py for tasks to queue
[2023-03-10T19:54:36.353+0000] {logging_mixin.py:137} INFO - [2023-03-10T19:54:36.353+0000] {dagbag.py:537} INFO - Filling up the DagBag from /home/airflow/.local/lib/python3.7/site-packages/airflow/example_dags/tutorial_taskflow_api.py
[2023-03-10T19:54:36.367+0000] {processor.py:766} INFO - DAG(s) dict_keys(['tutorial_taskflow_api']) retrieved from /home/airflow/.local/lib/python3.7/site-packages/airflow/example_dags/tutorial_taskflow_api.py
[2023-03-10T19:54:36.394+0000] {logging_mixin.py:137} INFO - [2023-03-10T19:54:36.394+0000] {dag.py:2585} INFO - Sync 1 DAGs
[2023-03-10T19:54:36.410+0000] {logging_mixin.py:137} INFO - [2023-03-10T19:54:36.410+0000] {dag.py:3340} INFO - Setting next_dagrun for tutorial_taskflow_api to None, run_after=None
[2023-03-10T19:54:36.422+0000] {processor.py:176} INFO - Processing /home/airflow/.local/lib/python3.7/site-packages/airflow/example_dags/tutorial_taskflow_api.py took 0.073 seconds
[2023-03-10T19:55:07.153+0000] {processor.py:154} INFO - Started process (PID=612) to work on /home/airflow/.local/lib/python3.7/site-packages/airflow/example_dags/tutorial_taskflow_api.py
[2023-03-10T19:55:07.156+0000] {processor.py:756} INFO - Processing file /home/airflow/.local/lib/python3.7/site-packages/airflow/example_dags/tutorial_taskflow_api.py for tasks to queue
[2023-03-10T19:55:07.158+0000] {logging_mixin.py:137} INFO - [2023-03-10T19:55:07.158+0000] {dagbag.py:537} INFO - Filling up the DagBag from /home/airflow/.local/lib/python3.7/site-packages/airflow/example_dags/tutorial_taskflow_api.py
[2023-03-10T19:55:07.172+0000] {processor.py:766} INFO - DAG(s) dict_keys(['tutorial_taskflow_api']) retrieved from /home/airflow/.local/lib/python3.7/site-packages/airflow/example_dags/tutorial_taskflow_api.py
[2023-03-10T19:55:07.199+0000] {logging_mixin.py:137} INFO - [2023-03-10T19:55:07.199+0000] {dag.py:2585} INFO - Sync 1 DAGs
[2023-03-10T19:55:07.215+0000] {logging_mixin.py:137} INFO - [2023-03-10T19:55:07.215+0000] {dag.py:3340} INFO - Setting next_dagrun for tutorial_taskflow_api to None, run_after=None
[2023-03-10T19:55:07.228+0000] {processor.py:176} INFO - Processing /home/airflow/.local/lib/python3.7/site-packages/airflow/example_dags/tutorial_taskflow_api.py took 0.078 seconds
[2023-03-10T19:55:38.113+0000] {processor.py:154} INFO - Started process (PID=668) to work on /home/airflow/.local/lib/python3.7/site-packages/airflow/example_dags/tutorial_taskflow_api.py
[2023-03-10T19:55:38.115+0000] {processor.py:756} INFO - Processing file /home/airflow/.local/lib/python3.7/site-packages/airflow/example_dags/tutorial_taskflow_api.py for tasks to queue
[2023-03-10T19:55:38.116+0000] {logging_mixin.py:137} INFO - [2023-03-10T19:55:38.116+0000] {dagbag.py:537} INFO - Filling up the DagBag from /home/airflow/.local/lib/python3.7/site-packages/airflow/example_dags/tutorial_taskflow_api.py
[2023-03-10T19:55:38.132+0000] {processor.py:766} INFO - DAG(s) dict_keys(['tutorial_taskflow_api']) retrieved from /home/airflow/.local/lib/python3.7/site-packages/airflow/example_dags/tutorial_taskflow_api.py
[2023-03-10T19:55:38.160+0000] {logging_mixin.py:137} INFO - [2023-03-10T19:55:38.160+0000] {dag.py:2585} INFO - Sync 1 DAGs
[2023-03-10T19:55:38.177+0000] {logging_mixin.py:137} INFO - [2023-03-10T19:55:38.177+0000] {dag.py:3340} INFO - Setting next_dagrun for tutorial_taskflow_api to None, run_after=None
[2023-03-10T19:55:38.189+0000] {processor.py:176} INFO - Processing /home/airflow/.local/lib/python3.7/site-packages/airflow/example_dags/tutorial_taskflow_api.py took 0.080 seconds
[2023-03-10T19:56:08.665+0000] {processor.py:154} INFO - Started process (PID=732) to work on /home/airflow/.local/lib/python3.7/site-packages/airflow/example_dags/tutorial_taskflow_api.py
[2023-03-10T19:56:08.666+0000] {processor.py:756} INFO - Processing file /home/airflow/.local/lib/python3.7/site-packages/airflow/example_dags/tutorial_taskflow_api.py for tasks to queue
[2023-03-10T19:56:08.667+0000] {logging_mixin.py:137} INFO - [2023-03-10T19:56:08.667+0000] {dagbag.py:537} INFO - Filling up the DagBag from /home/airflow/.local/lib/python3.7/site-packages/airflow/example_dags/tutorial_taskflow_api.py
[2023-03-10T19:56:08.679+0000] {processor.py:766} INFO - DAG(s) dict_keys(['tutorial_taskflow_api']) retrieved from /home/airflow/.local/lib/python3.7/site-packages/airflow/example_dags/tutorial_taskflow_api.py
[2023-03-10T19:56:08.708+0000] {logging_mixin.py:137} INFO - [2023-03-10T19:56:08.708+0000] {dag.py:2585} INFO - Sync 1 DAGs
[2023-03-10T19:56:08.722+0000] {logging_mixin.py:137} INFO - [2023-03-10T19:56:08.722+0000] {dag.py:3340} INFO - Setting next_dagrun for tutorial_taskflow_api to None, run_after=None
[2023-03-10T19:56:08.734+0000] {processor.py:176} INFO - Processing /home/airflow/.local/lib/python3.7/site-packages/airflow/example_dags/tutorial_taskflow_api.py took 0.072 seconds
[2023-03-10T19:56:39.576+0000] {processor.py:154} INFO - Started process (PID=796) to work on /home/airflow/.local/lib/python3.7/site-packages/airflow/example_dags/tutorial_taskflow_api.py
[2023-03-10T19:56:39.578+0000] {processor.py:756} INFO - Processing file /home/airflow/.local/lib/python3.7/site-packages/airflow/example_dags/tutorial_taskflow_api.py for tasks to queue
[2023-03-10T19:56:39.579+0000] {logging_mixin.py:137} INFO - [2023-03-10T19:56:39.579+0000] {dagbag.py:537} INFO - Filling up the DagBag from /home/airflow/.local/lib/python3.7/site-packages/airflow/example_dags/tutorial_taskflow_api.py
[2023-03-10T19:56:39.594+0000] {processor.py:766} INFO - DAG(s) dict_keys(['tutorial_taskflow_api']) retrieved from /home/airflow/.local/lib/python3.7/site-packages/airflow/example_dags/tutorial_taskflow_api.py
[2023-03-10T19:56:39.621+0000] {logging_mixin.py:137} INFO - [2023-03-10T19:56:39.621+0000] {dag.py:2585} INFO - Sync 1 DAGs
[2023-03-10T19:56:39.636+0000] {logging_mixin.py:137} INFO - [2023-03-10T19:56:39.636+0000] {dag.py:3340} INFO - Setting next_dagrun for tutorial_taskflow_api to None, run_after=None
[2023-03-10T19:56:39.648+0000] {processor.py:176} INFO - Processing /home/airflow/.local/lib/python3.7/site-packages/airflow/example_dags/tutorial_taskflow_api.py took 0.074 seconds
[2023-03-10T19:57:10.350+0000] {processor.py:154} INFO - Started process (PID=859) to work on /home/airflow/.local/lib/python3.7/site-packages/airflow/example_dags/tutorial_taskflow_api.py
[2023-03-10T19:57:10.352+0000] {processor.py:756} INFO - Processing file /home/airflow/.local/lib/python3.7/site-packages/airflow/example_dags/tutorial_taskflow_api.py for tasks to queue
[2023-03-10T19:57:10.354+0000] {logging_mixin.py:137} INFO - [2023-03-10T19:57:10.354+0000] {dagbag.py:537} INFO - Filling up the DagBag from /home/airflow/.local/lib/python3.7/site-packages/airflow/example_dags/tutorial_taskflow_api.py
[2023-03-10T19:57:10.370+0000] {processor.py:766} INFO - DAG(s) dict_keys(['tutorial_taskflow_api']) retrieved from /home/airflow/.local/lib/python3.7/site-packages/airflow/example_dags/tutorial_taskflow_api.py
[2023-03-10T19:57:10.397+0000] {logging_mixin.py:137} INFO - [2023-03-10T19:57:10.397+0000] {dag.py:2585} INFO - Sync 1 DAGs
[2023-03-10T19:57:10.414+0000] {logging_mixin.py:137} INFO - [2023-03-10T19:57:10.414+0000] {dag.py:3340} INFO - Setting next_dagrun for tutorial_taskflow_api to None, run_after=None
[2023-03-10T19:57:10.429+0000] {processor.py:176} INFO - Processing /home/airflow/.local/lib/python3.7/site-packages/airflow/example_dags/tutorial_taskflow_api.py took 0.081 seconds
[2023-03-10T19:57:41.402+0000] {processor.py:154} INFO - Started process (PID=922) to work on /home/airflow/.local/lib/python3.7/site-packages/airflow/example_dags/tutorial_taskflow_api.py
[2023-03-10T19:57:41.404+0000] {processor.py:756} INFO - Processing file /home/airflow/.local/lib/python3.7/site-packages/airflow/example_dags/tutorial_taskflow_api.py for tasks to queue
[2023-03-10T19:57:41.405+0000] {logging_mixin.py:137} INFO - [2023-03-10T19:57:41.405+0000] {dagbag.py:537} INFO - Filling up the DagBag from /home/airflow/.local/lib/python3.7/site-packages/airflow/example_dags/tutorial_taskflow_api.py
[2023-03-10T19:57:41.417+0000] {processor.py:766} INFO - DAG(s) dict_keys(['tutorial_taskflow_api']) retrieved from /home/airflow/.local/lib/python3.7/site-packages/airflow/example_dags/tutorial_taskflow_api.py
[2023-03-10T19:57:41.442+0000] {logging_mixin.py:137} INFO - [2023-03-10T19:57:41.441+0000] {dag.py:2585} INFO - Sync 1 DAGs
[2023-03-10T19:57:41.457+0000] {logging_mixin.py:137} INFO - [2023-03-10T19:57:41.457+0000] {dag.py:3340} INFO - Setting next_dagrun for tutorial_taskflow_api to None, run_after=None
[2023-03-10T19:57:41.470+0000] {processor.py:176} INFO - Processing /home/airflow/.local/lib/python3.7/site-packages/airflow/example_dags/tutorial_taskflow_api.py took 0.070 seconds
[2023-03-10T19:58:12.263+0000] {processor.py:154} INFO - Started process (PID=986) to work on /home/airflow/.local/lib/python3.7/site-packages/airflow/example_dags/tutorial_taskflow_api.py
[2023-03-10T19:58:12.265+0000] {processor.py:756} INFO - Processing file /home/airflow/.local/lib/python3.7/site-packages/airflow/example_dags/tutorial_taskflow_api.py for tasks to queue
[2023-03-10T19:58:12.266+0000] {logging_mixin.py:137} INFO - [2023-03-10T19:58:12.266+0000] {dagbag.py:537} INFO - Filling up the DagBag from /home/airflow/.local/lib/python3.7/site-packages/airflow/example_dags/tutorial_taskflow_api.py
[2023-03-10T19:58:12.281+0000] {processor.py:766} INFO - DAG(s) dict_keys(['tutorial_taskflow_api']) retrieved from /home/airflow/.local/lib/python3.7/site-packages/airflow/example_dags/tutorial_taskflow_api.py
[2023-03-10T19:58:12.312+0000] {logging_mixin.py:137} INFO - [2023-03-10T19:58:12.312+0000] {dag.py:2585} INFO - Sync 1 DAGs
[2023-03-10T19:58:12.332+0000] {logging_mixin.py:137} INFO - [2023-03-10T19:58:12.332+0000] {dag.py:3340} INFO - Setting next_dagrun for tutorial_taskflow_api to None, run_after=None
[2023-03-10T19:58:12.349+0000] {processor.py:176} INFO - Processing /home/airflow/.local/lib/python3.7/site-packages/airflow/example_dags/tutorial_taskflow_api.py took 0.095 seconds
[2023-03-10T19:58:42.991+0000] {processor.py:154} INFO - Started process (PID=1041) to work on /home/airflow/.local/lib/python3.7/site-packages/airflow/example_dags/tutorial_taskflow_api.py
[2023-03-10T19:58:42.993+0000] {processor.py:756} INFO - Processing file /home/airflow/.local/lib/python3.7/site-packages/airflow/example_dags/tutorial_taskflow_api.py for tasks to queue
[2023-03-10T19:58:42.994+0000] {logging_mixin.py:137} INFO - [2023-03-10T19:58:42.994+0000] {dagbag.py:537} INFO - Filling up the DagBag from /home/airflow/.local/lib/python3.7/site-packages/airflow/example_dags/tutorial_taskflow_api.py
[2023-03-10T19:58:43.007+0000] {processor.py:766} INFO - DAG(s) dict_keys(['tutorial_taskflow_api']) retrieved from /home/airflow/.local/lib/python3.7/site-packages/airflow/example_dags/tutorial_taskflow_api.py
[2023-03-10T19:58:43.035+0000] {logging_mixin.py:137} INFO - [2023-03-10T19:58:43.035+0000] {dag.py:2585} INFO - Sync 1 DAGs
[2023-03-10T19:58:43.051+0000] {logging_mixin.py:137} INFO - [2023-03-10T19:58:43.051+0000] {dag.py:3340} INFO - Setting next_dagrun for tutorial_taskflow_api to None, run_after=None
[2023-03-10T19:58:43.062+0000] {processor.py:176} INFO - Processing /home/airflow/.local/lib/python3.7/site-packages/airflow/example_dags/tutorial_taskflow_api.py took 0.074 seconds
[2023-03-10T19:59:13.910+0000] {processor.py:154} INFO - Started process (PID=1105) to work on /home/airflow/.local/lib/python3.7/site-packages/airflow/example_dags/tutorial_taskflow_api.py
[2023-03-10T19:59:13.926+0000] {processor.py:756} INFO - Processing file /home/airflow/.local/lib/python3.7/site-packages/airflow/example_dags/tutorial_taskflow_api.py for tasks to queue
[2023-03-10T19:59:13.927+0000] {logging_mixin.py:137} INFO - [2023-03-10T19:59:13.927+0000] {dagbag.py:537} INFO - Filling up the DagBag from /home/airflow/.local/lib/python3.7/site-packages/airflow/example_dags/tutorial_taskflow_api.py
[2023-03-10T19:59:13.946+0000] {processor.py:766} INFO - DAG(s) dict_keys(['tutorial_taskflow_api']) retrieved from /home/airflow/.local/lib/python3.7/site-packages/airflow/example_dags/tutorial_taskflow_api.py
[2023-03-10T19:59:13.974+0000] {logging_mixin.py:137} INFO - [2023-03-10T19:59:13.974+0000] {dag.py:2585} INFO - Sync 1 DAGs
[2023-03-10T19:59:13.989+0000] {logging_mixin.py:137} INFO - [2023-03-10T19:59:13.989+0000] {dag.py:3340} INFO - Setting next_dagrun for tutorial_taskflow_api to None, run_after=None
[2023-03-10T19:59:14.000+0000] {processor.py:176} INFO - Processing /home/airflow/.local/lib/python3.7/site-packages/airflow/example_dags/tutorial_taskflow_api.py took 0.092 seconds
[2023-03-10T19:59:44.885+0000] {processor.py:154} INFO - Started process (PID=1169) to work on /home/airflow/.local/lib/python3.7/site-packages/airflow/example_dags/tutorial_taskflow_api.py
[2023-03-10T19:59:44.888+0000] {processor.py:756} INFO - Processing file /home/airflow/.local/lib/python3.7/site-packages/airflow/example_dags/tutorial_taskflow_api.py for tasks to queue
[2023-03-10T19:59:44.890+0000] {logging_mixin.py:137} INFO - [2023-03-10T19:59:44.889+0000] {dagbag.py:537} INFO - Filling up the DagBag from /home/airflow/.local/lib/python3.7/site-packages/airflow/example_dags/tutorial_taskflow_api.py
[2023-03-10T19:59:44.905+0000] {processor.py:766} INFO - DAG(s) dict_keys(['tutorial_taskflow_api']) retrieved from /home/airflow/.local/lib/python3.7/site-packages/airflow/example_dags/tutorial_taskflow_api.py
[2023-03-10T19:59:44.935+0000] {logging_mixin.py:137} INFO - [2023-03-10T19:59:44.934+0000] {dag.py:2585} INFO - Sync 1 DAGs
[2023-03-10T19:59:44.957+0000] {logging_mixin.py:137} INFO - [2023-03-10T19:59:44.957+0000] {dag.py:3340} INFO - Setting next_dagrun for tutorial_taskflow_api to None, run_after=None
[2023-03-10T19:59:44.969+0000] {processor.py:176} INFO - Processing /home/airflow/.local/lib/python3.7/site-packages/airflow/example_dags/tutorial_taskflow_api.py took 0.088 seconds
[2023-03-10T20:00:15.498+0000] {processor.py:154} INFO - Started process (PID=1233) to work on /home/airflow/.local/lib/python3.7/site-packages/airflow/example_dags/tutorial_taskflow_api.py
[2023-03-10T20:00:15.500+0000] {processor.py:756} INFO - Processing file /home/airflow/.local/lib/python3.7/site-packages/airflow/example_dags/tutorial_taskflow_api.py for tasks to queue
[2023-03-10T20:00:15.507+0000] {logging_mixin.py:137} INFO - [2023-03-10T20:00:15.507+0000] {dagbag.py:537} INFO - Filling up the DagBag from /home/airflow/.local/lib/python3.7/site-packages/airflow/example_dags/tutorial_taskflow_api.py
[2023-03-10T20:00:15.532+0000] {processor.py:766} INFO - DAG(s) dict_keys(['tutorial_taskflow_api']) retrieved from /home/airflow/.local/lib/python3.7/site-packages/airflow/example_dags/tutorial_taskflow_api.py
[2023-03-10T20:00:15.583+0000] {logging_mixin.py:137} INFO - [2023-03-10T20:00:15.583+0000] {dag.py:2585} INFO - Sync 1 DAGs
[2023-03-10T20:00:15.613+0000] {logging_mixin.py:137} INFO - [2023-03-10T20:00:15.613+0000] {dag.py:3340} INFO - Setting next_dagrun for tutorial_taskflow_api to None, run_after=None
[2023-03-10T20:00:15.636+0000] {processor.py:176} INFO - Processing /home/airflow/.local/lib/python3.7/site-packages/airflow/example_dags/tutorial_taskflow_api.py took 0.141 seconds
[2023-03-10T20:00:46.606+0000] {processor.py:154} INFO - Started process (PID=1297) to work on /home/airflow/.local/lib/python3.7/site-packages/airflow/example_dags/tutorial_taskflow_api.py
[2023-03-10T20:00:46.608+0000] {processor.py:756} INFO - Processing file /home/airflow/.local/lib/python3.7/site-packages/airflow/example_dags/tutorial_taskflow_api.py for tasks to queue
[2023-03-10T20:00:46.609+0000] {logging_mixin.py:137} INFO - [2023-03-10T20:00:46.609+0000] {dagbag.py:537} INFO - Filling up the DagBag from /home/airflow/.local/lib/python3.7/site-packages/airflow/example_dags/tutorial_taskflow_api.py
[2023-03-10T20:00:46.624+0000] {processor.py:766} INFO - DAG(s) dict_keys(['tutorial_taskflow_api']) retrieved from /home/airflow/.local/lib/python3.7/site-packages/airflow/example_dags/tutorial_taskflow_api.py
[2023-03-10T20:00:46.655+0000] {logging_mixin.py:137} INFO - [2023-03-10T20:00:46.655+0000] {dag.py:2585} INFO - Sync 1 DAGs
[2023-03-10T20:00:46.671+0000] {logging_mixin.py:137} INFO - [2023-03-10T20:00:46.671+0000] {dag.py:3340} INFO - Setting next_dagrun for tutorial_taskflow_api to None, run_after=None
[2023-03-10T20:00:46.685+0000] {processor.py:176} INFO - Processing /home/airflow/.local/lib/python3.7/site-packages/airflow/example_dags/tutorial_taskflow_api.py took 0.082 seconds
[2023-03-10T20:01:17.229+0000] {processor.py:154} INFO - Started process (PID=1352) to work on /home/airflow/.local/lib/python3.7/site-packages/airflow/example_dags/tutorial_taskflow_api.py
[2023-03-10T20:01:17.231+0000] {processor.py:756} INFO - Processing file /home/airflow/.local/lib/python3.7/site-packages/airflow/example_dags/tutorial_taskflow_api.py for tasks to queue
[2023-03-10T20:01:17.233+0000] {logging_mixin.py:137} INFO - [2023-03-10T20:01:17.232+0000] {dagbag.py:537} INFO - Filling up the DagBag from /home/airflow/.local/lib/python3.7/site-packages/airflow/example_dags/tutorial_taskflow_api.py
[2023-03-10T20:01:17.251+0000] {processor.py:766} INFO - DAG(s) dict_keys(['tutorial_taskflow_api']) retrieved from /home/airflow/.local/lib/python3.7/site-packages/airflow/example_dags/tutorial_taskflow_api.py
[2023-03-10T20:01:17.283+0000] {logging_mixin.py:137} INFO - [2023-03-10T20:01:17.283+0000] {dag.py:2585} INFO - Sync 1 DAGs
[2023-03-10T20:01:17.306+0000] {logging_mixin.py:137} INFO - [2023-03-10T20:01:17.306+0000] {dag.py:3340} INFO - Setting next_dagrun for tutorial_taskflow_api to None, run_after=None
[2023-03-10T20:01:17.327+0000] {processor.py:176} INFO - Processing /home/airflow/.local/lib/python3.7/site-packages/airflow/example_dags/tutorial_taskflow_api.py took 0.106 seconds
[2023-03-10T20:01:47.997+0000] {processor.py:154} INFO - Started process (PID=1417) to work on /home/airflow/.local/lib/python3.7/site-packages/airflow/example_dags/tutorial_taskflow_api.py
[2023-03-10T20:01:48.001+0000] {processor.py:756} INFO - Processing file /home/airflow/.local/lib/python3.7/site-packages/airflow/example_dags/tutorial_taskflow_api.py for tasks to queue
[2023-03-10T20:01:48.005+0000] {logging_mixin.py:137} INFO - [2023-03-10T20:01:48.005+0000] {dagbag.py:537} INFO - Filling up the DagBag from /home/airflow/.local/lib/python3.7/site-packages/airflow/example_dags/tutorial_taskflow_api.py
[2023-03-10T20:01:48.023+0000] {processor.py:766} INFO - DAG(s) dict_keys(['tutorial_taskflow_api']) retrieved from /home/airflow/.local/lib/python3.7/site-packages/airflow/example_dags/tutorial_taskflow_api.py
[2023-03-10T20:01:48.053+0000] {logging_mixin.py:137} INFO - [2023-03-10T20:01:48.053+0000] {dag.py:2585} INFO - Sync 1 DAGs
[2023-03-10T20:01:48.072+0000] {logging_mixin.py:137} INFO - [2023-03-10T20:01:48.072+0000] {dag.py:3340} INFO - Setting next_dagrun for tutorial_taskflow_api to None, run_after=None
[2023-03-10T20:01:48.087+0000] {processor.py:176} INFO - Processing /home/airflow/.local/lib/python3.7/site-packages/airflow/example_dags/tutorial_taskflow_api.py took 0.092 seconds
[2023-03-10T20:02:18.761+0000] {processor.py:154} INFO - Started process (PID=1482) to work on /home/airflow/.local/lib/python3.7/site-packages/airflow/example_dags/tutorial_taskflow_api.py
[2023-03-10T20:02:18.763+0000] {processor.py:756} INFO - Processing file /home/airflow/.local/lib/python3.7/site-packages/airflow/example_dags/tutorial_taskflow_api.py for tasks to queue
[2023-03-10T20:02:18.764+0000] {logging_mixin.py:137} INFO - [2023-03-10T20:02:18.764+0000] {dagbag.py:537} INFO - Filling up the DagBag from /home/airflow/.local/lib/python3.7/site-packages/airflow/example_dags/tutorial_taskflow_api.py
[2023-03-10T20:02:18.778+0000] {processor.py:766} INFO - DAG(s) dict_keys(['tutorial_taskflow_api']) retrieved from /home/airflow/.local/lib/python3.7/site-packages/airflow/example_dags/tutorial_taskflow_api.py
[2023-03-10T20:02:18.805+0000] {logging_mixin.py:137} INFO - [2023-03-10T20:02:18.805+0000] {dag.py:2585} INFO - Sync 1 DAGs
[2023-03-10T20:02:18.821+0000] {logging_mixin.py:137} INFO - [2023-03-10T20:02:18.821+0000] {dag.py:3340} INFO - Setting next_dagrun for tutorial_taskflow_api to None, run_after=None
[2023-03-10T20:02:18.837+0000] {processor.py:176} INFO - Processing /home/airflow/.local/lib/python3.7/site-packages/airflow/example_dags/tutorial_taskflow_api.py took 0.078 seconds
[2023-03-10T20:02:49.461+0000] {processor.py:154} INFO - Started process (PID=1545) to work on /home/airflow/.local/lib/python3.7/site-packages/airflow/example_dags/tutorial_taskflow_api.py
[2023-03-10T20:02:49.463+0000] {processor.py:756} INFO - Processing file /home/airflow/.local/lib/python3.7/site-packages/airflow/example_dags/tutorial_taskflow_api.py for tasks to queue
[2023-03-10T20:02:49.464+0000] {logging_mixin.py:137} INFO - [2023-03-10T20:02:49.464+0000] {dagbag.py:537} INFO - Filling up the DagBag from /home/airflow/.local/lib/python3.7/site-packages/airflow/example_dags/tutorial_taskflow_api.py
[2023-03-10T20:02:49.477+0000] {processor.py:766} INFO - DAG(s) dict_keys(['tutorial_taskflow_api']) retrieved from /home/airflow/.local/lib/python3.7/site-packages/airflow/example_dags/tutorial_taskflow_api.py
[2023-03-10T20:02:49.506+0000] {logging_mixin.py:137} INFO - [2023-03-10T20:02:49.506+0000] {dag.py:2585} INFO - Sync 1 DAGs
[2023-03-10T20:02:49.521+0000] {logging_mixin.py:137} INFO - [2023-03-10T20:02:49.521+0000] {dag.py:3340} INFO - Setting next_dagrun for tutorial_taskflow_api to None, run_after=None
[2023-03-10T20:02:49.534+0000] {processor.py:176} INFO - Processing /home/airflow/.local/lib/python3.7/site-packages/airflow/example_dags/tutorial_taskflow_api.py took 0.076 seconds
[2023-03-10T20:03:20.251+0000] {processor.py:154} INFO - Started process (PID=1607) to work on /home/airflow/.local/lib/python3.7/site-packages/airflow/example_dags/tutorial_taskflow_api.py
[2023-03-10T20:03:20.253+0000] {processor.py:756} INFO - Processing file /home/airflow/.local/lib/python3.7/site-packages/airflow/example_dags/tutorial_taskflow_api.py for tasks to queue
[2023-03-10T20:03:20.254+0000] {logging_mixin.py:137} INFO - [2023-03-10T20:03:20.254+0000] {dagbag.py:537} INFO - Filling up the DagBag from /home/airflow/.local/lib/python3.7/site-packages/airflow/example_dags/tutorial_taskflow_api.py
[2023-03-10T20:03:20.269+0000] {processor.py:766} INFO - DAG(s) dict_keys(['tutorial_taskflow_api']) retrieved from /home/airflow/.local/lib/python3.7/site-packages/airflow/example_dags/tutorial_taskflow_api.py
[2023-03-10T20:03:20.305+0000] {logging_mixin.py:137} INFO - [2023-03-10T20:03:20.305+0000] {dag.py:2585} INFO - Sync 1 DAGs
[2023-03-10T20:03:20.325+0000] {logging_mixin.py:137} INFO - [2023-03-10T20:03:20.325+0000] {dag.py:3340} INFO - Setting next_dagrun for tutorial_taskflow_api to None, run_after=None
[2023-03-10T20:03:20.342+0000] {processor.py:176} INFO - Processing /home/airflow/.local/lib/python3.7/site-packages/airflow/example_dags/tutorial_taskflow_api.py took 0.093 seconds
[2023-03-10T20:03:51.041+0000] {processor.py:154} INFO - Started process (PID=1671) to work on /home/airflow/.local/lib/python3.7/site-packages/airflow/example_dags/tutorial_taskflow_api.py
[2023-03-10T20:03:51.044+0000] {processor.py:756} INFO - Processing file /home/airflow/.local/lib/python3.7/site-packages/airflow/example_dags/tutorial_taskflow_api.py for tasks to queue
[2023-03-10T20:03:51.047+0000] {logging_mixin.py:137} INFO - [2023-03-10T20:03:51.047+0000] {dagbag.py:537} INFO - Filling up the DagBag from /home/airflow/.local/lib/python3.7/site-packages/airflow/example_dags/tutorial_taskflow_api.py
[2023-03-10T20:03:51.065+0000] {processor.py:766} INFO - DAG(s) dict_keys(['tutorial_taskflow_api']) retrieved from /home/airflow/.local/lib/python3.7/site-packages/airflow/example_dags/tutorial_taskflow_api.py
[2023-03-10T20:03:51.109+0000] {logging_mixin.py:137} INFO - [2023-03-10T20:03:51.109+0000] {dag.py:2585} INFO - Sync 1 DAGs
[2023-03-10T20:03:51.126+0000] {logging_mixin.py:137} INFO - [2023-03-10T20:03:51.126+0000] {dag.py:3340} INFO - Setting next_dagrun for tutorial_taskflow_api to None, run_after=None
[2023-03-10T20:03:51.139+0000] {processor.py:176} INFO - Processing /home/airflow/.local/lib/python3.7/site-packages/airflow/example_dags/tutorial_taskflow_api.py took 0.100 seconds
[2023-03-10T20:04:21.815+0000] {processor.py:154} INFO - Started process (PID=1734) to work on /home/airflow/.local/lib/python3.7/site-packages/airflow/example_dags/tutorial_taskflow_api.py
[2023-03-10T20:04:21.816+0000] {processor.py:756} INFO - Processing file /home/airflow/.local/lib/python3.7/site-packages/airflow/example_dags/tutorial_taskflow_api.py for tasks to queue
[2023-03-10T20:04:21.817+0000] {logging_mixin.py:137} INFO - [2023-03-10T20:04:21.817+0000] {dagbag.py:537} INFO - Filling up the DagBag from /home/airflow/.local/lib/python3.7/site-packages/airflow/example_dags/tutorial_taskflow_api.py
[2023-03-10T20:04:21.832+0000] {processor.py:766} INFO - DAG(s) dict_keys(['tutorial_taskflow_api']) retrieved from /home/airflow/.local/lib/python3.7/site-packages/airflow/example_dags/tutorial_taskflow_api.py
[2023-03-10T20:04:21.879+0000] {logging_mixin.py:137} INFO - [2023-03-10T20:04:21.879+0000] {dag.py:2585} INFO - Sync 1 DAGs
[2023-03-10T20:04:21.912+0000] {logging_mixin.py:137} INFO - [2023-03-10T20:04:21.912+0000] {dag.py:3340} INFO - Setting next_dagrun for tutorial_taskflow_api to None, run_after=None
[2023-03-10T20:04:21.949+0000] {processor.py:176} INFO - Processing /home/airflow/.local/lib/python3.7/site-packages/airflow/example_dags/tutorial_taskflow_api.py took 0.137 seconds
[2023-03-10T20:04:52.463+0000] {processor.py:154} INFO - Started process (PID=1789) to work on /home/airflow/.local/lib/python3.7/site-packages/airflow/example_dags/tutorial_taskflow_api.py
[2023-03-10T20:04:52.465+0000] {processor.py:756} INFO - Processing file /home/airflow/.local/lib/python3.7/site-packages/airflow/example_dags/tutorial_taskflow_api.py for tasks to queue
[2023-03-10T20:04:52.466+0000] {logging_mixin.py:137} INFO - [2023-03-10T20:04:52.466+0000] {dagbag.py:537} INFO - Filling up the DagBag from /home/airflow/.local/lib/python3.7/site-packages/airflow/example_dags/tutorial_taskflow_api.py
[2023-03-10T20:04:52.482+0000] {processor.py:766} INFO - DAG(s) dict_keys(['tutorial_taskflow_api']) retrieved from /home/airflow/.local/lib/python3.7/site-packages/airflow/example_dags/tutorial_taskflow_api.py
[2023-03-10T20:04:52.520+0000] {logging_mixin.py:137} INFO - [2023-03-10T20:04:52.520+0000] {dag.py:2585} INFO - Sync 1 DAGs
[2023-03-10T20:04:52.541+0000] {logging_mixin.py:137} INFO - [2023-03-10T20:04:52.541+0000] {dag.py:3340} INFO - Setting next_dagrun for tutorial_taskflow_api to None, run_after=None
[2023-03-10T20:04:52.564+0000] {processor.py:176} INFO - Processing /home/airflow/.local/lib/python3.7/site-packages/airflow/example_dags/tutorial_taskflow_api.py took 0.104 seconds
[2023-03-10T20:05:23.167+0000] {processor.py:154} INFO - Started process (PID=1853) to work on /home/airflow/.local/lib/python3.7/site-packages/airflow/example_dags/tutorial_taskflow_api.py
[2023-03-10T20:05:23.169+0000] {processor.py:756} INFO - Processing file /home/airflow/.local/lib/python3.7/site-packages/airflow/example_dags/tutorial_taskflow_api.py for tasks to queue
[2023-03-10T20:05:23.170+0000] {logging_mixin.py:137} INFO - [2023-03-10T20:05:23.170+0000] {dagbag.py:537} INFO - Filling up the DagBag from /home/airflow/.local/lib/python3.7/site-packages/airflow/example_dags/tutorial_taskflow_api.py
[2023-03-10T20:05:23.184+0000] {processor.py:766} INFO - DAG(s) dict_keys(['tutorial_taskflow_api']) retrieved from /home/airflow/.local/lib/python3.7/site-packages/airflow/example_dags/tutorial_taskflow_api.py
[2023-03-10T20:05:23.210+0000] {logging_mixin.py:137} INFO - [2023-03-10T20:05:23.210+0000] {dag.py:2585} INFO - Sync 1 DAGs
[2023-03-10T20:05:23.226+0000] {logging_mixin.py:137} INFO - [2023-03-10T20:05:23.226+0000] {dag.py:3340} INFO - Setting next_dagrun for tutorial_taskflow_api to None, run_after=None
[2023-03-10T20:05:23.239+0000] {processor.py:176} INFO - Processing /home/airflow/.local/lib/python3.7/site-packages/airflow/example_dags/tutorial_taskflow_api.py took 0.074 seconds
[2023-03-10T20:05:54.212+0000] {processor.py:154} INFO - Started process (PID=1917) to work on /home/airflow/.local/lib/python3.7/site-packages/airflow/example_dags/tutorial_taskflow_api.py
[2023-03-10T20:05:54.214+0000] {processor.py:756} INFO - Processing file /home/airflow/.local/lib/python3.7/site-packages/airflow/example_dags/tutorial_taskflow_api.py for tasks to queue
[2023-03-10T20:05:54.215+0000] {logging_mixin.py:137} INFO - [2023-03-10T20:05:54.215+0000] {dagbag.py:537} INFO - Filling up the DagBag from /home/airflow/.local/lib/python3.7/site-packages/airflow/example_dags/tutorial_taskflow_api.py
[2023-03-10T20:05:54.229+0000] {processor.py:766} INFO - DAG(s) dict_keys(['tutorial_taskflow_api']) retrieved from /home/airflow/.local/lib/python3.7/site-packages/airflow/example_dags/tutorial_taskflow_api.py
[2023-03-10T20:05:54.261+0000] {logging_mixin.py:137} INFO - [2023-03-10T20:05:54.261+0000] {dag.py:2585} INFO - Sync 1 DAGs
[2023-03-10T20:05:54.277+0000] {logging_mixin.py:137} INFO - [2023-03-10T20:05:54.277+0000] {dag.py:3340} INFO - Setting next_dagrun for tutorial_taskflow_api to None, run_after=None
[2023-03-10T20:05:54.289+0000] {processor.py:176} INFO - Processing /home/airflow/.local/lib/python3.7/site-packages/airflow/example_dags/tutorial_taskflow_api.py took 0.079 seconds
[2023-03-10T20:06:24.723+0000] {processor.py:154} INFO - Started process (PID=1981) to work on /home/airflow/.local/lib/python3.7/site-packages/airflow/example_dags/tutorial_taskflow_api.py
[2023-03-10T20:06:24.725+0000] {processor.py:756} INFO - Processing file /home/airflow/.local/lib/python3.7/site-packages/airflow/example_dags/tutorial_taskflow_api.py for tasks to queue
[2023-03-10T20:06:24.728+0000] {logging_mixin.py:137} INFO - [2023-03-10T20:06:24.727+0000] {dagbag.py:537} INFO - Filling up the DagBag from /home/airflow/.local/lib/python3.7/site-packages/airflow/example_dags/tutorial_taskflow_api.py
[2023-03-10T20:06:24.742+0000] {processor.py:766} INFO - DAG(s) dict_keys(['tutorial_taskflow_api']) retrieved from /home/airflow/.local/lib/python3.7/site-packages/airflow/example_dags/tutorial_taskflow_api.py
[2023-03-10T20:06:24.773+0000] {logging_mixin.py:137} INFO - [2023-03-10T20:06:24.773+0000] {dag.py:2585} INFO - Sync 1 DAGs
[2023-03-10T20:06:24.791+0000] {logging_mixin.py:137} INFO - [2023-03-10T20:06:24.791+0000] {dag.py:3340} INFO - Setting next_dagrun for tutorial_taskflow_api to None, run_after=None
[2023-03-10T20:06:24.804+0000] {processor.py:176} INFO - Processing /home/airflow/.local/lib/python3.7/site-packages/airflow/example_dags/tutorial_taskflow_api.py took 0.084 seconds
[2023-03-10T20:06:55.375+0000] {processor.py:154} INFO - Started process (PID=2045) to work on /home/airflow/.local/lib/python3.7/site-packages/airflow/example_dags/tutorial_taskflow_api.py
[2023-03-10T20:06:55.378+0000] {processor.py:756} INFO - Processing file /home/airflow/.local/lib/python3.7/site-packages/airflow/example_dags/tutorial_taskflow_api.py for tasks to queue
[2023-03-10T20:06:55.379+0000] {logging_mixin.py:137} INFO - [2023-03-10T20:06:55.379+0000] {dagbag.py:537} INFO - Filling up the DagBag from /home/airflow/.local/lib/python3.7/site-packages/airflow/example_dags/tutorial_taskflow_api.py
[2023-03-10T20:06:55.424+0000] {processor.py:766} INFO - DAG(s) dict_keys(['tutorial_taskflow_api']) retrieved from /home/airflow/.local/lib/python3.7/site-packages/airflow/example_dags/tutorial_taskflow_api.py
[2023-03-10T20:06:55.464+0000] {logging_mixin.py:137} INFO - [2023-03-10T20:06:55.464+0000] {dag.py:2585} INFO - Sync 1 DAGs
[2023-03-10T20:06:55.480+0000] {logging_mixin.py:137} INFO - [2023-03-10T20:06:55.480+0000] {dag.py:3340} INFO - Setting next_dagrun for tutorial_taskflow_api to None, run_after=None
[2023-03-10T20:06:55.494+0000] {processor.py:176} INFO - Processing /home/airflow/.local/lib/python3.7/site-packages/airflow/example_dags/tutorial_taskflow_api.py took 0.122 seconds
[2023-03-10T20:07:26.158+0000] {processor.py:154} INFO - Started process (PID=2106) to work on /home/airflow/.local/lib/python3.7/site-packages/airflow/example_dags/tutorial_taskflow_api.py
[2023-03-10T20:07:26.178+0000] {processor.py:756} INFO - Processing file /home/airflow/.local/lib/python3.7/site-packages/airflow/example_dags/tutorial_taskflow_api.py for tasks to queue
[2023-03-10T20:07:26.184+0000] {logging_mixin.py:137} INFO - [2023-03-10T20:07:26.184+0000] {dagbag.py:537} INFO - Filling up the DagBag from /home/airflow/.local/lib/python3.7/site-packages/airflow/example_dags/tutorial_taskflow_api.py
[2023-03-10T20:07:26.199+0000] {processor.py:766} INFO - DAG(s) dict_keys(['tutorial_taskflow_api']) retrieved from /home/airflow/.local/lib/python3.7/site-packages/airflow/example_dags/tutorial_taskflow_api.py
[2023-03-10T20:07:26.238+0000] {logging_mixin.py:137} INFO - [2023-03-10T20:07:26.238+0000] {dag.py:2585} INFO - Sync 1 DAGs
[2023-03-10T20:07:26.258+0000] {logging_mixin.py:137} INFO - [2023-03-10T20:07:26.257+0000] {dag.py:3340} INFO - Setting next_dagrun for tutorial_taskflow_api to None, run_after=None
[2023-03-10T20:07:26.278+0000] {processor.py:176} INFO - Processing /home/airflow/.local/lib/python3.7/site-packages/airflow/example_dags/tutorial_taskflow_api.py took 0.123 seconds
[2023-03-10T20:07:56.727+0000] {processor.py:154} INFO - Started process (PID=2163) to work on /home/airflow/.local/lib/python3.7/site-packages/airflow/example_dags/tutorial_taskflow_api.py
[2023-03-10T20:07:56.730+0000] {processor.py:756} INFO - Processing file /home/airflow/.local/lib/python3.7/site-packages/airflow/example_dags/tutorial_taskflow_api.py for tasks to queue
[2023-03-10T20:07:56.732+0000] {logging_mixin.py:137} INFO - [2023-03-10T20:07:56.732+0000] {dagbag.py:537} INFO - Filling up the DagBag from /home/airflow/.local/lib/python3.7/site-packages/airflow/example_dags/tutorial_taskflow_api.py
[2023-03-10T20:07:56.744+0000] {processor.py:766} INFO - DAG(s) dict_keys(['tutorial_taskflow_api']) retrieved from /home/airflow/.local/lib/python3.7/site-packages/airflow/example_dags/tutorial_taskflow_api.py
[2023-03-10T20:07:56.768+0000] {logging_mixin.py:137} INFO - [2023-03-10T20:07:56.768+0000] {dag.py:2585} INFO - Sync 1 DAGs
[2023-03-10T20:07:56.783+0000] {logging_mixin.py:137} INFO - [2023-03-10T20:07:56.783+0000] {dag.py:3340} INFO - Setting next_dagrun for tutorial_taskflow_api to None, run_after=None
[2023-03-10T20:07:56.794+0000] {processor.py:176} INFO - Processing /home/airflow/.local/lib/python3.7/site-packages/airflow/example_dags/tutorial_taskflow_api.py took 0.069 seconds
[2023-03-10T20:08:27.446+0000] {processor.py:154} INFO - Started process (PID=2226) to work on /home/airflow/.local/lib/python3.7/site-packages/airflow/example_dags/tutorial_taskflow_api.py
[2023-03-10T20:08:27.448+0000] {processor.py:756} INFO - Processing file /home/airflow/.local/lib/python3.7/site-packages/airflow/example_dags/tutorial_taskflow_api.py for tasks to queue
[2023-03-10T20:08:27.450+0000] {logging_mixin.py:137} INFO - [2023-03-10T20:08:27.450+0000] {dagbag.py:537} INFO - Filling up the DagBag from /home/airflow/.local/lib/python3.7/site-packages/airflow/example_dags/tutorial_taskflow_api.py
[2023-03-10T20:08:27.463+0000] {processor.py:766} INFO - DAG(s) dict_keys(['tutorial_taskflow_api']) retrieved from /home/airflow/.local/lib/python3.7/site-packages/airflow/example_dags/tutorial_taskflow_api.py
[2023-03-10T20:08:27.489+0000] {logging_mixin.py:137} INFO - [2023-03-10T20:08:27.489+0000] {dag.py:2585} INFO - Sync 1 DAGs
[2023-03-10T20:08:27.505+0000] {logging_mixin.py:137} INFO - [2023-03-10T20:08:27.505+0000] {dag.py:3340} INFO - Setting next_dagrun for tutorial_taskflow_api to None, run_after=None
[2023-03-10T20:08:27.517+0000] {processor.py:176} INFO - Processing /home/airflow/.local/lib/python3.7/site-packages/airflow/example_dags/tutorial_taskflow_api.py took 0.073 seconds
[2023-03-10T20:08:57.964+0000] {processor.py:154} INFO - Started process (PID=2291) to work on /home/airflow/.local/lib/python3.7/site-packages/airflow/example_dags/tutorial_taskflow_api.py
[2023-03-10T20:08:57.966+0000] {processor.py:756} INFO - Processing file /home/airflow/.local/lib/python3.7/site-packages/airflow/example_dags/tutorial_taskflow_api.py for tasks to queue
[2023-03-10T20:08:57.967+0000] {logging_mixin.py:137} INFO - [2023-03-10T20:08:57.966+0000] {dagbag.py:537} INFO - Filling up the DagBag from /home/airflow/.local/lib/python3.7/site-packages/airflow/example_dags/tutorial_taskflow_api.py
[2023-03-10T20:08:57.980+0000] {processor.py:766} INFO - DAG(s) dict_keys(['tutorial_taskflow_api']) retrieved from /home/airflow/.local/lib/python3.7/site-packages/airflow/example_dags/tutorial_taskflow_api.py
[2023-03-10T20:08:58.006+0000] {logging_mixin.py:137} INFO - [2023-03-10T20:08:58.005+0000] {dag.py:2585} INFO - Sync 1 DAGs
[2023-03-10T20:08:58.021+0000] {logging_mixin.py:137} INFO - [2023-03-10T20:08:58.021+0000] {dag.py:3340} INFO - Setting next_dagrun for tutorial_taskflow_api to None, run_after=None
[2023-03-10T20:08:58.032+0000] {processor.py:176} INFO - Processing /home/airflow/.local/lib/python3.7/site-packages/airflow/example_dags/tutorial_taskflow_api.py took 0.071 seconds
[2023-03-10T20:09:28.933+0000] {processor.py:154} INFO - Started process (PID=2354) to work on /home/airflow/.local/lib/python3.7/site-packages/airflow/example_dags/tutorial_taskflow_api.py
[2023-03-10T20:09:28.934+0000] {processor.py:756} INFO - Processing file /home/airflow/.local/lib/python3.7/site-packages/airflow/example_dags/tutorial_taskflow_api.py for tasks to queue
[2023-03-10T20:09:28.935+0000] {logging_mixin.py:137} INFO - [2023-03-10T20:09:28.935+0000] {dagbag.py:537} INFO - Filling up the DagBag from /home/airflow/.local/lib/python3.7/site-packages/airflow/example_dags/tutorial_taskflow_api.py
[2023-03-10T20:09:28.951+0000] {processor.py:766} INFO - DAG(s) dict_keys(['tutorial_taskflow_api']) retrieved from /home/airflow/.local/lib/python3.7/site-packages/airflow/example_dags/tutorial_taskflow_api.py
[2023-03-10T20:09:28.980+0000] {logging_mixin.py:137} INFO - [2023-03-10T20:09:28.980+0000] {dag.py:2585} INFO - Sync 1 DAGs
[2023-03-10T20:09:29.000+0000] {logging_mixin.py:137} INFO - [2023-03-10T20:09:29.000+0000] {dag.py:3340} INFO - Setting next_dagrun for tutorial_taskflow_api to None, run_after=None
[2023-03-10T20:09:29.016+0000] {processor.py:176} INFO - Processing /home/airflow/.local/lib/python3.7/site-packages/airflow/example_dags/tutorial_taskflow_api.py took 0.086 seconds
[2023-03-10T20:09:59.639+0000] {processor.py:154} INFO - Started process (PID=2419) to work on /home/airflow/.local/lib/python3.7/site-packages/airflow/example_dags/tutorial_taskflow_api.py
[2023-03-10T20:09:59.651+0000] {processor.py:756} INFO - Processing file /home/airflow/.local/lib/python3.7/site-packages/airflow/example_dags/tutorial_taskflow_api.py for tasks to queue
[2023-03-10T20:09:59.654+0000] {logging_mixin.py:137} INFO - [2023-03-10T20:09:59.653+0000] {dagbag.py:537} INFO - Filling up the DagBag from /home/airflow/.local/lib/python3.7/site-packages/airflow/example_dags/tutorial_taskflow_api.py
[2023-03-10T20:09:59.673+0000] {processor.py:766} INFO - DAG(s) dict_keys(['tutorial_taskflow_api']) retrieved from /home/airflow/.local/lib/python3.7/site-packages/airflow/example_dags/tutorial_taskflow_api.py
[2023-03-10T20:09:59.702+0000] {logging_mixin.py:137} INFO - [2023-03-10T20:09:59.702+0000] {dag.py:2585} INFO - Sync 1 DAGs
[2023-03-10T20:09:59.722+0000] {logging_mixin.py:137} INFO - [2023-03-10T20:09:59.721+0000] {dag.py:3340} INFO - Setting next_dagrun for tutorial_taskflow_api to None, run_after=None
[2023-03-10T20:09:59.735+0000] {processor.py:176} INFO - Processing /home/airflow/.local/lib/python3.7/site-packages/airflow/example_dags/tutorial_taskflow_api.py took 0.099 seconds
[2023-03-10T20:10:30.391+0000] {processor.py:154} INFO - Started process (PID=2474) to work on /home/airflow/.local/lib/python3.7/site-packages/airflow/example_dags/tutorial_taskflow_api.py
[2023-03-10T20:10:30.393+0000] {processor.py:756} INFO - Processing file /home/airflow/.local/lib/python3.7/site-packages/airflow/example_dags/tutorial_taskflow_api.py for tasks to queue
[2023-03-10T20:10:30.394+0000] {logging_mixin.py:137} INFO - [2023-03-10T20:10:30.394+0000] {dagbag.py:537} INFO - Filling up the DagBag from /home/airflow/.local/lib/python3.7/site-packages/airflow/example_dags/tutorial_taskflow_api.py
[2023-03-10T20:10:30.407+0000] {processor.py:766} INFO - DAG(s) dict_keys(['tutorial_taskflow_api']) retrieved from /home/airflow/.local/lib/python3.7/site-packages/airflow/example_dags/tutorial_taskflow_api.py
[2023-03-10T20:10:30.435+0000] {logging_mixin.py:137} INFO - [2023-03-10T20:10:30.435+0000] {dag.py:2585} INFO - Sync 1 DAGs
[2023-03-10T20:10:30.449+0000] {logging_mixin.py:137} INFO - [2023-03-10T20:10:30.449+0000] {dag.py:3340} INFO - Setting next_dagrun for tutorial_taskflow_api to None, run_after=None
[2023-03-10T20:10:30.461+0000] {processor.py:176} INFO - Processing /home/airflow/.local/lib/python3.7/site-packages/airflow/example_dags/tutorial_taskflow_api.py took 0.073 seconds
[2023-03-10T20:11:00.975+0000] {processor.py:154} INFO - Started process (PID=2538) to work on /home/airflow/.local/lib/python3.7/site-packages/airflow/example_dags/tutorial_taskflow_api.py
[2023-03-10T20:11:00.977+0000] {processor.py:756} INFO - Processing file /home/airflow/.local/lib/python3.7/site-packages/airflow/example_dags/tutorial_taskflow_api.py for tasks to queue
[2023-03-10T20:11:00.982+0000] {logging_mixin.py:137} INFO - [2023-03-10T20:11:00.982+0000] {dagbag.py:537} INFO - Filling up the DagBag from /home/airflow/.local/lib/python3.7/site-packages/airflow/example_dags/tutorial_taskflow_api.py
[2023-03-10T20:11:01.002+0000] {processor.py:766} INFO - DAG(s) dict_keys(['tutorial_taskflow_api']) retrieved from /home/airflow/.local/lib/python3.7/site-packages/airflow/example_dags/tutorial_taskflow_api.py
[2023-03-10T20:11:01.029+0000] {logging_mixin.py:137} INFO - [2023-03-10T20:11:01.029+0000] {dag.py:2585} INFO - Sync 1 DAGs
[2023-03-10T20:11:01.044+0000] {logging_mixin.py:137} INFO - [2023-03-10T20:11:01.044+0000] {dag.py:3340} INFO - Setting next_dagrun for tutorial_taskflow_api to None, run_after=None
[2023-03-10T20:11:01.058+0000] {processor.py:176} INFO - Processing /home/airflow/.local/lib/python3.7/site-packages/airflow/example_dags/tutorial_taskflow_api.py took 0.085 seconds
[2023-03-10T20:11:31.299+0000] {processor.py:154} INFO - Started process (PID=2601) to work on /home/airflow/.local/lib/python3.7/site-packages/airflow/example_dags/tutorial_taskflow_api.py
[2023-03-10T20:11:31.301+0000] {processor.py:756} INFO - Processing file /home/airflow/.local/lib/python3.7/site-packages/airflow/example_dags/tutorial_taskflow_api.py for tasks to queue
[2023-03-10T20:11:31.302+0000] {logging_mixin.py:137} INFO - [2023-03-10T20:11:31.302+0000] {dagbag.py:537} INFO - Filling up the DagBag from /home/airflow/.local/lib/python3.7/site-packages/airflow/example_dags/tutorial_taskflow_api.py
[2023-03-10T20:11:31.316+0000] {processor.py:766} INFO - DAG(s) dict_keys(['tutorial_taskflow_api']) retrieved from /home/airflow/.local/lib/python3.7/site-packages/airflow/example_dags/tutorial_taskflow_api.py
[2023-03-10T20:11:31.341+0000] {logging_mixin.py:137} INFO - [2023-03-10T20:11:31.341+0000] {dag.py:2585} INFO - Sync 1 DAGs
[2023-03-10T20:11:31.356+0000] {logging_mixin.py:137} INFO - [2023-03-10T20:11:31.356+0000] {dag.py:3340} INFO - Setting next_dagrun for tutorial_taskflow_api to None, run_after=None
[2023-03-10T20:11:31.368+0000] {processor.py:176} INFO - Processing /home/airflow/.local/lib/python3.7/site-packages/airflow/example_dags/tutorial_taskflow_api.py took 0.072 seconds
[2023-03-10T20:12:02.227+0000] {processor.py:154} INFO - Started process (PID=2663) to work on /home/airflow/.local/lib/python3.7/site-packages/airflow/example_dags/tutorial_taskflow_api.py
[2023-03-10T20:12:02.229+0000] {processor.py:756} INFO - Processing file /home/airflow/.local/lib/python3.7/site-packages/airflow/example_dags/tutorial_taskflow_api.py for tasks to queue
[2023-03-10T20:12:02.230+0000] {logging_mixin.py:137} INFO - [2023-03-10T20:12:02.230+0000] {dagbag.py:537} INFO - Filling up the DagBag from /home/airflow/.local/lib/python3.7/site-packages/airflow/example_dags/tutorial_taskflow_api.py
[2023-03-10T20:12:02.249+0000] {processor.py:766} INFO - DAG(s) dict_keys(['tutorial_taskflow_api']) retrieved from /home/airflow/.local/lib/python3.7/site-packages/airflow/example_dags/tutorial_taskflow_api.py
[2023-03-10T20:12:02.289+0000] {logging_mixin.py:137} INFO - [2023-03-10T20:12:02.289+0000] {dag.py:2585} INFO - Sync 1 DAGs
[2023-03-10T20:12:02.304+0000] {logging_mixin.py:137} INFO - [2023-03-10T20:12:02.304+0000] {dag.py:3340} INFO - Setting next_dagrun for tutorial_taskflow_api to None, run_after=None
[2023-03-10T20:12:02.317+0000] {processor.py:176} INFO - Processing /home/airflow/.local/lib/python3.7/site-packages/airflow/example_dags/tutorial_taskflow_api.py took 0.092 seconds
[2023-03-10T20:12:32.906+0000] {processor.py:154} INFO - Started process (PID=2727) to work on /home/airflow/.local/lib/python3.7/site-packages/airflow/example_dags/tutorial_taskflow_api.py
[2023-03-10T20:12:32.907+0000] {processor.py:756} INFO - Processing file /home/airflow/.local/lib/python3.7/site-packages/airflow/example_dags/tutorial_taskflow_api.py for tasks to queue
[2023-03-10T20:12:32.908+0000] {logging_mixin.py:137} INFO - [2023-03-10T20:12:32.908+0000] {dagbag.py:537} INFO - Filling up the DagBag from /home/airflow/.local/lib/python3.7/site-packages/airflow/example_dags/tutorial_taskflow_api.py
[2023-03-10T20:12:32.925+0000] {processor.py:766} INFO - DAG(s) dict_keys(['tutorial_taskflow_api']) retrieved from /home/airflow/.local/lib/python3.7/site-packages/airflow/example_dags/tutorial_taskflow_api.py
[2023-03-10T20:12:32.958+0000] {logging_mixin.py:137} INFO - [2023-03-10T20:12:32.958+0000] {dag.py:2585} INFO - Sync 1 DAGs
[2023-03-10T20:12:32.972+0000] {logging_mixin.py:137} INFO - [2023-03-10T20:12:32.972+0000] {dag.py:3340} INFO - Setting next_dagrun for tutorial_taskflow_api to None, run_after=None
[2023-03-10T20:12:32.985+0000] {processor.py:176} INFO - Processing /home/airflow/.local/lib/python3.7/site-packages/airflow/example_dags/tutorial_taskflow_api.py took 0.081 seconds
[2023-03-10T20:13:03.672+0000] {processor.py:154} INFO - Started process (PID=2790) to work on /home/airflow/.local/lib/python3.7/site-packages/airflow/example_dags/tutorial_taskflow_api.py
[2023-03-10T20:13:03.674+0000] {processor.py:756} INFO - Processing file /home/airflow/.local/lib/python3.7/site-packages/airflow/example_dags/tutorial_taskflow_api.py for tasks to queue
[2023-03-10T20:13:03.675+0000] {logging_mixin.py:137} INFO - [2023-03-10T20:13:03.675+0000] {dagbag.py:537} INFO - Filling up the DagBag from /home/airflow/.local/lib/python3.7/site-packages/airflow/example_dags/tutorial_taskflow_api.py
[2023-03-10T20:13:03.691+0000] {processor.py:766} INFO - DAG(s) dict_keys(['tutorial_taskflow_api']) retrieved from /home/airflow/.local/lib/python3.7/site-packages/airflow/example_dags/tutorial_taskflow_api.py
[2023-03-10T20:13:03.728+0000] {logging_mixin.py:137} INFO - [2023-03-10T20:13:03.728+0000] {dag.py:2585} INFO - Sync 1 DAGs
[2023-03-10T20:13:03.749+0000] {logging_mixin.py:137} INFO - [2023-03-10T20:13:03.749+0000] {dag.py:3340} INFO - Setting next_dagrun for tutorial_taskflow_api to None, run_after=None
[2023-03-10T20:13:03.796+0000] {processor.py:176} INFO - Processing /home/airflow/.local/lib/python3.7/site-packages/airflow/example_dags/tutorial_taskflow_api.py took 0.126 seconds
[2023-03-10T20:13:34.273+0000] {processor.py:154} INFO - Started process (PID=2845) to work on /home/airflow/.local/lib/python3.7/site-packages/airflow/example_dags/tutorial_taskflow_api.py
[2023-03-10T20:13:34.274+0000] {processor.py:756} INFO - Processing file /home/airflow/.local/lib/python3.7/site-packages/airflow/example_dags/tutorial_taskflow_api.py for tasks to queue
[2023-03-10T20:13:34.276+0000] {logging_mixin.py:137} INFO - [2023-03-10T20:13:34.276+0000] {dagbag.py:537} INFO - Filling up the DagBag from /home/airflow/.local/lib/python3.7/site-packages/airflow/example_dags/tutorial_taskflow_api.py
[2023-03-10T20:13:34.289+0000] {processor.py:766} INFO - DAG(s) dict_keys(['tutorial_taskflow_api']) retrieved from /home/airflow/.local/lib/python3.7/site-packages/airflow/example_dags/tutorial_taskflow_api.py
[2023-03-10T20:13:34.316+0000] {logging_mixin.py:137} INFO - [2023-03-10T20:13:34.316+0000] {dag.py:2585} INFO - Sync 1 DAGs
[2023-03-10T20:13:34.331+0000] {logging_mixin.py:137} INFO - [2023-03-10T20:13:34.331+0000] {dag.py:3340} INFO - Setting next_dagrun for tutorial_taskflow_api to None, run_after=None
[2023-03-10T20:13:34.343+0000] {processor.py:176} INFO - Processing /home/airflow/.local/lib/python3.7/site-packages/airflow/example_dags/tutorial_taskflow_api.py took 0.073 seconds
[2023-03-10T20:14:05.079+0000] {processor.py:154} INFO - Started process (PID=2909) to work on /home/airflow/.local/lib/python3.7/site-packages/airflow/example_dags/tutorial_taskflow_api.py
[2023-03-10T20:14:05.081+0000] {processor.py:756} INFO - Processing file /home/airflow/.local/lib/python3.7/site-packages/airflow/example_dags/tutorial_taskflow_api.py for tasks to queue
[2023-03-10T20:14:05.082+0000] {logging_mixin.py:137} INFO - [2023-03-10T20:14:05.082+0000] {dagbag.py:537} INFO - Filling up the DagBag from /home/airflow/.local/lib/python3.7/site-packages/airflow/example_dags/tutorial_taskflow_api.py
[2023-03-10T20:14:05.097+0000] {processor.py:766} INFO - DAG(s) dict_keys(['tutorial_taskflow_api']) retrieved from /home/airflow/.local/lib/python3.7/site-packages/airflow/example_dags/tutorial_taskflow_api.py
[2023-03-10T20:14:05.135+0000] {logging_mixin.py:137} INFO - [2023-03-10T20:14:05.135+0000] {dag.py:2585} INFO - Sync 1 DAGs
[2023-03-10T20:14:05.153+0000] {logging_mixin.py:137} INFO - [2023-03-10T20:14:05.153+0000] {dag.py:3340} INFO - Setting next_dagrun for tutorial_taskflow_api to None, run_after=None
[2023-03-10T20:14:05.168+0000] {processor.py:176} INFO - Processing /home/airflow/.local/lib/python3.7/site-packages/airflow/example_dags/tutorial_taskflow_api.py took 0.091 seconds
[2023-03-10T20:14:35.620+0000] {processor.py:154} INFO - Started process (PID=2973) to work on /home/airflow/.local/lib/python3.7/site-packages/airflow/example_dags/tutorial_taskflow_api.py
[2023-03-10T20:14:35.622+0000] {processor.py:756} INFO - Processing file /home/airflow/.local/lib/python3.7/site-packages/airflow/example_dags/tutorial_taskflow_api.py for tasks to queue
[2023-03-10T20:14:35.623+0000] {logging_mixin.py:137} INFO - [2023-03-10T20:14:35.623+0000] {dagbag.py:537} INFO - Filling up the DagBag from /home/airflow/.local/lib/python3.7/site-packages/airflow/example_dags/tutorial_taskflow_api.py
[2023-03-10T20:14:35.637+0000] {processor.py:766} INFO - DAG(s) dict_keys(['tutorial_taskflow_api']) retrieved from /home/airflow/.local/lib/python3.7/site-packages/airflow/example_dags/tutorial_taskflow_api.py
[2023-03-10T20:14:35.665+0000] {logging_mixin.py:137} INFO - [2023-03-10T20:14:35.665+0000] {dag.py:2585} INFO - Sync 1 DAGs
[2023-03-10T20:14:35.685+0000] {logging_mixin.py:137} INFO - [2023-03-10T20:14:35.685+0000] {dag.py:3340} INFO - Setting next_dagrun for tutorial_taskflow_api to None, run_after=None
[2023-03-10T20:14:35.696+0000] {processor.py:176} INFO - Processing /home/airflow/.local/lib/python3.7/site-packages/airflow/example_dags/tutorial_taskflow_api.py took 0.079 seconds
[2023-03-10T20:15:06.213+0000] {processor.py:154} INFO - Started process (PID=3037) to work on /home/airflow/.local/lib/python3.7/site-packages/airflow/example_dags/tutorial_taskflow_api.py
[2023-03-10T20:15:06.215+0000] {processor.py:756} INFO - Processing file /home/airflow/.local/lib/python3.7/site-packages/airflow/example_dags/tutorial_taskflow_api.py for tasks to queue
[2023-03-10T20:15:06.216+0000] {logging_mixin.py:137} INFO - [2023-03-10T20:15:06.216+0000] {dagbag.py:537} INFO - Filling up the DagBag from /home/airflow/.local/lib/python3.7/site-packages/airflow/example_dags/tutorial_taskflow_api.py
[2023-03-10T20:15:06.231+0000] {processor.py:766} INFO - DAG(s) dict_keys(['tutorial_taskflow_api']) retrieved from /home/airflow/.local/lib/python3.7/site-packages/airflow/example_dags/tutorial_taskflow_api.py
[2023-03-10T20:15:06.258+0000] {logging_mixin.py:137} INFO - [2023-03-10T20:15:06.258+0000] {dag.py:2585} INFO - Sync 1 DAGs
[2023-03-10T20:15:06.274+0000] {logging_mixin.py:137} INFO - [2023-03-10T20:15:06.273+0000] {dag.py:3340} INFO - Setting next_dagrun for tutorial_taskflow_api to None, run_after=None
[2023-03-10T20:15:06.288+0000] {processor.py:176} INFO - Processing /home/airflow/.local/lib/python3.7/site-packages/airflow/example_dags/tutorial_taskflow_api.py took 0.077 seconds
[2023-03-10T20:15:36.656+0000] {processor.py:154} INFO - Started process (PID=3101) to work on /home/airflow/.local/lib/python3.7/site-packages/airflow/example_dags/tutorial_taskflow_api.py
[2023-03-10T20:15:36.657+0000] {processor.py:756} INFO - Processing file /home/airflow/.local/lib/python3.7/site-packages/airflow/example_dags/tutorial_taskflow_api.py for tasks to queue
[2023-03-10T20:15:36.658+0000] {logging_mixin.py:137} INFO - [2023-03-10T20:15:36.658+0000] {dagbag.py:537} INFO - Filling up the DagBag from /home/airflow/.local/lib/python3.7/site-packages/airflow/example_dags/tutorial_taskflow_api.py
[2023-03-10T20:15:36.672+0000] {processor.py:766} INFO - DAG(s) dict_keys(['tutorial_taskflow_api']) retrieved from /home/airflow/.local/lib/python3.7/site-packages/airflow/example_dags/tutorial_taskflow_api.py
[2023-03-10T20:15:36.698+0000] {logging_mixin.py:137} INFO - [2023-03-10T20:15:36.698+0000] {dag.py:2585} INFO - Sync 1 DAGs
[2023-03-10T20:15:36.714+0000] {logging_mixin.py:137} INFO - [2023-03-10T20:15:36.714+0000] {dag.py:3340} INFO - Setting next_dagrun for tutorial_taskflow_api to None, run_after=None
[2023-03-10T20:15:36.726+0000] {processor.py:176} INFO - Processing /home/airflow/.local/lib/python3.7/site-packages/airflow/example_dags/tutorial_taskflow_api.py took 0.073 seconds
[2023-03-10T20:16:07.145+0000] {processor.py:154} INFO - Started process (PID=3165) to work on /home/airflow/.local/lib/python3.7/site-packages/airflow/example_dags/tutorial_taskflow_api.py
[2023-03-10T20:16:07.146+0000] {processor.py:756} INFO - Processing file /home/airflow/.local/lib/python3.7/site-packages/airflow/example_dags/tutorial_taskflow_api.py for tasks to queue
[2023-03-10T20:16:07.147+0000] {logging_mixin.py:137} INFO - [2023-03-10T20:16:07.147+0000] {dagbag.py:537} INFO - Filling up the DagBag from /home/airflow/.local/lib/python3.7/site-packages/airflow/example_dags/tutorial_taskflow_api.py
[2023-03-10T20:16:07.161+0000] {processor.py:766} INFO - DAG(s) dict_keys(['tutorial_taskflow_api']) retrieved from /home/airflow/.local/lib/python3.7/site-packages/airflow/example_dags/tutorial_taskflow_api.py
[2023-03-10T20:16:07.186+0000] {logging_mixin.py:137} INFO - [2023-03-10T20:16:07.186+0000] {dag.py:2585} INFO - Sync 1 DAGs
[2023-03-10T20:16:07.201+0000] {logging_mixin.py:137} INFO - [2023-03-10T20:16:07.201+0000] {dag.py:3340} INFO - Setting next_dagrun for tutorial_taskflow_api to None, run_after=None
[2023-03-10T20:16:07.214+0000] {processor.py:176} INFO - Processing /home/airflow/.local/lib/python3.7/site-packages/airflow/example_dags/tutorial_taskflow_api.py took 0.071 seconds
[2023-03-10T20:16:37.529+0000] {processor.py:154} INFO - Started process (PID=3219) to work on /home/airflow/.local/lib/python3.7/site-packages/airflow/example_dags/tutorial_taskflow_api.py
[2023-03-10T20:16:37.531+0000] {processor.py:756} INFO - Processing file /home/airflow/.local/lib/python3.7/site-packages/airflow/example_dags/tutorial_taskflow_api.py for tasks to queue
[2023-03-10T20:16:37.532+0000] {logging_mixin.py:137} INFO - [2023-03-10T20:16:37.532+0000] {dagbag.py:537} INFO - Filling up the DagBag from /home/airflow/.local/lib/python3.7/site-packages/airflow/example_dags/tutorial_taskflow_api.py
[2023-03-10T20:16:37.546+0000] {processor.py:766} INFO - DAG(s) dict_keys(['tutorial_taskflow_api']) retrieved from /home/airflow/.local/lib/python3.7/site-packages/airflow/example_dags/tutorial_taskflow_api.py
[2023-03-10T20:16:37.571+0000] {logging_mixin.py:137} INFO - [2023-03-10T20:16:37.571+0000] {dag.py:2585} INFO - Sync 1 DAGs
[2023-03-10T20:16:37.586+0000] {logging_mixin.py:137} INFO - [2023-03-10T20:16:37.586+0000] {dag.py:3340} INFO - Setting next_dagrun for tutorial_taskflow_api to None, run_after=None
[2023-03-10T20:16:37.598+0000] {processor.py:176} INFO - Processing /home/airflow/.local/lib/python3.7/site-packages/airflow/example_dags/tutorial_taskflow_api.py took 0.071 seconds
[2023-03-10T20:17:07.899+0000] {processor.py:154} INFO - Started process (PID=3283) to work on /home/airflow/.local/lib/python3.7/site-packages/airflow/example_dags/tutorial_taskflow_api.py
[2023-03-10T20:17:07.901+0000] {processor.py:756} INFO - Processing file /home/airflow/.local/lib/python3.7/site-packages/airflow/example_dags/tutorial_taskflow_api.py for tasks to queue
[2023-03-10T20:17:07.902+0000] {logging_mixin.py:137} INFO - [2023-03-10T20:17:07.902+0000] {dagbag.py:537} INFO - Filling up the DagBag from /home/airflow/.local/lib/python3.7/site-packages/airflow/example_dags/tutorial_taskflow_api.py
[2023-03-10T20:17:07.915+0000] {processor.py:766} INFO - DAG(s) dict_keys(['tutorial_taskflow_api']) retrieved from /home/airflow/.local/lib/python3.7/site-packages/airflow/example_dags/tutorial_taskflow_api.py
[2023-03-10T20:17:07.938+0000] {logging_mixin.py:137} INFO - [2023-03-10T20:17:07.938+0000] {dag.py:2585} INFO - Sync 1 DAGs
[2023-03-10T20:17:07.953+0000] {logging_mixin.py:137} INFO - [2023-03-10T20:17:07.952+0000] {dag.py:3340} INFO - Setting next_dagrun for tutorial_taskflow_api to None, run_after=None
[2023-03-10T20:17:07.966+0000] {processor.py:176} INFO - Processing /home/airflow/.local/lib/python3.7/site-packages/airflow/example_dags/tutorial_taskflow_api.py took 0.069 seconds
[2023-03-10T20:17:38.350+0000] {processor.py:154} INFO - Started process (PID=3347) to work on /home/airflow/.local/lib/python3.7/site-packages/airflow/example_dags/tutorial_taskflow_api.py
[2023-03-10T20:17:38.352+0000] {processor.py:756} INFO - Processing file /home/airflow/.local/lib/python3.7/site-packages/airflow/example_dags/tutorial_taskflow_api.py for tasks to queue
[2023-03-10T20:17:38.353+0000] {logging_mixin.py:137} INFO - [2023-03-10T20:17:38.353+0000] {dagbag.py:537} INFO - Filling up the DagBag from /home/airflow/.local/lib/python3.7/site-packages/airflow/example_dags/tutorial_taskflow_api.py
[2023-03-10T20:17:38.366+0000] {processor.py:766} INFO - DAG(s) dict_keys(['tutorial_taskflow_api']) retrieved from /home/airflow/.local/lib/python3.7/site-packages/airflow/example_dags/tutorial_taskflow_api.py
[2023-03-10T20:17:38.391+0000] {logging_mixin.py:137} INFO - [2023-03-10T20:17:38.391+0000] {dag.py:2585} INFO - Sync 1 DAGs
[2023-03-10T20:17:38.407+0000] {logging_mixin.py:137} INFO - [2023-03-10T20:17:38.407+0000] {dag.py:3340} INFO - Setting next_dagrun for tutorial_taskflow_api to None, run_after=None
[2023-03-10T20:17:38.419+0000] {processor.py:176} INFO - Processing /home/airflow/.local/lib/python3.7/site-packages/airflow/example_dags/tutorial_taskflow_api.py took 0.071 seconds
[2023-03-10T20:18:08.669+0000] {processor.py:154} INFO - Started process (PID=3412) to work on /home/airflow/.local/lib/python3.7/site-packages/airflow/example_dags/tutorial_taskflow_api.py
[2023-03-10T20:18:08.670+0000] {processor.py:756} INFO - Processing file /home/airflow/.local/lib/python3.7/site-packages/airflow/example_dags/tutorial_taskflow_api.py for tasks to queue
[2023-03-10T20:18:08.672+0000] {logging_mixin.py:137} INFO - [2023-03-10T20:18:08.672+0000] {dagbag.py:537} INFO - Filling up the DagBag from /home/airflow/.local/lib/python3.7/site-packages/airflow/example_dags/tutorial_taskflow_api.py
[2023-03-10T20:18:08.685+0000] {processor.py:766} INFO - DAG(s) dict_keys(['tutorial_taskflow_api']) retrieved from /home/airflow/.local/lib/python3.7/site-packages/airflow/example_dags/tutorial_taskflow_api.py
[2023-03-10T20:18:08.711+0000] {logging_mixin.py:137} INFO - [2023-03-10T20:18:08.711+0000] {dag.py:2585} INFO - Sync 1 DAGs
[2023-03-10T20:18:08.725+0000] {logging_mixin.py:137} INFO - [2023-03-10T20:18:08.725+0000] {dag.py:3340} INFO - Setting next_dagrun for tutorial_taskflow_api to None, run_after=None
[2023-03-10T20:18:08.735+0000] {processor.py:176} INFO - Processing /home/airflow/.local/lib/python3.7/site-packages/airflow/example_dags/tutorial_taskflow_api.py took 0.068 seconds
[2023-03-10T20:18:39.328+0000] {processor.py:154} INFO - Started process (PID=3476) to work on /home/airflow/.local/lib/python3.7/site-packages/airflow/example_dags/tutorial_taskflow_api.py
[2023-03-10T20:18:39.330+0000] {processor.py:756} INFO - Processing file /home/airflow/.local/lib/python3.7/site-packages/airflow/example_dags/tutorial_taskflow_api.py for tasks to queue
[2023-03-10T20:18:39.331+0000] {logging_mixin.py:137} INFO - [2023-03-10T20:18:39.331+0000] {dagbag.py:537} INFO - Filling up the DagBag from /home/airflow/.local/lib/python3.7/site-packages/airflow/example_dags/tutorial_taskflow_api.py
[2023-03-10T20:18:39.343+0000] {processor.py:766} INFO - DAG(s) dict_keys(['tutorial_taskflow_api']) retrieved from /home/airflow/.local/lib/python3.7/site-packages/airflow/example_dags/tutorial_taskflow_api.py
[2023-03-10T20:18:39.368+0000] {logging_mixin.py:137} INFO - [2023-03-10T20:18:39.368+0000] {dag.py:2585} INFO - Sync 1 DAGs
[2023-03-10T20:18:39.383+0000] {logging_mixin.py:137} INFO - [2023-03-10T20:18:39.383+0000] {dag.py:3340} INFO - Setting next_dagrun for tutorial_taskflow_api to None, run_after=None
[2023-03-10T20:18:39.393+0000] {processor.py:176} INFO - Processing /home/airflow/.local/lib/python3.7/site-packages/airflow/example_dags/tutorial_taskflow_api.py took 0.068 seconds
[2023-03-10T20:19:10.096+0000] {processor.py:154} INFO - Started process (PID=3531) to work on /home/airflow/.local/lib/python3.7/site-packages/airflow/example_dags/tutorial_taskflow_api.py
[2023-03-10T20:19:10.098+0000] {processor.py:756} INFO - Processing file /home/airflow/.local/lib/python3.7/site-packages/airflow/example_dags/tutorial_taskflow_api.py for tasks to queue
[2023-03-10T20:19:10.102+0000] {logging_mixin.py:137} INFO - [2023-03-10T20:19:10.102+0000] {dagbag.py:537} INFO - Filling up the DagBag from /home/airflow/.local/lib/python3.7/site-packages/airflow/example_dags/tutorial_taskflow_api.py
[2023-03-10T20:19:10.116+0000] {processor.py:766} INFO - DAG(s) dict_keys(['tutorial_taskflow_api']) retrieved from /home/airflow/.local/lib/python3.7/site-packages/airflow/example_dags/tutorial_taskflow_api.py
[2023-03-10T20:19:10.141+0000] {logging_mixin.py:137} INFO - [2023-03-10T20:19:10.141+0000] {dag.py:2585} INFO - Sync 1 DAGs
[2023-03-10T20:19:10.155+0000] {logging_mixin.py:137} INFO - [2023-03-10T20:19:10.155+0000] {dag.py:3340} INFO - Setting next_dagrun for tutorial_taskflow_api to None, run_after=None
[2023-03-10T20:19:10.168+0000] {processor.py:176} INFO - Processing /home/airflow/.local/lib/python3.7/site-packages/airflow/example_dags/tutorial_taskflow_api.py took 0.075 seconds
[2023-03-10T20:19:40.626+0000] {processor.py:154} INFO - Started process (PID=3593) to work on /home/airflow/.local/lib/python3.7/site-packages/airflow/example_dags/tutorial_taskflow_api.py
[2023-03-10T20:19:40.628+0000] {processor.py:756} INFO - Processing file /home/airflow/.local/lib/python3.7/site-packages/airflow/example_dags/tutorial_taskflow_api.py for tasks to queue
[2023-03-10T20:19:40.631+0000] {logging_mixin.py:137} INFO - [2023-03-10T20:19:40.631+0000] {dagbag.py:537} INFO - Filling up the DagBag from /home/airflow/.local/lib/python3.7/site-packages/airflow/example_dags/tutorial_taskflow_api.py
[2023-03-10T20:19:40.645+0000] {processor.py:766} INFO - DAG(s) dict_keys(['tutorial_taskflow_api']) retrieved from /home/airflow/.local/lib/python3.7/site-packages/airflow/example_dags/tutorial_taskflow_api.py
[2023-03-10T20:19:40.674+0000] {logging_mixin.py:137} INFO - [2023-03-10T20:19:40.674+0000] {dag.py:2585} INFO - Sync 1 DAGs
[2023-03-10T20:19:40.691+0000] {logging_mixin.py:137} INFO - [2023-03-10T20:19:40.691+0000] {dag.py:3340} INFO - Setting next_dagrun for tutorial_taskflow_api to None, run_after=None
[2023-03-10T20:19:40.708+0000] {processor.py:176} INFO - Processing /home/airflow/.local/lib/python3.7/site-packages/airflow/example_dags/tutorial_taskflow_api.py took 0.085 seconds
[2023-03-10T20:20:11.674+0000] {processor.py:154} INFO - Started process (PID=3657) to work on /home/airflow/.local/lib/python3.7/site-packages/airflow/example_dags/tutorial_taskflow_api.py
[2023-03-10T20:20:11.676+0000] {processor.py:756} INFO - Processing file /home/airflow/.local/lib/python3.7/site-packages/airflow/example_dags/tutorial_taskflow_api.py for tasks to queue
[2023-03-10T20:20:11.677+0000] {logging_mixin.py:137} INFO - [2023-03-10T20:20:11.677+0000] {dagbag.py:537} INFO - Filling up the DagBag from /home/airflow/.local/lib/python3.7/site-packages/airflow/example_dags/tutorial_taskflow_api.py
[2023-03-10T20:20:11.691+0000] {processor.py:766} INFO - DAG(s) dict_keys(['tutorial_taskflow_api']) retrieved from /home/airflow/.local/lib/python3.7/site-packages/airflow/example_dags/tutorial_taskflow_api.py
[2023-03-10T20:20:11.717+0000] {logging_mixin.py:137} INFO - [2023-03-10T20:20:11.717+0000] {dag.py:2585} INFO - Sync 1 DAGs
[2023-03-10T20:20:11.733+0000] {logging_mixin.py:137} INFO - [2023-03-10T20:20:11.732+0000] {dag.py:3340} INFO - Setting next_dagrun for tutorial_taskflow_api to None, run_after=None
[2023-03-10T20:20:11.745+0000] {processor.py:176} INFO - Processing /home/airflow/.local/lib/python3.7/site-packages/airflow/example_dags/tutorial_taskflow_api.py took 0.073 seconds
[2023-03-10T20:20:42.227+0000] {processor.py:154} INFO - Started process (PID=3721) to work on /home/airflow/.local/lib/python3.7/site-packages/airflow/example_dags/tutorial_taskflow_api.py
[2023-03-10T20:20:42.229+0000] {processor.py:756} INFO - Processing file /home/airflow/.local/lib/python3.7/site-packages/airflow/example_dags/tutorial_taskflow_api.py for tasks to queue
[2023-03-10T20:20:42.231+0000] {logging_mixin.py:137} INFO - [2023-03-10T20:20:42.231+0000] {dagbag.py:537} INFO - Filling up the DagBag from /home/airflow/.local/lib/python3.7/site-packages/airflow/example_dags/tutorial_taskflow_api.py
[2023-03-10T20:20:42.246+0000] {processor.py:766} INFO - DAG(s) dict_keys(['tutorial_taskflow_api']) retrieved from /home/airflow/.local/lib/python3.7/site-packages/airflow/example_dags/tutorial_taskflow_api.py
[2023-03-10T20:20:42.278+0000] {logging_mixin.py:137} INFO - [2023-03-10T20:20:42.278+0000] {dag.py:2585} INFO - Sync 1 DAGs
[2023-03-10T20:20:42.300+0000] {logging_mixin.py:137} INFO - [2023-03-10T20:20:42.300+0000] {dag.py:3340} INFO - Setting next_dagrun for tutorial_taskflow_api to None, run_after=None
[2023-03-10T20:20:42.318+0000] {processor.py:176} INFO - Processing /home/airflow/.local/lib/python3.7/site-packages/airflow/example_dags/tutorial_taskflow_api.py took 0.093 seconds
[2023-03-10T20:21:13.019+0000] {processor.py:154} INFO - Started process (PID=3786) to work on /home/airflow/.local/lib/python3.7/site-packages/airflow/example_dags/tutorial_taskflow_api.py
[2023-03-10T20:21:13.021+0000] {processor.py:756} INFO - Processing file /home/airflow/.local/lib/python3.7/site-packages/airflow/example_dags/tutorial_taskflow_api.py for tasks to queue
[2023-03-10T20:21:13.023+0000] {logging_mixin.py:137} INFO - [2023-03-10T20:21:13.023+0000] {dagbag.py:537} INFO - Filling up the DagBag from /home/airflow/.local/lib/python3.7/site-packages/airflow/example_dags/tutorial_taskflow_api.py
[2023-03-10T20:21:13.038+0000] {processor.py:766} INFO - DAG(s) dict_keys(['tutorial_taskflow_api']) retrieved from /home/airflow/.local/lib/python3.7/site-packages/airflow/example_dags/tutorial_taskflow_api.py
[2023-03-10T20:21:13.068+0000] {logging_mixin.py:137} INFO - [2023-03-10T20:21:13.068+0000] {dag.py:2585} INFO - Sync 1 DAGs
[2023-03-10T20:21:13.089+0000] {logging_mixin.py:137} INFO - [2023-03-10T20:21:13.089+0000] {dag.py:3340} INFO - Setting next_dagrun for tutorial_taskflow_api to None, run_after=None
[2023-03-10T20:21:13.107+0000] {processor.py:176} INFO - Processing /home/airflow/.local/lib/python3.7/site-packages/airflow/example_dags/tutorial_taskflow_api.py took 0.090 seconds
[2023-03-10T20:21:43.566+0000] {processor.py:154} INFO - Started process (PID=3841) to work on /home/airflow/.local/lib/python3.7/site-packages/airflow/example_dags/tutorial_taskflow_api.py
[2023-03-10T20:21:43.567+0000] {processor.py:756} INFO - Processing file /home/airflow/.local/lib/python3.7/site-packages/airflow/example_dags/tutorial_taskflow_api.py for tasks to queue
[2023-03-10T20:21:43.568+0000] {logging_mixin.py:137} INFO - [2023-03-10T20:21:43.568+0000] {dagbag.py:537} INFO - Filling up the DagBag from /home/airflow/.local/lib/python3.7/site-packages/airflow/example_dags/tutorial_taskflow_api.py
[2023-03-10T20:21:43.582+0000] {processor.py:766} INFO - DAG(s) dict_keys(['tutorial_taskflow_api']) retrieved from /home/airflow/.local/lib/python3.7/site-packages/airflow/example_dags/tutorial_taskflow_api.py
[2023-03-10T20:21:43.610+0000] {logging_mixin.py:137} INFO - [2023-03-10T20:21:43.610+0000] {dag.py:2585} INFO - Sync 1 DAGs
[2023-03-10T20:21:43.628+0000] {logging_mixin.py:137} INFO - [2023-03-10T20:21:43.628+0000] {dag.py:3340} INFO - Setting next_dagrun for tutorial_taskflow_api to None, run_after=None
[2023-03-10T20:21:43.643+0000] {processor.py:176} INFO - Processing /home/airflow/.local/lib/python3.7/site-packages/airflow/example_dags/tutorial_taskflow_api.py took 0.079 seconds
[2023-03-10T20:22:14.784+0000] {processor.py:154} INFO - Started process (PID=3905) to work on /home/airflow/.local/lib/python3.7/site-packages/airflow/example_dags/tutorial_taskflow_api.py
[2023-03-10T20:22:14.785+0000] {processor.py:756} INFO - Processing file /home/airflow/.local/lib/python3.7/site-packages/airflow/example_dags/tutorial_taskflow_api.py for tasks to queue
[2023-03-10T20:22:14.787+0000] {logging_mixin.py:137} INFO - [2023-03-10T20:22:14.787+0000] {dagbag.py:537} INFO - Filling up the DagBag from /home/airflow/.local/lib/python3.7/site-packages/airflow/example_dags/tutorial_taskflow_api.py
[2023-03-10T20:22:14.803+0000] {processor.py:766} INFO - DAG(s) dict_keys(['tutorial_taskflow_api']) retrieved from /home/airflow/.local/lib/python3.7/site-packages/airflow/example_dags/tutorial_taskflow_api.py
[2023-03-10T20:22:14.831+0000] {logging_mixin.py:137} INFO - [2023-03-10T20:22:14.831+0000] {dag.py:2585} INFO - Sync 1 DAGs
[2023-03-10T20:22:14.847+0000] {logging_mixin.py:137} INFO - [2023-03-10T20:22:14.847+0000] {dag.py:3340} INFO - Setting next_dagrun for tutorial_taskflow_api to None, run_after=None
[2023-03-10T20:22:14.861+0000] {processor.py:176} INFO - Processing /home/airflow/.local/lib/python3.7/site-packages/airflow/example_dags/tutorial_taskflow_api.py took 0.080 seconds
[2023-03-10T20:22:45.403+0000] {processor.py:154} INFO - Started process (PID=3968) to work on /home/airflow/.local/lib/python3.7/site-packages/airflow/example_dags/tutorial_taskflow_api.py
[2023-03-10T20:22:45.405+0000] {processor.py:756} INFO - Processing file /home/airflow/.local/lib/python3.7/site-packages/airflow/example_dags/tutorial_taskflow_api.py for tasks to queue
[2023-03-10T20:22:45.406+0000] {logging_mixin.py:137} INFO - [2023-03-10T20:22:45.406+0000] {dagbag.py:537} INFO - Filling up the DagBag from /home/airflow/.local/lib/python3.7/site-packages/airflow/example_dags/tutorial_taskflow_api.py
[2023-03-10T20:22:45.420+0000] {processor.py:766} INFO - DAG(s) dict_keys(['tutorial_taskflow_api']) retrieved from /home/airflow/.local/lib/python3.7/site-packages/airflow/example_dags/tutorial_taskflow_api.py
[2023-03-10T20:22:45.446+0000] {logging_mixin.py:137} INFO - [2023-03-10T20:22:45.446+0000] {dag.py:2585} INFO - Sync 1 DAGs
[2023-03-10T20:22:45.460+0000] {logging_mixin.py:137} INFO - [2023-03-10T20:22:45.460+0000] {dag.py:3340} INFO - Setting next_dagrun for tutorial_taskflow_api to None, run_after=None
[2023-03-10T20:22:45.474+0000] {processor.py:176} INFO - Processing /home/airflow/.local/lib/python3.7/site-packages/airflow/example_dags/tutorial_taskflow_api.py took 0.072 seconds
[2023-03-10T20:23:15.933+0000] {processor.py:154} INFO - Started process (PID=4032) to work on /home/airflow/.local/lib/python3.7/site-packages/airflow/example_dags/tutorial_taskflow_api.py
[2023-03-10T20:23:15.934+0000] {processor.py:756} INFO - Processing file /home/airflow/.local/lib/python3.7/site-packages/airflow/example_dags/tutorial_taskflow_api.py for tasks to queue
[2023-03-10T20:23:15.935+0000] {logging_mixin.py:137} INFO - [2023-03-10T20:23:15.935+0000] {dagbag.py:537} INFO - Filling up the DagBag from /home/airflow/.local/lib/python3.7/site-packages/airflow/example_dags/tutorial_taskflow_api.py
[2023-03-10T20:23:15.950+0000] {processor.py:766} INFO - DAG(s) dict_keys(['tutorial_taskflow_api']) retrieved from /home/airflow/.local/lib/python3.7/site-packages/airflow/example_dags/tutorial_taskflow_api.py
[2023-03-10T20:23:15.976+0000] {logging_mixin.py:137} INFO - [2023-03-10T20:23:15.976+0000] {dag.py:2585} INFO - Sync 1 DAGs
[2023-03-10T20:23:15.991+0000] {logging_mixin.py:137} INFO - [2023-03-10T20:23:15.991+0000] {dag.py:3340} INFO - Setting next_dagrun for tutorial_taskflow_api to None, run_after=None
[2023-03-10T20:23:16.006+0000] {processor.py:176} INFO - Processing /home/airflow/.local/lib/python3.7/site-packages/airflow/example_dags/tutorial_taskflow_api.py took 0.075 seconds
[2023-03-10T20:23:46.260+0000] {processor.py:154} INFO - Started process (PID=4095) to work on /home/airflow/.local/lib/python3.7/site-packages/airflow/example_dags/tutorial_taskflow_api.py
[2023-03-10T20:23:46.262+0000] {processor.py:756} INFO - Processing file /home/airflow/.local/lib/python3.7/site-packages/airflow/example_dags/tutorial_taskflow_api.py for tasks to queue
[2023-03-10T20:23:46.264+0000] {logging_mixin.py:137} INFO - [2023-03-10T20:23:46.264+0000] {dagbag.py:537} INFO - Filling up the DagBag from /home/airflow/.local/lib/python3.7/site-packages/airflow/example_dags/tutorial_taskflow_api.py
[2023-03-10T20:23:46.286+0000] {processor.py:766} INFO - DAG(s) dict_keys(['tutorial_taskflow_api']) retrieved from /home/airflow/.local/lib/python3.7/site-packages/airflow/example_dags/tutorial_taskflow_api.py
[2023-03-10T20:23:46.325+0000] {logging_mixin.py:137} INFO - [2023-03-10T20:23:46.325+0000] {dag.py:2585} INFO - Sync 1 DAGs
[2023-03-10T20:23:46.352+0000] {logging_mixin.py:137} INFO - [2023-03-10T20:23:46.352+0000] {dag.py:3340} INFO - Setting next_dagrun for tutorial_taskflow_api to None, run_after=None
[2023-03-10T20:23:46.374+0000] {processor.py:176} INFO - Processing /home/airflow/.local/lib/python3.7/site-packages/airflow/example_dags/tutorial_taskflow_api.py took 0.116 seconds
[2023-03-10T20:24:17.013+0000] {processor.py:154} INFO - Started process (PID=4158) to work on /home/airflow/.local/lib/python3.7/site-packages/airflow/example_dags/tutorial_taskflow_api.py
[2023-03-10T20:24:17.015+0000] {processor.py:756} INFO - Processing file /home/airflow/.local/lib/python3.7/site-packages/airflow/example_dags/tutorial_taskflow_api.py for tasks to queue
[2023-03-10T20:24:17.016+0000] {logging_mixin.py:137} INFO - [2023-03-10T20:24:17.016+0000] {dagbag.py:537} INFO - Filling up the DagBag from /home/airflow/.local/lib/python3.7/site-packages/airflow/example_dags/tutorial_taskflow_api.py
[2023-03-10T20:24:17.029+0000] {processor.py:766} INFO - DAG(s) dict_keys(['tutorial_taskflow_api']) retrieved from /home/airflow/.local/lib/python3.7/site-packages/airflow/example_dags/tutorial_taskflow_api.py
[2023-03-10T20:24:17.055+0000] {logging_mixin.py:137} INFO - [2023-03-10T20:24:17.055+0000] {dag.py:2585} INFO - Sync 1 DAGs
[2023-03-10T20:24:17.070+0000] {logging_mixin.py:137} INFO - [2023-03-10T20:24:17.070+0000] {dag.py:3340} INFO - Setting next_dagrun for tutorial_taskflow_api to None, run_after=None
[2023-03-10T20:24:17.083+0000] {processor.py:176} INFO - Processing /home/airflow/.local/lib/python3.7/site-packages/airflow/example_dags/tutorial_taskflow_api.py took 0.073 seconds
[2023-03-10T20:24:47.421+0000] {processor.py:154} INFO - Started process (PID=4213) to work on /home/airflow/.local/lib/python3.7/site-packages/airflow/example_dags/tutorial_taskflow_api.py
[2023-03-10T20:24:47.423+0000] {processor.py:756} INFO - Processing file /home/airflow/.local/lib/python3.7/site-packages/airflow/example_dags/tutorial_taskflow_api.py for tasks to queue
[2023-03-10T20:24:47.424+0000] {logging_mixin.py:137} INFO - [2023-03-10T20:24:47.424+0000] {dagbag.py:537} INFO - Filling up the DagBag from /home/airflow/.local/lib/python3.7/site-packages/airflow/example_dags/tutorial_taskflow_api.py
[2023-03-10T20:24:47.438+0000] {processor.py:766} INFO - DAG(s) dict_keys(['tutorial_taskflow_api']) retrieved from /home/airflow/.local/lib/python3.7/site-packages/airflow/example_dags/tutorial_taskflow_api.py
[2023-03-10T20:24:47.464+0000] {logging_mixin.py:137} INFO - [2023-03-10T20:24:47.463+0000] {dag.py:2585} INFO - Sync 1 DAGs
[2023-03-10T20:24:47.479+0000] {logging_mixin.py:137} INFO - [2023-03-10T20:24:47.479+0000] {dag.py:3340} INFO - Setting next_dagrun for tutorial_taskflow_api to None, run_after=None
[2023-03-10T20:24:47.492+0000] {processor.py:176} INFO - Processing /home/airflow/.local/lib/python3.7/site-packages/airflow/example_dags/tutorial_taskflow_api.py took 0.073 seconds
[2023-03-10T20:25:18.046+0000] {processor.py:154} INFO - Started process (PID=4277) to work on /home/airflow/.local/lib/python3.7/site-packages/airflow/example_dags/tutorial_taskflow_api.py
[2023-03-10T20:25:18.048+0000] {processor.py:756} INFO - Processing file /home/airflow/.local/lib/python3.7/site-packages/airflow/example_dags/tutorial_taskflow_api.py for tasks to queue
[2023-03-10T20:25:18.049+0000] {logging_mixin.py:137} INFO - [2023-03-10T20:25:18.048+0000] {dagbag.py:537} INFO - Filling up the DagBag from /home/airflow/.local/lib/python3.7/site-packages/airflow/example_dags/tutorial_taskflow_api.py
[2023-03-10T20:25:18.063+0000] {processor.py:766} INFO - DAG(s) dict_keys(['tutorial_taskflow_api']) retrieved from /home/airflow/.local/lib/python3.7/site-packages/airflow/example_dags/tutorial_taskflow_api.py
[2023-03-10T20:25:18.090+0000] {logging_mixin.py:137} INFO - [2023-03-10T20:25:18.090+0000] {dag.py:2585} INFO - Sync 1 DAGs
[2023-03-10T20:25:18.110+0000] {logging_mixin.py:137} INFO - [2023-03-10T20:25:18.110+0000] {dag.py:3340} INFO - Setting next_dagrun for tutorial_taskflow_api to None, run_after=None
[2023-03-10T20:25:18.123+0000] {processor.py:176} INFO - Processing /home/airflow/.local/lib/python3.7/site-packages/airflow/example_dags/tutorial_taskflow_api.py took 0.079 seconds
[2023-03-10T20:25:48.696+0000] {processor.py:154} INFO - Started process (PID=4339) to work on /home/airflow/.local/lib/python3.7/site-packages/airflow/example_dags/tutorial_taskflow_api.py
[2023-03-10T20:25:48.697+0000] {processor.py:756} INFO - Processing file /home/airflow/.local/lib/python3.7/site-packages/airflow/example_dags/tutorial_taskflow_api.py for tasks to queue
[2023-03-10T20:25:48.698+0000] {logging_mixin.py:137} INFO - [2023-03-10T20:25:48.698+0000] {dagbag.py:537} INFO - Filling up the DagBag from /home/airflow/.local/lib/python3.7/site-packages/airflow/example_dags/tutorial_taskflow_api.py
[2023-03-10T20:25:48.714+0000] {processor.py:766} INFO - DAG(s) dict_keys(['tutorial_taskflow_api']) retrieved from /home/airflow/.local/lib/python3.7/site-packages/airflow/example_dags/tutorial_taskflow_api.py
[2023-03-10T20:25:48.744+0000] {logging_mixin.py:137} INFO - [2023-03-10T20:25:48.744+0000] {dag.py:2585} INFO - Sync 1 DAGs
[2023-03-10T20:25:48.760+0000] {logging_mixin.py:137} INFO - [2023-03-10T20:25:48.760+0000] {dag.py:3340} INFO - Setting next_dagrun for tutorial_taskflow_api to None, run_after=None
[2023-03-10T20:25:48.773+0000] {processor.py:176} INFO - Processing /home/airflow/.local/lib/python3.7/site-packages/airflow/example_dags/tutorial_taskflow_api.py took 0.080 seconds
[2023-03-10T20:26:19.697+0000] {processor.py:154} INFO - Started process (PID=4403) to work on /home/airflow/.local/lib/python3.7/site-packages/airflow/example_dags/tutorial_taskflow_api.py
[2023-03-10T20:26:19.700+0000] {processor.py:756} INFO - Processing file /home/airflow/.local/lib/python3.7/site-packages/airflow/example_dags/tutorial_taskflow_api.py for tasks to queue
[2023-03-10T20:26:19.701+0000] {logging_mixin.py:137} INFO - [2023-03-10T20:26:19.701+0000] {dagbag.py:537} INFO - Filling up the DagBag from /home/airflow/.local/lib/python3.7/site-packages/airflow/example_dags/tutorial_taskflow_api.py
[2023-03-10T20:26:19.715+0000] {processor.py:766} INFO - DAG(s) dict_keys(['tutorial_taskflow_api']) retrieved from /home/airflow/.local/lib/python3.7/site-packages/airflow/example_dags/tutorial_taskflow_api.py
[2023-03-10T20:26:19.743+0000] {logging_mixin.py:137} INFO - [2023-03-10T20:26:19.742+0000] {dag.py:2585} INFO - Sync 1 DAGs
[2023-03-10T20:26:19.757+0000] {logging_mixin.py:137} INFO - [2023-03-10T20:26:19.757+0000] {dag.py:3340} INFO - Setting next_dagrun for tutorial_taskflow_api to None, run_after=None
[2023-03-10T20:26:19.769+0000] {processor.py:176} INFO - Processing /home/airflow/.local/lib/python3.7/site-packages/airflow/example_dags/tutorial_taskflow_api.py took 0.073 seconds
[2023-03-10T20:26:50.065+0000] {processor.py:154} INFO - Started process (PID=4466) to work on /home/airflow/.local/lib/python3.7/site-packages/airflow/example_dags/tutorial_taskflow_api.py
[2023-03-10T20:26:50.067+0000] {processor.py:756} INFO - Processing file /home/airflow/.local/lib/python3.7/site-packages/airflow/example_dags/tutorial_taskflow_api.py for tasks to queue
[2023-03-10T20:26:50.069+0000] {logging_mixin.py:137} INFO - [2023-03-10T20:26:50.068+0000] {dagbag.py:537} INFO - Filling up the DagBag from /home/airflow/.local/lib/python3.7/site-packages/airflow/example_dags/tutorial_taskflow_api.py
[2023-03-10T20:26:50.084+0000] {processor.py:766} INFO - DAG(s) dict_keys(['tutorial_taskflow_api']) retrieved from /home/airflow/.local/lib/python3.7/site-packages/airflow/example_dags/tutorial_taskflow_api.py
[2023-03-10T20:26:50.110+0000] {logging_mixin.py:137} INFO - [2023-03-10T20:26:50.110+0000] {dag.py:2585} INFO - Sync 1 DAGs
[2023-03-10T20:26:50.128+0000] {logging_mixin.py:137} INFO - [2023-03-10T20:26:50.128+0000] {dag.py:3340} INFO - Setting next_dagrun for tutorial_taskflow_api to None, run_after=None
[2023-03-10T20:26:50.142+0000] {processor.py:176} INFO - Processing /home/airflow/.local/lib/python3.7/site-packages/airflow/example_dags/tutorial_taskflow_api.py took 0.079 seconds
[2023-03-10T20:27:20.775+0000] {processor.py:154} INFO - Started process (PID=4530) to work on /home/airflow/.local/lib/python3.7/site-packages/airflow/example_dags/tutorial_taskflow_api.py
[2023-03-10T20:27:20.777+0000] {processor.py:756} INFO - Processing file /home/airflow/.local/lib/python3.7/site-packages/airflow/example_dags/tutorial_taskflow_api.py for tasks to queue
[2023-03-10T20:27:20.779+0000] {logging_mixin.py:137} INFO - [2023-03-10T20:27:20.779+0000] {dagbag.py:537} INFO - Filling up the DagBag from /home/airflow/.local/lib/python3.7/site-packages/airflow/example_dags/tutorial_taskflow_api.py
[2023-03-10T20:27:20.791+0000] {processor.py:766} INFO - DAG(s) dict_keys(['tutorial_taskflow_api']) retrieved from /home/airflow/.local/lib/python3.7/site-packages/airflow/example_dags/tutorial_taskflow_api.py
[2023-03-10T20:27:20.817+0000] {logging_mixin.py:137} INFO - [2023-03-10T20:27:20.816+0000] {dag.py:2585} INFO - Sync 1 DAGs
[2023-03-10T20:27:20.831+0000] {logging_mixin.py:137} INFO - [2023-03-10T20:27:20.831+0000] {dag.py:3340} INFO - Setting next_dagrun for tutorial_taskflow_api to None, run_after=None
[2023-03-10T20:27:20.843+0000] {processor.py:176} INFO - Processing /home/airflow/.local/lib/python3.7/site-packages/airflow/example_dags/tutorial_taskflow_api.py took 0.070 seconds
[2023-03-10T20:27:51.340+0000] {processor.py:154} INFO - Started process (PID=4584) to work on /home/airflow/.local/lib/python3.7/site-packages/airflow/example_dags/tutorial_taskflow_api.py
[2023-03-10T20:27:51.342+0000] {processor.py:756} INFO - Processing file /home/airflow/.local/lib/python3.7/site-packages/airflow/example_dags/tutorial_taskflow_api.py for tasks to queue
[2023-03-10T20:27:51.343+0000] {logging_mixin.py:137} INFO - [2023-03-10T20:27:51.343+0000] {dagbag.py:537} INFO - Filling up the DagBag from /home/airflow/.local/lib/python3.7/site-packages/airflow/example_dags/tutorial_taskflow_api.py
[2023-03-10T20:27:51.357+0000] {processor.py:766} INFO - DAG(s) dict_keys(['tutorial_taskflow_api']) retrieved from /home/airflow/.local/lib/python3.7/site-packages/airflow/example_dags/tutorial_taskflow_api.py
[2023-03-10T20:27:51.396+0000] {logging_mixin.py:137} INFO - [2023-03-10T20:27:51.396+0000] {dag.py:2585} INFO - Sync 1 DAGs
[2023-03-10T20:27:51.424+0000] {logging_mixin.py:137} INFO - [2023-03-10T20:27:51.424+0000] {dag.py:3340} INFO - Setting next_dagrun for tutorial_taskflow_api to None, run_after=None
[2023-03-10T20:27:51.441+0000] {processor.py:176} INFO - Processing /home/airflow/.local/lib/python3.7/site-packages/airflow/example_dags/tutorial_taskflow_api.py took 0.103 seconds
