[2023-03-10T19:50:31.925+0000] {processor.py:154} INFO - Started process (PID=54) to work on /home/airflow/.local/lib/python3.7/site-packages/airflow/example_dags/tutorial_dag.py
[2023-03-10T19:50:31.928+0000] {processor.py:756} INFO - Processing file /home/airflow/.local/lib/python3.7/site-packages/airflow/example_dags/tutorial_dag.py for tasks to queue
[2023-03-10T19:50:31.930+0000] {logging_mixin.py:137} INFO - [2023-03-10T19:50:31.930+0000] {dagbag.py:537} INFO - Filling up the DagBag from /home/airflow/.local/lib/python3.7/site-packages/airflow/example_dags/tutorial_dag.py
[2023-03-10T19:50:31.947+0000] {processor.py:766} INFO - DAG(s) dict_keys(['tutorial_dag']) retrieved from /home/airflow/.local/lib/python3.7/site-packages/airflow/example_dags/tutorial_dag.py
[2023-03-10T19:50:31.997+0000] {logging_mixin.py:137} INFO - [2023-03-10T19:50:31.997+0000] {dag.py:2585} INFO - Sync 1 DAGs
[2023-03-10T19:50:32.046+0000] {logging_mixin.py:137} INFO - [2023-03-10T19:50:32.046+0000] {dag.py:3340} INFO - Setting next_dagrun for tutorial_dag to None, run_after=None
[2023-03-10T19:50:32.066+0000] {processor.py:176} INFO - Processing /home/airflow/.local/lib/python3.7/site-packages/airflow/example_dags/tutorial_dag.py took 0.148 seconds
[2023-03-10T19:51:02.995+0000] {processor.py:154} INFO - Started process (PID=118) to work on /home/airflow/.local/lib/python3.7/site-packages/airflow/example_dags/tutorial_dag.py
[2023-03-10T19:51:02.996+0000] {processor.py:756} INFO - Processing file /home/airflow/.local/lib/python3.7/site-packages/airflow/example_dags/tutorial_dag.py for tasks to queue
[2023-03-10T19:51:02.997+0000] {logging_mixin.py:137} INFO - [2023-03-10T19:51:02.997+0000] {dagbag.py:537} INFO - Filling up the DagBag from /home/airflow/.local/lib/python3.7/site-packages/airflow/example_dags/tutorial_dag.py
[2023-03-10T19:51:03.006+0000] {processor.py:766} INFO - DAG(s) dict_keys(['tutorial_dag']) retrieved from /home/airflow/.local/lib/python3.7/site-packages/airflow/example_dags/tutorial_dag.py
[2023-03-10T19:51:03.032+0000] {logging_mixin.py:137} INFO - [2023-03-10T19:51:03.032+0000] {dag.py:2585} INFO - Sync 1 DAGs
[2023-03-10T19:51:03.051+0000] {logging_mixin.py:137} INFO - [2023-03-10T19:51:03.051+0000] {dag.py:3340} INFO - Setting next_dagrun for tutorial_dag to None, run_after=None
[2023-03-10T19:51:03.064+0000] {processor.py:176} INFO - Processing /home/airflow/.local/lib/python3.7/site-packages/airflow/example_dags/tutorial_dag.py took 0.072 seconds
[2023-03-10T19:51:33.598+0000] {processor.py:154} INFO - Started process (PID=183) to work on /home/airflow/.local/lib/python3.7/site-packages/airflow/example_dags/tutorial_dag.py
[2023-03-10T19:51:33.600+0000] {processor.py:756} INFO - Processing file /home/airflow/.local/lib/python3.7/site-packages/airflow/example_dags/tutorial_dag.py for tasks to queue
[2023-03-10T19:51:33.601+0000] {logging_mixin.py:137} INFO - [2023-03-10T19:51:33.601+0000] {dagbag.py:537} INFO - Filling up the DagBag from /home/airflow/.local/lib/python3.7/site-packages/airflow/example_dags/tutorial_dag.py
[2023-03-10T19:51:33.610+0000] {processor.py:766} INFO - DAG(s) dict_keys(['tutorial_dag']) retrieved from /home/airflow/.local/lib/python3.7/site-packages/airflow/example_dags/tutorial_dag.py
[2023-03-10T19:51:33.633+0000] {logging_mixin.py:137} INFO - [2023-03-10T19:51:33.633+0000] {dag.py:2585} INFO - Sync 1 DAGs
[2023-03-10T19:51:33.648+0000] {logging_mixin.py:137} INFO - [2023-03-10T19:51:33.648+0000] {dag.py:3340} INFO - Setting next_dagrun for tutorial_dag to None, run_after=None
[2023-03-10T19:51:33.658+0000] {processor.py:176} INFO - Processing /home/airflow/.local/lib/python3.7/site-packages/airflow/example_dags/tutorial_dag.py took 0.063 seconds
[2023-03-10T19:52:04.142+0000] {processor.py:154} INFO - Started process (PID=247) to work on /home/airflow/.local/lib/python3.7/site-packages/airflow/example_dags/tutorial_dag.py
[2023-03-10T19:52:04.148+0000] {processor.py:756} INFO - Processing file /home/airflow/.local/lib/python3.7/site-packages/airflow/example_dags/tutorial_dag.py for tasks to queue
[2023-03-10T19:52:04.152+0000] {logging_mixin.py:137} INFO - [2023-03-10T19:52:04.152+0000] {dagbag.py:537} INFO - Filling up the DagBag from /home/airflow/.local/lib/python3.7/site-packages/airflow/example_dags/tutorial_dag.py
[2023-03-10T19:52:04.163+0000] {processor.py:766} INFO - DAG(s) dict_keys(['tutorial_dag']) retrieved from /home/airflow/.local/lib/python3.7/site-packages/airflow/example_dags/tutorial_dag.py
[2023-03-10T19:52:04.209+0000] {logging_mixin.py:137} INFO - [2023-03-10T19:52:04.209+0000] {dag.py:2585} INFO - Sync 1 DAGs
[2023-03-10T19:52:04.232+0000] {logging_mixin.py:137} INFO - [2023-03-10T19:52:04.232+0000] {dag.py:3340} INFO - Setting next_dagrun for tutorial_dag to None, run_after=None
[2023-03-10T19:52:04.250+0000] {processor.py:176} INFO - Processing /home/airflow/.local/lib/python3.7/site-packages/airflow/example_dags/tutorial_dag.py took 0.114 seconds
[2023-03-10T19:52:34.363+0000] {processor.py:154} INFO - Started process (PID=312) to work on /home/airflow/.local/lib/python3.7/site-packages/airflow/example_dags/tutorial_dag.py
[2023-03-10T19:52:34.365+0000] {processor.py:756} INFO - Processing file /home/airflow/.local/lib/python3.7/site-packages/airflow/example_dags/tutorial_dag.py for tasks to queue
[2023-03-10T19:52:34.366+0000] {logging_mixin.py:137} INFO - [2023-03-10T19:52:34.366+0000] {dagbag.py:537} INFO - Filling up the DagBag from /home/airflow/.local/lib/python3.7/site-packages/airflow/example_dags/tutorial_dag.py
[2023-03-10T19:52:34.376+0000] {processor.py:766} INFO - DAG(s) dict_keys(['tutorial_dag']) retrieved from /home/airflow/.local/lib/python3.7/site-packages/airflow/example_dags/tutorial_dag.py
[2023-03-10T19:52:34.404+0000] {logging_mixin.py:137} INFO - [2023-03-10T19:52:34.404+0000] {dag.py:2585} INFO - Sync 1 DAGs
[2023-03-10T19:52:34.422+0000] {logging_mixin.py:137} INFO - [2023-03-10T19:52:34.421+0000] {dag.py:3340} INFO - Setting next_dagrun for tutorial_dag to None, run_after=None
[2023-03-10T19:52:34.435+0000] {processor.py:176} INFO - Processing /home/airflow/.local/lib/python3.7/site-packages/airflow/example_dags/tutorial_dag.py took 0.076 seconds
[2023-03-10T19:53:04.969+0000] {processor.py:154} INFO - Started process (PID=368) to work on /home/airflow/.local/lib/python3.7/site-packages/airflow/example_dags/tutorial_dag.py
[2023-03-10T19:53:04.970+0000] {processor.py:756} INFO - Processing file /home/airflow/.local/lib/python3.7/site-packages/airflow/example_dags/tutorial_dag.py for tasks to queue
[2023-03-10T19:53:04.972+0000] {logging_mixin.py:137} INFO - [2023-03-10T19:53:04.971+0000] {dagbag.py:537} INFO - Filling up the DagBag from /home/airflow/.local/lib/python3.7/site-packages/airflow/example_dags/tutorial_dag.py
[2023-03-10T19:53:04.981+0000] {processor.py:766} INFO - DAG(s) dict_keys(['tutorial_dag']) retrieved from /home/airflow/.local/lib/python3.7/site-packages/airflow/example_dags/tutorial_dag.py
[2023-03-10T19:53:05.007+0000] {logging_mixin.py:137} INFO - [2023-03-10T19:53:05.006+0000] {dag.py:2585} INFO - Sync 1 DAGs
[2023-03-10T19:53:05.021+0000] {logging_mixin.py:137} INFO - [2023-03-10T19:53:05.021+0000] {dag.py:3340} INFO - Setting next_dagrun for tutorial_dag to None, run_after=None
[2023-03-10T19:53:05.034+0000] {processor.py:176} INFO - Processing /home/airflow/.local/lib/python3.7/site-packages/airflow/example_dags/tutorial_dag.py took 0.068 seconds
[2023-03-10T19:53:35.232+0000] {processor.py:154} INFO - Started process (PID=431) to work on /home/airflow/.local/lib/python3.7/site-packages/airflow/example_dags/tutorial_dag.py
[2023-03-10T19:53:35.235+0000] {processor.py:756} INFO - Processing file /home/airflow/.local/lib/python3.7/site-packages/airflow/example_dags/tutorial_dag.py for tasks to queue
[2023-03-10T19:53:35.236+0000] {logging_mixin.py:137} INFO - [2023-03-10T19:53:35.236+0000] {dagbag.py:537} INFO - Filling up the DagBag from /home/airflow/.local/lib/python3.7/site-packages/airflow/example_dags/tutorial_dag.py
[2023-03-10T19:53:35.247+0000] {processor.py:766} INFO - DAG(s) dict_keys(['tutorial_dag']) retrieved from /home/airflow/.local/lib/python3.7/site-packages/airflow/example_dags/tutorial_dag.py
[2023-03-10T19:53:35.276+0000] {logging_mixin.py:137} INFO - [2023-03-10T19:53:35.276+0000] {dag.py:2585} INFO - Sync 1 DAGs
[2023-03-10T19:53:35.294+0000] {logging_mixin.py:137} INFO - [2023-03-10T19:53:35.293+0000] {dag.py:3340} INFO - Setting next_dagrun for tutorial_dag to None, run_after=None
[2023-03-10T19:53:35.306+0000] {processor.py:176} INFO - Processing /home/airflow/.local/lib/python3.7/site-packages/airflow/example_dags/tutorial_dag.py took 0.076 seconds
[2023-03-10T19:54:06.081+0000] {processor.py:154} INFO - Started process (PID=495) to work on /home/airflow/.local/lib/python3.7/site-packages/airflow/example_dags/tutorial_dag.py
[2023-03-10T19:54:06.083+0000] {processor.py:756} INFO - Processing file /home/airflow/.local/lib/python3.7/site-packages/airflow/example_dags/tutorial_dag.py for tasks to queue
[2023-03-10T19:54:06.084+0000] {logging_mixin.py:137} INFO - [2023-03-10T19:54:06.084+0000] {dagbag.py:537} INFO - Filling up the DagBag from /home/airflow/.local/lib/python3.7/site-packages/airflow/example_dags/tutorial_dag.py
[2023-03-10T19:54:06.092+0000] {processor.py:766} INFO - DAG(s) dict_keys(['tutorial_dag']) retrieved from /home/airflow/.local/lib/python3.7/site-packages/airflow/example_dags/tutorial_dag.py
[2023-03-10T19:54:06.121+0000] {logging_mixin.py:137} INFO - [2023-03-10T19:54:06.121+0000] {dag.py:2585} INFO - Sync 1 DAGs
[2023-03-10T19:54:06.139+0000] {logging_mixin.py:137} INFO - [2023-03-10T19:54:06.139+0000] {dag.py:3340} INFO - Setting next_dagrun for tutorial_dag to None, run_after=None
[2023-03-10T19:54:06.152+0000] {processor.py:176} INFO - Processing /home/airflow/.local/lib/python3.7/site-packages/airflow/example_dags/tutorial_dag.py took 0.074 seconds
[2023-03-10T19:54:36.747+0000] {processor.py:154} INFO - Started process (PID=559) to work on /home/airflow/.local/lib/python3.7/site-packages/airflow/example_dags/tutorial_dag.py
[2023-03-10T19:54:36.749+0000] {processor.py:756} INFO - Processing file /home/airflow/.local/lib/python3.7/site-packages/airflow/example_dags/tutorial_dag.py for tasks to queue
[2023-03-10T19:54:36.750+0000] {logging_mixin.py:137} INFO - [2023-03-10T19:54:36.750+0000] {dagbag.py:537} INFO - Filling up the DagBag from /home/airflow/.local/lib/python3.7/site-packages/airflow/example_dags/tutorial_dag.py
[2023-03-10T19:54:36.760+0000] {processor.py:766} INFO - DAG(s) dict_keys(['tutorial_dag']) retrieved from /home/airflow/.local/lib/python3.7/site-packages/airflow/example_dags/tutorial_dag.py
[2023-03-10T19:54:36.790+0000] {logging_mixin.py:137} INFO - [2023-03-10T19:54:36.790+0000] {dag.py:2585} INFO - Sync 1 DAGs
[2023-03-10T19:54:36.807+0000] {logging_mixin.py:137} INFO - [2023-03-10T19:54:36.807+0000] {dag.py:3340} INFO - Setting next_dagrun for tutorial_dag to None, run_after=None
[2023-03-10T19:54:36.822+0000] {processor.py:176} INFO - Processing /home/airflow/.local/lib/python3.7/site-packages/airflow/example_dags/tutorial_dag.py took 0.078 seconds
[2023-03-10T19:55:07.883+0000] {processor.py:154} INFO - Started process (PID=622) to work on /home/airflow/.local/lib/python3.7/site-packages/airflow/example_dags/tutorial_dag.py
[2023-03-10T19:55:07.890+0000] {processor.py:756} INFO - Processing file /home/airflow/.local/lib/python3.7/site-packages/airflow/example_dags/tutorial_dag.py for tasks to queue
[2023-03-10T19:55:07.896+0000] {logging_mixin.py:137} INFO - [2023-03-10T19:55:07.895+0000] {dagbag.py:537} INFO - Filling up the DagBag from /home/airflow/.local/lib/python3.7/site-packages/airflow/example_dags/tutorial_dag.py
[2023-03-10T19:55:07.928+0000] {processor.py:766} INFO - DAG(s) dict_keys(['tutorial_dag']) retrieved from /home/airflow/.local/lib/python3.7/site-packages/airflow/example_dags/tutorial_dag.py
[2023-03-10T19:55:08.001+0000] {logging_mixin.py:137} INFO - [2023-03-10T19:55:08.001+0000] {dag.py:2585} INFO - Sync 1 DAGs
[2023-03-10T19:55:08.018+0000] {logging_mixin.py:137} INFO - [2023-03-10T19:55:08.018+0000] {dag.py:3340} INFO - Setting next_dagrun for tutorial_dag to None, run_after=None
[2023-03-10T19:55:08.042+0000] {processor.py:176} INFO - Processing /home/airflow/.local/lib/python3.7/site-packages/airflow/example_dags/tutorial_dag.py took 0.164 seconds
[2023-03-10T19:55:38.544+0000] {processor.py:154} INFO - Started process (PID=676) to work on /home/airflow/.local/lib/python3.7/site-packages/airflow/example_dags/tutorial_dag.py
[2023-03-10T19:55:38.545+0000] {processor.py:756} INFO - Processing file /home/airflow/.local/lib/python3.7/site-packages/airflow/example_dags/tutorial_dag.py for tasks to queue
[2023-03-10T19:55:38.548+0000] {logging_mixin.py:137} INFO - [2023-03-10T19:55:38.548+0000] {dagbag.py:537} INFO - Filling up the DagBag from /home/airflow/.local/lib/python3.7/site-packages/airflow/example_dags/tutorial_dag.py
[2023-03-10T19:55:38.559+0000] {processor.py:766} INFO - DAG(s) dict_keys(['tutorial_dag']) retrieved from /home/airflow/.local/lib/python3.7/site-packages/airflow/example_dags/tutorial_dag.py
[2023-03-10T19:55:38.589+0000] {logging_mixin.py:137} INFO - [2023-03-10T19:55:38.589+0000] {dag.py:2585} INFO - Sync 1 DAGs
[2023-03-10T19:55:38.605+0000] {logging_mixin.py:137} INFO - [2023-03-10T19:55:38.605+0000] {dag.py:3340} INFO - Setting next_dagrun for tutorial_dag to None, run_after=None
[2023-03-10T19:55:38.617+0000] {processor.py:176} INFO - Processing /home/airflow/.local/lib/python3.7/site-packages/airflow/example_dags/tutorial_dag.py took 0.076 seconds
[2023-03-10T19:56:09.147+0000] {processor.py:154} INFO - Started process (PID=740) to work on /home/airflow/.local/lib/python3.7/site-packages/airflow/example_dags/tutorial_dag.py
[2023-03-10T19:56:09.148+0000] {processor.py:756} INFO - Processing file /home/airflow/.local/lib/python3.7/site-packages/airflow/example_dags/tutorial_dag.py for tasks to queue
[2023-03-10T19:56:09.149+0000] {logging_mixin.py:137} INFO - [2023-03-10T19:56:09.149+0000] {dagbag.py:537} INFO - Filling up the DagBag from /home/airflow/.local/lib/python3.7/site-packages/airflow/example_dags/tutorial_dag.py
[2023-03-10T19:56:09.158+0000] {processor.py:766} INFO - DAG(s) dict_keys(['tutorial_dag']) retrieved from /home/airflow/.local/lib/python3.7/site-packages/airflow/example_dags/tutorial_dag.py
[2023-03-10T19:56:09.183+0000] {logging_mixin.py:137} INFO - [2023-03-10T19:56:09.183+0000] {dag.py:2585} INFO - Sync 1 DAGs
[2023-03-10T19:56:09.197+0000] {logging_mixin.py:137} INFO - [2023-03-10T19:56:09.197+0000] {dag.py:3340} INFO - Setting next_dagrun for tutorial_dag to None, run_after=None
[2023-03-10T19:56:09.207+0000] {processor.py:176} INFO - Processing /home/airflow/.local/lib/python3.7/site-packages/airflow/example_dags/tutorial_dag.py took 0.062 seconds
[2023-03-10T19:56:39.956+0000] {processor.py:154} INFO - Started process (PID=804) to work on /home/airflow/.local/lib/python3.7/site-packages/airflow/example_dags/tutorial_dag.py
[2023-03-10T19:56:39.958+0000] {processor.py:756} INFO - Processing file /home/airflow/.local/lib/python3.7/site-packages/airflow/example_dags/tutorial_dag.py for tasks to queue
[2023-03-10T19:56:39.959+0000] {logging_mixin.py:137} INFO - [2023-03-10T19:56:39.959+0000] {dagbag.py:537} INFO - Filling up the DagBag from /home/airflow/.local/lib/python3.7/site-packages/airflow/example_dags/tutorial_dag.py
[2023-03-10T19:56:39.969+0000] {processor.py:766} INFO - DAG(s) dict_keys(['tutorial_dag']) retrieved from /home/airflow/.local/lib/python3.7/site-packages/airflow/example_dags/tutorial_dag.py
[2023-03-10T19:56:39.995+0000] {logging_mixin.py:137} INFO - [2023-03-10T19:56:39.995+0000] {dag.py:2585} INFO - Sync 1 DAGs
[2023-03-10T19:56:40.010+0000] {logging_mixin.py:137} INFO - [2023-03-10T19:56:40.010+0000] {dag.py:3340} INFO - Setting next_dagrun for tutorial_dag to None, run_after=None
[2023-03-10T19:56:40.022+0000] {processor.py:176} INFO - Processing /home/airflow/.local/lib/python3.7/site-packages/airflow/example_dags/tutorial_dag.py took 0.067 seconds
[2023-03-10T19:57:10.756+0000] {processor.py:154} INFO - Started process (PID=867) to work on /home/airflow/.local/lib/python3.7/site-packages/airflow/example_dags/tutorial_dag.py
[2023-03-10T19:57:10.759+0000] {processor.py:756} INFO - Processing file /home/airflow/.local/lib/python3.7/site-packages/airflow/example_dags/tutorial_dag.py for tasks to queue
[2023-03-10T19:57:10.760+0000] {logging_mixin.py:137} INFO - [2023-03-10T19:57:10.760+0000] {dagbag.py:537} INFO - Filling up the DagBag from /home/airflow/.local/lib/python3.7/site-packages/airflow/example_dags/tutorial_dag.py
[2023-03-10T19:57:10.769+0000] {processor.py:766} INFO - DAG(s) dict_keys(['tutorial_dag']) retrieved from /home/airflow/.local/lib/python3.7/site-packages/airflow/example_dags/tutorial_dag.py
[2023-03-10T19:57:10.797+0000] {logging_mixin.py:137} INFO - [2023-03-10T19:57:10.797+0000] {dag.py:2585} INFO - Sync 1 DAGs
[2023-03-10T19:57:10.819+0000] {logging_mixin.py:137} INFO - [2023-03-10T19:57:10.819+0000] {dag.py:3340} INFO - Setting next_dagrun for tutorial_dag to None, run_after=None
[2023-03-10T19:57:10.831+0000] {processor.py:176} INFO - Processing /home/airflow/.local/lib/python3.7/site-packages/airflow/example_dags/tutorial_dag.py took 0.077 seconds
[2023-03-10T19:57:41.875+0000] {processor.py:154} INFO - Started process (PID=930) to work on /home/airflow/.local/lib/python3.7/site-packages/airflow/example_dags/tutorial_dag.py
[2023-03-10T19:57:41.878+0000] {processor.py:756} INFO - Processing file /home/airflow/.local/lib/python3.7/site-packages/airflow/example_dags/tutorial_dag.py for tasks to queue
[2023-03-10T19:57:41.880+0000] {logging_mixin.py:137} INFO - [2023-03-10T19:57:41.880+0000] {dagbag.py:537} INFO - Filling up the DagBag from /home/airflow/.local/lib/python3.7/site-packages/airflow/example_dags/tutorial_dag.py
[2023-03-10T19:57:41.889+0000] {processor.py:766} INFO - DAG(s) dict_keys(['tutorial_dag']) retrieved from /home/airflow/.local/lib/python3.7/site-packages/airflow/example_dags/tutorial_dag.py
[2023-03-10T19:57:41.917+0000] {logging_mixin.py:137} INFO - [2023-03-10T19:57:41.917+0000] {dag.py:2585} INFO - Sync 1 DAGs
[2023-03-10T19:57:41.932+0000] {logging_mixin.py:137} INFO - [2023-03-10T19:57:41.932+0000] {dag.py:3340} INFO - Setting next_dagrun for tutorial_dag to None, run_after=None
[2023-03-10T19:57:41.943+0000] {processor.py:176} INFO - Processing /home/airflow/.local/lib/python3.7/site-packages/airflow/example_dags/tutorial_dag.py took 0.071 seconds
[2023-03-10T19:58:12.884+0000] {processor.py:154} INFO - Started process (PID=994) to work on /home/airflow/.local/lib/python3.7/site-packages/airflow/example_dags/tutorial_dag.py
[2023-03-10T19:58:12.885+0000] {processor.py:756} INFO - Processing file /home/airflow/.local/lib/python3.7/site-packages/airflow/example_dags/tutorial_dag.py for tasks to queue
[2023-03-10T19:58:12.887+0000] {logging_mixin.py:137} INFO - [2023-03-10T19:58:12.887+0000] {dagbag.py:537} INFO - Filling up the DagBag from /home/airflow/.local/lib/python3.7/site-packages/airflow/example_dags/tutorial_dag.py
[2023-03-10T19:58:12.898+0000] {processor.py:766} INFO - DAG(s) dict_keys(['tutorial_dag']) retrieved from /home/airflow/.local/lib/python3.7/site-packages/airflow/example_dags/tutorial_dag.py
[2023-03-10T19:58:12.929+0000] {logging_mixin.py:137} INFO - [2023-03-10T19:58:12.929+0000] {dag.py:2585} INFO - Sync 1 DAGs
[2023-03-10T19:58:12.945+0000] {logging_mixin.py:137} INFO - [2023-03-10T19:58:12.945+0000] {dag.py:3340} INFO - Setting next_dagrun for tutorial_dag to None, run_after=None
[2023-03-10T19:58:12.961+0000] {processor.py:176} INFO - Processing /home/airflow/.local/lib/python3.7/site-packages/airflow/example_dags/tutorial_dag.py took 0.079 seconds
[2023-03-10T19:58:43.463+0000] {processor.py:154} INFO - Started process (PID=1049) to work on /home/airflow/.local/lib/python3.7/site-packages/airflow/example_dags/tutorial_dag.py
[2023-03-10T19:58:43.464+0000] {processor.py:756} INFO - Processing file /home/airflow/.local/lib/python3.7/site-packages/airflow/example_dags/tutorial_dag.py for tasks to queue
[2023-03-10T19:58:43.465+0000] {logging_mixin.py:137} INFO - [2023-03-10T19:58:43.465+0000] {dagbag.py:537} INFO - Filling up the DagBag from /home/airflow/.local/lib/python3.7/site-packages/airflow/example_dags/tutorial_dag.py
[2023-03-10T19:58:43.476+0000] {processor.py:766} INFO - DAG(s) dict_keys(['tutorial_dag']) retrieved from /home/airflow/.local/lib/python3.7/site-packages/airflow/example_dags/tutorial_dag.py
[2023-03-10T19:58:43.503+0000] {logging_mixin.py:137} INFO - [2023-03-10T19:58:43.502+0000] {dag.py:2585} INFO - Sync 1 DAGs
[2023-03-10T19:58:43.517+0000] {logging_mixin.py:137} INFO - [2023-03-10T19:58:43.517+0000] {dag.py:3340} INFO - Setting next_dagrun for tutorial_dag to None, run_after=None
[2023-03-10T19:58:43.528+0000] {processor.py:176} INFO - Processing /home/airflow/.local/lib/python3.7/site-packages/airflow/example_dags/tutorial_dag.py took 0.067 seconds
[2023-03-10T19:59:14.325+0000] {processor.py:154} INFO - Started process (PID=1113) to work on /home/airflow/.local/lib/python3.7/site-packages/airflow/example_dags/tutorial_dag.py
[2023-03-10T19:59:14.327+0000] {processor.py:756} INFO - Processing file /home/airflow/.local/lib/python3.7/site-packages/airflow/example_dags/tutorial_dag.py for tasks to queue
[2023-03-10T19:59:14.328+0000] {logging_mixin.py:137} INFO - [2023-03-10T19:59:14.328+0000] {dagbag.py:537} INFO - Filling up the DagBag from /home/airflow/.local/lib/python3.7/site-packages/airflow/example_dags/tutorial_dag.py
[2023-03-10T19:59:14.342+0000] {processor.py:766} INFO - DAG(s) dict_keys(['tutorial_dag']) retrieved from /home/airflow/.local/lib/python3.7/site-packages/airflow/example_dags/tutorial_dag.py
[2023-03-10T19:59:14.368+0000] {logging_mixin.py:137} INFO - [2023-03-10T19:59:14.368+0000] {dag.py:2585} INFO - Sync 1 DAGs
[2023-03-10T19:59:14.382+0000] {logging_mixin.py:137} INFO - [2023-03-10T19:59:14.382+0000] {dag.py:3340} INFO - Setting next_dagrun for tutorial_dag to None, run_after=None
[2023-03-10T19:59:14.394+0000] {processor.py:176} INFO - Processing /home/airflow/.local/lib/python3.7/site-packages/airflow/example_dags/tutorial_dag.py took 0.073 seconds
[2023-03-10T19:59:45.279+0000] {processor.py:154} INFO - Started process (PID=1177) to work on /home/airflow/.local/lib/python3.7/site-packages/airflow/example_dags/tutorial_dag.py
[2023-03-10T19:59:45.281+0000] {processor.py:756} INFO - Processing file /home/airflow/.local/lib/python3.7/site-packages/airflow/example_dags/tutorial_dag.py for tasks to queue
[2023-03-10T19:59:45.282+0000] {logging_mixin.py:137} INFO - [2023-03-10T19:59:45.282+0000] {dagbag.py:537} INFO - Filling up the DagBag from /home/airflow/.local/lib/python3.7/site-packages/airflow/example_dags/tutorial_dag.py
[2023-03-10T19:59:45.291+0000] {processor.py:766} INFO - DAG(s) dict_keys(['tutorial_dag']) retrieved from /home/airflow/.local/lib/python3.7/site-packages/airflow/example_dags/tutorial_dag.py
[2023-03-10T19:59:45.317+0000] {logging_mixin.py:137} INFO - [2023-03-10T19:59:45.316+0000] {dag.py:2585} INFO - Sync 1 DAGs
[2023-03-10T19:59:45.332+0000] {logging_mixin.py:137} INFO - [2023-03-10T19:59:45.332+0000] {dag.py:3340} INFO - Setting next_dagrun for tutorial_dag to None, run_after=None
[2023-03-10T19:59:45.344+0000] {processor.py:176} INFO - Processing /home/airflow/.local/lib/python3.7/site-packages/airflow/example_dags/tutorial_dag.py took 0.067 seconds
[2023-03-10T20:00:17.235+0000] {processor.py:154} INFO - Started process (PID=1241) to work on /home/airflow/.local/lib/python3.7/site-packages/airflow/example_dags/tutorial_dag.py
[2023-03-10T20:00:17.271+0000] {processor.py:756} INFO - Processing file /home/airflow/.local/lib/python3.7/site-packages/airflow/example_dags/tutorial_dag.py for tasks to queue
[2023-03-10T20:00:17.287+0000] {logging_mixin.py:137} INFO - [2023-03-10T20:00:17.286+0000] {dagbag.py:537} INFO - Filling up the DagBag from /home/airflow/.local/lib/python3.7/site-packages/airflow/example_dags/tutorial_dag.py
[2023-03-10T20:00:17.450+0000] {processor.py:766} INFO - DAG(s) dict_keys(['tutorial_dag']) retrieved from /home/airflow/.local/lib/python3.7/site-packages/airflow/example_dags/tutorial_dag.py
[2023-03-10T20:00:17.733+0000] {logging_mixin.py:137} INFO - [2023-03-10T20:00:17.733+0000] {dag.py:2585} INFO - Sync 1 DAGs
[2023-03-10T20:00:17.975+0000] {logging_mixin.py:137} INFO - [2023-03-10T20:00:17.975+0000] {dag.py:3340} INFO - Setting next_dagrun for tutorial_dag to None, run_after=None
[2023-03-10T20:00:18.160+0000] {processor.py:176} INFO - Processing /home/airflow/.local/lib/python3.7/site-packages/airflow/example_dags/tutorial_dag.py took 0.961 seconds
[2023-03-10T20:00:49.077+0000] {processor.py:154} INFO - Started process (PID=1305) to work on /home/airflow/.local/lib/python3.7/site-packages/airflow/example_dags/tutorial_dag.py
[2023-03-10T20:00:49.080+0000] {processor.py:756} INFO - Processing file /home/airflow/.local/lib/python3.7/site-packages/airflow/example_dags/tutorial_dag.py for tasks to queue
[2023-03-10T20:00:49.082+0000] {logging_mixin.py:137} INFO - [2023-03-10T20:00:49.082+0000] {dagbag.py:537} INFO - Filling up the DagBag from /home/airflow/.local/lib/python3.7/site-packages/airflow/example_dags/tutorial_dag.py
[2023-03-10T20:00:49.101+0000] {processor.py:766} INFO - DAG(s) dict_keys(['tutorial_dag']) retrieved from /home/airflow/.local/lib/python3.7/site-packages/airflow/example_dags/tutorial_dag.py
[2023-03-10T20:00:49.150+0000] {logging_mixin.py:137} INFO - [2023-03-10T20:00:49.150+0000] {dag.py:2585} INFO - Sync 1 DAGs
[2023-03-10T20:00:49.174+0000] {logging_mixin.py:137} INFO - [2023-03-10T20:00:49.174+0000] {dag.py:3340} INFO - Setting next_dagrun for tutorial_dag to None, run_after=None
[2023-03-10T20:00:49.197+0000] {processor.py:176} INFO - Processing /home/airflow/.local/lib/python3.7/site-packages/airflow/example_dags/tutorial_dag.py took 0.126 seconds
[2023-03-10T20:01:19.663+0000] {processor.py:154} INFO - Started process (PID=1369) to work on /home/airflow/.local/lib/python3.7/site-packages/airflow/example_dags/tutorial_dag.py
[2023-03-10T20:01:19.665+0000] {processor.py:756} INFO - Processing file /home/airflow/.local/lib/python3.7/site-packages/airflow/example_dags/tutorial_dag.py for tasks to queue
[2023-03-10T20:01:19.667+0000] {logging_mixin.py:137} INFO - [2023-03-10T20:01:19.666+0000] {dagbag.py:537} INFO - Filling up the DagBag from /home/airflow/.local/lib/python3.7/site-packages/airflow/example_dags/tutorial_dag.py
[2023-03-10T20:01:19.677+0000] {processor.py:766} INFO - DAG(s) dict_keys(['tutorial_dag']) retrieved from /home/airflow/.local/lib/python3.7/site-packages/airflow/example_dags/tutorial_dag.py
[2023-03-10T20:01:19.706+0000] {logging_mixin.py:137} INFO - [2023-03-10T20:01:19.706+0000] {dag.py:2585} INFO - Sync 1 DAGs
[2023-03-10T20:01:19.722+0000] {logging_mixin.py:137} INFO - [2023-03-10T20:01:19.722+0000] {dag.py:3340} INFO - Setting next_dagrun for tutorial_dag to None, run_after=None
[2023-03-10T20:01:19.737+0000] {processor.py:176} INFO - Processing /home/airflow/.local/lib/python3.7/site-packages/airflow/example_dags/tutorial_dag.py took 0.077 seconds
[2023-03-10T20:01:50.519+0000] {processor.py:154} INFO - Started process (PID=1434) to work on /home/airflow/.local/lib/python3.7/site-packages/airflow/example_dags/tutorial_dag.py
[2023-03-10T20:01:50.521+0000] {processor.py:756} INFO - Processing file /home/airflow/.local/lib/python3.7/site-packages/airflow/example_dags/tutorial_dag.py for tasks to queue
[2023-03-10T20:01:50.523+0000] {logging_mixin.py:137} INFO - [2023-03-10T20:01:50.523+0000] {dagbag.py:537} INFO - Filling up the DagBag from /home/airflow/.local/lib/python3.7/site-packages/airflow/example_dags/tutorial_dag.py
[2023-03-10T20:01:50.532+0000] {processor.py:766} INFO - DAG(s) dict_keys(['tutorial_dag']) retrieved from /home/airflow/.local/lib/python3.7/site-packages/airflow/example_dags/tutorial_dag.py
[2023-03-10T20:01:50.560+0000] {logging_mixin.py:137} INFO - [2023-03-10T20:01:50.560+0000] {dag.py:2585} INFO - Sync 1 DAGs
[2023-03-10T20:01:50.577+0000] {logging_mixin.py:137} INFO - [2023-03-10T20:01:50.577+0000] {dag.py:3340} INFO - Setting next_dagrun for tutorial_dag to None, run_after=None
[2023-03-10T20:01:50.589+0000] {processor.py:176} INFO - Processing /home/airflow/.local/lib/python3.7/site-packages/airflow/example_dags/tutorial_dag.py took 0.074 seconds
[2023-03-10T20:02:21.211+0000] {processor.py:154} INFO - Started process (PID=1490) to work on /home/airflow/.local/lib/python3.7/site-packages/airflow/example_dags/tutorial_dag.py
[2023-03-10T20:02:21.218+0000] {processor.py:756} INFO - Processing file /home/airflow/.local/lib/python3.7/site-packages/airflow/example_dags/tutorial_dag.py for tasks to queue
[2023-03-10T20:02:21.222+0000] {logging_mixin.py:137} INFO - [2023-03-10T20:02:21.222+0000] {dagbag.py:537} INFO - Filling up the DagBag from /home/airflow/.local/lib/python3.7/site-packages/airflow/example_dags/tutorial_dag.py
[2023-03-10T20:02:21.233+0000] {processor.py:766} INFO - DAG(s) dict_keys(['tutorial_dag']) retrieved from /home/airflow/.local/lib/python3.7/site-packages/airflow/example_dags/tutorial_dag.py
[2023-03-10T20:02:21.261+0000] {logging_mixin.py:137} INFO - [2023-03-10T20:02:21.261+0000] {dag.py:2585} INFO - Sync 1 DAGs
[2023-03-10T20:02:21.276+0000] {logging_mixin.py:137} INFO - [2023-03-10T20:02:21.275+0000] {dag.py:3340} INFO - Setting next_dagrun for tutorial_dag to None, run_after=None
[2023-03-10T20:02:21.287+0000] {processor.py:176} INFO - Processing /home/airflow/.local/lib/python3.7/site-packages/airflow/example_dags/tutorial_dag.py took 0.082 seconds
[2023-03-10T20:02:51.873+0000] {processor.py:154} INFO - Started process (PID=1553) to work on /home/airflow/.local/lib/python3.7/site-packages/airflow/example_dags/tutorial_dag.py
[2023-03-10T20:02:51.878+0000] {processor.py:756} INFO - Processing file /home/airflow/.local/lib/python3.7/site-packages/airflow/example_dags/tutorial_dag.py for tasks to queue
[2023-03-10T20:02:51.879+0000] {logging_mixin.py:137} INFO - [2023-03-10T20:02:51.879+0000] {dagbag.py:537} INFO - Filling up the DagBag from /home/airflow/.local/lib/python3.7/site-packages/airflow/example_dags/tutorial_dag.py
[2023-03-10T20:02:51.890+0000] {processor.py:766} INFO - DAG(s) dict_keys(['tutorial_dag']) retrieved from /home/airflow/.local/lib/python3.7/site-packages/airflow/example_dags/tutorial_dag.py
[2023-03-10T20:02:51.916+0000] {logging_mixin.py:137} INFO - [2023-03-10T20:02:51.916+0000] {dag.py:2585} INFO - Sync 1 DAGs
[2023-03-10T20:02:51.931+0000] {logging_mixin.py:137} INFO - [2023-03-10T20:02:51.931+0000] {dag.py:3340} INFO - Setting next_dagrun for tutorial_dag to None, run_after=None
[2023-03-10T20:02:51.943+0000] {processor.py:176} INFO - Processing /home/airflow/.local/lib/python3.7/site-packages/airflow/example_dags/tutorial_dag.py took 0.072 seconds
[2023-03-10T20:03:22.779+0000] {processor.py:154} INFO - Started process (PID=1615) to work on /home/airflow/.local/lib/python3.7/site-packages/airflow/example_dags/tutorial_dag.py
[2023-03-10T20:03:22.782+0000] {processor.py:756} INFO - Processing file /home/airflow/.local/lib/python3.7/site-packages/airflow/example_dags/tutorial_dag.py for tasks to queue
[2023-03-10T20:03:22.784+0000] {logging_mixin.py:137} INFO - [2023-03-10T20:03:22.784+0000] {dagbag.py:537} INFO - Filling up the DagBag from /home/airflow/.local/lib/python3.7/site-packages/airflow/example_dags/tutorial_dag.py
[2023-03-10T20:03:22.798+0000] {processor.py:766} INFO - DAG(s) dict_keys(['tutorial_dag']) retrieved from /home/airflow/.local/lib/python3.7/site-packages/airflow/example_dags/tutorial_dag.py
[2023-03-10T20:03:22.828+0000] {logging_mixin.py:137} INFO - [2023-03-10T20:03:22.828+0000] {dag.py:2585} INFO - Sync 1 DAGs
[2023-03-10T20:03:22.845+0000] {logging_mixin.py:137} INFO - [2023-03-10T20:03:22.845+0000] {dag.py:3340} INFO - Setting next_dagrun for tutorial_dag to None, run_after=None
[2023-03-10T20:03:22.858+0000] {processor.py:176} INFO - Processing /home/airflow/.local/lib/python3.7/site-packages/airflow/example_dags/tutorial_dag.py took 0.085 seconds
[2023-03-10T20:03:53.622+0000] {processor.py:154} INFO - Started process (PID=1679) to work on /home/airflow/.local/lib/python3.7/site-packages/airflow/example_dags/tutorial_dag.py
[2023-03-10T20:03:53.625+0000] {processor.py:756} INFO - Processing file /home/airflow/.local/lib/python3.7/site-packages/airflow/example_dags/tutorial_dag.py for tasks to queue
[2023-03-10T20:03:53.629+0000] {logging_mixin.py:137} INFO - [2023-03-10T20:03:53.629+0000] {dagbag.py:537} INFO - Filling up the DagBag from /home/airflow/.local/lib/python3.7/site-packages/airflow/example_dags/tutorial_dag.py
[2023-03-10T20:03:53.644+0000] {processor.py:766} INFO - DAG(s) dict_keys(['tutorial_dag']) retrieved from /home/airflow/.local/lib/python3.7/site-packages/airflow/example_dags/tutorial_dag.py
[2023-03-10T20:03:53.677+0000] {logging_mixin.py:137} INFO - [2023-03-10T20:03:53.677+0000] {dag.py:2585} INFO - Sync 1 DAGs
[2023-03-10T20:03:53.693+0000] {logging_mixin.py:137} INFO - [2023-03-10T20:03:53.693+0000] {dag.py:3340} INFO - Setting next_dagrun for tutorial_dag to None, run_after=None
[2023-03-10T20:03:53.706+0000] {processor.py:176} INFO - Processing /home/airflow/.local/lib/python3.7/site-packages/airflow/example_dags/tutorial_dag.py took 0.089 seconds
[2023-03-10T20:04:24.401+0000] {processor.py:154} INFO - Started process (PID=1742) to work on /home/airflow/.local/lib/python3.7/site-packages/airflow/example_dags/tutorial_dag.py
[2023-03-10T20:04:24.403+0000] {processor.py:756} INFO - Processing file /home/airflow/.local/lib/python3.7/site-packages/airflow/example_dags/tutorial_dag.py for tasks to queue
[2023-03-10T20:04:24.404+0000] {logging_mixin.py:137} INFO - [2023-03-10T20:04:24.404+0000] {dagbag.py:537} INFO - Filling up the DagBag from /home/airflow/.local/lib/python3.7/site-packages/airflow/example_dags/tutorial_dag.py
[2023-03-10T20:04:24.416+0000] {processor.py:766} INFO - DAG(s) dict_keys(['tutorial_dag']) retrieved from /home/airflow/.local/lib/python3.7/site-packages/airflow/example_dags/tutorial_dag.py
[2023-03-10T20:04:24.454+0000] {logging_mixin.py:137} INFO - [2023-03-10T20:04:24.454+0000] {dag.py:2585} INFO - Sync 1 DAGs
[2023-03-10T20:04:24.475+0000] {logging_mixin.py:137} INFO - [2023-03-10T20:04:24.475+0000] {dag.py:3340} INFO - Setting next_dagrun for tutorial_dag to None, run_after=None
[2023-03-10T20:04:24.490+0000] {processor.py:176} INFO - Processing /home/airflow/.local/lib/python3.7/site-packages/airflow/example_dags/tutorial_dag.py took 0.091 seconds
[2023-03-10T20:04:54.995+0000] {processor.py:154} INFO - Started process (PID=1806) to work on /home/airflow/.local/lib/python3.7/site-packages/airflow/example_dags/tutorial_dag.py
[2023-03-10T20:04:55.000+0000] {processor.py:756} INFO - Processing file /home/airflow/.local/lib/python3.7/site-packages/airflow/example_dags/tutorial_dag.py for tasks to queue
[2023-03-10T20:04:55.002+0000] {logging_mixin.py:137} INFO - [2023-03-10T20:04:55.002+0000] {dagbag.py:537} INFO - Filling up the DagBag from /home/airflow/.local/lib/python3.7/site-packages/airflow/example_dags/tutorial_dag.py
[2023-03-10T20:04:55.016+0000] {processor.py:766} INFO - DAG(s) dict_keys(['tutorial_dag']) retrieved from /home/airflow/.local/lib/python3.7/site-packages/airflow/example_dags/tutorial_dag.py
[2023-03-10T20:04:55.069+0000] {logging_mixin.py:137} INFO - [2023-03-10T20:04:55.069+0000] {dag.py:2585} INFO - Sync 1 DAGs
[2023-03-10T20:04:55.089+0000] {logging_mixin.py:137} INFO - [2023-03-10T20:04:55.089+0000] {dag.py:3340} INFO - Setting next_dagrun for tutorial_dag to None, run_after=None
[2023-03-10T20:04:55.113+0000] {processor.py:176} INFO - Processing /home/airflow/.local/lib/python3.7/site-packages/airflow/example_dags/tutorial_dag.py took 0.127 seconds
[2023-03-10T20:05:25.606+0000] {processor.py:154} INFO - Started process (PID=1861) to work on /home/airflow/.local/lib/python3.7/site-packages/airflow/example_dags/tutorial_dag.py
[2023-03-10T20:05:25.609+0000] {processor.py:756} INFO - Processing file /home/airflow/.local/lib/python3.7/site-packages/airflow/example_dags/tutorial_dag.py for tasks to queue
[2023-03-10T20:05:25.611+0000] {logging_mixin.py:137} INFO - [2023-03-10T20:05:25.611+0000] {dagbag.py:537} INFO - Filling up the DagBag from /home/airflow/.local/lib/python3.7/site-packages/airflow/example_dags/tutorial_dag.py
[2023-03-10T20:05:25.625+0000] {processor.py:766} INFO - DAG(s) dict_keys(['tutorial_dag']) retrieved from /home/airflow/.local/lib/python3.7/site-packages/airflow/example_dags/tutorial_dag.py
[2023-03-10T20:05:25.657+0000] {logging_mixin.py:137} INFO - [2023-03-10T20:05:25.657+0000] {dag.py:2585} INFO - Sync 1 DAGs
[2023-03-10T20:05:25.673+0000] {logging_mixin.py:137} INFO - [2023-03-10T20:05:25.673+0000] {dag.py:3340} INFO - Setting next_dagrun for tutorial_dag to None, run_after=None
[2023-03-10T20:05:25.687+0000] {processor.py:176} INFO - Processing /home/airflow/.local/lib/python3.7/site-packages/airflow/example_dags/tutorial_dag.py took 0.084 seconds
[2023-03-10T20:05:56.681+0000] {processor.py:154} INFO - Started process (PID=1925) to work on /home/airflow/.local/lib/python3.7/site-packages/airflow/example_dags/tutorial_dag.py
[2023-03-10T20:05:56.685+0000] {processor.py:756} INFO - Processing file /home/airflow/.local/lib/python3.7/site-packages/airflow/example_dags/tutorial_dag.py for tasks to queue
[2023-03-10T20:05:56.687+0000] {logging_mixin.py:137} INFO - [2023-03-10T20:05:56.687+0000] {dagbag.py:537} INFO - Filling up the DagBag from /home/airflow/.local/lib/python3.7/site-packages/airflow/example_dags/tutorial_dag.py
[2023-03-10T20:05:56.704+0000] {processor.py:766} INFO - DAG(s) dict_keys(['tutorial_dag']) retrieved from /home/airflow/.local/lib/python3.7/site-packages/airflow/example_dags/tutorial_dag.py
[2023-03-10T20:05:56.735+0000] {logging_mixin.py:137} INFO - [2023-03-10T20:05:56.735+0000] {dag.py:2585} INFO - Sync 1 DAGs
[2023-03-10T20:05:56.752+0000] {logging_mixin.py:137} INFO - [2023-03-10T20:05:56.752+0000] {dag.py:3340} INFO - Setting next_dagrun for tutorial_dag to None, run_after=None
[2023-03-10T20:05:56.766+0000] {processor.py:176} INFO - Processing /home/airflow/.local/lib/python3.7/site-packages/airflow/example_dags/tutorial_dag.py took 0.093 seconds
[2023-03-10T20:06:27.212+0000] {processor.py:154} INFO - Started process (PID=1989) to work on /home/airflow/.local/lib/python3.7/site-packages/airflow/example_dags/tutorial_dag.py
[2023-03-10T20:06:27.216+0000] {processor.py:756} INFO - Processing file /home/airflow/.local/lib/python3.7/site-packages/airflow/example_dags/tutorial_dag.py for tasks to queue
[2023-03-10T20:06:27.218+0000] {logging_mixin.py:137} INFO - [2023-03-10T20:06:27.217+0000] {dagbag.py:537} INFO - Filling up the DagBag from /home/airflow/.local/lib/python3.7/site-packages/airflow/example_dags/tutorial_dag.py
[2023-03-10T20:06:27.230+0000] {processor.py:766} INFO - DAG(s) dict_keys(['tutorial_dag']) retrieved from /home/airflow/.local/lib/python3.7/site-packages/airflow/example_dags/tutorial_dag.py
[2023-03-10T20:06:27.263+0000] {logging_mixin.py:137} INFO - [2023-03-10T20:06:27.263+0000] {dag.py:2585} INFO - Sync 1 DAGs
[2023-03-10T20:06:27.278+0000] {logging_mixin.py:137} INFO - [2023-03-10T20:06:27.278+0000] {dag.py:3340} INFO - Setting next_dagrun for tutorial_dag to None, run_after=None
[2023-03-10T20:06:27.293+0000] {processor.py:176} INFO - Processing /home/airflow/.local/lib/python3.7/site-packages/airflow/example_dags/tutorial_dag.py took 0.086 seconds
[2023-03-10T20:06:57.875+0000] {processor.py:154} INFO - Started process (PID=2053) to work on /home/airflow/.local/lib/python3.7/site-packages/airflow/example_dags/tutorial_dag.py
[2023-03-10T20:06:57.878+0000] {processor.py:756} INFO - Processing file /home/airflow/.local/lib/python3.7/site-packages/airflow/example_dags/tutorial_dag.py for tasks to queue
[2023-03-10T20:06:57.880+0000] {logging_mixin.py:137} INFO - [2023-03-10T20:06:57.880+0000] {dagbag.py:537} INFO - Filling up the DagBag from /home/airflow/.local/lib/python3.7/site-packages/airflow/example_dags/tutorial_dag.py
[2023-03-10T20:06:57.896+0000] {processor.py:766} INFO - DAG(s) dict_keys(['tutorial_dag']) retrieved from /home/airflow/.local/lib/python3.7/site-packages/airflow/example_dags/tutorial_dag.py
[2023-03-10T20:06:57.926+0000] {logging_mixin.py:137} INFO - [2023-03-10T20:06:57.926+0000] {dag.py:2585} INFO - Sync 1 DAGs
[2023-03-10T20:06:57.940+0000] {logging_mixin.py:137} INFO - [2023-03-10T20:06:57.940+0000] {dag.py:3340} INFO - Setting next_dagrun for tutorial_dag to None, run_after=None
[2023-03-10T20:06:57.954+0000] {processor.py:176} INFO - Processing /home/airflow/.local/lib/python3.7/site-packages/airflow/example_dags/tutorial_dag.py took 0.085 seconds
[2023-03-10T20:07:28.712+0000] {processor.py:154} INFO - Started process (PID=2116) to work on /home/airflow/.local/lib/python3.7/site-packages/airflow/example_dags/tutorial_dag.py
[2023-03-10T20:07:28.717+0000] {processor.py:756} INFO - Processing file /home/airflow/.local/lib/python3.7/site-packages/airflow/example_dags/tutorial_dag.py for tasks to queue
[2023-03-10T20:07:28.720+0000] {logging_mixin.py:137} INFO - [2023-03-10T20:07:28.720+0000] {dagbag.py:537} INFO - Filling up the DagBag from /home/airflow/.local/lib/python3.7/site-packages/airflow/example_dags/tutorial_dag.py
[2023-03-10T20:07:28.733+0000] {processor.py:766} INFO - DAG(s) dict_keys(['tutorial_dag']) retrieved from /home/airflow/.local/lib/python3.7/site-packages/airflow/example_dags/tutorial_dag.py
[2023-03-10T20:07:28.764+0000] {logging_mixin.py:137} INFO - [2023-03-10T20:07:28.764+0000] {dag.py:2585} INFO - Sync 1 DAGs
[2023-03-10T20:07:28.780+0000] {logging_mixin.py:137} INFO - [2023-03-10T20:07:28.780+0000] {dag.py:3340} INFO - Setting next_dagrun for tutorial_dag to None, run_after=None
[2023-03-10T20:07:28.793+0000] {processor.py:176} INFO - Processing /home/airflow/.local/lib/python3.7/site-packages/airflow/example_dags/tutorial_dag.py took 0.087 seconds
[2023-03-10T20:07:59.198+0000] {processor.py:154} INFO - Started process (PID=2180) to work on /home/airflow/.local/lib/python3.7/site-packages/airflow/example_dags/tutorial_dag.py
[2023-03-10T20:07:59.200+0000] {processor.py:756} INFO - Processing file /home/airflow/.local/lib/python3.7/site-packages/airflow/example_dags/tutorial_dag.py for tasks to queue
[2023-03-10T20:07:59.201+0000] {logging_mixin.py:137} INFO - [2023-03-10T20:07:59.201+0000] {dagbag.py:537} INFO - Filling up the DagBag from /home/airflow/.local/lib/python3.7/site-packages/airflow/example_dags/tutorial_dag.py
[2023-03-10T20:07:59.212+0000] {processor.py:766} INFO - DAG(s) dict_keys(['tutorial_dag']) retrieved from /home/airflow/.local/lib/python3.7/site-packages/airflow/example_dags/tutorial_dag.py
[2023-03-10T20:07:59.245+0000] {logging_mixin.py:137} INFO - [2023-03-10T20:07:59.245+0000] {dag.py:2585} INFO - Sync 1 DAGs
[2023-03-10T20:07:59.263+0000] {logging_mixin.py:137} INFO - [2023-03-10T20:07:59.263+0000] {dag.py:3340} INFO - Setting next_dagrun for tutorial_dag to None, run_after=None
[2023-03-10T20:07:59.275+0000] {processor.py:176} INFO - Processing /home/airflow/.local/lib/python3.7/site-packages/airflow/example_dags/tutorial_dag.py took 0.080 seconds
[2023-03-10T20:08:29.853+0000] {processor.py:154} INFO - Started process (PID=2234) to work on /home/airflow/.local/lib/python3.7/site-packages/airflow/example_dags/tutorial_dag.py
[2023-03-10T20:08:29.855+0000] {processor.py:756} INFO - Processing file /home/airflow/.local/lib/python3.7/site-packages/airflow/example_dags/tutorial_dag.py for tasks to queue
[2023-03-10T20:08:29.857+0000] {logging_mixin.py:137} INFO - [2023-03-10T20:08:29.856+0000] {dagbag.py:537} INFO - Filling up the DagBag from /home/airflow/.local/lib/python3.7/site-packages/airflow/example_dags/tutorial_dag.py
[2023-03-10T20:08:29.868+0000] {processor.py:766} INFO - DAG(s) dict_keys(['tutorial_dag']) retrieved from /home/airflow/.local/lib/python3.7/site-packages/airflow/example_dags/tutorial_dag.py
[2023-03-10T20:08:29.897+0000] {logging_mixin.py:137} INFO - [2023-03-10T20:08:29.897+0000] {dag.py:2585} INFO - Sync 1 DAGs
[2023-03-10T20:08:29.913+0000] {logging_mixin.py:137} INFO - [2023-03-10T20:08:29.913+0000] {dag.py:3340} INFO - Setting next_dagrun for tutorial_dag to None, run_after=None
[2023-03-10T20:08:29.925+0000] {processor.py:176} INFO - Processing /home/airflow/.local/lib/python3.7/site-packages/airflow/example_dags/tutorial_dag.py took 0.075 seconds
[2023-03-10T20:09:00.433+0000] {processor.py:154} INFO - Started process (PID=2299) to work on /home/airflow/.local/lib/python3.7/site-packages/airflow/example_dags/tutorial_dag.py
[2023-03-10T20:09:00.440+0000] {processor.py:756} INFO - Processing file /home/airflow/.local/lib/python3.7/site-packages/airflow/example_dags/tutorial_dag.py for tasks to queue
[2023-03-10T20:09:00.441+0000] {logging_mixin.py:137} INFO - [2023-03-10T20:09:00.441+0000] {dagbag.py:537} INFO - Filling up the DagBag from /home/airflow/.local/lib/python3.7/site-packages/airflow/example_dags/tutorial_dag.py
[2023-03-10T20:09:00.455+0000] {processor.py:766} INFO - DAG(s) dict_keys(['tutorial_dag']) retrieved from /home/airflow/.local/lib/python3.7/site-packages/airflow/example_dags/tutorial_dag.py
[2023-03-10T20:09:00.489+0000] {logging_mixin.py:137} INFO - [2023-03-10T20:09:00.489+0000] {dag.py:2585} INFO - Sync 1 DAGs
[2023-03-10T20:09:00.509+0000] {logging_mixin.py:137} INFO - [2023-03-10T20:09:00.509+0000] {dag.py:3340} INFO - Setting next_dagrun for tutorial_dag to None, run_after=None
[2023-03-10T20:09:00.527+0000] {processor.py:176} INFO - Processing /home/airflow/.local/lib/python3.7/site-packages/airflow/example_dags/tutorial_dag.py took 0.102 seconds
[2023-03-10T20:09:31.382+0000] {processor.py:154} INFO - Started process (PID=2362) to work on /home/airflow/.local/lib/python3.7/site-packages/airflow/example_dags/tutorial_dag.py
[2023-03-10T20:09:31.383+0000] {processor.py:756} INFO - Processing file /home/airflow/.local/lib/python3.7/site-packages/airflow/example_dags/tutorial_dag.py for tasks to queue
[2023-03-10T20:09:31.385+0000] {logging_mixin.py:137} INFO - [2023-03-10T20:09:31.384+0000] {dagbag.py:537} INFO - Filling up the DagBag from /home/airflow/.local/lib/python3.7/site-packages/airflow/example_dags/tutorial_dag.py
[2023-03-10T20:09:31.395+0000] {processor.py:766} INFO - DAG(s) dict_keys(['tutorial_dag']) retrieved from /home/airflow/.local/lib/python3.7/site-packages/airflow/example_dags/tutorial_dag.py
[2023-03-10T20:09:31.423+0000] {logging_mixin.py:137} INFO - [2023-03-10T20:09:31.423+0000] {dag.py:2585} INFO - Sync 1 DAGs
[2023-03-10T20:09:31.438+0000] {logging_mixin.py:137} INFO - [2023-03-10T20:09:31.438+0000] {dag.py:3340} INFO - Setting next_dagrun for tutorial_dag to None, run_after=None
[2023-03-10T20:09:31.451+0000] {processor.py:176} INFO - Processing /home/airflow/.local/lib/python3.7/site-packages/airflow/example_dags/tutorial_dag.py took 0.072 seconds
[2023-03-10T20:10:02.221+0000] {processor.py:154} INFO - Started process (PID=2427) to work on /home/airflow/.local/lib/python3.7/site-packages/airflow/example_dags/tutorial_dag.py
[2023-03-10T20:10:02.225+0000] {processor.py:756} INFO - Processing file /home/airflow/.local/lib/python3.7/site-packages/airflow/example_dags/tutorial_dag.py for tasks to queue
[2023-03-10T20:10:02.227+0000] {logging_mixin.py:137} INFO - [2023-03-10T20:10:02.226+0000] {dagbag.py:537} INFO - Filling up the DagBag from /home/airflow/.local/lib/python3.7/site-packages/airflow/example_dags/tutorial_dag.py
[2023-03-10T20:10:02.241+0000] {processor.py:766} INFO - DAG(s) dict_keys(['tutorial_dag']) retrieved from /home/airflow/.local/lib/python3.7/site-packages/airflow/example_dags/tutorial_dag.py
[2023-03-10T20:10:02.270+0000] {logging_mixin.py:137} INFO - [2023-03-10T20:10:02.270+0000] {dag.py:2585} INFO - Sync 1 DAGs
[2023-03-10T20:10:02.285+0000] {logging_mixin.py:137} INFO - [2023-03-10T20:10:02.285+0000] {dag.py:3340} INFO - Setting next_dagrun for tutorial_dag to None, run_after=None
[2023-03-10T20:10:02.297+0000] {processor.py:176} INFO - Processing /home/airflow/.local/lib/python3.7/site-packages/airflow/example_dags/tutorial_dag.py took 0.079 seconds
[2023-03-10T20:10:32.861+0000] {processor.py:154} INFO - Started process (PID=2491) to work on /home/airflow/.local/lib/python3.7/site-packages/airflow/example_dags/tutorial_dag.py
[2023-03-10T20:10:32.864+0000] {processor.py:756} INFO - Processing file /home/airflow/.local/lib/python3.7/site-packages/airflow/example_dags/tutorial_dag.py for tasks to queue
[2023-03-10T20:10:32.867+0000] {logging_mixin.py:137} INFO - [2023-03-10T20:10:32.867+0000] {dagbag.py:537} INFO - Filling up the DagBag from /home/airflow/.local/lib/python3.7/site-packages/airflow/example_dags/tutorial_dag.py
[2023-03-10T20:10:32.882+0000] {processor.py:766} INFO - DAG(s) dict_keys(['tutorial_dag']) retrieved from /home/airflow/.local/lib/python3.7/site-packages/airflow/example_dags/tutorial_dag.py
[2023-03-10T20:10:32.913+0000] {logging_mixin.py:137} INFO - [2023-03-10T20:10:32.913+0000] {dag.py:2585} INFO - Sync 1 DAGs
[2023-03-10T20:10:32.928+0000] {logging_mixin.py:137} INFO - [2023-03-10T20:10:32.928+0000] {dag.py:3340} INFO - Setting next_dagrun for tutorial_dag to None, run_after=None
[2023-03-10T20:10:32.940+0000] {processor.py:176} INFO - Processing /home/airflow/.local/lib/python3.7/site-packages/airflow/example_dags/tutorial_dag.py took 0.083 seconds
[2023-03-10T20:11:03.378+0000] {processor.py:154} INFO - Started process (PID=2546) to work on /home/airflow/.local/lib/python3.7/site-packages/airflow/example_dags/tutorial_dag.py
[2023-03-10T20:11:03.383+0000] {processor.py:756} INFO - Processing file /home/airflow/.local/lib/python3.7/site-packages/airflow/example_dags/tutorial_dag.py for tasks to queue
[2023-03-10T20:11:03.385+0000] {logging_mixin.py:137} INFO - [2023-03-10T20:11:03.385+0000] {dagbag.py:537} INFO - Filling up the DagBag from /home/airflow/.local/lib/python3.7/site-packages/airflow/example_dags/tutorial_dag.py
[2023-03-10T20:11:03.397+0000] {processor.py:766} INFO - DAG(s) dict_keys(['tutorial_dag']) retrieved from /home/airflow/.local/lib/python3.7/site-packages/airflow/example_dags/tutorial_dag.py
[2023-03-10T20:11:03.429+0000] {logging_mixin.py:137} INFO - [2023-03-10T20:11:03.429+0000] {dag.py:2585} INFO - Sync 1 DAGs
[2023-03-10T20:11:03.444+0000] {logging_mixin.py:137} INFO - [2023-03-10T20:11:03.444+0000] {dag.py:3340} INFO - Setting next_dagrun for tutorial_dag to None, run_after=None
[2023-03-10T20:11:03.457+0000] {processor.py:176} INFO - Processing /home/airflow/.local/lib/python3.7/site-packages/airflow/example_dags/tutorial_dag.py took 0.083 seconds
[2023-03-10T20:11:33.888+0000] {processor.py:154} INFO - Started process (PID=2609) to work on /home/airflow/.local/lib/python3.7/site-packages/airflow/example_dags/tutorial_dag.py
[2023-03-10T20:11:33.892+0000] {processor.py:756} INFO - Processing file /home/airflow/.local/lib/python3.7/site-packages/airflow/example_dags/tutorial_dag.py for tasks to queue
[2023-03-10T20:11:33.894+0000] {logging_mixin.py:137} INFO - [2023-03-10T20:11:33.894+0000] {dagbag.py:537} INFO - Filling up the DagBag from /home/airflow/.local/lib/python3.7/site-packages/airflow/example_dags/tutorial_dag.py
[2023-03-10T20:11:33.906+0000] {processor.py:766} INFO - DAG(s) dict_keys(['tutorial_dag']) retrieved from /home/airflow/.local/lib/python3.7/site-packages/airflow/example_dags/tutorial_dag.py
[2023-03-10T20:11:33.937+0000] {logging_mixin.py:137} INFO - [2023-03-10T20:11:33.937+0000] {dag.py:2585} INFO - Sync 1 DAGs
[2023-03-10T20:11:33.954+0000] {logging_mixin.py:137} INFO - [2023-03-10T20:11:33.954+0000] {dag.py:3340} INFO - Setting next_dagrun for tutorial_dag to None, run_after=None
[2023-03-10T20:11:33.967+0000] {processor.py:176} INFO - Processing /home/airflow/.local/lib/python3.7/site-packages/airflow/example_dags/tutorial_dag.py took 0.086 seconds
[2023-03-10T20:12:04.696+0000] {processor.py:154} INFO - Started process (PID=2671) to work on /home/airflow/.local/lib/python3.7/site-packages/airflow/example_dags/tutorial_dag.py
[2023-03-10T20:12:04.699+0000] {processor.py:756} INFO - Processing file /home/airflow/.local/lib/python3.7/site-packages/airflow/example_dags/tutorial_dag.py for tasks to queue
[2023-03-10T20:12:04.700+0000] {logging_mixin.py:137} INFO - [2023-03-10T20:12:04.700+0000] {dagbag.py:537} INFO - Filling up the DagBag from /home/airflow/.local/lib/python3.7/site-packages/airflow/example_dags/tutorial_dag.py
[2023-03-10T20:12:04.713+0000] {processor.py:766} INFO - DAG(s) dict_keys(['tutorial_dag']) retrieved from /home/airflow/.local/lib/python3.7/site-packages/airflow/example_dags/tutorial_dag.py
[2023-03-10T20:12:04.744+0000] {logging_mixin.py:137} INFO - [2023-03-10T20:12:04.744+0000] {dag.py:2585} INFO - Sync 1 DAGs
[2023-03-10T20:12:04.760+0000] {logging_mixin.py:137} INFO - [2023-03-10T20:12:04.760+0000] {dag.py:3340} INFO - Setting next_dagrun for tutorial_dag to None, run_after=None
[2023-03-10T20:12:04.774+0000] {processor.py:176} INFO - Processing /home/airflow/.local/lib/python3.7/site-packages/airflow/example_dags/tutorial_dag.py took 0.085 seconds
[2023-03-10T20:12:35.364+0000] {processor.py:154} INFO - Started process (PID=2735) to work on /home/airflow/.local/lib/python3.7/site-packages/airflow/example_dags/tutorial_dag.py
[2023-03-10T20:12:35.366+0000] {processor.py:756} INFO - Processing file /home/airflow/.local/lib/python3.7/site-packages/airflow/example_dags/tutorial_dag.py for tasks to queue
[2023-03-10T20:12:35.368+0000] {logging_mixin.py:137} INFO - [2023-03-10T20:12:35.367+0000] {dagbag.py:537} INFO - Filling up the DagBag from /home/airflow/.local/lib/python3.7/site-packages/airflow/example_dags/tutorial_dag.py
[2023-03-10T20:12:35.379+0000] {processor.py:766} INFO - DAG(s) dict_keys(['tutorial_dag']) retrieved from /home/airflow/.local/lib/python3.7/site-packages/airflow/example_dags/tutorial_dag.py
[2023-03-10T20:12:35.412+0000] {logging_mixin.py:137} INFO - [2023-03-10T20:12:35.412+0000] {dag.py:2585} INFO - Sync 1 DAGs
[2023-03-10T20:12:35.426+0000] {logging_mixin.py:137} INFO - [2023-03-10T20:12:35.426+0000] {dag.py:3340} INFO - Setting next_dagrun for tutorial_dag to None, run_after=None
[2023-03-10T20:12:35.439+0000] {processor.py:176} INFO - Processing /home/airflow/.local/lib/python3.7/site-packages/airflow/example_dags/tutorial_dag.py took 0.078 seconds
[2023-03-10T20:13:06.113+0000] {processor.py:154} INFO - Started process (PID=2798) to work on /home/airflow/.local/lib/python3.7/site-packages/airflow/example_dags/tutorial_dag.py
[2023-03-10T20:13:06.116+0000] {processor.py:756} INFO - Processing file /home/airflow/.local/lib/python3.7/site-packages/airflow/example_dags/tutorial_dag.py for tasks to queue
[2023-03-10T20:13:06.118+0000] {logging_mixin.py:137} INFO - [2023-03-10T20:13:06.118+0000] {dagbag.py:537} INFO - Filling up the DagBag from /home/airflow/.local/lib/python3.7/site-packages/airflow/example_dags/tutorial_dag.py
[2023-03-10T20:13:06.128+0000] {processor.py:766} INFO - DAG(s) dict_keys(['tutorial_dag']) retrieved from /home/airflow/.local/lib/python3.7/site-packages/airflow/example_dags/tutorial_dag.py
[2023-03-10T20:13:06.163+0000] {logging_mixin.py:137} INFO - [2023-03-10T20:13:06.162+0000] {dag.py:2585} INFO - Sync 1 DAGs
[2023-03-10T20:13:06.180+0000] {logging_mixin.py:137} INFO - [2023-03-10T20:13:06.179+0000] {dag.py:3340} INFO - Setting next_dagrun for tutorial_dag to None, run_after=None
[2023-03-10T20:13:06.195+0000] {processor.py:176} INFO - Processing /home/airflow/.local/lib/python3.7/site-packages/airflow/example_dags/tutorial_dag.py took 0.088 seconds
[2023-03-10T20:13:36.701+0000] {processor.py:154} INFO - Started process (PID=2862) to work on /home/airflow/.local/lib/python3.7/site-packages/airflow/example_dags/tutorial_dag.py
[2023-03-10T20:13:36.703+0000] {processor.py:756} INFO - Processing file /home/airflow/.local/lib/python3.7/site-packages/airflow/example_dags/tutorial_dag.py for tasks to queue
[2023-03-10T20:13:36.705+0000] {logging_mixin.py:137} INFO - [2023-03-10T20:13:36.705+0000] {dagbag.py:537} INFO - Filling up the DagBag from /home/airflow/.local/lib/python3.7/site-packages/airflow/example_dags/tutorial_dag.py
[2023-03-10T20:13:36.714+0000] {processor.py:766} INFO - DAG(s) dict_keys(['tutorial_dag']) retrieved from /home/airflow/.local/lib/python3.7/site-packages/airflow/example_dags/tutorial_dag.py
[2023-03-10T20:13:36.741+0000] {logging_mixin.py:137} INFO - [2023-03-10T20:13:36.741+0000] {dag.py:2585} INFO - Sync 1 DAGs
[2023-03-10T20:13:36.756+0000] {logging_mixin.py:137} INFO - [2023-03-10T20:13:36.756+0000] {dag.py:3340} INFO - Setting next_dagrun for tutorial_dag to None, run_after=None
[2023-03-10T20:13:36.769+0000] {processor.py:176} INFO - Processing /home/airflow/.local/lib/python3.7/site-packages/airflow/example_dags/tutorial_dag.py took 0.071 seconds
[2023-03-10T20:14:07.546+0000] {processor.py:154} INFO - Started process (PID=2917) to work on /home/airflow/.local/lib/python3.7/site-packages/airflow/example_dags/tutorial_dag.py
[2023-03-10T20:14:07.548+0000] {processor.py:756} INFO - Processing file /home/airflow/.local/lib/python3.7/site-packages/airflow/example_dags/tutorial_dag.py for tasks to queue
[2023-03-10T20:14:07.552+0000] {logging_mixin.py:137} INFO - [2023-03-10T20:14:07.551+0000] {dagbag.py:537} INFO - Filling up the DagBag from /home/airflow/.local/lib/python3.7/site-packages/airflow/example_dags/tutorial_dag.py
[2023-03-10T20:14:07.568+0000] {processor.py:766} INFO - DAG(s) dict_keys(['tutorial_dag']) retrieved from /home/airflow/.local/lib/python3.7/site-packages/airflow/example_dags/tutorial_dag.py
[2023-03-10T20:14:07.597+0000] {logging_mixin.py:137} INFO - [2023-03-10T20:14:07.597+0000] {dag.py:2585} INFO - Sync 1 DAGs
[2023-03-10T20:14:07.612+0000] {logging_mixin.py:137} INFO - [2023-03-10T20:14:07.612+0000] {dag.py:3340} INFO - Setting next_dagrun for tutorial_dag to None, run_after=None
[2023-03-10T20:14:07.625+0000] {processor.py:176} INFO - Processing /home/airflow/.local/lib/python3.7/site-packages/airflow/example_dags/tutorial_dag.py took 0.084 seconds
[2023-03-10T20:14:38.033+0000] {processor.py:154} INFO - Started process (PID=2981) to work on /home/airflow/.local/lib/python3.7/site-packages/airflow/example_dags/tutorial_dag.py
[2023-03-10T20:14:38.035+0000] {processor.py:756} INFO - Processing file /home/airflow/.local/lib/python3.7/site-packages/airflow/example_dags/tutorial_dag.py for tasks to queue
[2023-03-10T20:14:38.037+0000] {logging_mixin.py:137} INFO - [2023-03-10T20:14:38.037+0000] {dagbag.py:537} INFO - Filling up the DagBag from /home/airflow/.local/lib/python3.7/site-packages/airflow/example_dags/tutorial_dag.py
[2023-03-10T20:14:38.048+0000] {processor.py:766} INFO - DAG(s) dict_keys(['tutorial_dag']) retrieved from /home/airflow/.local/lib/python3.7/site-packages/airflow/example_dags/tutorial_dag.py
[2023-03-10T20:14:38.076+0000] {logging_mixin.py:137} INFO - [2023-03-10T20:14:38.075+0000] {dag.py:2585} INFO - Sync 1 DAGs
[2023-03-10T20:14:38.089+0000] {logging_mixin.py:137} INFO - [2023-03-10T20:14:38.089+0000] {dag.py:3340} INFO - Setting next_dagrun for tutorial_dag to None, run_after=None
[2023-03-10T20:14:38.100+0000] {processor.py:176} INFO - Processing /home/airflow/.local/lib/python3.7/site-packages/airflow/example_dags/tutorial_dag.py took 0.071 seconds
[2023-03-10T20:15:08.707+0000] {processor.py:154} INFO - Started process (PID=3045) to work on /home/airflow/.local/lib/python3.7/site-packages/airflow/example_dags/tutorial_dag.py
[2023-03-10T20:15:08.710+0000] {processor.py:756} INFO - Processing file /home/airflow/.local/lib/python3.7/site-packages/airflow/example_dags/tutorial_dag.py for tasks to queue
[2023-03-10T20:15:08.712+0000] {logging_mixin.py:137} INFO - [2023-03-10T20:15:08.712+0000] {dagbag.py:537} INFO - Filling up the DagBag from /home/airflow/.local/lib/python3.7/site-packages/airflow/example_dags/tutorial_dag.py
[2023-03-10T20:15:08.722+0000] {processor.py:766} INFO - DAG(s) dict_keys(['tutorial_dag']) retrieved from /home/airflow/.local/lib/python3.7/site-packages/airflow/example_dags/tutorial_dag.py
[2023-03-10T20:15:08.749+0000] {logging_mixin.py:137} INFO - [2023-03-10T20:15:08.749+0000] {dag.py:2585} INFO - Sync 1 DAGs
[2023-03-10T20:15:08.763+0000] {logging_mixin.py:137} INFO - [2023-03-10T20:15:08.763+0000] {dag.py:3340} INFO - Setting next_dagrun for tutorial_dag to None, run_after=None
[2023-03-10T20:15:08.775+0000] {processor.py:176} INFO - Processing /home/airflow/.local/lib/python3.7/site-packages/airflow/example_dags/tutorial_dag.py took 0.070 seconds
[2023-03-10T20:15:39.094+0000] {processor.py:154} INFO - Started process (PID=3109) to work on /home/airflow/.local/lib/python3.7/site-packages/airflow/example_dags/tutorial_dag.py
[2023-03-10T20:15:39.099+0000] {processor.py:756} INFO - Processing file /home/airflow/.local/lib/python3.7/site-packages/airflow/example_dags/tutorial_dag.py for tasks to queue
[2023-03-10T20:15:39.101+0000] {logging_mixin.py:137} INFO - [2023-03-10T20:15:39.101+0000] {dagbag.py:537} INFO - Filling up the DagBag from /home/airflow/.local/lib/python3.7/site-packages/airflow/example_dags/tutorial_dag.py
[2023-03-10T20:15:39.114+0000] {processor.py:766} INFO - DAG(s) dict_keys(['tutorial_dag']) retrieved from /home/airflow/.local/lib/python3.7/site-packages/airflow/example_dags/tutorial_dag.py
[2023-03-10T20:15:39.141+0000] {logging_mixin.py:137} INFO - [2023-03-10T20:15:39.141+0000] {dag.py:2585} INFO - Sync 1 DAGs
[2023-03-10T20:15:39.157+0000] {logging_mixin.py:137} INFO - [2023-03-10T20:15:39.157+0000] {dag.py:3340} INFO - Setting next_dagrun for tutorial_dag to None, run_after=None
[2023-03-10T20:15:39.169+0000] {processor.py:176} INFO - Processing /home/airflow/.local/lib/python3.7/site-packages/airflow/example_dags/tutorial_dag.py took 0.079 seconds
[2023-03-10T20:16:09.691+0000] {processor.py:154} INFO - Started process (PID=3173) to work on /home/airflow/.local/lib/python3.7/site-packages/airflow/example_dags/tutorial_dag.py
[2023-03-10T20:16:09.693+0000] {processor.py:756} INFO - Processing file /home/airflow/.local/lib/python3.7/site-packages/airflow/example_dags/tutorial_dag.py for tasks to queue
[2023-03-10T20:16:09.694+0000] {logging_mixin.py:137} INFO - [2023-03-10T20:16:09.694+0000] {dagbag.py:537} INFO - Filling up the DagBag from /home/airflow/.local/lib/python3.7/site-packages/airflow/example_dags/tutorial_dag.py
[2023-03-10T20:16:09.703+0000] {processor.py:766} INFO - DAG(s) dict_keys(['tutorial_dag']) retrieved from /home/airflow/.local/lib/python3.7/site-packages/airflow/example_dags/tutorial_dag.py
[2023-03-10T20:16:09.730+0000] {logging_mixin.py:137} INFO - [2023-03-10T20:16:09.730+0000] {dag.py:2585} INFO - Sync 1 DAGs
[2023-03-10T20:16:09.745+0000] {logging_mixin.py:137} INFO - [2023-03-10T20:16:09.745+0000] {dag.py:3340} INFO - Setting next_dagrun for tutorial_dag to None, run_after=None
[2023-03-10T20:16:09.760+0000] {processor.py:176} INFO - Processing /home/airflow/.local/lib/python3.7/site-packages/airflow/example_dags/tutorial_dag.py took 0.071 seconds
[2023-03-10T20:16:39.913+0000] {processor.py:154} INFO - Started process (PID=3236) to work on /home/airflow/.local/lib/python3.7/site-packages/airflow/example_dags/tutorial_dag.py
[2023-03-10T20:16:39.918+0000] {processor.py:756} INFO - Processing file /home/airflow/.local/lib/python3.7/site-packages/airflow/example_dags/tutorial_dag.py for tasks to queue
[2023-03-10T20:16:39.919+0000] {logging_mixin.py:137} INFO - [2023-03-10T20:16:39.919+0000] {dagbag.py:537} INFO - Filling up the DagBag from /home/airflow/.local/lib/python3.7/site-packages/airflow/example_dags/tutorial_dag.py
[2023-03-10T20:16:39.930+0000] {processor.py:766} INFO - DAG(s) dict_keys(['tutorial_dag']) retrieved from /home/airflow/.local/lib/python3.7/site-packages/airflow/example_dags/tutorial_dag.py
[2023-03-10T20:16:39.969+0000] {logging_mixin.py:137} INFO - [2023-03-10T20:16:39.969+0000] {dag.py:2585} INFO - Sync 1 DAGs
[2023-03-10T20:16:39.986+0000] {logging_mixin.py:137} INFO - [2023-03-10T20:16:39.986+0000] {dag.py:3340} INFO - Setting next_dagrun for tutorial_dag to None, run_after=None
[2023-03-10T20:16:40.002+0000] {processor.py:176} INFO - Processing /home/airflow/.local/lib/python3.7/site-packages/airflow/example_dags/tutorial_dag.py took 0.093 seconds
[2023-03-10T20:17:10.368+0000] {processor.py:154} INFO - Started process (PID=3291) to work on /home/airflow/.local/lib/python3.7/site-packages/airflow/example_dags/tutorial_dag.py
[2023-03-10T20:17:10.370+0000] {processor.py:756} INFO - Processing file /home/airflow/.local/lib/python3.7/site-packages/airflow/example_dags/tutorial_dag.py for tasks to queue
[2023-03-10T20:17:10.372+0000] {logging_mixin.py:137} INFO - [2023-03-10T20:17:10.371+0000] {dagbag.py:537} INFO - Filling up the DagBag from /home/airflow/.local/lib/python3.7/site-packages/airflow/example_dags/tutorial_dag.py
[2023-03-10T20:17:10.382+0000] {processor.py:766} INFO - DAG(s) dict_keys(['tutorial_dag']) retrieved from /home/airflow/.local/lib/python3.7/site-packages/airflow/example_dags/tutorial_dag.py
[2023-03-10T20:17:10.408+0000] {logging_mixin.py:137} INFO - [2023-03-10T20:17:10.407+0000] {dag.py:2585} INFO - Sync 1 DAGs
[2023-03-10T20:17:10.422+0000] {logging_mixin.py:137} INFO - [2023-03-10T20:17:10.422+0000] {dag.py:3340} INFO - Setting next_dagrun for tutorial_dag to None, run_after=None
[2023-03-10T20:17:10.433+0000] {processor.py:176} INFO - Processing /home/airflow/.local/lib/python3.7/site-packages/airflow/example_dags/tutorial_dag.py took 0.068 seconds
[2023-03-10T20:17:40.809+0000] {processor.py:154} INFO - Started process (PID=3355) to work on /home/airflow/.local/lib/python3.7/site-packages/airflow/example_dags/tutorial_dag.py
[2023-03-10T20:17:40.811+0000] {processor.py:756} INFO - Processing file /home/airflow/.local/lib/python3.7/site-packages/airflow/example_dags/tutorial_dag.py for tasks to queue
[2023-03-10T20:17:40.812+0000] {logging_mixin.py:137} INFO - [2023-03-10T20:17:40.812+0000] {dagbag.py:537} INFO - Filling up the DagBag from /home/airflow/.local/lib/python3.7/site-packages/airflow/example_dags/tutorial_dag.py
[2023-03-10T20:17:40.833+0000] {processor.py:766} INFO - DAG(s) dict_keys(['tutorial_dag']) retrieved from /home/airflow/.local/lib/python3.7/site-packages/airflow/example_dags/tutorial_dag.py
[2023-03-10T20:17:40.863+0000] {logging_mixin.py:137} INFO - [2023-03-10T20:17:40.863+0000] {dag.py:2585} INFO - Sync 1 DAGs
[2023-03-10T20:17:40.880+0000] {logging_mixin.py:137} INFO - [2023-03-10T20:17:40.880+0000] {dag.py:3340} INFO - Setting next_dagrun for tutorial_dag to None, run_after=None
[2023-03-10T20:17:40.892+0000] {processor.py:176} INFO - Processing /home/airflow/.local/lib/python3.7/site-packages/airflow/example_dags/tutorial_dag.py took 0.085 seconds
[2023-03-10T20:18:11.089+0000] {processor.py:154} INFO - Started process (PID=3420) to work on /home/airflow/.local/lib/python3.7/site-packages/airflow/example_dags/tutorial_dag.py
[2023-03-10T20:18:11.092+0000] {processor.py:756} INFO - Processing file /home/airflow/.local/lib/python3.7/site-packages/airflow/example_dags/tutorial_dag.py for tasks to queue
[2023-03-10T20:18:11.095+0000] {logging_mixin.py:137} INFO - [2023-03-10T20:18:11.094+0000] {dagbag.py:537} INFO - Filling up the DagBag from /home/airflow/.local/lib/python3.7/site-packages/airflow/example_dags/tutorial_dag.py
[2023-03-10T20:18:11.109+0000] {processor.py:766} INFO - DAG(s) dict_keys(['tutorial_dag']) retrieved from /home/airflow/.local/lib/python3.7/site-packages/airflow/example_dags/tutorial_dag.py
[2023-03-10T20:18:11.137+0000] {logging_mixin.py:137} INFO - [2023-03-10T20:18:11.137+0000] {dag.py:2585} INFO - Sync 1 DAGs
[2023-03-10T20:18:11.152+0000] {logging_mixin.py:137} INFO - [2023-03-10T20:18:11.152+0000] {dag.py:3340} INFO - Setting next_dagrun for tutorial_dag to None, run_after=None
[2023-03-10T20:18:11.164+0000] {processor.py:176} INFO - Processing /home/airflow/.local/lib/python3.7/site-packages/airflow/example_dags/tutorial_dag.py took 0.084 seconds
[2023-03-10T20:18:41.849+0000] {processor.py:154} INFO - Started process (PID=3484) to work on /home/airflow/.local/lib/python3.7/site-packages/airflow/example_dags/tutorial_dag.py
[2023-03-10T20:18:41.853+0000] {processor.py:756} INFO - Processing file /home/airflow/.local/lib/python3.7/site-packages/airflow/example_dags/tutorial_dag.py for tasks to queue
[2023-03-10T20:18:41.855+0000] {logging_mixin.py:137} INFO - [2023-03-10T20:18:41.855+0000] {dagbag.py:537} INFO - Filling up the DagBag from /home/airflow/.local/lib/python3.7/site-packages/airflow/example_dags/tutorial_dag.py
[2023-03-10T20:18:41.870+0000] {processor.py:766} INFO - DAG(s) dict_keys(['tutorial_dag']) retrieved from /home/airflow/.local/lib/python3.7/site-packages/airflow/example_dags/tutorial_dag.py
[2023-03-10T20:18:41.898+0000] {logging_mixin.py:137} INFO - [2023-03-10T20:18:41.898+0000] {dag.py:2585} INFO - Sync 1 DAGs
[2023-03-10T20:18:41.918+0000] {logging_mixin.py:137} INFO - [2023-03-10T20:18:41.918+0000] {dag.py:3340} INFO - Setting next_dagrun for tutorial_dag to None, run_after=None
[2023-03-10T20:18:41.930+0000] {processor.py:176} INFO - Processing /home/airflow/.local/lib/python3.7/site-packages/airflow/example_dags/tutorial_dag.py took 0.084 seconds
[2023-03-10T20:19:12.488+0000] {processor.py:154} INFO - Started process (PID=3547) to work on /home/airflow/.local/lib/python3.7/site-packages/airflow/example_dags/tutorial_dag.py
[2023-03-10T20:19:12.490+0000] {processor.py:756} INFO - Processing file /home/airflow/.local/lib/python3.7/site-packages/airflow/example_dags/tutorial_dag.py for tasks to queue
[2023-03-10T20:19:12.491+0000] {logging_mixin.py:137} INFO - [2023-03-10T20:19:12.491+0000] {dagbag.py:537} INFO - Filling up the DagBag from /home/airflow/.local/lib/python3.7/site-packages/airflow/example_dags/tutorial_dag.py
[2023-03-10T20:19:12.504+0000] {processor.py:766} INFO - DAG(s) dict_keys(['tutorial_dag']) retrieved from /home/airflow/.local/lib/python3.7/site-packages/airflow/example_dags/tutorial_dag.py
[2023-03-10T20:19:12.533+0000] {logging_mixin.py:137} INFO - [2023-03-10T20:19:12.533+0000] {dag.py:2585} INFO - Sync 1 DAGs
[2023-03-10T20:19:12.548+0000] {logging_mixin.py:137} INFO - [2023-03-10T20:19:12.548+0000] {dag.py:3340} INFO - Setting next_dagrun for tutorial_dag to None, run_after=None
[2023-03-10T20:19:12.562+0000] {processor.py:176} INFO - Processing /home/airflow/.local/lib/python3.7/site-packages/airflow/example_dags/tutorial_dag.py took 0.078 seconds
[2023-03-10T20:19:43.132+0000] {processor.py:154} INFO - Started process (PID=3601) to work on /home/airflow/.local/lib/python3.7/site-packages/airflow/example_dags/tutorial_dag.py
[2023-03-10T20:19:43.134+0000] {processor.py:756} INFO - Processing file /home/airflow/.local/lib/python3.7/site-packages/airflow/example_dags/tutorial_dag.py for tasks to queue
[2023-03-10T20:19:43.136+0000] {logging_mixin.py:137} INFO - [2023-03-10T20:19:43.136+0000] {dagbag.py:537} INFO - Filling up the DagBag from /home/airflow/.local/lib/python3.7/site-packages/airflow/example_dags/tutorial_dag.py
[2023-03-10T20:19:43.150+0000] {processor.py:766} INFO - DAG(s) dict_keys(['tutorial_dag']) retrieved from /home/airflow/.local/lib/python3.7/site-packages/airflow/example_dags/tutorial_dag.py
[2023-03-10T20:19:43.198+0000] {logging_mixin.py:137} INFO - [2023-03-10T20:19:43.198+0000] {dag.py:2585} INFO - Sync 1 DAGs
[2023-03-10T20:19:43.218+0000] {logging_mixin.py:137} INFO - [2023-03-10T20:19:43.218+0000] {dag.py:3340} INFO - Setting next_dagrun for tutorial_dag to None, run_after=None
[2023-03-10T20:19:43.237+0000] {processor.py:176} INFO - Processing /home/airflow/.local/lib/python3.7/site-packages/airflow/example_dags/tutorial_dag.py took 0.110 seconds
[2023-03-10T20:20:14.090+0000] {processor.py:154} INFO - Started process (PID=3665) to work on /home/airflow/.local/lib/python3.7/site-packages/airflow/example_dags/tutorial_dag.py
[2023-03-10T20:20:14.092+0000] {processor.py:756} INFO - Processing file /home/airflow/.local/lib/python3.7/site-packages/airflow/example_dags/tutorial_dag.py for tasks to queue
[2023-03-10T20:20:14.093+0000] {logging_mixin.py:137} INFO - [2023-03-10T20:20:14.093+0000] {dagbag.py:537} INFO - Filling up the DagBag from /home/airflow/.local/lib/python3.7/site-packages/airflow/example_dags/tutorial_dag.py
[2023-03-10T20:20:14.104+0000] {processor.py:766} INFO - DAG(s) dict_keys(['tutorial_dag']) retrieved from /home/airflow/.local/lib/python3.7/site-packages/airflow/example_dags/tutorial_dag.py
[2023-03-10T20:20:14.135+0000] {logging_mixin.py:137} INFO - [2023-03-10T20:20:14.135+0000] {dag.py:2585} INFO - Sync 1 DAGs
[2023-03-10T20:20:14.151+0000] {logging_mixin.py:137} INFO - [2023-03-10T20:20:14.151+0000] {dag.py:3340} INFO - Setting next_dagrun for tutorial_dag to None, run_after=None
[2023-03-10T20:20:14.166+0000] {processor.py:176} INFO - Processing /home/airflow/.local/lib/python3.7/site-packages/airflow/example_dags/tutorial_dag.py took 0.079 seconds
[2023-03-10T20:20:44.685+0000] {processor.py:154} INFO - Started process (PID=3729) to work on /home/airflow/.local/lib/python3.7/site-packages/airflow/example_dags/tutorial_dag.py
[2023-03-10T20:20:44.687+0000] {processor.py:756} INFO - Processing file /home/airflow/.local/lib/python3.7/site-packages/airflow/example_dags/tutorial_dag.py for tasks to queue
[2023-03-10T20:20:44.689+0000] {logging_mixin.py:137} INFO - [2023-03-10T20:20:44.689+0000] {dagbag.py:537} INFO - Filling up the DagBag from /home/airflow/.local/lib/python3.7/site-packages/airflow/example_dags/tutorial_dag.py
[2023-03-10T20:20:44.704+0000] {processor.py:766} INFO - DAG(s) dict_keys(['tutorial_dag']) retrieved from /home/airflow/.local/lib/python3.7/site-packages/airflow/example_dags/tutorial_dag.py
[2023-03-10T20:20:44.746+0000] {logging_mixin.py:137} INFO - [2023-03-10T20:20:44.746+0000] {dag.py:2585} INFO - Sync 1 DAGs
[2023-03-10T20:20:44.770+0000] {logging_mixin.py:137} INFO - [2023-03-10T20:20:44.770+0000] {dag.py:3340} INFO - Setting next_dagrun for tutorial_dag to None, run_after=None
[2023-03-10T20:20:44.785+0000] {processor.py:176} INFO - Processing /home/airflow/.local/lib/python3.7/site-packages/airflow/example_dags/tutorial_dag.py took 0.104 seconds
[2023-03-10T20:21:15.527+0000] {processor.py:154} INFO - Started process (PID=3794) to work on /home/airflow/.local/lib/python3.7/site-packages/airflow/example_dags/tutorial_dag.py
[2023-03-10T20:21:15.529+0000] {processor.py:756} INFO - Processing file /home/airflow/.local/lib/python3.7/site-packages/airflow/example_dags/tutorial_dag.py for tasks to queue
[2023-03-10T20:21:15.530+0000] {logging_mixin.py:137} INFO - [2023-03-10T20:21:15.530+0000] {dagbag.py:537} INFO - Filling up the DagBag from /home/airflow/.local/lib/python3.7/site-packages/airflow/example_dags/tutorial_dag.py
[2023-03-10T20:21:15.539+0000] {processor.py:766} INFO - DAG(s) dict_keys(['tutorial_dag']) retrieved from /home/airflow/.local/lib/python3.7/site-packages/airflow/example_dags/tutorial_dag.py
[2023-03-10T20:21:15.564+0000] {logging_mixin.py:137} INFO - [2023-03-10T20:21:15.564+0000] {dag.py:2585} INFO - Sync 1 DAGs
[2023-03-10T20:21:15.581+0000] {logging_mixin.py:137} INFO - [2023-03-10T20:21:15.581+0000] {dag.py:3340} INFO - Setting next_dagrun for tutorial_dag to None, run_after=None
[2023-03-10T20:21:15.596+0000] {processor.py:176} INFO - Processing /home/airflow/.local/lib/python3.7/site-packages/airflow/example_dags/tutorial_dag.py took 0.071 seconds
[2023-03-10T20:21:45.987+0000] {processor.py:154} INFO - Started process (PID=3858) to work on /home/airflow/.local/lib/python3.7/site-packages/airflow/example_dags/tutorial_dag.py
[2023-03-10T20:21:45.989+0000] {processor.py:756} INFO - Processing file /home/airflow/.local/lib/python3.7/site-packages/airflow/example_dags/tutorial_dag.py for tasks to queue
[2023-03-10T20:21:45.991+0000] {logging_mixin.py:137} INFO - [2023-03-10T20:21:45.991+0000] {dagbag.py:537} INFO - Filling up the DagBag from /home/airflow/.local/lib/python3.7/site-packages/airflow/example_dags/tutorial_dag.py
[2023-03-10T20:21:46.003+0000] {processor.py:766} INFO - DAG(s) dict_keys(['tutorial_dag']) retrieved from /home/airflow/.local/lib/python3.7/site-packages/airflow/example_dags/tutorial_dag.py
[2023-03-10T20:21:46.032+0000] {logging_mixin.py:137} INFO - [2023-03-10T20:21:46.032+0000] {dag.py:2585} INFO - Sync 1 DAGs
[2023-03-10T20:21:46.049+0000] {logging_mixin.py:137} INFO - [2023-03-10T20:21:46.049+0000] {dag.py:3340} INFO - Setting next_dagrun for tutorial_dag to None, run_after=None
[2023-03-10T20:21:46.064+0000] {processor.py:176} INFO - Processing /home/airflow/.local/lib/python3.7/site-packages/airflow/example_dags/tutorial_dag.py took 0.079 seconds
[2023-03-10T20:22:16.203+0000] {processor.py:154} INFO - Started process (PID=3913) to work on /home/airflow/.local/lib/python3.7/site-packages/airflow/example_dags/tutorial_dag.py
[2023-03-10T20:22:16.205+0000] {processor.py:756} INFO - Processing file /home/airflow/.local/lib/python3.7/site-packages/airflow/example_dags/tutorial_dag.py for tasks to queue
[2023-03-10T20:22:16.207+0000] {logging_mixin.py:137} INFO - [2023-03-10T20:22:16.207+0000] {dagbag.py:537} INFO - Filling up the DagBag from /home/airflow/.local/lib/python3.7/site-packages/airflow/example_dags/tutorial_dag.py
[2023-03-10T20:22:16.218+0000] {processor.py:766} INFO - DAG(s) dict_keys(['tutorial_dag']) retrieved from /home/airflow/.local/lib/python3.7/site-packages/airflow/example_dags/tutorial_dag.py
[2023-03-10T20:22:16.254+0000] {logging_mixin.py:137} INFO - [2023-03-10T20:22:16.254+0000] {dag.py:2585} INFO - Sync 1 DAGs
[2023-03-10T20:22:16.273+0000] {logging_mixin.py:137} INFO - [2023-03-10T20:22:16.273+0000] {dag.py:3340} INFO - Setting next_dagrun for tutorial_dag to None, run_after=None
[2023-03-10T20:22:16.289+0000] {processor.py:176} INFO - Processing /home/airflow/.local/lib/python3.7/site-packages/airflow/example_dags/tutorial_dag.py took 0.089 seconds
[2023-03-10T20:22:46.836+0000] {processor.py:154} INFO - Started process (PID=3976) to work on /home/airflow/.local/lib/python3.7/site-packages/airflow/example_dags/tutorial_dag.py
[2023-03-10T20:22:46.840+0000] {processor.py:756} INFO - Processing file /home/airflow/.local/lib/python3.7/site-packages/airflow/example_dags/tutorial_dag.py for tasks to queue
[2023-03-10T20:22:46.841+0000] {logging_mixin.py:137} INFO - [2023-03-10T20:22:46.841+0000] {dagbag.py:537} INFO - Filling up the DagBag from /home/airflow/.local/lib/python3.7/site-packages/airflow/example_dags/tutorial_dag.py
[2023-03-10T20:22:46.853+0000] {processor.py:766} INFO - DAG(s) dict_keys(['tutorial_dag']) retrieved from /home/airflow/.local/lib/python3.7/site-packages/airflow/example_dags/tutorial_dag.py
[2023-03-10T20:22:46.881+0000] {logging_mixin.py:137} INFO - [2023-03-10T20:22:46.881+0000] {dag.py:2585} INFO - Sync 1 DAGs
[2023-03-10T20:22:46.896+0000] {logging_mixin.py:137} INFO - [2023-03-10T20:22:46.896+0000] {dag.py:3340} INFO - Setting next_dagrun for tutorial_dag to None, run_after=None
[2023-03-10T20:22:46.909+0000] {processor.py:176} INFO - Processing /home/airflow/.local/lib/python3.7/site-packages/airflow/example_dags/tutorial_dag.py took 0.078 seconds
[2023-03-10T20:23:17.329+0000] {processor.py:154} INFO - Started process (PID=4040) to work on /home/airflow/.local/lib/python3.7/site-packages/airflow/example_dags/tutorial_dag.py
[2023-03-10T20:23:17.333+0000] {processor.py:756} INFO - Processing file /home/airflow/.local/lib/python3.7/site-packages/airflow/example_dags/tutorial_dag.py for tasks to queue
[2023-03-10T20:23:17.335+0000] {logging_mixin.py:137} INFO - [2023-03-10T20:23:17.335+0000] {dagbag.py:537} INFO - Filling up the DagBag from /home/airflow/.local/lib/python3.7/site-packages/airflow/example_dags/tutorial_dag.py
[2023-03-10T20:23:17.350+0000] {processor.py:766} INFO - DAG(s) dict_keys(['tutorial_dag']) retrieved from /home/airflow/.local/lib/python3.7/site-packages/airflow/example_dags/tutorial_dag.py
[2023-03-10T20:23:17.379+0000] {logging_mixin.py:137} INFO - [2023-03-10T20:23:17.379+0000] {dag.py:2585} INFO - Sync 1 DAGs
[2023-03-10T20:23:17.394+0000] {logging_mixin.py:137} INFO - [2023-03-10T20:23:17.394+0000] {dag.py:3340} INFO - Setting next_dagrun for tutorial_dag to None, run_after=None
[2023-03-10T20:23:17.406+0000] {processor.py:176} INFO - Processing /home/airflow/.local/lib/python3.7/site-packages/airflow/example_dags/tutorial_dag.py took 0.083 seconds
[2023-03-10T20:23:47.801+0000] {processor.py:154} INFO - Started process (PID=4103) to work on /home/airflow/.local/lib/python3.7/site-packages/airflow/example_dags/tutorial_dag.py
[2023-03-10T20:23:47.805+0000] {processor.py:756} INFO - Processing file /home/airflow/.local/lib/python3.7/site-packages/airflow/example_dags/tutorial_dag.py for tasks to queue
[2023-03-10T20:23:47.807+0000] {logging_mixin.py:137} INFO - [2023-03-10T20:23:47.807+0000] {dagbag.py:537} INFO - Filling up the DagBag from /home/airflow/.local/lib/python3.7/site-packages/airflow/example_dags/tutorial_dag.py
[2023-03-10T20:23:47.823+0000] {processor.py:766} INFO - DAG(s) dict_keys(['tutorial_dag']) retrieved from /home/airflow/.local/lib/python3.7/site-packages/airflow/example_dags/tutorial_dag.py
[2023-03-10T20:23:47.854+0000] {logging_mixin.py:137} INFO - [2023-03-10T20:23:47.854+0000] {dag.py:2585} INFO - Sync 1 DAGs
[2023-03-10T20:23:47.869+0000] {logging_mixin.py:137} INFO - [2023-03-10T20:23:47.869+0000] {dag.py:3340} INFO - Setting next_dagrun for tutorial_dag to None, run_after=None
[2023-03-10T20:23:47.881+0000] {processor.py:176} INFO - Processing /home/airflow/.local/lib/python3.7/site-packages/airflow/example_dags/tutorial_dag.py took 0.085 seconds
[2023-03-10T20:24:18.440+0000] {processor.py:154} INFO - Started process (PID=4166) to work on /home/airflow/.local/lib/python3.7/site-packages/airflow/example_dags/tutorial_dag.py
[2023-03-10T20:24:18.445+0000] {processor.py:756} INFO - Processing file /home/airflow/.local/lib/python3.7/site-packages/airflow/example_dags/tutorial_dag.py for tasks to queue
[2023-03-10T20:24:18.447+0000] {logging_mixin.py:137} INFO - [2023-03-10T20:24:18.447+0000] {dagbag.py:537} INFO - Filling up the DagBag from /home/airflow/.local/lib/python3.7/site-packages/airflow/example_dags/tutorial_dag.py
[2023-03-10T20:24:18.462+0000] {processor.py:766} INFO - DAG(s) dict_keys(['tutorial_dag']) retrieved from /home/airflow/.local/lib/python3.7/site-packages/airflow/example_dags/tutorial_dag.py
[2023-03-10T20:24:18.492+0000] {logging_mixin.py:137} INFO - [2023-03-10T20:24:18.492+0000] {dag.py:2585} INFO - Sync 1 DAGs
[2023-03-10T20:24:18.508+0000] {logging_mixin.py:137} INFO - [2023-03-10T20:24:18.508+0000] {dag.py:3340} INFO - Setting next_dagrun for tutorial_dag to None, run_after=None
[2023-03-10T20:24:18.520+0000] {processor.py:176} INFO - Processing /home/airflow/.local/lib/python3.7/site-packages/airflow/example_dags/tutorial_dag.py took 0.087 seconds
[2023-03-10T20:24:48.813+0000] {processor.py:154} INFO - Started process (PID=4230) to work on /home/airflow/.local/lib/python3.7/site-packages/airflow/example_dags/tutorial_dag.py
[2023-03-10T20:24:48.815+0000] {processor.py:756} INFO - Processing file /home/airflow/.local/lib/python3.7/site-packages/airflow/example_dags/tutorial_dag.py for tasks to queue
[2023-03-10T20:24:48.816+0000] {logging_mixin.py:137} INFO - [2023-03-10T20:24:48.816+0000] {dagbag.py:537} INFO - Filling up the DagBag from /home/airflow/.local/lib/python3.7/site-packages/airflow/example_dags/tutorial_dag.py
[2023-03-10T20:24:48.828+0000] {processor.py:766} INFO - DAG(s) dict_keys(['tutorial_dag']) retrieved from /home/airflow/.local/lib/python3.7/site-packages/airflow/example_dags/tutorial_dag.py
[2023-03-10T20:24:48.859+0000] {logging_mixin.py:137} INFO - [2023-03-10T20:24:48.858+0000] {dag.py:2585} INFO - Sync 1 DAGs
[2023-03-10T20:24:48.876+0000] {logging_mixin.py:137} INFO - [2023-03-10T20:24:48.875+0000] {dag.py:3340} INFO - Setting next_dagrun for tutorial_dag to None, run_after=None
[2023-03-10T20:24:48.888+0000] {processor.py:176} INFO - Processing /home/airflow/.local/lib/python3.7/site-packages/airflow/example_dags/tutorial_dag.py took 0.078 seconds
[2023-03-10T20:25:19.472+0000] {processor.py:154} INFO - Started process (PID=4285) to work on /home/airflow/.local/lib/python3.7/site-packages/airflow/example_dags/tutorial_dag.py
[2023-03-10T20:25:19.477+0000] {processor.py:756} INFO - Processing file /home/airflow/.local/lib/python3.7/site-packages/airflow/example_dags/tutorial_dag.py for tasks to queue
[2023-03-10T20:25:19.478+0000] {logging_mixin.py:137} INFO - [2023-03-10T20:25:19.478+0000] {dagbag.py:537} INFO - Filling up the DagBag from /home/airflow/.local/lib/python3.7/site-packages/airflow/example_dags/tutorial_dag.py
[2023-03-10T20:25:19.493+0000] {processor.py:766} INFO - DAG(s) dict_keys(['tutorial_dag']) retrieved from /home/airflow/.local/lib/python3.7/site-packages/airflow/example_dags/tutorial_dag.py
[2023-03-10T20:25:19.529+0000] {logging_mixin.py:137} INFO - [2023-03-10T20:25:19.528+0000] {dag.py:2585} INFO - Sync 1 DAGs
[2023-03-10T20:25:19.547+0000] {logging_mixin.py:137} INFO - [2023-03-10T20:25:19.547+0000] {dag.py:3340} INFO - Setting next_dagrun for tutorial_dag to None, run_after=None
[2023-03-10T20:25:19.562+0000] {processor.py:176} INFO - Processing /home/airflow/.local/lib/python3.7/site-packages/airflow/example_dags/tutorial_dag.py took 0.095 seconds
[2023-03-10T20:25:50.168+0000] {processor.py:154} INFO - Started process (PID=4347) to work on /home/airflow/.local/lib/python3.7/site-packages/airflow/example_dags/tutorial_dag.py
[2023-03-10T20:25:50.171+0000] {processor.py:756} INFO - Processing file /home/airflow/.local/lib/python3.7/site-packages/airflow/example_dags/tutorial_dag.py for tasks to queue
[2023-03-10T20:25:50.173+0000] {logging_mixin.py:137} INFO - [2023-03-10T20:25:50.173+0000] {dagbag.py:537} INFO - Filling up the DagBag from /home/airflow/.local/lib/python3.7/site-packages/airflow/example_dags/tutorial_dag.py
[2023-03-10T20:25:50.184+0000] {processor.py:766} INFO - DAG(s) dict_keys(['tutorial_dag']) retrieved from /home/airflow/.local/lib/python3.7/site-packages/airflow/example_dags/tutorial_dag.py
[2023-03-10T20:25:50.213+0000] {logging_mixin.py:137} INFO - [2023-03-10T20:25:50.213+0000] {dag.py:2585} INFO - Sync 1 DAGs
[2023-03-10T20:25:50.229+0000] {logging_mixin.py:137} INFO - [2023-03-10T20:25:50.229+0000] {dag.py:3340} INFO - Setting next_dagrun for tutorial_dag to None, run_after=None
[2023-03-10T20:25:50.242+0000] {processor.py:176} INFO - Processing /home/airflow/.local/lib/python3.7/site-packages/airflow/example_dags/tutorial_dag.py took 0.077 seconds
[2023-03-10T20:26:21.121+0000] {processor.py:154} INFO - Started process (PID=4411) to work on /home/airflow/.local/lib/python3.7/site-packages/airflow/example_dags/tutorial_dag.py
[2023-03-10T20:26:21.123+0000] {processor.py:756} INFO - Processing file /home/airflow/.local/lib/python3.7/site-packages/airflow/example_dags/tutorial_dag.py for tasks to queue
[2023-03-10T20:26:21.125+0000] {logging_mixin.py:137} INFO - [2023-03-10T20:26:21.124+0000] {dagbag.py:537} INFO - Filling up the DagBag from /home/airflow/.local/lib/python3.7/site-packages/airflow/example_dags/tutorial_dag.py
[2023-03-10T20:26:21.137+0000] {processor.py:766} INFO - DAG(s) dict_keys(['tutorial_dag']) retrieved from /home/airflow/.local/lib/python3.7/site-packages/airflow/example_dags/tutorial_dag.py
[2023-03-10T20:26:21.166+0000] {logging_mixin.py:137} INFO - [2023-03-10T20:26:21.166+0000] {dag.py:2585} INFO - Sync 1 DAGs
[2023-03-10T20:26:21.182+0000] {logging_mixin.py:137} INFO - [2023-03-10T20:26:21.182+0000] {dag.py:3340} INFO - Setting next_dagrun for tutorial_dag to None, run_after=None
[2023-03-10T20:26:21.194+0000] {processor.py:176} INFO - Processing /home/airflow/.local/lib/python3.7/site-packages/airflow/example_dags/tutorial_dag.py took 0.077 seconds
[2023-03-10T20:26:51.576+0000] {processor.py:154} INFO - Started process (PID=4474) to work on /home/airflow/.local/lib/python3.7/site-packages/airflow/example_dags/tutorial_dag.py
[2023-03-10T20:26:51.579+0000] {processor.py:756} INFO - Processing file /home/airflow/.local/lib/python3.7/site-packages/airflow/example_dags/tutorial_dag.py for tasks to queue
[2023-03-10T20:26:51.580+0000] {logging_mixin.py:137} INFO - [2023-03-10T20:26:51.580+0000] {dagbag.py:537} INFO - Filling up the DagBag from /home/airflow/.local/lib/python3.7/site-packages/airflow/example_dags/tutorial_dag.py
[2023-03-10T20:26:51.593+0000] {processor.py:766} INFO - DAG(s) dict_keys(['tutorial_dag']) retrieved from /home/airflow/.local/lib/python3.7/site-packages/airflow/example_dags/tutorial_dag.py
[2023-03-10T20:26:51.624+0000] {logging_mixin.py:137} INFO - [2023-03-10T20:26:51.624+0000] {dag.py:2585} INFO - Sync 1 DAGs
[2023-03-10T20:26:51.639+0000] {logging_mixin.py:137} INFO - [2023-03-10T20:26:51.639+0000] {dag.py:3340} INFO - Setting next_dagrun for tutorial_dag to None, run_after=None
[2023-03-10T20:26:51.651+0000] {processor.py:176} INFO - Processing /home/airflow/.local/lib/python3.7/site-packages/airflow/example_dags/tutorial_dag.py took 0.081 seconds
[2023-03-10T20:27:22.288+0000] {processor.py:154} INFO - Started process (PID=4538) to work on /home/airflow/.local/lib/python3.7/site-packages/airflow/example_dags/tutorial_dag.py
[2023-03-10T20:27:22.293+0000] {processor.py:756} INFO - Processing file /home/airflow/.local/lib/python3.7/site-packages/airflow/example_dags/tutorial_dag.py for tasks to queue
[2023-03-10T20:27:22.296+0000] {logging_mixin.py:137} INFO - [2023-03-10T20:27:22.295+0000] {dagbag.py:537} INFO - Filling up the DagBag from /home/airflow/.local/lib/python3.7/site-packages/airflow/example_dags/tutorial_dag.py
[2023-03-10T20:27:22.308+0000] {processor.py:766} INFO - DAG(s) dict_keys(['tutorial_dag']) retrieved from /home/airflow/.local/lib/python3.7/site-packages/airflow/example_dags/tutorial_dag.py
[2023-03-10T20:27:22.336+0000] {logging_mixin.py:137} INFO - [2023-03-10T20:27:22.336+0000] {dag.py:2585} INFO - Sync 1 DAGs
[2023-03-10T20:27:22.351+0000] {logging_mixin.py:137} INFO - [2023-03-10T20:27:22.351+0000] {dag.py:3340} INFO - Setting next_dagrun for tutorial_dag to None, run_after=None
[2023-03-10T20:27:22.364+0000] {processor.py:176} INFO - Processing /home/airflow/.local/lib/python3.7/site-packages/airflow/example_dags/tutorial_dag.py took 0.084 seconds
[2023-03-10T20:27:52.907+0000] {processor.py:154} INFO - Started process (PID=4601) to work on /home/airflow/.local/lib/python3.7/site-packages/airflow/example_dags/tutorial_dag.py
[2023-03-10T20:27:52.915+0000] {processor.py:756} INFO - Processing file /home/airflow/.local/lib/python3.7/site-packages/airflow/example_dags/tutorial_dag.py for tasks to queue
[2023-03-10T20:27:52.916+0000] {logging_mixin.py:137} INFO - [2023-03-10T20:27:52.916+0000] {dagbag.py:537} INFO - Filling up the DagBag from /home/airflow/.local/lib/python3.7/site-packages/airflow/example_dags/tutorial_dag.py
[2023-03-10T20:27:52.930+0000] {processor.py:766} INFO - DAG(s) dict_keys(['tutorial_dag']) retrieved from /home/airflow/.local/lib/python3.7/site-packages/airflow/example_dags/tutorial_dag.py
[2023-03-10T20:27:52.974+0000] {logging_mixin.py:137} INFO - [2023-03-10T20:27:52.974+0000] {dag.py:2585} INFO - Sync 1 DAGs
[2023-03-10T20:27:53.014+0000] {logging_mixin.py:137} INFO - [2023-03-10T20:27:53.013+0000] {dag.py:3340} INFO - Setting next_dagrun for tutorial_dag to None, run_after=None
[2023-03-10T20:27:53.036+0000] {processor.py:176} INFO - Processing /home/airflow/.local/lib/python3.7/site-packages/airflow/example_dags/tutorial_dag.py took 0.133 seconds
