[2023-03-10T19:50:30.919+0000] {processor.py:154} INFO - Started process (PID=44) to work on /home/airflow/.local/lib/python3.7/site-packages/airflow/example_dags/tutorial.py
[2023-03-10T19:50:30.921+0000] {processor.py:756} INFO - Processing file /home/airflow/.local/lib/python3.7/site-packages/airflow/example_dags/tutorial.py for tasks to queue
[2023-03-10T19:50:30.924+0000] {logging_mixin.py:137} INFO - [2023-03-10T19:50:30.924+0000] {dagbag.py:537} INFO - Filling up the DagBag from /home/airflow/.local/lib/python3.7/site-packages/airflow/example_dags/tutorial.py
[2023-03-10T19:50:30.953+0000] {processor.py:766} INFO - DAG(s) dict_keys(['tutorial']) retrieved from /home/airflow/.local/lib/python3.7/site-packages/airflow/example_dags/tutorial.py
[2023-03-10T19:50:31.016+0000] {logging_mixin.py:137} INFO - [2023-03-10T19:50:31.016+0000] {dag.py:2585} INFO - Sync 1 DAGs
[2023-03-10T19:50:31.035+0000] {logging_mixin.py:137} INFO - [2023-03-10T19:50:31.035+0000] {dag.py:3340} INFO - Setting next_dagrun for tutorial to 2023-03-09T19:50:31.035012+00:00, run_after=2023-03-10T19:50:31.035012+00:00
[2023-03-10T19:50:31.061+0000] {processor.py:176} INFO - Processing /home/airflow/.local/lib/python3.7/site-packages/airflow/example_dags/tutorial.py took 0.150 seconds
[2023-03-10T19:51:01.436+0000] {processor.py:154} INFO - Started process (PID=108) to work on /home/airflow/.local/lib/python3.7/site-packages/airflow/example_dags/tutorial.py
[2023-03-10T19:51:01.439+0000] {processor.py:756} INFO - Processing file /home/airflow/.local/lib/python3.7/site-packages/airflow/example_dags/tutorial.py for tasks to queue
[2023-03-10T19:51:01.440+0000] {logging_mixin.py:137} INFO - [2023-03-10T19:51:01.440+0000] {dagbag.py:537} INFO - Filling up the DagBag from /home/airflow/.local/lib/python3.7/site-packages/airflow/example_dags/tutorial.py
[2023-03-10T19:51:01.451+0000] {processor.py:766} INFO - DAG(s) dict_keys(['tutorial']) retrieved from /home/airflow/.local/lib/python3.7/site-packages/airflow/example_dags/tutorial.py
[2023-03-10T19:51:01.477+0000] {logging_mixin.py:137} INFO - [2023-03-10T19:51:01.477+0000] {dag.py:2585} INFO - Sync 1 DAGs
[2023-03-10T19:51:01.491+0000] {logging_mixin.py:137} INFO - [2023-03-10T19:51:01.491+0000] {dag.py:3340} INFO - Setting next_dagrun for tutorial to 2023-03-09T19:51:01.491658+00:00, run_after=2023-03-10T19:51:01.491658+00:00
[2023-03-10T19:51:01.506+0000] {processor.py:176} INFO - Processing /home/airflow/.local/lib/python3.7/site-packages/airflow/example_dags/tutorial.py took 0.072 seconds
[2023-03-10T19:51:32.055+0000] {processor.py:154} INFO - Started process (PID=173) to work on /home/airflow/.local/lib/python3.7/site-packages/airflow/example_dags/tutorial.py
[2023-03-10T19:51:32.057+0000] {processor.py:756} INFO - Processing file /home/airflow/.local/lib/python3.7/site-packages/airflow/example_dags/tutorial.py for tasks to queue
[2023-03-10T19:51:32.058+0000] {logging_mixin.py:137} INFO - [2023-03-10T19:51:32.058+0000] {dagbag.py:537} INFO - Filling up the DagBag from /home/airflow/.local/lib/python3.7/site-packages/airflow/example_dags/tutorial.py
[2023-03-10T19:51:32.068+0000] {processor.py:766} INFO - DAG(s) dict_keys(['tutorial']) retrieved from /home/airflow/.local/lib/python3.7/site-packages/airflow/example_dags/tutorial.py
[2023-03-10T19:51:32.095+0000] {logging_mixin.py:137} INFO - [2023-03-10T19:51:32.095+0000] {dag.py:2585} INFO - Sync 1 DAGs
[2023-03-10T19:51:32.111+0000] {logging_mixin.py:137} INFO - [2023-03-10T19:51:32.111+0000] {dag.py:3340} INFO - Setting next_dagrun for tutorial to 2023-03-09T19:51:32.110844+00:00, run_after=2023-03-10T19:51:32.110844+00:00
[2023-03-10T19:51:32.124+0000] {processor.py:176} INFO - Processing /home/airflow/.local/lib/python3.7/site-packages/airflow/example_dags/tutorial.py took 0.071 seconds
[2023-03-10T19:52:02.559+0000] {processor.py:154} INFO - Started process (PID=237) to work on /home/airflow/.local/lib/python3.7/site-packages/airflow/example_dags/tutorial.py
[2023-03-10T19:52:02.560+0000] {processor.py:756} INFO - Processing file /home/airflow/.local/lib/python3.7/site-packages/airflow/example_dags/tutorial.py for tasks to queue
[2023-03-10T19:52:02.563+0000] {logging_mixin.py:137} INFO - [2023-03-10T19:52:02.563+0000] {dagbag.py:537} INFO - Filling up the DagBag from /home/airflow/.local/lib/python3.7/site-packages/airflow/example_dags/tutorial.py
[2023-03-10T19:52:02.572+0000] {processor.py:766} INFO - DAG(s) dict_keys(['tutorial']) retrieved from /home/airflow/.local/lib/python3.7/site-packages/airflow/example_dags/tutorial.py
[2023-03-10T19:52:02.598+0000] {logging_mixin.py:137} INFO - [2023-03-10T19:52:02.598+0000] {dag.py:2585} INFO - Sync 1 DAGs
[2023-03-10T19:52:02.613+0000] {logging_mixin.py:137} INFO - [2023-03-10T19:52:02.613+0000] {dag.py:3340} INFO - Setting next_dagrun for tutorial to 2023-03-09T19:52:02.612883+00:00, run_after=2023-03-10T19:52:02.612883+00:00
[2023-03-10T19:52:02.628+0000] {processor.py:176} INFO - Processing /home/airflow/.local/lib/python3.7/site-packages/airflow/example_dags/tutorial.py took 0.072 seconds
[2023-03-10T19:52:33.833+0000] {processor.py:154} INFO - Started process (PID=302) to work on /home/airflow/.local/lib/python3.7/site-packages/airflow/example_dags/tutorial.py
[2023-03-10T19:52:33.838+0000] {processor.py:756} INFO - Processing file /home/airflow/.local/lib/python3.7/site-packages/airflow/example_dags/tutorial.py for tasks to queue
[2023-03-10T19:52:33.840+0000] {logging_mixin.py:137} INFO - [2023-03-10T19:52:33.840+0000] {dagbag.py:537} INFO - Filling up the DagBag from /home/airflow/.local/lib/python3.7/site-packages/airflow/example_dags/tutorial.py
[2023-03-10T19:52:33.859+0000] {processor.py:766} INFO - DAG(s) dict_keys(['tutorial']) retrieved from /home/airflow/.local/lib/python3.7/site-packages/airflow/example_dags/tutorial.py
[2023-03-10T19:52:33.892+0000] {logging_mixin.py:137} INFO - [2023-03-10T19:52:33.892+0000] {dag.py:2585} INFO - Sync 1 DAGs
[2023-03-10T19:52:33.911+0000] {logging_mixin.py:137} INFO - [2023-03-10T19:52:33.911+0000] {dag.py:3340} INFO - Setting next_dagrun for tutorial to 2023-03-09T19:52:33.911357+00:00, run_after=2023-03-10T19:52:33.911357+00:00
[2023-03-10T19:52:33.926+0000] {processor.py:176} INFO - Processing /home/airflow/.local/lib/python3.7/site-packages/airflow/example_dags/tutorial.py took 0.096 seconds
[2023-03-10T19:53:04.490+0000] {processor.py:154} INFO - Started process (PID=358) to work on /home/airflow/.local/lib/python3.7/site-packages/airflow/example_dags/tutorial.py
[2023-03-10T19:53:04.491+0000] {processor.py:756} INFO - Processing file /home/airflow/.local/lib/python3.7/site-packages/airflow/example_dags/tutorial.py for tasks to queue
[2023-03-10T19:53:04.492+0000] {logging_mixin.py:137} INFO - [2023-03-10T19:53:04.492+0000] {dagbag.py:537} INFO - Filling up the DagBag from /home/airflow/.local/lib/python3.7/site-packages/airflow/example_dags/tutorial.py
[2023-03-10T19:53:04.503+0000] {processor.py:766} INFO - DAG(s) dict_keys(['tutorial']) retrieved from /home/airflow/.local/lib/python3.7/site-packages/airflow/example_dags/tutorial.py
[2023-03-10T19:53:04.529+0000] {logging_mixin.py:137} INFO - [2023-03-10T19:53:04.529+0000] {dag.py:2585} INFO - Sync 1 DAGs
[2023-03-10T19:53:04.545+0000] {logging_mixin.py:137} INFO - [2023-03-10T19:53:04.545+0000] {dag.py:3340} INFO - Setting next_dagrun for tutorial to 2023-03-09T19:53:04.544932+00:00, run_after=2023-03-10T19:53:04.544932+00:00
[2023-03-10T19:53:04.558+0000] {processor.py:176} INFO - Processing /home/airflow/.local/lib/python3.7/site-packages/airflow/example_dags/tutorial.py took 0.071 seconds
[2023-03-10T19:53:34.731+0000] {processor.py:154} INFO - Started process (PID=421) to work on /home/airflow/.local/lib/python3.7/site-packages/airflow/example_dags/tutorial.py
[2023-03-10T19:53:34.733+0000] {processor.py:756} INFO - Processing file /home/airflow/.local/lib/python3.7/site-packages/airflow/example_dags/tutorial.py for tasks to queue
[2023-03-10T19:53:34.734+0000] {logging_mixin.py:137} INFO - [2023-03-10T19:53:34.734+0000] {dagbag.py:537} INFO - Filling up the DagBag from /home/airflow/.local/lib/python3.7/site-packages/airflow/example_dags/tutorial.py
[2023-03-10T19:53:34.746+0000] {processor.py:766} INFO - DAG(s) dict_keys(['tutorial']) retrieved from /home/airflow/.local/lib/python3.7/site-packages/airflow/example_dags/tutorial.py
[2023-03-10T19:53:34.776+0000] {logging_mixin.py:137} INFO - [2023-03-10T19:53:34.776+0000] {dag.py:2585} INFO - Sync 1 DAGs
[2023-03-10T19:53:34.793+0000] {logging_mixin.py:137} INFO - [2023-03-10T19:53:34.793+0000] {dag.py:3340} INFO - Setting next_dagrun for tutorial to 2023-03-09T19:53:34.792789+00:00, run_after=2023-03-10T19:53:34.792789+00:00
[2023-03-10T19:53:34.805+0000] {processor.py:176} INFO - Processing /home/airflow/.local/lib/python3.7/site-packages/airflow/example_dags/tutorial.py took 0.076 seconds
[2023-03-10T19:54:05.569+0000] {processor.py:154} INFO - Started process (PID=485) to work on /home/airflow/.local/lib/python3.7/site-packages/airflow/example_dags/tutorial.py
[2023-03-10T19:54:05.571+0000] {processor.py:756} INFO - Processing file /home/airflow/.local/lib/python3.7/site-packages/airflow/example_dags/tutorial.py for tasks to queue
[2023-03-10T19:54:05.572+0000] {logging_mixin.py:137} INFO - [2023-03-10T19:54:05.572+0000] {dagbag.py:537} INFO - Filling up the DagBag from /home/airflow/.local/lib/python3.7/site-packages/airflow/example_dags/tutorial.py
[2023-03-10T19:54:05.582+0000] {processor.py:766} INFO - DAG(s) dict_keys(['tutorial']) retrieved from /home/airflow/.local/lib/python3.7/site-packages/airflow/example_dags/tutorial.py
[2023-03-10T19:54:05.610+0000] {logging_mixin.py:137} INFO - [2023-03-10T19:54:05.610+0000] {dag.py:2585} INFO - Sync 1 DAGs
[2023-03-10T19:54:05.627+0000] {logging_mixin.py:137} INFO - [2023-03-10T19:54:05.627+0000] {dag.py:3340} INFO - Setting next_dagrun for tutorial to 2023-03-09T19:54:05.627380+00:00, run_after=2023-03-10T19:54:05.627380+00:00
[2023-03-10T19:54:05.641+0000] {processor.py:176} INFO - Processing /home/airflow/.local/lib/python3.7/site-packages/airflow/example_dags/tutorial.py took 0.074 seconds
[2023-03-10T19:54:36.246+0000] {processor.py:154} INFO - Started process (PID=549) to work on /home/airflow/.local/lib/python3.7/site-packages/airflow/example_dags/tutorial.py
[2023-03-10T19:54:36.248+0000] {processor.py:756} INFO - Processing file /home/airflow/.local/lib/python3.7/site-packages/airflow/example_dags/tutorial.py for tasks to queue
[2023-03-10T19:54:36.251+0000] {logging_mixin.py:137} INFO - [2023-03-10T19:54:36.251+0000] {dagbag.py:537} INFO - Filling up the DagBag from /home/airflow/.local/lib/python3.7/site-packages/airflow/example_dags/tutorial.py
[2023-03-10T19:54:36.264+0000] {processor.py:766} INFO - DAG(s) dict_keys(['tutorial']) retrieved from /home/airflow/.local/lib/python3.7/site-packages/airflow/example_dags/tutorial.py
[2023-03-10T19:54:36.303+0000] {logging_mixin.py:137} INFO - [2023-03-10T19:54:36.303+0000] {dag.py:2585} INFO - Sync 1 DAGs
[2023-03-10T19:54:36.318+0000] {logging_mixin.py:137} INFO - [2023-03-10T19:54:36.318+0000] {dag.py:3340} INFO - Setting next_dagrun for tutorial to 2023-03-09T19:54:36.317920+00:00, run_after=2023-03-10T19:54:36.317920+00:00
[2023-03-10T19:54:36.330+0000] {processor.py:176} INFO - Processing /home/airflow/.local/lib/python3.7/site-packages/airflow/example_dags/tutorial.py took 0.087 seconds
[2023-03-10T19:55:06.998+0000] {processor.py:154} INFO - Started process (PID=604) to work on /home/airflow/.local/lib/python3.7/site-packages/airflow/example_dags/tutorial.py
[2023-03-10T19:55:07.000+0000] {processor.py:756} INFO - Processing file /home/airflow/.local/lib/python3.7/site-packages/airflow/example_dags/tutorial.py for tasks to queue
[2023-03-10T19:55:07.040+0000] {logging_mixin.py:137} INFO - [2023-03-10T19:55:07.040+0000] {dagbag.py:537} INFO - Filling up the DagBag from /home/airflow/.local/lib/python3.7/site-packages/airflow/example_dags/tutorial.py
[2023-03-10T19:55:07.058+0000] {processor.py:766} INFO - DAG(s) dict_keys(['tutorial']) retrieved from /home/airflow/.local/lib/python3.7/site-packages/airflow/example_dags/tutorial.py
[2023-03-10T19:55:07.088+0000] {logging_mixin.py:137} INFO - [2023-03-10T19:55:07.088+0000] {dag.py:2585} INFO - Sync 1 DAGs
[2023-03-10T19:55:07.111+0000] {logging_mixin.py:137} INFO - [2023-03-10T19:55:07.111+0000] {dag.py:3340} INFO - Setting next_dagrun for tutorial to 2023-03-09T19:55:07.111352+00:00, run_after=2023-03-10T19:55:07.111352+00:00
[2023-03-10T19:55:07.129+0000] {processor.py:176} INFO - Processing /home/airflow/.local/lib/python3.7/site-packages/airflow/example_dags/tutorial.py took 0.133 seconds
[2023-03-10T19:55:37.997+0000] {processor.py:154} INFO - Started process (PID=666) to work on /home/airflow/.local/lib/python3.7/site-packages/airflow/example_dags/tutorial.py
[2023-03-10T19:55:37.998+0000] {processor.py:756} INFO - Processing file /home/airflow/.local/lib/python3.7/site-packages/airflow/example_dags/tutorial.py for tasks to queue
[2023-03-10T19:55:38.000+0000] {logging_mixin.py:137} INFO - [2023-03-10T19:55:38.000+0000] {dagbag.py:537} INFO - Filling up the DagBag from /home/airflow/.local/lib/python3.7/site-packages/airflow/example_dags/tutorial.py
[2023-03-10T19:55:38.009+0000] {processor.py:766} INFO - DAG(s) dict_keys(['tutorial']) retrieved from /home/airflow/.local/lib/python3.7/site-packages/airflow/example_dags/tutorial.py
[2023-03-10T19:55:38.035+0000] {logging_mixin.py:137} INFO - [2023-03-10T19:55:38.035+0000] {dag.py:2585} INFO - Sync 1 DAGs
[2023-03-10T19:55:38.055+0000] {logging_mixin.py:137} INFO - [2023-03-10T19:55:38.055+0000] {dag.py:3340} INFO - Setting next_dagrun for tutorial to 2023-03-09T19:55:38.054860+00:00, run_after=2023-03-10T19:55:38.054860+00:00
[2023-03-10T19:55:38.069+0000] {processor.py:176} INFO - Processing /home/airflow/.local/lib/python3.7/site-packages/airflow/example_dags/tutorial.py took 0.075 seconds
[2023-03-10T19:56:08.577+0000] {processor.py:154} INFO - Started process (PID=730) to work on /home/airflow/.local/lib/python3.7/site-packages/airflow/example_dags/tutorial.py
[2023-03-10T19:56:08.578+0000] {processor.py:756} INFO - Processing file /home/airflow/.local/lib/python3.7/site-packages/airflow/example_dags/tutorial.py for tasks to queue
[2023-03-10T19:56:08.579+0000] {logging_mixin.py:137} INFO - [2023-03-10T19:56:08.579+0000] {dagbag.py:537} INFO - Filling up the DagBag from /home/airflow/.local/lib/python3.7/site-packages/airflow/example_dags/tutorial.py
[2023-03-10T19:56:08.589+0000] {processor.py:766} INFO - DAG(s) dict_keys(['tutorial']) retrieved from /home/airflow/.local/lib/python3.7/site-packages/airflow/example_dags/tutorial.py
[2023-03-10T19:56:08.614+0000] {logging_mixin.py:137} INFO - [2023-03-10T19:56:08.613+0000] {dag.py:2585} INFO - Sync 1 DAGs
[2023-03-10T19:56:08.627+0000] {logging_mixin.py:137} INFO - [2023-03-10T19:56:08.627+0000] {dag.py:3340} INFO - Setting next_dagrun for tutorial to 2023-03-09T19:56:08.627338+00:00, run_after=2023-03-10T19:56:08.627338+00:00
[2023-03-10T19:56:08.638+0000] {processor.py:176} INFO - Processing /home/airflow/.local/lib/python3.7/site-packages/airflow/example_dags/tutorial.py took 0.063 seconds
[2023-03-10T19:56:39.480+0000] {processor.py:154} INFO - Started process (PID=794) to work on /home/airflow/.local/lib/python3.7/site-packages/airflow/example_dags/tutorial.py
[2023-03-10T19:56:39.482+0000] {processor.py:756} INFO - Processing file /home/airflow/.local/lib/python3.7/site-packages/airflow/example_dags/tutorial.py for tasks to queue
[2023-03-10T19:56:39.483+0000] {logging_mixin.py:137} INFO - [2023-03-10T19:56:39.483+0000] {dagbag.py:537} INFO - Filling up the DagBag from /home/airflow/.local/lib/python3.7/site-packages/airflow/example_dags/tutorial.py
[2023-03-10T19:56:39.496+0000] {processor.py:766} INFO - DAG(s) dict_keys(['tutorial']) retrieved from /home/airflow/.local/lib/python3.7/site-packages/airflow/example_dags/tutorial.py
[2023-03-10T19:56:39.525+0000] {logging_mixin.py:137} INFO - [2023-03-10T19:56:39.525+0000] {dag.py:2585} INFO - Sync 1 DAGs
[2023-03-10T19:56:39.540+0000] {logging_mixin.py:137} INFO - [2023-03-10T19:56:39.540+0000] {dag.py:3340} INFO - Setting next_dagrun for tutorial to 2023-03-09T19:56:39.540599+00:00, run_after=2023-03-10T19:56:39.540599+00:00
[2023-03-10T19:56:39.554+0000] {processor.py:176} INFO - Processing /home/airflow/.local/lib/python3.7/site-packages/airflow/example_dags/tutorial.py took 0.077 seconds
[2023-03-10T19:57:10.250+0000] {processor.py:154} INFO - Started process (PID=857) to work on /home/airflow/.local/lib/python3.7/site-packages/airflow/example_dags/tutorial.py
[2023-03-10T19:57:10.253+0000] {processor.py:756} INFO - Processing file /home/airflow/.local/lib/python3.7/site-packages/airflow/example_dags/tutorial.py for tasks to queue
[2023-03-10T19:57:10.254+0000] {logging_mixin.py:137} INFO - [2023-03-10T19:57:10.254+0000] {dagbag.py:537} INFO - Filling up the DagBag from /home/airflow/.local/lib/python3.7/site-packages/airflow/example_dags/tutorial.py
[2023-03-10T19:57:10.265+0000] {processor.py:766} INFO - DAG(s) dict_keys(['tutorial']) retrieved from /home/airflow/.local/lib/python3.7/site-packages/airflow/example_dags/tutorial.py
[2023-03-10T19:57:10.295+0000] {logging_mixin.py:137} INFO - [2023-03-10T19:57:10.295+0000] {dag.py:2585} INFO - Sync 1 DAGs
[2023-03-10T19:57:10.312+0000] {logging_mixin.py:137} INFO - [2023-03-10T19:57:10.312+0000] {dag.py:3340} INFO - Setting next_dagrun for tutorial to 2023-03-09T19:57:10.312093+00:00, run_after=2023-03-10T19:57:10.312093+00:00
[2023-03-10T19:57:10.328+0000] {processor.py:176} INFO - Processing /home/airflow/.local/lib/python3.7/site-packages/airflow/example_dags/tutorial.py took 0.082 seconds
[2023-03-10T19:57:41.313+0000] {processor.py:154} INFO - Started process (PID=920) to work on /home/airflow/.local/lib/python3.7/site-packages/airflow/example_dags/tutorial.py
[2023-03-10T19:57:41.315+0000] {processor.py:756} INFO - Processing file /home/airflow/.local/lib/python3.7/site-packages/airflow/example_dags/tutorial.py for tasks to queue
[2023-03-10T19:57:41.316+0000] {logging_mixin.py:137} INFO - [2023-03-10T19:57:41.316+0000] {dagbag.py:537} INFO - Filling up the DagBag from /home/airflow/.local/lib/python3.7/site-packages/airflow/example_dags/tutorial.py
[2023-03-10T19:57:41.326+0000] {processor.py:766} INFO - DAG(s) dict_keys(['tutorial']) retrieved from /home/airflow/.local/lib/python3.7/site-packages/airflow/example_dags/tutorial.py
[2023-03-10T19:57:41.351+0000] {logging_mixin.py:137} INFO - [2023-03-10T19:57:41.351+0000] {dag.py:2585} INFO - Sync 1 DAGs
[2023-03-10T19:57:41.366+0000] {logging_mixin.py:137} INFO - [2023-03-10T19:57:41.366+0000] {dag.py:3340} INFO - Setting next_dagrun for tutorial to 2023-03-09T19:57:41.366414+00:00, run_after=2023-03-10T19:57:41.366414+00:00
[2023-03-10T19:57:41.377+0000] {processor.py:176} INFO - Processing /home/airflow/.local/lib/python3.7/site-packages/airflow/example_dags/tutorial.py took 0.066 seconds
[2023-03-10T19:58:12.136+0000] {processor.py:154} INFO - Started process (PID=984) to work on /home/airflow/.local/lib/python3.7/site-packages/airflow/example_dags/tutorial.py
[2023-03-10T19:58:12.139+0000] {processor.py:756} INFO - Processing file /home/airflow/.local/lib/python3.7/site-packages/airflow/example_dags/tutorial.py for tasks to queue
[2023-03-10T19:58:12.148+0000] {logging_mixin.py:137} INFO - [2023-03-10T19:58:12.147+0000] {dagbag.py:537} INFO - Filling up the DagBag from /home/airflow/.local/lib/python3.7/site-packages/airflow/example_dags/tutorial.py
[2023-03-10T19:58:12.162+0000] {processor.py:766} INFO - DAG(s) dict_keys(['tutorial']) retrieved from /home/airflow/.local/lib/python3.7/site-packages/airflow/example_dags/tutorial.py
[2023-03-10T19:58:12.195+0000] {logging_mixin.py:137} INFO - [2023-03-10T19:58:12.195+0000] {dag.py:2585} INFO - Sync 1 DAGs
[2023-03-10T19:58:12.213+0000] {logging_mixin.py:137} INFO - [2023-03-10T19:58:12.213+0000] {dag.py:3340} INFO - Setting next_dagrun for tutorial to 2023-03-09T19:58:12.213213+00:00, run_after=2023-03-10T19:58:12.213213+00:00
[2023-03-10T19:58:12.228+0000] {processor.py:176} INFO - Processing /home/airflow/.local/lib/python3.7/site-packages/airflow/example_dags/tutorial.py took 0.094 seconds
[2023-03-10T19:58:42.897+0000] {processor.py:154} INFO - Started process (PID=1039) to work on /home/airflow/.local/lib/python3.7/site-packages/airflow/example_dags/tutorial.py
[2023-03-10T19:58:42.901+0000] {processor.py:756} INFO - Processing file /home/airflow/.local/lib/python3.7/site-packages/airflow/example_dags/tutorial.py for tasks to queue
[2023-03-10T19:58:42.902+0000] {logging_mixin.py:137} INFO - [2023-03-10T19:58:42.902+0000] {dagbag.py:537} INFO - Filling up the DagBag from /home/airflow/.local/lib/python3.7/site-packages/airflow/example_dags/tutorial.py
[2023-03-10T19:58:42.913+0000] {processor.py:766} INFO - DAG(s) dict_keys(['tutorial']) retrieved from /home/airflow/.local/lib/python3.7/site-packages/airflow/example_dags/tutorial.py
[2023-03-10T19:58:42.939+0000] {logging_mixin.py:137} INFO - [2023-03-10T19:58:42.939+0000] {dag.py:2585} INFO - Sync 1 DAGs
[2023-03-10T19:58:42.954+0000] {logging_mixin.py:137} INFO - [2023-03-10T19:58:42.954+0000] {dag.py:3340} INFO - Setting next_dagrun for tutorial to 2023-03-09T19:58:42.954424+00:00, run_after=2023-03-10T19:58:42.954424+00:00
[2023-03-10T19:58:42.968+0000] {processor.py:176} INFO - Processing /home/airflow/.local/lib/python3.7/site-packages/airflow/example_dags/tutorial.py took 0.073 seconds
[2023-03-10T19:59:13.815+0000] {processor.py:154} INFO - Started process (PID=1103) to work on /home/airflow/.local/lib/python3.7/site-packages/airflow/example_dags/tutorial.py
[2023-03-10T19:59:13.816+0000] {processor.py:756} INFO - Processing file /home/airflow/.local/lib/python3.7/site-packages/airflow/example_dags/tutorial.py for tasks to queue
[2023-03-10T19:59:13.817+0000] {logging_mixin.py:137} INFO - [2023-03-10T19:59:13.817+0000] {dagbag.py:537} INFO - Filling up the DagBag from /home/airflow/.local/lib/python3.7/site-packages/airflow/example_dags/tutorial.py
[2023-03-10T19:59:13.828+0000] {processor.py:766} INFO - DAG(s) dict_keys(['tutorial']) retrieved from /home/airflow/.local/lib/python3.7/site-packages/airflow/example_dags/tutorial.py
[2023-03-10T19:59:13.858+0000] {logging_mixin.py:137} INFO - [2023-03-10T19:59:13.858+0000] {dag.py:2585} INFO - Sync 1 DAGs
[2023-03-10T19:59:13.873+0000] {logging_mixin.py:137} INFO - [2023-03-10T19:59:13.873+0000] {dag.py:3340} INFO - Setting next_dagrun for tutorial to 2023-03-09T19:59:13.873410+00:00, run_after=2023-03-10T19:59:13.873410+00:00
[2023-03-10T19:59:13.887+0000] {processor.py:176} INFO - Processing /home/airflow/.local/lib/python3.7/site-packages/airflow/example_dags/tutorial.py took 0.074 seconds
[2023-03-10T19:59:44.695+0000] {processor.py:154} INFO - Started process (PID=1167) to work on /home/airflow/.local/lib/python3.7/site-packages/airflow/example_dags/tutorial.py
[2023-03-10T19:59:44.703+0000] {processor.py:756} INFO - Processing file /home/airflow/.local/lib/python3.7/site-packages/airflow/example_dags/tutorial.py for tasks to queue
[2023-03-10T19:59:44.708+0000] {logging_mixin.py:137} INFO - [2023-03-10T19:59:44.708+0000] {dagbag.py:537} INFO - Filling up the DagBag from /home/airflow/.local/lib/python3.7/site-packages/airflow/example_dags/tutorial.py
[2023-03-10T19:59:44.728+0000] {processor.py:766} INFO - DAG(s) dict_keys(['tutorial']) retrieved from /home/airflow/.local/lib/python3.7/site-packages/airflow/example_dags/tutorial.py
[2023-03-10T19:59:44.784+0000] {logging_mixin.py:137} INFO - [2023-03-10T19:59:44.784+0000] {dag.py:2585} INFO - Sync 1 DAGs
[2023-03-10T19:59:44.813+0000] {logging_mixin.py:137} INFO - [2023-03-10T19:59:44.813+0000] {dag.py:3340} INFO - Setting next_dagrun for tutorial to 2023-03-09T19:59:44.812876+00:00, run_after=2023-03-10T19:59:44.812876+00:00
[2023-03-10T19:59:44.853+0000] {processor.py:176} INFO - Processing /home/airflow/.local/lib/python3.7/site-packages/airflow/example_dags/tutorial.py took 0.164 seconds
[2023-03-10T20:00:15.367+0000] {processor.py:154} INFO - Started process (PID=1231) to work on /home/airflow/.local/lib/python3.7/site-packages/airflow/example_dags/tutorial.py
[2023-03-10T20:00:15.378+0000] {processor.py:756} INFO - Processing file /home/airflow/.local/lib/python3.7/site-packages/airflow/example_dags/tutorial.py for tasks to queue
[2023-03-10T20:00:15.381+0000] {logging_mixin.py:137} INFO - [2023-03-10T20:00:15.381+0000] {dagbag.py:537} INFO - Filling up the DagBag from /home/airflow/.local/lib/python3.7/site-packages/airflow/example_dags/tutorial.py
[2023-03-10T20:00:15.401+0000] {processor.py:766} INFO - DAG(s) dict_keys(['tutorial']) retrieved from /home/airflow/.local/lib/python3.7/site-packages/airflow/example_dags/tutorial.py
[2023-03-10T20:00:15.438+0000] {logging_mixin.py:137} INFO - [2023-03-10T20:00:15.438+0000] {dag.py:2585} INFO - Sync 1 DAGs
[2023-03-10T20:00:15.457+0000] {logging_mixin.py:137} INFO - [2023-03-10T20:00:15.457+0000] {dag.py:3340} INFO - Setting next_dagrun for tutorial to 2023-03-09T20:00:15.456942+00:00, run_after=2023-03-10T20:00:15.456942+00:00
[2023-03-10T20:00:15.470+0000] {processor.py:176} INFO - Processing /home/airflow/.local/lib/python3.7/site-packages/airflow/example_dags/tutorial.py took 0.108 seconds
[2023-03-10T20:00:46.498+0000] {processor.py:154} INFO - Started process (PID=1295) to work on /home/airflow/.local/lib/python3.7/site-packages/airflow/example_dags/tutorial.py
[2023-03-10T20:00:46.502+0000] {processor.py:756} INFO - Processing file /home/airflow/.local/lib/python3.7/site-packages/airflow/example_dags/tutorial.py for tasks to queue
[2023-03-10T20:00:46.504+0000] {logging_mixin.py:137} INFO - [2023-03-10T20:00:46.503+0000] {dagbag.py:537} INFO - Filling up the DagBag from /home/airflow/.local/lib/python3.7/site-packages/airflow/example_dags/tutorial.py
[2023-03-10T20:00:46.517+0000] {processor.py:766} INFO - DAG(s) dict_keys(['tutorial']) retrieved from /home/airflow/.local/lib/python3.7/site-packages/airflow/example_dags/tutorial.py
[2023-03-10T20:00:46.552+0000] {logging_mixin.py:137} INFO - [2023-03-10T20:00:46.552+0000] {dag.py:2585} INFO - Sync 1 DAGs
[2023-03-10T20:00:46.569+0000] {logging_mixin.py:137} INFO - [2023-03-10T20:00:46.569+0000] {dag.py:3340} INFO - Setting next_dagrun for tutorial to 2023-03-09T20:00:46.569439+00:00, run_after=2023-03-10T20:00:46.569439+00:00
[2023-03-10T20:00:46.582+0000] {processor.py:176} INFO - Processing /home/airflow/.local/lib/python3.7/site-packages/airflow/example_dags/tutorial.py took 0.088 seconds
[2023-03-10T20:01:17.091+0000] {processor.py:154} INFO - Started process (PID=1350) to work on /home/airflow/.local/lib/python3.7/site-packages/airflow/example_dags/tutorial.py
[2023-03-10T20:01:17.093+0000] {processor.py:756} INFO - Processing file /home/airflow/.local/lib/python3.7/site-packages/airflow/example_dags/tutorial.py for tasks to queue
[2023-03-10T20:01:17.095+0000] {logging_mixin.py:137} INFO - [2023-03-10T20:01:17.094+0000] {dagbag.py:537} INFO - Filling up the DagBag from /home/airflow/.local/lib/python3.7/site-packages/airflow/example_dags/tutorial.py
[2023-03-10T20:01:17.106+0000] {processor.py:766} INFO - DAG(s) dict_keys(['tutorial']) retrieved from /home/airflow/.local/lib/python3.7/site-packages/airflow/example_dags/tutorial.py
[2023-03-10T20:01:17.134+0000] {logging_mixin.py:137} INFO - [2023-03-10T20:01:17.134+0000] {dag.py:2585} INFO - Sync 1 DAGs
[2023-03-10T20:01:17.149+0000] {logging_mixin.py:137} INFO - [2023-03-10T20:01:17.149+0000] {dag.py:3340} INFO - Setting next_dagrun for tutorial to 2023-03-09T20:01:17.149041+00:00, run_after=2023-03-10T20:01:17.149041+00:00
[2023-03-10T20:01:17.170+0000] {processor.py:176} INFO - Processing /home/airflow/.local/lib/python3.7/site-packages/airflow/example_dags/tutorial.py took 0.081 seconds
[2023-03-10T20:01:47.871+0000] {processor.py:154} INFO - Started process (PID=1415) to work on /home/airflow/.local/lib/python3.7/site-packages/airflow/example_dags/tutorial.py
[2023-03-10T20:01:47.874+0000] {processor.py:756} INFO - Processing file /home/airflow/.local/lib/python3.7/site-packages/airflow/example_dags/tutorial.py for tasks to queue
[2023-03-10T20:01:47.876+0000] {logging_mixin.py:137} INFO - [2023-03-10T20:01:47.876+0000] {dagbag.py:537} INFO - Filling up the DagBag from /home/airflow/.local/lib/python3.7/site-packages/airflow/example_dags/tutorial.py
[2023-03-10T20:01:47.890+0000] {processor.py:766} INFO - DAG(s) dict_keys(['tutorial']) retrieved from /home/airflow/.local/lib/python3.7/site-packages/airflow/example_dags/tutorial.py
[2023-03-10T20:01:47.931+0000] {logging_mixin.py:137} INFO - [2023-03-10T20:01:47.931+0000] {dag.py:2585} INFO - Sync 1 DAGs
[2023-03-10T20:01:47.951+0000] {logging_mixin.py:137} INFO - [2023-03-10T20:01:47.951+0000] {dag.py:3340} INFO - Setting next_dagrun for tutorial to 2023-03-09T20:01:47.951218+00:00, run_after=2023-03-10T20:01:47.951218+00:00
[2023-03-10T20:01:47.968+0000] {processor.py:176} INFO - Processing /home/airflow/.local/lib/python3.7/site-packages/airflow/example_dags/tutorial.py took 0.099 seconds
[2023-03-10T20:02:18.668+0000] {processor.py:154} INFO - Started process (PID=1480) to work on /home/airflow/.local/lib/python3.7/site-packages/airflow/example_dags/tutorial.py
[2023-03-10T20:02:18.670+0000] {processor.py:756} INFO - Processing file /home/airflow/.local/lib/python3.7/site-packages/airflow/example_dags/tutorial.py for tasks to queue
[2023-03-10T20:02:18.673+0000] {logging_mixin.py:137} INFO - [2023-03-10T20:02:18.673+0000] {dagbag.py:537} INFO - Filling up the DagBag from /home/airflow/.local/lib/python3.7/site-packages/airflow/example_dags/tutorial.py
[2023-03-10T20:02:18.683+0000] {processor.py:766} INFO - DAG(s) dict_keys(['tutorial']) retrieved from /home/airflow/.local/lib/python3.7/site-packages/airflow/example_dags/tutorial.py
[2023-03-10T20:02:18.711+0000] {logging_mixin.py:137} INFO - [2023-03-10T20:02:18.711+0000] {dag.py:2585} INFO - Sync 1 DAGs
[2023-03-10T20:02:18.727+0000] {logging_mixin.py:137} INFO - [2023-03-10T20:02:18.727+0000] {dag.py:3340} INFO - Setting next_dagrun for tutorial to 2023-03-09T20:02:18.727554+00:00, run_after=2023-03-10T20:02:18.727554+00:00
[2023-03-10T20:02:18.740+0000] {processor.py:176} INFO - Processing /home/airflow/.local/lib/python3.7/site-packages/airflow/example_dags/tutorial.py took 0.074 seconds
[2023-03-10T20:02:49.364+0000] {processor.py:154} INFO - Started process (PID=1543) to work on /home/airflow/.local/lib/python3.7/site-packages/airflow/example_dags/tutorial.py
[2023-03-10T20:02:49.366+0000] {processor.py:756} INFO - Processing file /home/airflow/.local/lib/python3.7/site-packages/airflow/example_dags/tutorial.py for tasks to queue
[2023-03-10T20:02:49.367+0000] {logging_mixin.py:137} INFO - [2023-03-10T20:02:49.367+0000] {dagbag.py:537} INFO - Filling up the DagBag from /home/airflow/.local/lib/python3.7/site-packages/airflow/example_dags/tutorial.py
[2023-03-10T20:02:49.378+0000] {processor.py:766} INFO - DAG(s) dict_keys(['tutorial']) retrieved from /home/airflow/.local/lib/python3.7/site-packages/airflow/example_dags/tutorial.py
[2023-03-10T20:02:49.408+0000] {logging_mixin.py:137} INFO - [2023-03-10T20:02:49.408+0000] {dag.py:2585} INFO - Sync 1 DAGs
[2023-03-10T20:02:49.424+0000] {logging_mixin.py:137} INFO - [2023-03-10T20:02:49.424+0000] {dag.py:3340} INFO - Setting next_dagrun for tutorial to 2023-03-09T20:02:49.423896+00:00, run_after=2023-03-10T20:02:49.423896+00:00
[2023-03-10T20:02:49.438+0000] {processor.py:176} INFO - Processing /home/airflow/.local/lib/python3.7/site-packages/airflow/example_dags/tutorial.py took 0.076 seconds
[2023-03-10T20:03:20.141+0000] {processor.py:154} INFO - Started process (PID=1605) to work on /home/airflow/.local/lib/python3.7/site-packages/airflow/example_dags/tutorial.py
[2023-03-10T20:03:20.142+0000] {processor.py:756} INFO - Processing file /home/airflow/.local/lib/python3.7/site-packages/airflow/example_dags/tutorial.py for tasks to queue
[2023-03-10T20:03:20.143+0000] {logging_mixin.py:137} INFO - [2023-03-10T20:03:20.143+0000] {dagbag.py:537} INFO - Filling up the DagBag from /home/airflow/.local/lib/python3.7/site-packages/airflow/example_dags/tutorial.py
[2023-03-10T20:03:20.153+0000] {processor.py:766} INFO - DAG(s) dict_keys(['tutorial']) retrieved from /home/airflow/.local/lib/python3.7/site-packages/airflow/example_dags/tutorial.py
[2023-03-10T20:03:20.179+0000] {logging_mixin.py:137} INFO - [2023-03-10T20:03:20.179+0000] {dag.py:2585} INFO - Sync 1 DAGs
[2023-03-10T20:03:20.195+0000] {logging_mixin.py:137} INFO - [2023-03-10T20:03:20.195+0000] {dag.py:3340} INFO - Setting next_dagrun for tutorial to 2023-03-09T20:03:20.195349+00:00, run_after=2023-03-10T20:03:20.195349+00:00
[2023-03-10T20:03:20.207+0000] {processor.py:176} INFO - Processing /home/airflow/.local/lib/python3.7/site-packages/airflow/example_dags/tutorial.py took 0.069 seconds
[2023-03-10T20:03:50.943+0000] {processor.py:154} INFO - Started process (PID=1669) to work on /home/airflow/.local/lib/python3.7/site-packages/airflow/example_dags/tutorial.py
[2023-03-10T20:03:50.945+0000] {processor.py:756} INFO - Processing file /home/airflow/.local/lib/python3.7/site-packages/airflow/example_dags/tutorial.py for tasks to queue
[2023-03-10T20:03:50.947+0000] {logging_mixin.py:137} INFO - [2023-03-10T20:03:50.947+0000] {dagbag.py:537} INFO - Filling up the DagBag from /home/airflow/.local/lib/python3.7/site-packages/airflow/example_dags/tutorial.py
[2023-03-10T20:03:50.963+0000] {processor.py:766} INFO - DAG(s) dict_keys(['tutorial']) retrieved from /home/airflow/.local/lib/python3.7/site-packages/airflow/example_dags/tutorial.py
[2023-03-10T20:03:50.991+0000] {logging_mixin.py:137} INFO - [2023-03-10T20:03:50.991+0000] {dag.py:2585} INFO - Sync 1 DAGs
[2023-03-10T20:03:51.007+0000] {logging_mixin.py:137} INFO - [2023-03-10T20:03:51.007+0000] {dag.py:3340} INFO - Setting next_dagrun for tutorial to 2023-03-09T20:03:51.007703+00:00, run_after=2023-03-10T20:03:51.007703+00:00
[2023-03-10T20:03:51.019+0000] {processor.py:176} INFO - Processing /home/airflow/.local/lib/python3.7/site-packages/airflow/example_dags/tutorial.py took 0.078 seconds
[2023-03-10T20:04:21.683+0000] {processor.py:154} INFO - Started process (PID=1732) to work on /home/airflow/.local/lib/python3.7/site-packages/airflow/example_dags/tutorial.py
[2023-03-10T20:04:21.685+0000] {processor.py:756} INFO - Processing file /home/airflow/.local/lib/python3.7/site-packages/airflow/example_dags/tutorial.py for tasks to queue
[2023-03-10T20:04:21.686+0000] {logging_mixin.py:137} INFO - [2023-03-10T20:04:21.686+0000] {dagbag.py:537} INFO - Filling up the DagBag from /home/airflow/.local/lib/python3.7/site-packages/airflow/example_dags/tutorial.py
[2023-03-10T20:04:21.699+0000] {processor.py:766} INFO - DAG(s) dict_keys(['tutorial']) retrieved from /home/airflow/.local/lib/python3.7/site-packages/airflow/example_dags/tutorial.py
[2023-03-10T20:04:21.736+0000] {logging_mixin.py:137} INFO - [2023-03-10T20:04:21.735+0000] {dag.py:2585} INFO - Sync 1 DAGs
[2023-03-10T20:04:21.760+0000] {logging_mixin.py:137} INFO - [2023-03-10T20:04:21.760+0000] {dag.py:3340} INFO - Setting next_dagrun for tutorial to 2023-03-09T20:04:21.760535+00:00, run_after=2023-03-10T20:04:21.760535+00:00
[2023-03-10T20:04:21.780+0000] {processor.py:176} INFO - Processing /home/airflow/.local/lib/python3.7/site-packages/airflow/example_dags/tutorial.py took 0.100 seconds
[2023-03-10T20:04:52.362+0000] {processor.py:154} INFO - Started process (PID=1787) to work on /home/airflow/.local/lib/python3.7/site-packages/airflow/example_dags/tutorial.py
[2023-03-10T20:04:52.364+0000] {processor.py:756} INFO - Processing file /home/airflow/.local/lib/python3.7/site-packages/airflow/example_dags/tutorial.py for tasks to queue
[2023-03-10T20:04:52.366+0000] {logging_mixin.py:137} INFO - [2023-03-10T20:04:52.365+0000] {dagbag.py:537} INFO - Filling up the DagBag from /home/airflow/.local/lib/python3.7/site-packages/airflow/example_dags/tutorial.py
[2023-03-10T20:04:52.378+0000] {processor.py:766} INFO - DAG(s) dict_keys(['tutorial']) retrieved from /home/airflow/.local/lib/python3.7/site-packages/airflow/example_dags/tutorial.py
[2023-03-10T20:04:52.408+0000] {logging_mixin.py:137} INFO - [2023-03-10T20:04:52.408+0000] {dag.py:2585} INFO - Sync 1 DAGs
[2023-03-10T20:04:52.423+0000] {logging_mixin.py:137} INFO - [2023-03-10T20:04:52.423+0000] {dag.py:3340} INFO - Setting next_dagrun for tutorial to 2023-03-09T20:04:52.423734+00:00, run_after=2023-03-10T20:04:52.423734+00:00
[2023-03-10T20:04:52.439+0000] {processor.py:176} INFO - Processing /home/airflow/.local/lib/python3.7/site-packages/airflow/example_dags/tutorial.py took 0.079 seconds
[2023-03-10T20:05:23.072+0000] {processor.py:154} INFO - Started process (PID=1851) to work on /home/airflow/.local/lib/python3.7/site-packages/airflow/example_dags/tutorial.py
[2023-03-10T20:05:23.075+0000] {processor.py:756} INFO - Processing file /home/airflow/.local/lib/python3.7/site-packages/airflow/example_dags/tutorial.py for tasks to queue
[2023-03-10T20:05:23.076+0000] {logging_mixin.py:137} INFO - [2023-03-10T20:05:23.076+0000] {dagbag.py:537} INFO - Filling up the DagBag from /home/airflow/.local/lib/python3.7/site-packages/airflow/example_dags/tutorial.py
[2023-03-10T20:05:23.086+0000] {processor.py:766} INFO - DAG(s) dict_keys(['tutorial']) retrieved from /home/airflow/.local/lib/python3.7/site-packages/airflow/example_dags/tutorial.py
[2023-03-10T20:05:23.110+0000] {logging_mixin.py:137} INFO - [2023-03-10T20:05:23.110+0000] {dag.py:2585} INFO - Sync 1 DAGs
[2023-03-10T20:05:23.126+0000] {logging_mixin.py:137} INFO - [2023-03-10T20:05:23.126+0000] {dag.py:3340} INFO - Setting next_dagrun for tutorial to 2023-03-09T20:05:23.126350+00:00, run_after=2023-03-10T20:05:23.126350+00:00
[2023-03-10T20:05:23.143+0000] {processor.py:176} INFO - Processing /home/airflow/.local/lib/python3.7/site-packages/airflow/example_dags/tutorial.py took 0.073 seconds
[2023-03-10T20:05:54.119+0000] {processor.py:154} INFO - Started process (PID=1915) to work on /home/airflow/.local/lib/python3.7/site-packages/airflow/example_dags/tutorial.py
[2023-03-10T20:05:54.121+0000] {processor.py:756} INFO - Processing file /home/airflow/.local/lib/python3.7/site-packages/airflow/example_dags/tutorial.py for tasks to queue
[2023-03-10T20:05:54.122+0000] {logging_mixin.py:137} INFO - [2023-03-10T20:05:54.122+0000] {dagbag.py:537} INFO - Filling up the DagBag from /home/airflow/.local/lib/python3.7/site-packages/airflow/example_dags/tutorial.py
[2023-03-10T20:05:54.133+0000] {processor.py:766} INFO - DAG(s) dict_keys(['tutorial']) retrieved from /home/airflow/.local/lib/python3.7/site-packages/airflow/example_dags/tutorial.py
[2023-03-10T20:05:54.158+0000] {logging_mixin.py:137} INFO - [2023-03-10T20:05:54.158+0000] {dag.py:2585} INFO - Sync 1 DAGs
[2023-03-10T20:05:54.175+0000] {logging_mixin.py:137} INFO - [2023-03-10T20:05:54.174+0000] {dag.py:3340} INFO - Setting next_dagrun for tutorial to 2023-03-09T20:05:54.174729+00:00, run_after=2023-03-10T20:05:54.174729+00:00
[2023-03-10T20:05:54.187+0000] {processor.py:176} INFO - Processing /home/airflow/.local/lib/python3.7/site-packages/airflow/example_dags/tutorial.py took 0.070 seconds
[2023-03-10T20:06:24.617+0000] {processor.py:154} INFO - Started process (PID=1979) to work on /home/airflow/.local/lib/python3.7/site-packages/airflow/example_dags/tutorial.py
[2023-03-10T20:06:24.619+0000] {processor.py:756} INFO - Processing file /home/airflow/.local/lib/python3.7/site-packages/airflow/example_dags/tutorial.py for tasks to queue
[2023-03-10T20:06:24.621+0000] {logging_mixin.py:137} INFO - [2023-03-10T20:06:24.621+0000] {dagbag.py:537} INFO - Filling up the DagBag from /home/airflow/.local/lib/python3.7/site-packages/airflow/example_dags/tutorial.py
[2023-03-10T20:06:24.633+0000] {processor.py:766} INFO - DAG(s) dict_keys(['tutorial']) retrieved from /home/airflow/.local/lib/python3.7/site-packages/airflow/example_dags/tutorial.py
[2023-03-10T20:06:24.666+0000] {logging_mixin.py:137} INFO - [2023-03-10T20:06:24.666+0000] {dag.py:2585} INFO - Sync 1 DAGs
[2023-03-10T20:06:24.684+0000] {logging_mixin.py:137} INFO - [2023-03-10T20:06:24.684+0000] {dag.py:3340} INFO - Setting next_dagrun for tutorial to 2023-03-09T20:06:24.684127+00:00, run_after=2023-03-10T20:06:24.684127+00:00
[2023-03-10T20:06:24.698+0000] {processor.py:176} INFO - Processing /home/airflow/.local/lib/python3.7/site-packages/airflow/example_dags/tutorial.py took 0.083 seconds
[2023-03-10T20:06:55.259+0000] {processor.py:154} INFO - Started process (PID=2043) to work on /home/airflow/.local/lib/python3.7/site-packages/airflow/example_dags/tutorial.py
[2023-03-10T20:06:55.262+0000] {processor.py:756} INFO - Processing file /home/airflow/.local/lib/python3.7/site-packages/airflow/example_dags/tutorial.py for tasks to queue
[2023-03-10T20:06:55.263+0000] {logging_mixin.py:137} INFO - [2023-03-10T20:06:55.263+0000] {dagbag.py:537} INFO - Filling up the DagBag from /home/airflow/.local/lib/python3.7/site-packages/airflow/example_dags/tutorial.py
[2023-03-10T20:06:55.273+0000] {processor.py:766} INFO - DAG(s) dict_keys(['tutorial']) retrieved from /home/airflow/.local/lib/python3.7/site-packages/airflow/example_dags/tutorial.py
[2023-03-10T20:06:55.302+0000] {logging_mixin.py:137} INFO - [2023-03-10T20:06:55.302+0000] {dag.py:2585} INFO - Sync 1 DAGs
[2023-03-10T20:06:55.320+0000] {logging_mixin.py:137} INFO - [2023-03-10T20:06:55.320+0000] {dag.py:3340} INFO - Setting next_dagrun for tutorial to 2023-03-09T20:06:55.320393+00:00, run_after=2023-03-10T20:06:55.320393+00:00
[2023-03-10T20:06:55.335+0000] {processor.py:176} INFO - Processing /home/airflow/.local/lib/python3.7/site-packages/airflow/example_dags/tutorial.py took 0.080 seconds
[2023-03-10T20:07:26.046+0000] {processor.py:154} INFO - Started process (PID=2097) to work on /home/airflow/.local/lib/python3.7/site-packages/airflow/example_dags/tutorial.py
[2023-03-10T20:07:26.049+0000] {processor.py:756} INFO - Processing file /home/airflow/.local/lib/python3.7/site-packages/airflow/example_dags/tutorial.py for tasks to queue
[2023-03-10T20:07:26.050+0000] {logging_mixin.py:137} INFO - [2023-03-10T20:07:26.050+0000] {dagbag.py:537} INFO - Filling up the DagBag from /home/airflow/.local/lib/python3.7/site-packages/airflow/example_dags/tutorial.py
[2023-03-10T20:07:26.062+0000] {processor.py:766} INFO - DAG(s) dict_keys(['tutorial']) retrieved from /home/airflow/.local/lib/python3.7/site-packages/airflow/example_dags/tutorial.py
[2023-03-10T20:07:26.094+0000] {logging_mixin.py:137} INFO - [2023-03-10T20:07:26.094+0000] {dag.py:2585} INFO - Sync 1 DAGs
[2023-03-10T20:07:26.113+0000] {logging_mixin.py:137} INFO - [2023-03-10T20:07:26.112+0000] {dag.py:3340} INFO - Setting next_dagrun for tutorial to 2023-03-09T20:07:26.112735+00:00, run_after=2023-03-10T20:07:26.112735+00:00
[2023-03-10T20:07:26.136+0000] {processor.py:176} INFO - Processing /home/airflow/.local/lib/python3.7/site-packages/airflow/example_dags/tutorial.py took 0.092 seconds
[2023-03-10T20:07:56.634+0000] {processor.py:154} INFO - Started process (PID=2161) to work on /home/airflow/.local/lib/python3.7/site-packages/airflow/example_dags/tutorial.py
[2023-03-10T20:07:56.636+0000] {processor.py:756} INFO - Processing file /home/airflow/.local/lib/python3.7/site-packages/airflow/example_dags/tutorial.py for tasks to queue
[2023-03-10T20:07:56.637+0000] {logging_mixin.py:137} INFO - [2023-03-10T20:07:56.637+0000] {dagbag.py:537} INFO - Filling up the DagBag from /home/airflow/.local/lib/python3.7/site-packages/airflow/example_dags/tutorial.py
[2023-03-10T20:07:56.649+0000] {processor.py:766} INFO - DAG(s) dict_keys(['tutorial']) retrieved from /home/airflow/.local/lib/python3.7/site-packages/airflow/example_dags/tutorial.py
[2023-03-10T20:07:56.675+0000] {logging_mixin.py:137} INFO - [2023-03-10T20:07:56.675+0000] {dag.py:2585} INFO - Sync 1 DAGs
[2023-03-10T20:07:56.691+0000] {logging_mixin.py:137} INFO - [2023-03-10T20:07:56.691+0000] {dag.py:3340} INFO - Setting next_dagrun for tutorial to 2023-03-09T20:07:56.691593+00:00, run_after=2023-03-10T20:07:56.691593+00:00
[2023-03-10T20:07:56.704+0000] {processor.py:176} INFO - Processing /home/airflow/.local/lib/python3.7/site-packages/airflow/example_dags/tutorial.py took 0.072 seconds
[2023-03-10T20:08:27.350+0000] {processor.py:154} INFO - Started process (PID=2224) to work on /home/airflow/.local/lib/python3.7/site-packages/airflow/example_dags/tutorial.py
[2023-03-10T20:08:27.351+0000] {processor.py:756} INFO - Processing file /home/airflow/.local/lib/python3.7/site-packages/airflow/example_dags/tutorial.py for tasks to queue
[2023-03-10T20:08:27.353+0000] {logging_mixin.py:137} INFO - [2023-03-10T20:08:27.353+0000] {dagbag.py:537} INFO - Filling up the DagBag from /home/airflow/.local/lib/python3.7/site-packages/airflow/example_dags/tutorial.py
[2023-03-10T20:08:27.366+0000] {processor.py:766} INFO - DAG(s) dict_keys(['tutorial']) retrieved from /home/airflow/.local/lib/python3.7/site-packages/airflow/example_dags/tutorial.py
[2023-03-10T20:08:27.394+0000] {logging_mixin.py:137} INFO - [2023-03-10T20:08:27.394+0000] {dag.py:2585} INFO - Sync 1 DAGs
[2023-03-10T20:08:27.409+0000] {logging_mixin.py:137} INFO - [2023-03-10T20:08:27.409+0000] {dag.py:3340} INFO - Setting next_dagrun for tutorial to 2023-03-09T20:08:27.408936+00:00, run_after=2023-03-10T20:08:27.408936+00:00
[2023-03-10T20:08:27.422+0000] {processor.py:176} INFO - Processing /home/airflow/.local/lib/python3.7/site-packages/airflow/example_dags/tutorial.py took 0.075 seconds
[2023-03-10T20:08:57.840+0000] {processor.py:154} INFO - Started process (PID=2289) to work on /home/airflow/.local/lib/python3.7/site-packages/airflow/example_dags/tutorial.py
[2023-03-10T20:08:57.841+0000] {processor.py:756} INFO - Processing file /home/airflow/.local/lib/python3.7/site-packages/airflow/example_dags/tutorial.py for tasks to queue
[2023-03-10T20:08:57.842+0000] {logging_mixin.py:137} INFO - [2023-03-10T20:08:57.842+0000] {dagbag.py:537} INFO - Filling up the DagBag from /home/airflow/.local/lib/python3.7/site-packages/airflow/example_dags/tutorial.py
[2023-03-10T20:08:57.852+0000] {processor.py:766} INFO - DAG(s) dict_keys(['tutorial']) retrieved from /home/airflow/.local/lib/python3.7/site-packages/airflow/example_dags/tutorial.py
[2023-03-10T20:08:57.878+0000] {logging_mixin.py:137} INFO - [2023-03-10T20:08:57.878+0000] {dag.py:2585} INFO - Sync 1 DAGs
[2023-03-10T20:08:57.893+0000] {logging_mixin.py:137} INFO - [2023-03-10T20:08:57.893+0000] {dag.py:3340} INFO - Setting next_dagrun for tutorial to 2023-03-09T20:08:57.893364+00:00, run_after=2023-03-10T20:08:57.893364+00:00
[2023-03-10T20:08:57.905+0000] {processor.py:176} INFO - Processing /home/airflow/.local/lib/python3.7/site-packages/airflow/example_dags/tutorial.py took 0.068 seconds
[2023-03-10T20:09:28.833+0000] {processor.py:154} INFO - Started process (PID=2352) to work on /home/airflow/.local/lib/python3.7/site-packages/airflow/example_dags/tutorial.py
[2023-03-10T20:09:28.835+0000] {processor.py:756} INFO - Processing file /home/airflow/.local/lib/python3.7/site-packages/airflow/example_dags/tutorial.py for tasks to queue
[2023-03-10T20:09:28.836+0000] {logging_mixin.py:137} INFO - [2023-03-10T20:09:28.836+0000] {dagbag.py:537} INFO - Filling up the DagBag from /home/airflow/.local/lib/python3.7/site-packages/airflow/example_dags/tutorial.py
[2023-03-10T20:09:28.847+0000] {processor.py:766} INFO - DAG(s) dict_keys(['tutorial']) retrieved from /home/airflow/.local/lib/python3.7/site-packages/airflow/example_dags/tutorial.py
[2023-03-10T20:09:28.875+0000] {logging_mixin.py:137} INFO - [2023-03-10T20:09:28.875+0000] {dag.py:2585} INFO - Sync 1 DAGs
[2023-03-10T20:09:28.892+0000] {logging_mixin.py:137} INFO - [2023-03-10T20:09:28.892+0000] {dag.py:3340} INFO - Setting next_dagrun for tutorial to 2023-03-09T20:09:28.892017+00:00, run_after=2023-03-10T20:09:28.892017+00:00
[2023-03-10T20:09:28.908+0000] {processor.py:176} INFO - Processing /home/airflow/.local/lib/python3.7/site-packages/airflow/example_dags/tutorial.py took 0.077 seconds
[2023-03-10T20:09:59.530+0000] {processor.py:154} INFO - Started process (PID=2417) to work on /home/airflow/.local/lib/python3.7/site-packages/airflow/example_dags/tutorial.py
[2023-03-10T20:09:59.531+0000] {processor.py:756} INFO - Processing file /home/airflow/.local/lib/python3.7/site-packages/airflow/example_dags/tutorial.py for tasks to queue
[2023-03-10T20:09:59.533+0000] {logging_mixin.py:137} INFO - [2023-03-10T20:09:59.532+0000] {dagbag.py:537} INFO - Filling up the DagBag from /home/airflow/.local/lib/python3.7/site-packages/airflow/example_dags/tutorial.py
[2023-03-10T20:09:59.547+0000] {processor.py:766} INFO - DAG(s) dict_keys(['tutorial']) retrieved from /home/airflow/.local/lib/python3.7/site-packages/airflow/example_dags/tutorial.py
[2023-03-10T20:09:59.579+0000] {logging_mixin.py:137} INFO - [2023-03-10T20:09:59.578+0000] {dag.py:2585} INFO - Sync 1 DAGs
[2023-03-10T20:09:59.596+0000] {logging_mixin.py:137} INFO - [2023-03-10T20:09:59.596+0000] {dag.py:3340} INFO - Setting next_dagrun for tutorial to 2023-03-09T20:09:59.596559+00:00, run_after=2023-03-10T20:09:59.596559+00:00
[2023-03-10T20:09:59.613+0000] {processor.py:176} INFO - Processing /home/airflow/.local/lib/python3.7/site-packages/airflow/example_dags/tutorial.py took 0.086 seconds
[2023-03-10T20:10:30.293+0000] {processor.py:154} INFO - Started process (PID=2472) to work on /home/airflow/.local/lib/python3.7/site-packages/airflow/example_dags/tutorial.py
[2023-03-10T20:10:30.295+0000] {processor.py:756} INFO - Processing file /home/airflow/.local/lib/python3.7/site-packages/airflow/example_dags/tutorial.py for tasks to queue
[2023-03-10T20:10:30.296+0000] {logging_mixin.py:137} INFO - [2023-03-10T20:10:30.296+0000] {dagbag.py:537} INFO - Filling up the DagBag from /home/airflow/.local/lib/python3.7/site-packages/airflow/example_dags/tutorial.py
[2023-03-10T20:10:30.307+0000] {processor.py:766} INFO - DAG(s) dict_keys(['tutorial']) retrieved from /home/airflow/.local/lib/python3.7/site-packages/airflow/example_dags/tutorial.py
[2023-03-10T20:10:30.336+0000] {logging_mixin.py:137} INFO - [2023-03-10T20:10:30.336+0000] {dag.py:2585} INFO - Sync 1 DAGs
[2023-03-10T20:10:30.353+0000] {logging_mixin.py:137} INFO - [2023-03-10T20:10:30.353+0000] {dag.py:3340} INFO - Setting next_dagrun for tutorial to 2023-03-09T20:10:30.352916+00:00, run_after=2023-03-10T20:10:30.352916+00:00
[2023-03-10T20:10:30.367+0000] {processor.py:176} INFO - Processing /home/airflow/.local/lib/python3.7/site-packages/airflow/example_dags/tutorial.py took 0.076 seconds
[2023-03-10T20:11:00.881+0000] {processor.py:154} INFO - Started process (PID=2536) to work on /home/airflow/.local/lib/python3.7/site-packages/airflow/example_dags/tutorial.py
[2023-03-10T20:11:00.883+0000] {processor.py:756} INFO - Processing file /home/airflow/.local/lib/python3.7/site-packages/airflow/example_dags/tutorial.py for tasks to queue
[2023-03-10T20:11:00.884+0000] {logging_mixin.py:137} INFO - [2023-03-10T20:11:00.884+0000] {dagbag.py:537} INFO - Filling up the DagBag from /home/airflow/.local/lib/python3.7/site-packages/airflow/example_dags/tutorial.py
[2023-03-10T20:11:00.896+0000] {processor.py:766} INFO - DAG(s) dict_keys(['tutorial']) retrieved from /home/airflow/.local/lib/python3.7/site-packages/airflow/example_dags/tutorial.py
[2023-03-10T20:11:00.923+0000] {logging_mixin.py:137} INFO - [2023-03-10T20:11:00.923+0000] {dag.py:2585} INFO - Sync 1 DAGs
[2023-03-10T20:11:00.938+0000] {logging_mixin.py:137} INFO - [2023-03-10T20:11:00.938+0000] {dag.py:3340} INFO - Setting next_dagrun for tutorial to 2023-03-09T20:11:00.938348+00:00, run_after=2023-03-10T20:11:00.938348+00:00
[2023-03-10T20:11:00.953+0000] {processor.py:176} INFO - Processing /home/airflow/.local/lib/python3.7/site-packages/airflow/example_dags/tutorial.py took 0.073 seconds
[2023-03-10T20:11:31.209+0000] {processor.py:154} INFO - Started process (PID=2599) to work on /home/airflow/.local/lib/python3.7/site-packages/airflow/example_dags/tutorial.py
[2023-03-10T20:11:31.211+0000] {processor.py:756} INFO - Processing file /home/airflow/.local/lib/python3.7/site-packages/airflow/example_dags/tutorial.py for tasks to queue
[2023-03-10T20:11:31.212+0000] {logging_mixin.py:137} INFO - [2023-03-10T20:11:31.212+0000] {dagbag.py:537} INFO - Filling up the DagBag from /home/airflow/.local/lib/python3.7/site-packages/airflow/example_dags/tutorial.py
[2023-03-10T20:11:31.222+0000] {processor.py:766} INFO - DAG(s) dict_keys(['tutorial']) retrieved from /home/airflow/.local/lib/python3.7/site-packages/airflow/example_dags/tutorial.py
[2023-03-10T20:11:31.246+0000] {logging_mixin.py:137} INFO - [2023-03-10T20:11:31.246+0000] {dag.py:2585} INFO - Sync 1 DAGs
[2023-03-10T20:11:31.262+0000] {logging_mixin.py:137} INFO - [2023-03-10T20:11:31.262+0000] {dag.py:3340} INFO - Setting next_dagrun for tutorial to 2023-03-09T20:11:31.262228+00:00, run_after=2023-03-10T20:11:31.262228+00:00
[2023-03-10T20:11:31.273+0000] {processor.py:176} INFO - Processing /home/airflow/.local/lib/python3.7/site-packages/airflow/example_dags/tutorial.py took 0.066 seconds
[2023-03-10T20:12:02.126+0000] {processor.py:154} INFO - Started process (PID=2661) to work on /home/airflow/.local/lib/python3.7/site-packages/airflow/example_dags/tutorial.py
[2023-03-10T20:12:02.128+0000] {processor.py:756} INFO - Processing file /home/airflow/.local/lib/python3.7/site-packages/airflow/example_dags/tutorial.py for tasks to queue
[2023-03-10T20:12:02.130+0000] {logging_mixin.py:137} INFO - [2023-03-10T20:12:02.130+0000] {dagbag.py:537} INFO - Filling up the DagBag from /home/airflow/.local/lib/python3.7/site-packages/airflow/example_dags/tutorial.py
[2023-03-10T20:12:02.140+0000] {processor.py:766} INFO - DAG(s) dict_keys(['tutorial']) retrieved from /home/airflow/.local/lib/python3.7/site-packages/airflow/example_dags/tutorial.py
[2023-03-10T20:12:02.169+0000] {logging_mixin.py:137} INFO - [2023-03-10T20:12:02.169+0000] {dag.py:2585} INFO - Sync 1 DAGs
[2023-03-10T20:12:02.186+0000] {logging_mixin.py:137} INFO - [2023-03-10T20:12:02.186+0000] {dag.py:3340} INFO - Setting next_dagrun for tutorial to 2023-03-09T20:12:02.186598+00:00, run_after=2023-03-10T20:12:02.186598+00:00
[2023-03-10T20:12:02.203+0000] {processor.py:176} INFO - Processing /home/airflow/.local/lib/python3.7/site-packages/airflow/example_dags/tutorial.py took 0.079 seconds
[2023-03-10T20:12:32.772+0000] {processor.py:154} INFO - Started process (PID=2725) to work on /home/airflow/.local/lib/python3.7/site-packages/airflow/example_dags/tutorial.py
[2023-03-10T20:12:32.773+0000] {processor.py:756} INFO - Processing file /home/airflow/.local/lib/python3.7/site-packages/airflow/example_dags/tutorial.py for tasks to queue
[2023-03-10T20:12:32.774+0000] {logging_mixin.py:137} INFO - [2023-03-10T20:12:32.774+0000] {dagbag.py:537} INFO - Filling up the DagBag from /home/airflow/.local/lib/python3.7/site-packages/airflow/example_dags/tutorial.py
[2023-03-10T20:12:32.786+0000] {processor.py:766} INFO - DAG(s) dict_keys(['tutorial']) retrieved from /home/airflow/.local/lib/python3.7/site-packages/airflow/example_dags/tutorial.py
[2023-03-10T20:12:32.815+0000] {logging_mixin.py:137} INFO - [2023-03-10T20:12:32.815+0000] {dag.py:2585} INFO - Sync 1 DAGs
[2023-03-10T20:12:32.832+0000] {logging_mixin.py:137} INFO - [2023-03-10T20:12:32.832+0000] {dag.py:3340} INFO - Setting next_dagrun for tutorial to 2023-03-09T20:12:32.832357+00:00, run_after=2023-03-10T20:12:32.832357+00:00
[2023-03-10T20:12:32.881+0000] {processor.py:176} INFO - Processing /home/airflow/.local/lib/python3.7/site-packages/airflow/example_dags/tutorial.py took 0.112 seconds
[2023-03-10T20:13:03.554+0000] {processor.py:154} INFO - Started process (PID=2788) to work on /home/airflow/.local/lib/python3.7/site-packages/airflow/example_dags/tutorial.py
[2023-03-10T20:13:03.562+0000] {processor.py:756} INFO - Processing file /home/airflow/.local/lib/python3.7/site-packages/airflow/example_dags/tutorial.py for tasks to queue
[2023-03-10T20:13:03.564+0000] {logging_mixin.py:137} INFO - [2023-03-10T20:13:03.564+0000] {dagbag.py:537} INFO - Filling up the DagBag from /home/airflow/.local/lib/python3.7/site-packages/airflow/example_dags/tutorial.py
[2023-03-10T20:13:03.579+0000] {processor.py:766} INFO - DAG(s) dict_keys(['tutorial']) retrieved from /home/airflow/.local/lib/python3.7/site-packages/airflow/example_dags/tutorial.py
[2023-03-10T20:13:03.609+0000] {logging_mixin.py:137} INFO - [2023-03-10T20:13:03.609+0000] {dag.py:2585} INFO - Sync 1 DAGs
[2023-03-10T20:13:03.628+0000] {logging_mixin.py:137} INFO - [2023-03-10T20:13:03.627+0000] {dag.py:3340} INFO - Setting next_dagrun for tutorial to 2023-03-09T20:13:03.627683+00:00, run_after=2023-03-10T20:13:03.627683+00:00
[2023-03-10T20:13:03.642+0000] {processor.py:176} INFO - Processing /home/airflow/.local/lib/python3.7/site-packages/airflow/example_dags/tutorial.py took 0.091 seconds
[2023-03-10T20:13:34.181+0000] {processor.py:154} INFO - Started process (PID=2843) to work on /home/airflow/.local/lib/python3.7/site-packages/airflow/example_dags/tutorial.py
[2023-03-10T20:13:34.183+0000] {processor.py:756} INFO - Processing file /home/airflow/.local/lib/python3.7/site-packages/airflow/example_dags/tutorial.py for tasks to queue
[2023-03-10T20:13:34.184+0000] {logging_mixin.py:137} INFO - [2023-03-10T20:13:34.184+0000] {dagbag.py:537} INFO - Filling up the DagBag from /home/airflow/.local/lib/python3.7/site-packages/airflow/example_dags/tutorial.py
[2023-03-10T20:13:34.195+0000] {processor.py:766} INFO - DAG(s) dict_keys(['tutorial']) retrieved from /home/airflow/.local/lib/python3.7/site-packages/airflow/example_dags/tutorial.py
[2023-03-10T20:13:34.222+0000] {logging_mixin.py:137} INFO - [2023-03-10T20:13:34.222+0000] {dag.py:2585} INFO - Sync 1 DAGs
[2023-03-10T20:13:34.237+0000] {logging_mixin.py:137} INFO - [2023-03-10T20:13:34.237+0000] {dag.py:3340} INFO - Setting next_dagrun for tutorial to 2023-03-09T20:13:34.237011+00:00, run_after=2023-03-10T20:13:34.237011+00:00
[2023-03-10T20:13:34.251+0000] {processor.py:176} INFO - Processing /home/airflow/.local/lib/python3.7/site-packages/airflow/example_dags/tutorial.py took 0.073 seconds
[2023-03-10T20:14:04.979+0000] {processor.py:154} INFO - Started process (PID=2907) to work on /home/airflow/.local/lib/python3.7/site-packages/airflow/example_dags/tutorial.py
[2023-03-10T20:14:04.981+0000] {processor.py:756} INFO - Processing file /home/airflow/.local/lib/python3.7/site-packages/airflow/example_dags/tutorial.py for tasks to queue
[2023-03-10T20:14:04.982+0000] {logging_mixin.py:137} INFO - [2023-03-10T20:14:04.982+0000] {dagbag.py:537} INFO - Filling up the DagBag from /home/airflow/.local/lib/python3.7/site-packages/airflow/example_dags/tutorial.py
[2023-03-10T20:14:04.995+0000] {processor.py:766} INFO - DAG(s) dict_keys(['tutorial']) retrieved from /home/airflow/.local/lib/python3.7/site-packages/airflow/example_dags/tutorial.py
[2023-03-10T20:14:05.027+0000] {logging_mixin.py:137} INFO - [2023-03-10T20:14:05.027+0000] {dag.py:2585} INFO - Sync 1 DAGs
[2023-03-10T20:14:05.044+0000] {logging_mixin.py:137} INFO - [2023-03-10T20:14:05.044+0000] {dag.py:3340} INFO - Setting next_dagrun for tutorial to 2023-03-09T20:14:05.044114+00:00, run_after=2023-03-10T20:14:05.044114+00:00
[2023-03-10T20:14:05.057+0000] {processor.py:176} INFO - Processing /home/airflow/.local/lib/python3.7/site-packages/airflow/example_dags/tutorial.py took 0.082 seconds
[2023-03-10T20:14:35.528+0000] {processor.py:154} INFO - Started process (PID=2971) to work on /home/airflow/.local/lib/python3.7/site-packages/airflow/example_dags/tutorial.py
[2023-03-10T20:14:35.530+0000] {processor.py:756} INFO - Processing file /home/airflow/.local/lib/python3.7/site-packages/airflow/example_dags/tutorial.py for tasks to queue
[2023-03-10T20:14:35.531+0000] {logging_mixin.py:137} INFO - [2023-03-10T20:14:35.531+0000] {dagbag.py:537} INFO - Filling up the DagBag from /home/airflow/.local/lib/python3.7/site-packages/airflow/example_dags/tutorial.py
[2023-03-10T20:14:35.541+0000] {processor.py:766} INFO - DAG(s) dict_keys(['tutorial']) retrieved from /home/airflow/.local/lib/python3.7/site-packages/airflow/example_dags/tutorial.py
[2023-03-10T20:14:35.568+0000] {logging_mixin.py:137} INFO - [2023-03-10T20:14:35.567+0000] {dag.py:2585} INFO - Sync 1 DAGs
[2023-03-10T20:14:35.586+0000] {logging_mixin.py:137} INFO - [2023-03-10T20:14:35.586+0000] {dag.py:3340} INFO - Setting next_dagrun for tutorial to 2023-03-09T20:14:35.586563+00:00, run_after=2023-03-10T20:14:35.586563+00:00
[2023-03-10T20:14:35.598+0000] {processor.py:176} INFO - Processing /home/airflow/.local/lib/python3.7/site-packages/airflow/example_dags/tutorial.py took 0.072 seconds
[2023-03-10T20:15:06.017+0000] {processor.py:154} INFO - Started process (PID=3035) to work on /home/airflow/.local/lib/python3.7/site-packages/airflow/example_dags/tutorial.py
[2023-03-10T20:15:06.021+0000] {processor.py:756} INFO - Processing file /home/airflow/.local/lib/python3.7/site-packages/airflow/example_dags/tutorial.py for tasks to queue
[2023-03-10T20:15:06.039+0000] {logging_mixin.py:137} INFO - [2023-03-10T20:15:06.039+0000] {dagbag.py:537} INFO - Filling up the DagBag from /home/airflow/.local/lib/python3.7/site-packages/airflow/example_dags/tutorial.py
[2023-03-10T20:15:06.051+0000] {processor.py:766} INFO - DAG(s) dict_keys(['tutorial']) retrieved from /home/airflow/.local/lib/python3.7/site-packages/airflow/example_dags/tutorial.py
[2023-03-10T20:15:06.078+0000] {logging_mixin.py:137} INFO - [2023-03-10T20:15:06.078+0000] {dag.py:2585} INFO - Sync 1 DAGs
[2023-03-10T20:15:06.093+0000] {logging_mixin.py:137} INFO - [2023-03-10T20:15:06.093+0000] {dag.py:3340} INFO - Setting next_dagrun for tutorial to 2023-03-09T20:15:06.093523+00:00, run_after=2023-03-10T20:15:06.093523+00:00
[2023-03-10T20:15:06.106+0000] {processor.py:176} INFO - Processing /home/airflow/.local/lib/python3.7/site-packages/airflow/example_dags/tutorial.py took 0.091 seconds
[2023-03-10T20:15:36.566+0000] {processor.py:154} INFO - Started process (PID=3099) to work on /home/airflow/.local/lib/python3.7/site-packages/airflow/example_dags/tutorial.py
[2023-03-10T20:15:36.567+0000] {processor.py:756} INFO - Processing file /home/airflow/.local/lib/python3.7/site-packages/airflow/example_dags/tutorial.py for tasks to queue
[2023-03-10T20:15:36.568+0000] {logging_mixin.py:137} INFO - [2023-03-10T20:15:36.568+0000] {dagbag.py:537} INFO - Filling up the DagBag from /home/airflow/.local/lib/python3.7/site-packages/airflow/example_dags/tutorial.py
[2023-03-10T20:15:36.578+0000] {processor.py:766} INFO - DAG(s) dict_keys(['tutorial']) retrieved from /home/airflow/.local/lib/python3.7/site-packages/airflow/example_dags/tutorial.py
[2023-03-10T20:15:36.604+0000] {logging_mixin.py:137} INFO - [2023-03-10T20:15:36.604+0000] {dag.py:2585} INFO - Sync 1 DAGs
[2023-03-10T20:15:36.621+0000] {logging_mixin.py:137} INFO - [2023-03-10T20:15:36.621+0000] {dag.py:3340} INFO - Setting next_dagrun for tutorial to 2023-03-09T20:15:36.620883+00:00, run_after=2023-03-10T20:15:36.620883+00:00
[2023-03-10T20:15:36.633+0000] {processor.py:176} INFO - Processing /home/airflow/.local/lib/python3.7/site-packages/airflow/example_dags/tutorial.py took 0.070 seconds
[2023-03-10T20:16:07.037+0000] {processor.py:154} INFO - Started process (PID=3161) to work on /home/airflow/.local/lib/python3.7/site-packages/airflow/example_dags/tutorial.py
[2023-03-10T20:16:07.039+0000] {processor.py:756} INFO - Processing file /home/airflow/.local/lib/python3.7/site-packages/airflow/example_dags/tutorial.py for tasks to queue
[2023-03-10T20:16:07.040+0000] {logging_mixin.py:137} INFO - [2023-03-10T20:16:07.040+0000] {dagbag.py:537} INFO - Filling up the DagBag from /home/airflow/.local/lib/python3.7/site-packages/airflow/example_dags/tutorial.py
[2023-03-10T20:16:07.051+0000] {processor.py:766} INFO - DAG(s) dict_keys(['tutorial']) retrieved from /home/airflow/.local/lib/python3.7/site-packages/airflow/example_dags/tutorial.py
[2023-03-10T20:16:07.088+0000] {logging_mixin.py:137} INFO - [2023-03-10T20:16:07.088+0000] {dag.py:2585} INFO - Sync 1 DAGs
[2023-03-10T20:16:07.105+0000] {logging_mixin.py:137} INFO - [2023-03-10T20:16:07.105+0000] {dag.py:3340} INFO - Setting next_dagrun for tutorial to 2023-03-09T20:16:07.105698+00:00, run_after=2023-03-10T20:16:07.105698+00:00
[2023-03-10T20:16:07.120+0000] {processor.py:176} INFO - Processing /home/airflow/.local/lib/python3.7/site-packages/airflow/example_dags/tutorial.py took 0.085 seconds
[2023-03-10T20:16:37.441+0000] {processor.py:154} INFO - Started process (PID=3217) to work on /home/airflow/.local/lib/python3.7/site-packages/airflow/example_dags/tutorial.py
[2023-03-10T20:16:37.442+0000] {processor.py:756} INFO - Processing file /home/airflow/.local/lib/python3.7/site-packages/airflow/example_dags/tutorial.py for tasks to queue
[2023-03-10T20:16:37.444+0000] {logging_mixin.py:137} INFO - [2023-03-10T20:16:37.444+0000] {dagbag.py:537} INFO - Filling up the DagBag from /home/airflow/.local/lib/python3.7/site-packages/airflow/example_dags/tutorial.py
[2023-03-10T20:16:37.455+0000] {processor.py:766} INFO - DAG(s) dict_keys(['tutorial']) retrieved from /home/airflow/.local/lib/python3.7/site-packages/airflow/example_dags/tutorial.py
[2023-03-10T20:16:37.480+0000] {logging_mixin.py:137} INFO - [2023-03-10T20:16:37.480+0000] {dag.py:2585} INFO - Sync 1 DAGs
[2023-03-10T20:16:37.494+0000] {logging_mixin.py:137} INFO - [2023-03-10T20:16:37.494+0000] {dag.py:3340} INFO - Setting next_dagrun for tutorial to 2023-03-09T20:16:37.494579+00:00, run_after=2023-03-10T20:16:37.494579+00:00
[2023-03-10T20:16:37.507+0000] {processor.py:176} INFO - Processing /home/airflow/.local/lib/python3.7/site-packages/airflow/example_dags/tutorial.py took 0.068 seconds
[2023-03-10T20:17:07.815+0000] {processor.py:154} INFO - Started process (PID=3281) to work on /home/airflow/.local/lib/python3.7/site-packages/airflow/example_dags/tutorial.py
[2023-03-10T20:17:07.816+0000] {processor.py:756} INFO - Processing file /home/airflow/.local/lib/python3.7/site-packages/airflow/example_dags/tutorial.py for tasks to queue
[2023-03-10T20:17:07.817+0000] {logging_mixin.py:137} INFO - [2023-03-10T20:17:07.817+0000] {dagbag.py:537} INFO - Filling up the DagBag from /home/airflow/.local/lib/python3.7/site-packages/airflow/example_dags/tutorial.py
[2023-03-10T20:17:07.826+0000] {processor.py:766} INFO - DAG(s) dict_keys(['tutorial']) retrieved from /home/airflow/.local/lib/python3.7/site-packages/airflow/example_dags/tutorial.py
[2023-03-10T20:17:07.850+0000] {logging_mixin.py:137} INFO - [2023-03-10T20:17:07.850+0000] {dag.py:2585} INFO - Sync 1 DAGs
[2023-03-10T20:17:07.864+0000] {logging_mixin.py:137} INFO - [2023-03-10T20:17:07.864+0000] {dag.py:3340} INFO - Setting next_dagrun for tutorial to 2023-03-09T20:17:07.864482+00:00, run_after=2023-03-10T20:17:07.864482+00:00
[2023-03-10T20:17:07.875+0000] {processor.py:176} INFO - Processing /home/airflow/.local/lib/python3.7/site-packages/airflow/example_dags/tutorial.py took 0.062 seconds
[2023-03-10T20:17:38.258+0000] {processor.py:154} INFO - Started process (PID=3345) to work on /home/airflow/.local/lib/python3.7/site-packages/airflow/example_dags/tutorial.py
[2023-03-10T20:17:38.261+0000] {processor.py:756} INFO - Processing file /home/airflow/.local/lib/python3.7/site-packages/airflow/example_dags/tutorial.py for tasks to queue
[2023-03-10T20:17:38.262+0000] {logging_mixin.py:137} INFO - [2023-03-10T20:17:38.262+0000] {dagbag.py:537} INFO - Filling up the DagBag from /home/airflow/.local/lib/python3.7/site-packages/airflow/example_dags/tutorial.py
[2023-03-10T20:17:38.274+0000] {processor.py:766} INFO - DAG(s) dict_keys(['tutorial']) retrieved from /home/airflow/.local/lib/python3.7/site-packages/airflow/example_dags/tutorial.py
[2023-03-10T20:17:38.298+0000] {logging_mixin.py:137} INFO - [2023-03-10T20:17:38.298+0000] {dag.py:2585} INFO - Sync 1 DAGs
[2023-03-10T20:17:38.315+0000] {logging_mixin.py:137} INFO - [2023-03-10T20:17:38.315+0000] {dag.py:3340} INFO - Setting next_dagrun for tutorial to 2023-03-09T20:17:38.315532+00:00, run_after=2023-03-10T20:17:38.315532+00:00
[2023-03-10T20:17:38.328+0000] {processor.py:176} INFO - Processing /home/airflow/.local/lib/python3.7/site-packages/airflow/example_dags/tutorial.py took 0.072 seconds
[2023-03-10T20:18:08.560+0000] {processor.py:154} INFO - Started process (PID=3410) to work on /home/airflow/.local/lib/python3.7/site-packages/airflow/example_dags/tutorial.py
[2023-03-10T20:18:08.562+0000] {processor.py:756} INFO - Processing file /home/airflow/.local/lib/python3.7/site-packages/airflow/example_dags/tutorial.py for tasks to queue
[2023-03-10T20:18:08.564+0000] {logging_mixin.py:137} INFO - [2023-03-10T20:18:08.564+0000] {dagbag.py:537} INFO - Filling up the DagBag from /home/airflow/.local/lib/python3.7/site-packages/airflow/example_dags/tutorial.py
[2023-03-10T20:18:08.581+0000] {processor.py:766} INFO - DAG(s) dict_keys(['tutorial']) retrieved from /home/airflow/.local/lib/python3.7/site-packages/airflow/example_dags/tutorial.py
[2023-03-10T20:18:08.610+0000] {logging_mixin.py:137} INFO - [2023-03-10T20:18:08.610+0000] {dag.py:2585} INFO - Sync 1 DAGs
[2023-03-10T20:18:08.629+0000] {logging_mixin.py:137} INFO - [2023-03-10T20:18:08.629+0000] {dag.py:3340} INFO - Setting next_dagrun for tutorial to 2023-03-09T20:18:08.629444+00:00, run_after=2023-03-10T20:18:08.629444+00:00
[2023-03-10T20:18:08.642+0000] {processor.py:176} INFO - Processing /home/airflow/.local/lib/python3.7/site-packages/airflow/example_dags/tutorial.py took 0.085 seconds
[2023-03-10T20:18:39.232+0000] {processor.py:154} INFO - Started process (PID=3474) to work on /home/airflow/.local/lib/python3.7/site-packages/airflow/example_dags/tutorial.py
[2023-03-10T20:18:39.234+0000] {processor.py:756} INFO - Processing file /home/airflow/.local/lib/python3.7/site-packages/airflow/example_dags/tutorial.py for tasks to queue
[2023-03-10T20:18:39.236+0000] {logging_mixin.py:137} INFO - [2023-03-10T20:18:39.236+0000] {dagbag.py:537} INFO - Filling up the DagBag from /home/airflow/.local/lib/python3.7/site-packages/airflow/example_dags/tutorial.py
[2023-03-10T20:18:39.247+0000] {processor.py:766} INFO - DAG(s) dict_keys(['tutorial']) retrieved from /home/airflow/.local/lib/python3.7/site-packages/airflow/example_dags/tutorial.py
[2023-03-10T20:18:39.274+0000] {logging_mixin.py:137} INFO - [2023-03-10T20:18:39.274+0000] {dag.py:2585} INFO - Sync 1 DAGs
[2023-03-10T20:18:39.291+0000] {logging_mixin.py:137} INFO - [2023-03-10T20:18:39.290+0000] {dag.py:3340} INFO - Setting next_dagrun for tutorial to 2023-03-09T20:18:39.290742+00:00, run_after=2023-03-10T20:18:39.290742+00:00
[2023-03-10T20:18:39.304+0000] {processor.py:176} INFO - Processing /home/airflow/.local/lib/python3.7/site-packages/airflow/example_dags/tutorial.py took 0.073 seconds
[2023-03-10T20:19:10.004+0000] {processor.py:154} INFO - Started process (PID=3529) to work on /home/airflow/.local/lib/python3.7/site-packages/airflow/example_dags/tutorial.py
[2023-03-10T20:19:10.006+0000] {processor.py:756} INFO - Processing file /home/airflow/.local/lib/python3.7/site-packages/airflow/example_dags/tutorial.py for tasks to queue
[2023-03-10T20:19:10.007+0000] {logging_mixin.py:137} INFO - [2023-03-10T20:19:10.007+0000] {dagbag.py:537} INFO - Filling up the DagBag from /home/airflow/.local/lib/python3.7/site-packages/airflow/example_dags/tutorial.py
[2023-03-10T20:19:10.019+0000] {processor.py:766} INFO - DAG(s) dict_keys(['tutorial']) retrieved from /home/airflow/.local/lib/python3.7/site-packages/airflow/example_dags/tutorial.py
[2023-03-10T20:19:10.046+0000] {logging_mixin.py:137} INFO - [2023-03-10T20:19:10.045+0000] {dag.py:2585} INFO - Sync 1 DAGs
[2023-03-10T20:19:10.061+0000] {logging_mixin.py:137} INFO - [2023-03-10T20:19:10.061+0000] {dag.py:3340} INFO - Setting next_dagrun for tutorial to 2023-03-09T20:19:10.061623+00:00, run_after=2023-03-10T20:19:10.061623+00:00
[2023-03-10T20:19:10.074+0000] {processor.py:176} INFO - Processing /home/airflow/.local/lib/python3.7/site-packages/airflow/example_dags/tutorial.py took 0.072 seconds
[2023-03-10T20:19:40.525+0000] {processor.py:154} INFO - Started process (PID=3591) to work on /home/airflow/.local/lib/python3.7/site-packages/airflow/example_dags/tutorial.py
[2023-03-10T20:19:40.527+0000] {processor.py:756} INFO - Processing file /home/airflow/.local/lib/python3.7/site-packages/airflow/example_dags/tutorial.py for tasks to queue
[2023-03-10T20:19:40.528+0000] {logging_mixin.py:137} INFO - [2023-03-10T20:19:40.528+0000] {dagbag.py:537} INFO - Filling up the DagBag from /home/airflow/.local/lib/python3.7/site-packages/airflow/example_dags/tutorial.py
[2023-03-10T20:19:40.538+0000] {processor.py:766} INFO - DAG(s) dict_keys(['tutorial']) retrieved from /home/airflow/.local/lib/python3.7/site-packages/airflow/example_dags/tutorial.py
[2023-03-10T20:19:40.567+0000] {logging_mixin.py:137} INFO - [2023-03-10T20:19:40.567+0000] {dag.py:2585} INFO - Sync 1 DAGs
[2023-03-10T20:19:40.585+0000] {logging_mixin.py:137} INFO - [2023-03-10T20:19:40.585+0000] {dag.py:3340} INFO - Setting next_dagrun for tutorial to 2023-03-09T20:19:40.584975+00:00, run_after=2023-03-10T20:19:40.584975+00:00
[2023-03-10T20:19:40.601+0000] {processor.py:176} INFO - Processing /home/airflow/.local/lib/python3.7/site-packages/airflow/example_dags/tutorial.py took 0.079 seconds
[2023-03-10T20:20:11.578+0000] {processor.py:154} INFO - Started process (PID=3655) to work on /home/airflow/.local/lib/python3.7/site-packages/airflow/example_dags/tutorial.py
[2023-03-10T20:20:11.580+0000] {processor.py:756} INFO - Processing file /home/airflow/.local/lib/python3.7/site-packages/airflow/example_dags/tutorial.py for tasks to queue
[2023-03-10T20:20:11.582+0000] {logging_mixin.py:137} INFO - [2023-03-10T20:20:11.582+0000] {dagbag.py:537} INFO - Filling up the DagBag from /home/airflow/.local/lib/python3.7/site-packages/airflow/example_dags/tutorial.py
[2023-03-10T20:20:11.597+0000] {processor.py:766} INFO - DAG(s) dict_keys(['tutorial']) retrieved from /home/airflow/.local/lib/python3.7/site-packages/airflow/example_dags/tutorial.py
[2023-03-10T20:20:11.624+0000] {logging_mixin.py:137} INFO - [2023-03-10T20:20:11.624+0000] {dag.py:2585} INFO - Sync 1 DAGs
[2023-03-10T20:20:11.639+0000] {logging_mixin.py:137} INFO - [2023-03-10T20:20:11.639+0000] {dag.py:3340} INFO - Setting next_dagrun for tutorial to 2023-03-09T20:20:11.639695+00:00, run_after=2023-03-10T20:20:11.639695+00:00
[2023-03-10T20:20:11.651+0000] {processor.py:176} INFO - Processing /home/airflow/.local/lib/python3.7/site-packages/airflow/example_dags/tutorial.py took 0.076 seconds
[2023-03-10T20:20:42.115+0000] {processor.py:154} INFO - Started process (PID=3719) to work on /home/airflow/.local/lib/python3.7/site-packages/airflow/example_dags/tutorial.py
[2023-03-10T20:20:42.119+0000] {processor.py:756} INFO - Processing file /home/airflow/.local/lib/python3.7/site-packages/airflow/example_dags/tutorial.py for tasks to queue
[2023-03-10T20:20:42.121+0000] {logging_mixin.py:137} INFO - [2023-03-10T20:20:42.121+0000] {dagbag.py:537} INFO - Filling up the DagBag from /home/airflow/.local/lib/python3.7/site-packages/airflow/example_dags/tutorial.py
[2023-03-10T20:20:42.136+0000] {processor.py:766} INFO - DAG(s) dict_keys(['tutorial']) retrieved from /home/airflow/.local/lib/python3.7/site-packages/airflow/example_dags/tutorial.py
[2023-03-10T20:20:42.169+0000] {logging_mixin.py:137} INFO - [2023-03-10T20:20:42.169+0000] {dag.py:2585} INFO - Sync 1 DAGs
[2023-03-10T20:20:42.188+0000] {logging_mixin.py:137} INFO - [2023-03-10T20:20:42.188+0000] {dag.py:3340} INFO - Setting next_dagrun for tutorial to 2023-03-09T20:20:42.188609+00:00, run_after=2023-03-10T20:20:42.188609+00:00
[2023-03-10T20:20:42.202+0000] {processor.py:176} INFO - Processing /home/airflow/.local/lib/python3.7/site-packages/airflow/example_dags/tutorial.py took 0.090 seconds
[2023-03-10T20:21:12.904+0000] {processor.py:154} INFO - Started process (PID=3784) to work on /home/airflow/.local/lib/python3.7/site-packages/airflow/example_dags/tutorial.py
[2023-03-10T20:21:12.906+0000] {processor.py:756} INFO - Processing file /home/airflow/.local/lib/python3.7/site-packages/airflow/example_dags/tutorial.py for tasks to queue
[2023-03-10T20:21:12.909+0000] {logging_mixin.py:137} INFO - [2023-03-10T20:21:12.908+0000] {dagbag.py:537} INFO - Filling up the DagBag from /home/airflow/.local/lib/python3.7/site-packages/airflow/example_dags/tutorial.py
[2023-03-10T20:21:12.924+0000] {processor.py:766} INFO - DAG(s) dict_keys(['tutorial']) retrieved from /home/airflow/.local/lib/python3.7/site-packages/airflow/example_dags/tutorial.py
[2023-03-10T20:21:12.964+0000] {logging_mixin.py:137} INFO - [2023-03-10T20:21:12.964+0000] {dag.py:2585} INFO - Sync 1 DAGs
[2023-03-10T20:21:12.981+0000] {logging_mixin.py:137} INFO - [2023-03-10T20:21:12.981+0000] {dag.py:3340} INFO - Setting next_dagrun for tutorial to 2023-03-09T20:21:12.981137+00:00, run_after=2023-03-10T20:21:12.981137+00:00
[2023-03-10T20:21:12.997+0000] {processor.py:176} INFO - Processing /home/airflow/.local/lib/python3.7/site-packages/airflow/example_dags/tutorial.py took 0.097 seconds
[2023-03-10T20:21:43.462+0000] {processor.py:154} INFO - Started process (PID=3839) to work on /home/airflow/.local/lib/python3.7/site-packages/airflow/example_dags/tutorial.py
[2023-03-10T20:21:43.464+0000] {processor.py:756} INFO - Processing file /home/airflow/.local/lib/python3.7/site-packages/airflow/example_dags/tutorial.py for tasks to queue
[2023-03-10T20:21:43.465+0000] {logging_mixin.py:137} INFO - [2023-03-10T20:21:43.465+0000] {dagbag.py:537} INFO - Filling up the DagBag from /home/airflow/.local/lib/python3.7/site-packages/airflow/example_dags/tutorial.py
[2023-03-10T20:21:43.475+0000] {processor.py:766} INFO - DAG(s) dict_keys(['tutorial']) retrieved from /home/airflow/.local/lib/python3.7/site-packages/airflow/example_dags/tutorial.py
[2023-03-10T20:21:43.503+0000] {logging_mixin.py:137} INFO - [2023-03-10T20:21:43.503+0000] {dag.py:2585} INFO - Sync 1 DAGs
[2023-03-10T20:21:43.520+0000] {logging_mixin.py:137} INFO - [2023-03-10T20:21:43.520+0000] {dag.py:3340} INFO - Setting next_dagrun for tutorial to 2023-03-09T20:21:43.519900+00:00, run_after=2023-03-10T20:21:43.519900+00:00
[2023-03-10T20:21:43.533+0000] {processor.py:176} INFO - Processing /home/airflow/.local/lib/python3.7/site-packages/airflow/example_dags/tutorial.py took 0.073 seconds
[2023-03-10T20:22:14.691+0000] {processor.py:154} INFO - Started process (PID=3903) to work on /home/airflow/.local/lib/python3.7/site-packages/airflow/example_dags/tutorial.py
[2023-03-10T20:22:14.693+0000] {processor.py:756} INFO - Processing file /home/airflow/.local/lib/python3.7/site-packages/airflow/example_dags/tutorial.py for tasks to queue
[2023-03-10T20:22:14.694+0000] {logging_mixin.py:137} INFO - [2023-03-10T20:22:14.694+0000] {dagbag.py:537} INFO - Filling up the DagBag from /home/airflow/.local/lib/python3.7/site-packages/airflow/example_dags/tutorial.py
[2023-03-10T20:22:14.705+0000] {processor.py:766} INFO - DAG(s) dict_keys(['tutorial']) retrieved from /home/airflow/.local/lib/python3.7/site-packages/airflow/example_dags/tutorial.py
[2023-03-10T20:22:14.731+0000] {logging_mixin.py:137} INFO - [2023-03-10T20:22:14.731+0000] {dag.py:2585} INFO - Sync 1 DAGs
[2023-03-10T20:22:14.748+0000] {logging_mixin.py:137} INFO - [2023-03-10T20:22:14.747+0000] {dag.py:3340} INFO - Setting next_dagrun for tutorial to 2023-03-09T20:22:14.747844+00:00, run_after=2023-03-10T20:22:14.747844+00:00
[2023-03-10T20:22:14.760+0000] {processor.py:176} INFO - Processing /home/airflow/.local/lib/python3.7/site-packages/airflow/example_dags/tutorial.py took 0.072 seconds
[2023-03-10T20:22:45.297+0000] {processor.py:154} INFO - Started process (PID=3966) to work on /home/airflow/.local/lib/python3.7/site-packages/airflow/example_dags/tutorial.py
[2023-03-10T20:22:45.299+0000] {processor.py:756} INFO - Processing file /home/airflow/.local/lib/python3.7/site-packages/airflow/example_dags/tutorial.py for tasks to queue
[2023-03-10T20:22:45.300+0000] {logging_mixin.py:137} INFO - [2023-03-10T20:22:45.300+0000] {dagbag.py:537} INFO - Filling up the DagBag from /home/airflow/.local/lib/python3.7/site-packages/airflow/example_dags/tutorial.py
[2023-03-10T20:22:45.310+0000] {processor.py:766} INFO - DAG(s) dict_keys(['tutorial']) retrieved from /home/airflow/.local/lib/python3.7/site-packages/airflow/example_dags/tutorial.py
[2023-03-10T20:22:45.338+0000] {logging_mixin.py:137} INFO - [2023-03-10T20:22:45.338+0000] {dag.py:2585} INFO - Sync 1 DAGs
[2023-03-10T20:22:45.353+0000] {logging_mixin.py:137} INFO - [2023-03-10T20:22:45.353+0000] {dag.py:3340} INFO - Setting next_dagrun for tutorial to 2023-03-09T20:22:45.353331+00:00, run_after=2023-03-10T20:22:45.353331+00:00
[2023-03-10T20:22:45.366+0000] {processor.py:176} INFO - Processing /home/airflow/.local/lib/python3.7/site-packages/airflow/example_dags/tutorial.py took 0.071 seconds
[2023-03-10T20:23:15.843+0000] {processor.py:154} INFO - Started process (PID=4030) to work on /home/airflow/.local/lib/python3.7/site-packages/airflow/example_dags/tutorial.py
[2023-03-10T20:23:15.845+0000] {processor.py:756} INFO - Processing file /home/airflow/.local/lib/python3.7/site-packages/airflow/example_dags/tutorial.py for tasks to queue
[2023-03-10T20:23:15.847+0000] {logging_mixin.py:137} INFO - [2023-03-10T20:23:15.847+0000] {dagbag.py:537} INFO - Filling up the DagBag from /home/airflow/.local/lib/python3.7/site-packages/airflow/example_dags/tutorial.py
[2023-03-10T20:23:15.858+0000] {processor.py:766} INFO - DAG(s) dict_keys(['tutorial']) retrieved from /home/airflow/.local/lib/python3.7/site-packages/airflow/example_dags/tutorial.py
[2023-03-10T20:23:15.884+0000] {logging_mixin.py:137} INFO - [2023-03-10T20:23:15.883+0000] {dag.py:2585} INFO - Sync 1 DAGs
[2023-03-10T20:23:15.899+0000] {logging_mixin.py:137} INFO - [2023-03-10T20:23:15.898+0000] {dag.py:3340} INFO - Setting next_dagrun for tutorial to 2023-03-09T20:23:15.898791+00:00, run_after=2023-03-10T20:23:15.898791+00:00
[2023-03-10T20:23:15.911+0000] {processor.py:176} INFO - Processing /home/airflow/.local/lib/python3.7/site-packages/airflow/example_dags/tutorial.py took 0.071 seconds
[2023-03-10T20:23:46.148+0000] {processor.py:154} INFO - Started process (PID=4093) to work on /home/airflow/.local/lib/python3.7/site-packages/airflow/example_dags/tutorial.py
[2023-03-10T20:23:46.150+0000] {processor.py:756} INFO - Processing file /home/airflow/.local/lib/python3.7/site-packages/airflow/example_dags/tutorial.py for tasks to queue
[2023-03-10T20:23:46.151+0000] {logging_mixin.py:137} INFO - [2023-03-10T20:23:46.150+0000] {dagbag.py:537} INFO - Filling up the DagBag from /home/airflow/.local/lib/python3.7/site-packages/airflow/example_dags/tutorial.py
[2023-03-10T20:23:46.163+0000] {processor.py:766} INFO - DAG(s) dict_keys(['tutorial']) retrieved from /home/airflow/.local/lib/python3.7/site-packages/airflow/example_dags/tutorial.py
[2023-03-10T20:23:46.194+0000] {logging_mixin.py:137} INFO - [2023-03-10T20:23:46.194+0000] {dag.py:2585} INFO - Sync 1 DAGs
[2023-03-10T20:23:46.212+0000] {logging_mixin.py:137} INFO - [2023-03-10T20:23:46.212+0000] {dag.py:3340} INFO - Setting next_dagrun for tutorial to 2023-03-09T20:23:46.212244+00:00, run_after=2023-03-10T20:23:46.212244+00:00
[2023-03-10T20:23:46.226+0000] {processor.py:176} INFO - Processing /home/airflow/.local/lib/python3.7/site-packages/airflow/example_dags/tutorial.py took 0.081 seconds
[2023-03-10T20:24:16.912+0000] {processor.py:154} INFO - Started process (PID=4156) to work on /home/airflow/.local/lib/python3.7/site-packages/airflow/example_dags/tutorial.py
[2023-03-10T20:24:16.913+0000] {processor.py:756} INFO - Processing file /home/airflow/.local/lib/python3.7/site-packages/airflow/example_dags/tutorial.py for tasks to queue
[2023-03-10T20:24:16.916+0000] {logging_mixin.py:137} INFO - [2023-03-10T20:24:16.916+0000] {dagbag.py:537} INFO - Filling up the DagBag from /home/airflow/.local/lib/python3.7/site-packages/airflow/example_dags/tutorial.py
[2023-03-10T20:24:16.928+0000] {processor.py:766} INFO - DAG(s) dict_keys(['tutorial']) retrieved from /home/airflow/.local/lib/python3.7/site-packages/airflow/example_dags/tutorial.py
[2023-03-10T20:24:16.962+0000] {logging_mixin.py:137} INFO - [2023-03-10T20:24:16.962+0000] {dag.py:2585} INFO - Sync 1 DAGs
[2023-03-10T20:24:16.978+0000] {logging_mixin.py:137} INFO - [2023-03-10T20:24:16.978+0000] {dag.py:3340} INFO - Setting next_dagrun for tutorial to 2023-03-09T20:24:16.978304+00:00, run_after=2023-03-10T20:24:16.978304+00:00
[2023-03-10T20:24:16.990+0000] {processor.py:176} INFO - Processing /home/airflow/.local/lib/python3.7/site-packages/airflow/example_dags/tutorial.py took 0.082 seconds
[2023-03-10T20:24:47.328+0000] {processor.py:154} INFO - Started process (PID=4211) to work on /home/airflow/.local/lib/python3.7/site-packages/airflow/example_dags/tutorial.py
[2023-03-10T20:24:47.330+0000] {processor.py:756} INFO - Processing file /home/airflow/.local/lib/python3.7/site-packages/airflow/example_dags/tutorial.py for tasks to queue
[2023-03-10T20:24:47.332+0000] {logging_mixin.py:137} INFO - [2023-03-10T20:24:47.332+0000] {dagbag.py:537} INFO - Filling up the DagBag from /home/airflow/.local/lib/python3.7/site-packages/airflow/example_dags/tutorial.py
[2023-03-10T20:24:47.342+0000] {processor.py:766} INFO - DAG(s) dict_keys(['tutorial']) retrieved from /home/airflow/.local/lib/python3.7/site-packages/airflow/example_dags/tutorial.py
[2023-03-10T20:24:47.369+0000] {logging_mixin.py:137} INFO - [2023-03-10T20:24:47.369+0000] {dag.py:2585} INFO - Sync 1 DAGs
[2023-03-10T20:24:47.384+0000] {logging_mixin.py:137} INFO - [2023-03-10T20:24:47.384+0000] {dag.py:3340} INFO - Setting next_dagrun for tutorial to 2023-03-09T20:24:47.384600+00:00, run_after=2023-03-10T20:24:47.384600+00:00
[2023-03-10T20:24:47.396+0000] {processor.py:176} INFO - Processing /home/airflow/.local/lib/python3.7/site-packages/airflow/example_dags/tutorial.py took 0.071 seconds
[2023-03-10T20:25:17.955+0000] {processor.py:154} INFO - Started process (PID=4275) to work on /home/airflow/.local/lib/python3.7/site-packages/airflow/example_dags/tutorial.py
[2023-03-10T20:25:17.957+0000] {processor.py:756} INFO - Processing file /home/airflow/.local/lib/python3.7/site-packages/airflow/example_dags/tutorial.py for tasks to queue
[2023-03-10T20:25:17.958+0000] {logging_mixin.py:137} INFO - [2023-03-10T20:25:17.958+0000] {dagbag.py:537} INFO - Filling up the DagBag from /home/airflow/.local/lib/python3.7/site-packages/airflow/example_dags/tutorial.py
[2023-03-10T20:25:17.969+0000] {processor.py:766} INFO - DAG(s) dict_keys(['tutorial']) retrieved from /home/airflow/.local/lib/python3.7/site-packages/airflow/example_dags/tutorial.py
[2023-03-10T20:25:17.995+0000] {logging_mixin.py:137} INFO - [2023-03-10T20:25:17.994+0000] {dag.py:2585} INFO - Sync 1 DAGs
[2023-03-10T20:25:18.010+0000] {logging_mixin.py:137} INFO - [2023-03-10T20:25:18.010+0000] {dag.py:3340} INFO - Setting next_dagrun for tutorial to 2023-03-09T20:25:18.010763+00:00, run_after=2023-03-10T20:25:18.010763+00:00
[2023-03-10T20:25:18.022+0000] {processor.py:176} INFO - Processing /home/airflow/.local/lib/python3.7/site-packages/airflow/example_dags/tutorial.py took 0.069 seconds
[2023-03-10T20:25:48.599+0000] {processor.py:154} INFO - Started process (PID=4337) to work on /home/airflow/.local/lib/python3.7/site-packages/airflow/example_dags/tutorial.py
[2023-03-10T20:25:48.601+0000] {processor.py:756} INFO - Processing file /home/airflow/.local/lib/python3.7/site-packages/airflow/example_dags/tutorial.py for tasks to queue
[2023-03-10T20:25:48.602+0000] {logging_mixin.py:137} INFO - [2023-03-10T20:25:48.602+0000] {dagbag.py:537} INFO - Filling up the DagBag from /home/airflow/.local/lib/python3.7/site-packages/airflow/example_dags/tutorial.py
[2023-03-10T20:25:48.613+0000] {processor.py:766} INFO - DAG(s) dict_keys(['tutorial']) retrieved from /home/airflow/.local/lib/python3.7/site-packages/airflow/example_dags/tutorial.py
[2023-03-10T20:25:48.639+0000] {logging_mixin.py:137} INFO - [2023-03-10T20:25:48.639+0000] {dag.py:2585} INFO - Sync 1 DAGs
[2023-03-10T20:25:48.657+0000] {logging_mixin.py:137} INFO - [2023-03-10T20:25:48.657+0000] {dag.py:3340} INFO - Setting next_dagrun for tutorial to 2023-03-09T20:25:48.657020+00:00, run_after=2023-03-10T20:25:48.657020+00:00
[2023-03-10T20:25:48.670+0000] {processor.py:176} INFO - Processing /home/airflow/.local/lib/python3.7/site-packages/airflow/example_dags/tutorial.py took 0.074 seconds
[2023-03-10T20:26:19.599+0000] {processor.py:154} INFO - Started process (PID=4401) to work on /home/airflow/.local/lib/python3.7/site-packages/airflow/example_dags/tutorial.py
[2023-03-10T20:26:19.601+0000] {processor.py:756} INFO - Processing file /home/airflow/.local/lib/python3.7/site-packages/airflow/example_dags/tutorial.py for tasks to queue
[2023-03-10T20:26:19.602+0000] {logging_mixin.py:137} INFO - [2023-03-10T20:26:19.602+0000] {dagbag.py:537} INFO - Filling up the DagBag from /home/airflow/.local/lib/python3.7/site-packages/airflow/example_dags/tutorial.py
[2023-03-10T20:26:19.617+0000] {processor.py:766} INFO - DAG(s) dict_keys(['tutorial']) retrieved from /home/airflow/.local/lib/python3.7/site-packages/airflow/example_dags/tutorial.py
[2023-03-10T20:26:19.646+0000] {logging_mixin.py:137} INFO - [2023-03-10T20:26:19.646+0000] {dag.py:2585} INFO - Sync 1 DAGs
[2023-03-10T20:26:19.662+0000] {logging_mixin.py:137} INFO - [2023-03-10T20:26:19.662+0000] {dag.py:3340} INFO - Setting next_dagrun for tutorial to 2023-03-09T20:26:19.661926+00:00, run_after=2023-03-10T20:26:19.661926+00:00
[2023-03-10T20:26:19.674+0000] {processor.py:176} INFO - Processing /home/airflow/.local/lib/python3.7/site-packages/airflow/example_dags/tutorial.py took 0.077 seconds
[2023-03-10T20:26:49.946+0000] {processor.py:154} INFO - Started process (PID=4464) to work on /home/airflow/.local/lib/python3.7/site-packages/airflow/example_dags/tutorial.py
[2023-03-10T20:26:49.948+0000] {processor.py:756} INFO - Processing file /home/airflow/.local/lib/python3.7/site-packages/airflow/example_dags/tutorial.py for tasks to queue
[2023-03-10T20:26:49.949+0000] {logging_mixin.py:137} INFO - [2023-03-10T20:26:49.949+0000] {dagbag.py:537} INFO - Filling up the DagBag from /home/airflow/.local/lib/python3.7/site-packages/airflow/example_dags/tutorial.py
[2023-03-10T20:26:49.960+0000] {processor.py:766} INFO - DAG(s) dict_keys(['tutorial']) retrieved from /home/airflow/.local/lib/python3.7/site-packages/airflow/example_dags/tutorial.py
[2023-03-10T20:26:49.985+0000] {logging_mixin.py:137} INFO - [2023-03-10T20:26:49.985+0000] {dag.py:2585} INFO - Sync 1 DAGs
[2023-03-10T20:26:50.000+0000] {logging_mixin.py:137} INFO - [2023-03-10T20:26:50.000+0000] {dag.py:3340} INFO - Setting next_dagrun for tutorial to 2023-03-09T20:26:50.000501+00:00, run_after=2023-03-10T20:26:50.000501+00:00
[2023-03-10T20:26:50.013+0000] {processor.py:176} INFO - Processing /home/airflow/.local/lib/python3.7/site-packages/airflow/example_dags/tutorial.py took 0.070 seconds
[2023-03-10T20:27:20.688+0000] {processor.py:154} INFO - Started process (PID=4528) to work on /home/airflow/.local/lib/python3.7/site-packages/airflow/example_dags/tutorial.py
[2023-03-10T20:27:20.689+0000] {processor.py:756} INFO - Processing file /home/airflow/.local/lib/python3.7/site-packages/airflow/example_dags/tutorial.py for tasks to queue
[2023-03-10T20:27:20.691+0000] {logging_mixin.py:137} INFO - [2023-03-10T20:27:20.690+0000] {dagbag.py:537} INFO - Filling up the DagBag from /home/airflow/.local/lib/python3.7/site-packages/airflow/example_dags/tutorial.py
[2023-03-10T20:27:20.700+0000] {processor.py:766} INFO - DAG(s) dict_keys(['tutorial']) retrieved from /home/airflow/.local/lib/python3.7/site-packages/airflow/example_dags/tutorial.py
[2023-03-10T20:27:20.725+0000] {logging_mixin.py:137} INFO - [2023-03-10T20:27:20.725+0000] {dag.py:2585} INFO - Sync 1 DAGs
[2023-03-10T20:27:20.739+0000] {logging_mixin.py:137} INFO - [2023-03-10T20:27:20.739+0000] {dag.py:3340} INFO - Setting next_dagrun for tutorial to 2023-03-09T20:27:20.739729+00:00, run_after=2023-03-10T20:27:20.739729+00:00
[2023-03-10T20:27:20.751+0000] {processor.py:176} INFO - Processing /home/airflow/.local/lib/python3.7/site-packages/airflow/example_dags/tutorial.py took 0.065 seconds
