[2022-11-28T15:35:19.797+0000] {processor.py:154} INFO - Started process (PID=70) to work on /home/airflow/.local/lib/python3.7/site-packages/airflow/example_dags/example_complex.py
[2022-11-28T15:35:19.804+0000] {processor.py:756} INFO - Processing file /home/airflow/.local/lib/python3.7/site-packages/airflow/example_dags/example_complex.py for tasks to queue
[2022-11-28T15:35:19.807+0000] {logging_mixin.py:137} INFO - [2022-11-28T15:35:19.807+0000] {dagbag.py:537} INFO - Filling up the DagBag from /home/airflow/.local/lib/python3.7/site-packages/airflow/example_dags/example_complex.py
[2022-11-28T15:35:19.825+0000] {logging_mixin.py:137} INFO - [2022-11-28T15:35:19.825+0000] {taskmixin.py:205} WARNING - Dependency <Task(BashOperator): create_entry_group>, delete_entry_group already registered for DAG: example_complex
[2022-11-28T15:35:19.829+0000] {logging_mixin.py:137} INFO - [2022-11-28T15:35:19.829+0000] {taskmixin.py:205} WARNING - Dependency <Task(BashOperator): delete_entry_group>, create_entry_group already registered for DAG: example_complex
[2022-11-28T15:35:19.830+0000] {logging_mixin.py:137} INFO - [2022-11-28T15:35:19.830+0000] {taskmixin.py:205} WARNING - Dependency <Task(BashOperator): create_entry_gcs>, delete_entry already registered for DAG: example_complex
[2022-11-28T15:35:19.834+0000] {logging_mixin.py:137} INFO - [2022-11-28T15:35:19.834+0000] {taskmixin.py:205} WARNING - Dependency <Task(BashOperator): delete_entry>, create_entry_gcs already registered for DAG: example_complex
[2022-11-28T15:35:19.839+0000] {logging_mixin.py:137} INFO - [2022-11-28T15:35:19.839+0000] {taskmixin.py:205} WARNING - Dependency <Task(BashOperator): create_tag>, delete_tag already registered for DAG: example_complex
[2022-11-28T15:35:19.841+0000] {logging_mixin.py:137} INFO - [2022-11-28T15:35:19.841+0000] {taskmixin.py:205} WARNING - Dependency <Task(BashOperator): delete_tag>, create_tag already registered for DAG: example_complex
[2022-11-28T15:35:19.858+0000] {processor.py:766} INFO - DAG(s) dict_keys(['example_complex']) retrieved from /home/airflow/.local/lib/python3.7/site-packages/airflow/example_dags/example_complex.py
[2022-11-28T15:35:19.901+0000] {logging_mixin.py:137} INFO - [2022-11-28T15:35:19.901+0000] {dag.py:2585} INFO - Sync 1 DAGs
[2022-11-28T15:35:19.934+0000] {logging_mixin.py:137} INFO - [2022-11-28T15:35:19.933+0000] {dag.py:3340} INFO - Setting next_dagrun for example_complex to None, run_after=None
[2022-11-28T15:35:19.970+0000] {processor.py:176} INFO - Processing /home/airflow/.local/lib/python3.7/site-packages/airflow/example_dags/example_complex.py took 0.174 seconds
[2022-11-28T15:35:50.126+0000] {processor.py:154} INFO - Started process (PID=124) to work on /home/airflow/.local/lib/python3.7/site-packages/airflow/example_dags/example_complex.py
[2022-11-28T15:35:50.129+0000] {processor.py:756} INFO - Processing file /home/airflow/.local/lib/python3.7/site-packages/airflow/example_dags/example_complex.py for tasks to queue
[2022-11-28T15:35:50.130+0000] {logging_mixin.py:137} INFO - [2022-11-28T15:35:50.130+0000] {dagbag.py:537} INFO - Filling up the DagBag from /home/airflow/.local/lib/python3.7/site-packages/airflow/example_dags/example_complex.py
[2022-11-28T15:35:50.139+0000] {logging_mixin.py:137} INFO - [2022-11-28T15:35:50.138+0000] {taskmixin.py:205} WARNING - Dependency <Task(BashOperator): create_entry_group>, delete_entry_group already registered for DAG: example_complex
[2022-11-28T15:35:50.140+0000] {logging_mixin.py:137} INFO - [2022-11-28T15:35:50.140+0000] {taskmixin.py:205} WARNING - Dependency <Task(BashOperator): delete_entry_group>, create_entry_group already registered for DAG: example_complex
[2022-11-28T15:35:50.141+0000] {logging_mixin.py:137} INFO - [2022-11-28T15:35:50.141+0000] {taskmixin.py:205} WARNING - Dependency <Task(BashOperator): create_entry_gcs>, delete_entry already registered for DAG: example_complex
[2022-11-28T15:35:50.142+0000] {logging_mixin.py:137} INFO - [2022-11-28T15:35:50.142+0000] {taskmixin.py:205} WARNING - Dependency <Task(BashOperator): delete_entry>, create_entry_gcs already registered for DAG: example_complex
[2022-11-28T15:35:50.144+0000] {logging_mixin.py:137} INFO - [2022-11-28T15:35:50.144+0000] {taskmixin.py:205} WARNING - Dependency <Task(BashOperator): create_tag>, delete_tag already registered for DAG: example_complex
[2022-11-28T15:35:50.146+0000] {logging_mixin.py:137} INFO - [2022-11-28T15:35:50.146+0000] {taskmixin.py:205} WARNING - Dependency <Task(BashOperator): delete_tag>, create_tag already registered for DAG: example_complex
[2022-11-28T15:35:50.153+0000] {processor.py:766} INFO - DAG(s) dict_keys(['example_complex']) retrieved from /home/airflow/.local/lib/python3.7/site-packages/airflow/example_dags/example_complex.py
[2022-11-28T15:35:50.191+0000] {logging_mixin.py:137} INFO - [2022-11-28T15:35:50.191+0000] {dag.py:2585} INFO - Sync 1 DAGs
[2022-11-28T15:35:50.208+0000] {logging_mixin.py:137} INFO - [2022-11-28T15:35:50.207+0000] {dag.py:3340} INFO - Setting next_dagrun for example_complex to None, run_after=None
[2022-11-28T15:35:50.221+0000] {processor.py:176} INFO - Processing /home/airflow/.local/lib/python3.7/site-packages/airflow/example_dags/example_complex.py took 0.097 seconds
[2022-11-28T15:36:20.386+0000] {processor.py:154} INFO - Started process (PID=188) to work on /home/airflow/.local/lib/python3.7/site-packages/airflow/example_dags/example_complex.py
[2022-11-28T15:36:20.389+0000] {processor.py:756} INFO - Processing file /home/airflow/.local/lib/python3.7/site-packages/airflow/example_dags/example_complex.py for tasks to queue
[2022-11-28T15:36:20.394+0000] {logging_mixin.py:137} INFO - [2022-11-28T15:36:20.394+0000] {dagbag.py:537} INFO - Filling up the DagBag from /home/airflow/.local/lib/python3.7/site-packages/airflow/example_dags/example_complex.py
[2022-11-28T15:36:20.403+0000] {logging_mixin.py:137} INFO - [2022-11-28T15:36:20.403+0000] {taskmixin.py:205} WARNING - Dependency <Task(BashOperator): create_entry_group>, delete_entry_group already registered for DAG: example_complex
[2022-11-28T15:36:20.405+0000] {logging_mixin.py:137} INFO - [2022-11-28T15:36:20.405+0000] {taskmixin.py:205} WARNING - Dependency <Task(BashOperator): delete_entry_group>, create_entry_group already registered for DAG: example_complex
[2022-11-28T15:36:20.406+0000] {logging_mixin.py:137} INFO - [2022-11-28T15:36:20.406+0000] {taskmixin.py:205} WARNING - Dependency <Task(BashOperator): create_entry_gcs>, delete_entry already registered for DAG: example_complex
[2022-11-28T15:36:20.407+0000] {logging_mixin.py:137} INFO - [2022-11-28T15:36:20.407+0000] {taskmixin.py:205} WARNING - Dependency <Task(BashOperator): delete_entry>, create_entry_gcs already registered for DAG: example_complex
[2022-11-28T15:36:20.409+0000] {logging_mixin.py:137} INFO - [2022-11-28T15:36:20.408+0000] {taskmixin.py:205} WARNING - Dependency <Task(BashOperator): create_tag>, delete_tag already registered for DAG: example_complex
[2022-11-28T15:36:20.409+0000] {logging_mixin.py:137} INFO - [2022-11-28T15:36:20.409+0000] {taskmixin.py:205} WARNING - Dependency <Task(BashOperator): delete_tag>, create_tag already registered for DAG: example_complex
[2022-11-28T15:36:20.417+0000] {processor.py:766} INFO - DAG(s) dict_keys(['example_complex']) retrieved from /home/airflow/.local/lib/python3.7/site-packages/airflow/example_dags/example_complex.py
[2022-11-28T15:36:20.454+0000] {logging_mixin.py:137} INFO - [2022-11-28T15:36:20.454+0000] {dag.py:2585} INFO - Sync 1 DAGs
[2022-11-28T15:36:20.471+0000] {logging_mixin.py:137} INFO - [2022-11-28T15:36:20.471+0000] {dag.py:3340} INFO - Setting next_dagrun for example_complex to None, run_after=None
[2022-11-28T15:36:20.486+0000] {processor.py:176} INFO - Processing /home/airflow/.local/lib/python3.7/site-packages/airflow/example_dags/example_complex.py took 0.102 seconds
[2022-11-28T15:38:44.772+0000] {processor.py:154} INFO - Started process (PID=62) to work on /home/airflow/.local/lib/python3.7/site-packages/airflow/example_dags/example_complex.py
[2022-11-28T15:38:44.780+0000] {processor.py:756} INFO - Processing file /home/airflow/.local/lib/python3.7/site-packages/airflow/example_dags/example_complex.py for tasks to queue
[2022-11-28T15:38:44.782+0000] {logging_mixin.py:137} INFO - [2022-11-28T15:38:44.782+0000] {dagbag.py:537} INFO - Filling up the DagBag from /home/airflow/.local/lib/python3.7/site-packages/airflow/example_dags/example_complex.py
[2022-11-28T15:38:44.791+0000] {logging_mixin.py:137} INFO - [2022-11-28T15:38:44.791+0000] {taskmixin.py:205} WARNING - Dependency <Task(BashOperator): create_entry_group>, delete_entry_group already registered for DAG: example_complex
[2022-11-28T15:38:44.793+0000] {logging_mixin.py:137} INFO - [2022-11-28T15:38:44.793+0000] {taskmixin.py:205} WARNING - Dependency <Task(BashOperator): delete_entry_group>, create_entry_group already registered for DAG: example_complex
[2022-11-28T15:38:44.794+0000] {logging_mixin.py:137} INFO - [2022-11-28T15:38:44.794+0000] {taskmixin.py:205} WARNING - Dependency <Task(BashOperator): create_entry_gcs>, delete_entry already registered for DAG: example_complex
[2022-11-28T15:38:44.795+0000] {logging_mixin.py:137} INFO - [2022-11-28T15:38:44.794+0000] {taskmixin.py:205} WARNING - Dependency <Task(BashOperator): delete_entry>, create_entry_gcs already registered for DAG: example_complex
[2022-11-28T15:38:44.811+0000] {logging_mixin.py:137} INFO - [2022-11-28T15:38:44.811+0000] {taskmixin.py:205} WARNING - Dependency <Task(BashOperator): create_tag>, delete_tag already registered for DAG: example_complex
[2022-11-28T15:38:44.812+0000] {logging_mixin.py:137} INFO - [2022-11-28T15:38:44.812+0000] {taskmixin.py:205} WARNING - Dependency <Task(BashOperator): delete_tag>, create_tag already registered for DAG: example_complex
[2022-11-28T15:38:44.818+0000] {processor.py:766} INFO - DAG(s) dict_keys(['example_complex']) retrieved from /home/airflow/.local/lib/python3.7/site-packages/airflow/example_dags/example_complex.py
[2022-11-28T15:38:44.846+0000] {logging_mixin.py:137} INFO - [2022-11-28T15:38:44.846+0000] {dag.py:2585} INFO - Sync 1 DAGs
[2022-11-28T15:38:44.864+0000] {logging_mixin.py:137} INFO - [2022-11-28T15:38:44.864+0000] {dag.py:3340} INFO - Setting next_dagrun for example_complex to None, run_after=None
[2022-11-28T15:38:44.880+0000] {processor.py:176} INFO - Processing /home/airflow/.local/lib/python3.7/site-packages/airflow/example_dags/example_complex.py took 0.110 seconds
[2022-11-28T15:39:15.827+0000] {processor.py:154} INFO - Started process (PID=124) to work on /home/airflow/.local/lib/python3.7/site-packages/airflow/example_dags/example_complex.py
[2022-11-28T15:39:15.829+0000] {processor.py:756} INFO - Processing file /home/airflow/.local/lib/python3.7/site-packages/airflow/example_dags/example_complex.py for tasks to queue
[2022-11-28T15:39:15.832+0000] {logging_mixin.py:137} INFO - [2022-11-28T15:39:15.832+0000] {dagbag.py:537} INFO - Filling up the DagBag from /home/airflow/.local/lib/python3.7/site-packages/airflow/example_dags/example_complex.py
[2022-11-28T15:39:15.842+0000] {logging_mixin.py:137} INFO - [2022-11-28T15:39:15.841+0000] {taskmixin.py:205} WARNING - Dependency <Task(BashOperator): create_entry_group>, delete_entry_group already registered for DAG: example_complex
[2022-11-28T15:39:15.844+0000] {logging_mixin.py:137} INFO - [2022-11-28T15:39:15.843+0000] {taskmixin.py:205} WARNING - Dependency <Task(BashOperator): delete_entry_group>, create_entry_group already registered for DAG: example_complex
[2022-11-28T15:39:15.845+0000] {logging_mixin.py:137} INFO - [2022-11-28T15:39:15.845+0000] {taskmixin.py:205} WARNING - Dependency <Task(BashOperator): create_entry_gcs>, delete_entry already registered for DAG: example_complex
[2022-11-28T15:39:15.848+0000] {logging_mixin.py:137} INFO - [2022-11-28T15:39:15.847+0000] {taskmixin.py:205} WARNING - Dependency <Task(BashOperator): delete_entry>, create_entry_gcs already registered for DAG: example_complex
[2022-11-28T15:39:15.850+0000] {logging_mixin.py:137} INFO - [2022-11-28T15:39:15.850+0000] {taskmixin.py:205} WARNING - Dependency <Task(BashOperator): create_tag>, delete_tag already registered for DAG: example_complex
[2022-11-28T15:39:15.853+0000] {logging_mixin.py:137} INFO - [2022-11-28T15:39:15.853+0000] {taskmixin.py:205} WARNING - Dependency <Task(BashOperator): delete_tag>, create_tag already registered for DAG: example_complex
[2022-11-28T15:39:15.862+0000] {processor.py:766} INFO - DAG(s) dict_keys(['example_complex']) retrieved from /home/airflow/.local/lib/python3.7/site-packages/airflow/example_dags/example_complex.py
[2022-11-28T15:39:15.906+0000] {logging_mixin.py:137} INFO - [2022-11-28T15:39:15.905+0000] {dag.py:2585} INFO - Sync 1 DAGs
[2022-11-28T15:39:15.927+0000] {logging_mixin.py:137} INFO - [2022-11-28T15:39:15.926+0000] {dag.py:3340} INFO - Setting next_dagrun for example_complex to None, run_after=None
[2022-11-28T15:39:15.951+0000] {processor.py:176} INFO - Processing /home/airflow/.local/lib/python3.7/site-packages/airflow/example_dags/example_complex.py took 0.127 seconds
[2022-11-28T15:39:46.218+0000] {processor.py:154} INFO - Started process (PID=188) to work on /home/airflow/.local/lib/python3.7/site-packages/airflow/example_dags/example_complex.py
[2022-11-28T15:39:46.221+0000] {processor.py:756} INFO - Processing file /home/airflow/.local/lib/python3.7/site-packages/airflow/example_dags/example_complex.py for tasks to queue
[2022-11-28T15:39:46.222+0000] {logging_mixin.py:137} INFO - [2022-11-28T15:39:46.222+0000] {dagbag.py:537} INFO - Filling up the DagBag from /home/airflow/.local/lib/python3.7/site-packages/airflow/example_dags/example_complex.py
[2022-11-28T15:39:46.231+0000] {logging_mixin.py:137} INFO - [2022-11-28T15:39:46.231+0000] {taskmixin.py:205} WARNING - Dependency <Task(BashOperator): create_entry_group>, delete_entry_group already registered for DAG: example_complex
[2022-11-28T15:39:46.232+0000] {logging_mixin.py:137} INFO - [2022-11-28T15:39:46.232+0000] {taskmixin.py:205} WARNING - Dependency <Task(BashOperator): delete_entry_group>, create_entry_group already registered for DAG: example_complex
[2022-11-28T15:39:46.233+0000] {logging_mixin.py:137} INFO - [2022-11-28T15:39:46.233+0000] {taskmixin.py:205} WARNING - Dependency <Task(BashOperator): create_entry_gcs>, delete_entry already registered for DAG: example_complex
[2022-11-28T15:39:46.234+0000] {logging_mixin.py:137} INFO - [2022-11-28T15:39:46.233+0000] {taskmixin.py:205} WARNING - Dependency <Task(BashOperator): delete_entry>, create_entry_gcs already registered for DAG: example_complex
[2022-11-28T15:39:46.235+0000] {logging_mixin.py:137} INFO - [2022-11-28T15:39:46.235+0000] {taskmixin.py:205} WARNING - Dependency <Task(BashOperator): create_tag>, delete_tag already registered for DAG: example_complex
[2022-11-28T15:39:46.235+0000] {logging_mixin.py:137} INFO - [2022-11-28T15:39:46.235+0000] {taskmixin.py:205} WARNING - Dependency <Task(BashOperator): delete_tag>, create_tag already registered for DAG: example_complex
[2022-11-28T15:39:46.241+0000] {processor.py:766} INFO - DAG(s) dict_keys(['example_complex']) retrieved from /home/airflow/.local/lib/python3.7/site-packages/airflow/example_dags/example_complex.py
[2022-11-28T15:39:46.271+0000] {logging_mixin.py:137} INFO - [2022-11-28T15:39:46.271+0000] {dag.py:2585} INFO - Sync 1 DAGs
[2022-11-28T15:39:46.286+0000] {logging_mixin.py:137} INFO - [2022-11-28T15:39:46.286+0000] {dag.py:3340} INFO - Setting next_dagrun for example_complex to None, run_after=None
[2022-11-28T15:39:46.297+0000] {processor.py:176} INFO - Processing /home/airflow/.local/lib/python3.7/site-packages/airflow/example_dags/example_complex.py took 0.082 seconds
[2022-11-28T15:40:16.427+0000] {processor.py:154} INFO - Started process (PID=251) to work on /home/airflow/.local/lib/python3.7/site-packages/airflow/example_dags/example_complex.py
[2022-11-28T15:40:16.429+0000] {processor.py:756} INFO - Processing file /home/airflow/.local/lib/python3.7/site-packages/airflow/example_dags/example_complex.py for tasks to queue
[2022-11-28T15:40:16.431+0000] {logging_mixin.py:137} INFO - [2022-11-28T15:40:16.431+0000] {dagbag.py:537} INFO - Filling up the DagBag from /home/airflow/.local/lib/python3.7/site-packages/airflow/example_dags/example_complex.py
[2022-11-28T15:40:16.439+0000] {logging_mixin.py:137} INFO - [2022-11-28T15:40:16.439+0000] {taskmixin.py:205} WARNING - Dependency <Task(BashOperator): create_entry_group>, delete_entry_group already registered for DAG: example_complex
[2022-11-28T15:40:16.441+0000] {logging_mixin.py:137} INFO - [2022-11-28T15:40:16.440+0000] {taskmixin.py:205} WARNING - Dependency <Task(BashOperator): delete_entry_group>, create_entry_group already registered for DAG: example_complex
[2022-11-28T15:40:16.441+0000] {logging_mixin.py:137} INFO - [2022-11-28T15:40:16.441+0000] {taskmixin.py:205} WARNING - Dependency <Task(BashOperator): create_entry_gcs>, delete_entry already registered for DAG: example_complex
[2022-11-28T15:40:16.442+0000] {logging_mixin.py:137} INFO - [2022-11-28T15:40:16.442+0000] {taskmixin.py:205} WARNING - Dependency <Task(BashOperator): delete_entry>, create_entry_gcs already registered for DAG: example_complex
[2022-11-28T15:40:16.443+0000] {logging_mixin.py:137} INFO - [2022-11-28T15:40:16.443+0000] {taskmixin.py:205} WARNING - Dependency <Task(BashOperator): create_tag>, delete_tag already registered for DAG: example_complex
[2022-11-28T15:40:16.444+0000] {logging_mixin.py:137} INFO - [2022-11-28T15:40:16.444+0000] {taskmixin.py:205} WARNING - Dependency <Task(BashOperator): delete_tag>, create_tag already registered for DAG: example_complex
[2022-11-28T15:40:16.450+0000] {processor.py:766} INFO - DAG(s) dict_keys(['example_complex']) retrieved from /home/airflow/.local/lib/python3.7/site-packages/airflow/example_dags/example_complex.py
[2022-11-28T15:40:16.479+0000] {logging_mixin.py:137} INFO - [2022-11-28T15:40:16.479+0000] {dag.py:2585} INFO - Sync 1 DAGs
[2022-11-28T15:40:16.494+0000] {logging_mixin.py:137} INFO - [2022-11-28T15:40:16.494+0000] {dag.py:3340} INFO - Setting next_dagrun for example_complex to None, run_after=None
[2022-11-28T15:40:16.506+0000] {processor.py:176} INFO - Processing /home/airflow/.local/lib/python3.7/site-packages/airflow/example_dags/example_complex.py took 0.081 seconds
[2022-11-28T15:40:47.151+0000] {processor.py:154} INFO - Started process (PID=305) to work on /home/airflow/.local/lib/python3.7/site-packages/airflow/example_dags/example_complex.py
[2022-11-28T15:40:47.153+0000] {processor.py:756} INFO - Processing file /home/airflow/.local/lib/python3.7/site-packages/airflow/example_dags/example_complex.py for tasks to queue
[2022-11-28T15:40:47.154+0000] {logging_mixin.py:137} INFO - [2022-11-28T15:40:47.154+0000] {dagbag.py:537} INFO - Filling up the DagBag from /home/airflow/.local/lib/python3.7/site-packages/airflow/example_dags/example_complex.py
[2022-11-28T15:40:47.161+0000] {logging_mixin.py:137} INFO - [2022-11-28T15:40:47.161+0000] {taskmixin.py:205} WARNING - Dependency <Task(BashOperator): create_entry_group>, delete_entry_group already registered for DAG: example_complex
[2022-11-28T15:40:47.162+0000] {logging_mixin.py:137} INFO - [2022-11-28T15:40:47.162+0000] {taskmixin.py:205} WARNING - Dependency <Task(BashOperator): delete_entry_group>, create_entry_group already registered for DAG: example_complex
[2022-11-28T15:40:47.163+0000] {logging_mixin.py:137} INFO - [2022-11-28T15:40:47.163+0000] {taskmixin.py:205} WARNING - Dependency <Task(BashOperator): create_entry_gcs>, delete_entry already registered for DAG: example_complex
[2022-11-28T15:40:47.164+0000] {logging_mixin.py:137} INFO - [2022-11-28T15:40:47.164+0000] {taskmixin.py:205} WARNING - Dependency <Task(BashOperator): delete_entry>, create_entry_gcs already registered for DAG: example_complex
[2022-11-28T15:40:47.166+0000] {logging_mixin.py:137} INFO - [2022-11-28T15:40:47.165+0000] {taskmixin.py:205} WARNING - Dependency <Task(BashOperator): create_tag>, delete_tag already registered for DAG: example_complex
[2022-11-28T15:40:47.167+0000] {logging_mixin.py:137} INFO - [2022-11-28T15:40:47.167+0000] {taskmixin.py:205} WARNING - Dependency <Task(BashOperator): delete_tag>, create_tag already registered for DAG: example_complex
[2022-11-28T15:40:47.173+0000] {processor.py:766} INFO - DAG(s) dict_keys(['example_complex']) retrieved from /home/airflow/.local/lib/python3.7/site-packages/airflow/example_dags/example_complex.py
[2022-11-28T15:40:47.203+0000] {logging_mixin.py:137} INFO - [2022-11-28T15:40:47.203+0000] {dag.py:2585} INFO - Sync 1 DAGs
[2022-11-28T15:40:47.216+0000] {logging_mixin.py:137} INFO - [2022-11-28T15:40:47.216+0000] {dag.py:3340} INFO - Setting next_dagrun for example_complex to None, run_after=None
[2022-11-28T15:40:47.227+0000] {processor.py:176} INFO - Processing /home/airflow/.local/lib/python3.7/site-packages/airflow/example_dags/example_complex.py took 0.078 seconds
[2022-11-28T15:41:18.601+0000] {processor.py:154} INFO - Started process (PID=366) to work on /home/airflow/.local/lib/python3.7/site-packages/airflow/example_dags/example_complex.py
[2022-11-28T15:41:18.603+0000] {processor.py:756} INFO - Processing file /home/airflow/.local/lib/python3.7/site-packages/airflow/example_dags/example_complex.py for tasks to queue
[2022-11-28T15:41:18.605+0000] {logging_mixin.py:137} INFO - [2022-11-28T15:41:18.605+0000] {dagbag.py:537} INFO - Filling up the DagBag from /home/airflow/.local/lib/python3.7/site-packages/airflow/example_dags/example_complex.py
[2022-11-28T15:41:18.614+0000] {logging_mixin.py:137} INFO - [2022-11-28T15:41:18.614+0000] {taskmixin.py:205} WARNING - Dependency <Task(BashOperator): create_entry_group>, delete_entry_group already registered for DAG: example_complex
[2022-11-28T15:41:18.616+0000] {logging_mixin.py:137} INFO - [2022-11-28T15:41:18.616+0000] {taskmixin.py:205} WARNING - Dependency <Task(BashOperator): delete_entry_group>, create_entry_group already registered for DAG: example_complex
[2022-11-28T15:41:18.617+0000] {logging_mixin.py:137} INFO - [2022-11-28T15:41:18.617+0000] {taskmixin.py:205} WARNING - Dependency <Task(BashOperator): create_entry_gcs>, delete_entry already registered for DAG: example_complex
[2022-11-28T15:41:18.618+0000] {logging_mixin.py:137} INFO - [2022-11-28T15:41:18.618+0000] {taskmixin.py:205} WARNING - Dependency <Task(BashOperator): delete_entry>, create_entry_gcs already registered for DAG: example_complex
[2022-11-28T15:41:18.619+0000] {logging_mixin.py:137} INFO - [2022-11-28T15:41:18.619+0000] {taskmixin.py:205} WARNING - Dependency <Task(BashOperator): create_tag>, delete_tag already registered for DAG: example_complex
[2022-11-28T15:41:18.620+0000] {logging_mixin.py:137} INFO - [2022-11-28T15:41:18.620+0000] {taskmixin.py:205} WARNING - Dependency <Task(BashOperator): delete_tag>, create_tag already registered for DAG: example_complex
[2022-11-28T15:41:18.627+0000] {processor.py:766} INFO - DAG(s) dict_keys(['example_complex']) retrieved from /home/airflow/.local/lib/python3.7/site-packages/airflow/example_dags/example_complex.py
[2022-11-28T15:41:18.657+0000] {logging_mixin.py:137} INFO - [2022-11-28T15:41:18.657+0000] {dag.py:2585} INFO - Sync 1 DAGs
[2022-11-28T15:41:18.673+0000] {logging_mixin.py:137} INFO - [2022-11-28T15:41:18.673+0000] {dag.py:3340} INFO - Setting next_dagrun for example_complex to None, run_after=None
[2022-11-28T15:41:18.690+0000] {processor.py:176} INFO - Processing /home/airflow/.local/lib/python3.7/site-packages/airflow/example_dags/example_complex.py took 0.091 seconds
[2022-11-28T15:41:49.339+0000] {processor.py:154} INFO - Started process (PID=429) to work on /home/airflow/.local/lib/python3.7/site-packages/airflow/example_dags/example_complex.py
[2022-11-28T15:41:49.341+0000] {processor.py:756} INFO - Processing file /home/airflow/.local/lib/python3.7/site-packages/airflow/example_dags/example_complex.py for tasks to queue
[2022-11-28T15:41:49.346+0000] {logging_mixin.py:137} INFO - [2022-11-28T15:41:49.345+0000] {dagbag.py:537} INFO - Filling up the DagBag from /home/airflow/.local/lib/python3.7/site-packages/airflow/example_dags/example_complex.py
[2022-11-28T15:41:49.355+0000] {logging_mixin.py:137} INFO - [2022-11-28T15:41:49.355+0000] {taskmixin.py:205} WARNING - Dependency <Task(BashOperator): create_entry_group>, delete_entry_group already registered for DAG: example_complex
[2022-11-28T15:41:49.358+0000] {logging_mixin.py:137} INFO - [2022-11-28T15:41:49.357+0000] {taskmixin.py:205} WARNING - Dependency <Task(BashOperator): delete_entry_group>, create_entry_group already registered for DAG: example_complex
[2022-11-28T15:41:49.360+0000] {logging_mixin.py:137} INFO - [2022-11-28T15:41:49.360+0000] {taskmixin.py:205} WARNING - Dependency <Task(BashOperator): create_entry_gcs>, delete_entry already registered for DAG: example_complex
[2022-11-28T15:41:49.362+0000] {logging_mixin.py:137} INFO - [2022-11-28T15:41:49.362+0000] {taskmixin.py:205} WARNING - Dependency <Task(BashOperator): delete_entry>, create_entry_gcs already registered for DAG: example_complex
[2022-11-28T15:41:49.363+0000] {logging_mixin.py:137} INFO - [2022-11-28T15:41:49.363+0000] {taskmixin.py:205} WARNING - Dependency <Task(BashOperator): create_tag>, delete_tag already registered for DAG: example_complex
[2022-11-28T15:41:49.364+0000] {logging_mixin.py:137} INFO - [2022-11-28T15:41:49.364+0000] {taskmixin.py:205} WARNING - Dependency <Task(BashOperator): delete_tag>, create_tag already registered for DAG: example_complex
[2022-11-28T15:41:49.374+0000] {processor.py:766} INFO - DAG(s) dict_keys(['example_complex']) retrieved from /home/airflow/.local/lib/python3.7/site-packages/airflow/example_dags/example_complex.py
[2022-11-28T15:41:49.417+0000] {logging_mixin.py:137} INFO - [2022-11-28T15:41:49.417+0000] {dag.py:2585} INFO - Sync 1 DAGs
[2022-11-28T15:41:49.444+0000] {logging_mixin.py:137} INFO - [2022-11-28T15:41:49.444+0000] {dag.py:3340} INFO - Setting next_dagrun for example_complex to None, run_after=None
[2022-11-28T15:41:49.463+0000] {processor.py:176} INFO - Processing /home/airflow/.local/lib/python3.7/site-packages/airflow/example_dags/example_complex.py took 0.127 seconds
[2022-11-28T15:42:19.933+0000] {processor.py:154} INFO - Started process (PID=492) to work on /home/airflow/.local/lib/python3.7/site-packages/airflow/example_dags/example_complex.py
[2022-11-28T15:42:19.935+0000] {processor.py:756} INFO - Processing file /home/airflow/.local/lib/python3.7/site-packages/airflow/example_dags/example_complex.py for tasks to queue
[2022-11-28T15:42:19.936+0000] {logging_mixin.py:137} INFO - [2022-11-28T15:42:19.936+0000] {dagbag.py:537} INFO - Filling up the DagBag from /home/airflow/.local/lib/python3.7/site-packages/airflow/example_dags/example_complex.py
[2022-11-28T15:42:19.944+0000] {logging_mixin.py:137} INFO - [2022-11-28T15:42:19.943+0000] {taskmixin.py:205} WARNING - Dependency <Task(BashOperator): create_entry_group>, delete_entry_group already registered for DAG: example_complex
[2022-11-28T15:42:19.945+0000] {logging_mixin.py:137} INFO - [2022-11-28T15:42:19.944+0000] {taskmixin.py:205} WARNING - Dependency <Task(BashOperator): delete_entry_group>, create_entry_group already registered for DAG: example_complex
[2022-11-28T15:42:19.945+0000] {logging_mixin.py:137} INFO - [2022-11-28T15:42:19.945+0000] {taskmixin.py:205} WARNING - Dependency <Task(BashOperator): create_entry_gcs>, delete_entry already registered for DAG: example_complex
[2022-11-28T15:42:19.946+0000] {logging_mixin.py:137} INFO - [2022-11-28T15:42:19.946+0000] {taskmixin.py:205} WARNING - Dependency <Task(BashOperator): delete_entry>, create_entry_gcs already registered for DAG: example_complex
[2022-11-28T15:42:19.947+0000] {logging_mixin.py:137} INFO - [2022-11-28T15:42:19.947+0000] {taskmixin.py:205} WARNING - Dependency <Task(BashOperator): create_tag>, delete_tag already registered for DAG: example_complex
[2022-11-28T15:42:19.948+0000] {logging_mixin.py:137} INFO - [2022-11-28T15:42:19.948+0000] {taskmixin.py:205} WARNING - Dependency <Task(BashOperator): delete_tag>, create_tag already registered for DAG: example_complex
[2022-11-28T15:42:19.954+0000] {processor.py:766} INFO - DAG(s) dict_keys(['example_complex']) retrieved from /home/airflow/.local/lib/python3.7/site-packages/airflow/example_dags/example_complex.py
[2022-11-28T15:42:19.986+0000] {logging_mixin.py:137} INFO - [2022-11-28T15:42:19.985+0000] {dag.py:2585} INFO - Sync 1 DAGs
[2022-11-28T15:42:20.005+0000] {logging_mixin.py:137} INFO - [2022-11-28T15:42:20.005+0000] {dag.py:3340} INFO - Setting next_dagrun for example_complex to None, run_after=None
[2022-11-28T15:42:20.018+0000] {processor.py:176} INFO - Processing /home/airflow/.local/lib/python3.7/site-packages/airflow/example_dags/example_complex.py took 0.088 seconds
[2022-11-28T15:42:50.393+0000] {processor.py:154} INFO - Started process (PID=554) to work on /home/airflow/.local/lib/python3.7/site-packages/airflow/example_dags/example_complex.py
[2022-11-28T15:42:50.396+0000] {processor.py:756} INFO - Processing file /home/airflow/.local/lib/python3.7/site-packages/airflow/example_dags/example_complex.py for tasks to queue
[2022-11-28T15:42:50.398+0000] {logging_mixin.py:137} INFO - [2022-11-28T15:42:50.397+0000] {dagbag.py:537} INFO - Filling up the DagBag from /home/airflow/.local/lib/python3.7/site-packages/airflow/example_dags/example_complex.py
[2022-11-28T15:42:50.407+0000] {logging_mixin.py:137} INFO - [2022-11-28T15:42:50.407+0000] {taskmixin.py:205} WARNING - Dependency <Task(BashOperator): create_entry_group>, delete_entry_group already registered for DAG: example_complex
[2022-11-28T15:42:50.408+0000] {logging_mixin.py:137} INFO - [2022-11-28T15:42:50.408+0000] {taskmixin.py:205} WARNING - Dependency <Task(BashOperator): delete_entry_group>, create_entry_group already registered for DAG: example_complex
[2022-11-28T15:42:50.409+0000] {logging_mixin.py:137} INFO - [2022-11-28T15:42:50.409+0000] {taskmixin.py:205} WARNING - Dependency <Task(BashOperator): create_entry_gcs>, delete_entry already registered for DAG: example_complex
[2022-11-28T15:42:50.410+0000] {logging_mixin.py:137} INFO - [2022-11-28T15:42:50.410+0000] {taskmixin.py:205} WARNING - Dependency <Task(BashOperator): delete_entry>, create_entry_gcs already registered for DAG: example_complex
[2022-11-28T15:42:50.412+0000] {logging_mixin.py:137} INFO - [2022-11-28T15:42:50.412+0000] {taskmixin.py:205} WARNING - Dependency <Task(BashOperator): create_tag>, delete_tag already registered for DAG: example_complex
[2022-11-28T15:42:50.414+0000] {logging_mixin.py:137} INFO - [2022-11-28T15:42:50.414+0000] {taskmixin.py:205} WARNING - Dependency <Task(BashOperator): delete_tag>, create_tag already registered for DAG: example_complex
[2022-11-28T15:42:50.420+0000] {processor.py:766} INFO - DAG(s) dict_keys(['example_complex']) retrieved from /home/airflow/.local/lib/python3.7/site-packages/airflow/example_dags/example_complex.py
[2022-11-28T15:42:50.453+0000] {logging_mixin.py:137} INFO - [2022-11-28T15:42:50.453+0000] {dag.py:2585} INFO - Sync 1 DAGs
[2022-11-28T15:42:50.472+0000] {logging_mixin.py:137} INFO - [2022-11-28T15:42:50.472+0000] {dag.py:3340} INFO - Setting next_dagrun for example_complex to None, run_after=None
[2022-11-28T15:42:50.489+0000] {processor.py:176} INFO - Processing /home/airflow/.local/lib/python3.7/site-packages/airflow/example_dags/example_complex.py took 0.098 seconds
[2022-11-28T15:43:21.207+0000] {processor.py:154} INFO - Started process (PID=616) to work on /home/airflow/.local/lib/python3.7/site-packages/airflow/example_dags/example_complex.py
[2022-11-28T15:43:21.208+0000] {processor.py:756} INFO - Processing file /home/airflow/.local/lib/python3.7/site-packages/airflow/example_dags/example_complex.py for tasks to queue
[2022-11-28T15:43:21.209+0000] {logging_mixin.py:137} INFO - [2022-11-28T15:43:21.209+0000] {dagbag.py:537} INFO - Filling up the DagBag from /home/airflow/.local/lib/python3.7/site-packages/airflow/example_dags/example_complex.py
[2022-11-28T15:43:21.218+0000] {logging_mixin.py:137} INFO - [2022-11-28T15:43:21.218+0000] {taskmixin.py:205} WARNING - Dependency <Task(BashOperator): create_entry_group>, delete_entry_group already registered for DAG: example_complex
[2022-11-28T15:43:21.220+0000] {logging_mixin.py:137} INFO - [2022-11-28T15:43:21.220+0000] {taskmixin.py:205} WARNING - Dependency <Task(BashOperator): delete_entry_group>, create_entry_group already registered for DAG: example_complex
[2022-11-28T15:43:21.221+0000] {logging_mixin.py:137} INFO - [2022-11-28T15:43:21.221+0000] {taskmixin.py:205} WARNING - Dependency <Task(BashOperator): create_entry_gcs>, delete_entry already registered for DAG: example_complex
[2022-11-28T15:43:21.222+0000] {logging_mixin.py:137} INFO - [2022-11-28T15:43:21.222+0000] {taskmixin.py:205} WARNING - Dependency <Task(BashOperator): delete_entry>, create_entry_gcs already registered for DAG: example_complex
[2022-11-28T15:43:21.223+0000] {logging_mixin.py:137} INFO - [2022-11-28T15:43:21.223+0000] {taskmixin.py:205} WARNING - Dependency <Task(BashOperator): create_tag>, delete_tag already registered for DAG: example_complex
[2022-11-28T15:43:21.224+0000] {logging_mixin.py:137} INFO - [2022-11-28T15:43:21.224+0000] {taskmixin.py:205} WARNING - Dependency <Task(BashOperator): delete_tag>, create_tag already registered for DAG: example_complex
[2022-11-28T15:43:21.229+0000] {processor.py:766} INFO - DAG(s) dict_keys(['example_complex']) retrieved from /home/airflow/.local/lib/python3.7/site-packages/airflow/example_dags/example_complex.py
[2022-11-28T15:43:21.259+0000] {logging_mixin.py:137} INFO - [2022-11-28T15:43:21.259+0000] {dag.py:2585} INFO - Sync 1 DAGs
[2022-11-28T15:43:21.275+0000] {logging_mixin.py:137} INFO - [2022-11-28T15:43:21.275+0000] {dag.py:3340} INFO - Setting next_dagrun for example_complex to None, run_after=None
[2022-11-28T15:43:21.290+0000] {processor.py:176} INFO - Processing /home/airflow/.local/lib/python3.7/site-packages/airflow/example_dags/example_complex.py took 0.086 seconds
[2022-11-28T15:43:52.260+0000] {processor.py:154} INFO - Started process (PID=671) to work on /home/airflow/.local/lib/python3.7/site-packages/airflow/example_dags/example_complex.py
[2022-11-28T15:43:52.261+0000] {processor.py:756} INFO - Processing file /home/airflow/.local/lib/python3.7/site-packages/airflow/example_dags/example_complex.py for tasks to queue
[2022-11-28T15:43:52.263+0000] {logging_mixin.py:137} INFO - [2022-11-28T15:43:52.263+0000] {dagbag.py:537} INFO - Filling up the DagBag from /home/airflow/.local/lib/python3.7/site-packages/airflow/example_dags/example_complex.py
[2022-11-28T15:43:52.270+0000] {logging_mixin.py:137} INFO - [2022-11-28T15:43:52.270+0000] {taskmixin.py:205} WARNING - Dependency <Task(BashOperator): create_entry_group>, delete_entry_group already registered for DAG: example_complex
[2022-11-28T15:43:52.271+0000] {logging_mixin.py:137} INFO - [2022-11-28T15:43:52.271+0000] {taskmixin.py:205} WARNING - Dependency <Task(BashOperator): delete_entry_group>, create_entry_group already registered for DAG: example_complex
[2022-11-28T15:43:52.273+0000] {logging_mixin.py:137} INFO - [2022-11-28T15:43:52.272+0000] {taskmixin.py:205} WARNING - Dependency <Task(BashOperator): create_entry_gcs>, delete_entry already registered for DAG: example_complex
[2022-11-28T15:43:52.273+0000] {logging_mixin.py:137} INFO - [2022-11-28T15:43:52.273+0000] {taskmixin.py:205} WARNING - Dependency <Task(BashOperator): delete_entry>, create_entry_gcs already registered for DAG: example_complex
[2022-11-28T15:43:52.274+0000] {logging_mixin.py:137} INFO - [2022-11-28T15:43:52.274+0000] {taskmixin.py:205} WARNING - Dependency <Task(BashOperator): create_tag>, delete_tag already registered for DAG: example_complex
[2022-11-28T15:43:52.275+0000] {logging_mixin.py:137} INFO - [2022-11-28T15:43:52.275+0000] {taskmixin.py:205} WARNING - Dependency <Task(BashOperator): delete_tag>, create_tag already registered for DAG: example_complex
[2022-11-28T15:43:52.282+0000] {processor.py:766} INFO - DAG(s) dict_keys(['example_complex']) retrieved from /home/airflow/.local/lib/python3.7/site-packages/airflow/example_dags/example_complex.py
[2022-11-28T15:43:52.314+0000] {logging_mixin.py:137} INFO - [2022-11-28T15:43:52.314+0000] {dag.py:2585} INFO - Sync 1 DAGs
[2022-11-28T15:43:52.335+0000] {logging_mixin.py:137} INFO - [2022-11-28T15:43:52.335+0000] {dag.py:3340} INFO - Setting next_dagrun for example_complex to None, run_after=None
[2022-11-28T15:43:52.347+0000] {processor.py:176} INFO - Processing /home/airflow/.local/lib/python3.7/site-packages/airflow/example_dags/example_complex.py took 0.090 seconds
[2022-11-28T15:44:23.249+0000] {processor.py:154} INFO - Started process (PID=734) to work on /home/airflow/.local/lib/python3.7/site-packages/airflow/example_dags/example_complex.py
[2022-11-28T15:44:23.251+0000] {processor.py:756} INFO - Processing file /home/airflow/.local/lib/python3.7/site-packages/airflow/example_dags/example_complex.py for tasks to queue
[2022-11-28T15:44:23.253+0000] {logging_mixin.py:137} INFO - [2022-11-28T15:44:23.252+0000] {dagbag.py:537} INFO - Filling up the DagBag from /home/airflow/.local/lib/python3.7/site-packages/airflow/example_dags/example_complex.py
[2022-11-28T15:44:23.260+0000] {logging_mixin.py:137} INFO - [2022-11-28T15:44:23.260+0000] {taskmixin.py:205} WARNING - Dependency <Task(BashOperator): create_entry_group>, delete_entry_group already registered for DAG: example_complex
[2022-11-28T15:44:23.261+0000] {logging_mixin.py:137} INFO - [2022-11-28T15:44:23.261+0000] {taskmixin.py:205} WARNING - Dependency <Task(BashOperator): delete_entry_group>, create_entry_group already registered for DAG: example_complex
[2022-11-28T15:44:23.262+0000] {logging_mixin.py:137} INFO - [2022-11-28T15:44:23.262+0000] {taskmixin.py:205} WARNING - Dependency <Task(BashOperator): create_entry_gcs>, delete_entry already registered for DAG: example_complex
[2022-11-28T15:44:23.263+0000] {logging_mixin.py:137} INFO - [2022-11-28T15:44:23.263+0000] {taskmixin.py:205} WARNING - Dependency <Task(BashOperator): delete_entry>, create_entry_gcs already registered for DAG: example_complex
[2022-11-28T15:44:23.264+0000] {logging_mixin.py:137} INFO - [2022-11-28T15:44:23.264+0000] {taskmixin.py:205} WARNING - Dependency <Task(BashOperator): create_tag>, delete_tag already registered for DAG: example_complex
[2022-11-28T15:44:23.265+0000] {logging_mixin.py:137} INFO - [2022-11-28T15:44:23.265+0000] {taskmixin.py:205} WARNING - Dependency <Task(BashOperator): delete_tag>, create_tag already registered for DAG: example_complex
[2022-11-28T15:44:23.271+0000] {processor.py:766} INFO - DAG(s) dict_keys(['example_complex']) retrieved from /home/airflow/.local/lib/python3.7/site-packages/airflow/example_dags/example_complex.py
[2022-11-28T15:44:23.300+0000] {logging_mixin.py:137} INFO - [2022-11-28T15:44:23.300+0000] {dag.py:2585} INFO - Sync 1 DAGs
[2022-11-28T15:44:23.316+0000] {logging_mixin.py:137} INFO - [2022-11-28T15:44:23.316+0000] {dag.py:3340} INFO - Setting next_dagrun for example_complex to None, run_after=None
[2022-11-28T15:44:23.330+0000] {processor.py:176} INFO - Processing /home/airflow/.local/lib/python3.7/site-packages/airflow/example_dags/example_complex.py took 0.083 seconds
[2022-11-28T15:44:53.835+0000] {processor.py:154} INFO - Started process (PID=797) to work on /home/airflow/.local/lib/python3.7/site-packages/airflow/example_dags/example_complex.py
[2022-11-28T15:44:53.837+0000] {processor.py:756} INFO - Processing file /home/airflow/.local/lib/python3.7/site-packages/airflow/example_dags/example_complex.py for tasks to queue
[2022-11-28T15:44:53.838+0000] {logging_mixin.py:137} INFO - [2022-11-28T15:44:53.838+0000] {dagbag.py:537} INFO - Filling up the DagBag from /home/airflow/.local/lib/python3.7/site-packages/airflow/example_dags/example_complex.py
[2022-11-28T15:44:53.846+0000] {logging_mixin.py:137} INFO - [2022-11-28T15:44:53.846+0000] {taskmixin.py:205} WARNING - Dependency <Task(BashOperator): create_entry_group>, delete_entry_group already registered for DAG: example_complex
[2022-11-28T15:44:53.847+0000] {logging_mixin.py:137} INFO - [2022-11-28T15:44:53.847+0000] {taskmixin.py:205} WARNING - Dependency <Task(BashOperator): delete_entry_group>, create_entry_group already registered for DAG: example_complex
[2022-11-28T15:44:53.848+0000] {logging_mixin.py:137} INFO - [2022-11-28T15:44:53.848+0000] {taskmixin.py:205} WARNING - Dependency <Task(BashOperator): create_entry_gcs>, delete_entry already registered for DAG: example_complex
[2022-11-28T15:44:53.850+0000] {logging_mixin.py:137} INFO - [2022-11-28T15:44:53.850+0000] {taskmixin.py:205} WARNING - Dependency <Task(BashOperator): delete_entry>, create_entry_gcs already registered for DAG: example_complex
[2022-11-28T15:44:53.851+0000] {logging_mixin.py:137} INFO - [2022-11-28T15:44:53.851+0000] {taskmixin.py:205} WARNING - Dependency <Task(BashOperator): create_tag>, delete_tag already registered for DAG: example_complex
[2022-11-28T15:44:53.852+0000] {logging_mixin.py:137} INFO - [2022-11-28T15:44:53.852+0000] {taskmixin.py:205} WARNING - Dependency <Task(BashOperator): delete_tag>, create_tag already registered for DAG: example_complex
[2022-11-28T15:44:53.858+0000] {processor.py:766} INFO - DAG(s) dict_keys(['example_complex']) retrieved from /home/airflow/.local/lib/python3.7/site-packages/airflow/example_dags/example_complex.py
[2022-11-28T15:44:53.888+0000] {logging_mixin.py:137} INFO - [2022-11-28T15:44:53.888+0000] {dag.py:2585} INFO - Sync 1 DAGs
[2022-11-28T15:44:53.907+0000] {logging_mixin.py:137} INFO - [2022-11-28T15:44:53.907+0000] {dag.py:3340} INFO - Setting next_dagrun for example_complex to None, run_after=None
[2022-11-28T15:44:53.927+0000] {processor.py:176} INFO - Processing /home/airflow/.local/lib/python3.7/site-packages/airflow/example_dags/example_complex.py took 0.095 seconds
[2022-11-28T15:45:24.878+0000] {processor.py:154} INFO - Started process (PID=860) to work on /home/airflow/.local/lib/python3.7/site-packages/airflow/example_dags/example_complex.py
[2022-11-28T15:45:24.880+0000] {processor.py:756} INFO - Processing file /home/airflow/.local/lib/python3.7/site-packages/airflow/example_dags/example_complex.py for tasks to queue
[2022-11-28T15:45:24.881+0000] {logging_mixin.py:137} INFO - [2022-11-28T15:45:24.881+0000] {dagbag.py:537} INFO - Filling up the DagBag from /home/airflow/.local/lib/python3.7/site-packages/airflow/example_dags/example_complex.py
[2022-11-28T15:45:24.889+0000] {logging_mixin.py:137} INFO - [2022-11-28T15:45:24.888+0000] {taskmixin.py:205} WARNING - Dependency <Task(BashOperator): create_entry_group>, delete_entry_group already registered for DAG: example_complex
[2022-11-28T15:45:24.890+0000] {logging_mixin.py:137} INFO - [2022-11-28T15:45:24.890+0000] {taskmixin.py:205} WARNING - Dependency <Task(BashOperator): delete_entry_group>, create_entry_group already registered for DAG: example_complex
[2022-11-28T15:45:24.892+0000] {logging_mixin.py:137} INFO - [2022-11-28T15:45:24.892+0000] {taskmixin.py:205} WARNING - Dependency <Task(BashOperator): create_entry_gcs>, delete_entry already registered for DAG: example_complex
[2022-11-28T15:45:24.893+0000] {logging_mixin.py:137} INFO - [2022-11-28T15:45:24.893+0000] {taskmixin.py:205} WARNING - Dependency <Task(BashOperator): delete_entry>, create_entry_gcs already registered for DAG: example_complex
[2022-11-28T15:45:24.895+0000] {logging_mixin.py:137} INFO - [2022-11-28T15:45:24.895+0000] {taskmixin.py:205} WARNING - Dependency <Task(BashOperator): create_tag>, delete_tag already registered for DAG: example_complex
[2022-11-28T15:45:24.896+0000] {logging_mixin.py:137} INFO - [2022-11-28T15:45:24.896+0000] {taskmixin.py:205} WARNING - Dependency <Task(BashOperator): delete_tag>, create_tag already registered for DAG: example_complex
[2022-11-28T15:45:24.903+0000] {processor.py:766} INFO - DAG(s) dict_keys(['example_complex']) retrieved from /home/airflow/.local/lib/python3.7/site-packages/airflow/example_dags/example_complex.py
[2022-11-28T15:45:24.941+0000] {logging_mixin.py:137} INFO - [2022-11-28T15:45:24.941+0000] {dag.py:2585} INFO - Sync 1 DAGs
[2022-11-28T15:45:24.964+0000] {logging_mixin.py:137} INFO - [2022-11-28T15:45:24.964+0000] {dag.py:3340} INFO - Setting next_dagrun for example_complex to None, run_after=None
[2022-11-28T15:45:24.981+0000] {processor.py:176} INFO - Processing /home/airflow/.local/lib/python3.7/site-packages/airflow/example_dags/example_complex.py took 0.106 seconds
[2022-11-28T15:45:55.551+0000] {processor.py:154} INFO - Started process (PID=925) to work on /home/airflow/.local/lib/python3.7/site-packages/airflow/example_dags/example_complex.py
[2022-11-28T15:45:55.553+0000] {processor.py:756} INFO - Processing file /home/airflow/.local/lib/python3.7/site-packages/airflow/example_dags/example_complex.py for tasks to queue
[2022-11-28T15:45:55.554+0000] {logging_mixin.py:137} INFO - [2022-11-28T15:45:55.554+0000] {dagbag.py:537} INFO - Filling up the DagBag from /home/airflow/.local/lib/python3.7/site-packages/airflow/example_dags/example_complex.py
[2022-11-28T15:45:55.561+0000] {logging_mixin.py:137} INFO - [2022-11-28T15:45:55.561+0000] {taskmixin.py:205} WARNING - Dependency <Task(BashOperator): create_entry_group>, delete_entry_group already registered for DAG: example_complex
[2022-11-28T15:45:55.562+0000] {logging_mixin.py:137} INFO - [2022-11-28T15:45:55.562+0000] {taskmixin.py:205} WARNING - Dependency <Task(BashOperator): delete_entry_group>, create_entry_group already registered for DAG: example_complex
[2022-11-28T15:45:55.564+0000] {logging_mixin.py:137} INFO - [2022-11-28T15:45:55.563+0000] {taskmixin.py:205} WARNING - Dependency <Task(BashOperator): create_entry_gcs>, delete_entry already registered for DAG: example_complex
[2022-11-28T15:45:55.565+0000] {logging_mixin.py:137} INFO - [2022-11-28T15:45:55.565+0000] {taskmixin.py:205} WARNING - Dependency <Task(BashOperator): delete_entry>, create_entry_gcs already registered for DAG: example_complex
[2022-11-28T15:45:55.566+0000] {logging_mixin.py:137} INFO - [2022-11-28T15:45:55.566+0000] {taskmixin.py:205} WARNING - Dependency <Task(BashOperator): create_tag>, delete_tag already registered for DAG: example_complex
[2022-11-28T15:45:55.567+0000] {logging_mixin.py:137} INFO - [2022-11-28T15:45:55.567+0000] {taskmixin.py:205} WARNING - Dependency <Task(BashOperator): delete_tag>, create_tag already registered for DAG: example_complex
[2022-11-28T15:45:55.572+0000] {processor.py:766} INFO - DAG(s) dict_keys(['example_complex']) retrieved from /home/airflow/.local/lib/python3.7/site-packages/airflow/example_dags/example_complex.py
[2022-11-28T15:45:55.603+0000] {logging_mixin.py:137} INFO - [2022-11-28T15:45:55.603+0000] {dag.py:2585} INFO - Sync 1 DAGs
[2022-11-28T15:45:55.620+0000] {logging_mixin.py:137} INFO - [2022-11-28T15:45:55.620+0000] {dag.py:3340} INFO - Setting next_dagrun for example_complex to None, run_after=None
[2022-11-28T15:45:55.636+0000] {processor.py:176} INFO - Processing /home/airflow/.local/lib/python3.7/site-packages/airflow/example_dags/example_complex.py took 0.088 seconds
[2022-11-28T15:46:26.288+0000] {processor.py:154} INFO - Started process (PID=988) to work on /home/airflow/.local/lib/python3.7/site-packages/airflow/example_dags/example_complex.py
[2022-11-28T15:46:26.290+0000] {processor.py:756} INFO - Processing file /home/airflow/.local/lib/python3.7/site-packages/airflow/example_dags/example_complex.py for tasks to queue
[2022-11-28T15:46:26.293+0000] {logging_mixin.py:137} INFO - [2022-11-28T15:46:26.292+0000] {dagbag.py:537} INFO - Filling up the DagBag from /home/airflow/.local/lib/python3.7/site-packages/airflow/example_dags/example_complex.py
[2022-11-28T15:46:26.300+0000] {logging_mixin.py:137} INFO - [2022-11-28T15:46:26.300+0000] {taskmixin.py:205} WARNING - Dependency <Task(BashOperator): create_entry_group>, delete_entry_group already registered for DAG: example_complex
[2022-11-28T15:46:26.302+0000] {logging_mixin.py:137} INFO - [2022-11-28T15:46:26.302+0000] {taskmixin.py:205} WARNING - Dependency <Task(BashOperator): delete_entry_group>, create_entry_group already registered for DAG: example_complex
[2022-11-28T15:46:26.303+0000] {logging_mixin.py:137} INFO - [2022-11-28T15:46:26.303+0000] {taskmixin.py:205} WARNING - Dependency <Task(BashOperator): create_entry_gcs>, delete_entry already registered for DAG: example_complex
[2022-11-28T15:46:26.303+0000] {logging_mixin.py:137} INFO - [2022-11-28T15:46:26.303+0000] {taskmixin.py:205} WARNING - Dependency <Task(BashOperator): delete_entry>, create_entry_gcs already registered for DAG: example_complex
[2022-11-28T15:46:26.305+0000] {logging_mixin.py:137} INFO - [2022-11-28T15:46:26.305+0000] {taskmixin.py:205} WARNING - Dependency <Task(BashOperator): create_tag>, delete_tag already registered for DAG: example_complex
[2022-11-28T15:46:26.306+0000] {logging_mixin.py:137} INFO - [2022-11-28T15:46:26.305+0000] {taskmixin.py:205} WARNING - Dependency <Task(BashOperator): delete_tag>, create_tag already registered for DAG: example_complex
[2022-11-28T15:46:26.312+0000] {processor.py:766} INFO - DAG(s) dict_keys(['example_complex']) retrieved from /home/airflow/.local/lib/python3.7/site-packages/airflow/example_dags/example_complex.py
[2022-11-28T15:46:26.351+0000] {logging_mixin.py:137} INFO - [2022-11-28T15:46:26.351+0000] {dag.py:2585} INFO - Sync 1 DAGs
[2022-11-28T15:46:26.370+0000] {logging_mixin.py:137} INFO - [2022-11-28T15:46:26.370+0000] {dag.py:3340} INFO - Setting next_dagrun for example_complex to None, run_after=None
[2022-11-28T15:46:26.384+0000] {processor.py:176} INFO - Processing /home/airflow/.local/lib/python3.7/site-packages/airflow/example_dags/example_complex.py took 0.100 seconds
[2022-11-28T15:46:57.293+0000] {processor.py:154} INFO - Started process (PID=1043) to work on /home/airflow/.local/lib/python3.7/site-packages/airflow/example_dags/example_complex.py
[2022-11-28T15:46:57.295+0000] {processor.py:756} INFO - Processing file /home/airflow/.local/lib/python3.7/site-packages/airflow/example_dags/example_complex.py for tasks to queue
[2022-11-28T15:46:57.296+0000] {logging_mixin.py:137} INFO - [2022-11-28T15:46:57.296+0000] {dagbag.py:537} INFO - Filling up the DagBag from /home/airflow/.local/lib/python3.7/site-packages/airflow/example_dags/example_complex.py
[2022-11-28T15:46:57.311+0000] {logging_mixin.py:137} INFO - [2022-11-28T15:46:57.311+0000] {taskmixin.py:205} WARNING - Dependency <Task(BashOperator): create_entry_group>, delete_entry_group already registered for DAG: example_complex
[2022-11-28T15:46:57.316+0000] {logging_mixin.py:137} INFO - [2022-11-28T15:46:57.316+0000] {taskmixin.py:205} WARNING - Dependency <Task(BashOperator): delete_entry_group>, create_entry_group already registered for DAG: example_complex
[2022-11-28T15:46:57.318+0000] {logging_mixin.py:137} INFO - [2022-11-28T15:46:57.318+0000] {taskmixin.py:205} WARNING - Dependency <Task(BashOperator): create_entry_gcs>, delete_entry already registered for DAG: example_complex
[2022-11-28T15:46:57.319+0000] {logging_mixin.py:137} INFO - [2022-11-28T15:46:57.319+0000] {taskmixin.py:205} WARNING - Dependency <Task(BashOperator): delete_entry>, create_entry_gcs already registered for DAG: example_complex
[2022-11-28T15:46:57.320+0000] {logging_mixin.py:137} INFO - [2022-11-28T15:46:57.320+0000] {taskmixin.py:205} WARNING - Dependency <Task(BashOperator): create_tag>, delete_tag already registered for DAG: example_complex
[2022-11-28T15:46:57.322+0000] {logging_mixin.py:137} INFO - [2022-11-28T15:46:57.322+0000] {taskmixin.py:205} WARNING - Dependency <Task(BashOperator): delete_tag>, create_tag already registered for DAG: example_complex
[2022-11-28T15:46:57.337+0000] {processor.py:766} INFO - DAG(s) dict_keys(['example_complex']) retrieved from /home/airflow/.local/lib/python3.7/site-packages/airflow/example_dags/example_complex.py
[2022-11-28T15:46:57.370+0000] {logging_mixin.py:137} INFO - [2022-11-28T15:46:57.370+0000] {dag.py:2585} INFO - Sync 1 DAGs
[2022-11-28T15:46:57.388+0000] {logging_mixin.py:137} INFO - [2022-11-28T15:46:57.388+0000] {dag.py:3340} INFO - Setting next_dagrun for example_complex to None, run_after=None
[2022-11-28T15:46:57.401+0000] {processor.py:176} INFO - Processing /home/airflow/.local/lib/python3.7/site-packages/airflow/example_dags/example_complex.py took 0.126 seconds
[2022-11-28T15:47:27.885+0000] {processor.py:154} INFO - Started process (PID=1107) to work on /home/airflow/.local/lib/python3.7/site-packages/airflow/example_dags/example_complex.py
[2022-11-28T15:47:27.888+0000] {processor.py:756} INFO - Processing file /home/airflow/.local/lib/python3.7/site-packages/airflow/example_dags/example_complex.py for tasks to queue
[2022-11-28T15:47:27.891+0000] {logging_mixin.py:137} INFO - [2022-11-28T15:47:27.891+0000] {dagbag.py:537} INFO - Filling up the DagBag from /home/airflow/.local/lib/python3.7/site-packages/airflow/example_dags/example_complex.py
[2022-11-28T15:47:27.900+0000] {logging_mixin.py:137} INFO - [2022-11-28T15:47:27.900+0000] {taskmixin.py:205} WARNING - Dependency <Task(BashOperator): create_entry_group>, delete_entry_group already registered for DAG: example_complex
[2022-11-28T15:47:27.902+0000] {logging_mixin.py:137} INFO - [2022-11-28T15:47:27.902+0000] {taskmixin.py:205} WARNING - Dependency <Task(BashOperator): delete_entry_group>, create_entry_group already registered for DAG: example_complex
[2022-11-28T15:47:27.903+0000] {logging_mixin.py:137} INFO - [2022-11-28T15:47:27.902+0000] {taskmixin.py:205} WARNING - Dependency <Task(BashOperator): create_entry_gcs>, delete_entry already registered for DAG: example_complex
[2022-11-28T15:47:27.904+0000] {logging_mixin.py:137} INFO - [2022-11-28T15:47:27.904+0000] {taskmixin.py:205} WARNING - Dependency <Task(BashOperator): delete_entry>, create_entry_gcs already registered for DAG: example_complex
[2022-11-28T15:47:27.906+0000] {logging_mixin.py:137} INFO - [2022-11-28T15:47:27.905+0000] {taskmixin.py:205} WARNING - Dependency <Task(BashOperator): create_tag>, delete_tag already registered for DAG: example_complex
[2022-11-28T15:47:27.908+0000] {logging_mixin.py:137} INFO - [2022-11-28T15:47:27.906+0000] {taskmixin.py:205} WARNING - Dependency <Task(BashOperator): delete_tag>, create_tag already registered for DAG: example_complex
[2022-11-28T15:47:27.914+0000] {processor.py:766} INFO - DAG(s) dict_keys(['example_complex']) retrieved from /home/airflow/.local/lib/python3.7/site-packages/airflow/example_dags/example_complex.py
[2022-11-28T15:47:27.945+0000] {logging_mixin.py:137} INFO - [2022-11-28T15:47:27.944+0000] {dag.py:2585} INFO - Sync 1 DAGs
[2022-11-28T15:47:27.962+0000] {logging_mixin.py:137} INFO - [2022-11-28T15:47:27.962+0000] {dag.py:3340} INFO - Setting next_dagrun for example_complex to None, run_after=None
[2022-11-28T15:47:27.974+0000] {processor.py:176} INFO - Processing /home/airflow/.local/lib/python3.7/site-packages/airflow/example_dags/example_complex.py took 0.091 seconds
[2022-11-28T15:47:58.451+0000] {processor.py:154} INFO - Started process (PID=1172) to work on /home/airflow/.local/lib/python3.7/site-packages/airflow/example_dags/example_complex.py
[2022-11-28T15:47:58.453+0000] {processor.py:756} INFO - Processing file /home/airflow/.local/lib/python3.7/site-packages/airflow/example_dags/example_complex.py for tasks to queue
[2022-11-28T15:47:58.454+0000] {logging_mixin.py:137} INFO - [2022-11-28T15:47:58.454+0000] {dagbag.py:537} INFO - Filling up the DagBag from /home/airflow/.local/lib/python3.7/site-packages/airflow/example_dags/example_complex.py
[2022-11-28T15:47:58.461+0000] {logging_mixin.py:137} INFO - [2022-11-28T15:47:58.461+0000] {taskmixin.py:205} WARNING - Dependency <Task(BashOperator): create_entry_group>, delete_entry_group already registered for DAG: example_complex
[2022-11-28T15:47:58.462+0000] {logging_mixin.py:137} INFO - [2022-11-28T15:47:58.462+0000] {taskmixin.py:205} WARNING - Dependency <Task(BashOperator): delete_entry_group>, create_entry_group already registered for DAG: example_complex
[2022-11-28T15:47:58.463+0000] {logging_mixin.py:137} INFO - [2022-11-28T15:47:58.463+0000] {taskmixin.py:205} WARNING - Dependency <Task(BashOperator): create_entry_gcs>, delete_entry already registered for DAG: example_complex
[2022-11-28T15:47:58.464+0000] {logging_mixin.py:137} INFO - [2022-11-28T15:47:58.464+0000] {taskmixin.py:205} WARNING - Dependency <Task(BashOperator): delete_entry>, create_entry_gcs already registered for DAG: example_complex
[2022-11-28T15:47:58.465+0000] {logging_mixin.py:137} INFO - [2022-11-28T15:47:58.465+0000] {taskmixin.py:205} WARNING - Dependency <Task(BashOperator): create_tag>, delete_tag already registered for DAG: example_complex
[2022-11-28T15:47:58.466+0000] {logging_mixin.py:137} INFO - [2022-11-28T15:47:58.466+0000] {taskmixin.py:205} WARNING - Dependency <Task(BashOperator): delete_tag>, create_tag already registered for DAG: example_complex
[2022-11-28T15:47:58.473+0000] {processor.py:766} INFO - DAG(s) dict_keys(['example_complex']) retrieved from /home/airflow/.local/lib/python3.7/site-packages/airflow/example_dags/example_complex.py
[2022-11-28T15:47:58.504+0000] {logging_mixin.py:137} INFO - [2022-11-28T15:47:58.503+0000] {dag.py:2585} INFO - Sync 1 DAGs
[2022-11-28T15:47:58.519+0000] {logging_mixin.py:137} INFO - [2022-11-28T15:47:58.519+0000] {dag.py:3340} INFO - Setting next_dagrun for example_complex to None, run_after=None
[2022-11-28T15:47:58.534+0000] {processor.py:176} INFO - Processing /home/airflow/.local/lib/python3.7/site-packages/airflow/example_dags/example_complex.py took 0.085 seconds
[2022-11-28T15:48:29.622+0000] {processor.py:154} INFO - Started process (PID=1236) to work on /home/airflow/.local/lib/python3.7/site-packages/airflow/example_dags/example_complex.py
[2022-11-28T15:48:29.624+0000] {processor.py:756} INFO - Processing file /home/airflow/.local/lib/python3.7/site-packages/airflow/example_dags/example_complex.py for tasks to queue
[2022-11-28T15:48:29.625+0000] {logging_mixin.py:137} INFO - [2022-11-28T15:48:29.625+0000] {dagbag.py:537} INFO - Filling up the DagBag from /home/airflow/.local/lib/python3.7/site-packages/airflow/example_dags/example_complex.py
[2022-11-28T15:48:29.635+0000] {logging_mixin.py:137} INFO - [2022-11-28T15:48:29.635+0000] {taskmixin.py:205} WARNING - Dependency <Task(BashOperator): create_entry_group>, delete_entry_group already registered for DAG: example_complex
[2022-11-28T15:48:29.636+0000] {logging_mixin.py:137} INFO - [2022-11-28T15:48:29.636+0000] {taskmixin.py:205} WARNING - Dependency <Task(BashOperator): delete_entry_group>, create_entry_group already registered for DAG: example_complex
[2022-11-28T15:48:29.638+0000] {logging_mixin.py:137} INFO - [2022-11-28T15:48:29.637+0000] {taskmixin.py:205} WARNING - Dependency <Task(BashOperator): create_entry_gcs>, delete_entry already registered for DAG: example_complex
[2022-11-28T15:48:29.639+0000] {logging_mixin.py:137} INFO - [2022-11-28T15:48:29.639+0000] {taskmixin.py:205} WARNING - Dependency <Task(BashOperator): delete_entry>, create_entry_gcs already registered for DAG: example_complex
[2022-11-28T15:48:29.640+0000] {logging_mixin.py:137} INFO - [2022-11-28T15:48:29.640+0000] {taskmixin.py:205} WARNING - Dependency <Task(BashOperator): create_tag>, delete_tag already registered for DAG: example_complex
[2022-11-28T15:48:29.641+0000] {logging_mixin.py:137} INFO - [2022-11-28T15:48:29.640+0000] {taskmixin.py:205} WARNING - Dependency <Task(BashOperator): delete_tag>, create_tag already registered for DAG: example_complex
[2022-11-28T15:48:29.647+0000] {processor.py:766} INFO - DAG(s) dict_keys(['example_complex']) retrieved from /home/airflow/.local/lib/python3.7/site-packages/airflow/example_dags/example_complex.py
[2022-11-28T15:48:29.677+0000] {logging_mixin.py:137} INFO - [2022-11-28T15:48:29.677+0000] {dag.py:2585} INFO - Sync 1 DAGs
[2022-11-28T15:48:29.693+0000] {logging_mixin.py:137} INFO - [2022-11-28T15:48:29.692+0000] {dag.py:3340} INFO - Setting next_dagrun for example_complex to None, run_after=None
[2022-11-28T15:48:29.706+0000] {processor.py:176} INFO - Processing /home/airflow/.local/lib/python3.7/site-packages/airflow/example_dags/example_complex.py took 0.087 seconds
[2022-11-28T15:49:00.269+0000] {processor.py:154} INFO - Started process (PID=1298) to work on /home/airflow/.local/lib/python3.7/site-packages/airflow/example_dags/example_complex.py
[2022-11-28T15:49:00.270+0000] {processor.py:756} INFO - Processing file /home/airflow/.local/lib/python3.7/site-packages/airflow/example_dags/example_complex.py for tasks to queue
[2022-11-28T15:49:00.271+0000] {logging_mixin.py:137} INFO - [2022-11-28T15:49:00.271+0000] {dagbag.py:537} INFO - Filling up the DagBag from /home/airflow/.local/lib/python3.7/site-packages/airflow/example_dags/example_complex.py
[2022-11-28T15:49:00.280+0000] {logging_mixin.py:137} INFO - [2022-11-28T15:49:00.280+0000] {taskmixin.py:205} WARNING - Dependency <Task(BashOperator): create_entry_group>, delete_entry_group already registered for DAG: example_complex
[2022-11-28T15:49:00.281+0000] {logging_mixin.py:137} INFO - [2022-11-28T15:49:00.281+0000] {taskmixin.py:205} WARNING - Dependency <Task(BashOperator): delete_entry_group>, create_entry_group already registered for DAG: example_complex
[2022-11-28T15:49:00.282+0000] {logging_mixin.py:137} INFO - [2022-11-28T15:49:00.282+0000] {taskmixin.py:205} WARNING - Dependency <Task(BashOperator): create_entry_gcs>, delete_entry already registered for DAG: example_complex
[2022-11-28T15:49:00.283+0000] {logging_mixin.py:137} INFO - [2022-11-28T15:49:00.283+0000] {taskmixin.py:205} WARNING - Dependency <Task(BashOperator): delete_entry>, create_entry_gcs already registered for DAG: example_complex
[2022-11-28T15:49:00.284+0000] {logging_mixin.py:137} INFO - [2022-11-28T15:49:00.284+0000] {taskmixin.py:205} WARNING - Dependency <Task(BashOperator): create_tag>, delete_tag already registered for DAG: example_complex
[2022-11-28T15:49:00.285+0000] {logging_mixin.py:137} INFO - [2022-11-28T15:49:00.285+0000] {taskmixin.py:205} WARNING - Dependency <Task(BashOperator): delete_tag>, create_tag already registered for DAG: example_complex
[2022-11-28T15:49:00.291+0000] {processor.py:766} INFO - DAG(s) dict_keys(['example_complex']) retrieved from /home/airflow/.local/lib/python3.7/site-packages/airflow/example_dags/example_complex.py
[2022-11-28T15:49:00.323+0000] {logging_mixin.py:137} INFO - [2022-11-28T15:49:00.323+0000] {dag.py:2585} INFO - Sync 1 DAGs
[2022-11-28T15:49:00.340+0000] {logging_mixin.py:137} INFO - [2022-11-28T15:49:00.339+0000] {dag.py:3340} INFO - Setting next_dagrun for example_complex to None, run_after=None
[2022-11-28T15:49:00.353+0000] {processor.py:176} INFO - Processing /home/airflow/.local/lib/python3.7/site-packages/airflow/example_dags/example_complex.py took 0.087 seconds
[2022-11-28T15:49:30.947+0000] {processor.py:154} INFO - Started process (PID=1353) to work on /home/airflow/.local/lib/python3.7/site-packages/airflow/example_dags/example_complex.py
[2022-11-28T15:49:30.950+0000] {processor.py:756} INFO - Processing file /home/airflow/.local/lib/python3.7/site-packages/airflow/example_dags/example_complex.py for tasks to queue
[2022-11-28T15:49:30.951+0000] {logging_mixin.py:137} INFO - [2022-11-28T15:49:30.951+0000] {dagbag.py:537} INFO - Filling up the DagBag from /home/airflow/.local/lib/python3.7/site-packages/airflow/example_dags/example_complex.py
[2022-11-28T15:49:30.959+0000] {logging_mixin.py:137} INFO - [2022-11-28T15:49:30.959+0000] {taskmixin.py:205} WARNING - Dependency <Task(BashOperator): create_entry_group>, delete_entry_group already registered for DAG: example_complex
[2022-11-28T15:49:30.962+0000] {logging_mixin.py:137} INFO - [2022-11-28T15:49:30.961+0000] {taskmixin.py:205} WARNING - Dependency <Task(BashOperator): delete_entry_group>, create_entry_group already registered for DAG: example_complex
[2022-11-28T15:49:30.963+0000] {logging_mixin.py:137} INFO - [2022-11-28T15:49:30.963+0000] {taskmixin.py:205} WARNING - Dependency <Task(BashOperator): create_entry_gcs>, delete_entry already registered for DAG: example_complex
[2022-11-28T15:49:30.965+0000] {logging_mixin.py:137} INFO - [2022-11-28T15:49:30.964+0000] {taskmixin.py:205} WARNING - Dependency <Task(BashOperator): delete_entry>, create_entry_gcs already registered for DAG: example_complex
[2022-11-28T15:49:30.966+0000] {logging_mixin.py:137} INFO - [2022-11-28T15:49:30.966+0000] {taskmixin.py:205} WARNING - Dependency <Task(BashOperator): create_tag>, delete_tag already registered for DAG: example_complex
[2022-11-28T15:49:30.967+0000] {logging_mixin.py:137} INFO - [2022-11-28T15:49:30.967+0000] {taskmixin.py:205} WARNING - Dependency <Task(BashOperator): delete_tag>, create_tag already registered for DAG: example_complex
[2022-11-28T15:49:30.974+0000] {processor.py:766} INFO - DAG(s) dict_keys(['example_complex']) retrieved from /home/airflow/.local/lib/python3.7/site-packages/airflow/example_dags/example_complex.py
[2022-11-28T15:49:31.012+0000] {logging_mixin.py:137} INFO - [2022-11-28T15:49:31.012+0000] {dag.py:2585} INFO - Sync 1 DAGs
[2022-11-28T15:49:31.033+0000] {logging_mixin.py:137} INFO - [2022-11-28T15:49:31.033+0000] {dag.py:3340} INFO - Setting next_dagrun for example_complex to None, run_after=None
[2022-11-28T15:49:31.049+0000] {processor.py:176} INFO - Processing /home/airflow/.local/lib/python3.7/site-packages/airflow/example_dags/example_complex.py took 0.105 seconds
