[2022-11-28T15:35:14.597+0000] {processor.py:154} INFO - Started process (PID=34) to work on /home/airflow/.local/lib/python3.7/site-packages/airflow/example_dags/example_latest_only_with_trigger.py
[2022-11-28T15:35:14.599+0000] {processor.py:756} INFO - Processing file /home/airflow/.local/lib/python3.7/site-packages/airflow/example_dags/example_latest_only_with_trigger.py for tasks to queue
[2022-11-28T15:35:14.602+0000] {logging_mixin.py:137} INFO - [2022-11-28T15:35:14.602+0000] {dagbag.py:537} INFO - Filling up the DagBag from /home/airflow/.local/lib/python3.7/site-packages/airflow/example_dags/example_latest_only_with_trigger.py
[2022-11-28T15:35:14.639+0000] {processor.py:766} INFO - DAG(s) dict_keys(['latest_only_with_trigger']) retrieved from /home/airflow/.local/lib/python3.7/site-packages/airflow/example_dags/example_latest_only_with_trigger.py
[2022-11-28T15:35:14.674+0000] {logging_mixin.py:137} INFO - [2022-11-28T15:35:14.674+0000] {dag.py:2585} INFO - Sync 1 DAGs
[2022-11-28T15:35:14.706+0000] {logging_mixin.py:137} INFO - [2022-11-28T15:35:14.706+0000] {dag.py:3340} INFO - Setting next_dagrun for latest_only_with_trigger to 2022-11-28T11:35:14.705651+00:00, run_after=2022-11-28T15:35:14.705651+00:00
[2022-11-28T15:35:14.729+0000] {processor.py:176} INFO - Processing /home/airflow/.local/lib/python3.7/site-packages/airflow/example_dags/example_latest_only_with_trigger.py took 0.134 seconds
[2022-11-28T15:35:45.580+0000] {processor.py:154} INFO - Started process (PID=96) to work on /home/airflow/.local/lib/python3.7/site-packages/airflow/example_dags/example_latest_only_with_trigger.py
[2022-11-28T15:35:45.582+0000] {processor.py:756} INFO - Processing file /home/airflow/.local/lib/python3.7/site-packages/airflow/example_dags/example_latest_only_with_trigger.py for tasks to queue
[2022-11-28T15:35:45.584+0000] {logging_mixin.py:137} INFO - [2022-11-28T15:35:45.584+0000] {dagbag.py:537} INFO - Filling up the DagBag from /home/airflow/.local/lib/python3.7/site-packages/airflow/example_dags/example_latest_only_with_trigger.py
[2022-11-28T15:35:45.604+0000] {processor.py:766} INFO - DAG(s) dict_keys(['latest_only_with_trigger']) retrieved from /home/airflow/.local/lib/python3.7/site-packages/airflow/example_dags/example_latest_only_with_trigger.py
[2022-11-28T15:35:45.644+0000] {logging_mixin.py:137} INFO - [2022-11-28T15:35:45.644+0000] {dag.py:2585} INFO - Sync 1 DAGs
[2022-11-28T15:35:45.664+0000] {logging_mixin.py:137} INFO - [2022-11-28T15:35:45.664+0000] {dag.py:3340} INFO - Setting next_dagrun for latest_only_with_trigger to 2022-11-28T11:35:45.663761+00:00, run_after=2022-11-28T15:35:45.663761+00:00
[2022-11-28T15:35:45.679+0000] {processor.py:176} INFO - Processing /home/airflow/.local/lib/python3.7/site-packages/airflow/example_dags/example_latest_only_with_trigger.py took 0.105 seconds
[2022-11-28T15:36:15.847+0000] {processor.py:154} INFO - Started process (PID=160) to work on /home/airflow/.local/lib/python3.7/site-packages/airflow/example_dags/example_latest_only_with_trigger.py
[2022-11-28T15:36:15.861+0000] {processor.py:756} INFO - Processing file /home/airflow/.local/lib/python3.7/site-packages/airflow/example_dags/example_latest_only_with_trigger.py for tasks to queue
[2022-11-28T15:36:15.866+0000] {logging_mixin.py:137} INFO - [2022-11-28T15:36:15.866+0000] {dagbag.py:537} INFO - Filling up the DagBag from /home/airflow/.local/lib/python3.7/site-packages/airflow/example_dags/example_latest_only_with_trigger.py
[2022-11-28T15:36:15.887+0000] {processor.py:766} INFO - DAG(s) dict_keys(['latest_only_with_trigger']) retrieved from /home/airflow/.local/lib/python3.7/site-packages/airflow/example_dags/example_latest_only_with_trigger.py
[2022-11-28T15:36:15.927+0000] {logging_mixin.py:137} INFO - [2022-11-28T15:36:15.927+0000] {dag.py:2585} INFO - Sync 1 DAGs
[2022-11-28T15:36:15.952+0000] {logging_mixin.py:137} INFO - [2022-11-28T15:36:15.952+0000] {dag.py:3340} INFO - Setting next_dagrun for latest_only_with_trigger to 2022-11-28T11:36:15.952583+00:00, run_after=2022-11-28T15:36:15.952583+00:00
[2022-11-28T15:36:15.979+0000] {processor.py:176} INFO - Processing /home/airflow/.local/lib/python3.7/site-packages/airflow/example_dags/example_latest_only_with_trigger.py took 0.135 seconds
[2022-11-28T15:36:46.353+0000] {processor.py:154} INFO - Started process (PID=223) to work on /home/airflow/.local/lib/python3.7/site-packages/airflow/example_dags/example_latest_only_with_trigger.py
[2022-11-28T15:36:46.359+0000] {processor.py:756} INFO - Processing file /home/airflow/.local/lib/python3.7/site-packages/airflow/example_dags/example_latest_only_with_trigger.py for tasks to queue
[2022-11-28T15:36:46.362+0000] {logging_mixin.py:137} INFO - [2022-11-28T15:36:46.361+0000] {dagbag.py:537} INFO - Filling up the DagBag from /home/airflow/.local/lib/python3.7/site-packages/airflow/example_dags/example_latest_only_with_trigger.py
[2022-11-28T15:36:46.412+0000] {processor.py:766} INFO - DAG(s) dict_keys(['latest_only_with_trigger']) retrieved from /home/airflow/.local/lib/python3.7/site-packages/airflow/example_dags/example_latest_only_with_trigger.py
[2022-11-28T15:36:46.575+0000] {logging_mixin.py:137} INFO - [2022-11-28T15:36:46.575+0000] {dag.py:2585} INFO - Sync 1 DAGs
[2022-11-28T15:36:46.689+0000] {logging_mixin.py:137} INFO - [2022-11-28T15:36:46.689+0000] {dag.py:3340} INFO - Setting next_dagrun for latest_only_with_trigger to 2022-11-28T11:36:46.689067+00:00, run_after=2022-11-28T15:36:46.689067+00:00
[2022-11-28T15:36:46.785+0000] {processor.py:176} INFO - Processing /home/airflow/.local/lib/python3.7/site-packages/airflow/example_dags/example_latest_only_with_trigger.py took 0.458 seconds
[2022-11-28T15:38:41.668+0000] {processor.py:154} INFO - Started process (PID=34) to work on /home/airflow/.local/lib/python3.7/site-packages/airflow/example_dags/example_latest_only_with_trigger.py
[2022-11-28T15:38:41.670+0000] {processor.py:756} INFO - Processing file /home/airflow/.local/lib/python3.7/site-packages/airflow/example_dags/example_latest_only_with_trigger.py for tasks to queue
[2022-11-28T15:38:41.672+0000] {logging_mixin.py:137} INFO - [2022-11-28T15:38:41.672+0000] {dagbag.py:537} INFO - Filling up the DagBag from /home/airflow/.local/lib/python3.7/site-packages/airflow/example_dags/example_latest_only_with_trigger.py
[2022-11-28T15:38:41.685+0000] {processor.py:766} INFO - DAG(s) dict_keys(['latest_only_with_trigger']) retrieved from /home/airflow/.local/lib/python3.7/site-packages/airflow/example_dags/example_latest_only_with_trigger.py
[2022-11-28T15:38:41.733+0000] {logging_mixin.py:137} INFO - [2022-11-28T15:38:41.733+0000] {dag.py:2585} INFO - Sync 1 DAGs
[2022-11-28T15:38:41.761+0000] {logging_mixin.py:137} INFO - [2022-11-28T15:38:41.761+0000] {dag.py:3340} INFO - Setting next_dagrun for latest_only_with_trigger to 2022-11-28T11:38:41.761287+00:00, run_after=2022-11-28T15:38:41.761287+00:00
[2022-11-28T15:38:41.782+0000] {processor.py:176} INFO - Processing /home/airflow/.local/lib/python3.7/site-packages/airflow/example_dags/example_latest_only_with_trigger.py took 0.121 seconds
[2022-11-28T15:39:12.648+0000] {processor.py:154} INFO - Started process (PID=96) to work on /home/airflow/.local/lib/python3.7/site-packages/airflow/example_dags/example_latest_only_with_trigger.py
[2022-11-28T15:39:12.651+0000] {processor.py:756} INFO - Processing file /home/airflow/.local/lib/python3.7/site-packages/airflow/example_dags/example_latest_only_with_trigger.py for tasks to queue
[2022-11-28T15:39:12.652+0000] {logging_mixin.py:137} INFO - [2022-11-28T15:39:12.652+0000] {dagbag.py:537} INFO - Filling up the DagBag from /home/airflow/.local/lib/python3.7/site-packages/airflow/example_dags/example_latest_only_with_trigger.py
[2022-11-28T15:39:12.668+0000] {processor.py:766} INFO - DAG(s) dict_keys(['latest_only_with_trigger']) retrieved from /home/airflow/.local/lib/python3.7/site-packages/airflow/example_dags/example_latest_only_with_trigger.py
[2022-11-28T15:39:12.699+0000] {logging_mixin.py:137} INFO - [2022-11-28T15:39:12.699+0000] {dag.py:2585} INFO - Sync 1 DAGs
[2022-11-28T15:39:12.716+0000] {logging_mixin.py:137} INFO - [2022-11-28T15:39:12.716+0000] {dag.py:3340} INFO - Setting next_dagrun for latest_only_with_trigger to 2022-11-28T11:39:12.715943+00:00, run_after=2022-11-28T15:39:12.715943+00:00
[2022-11-28T15:39:12.731+0000] {processor.py:176} INFO - Processing /home/airflow/.local/lib/python3.7/site-packages/airflow/example_dags/example_latest_only_with_trigger.py took 0.087 seconds
[2022-11-28T15:39:43.449+0000] {processor.py:154} INFO - Started process (PID=160) to work on /home/airflow/.local/lib/python3.7/site-packages/airflow/example_dags/example_latest_only_with_trigger.py
[2022-11-28T15:39:43.450+0000] {processor.py:756} INFO - Processing file /home/airflow/.local/lib/python3.7/site-packages/airflow/example_dags/example_latest_only_with_trigger.py for tasks to queue
[2022-11-28T15:39:43.452+0000] {logging_mixin.py:137} INFO - [2022-11-28T15:39:43.452+0000] {dagbag.py:537} INFO - Filling up the DagBag from /home/airflow/.local/lib/python3.7/site-packages/airflow/example_dags/example_latest_only_with_trigger.py
[2022-11-28T15:39:43.470+0000] {processor.py:766} INFO - DAG(s) dict_keys(['latest_only_with_trigger']) retrieved from /home/airflow/.local/lib/python3.7/site-packages/airflow/example_dags/example_latest_only_with_trigger.py
[2022-11-28T15:39:43.498+0000] {logging_mixin.py:137} INFO - [2022-11-28T15:39:43.498+0000] {dag.py:2585} INFO - Sync 1 DAGs
[2022-11-28T15:39:43.515+0000] {logging_mixin.py:137} INFO - [2022-11-28T15:39:43.515+0000] {dag.py:3340} INFO - Setting next_dagrun for latest_only_with_trigger to 2022-11-28T11:39:43.515724+00:00, run_after=2022-11-28T15:39:43.515724+00:00
[2022-11-28T15:39:43.529+0000] {processor.py:176} INFO - Processing /home/airflow/.local/lib/python3.7/site-packages/airflow/example_dags/example_latest_only_with_trigger.py took 0.084 seconds
[2022-11-28T15:40:13.891+0000] {processor.py:154} INFO - Started process (PID=214) to work on /home/airflow/.local/lib/python3.7/site-packages/airflow/example_dags/example_latest_only_with_trigger.py
[2022-11-28T15:40:13.894+0000] {processor.py:756} INFO - Processing file /home/airflow/.local/lib/python3.7/site-packages/airflow/example_dags/example_latest_only_with_trigger.py for tasks to queue
[2022-11-28T15:40:13.897+0000] {logging_mixin.py:137} INFO - [2022-11-28T15:40:13.896+0000] {dagbag.py:537} INFO - Filling up the DagBag from /home/airflow/.local/lib/python3.7/site-packages/airflow/example_dags/example_latest_only_with_trigger.py
[2022-11-28T15:40:13.926+0000] {processor.py:766} INFO - DAG(s) dict_keys(['latest_only_with_trigger']) retrieved from /home/airflow/.local/lib/python3.7/site-packages/airflow/example_dags/example_latest_only_with_trigger.py
[2022-11-28T15:40:13.971+0000] {logging_mixin.py:137} INFO - [2022-11-28T15:40:13.971+0000] {dag.py:2585} INFO - Sync 1 DAGs
[2022-11-28T15:40:13.990+0000] {logging_mixin.py:137} INFO - [2022-11-28T15:40:13.990+0000] {dag.py:3340} INFO - Setting next_dagrun for latest_only_with_trigger to 2022-11-28T11:40:13.989949+00:00, run_after=2022-11-28T15:40:13.989949+00:00
[2022-11-28T15:40:14.020+0000] {processor.py:176} INFO - Processing /home/airflow/.local/lib/python3.7/site-packages/airflow/example_dags/example_latest_only_with_trigger.py took 0.134 seconds
[2022-11-28T15:40:44.235+0000] {processor.py:154} INFO - Started process (PID=277) to work on /home/airflow/.local/lib/python3.7/site-packages/airflow/example_dags/example_latest_only_with_trigger.py
[2022-11-28T15:40:44.237+0000] {processor.py:756} INFO - Processing file /home/airflow/.local/lib/python3.7/site-packages/airflow/example_dags/example_latest_only_with_trigger.py for tasks to queue
[2022-11-28T15:40:44.239+0000] {logging_mixin.py:137} INFO - [2022-11-28T15:40:44.239+0000] {dagbag.py:537} INFO - Filling up the DagBag from /home/airflow/.local/lib/python3.7/site-packages/airflow/example_dags/example_latest_only_with_trigger.py
[2022-11-28T15:40:44.265+0000] {processor.py:766} INFO - DAG(s) dict_keys(['latest_only_with_trigger']) retrieved from /home/airflow/.local/lib/python3.7/site-packages/airflow/example_dags/example_latest_only_with_trigger.py
[2022-11-28T15:40:44.311+0000] {logging_mixin.py:137} INFO - [2022-11-28T15:40:44.311+0000] {dag.py:2585} INFO - Sync 1 DAGs
[2022-11-28T15:40:44.335+0000] {logging_mixin.py:137} INFO - [2022-11-28T15:40:44.335+0000] {dag.py:3340} INFO - Setting next_dagrun for latest_only_with_trigger to 2022-11-28T11:40:44.335258+00:00, run_after=2022-11-28T15:40:44.335258+00:00
[2022-11-28T15:40:44.356+0000] {processor.py:176} INFO - Processing /home/airflow/.local/lib/python3.7/site-packages/airflow/example_dags/example_latest_only_with_trigger.py took 0.128 seconds
[2022-11-28T15:41:14.766+0000] {processor.py:154} INFO - Started process (PID=338) to work on /home/airflow/.local/lib/python3.7/site-packages/airflow/example_dags/example_latest_only_with_trigger.py
[2022-11-28T15:41:14.769+0000] {processor.py:756} INFO - Processing file /home/airflow/.local/lib/python3.7/site-packages/airflow/example_dags/example_latest_only_with_trigger.py for tasks to queue
[2022-11-28T15:41:14.770+0000] {logging_mixin.py:137} INFO - [2022-11-28T15:41:14.770+0000] {dagbag.py:537} INFO - Filling up the DagBag from /home/airflow/.local/lib/python3.7/site-packages/airflow/example_dags/example_latest_only_with_trigger.py
[2022-11-28T15:41:14.788+0000] {processor.py:766} INFO - DAG(s) dict_keys(['latest_only_with_trigger']) retrieved from /home/airflow/.local/lib/python3.7/site-packages/airflow/example_dags/example_latest_only_with_trigger.py
[2022-11-28T15:41:14.825+0000] {logging_mixin.py:137} INFO - [2022-11-28T15:41:14.825+0000] {dag.py:2585} INFO - Sync 1 DAGs
[2022-11-28T15:41:14.844+0000] {logging_mixin.py:137} INFO - [2022-11-28T15:41:14.844+0000] {dag.py:3340} INFO - Setting next_dagrun for latest_only_with_trigger to 2022-11-28T11:41:14.844565+00:00, run_after=2022-11-28T15:41:14.844565+00:00
[2022-11-28T15:41:14.861+0000] {processor.py:176} INFO - Processing /home/airflow/.local/lib/python3.7/site-packages/airflow/example_dags/example_latest_only_with_trigger.py took 0.099 seconds
[2022-11-28T15:41:45.320+0000] {processor.py:154} INFO - Started process (PID=401) to work on /home/airflow/.local/lib/python3.7/site-packages/airflow/example_dags/example_latest_only_with_trigger.py
[2022-11-28T15:41:45.323+0000] {processor.py:756} INFO - Processing file /home/airflow/.local/lib/python3.7/site-packages/airflow/example_dags/example_latest_only_with_trigger.py for tasks to queue
[2022-11-28T15:41:45.325+0000] {logging_mixin.py:137} INFO - [2022-11-28T15:41:45.325+0000] {dagbag.py:537} INFO - Filling up the DagBag from /home/airflow/.local/lib/python3.7/site-packages/airflow/example_dags/example_latest_only_with_trigger.py
[2022-11-28T15:41:45.346+0000] {processor.py:766} INFO - DAG(s) dict_keys(['latest_only_with_trigger']) retrieved from /home/airflow/.local/lib/python3.7/site-packages/airflow/example_dags/example_latest_only_with_trigger.py
[2022-11-28T15:41:45.388+0000] {logging_mixin.py:137} INFO - [2022-11-28T15:41:45.388+0000] {dag.py:2585} INFO - Sync 1 DAGs
[2022-11-28T15:41:45.412+0000] {logging_mixin.py:137} INFO - [2022-11-28T15:41:45.412+0000] {dag.py:3340} INFO - Setting next_dagrun for latest_only_with_trigger to 2022-11-28T11:41:45.412022+00:00, run_after=2022-11-28T15:41:45.412022+00:00
[2022-11-28T15:41:45.427+0000] {processor.py:176} INFO - Processing /home/airflow/.local/lib/python3.7/site-packages/airflow/example_dags/example_latest_only_with_trigger.py took 0.112 seconds
[2022-11-28T15:42:16.068+0000] {processor.py:154} INFO - Started process (PID=464) to work on /home/airflow/.local/lib/python3.7/site-packages/airflow/example_dags/example_latest_only_with_trigger.py
[2022-11-28T15:42:16.072+0000] {processor.py:756} INFO - Processing file /home/airflow/.local/lib/python3.7/site-packages/airflow/example_dags/example_latest_only_with_trigger.py for tasks to queue
[2022-11-28T15:42:16.075+0000] {logging_mixin.py:137} INFO - [2022-11-28T15:42:16.075+0000] {dagbag.py:537} INFO - Filling up the DagBag from /home/airflow/.local/lib/python3.7/site-packages/airflow/example_dags/example_latest_only_with_trigger.py
[2022-11-28T15:42:16.112+0000] {processor.py:766} INFO - DAG(s) dict_keys(['latest_only_with_trigger']) retrieved from /home/airflow/.local/lib/python3.7/site-packages/airflow/example_dags/example_latest_only_with_trigger.py
[2022-11-28T15:42:16.185+0000] {logging_mixin.py:137} INFO - [2022-11-28T15:42:16.185+0000] {dag.py:2585} INFO - Sync 1 DAGs
[2022-11-28T15:42:16.221+0000] {logging_mixin.py:137} INFO - [2022-11-28T15:42:16.221+0000] {dag.py:3340} INFO - Setting next_dagrun for latest_only_with_trigger to 2022-11-28T11:42:16.221509+00:00, run_after=2022-11-28T15:42:16.221509+00:00
[2022-11-28T15:42:16.250+0000] {processor.py:176} INFO - Processing /home/airflow/.local/lib/python3.7/site-packages/airflow/example_dags/example_latest_only_with_trigger.py took 0.186 seconds
[2022-11-28T15:42:46.650+0000] {processor.py:154} INFO - Started process (PID=518) to work on /home/airflow/.local/lib/python3.7/site-packages/airflow/example_dags/example_latest_only_with_trigger.py
[2022-11-28T15:42:46.653+0000] {processor.py:756} INFO - Processing file /home/airflow/.local/lib/python3.7/site-packages/airflow/example_dags/example_latest_only_with_trigger.py for tasks to queue
[2022-11-28T15:42:46.655+0000] {logging_mixin.py:137} INFO - [2022-11-28T15:42:46.655+0000] {dagbag.py:537} INFO - Filling up the DagBag from /home/airflow/.local/lib/python3.7/site-packages/airflow/example_dags/example_latest_only_with_trigger.py
[2022-11-28T15:42:46.681+0000] {processor.py:766} INFO - DAG(s) dict_keys(['latest_only_with_trigger']) retrieved from /home/airflow/.local/lib/python3.7/site-packages/airflow/example_dags/example_latest_only_with_trigger.py
[2022-11-28T15:42:46.735+0000] {logging_mixin.py:137} INFO - [2022-11-28T15:42:46.735+0000] {dag.py:2585} INFO - Sync 1 DAGs
[2022-11-28T15:42:46.762+0000] {logging_mixin.py:137} INFO - [2022-11-28T15:42:46.762+0000] {dag.py:3340} INFO - Setting next_dagrun for latest_only_with_trigger to 2022-11-28T11:42:46.761854+00:00, run_after=2022-11-28T15:42:46.761854+00:00
[2022-11-28T15:42:46.784+0000] {processor.py:176} INFO - Processing /home/airflow/.local/lib/python3.7/site-packages/airflow/example_dags/example_latest_only_with_trigger.py took 0.141 seconds
[2022-11-28T15:43:16.958+0000] {processor.py:154} INFO - Started process (PID=580) to work on /home/airflow/.local/lib/python3.7/site-packages/airflow/example_dags/example_latest_only_with_trigger.py
[2022-11-28T15:43:16.962+0000] {processor.py:756} INFO - Processing file /home/airflow/.local/lib/python3.7/site-packages/airflow/example_dags/example_latest_only_with_trigger.py for tasks to queue
[2022-11-28T15:43:16.964+0000] {logging_mixin.py:137} INFO - [2022-11-28T15:43:16.964+0000] {dagbag.py:537} INFO - Filling up the DagBag from /home/airflow/.local/lib/python3.7/site-packages/airflow/example_dags/example_latest_only_with_trigger.py
[2022-11-28T15:43:16.984+0000] {processor.py:766} INFO - DAG(s) dict_keys(['latest_only_with_trigger']) retrieved from /home/airflow/.local/lib/python3.7/site-packages/airflow/example_dags/example_latest_only_with_trigger.py
[2022-11-28T15:43:17.024+0000] {logging_mixin.py:137} INFO - [2022-11-28T15:43:17.024+0000] {dag.py:2585} INFO - Sync 1 DAGs
[2022-11-28T15:43:17.047+0000] {logging_mixin.py:137} INFO - [2022-11-28T15:43:17.047+0000] {dag.py:3340} INFO - Setting next_dagrun for latest_only_with_trigger to 2022-11-28T11:43:17.046812+00:00, run_after=2022-11-28T15:43:17.046812+00:00
[2022-11-28T15:43:17.063+0000] {processor.py:176} INFO - Processing /home/airflow/.local/lib/python3.7/site-packages/airflow/example_dags/example_latest_only_with_trigger.py took 0.109 seconds
[2022-11-28T15:43:47.259+0000] {processor.py:154} INFO - Started process (PID=643) to work on /home/airflow/.local/lib/python3.7/site-packages/airflow/example_dags/example_latest_only_with_trigger.py
[2022-11-28T15:43:47.262+0000] {processor.py:756} INFO - Processing file /home/airflow/.local/lib/python3.7/site-packages/airflow/example_dags/example_latest_only_with_trigger.py for tasks to queue
[2022-11-28T15:43:47.264+0000] {logging_mixin.py:137} INFO - [2022-11-28T15:43:47.264+0000] {dagbag.py:537} INFO - Filling up the DagBag from /home/airflow/.local/lib/python3.7/site-packages/airflow/example_dags/example_latest_only_with_trigger.py
[2022-11-28T15:43:47.277+0000] {processor.py:766} INFO - DAG(s) dict_keys(['latest_only_with_trigger']) retrieved from /home/airflow/.local/lib/python3.7/site-packages/airflow/example_dags/example_latest_only_with_trigger.py
[2022-11-28T15:43:47.306+0000] {logging_mixin.py:137} INFO - [2022-11-28T15:43:47.305+0000] {dag.py:2585} INFO - Sync 1 DAGs
[2022-11-28T15:43:47.324+0000] {logging_mixin.py:137} INFO - [2022-11-28T15:43:47.324+0000] {dag.py:3340} INFO - Setting next_dagrun for latest_only_with_trigger to 2022-11-28T11:43:47.323779+00:00, run_after=2022-11-28T15:43:47.323779+00:00
[2022-11-28T15:43:47.338+0000] {processor.py:176} INFO - Processing /home/airflow/.local/lib/python3.7/site-packages/airflow/example_dags/example_latest_only_with_trigger.py took 0.082 seconds
[2022-11-28T15:44:18.019+0000] {processor.py:154} INFO - Started process (PID=706) to work on /home/airflow/.local/lib/python3.7/site-packages/airflow/example_dags/example_latest_only_with_trigger.py
[2022-11-28T15:44:18.022+0000] {processor.py:756} INFO - Processing file /home/airflow/.local/lib/python3.7/site-packages/airflow/example_dags/example_latest_only_with_trigger.py for tasks to queue
[2022-11-28T15:44:18.025+0000] {logging_mixin.py:137} INFO - [2022-11-28T15:44:18.025+0000] {dagbag.py:537} INFO - Filling up the DagBag from /home/airflow/.local/lib/python3.7/site-packages/airflow/example_dags/example_latest_only_with_trigger.py
[2022-11-28T15:44:18.061+0000] {processor.py:766} INFO - DAG(s) dict_keys(['latest_only_with_trigger']) retrieved from /home/airflow/.local/lib/python3.7/site-packages/airflow/example_dags/example_latest_only_with_trigger.py
[2022-11-28T15:44:18.109+0000] {logging_mixin.py:137} INFO - [2022-11-28T15:44:18.109+0000] {dag.py:2585} INFO - Sync 1 DAGs
[2022-11-28T15:44:18.131+0000] {logging_mixin.py:137} INFO - [2022-11-28T15:44:18.131+0000] {dag.py:3340} INFO - Setting next_dagrun for latest_only_with_trigger to 2022-11-28T11:44:18.131369+00:00, run_after=2022-11-28T15:44:18.131369+00:00
[2022-11-28T15:44:18.149+0000] {processor.py:176} INFO - Processing /home/airflow/.local/lib/python3.7/site-packages/airflow/example_dags/example_latest_only_with_trigger.py took 0.135 seconds
[2022-11-28T15:44:48.922+0000] {processor.py:154} INFO - Started process (PID=769) to work on /home/airflow/.local/lib/python3.7/site-packages/airflow/example_dags/example_latest_only_with_trigger.py
[2022-11-28T15:44:48.924+0000] {processor.py:756} INFO - Processing file /home/airflow/.local/lib/python3.7/site-packages/airflow/example_dags/example_latest_only_with_trigger.py for tasks to queue
[2022-11-28T15:44:48.925+0000] {logging_mixin.py:137} INFO - [2022-11-28T15:44:48.925+0000] {dagbag.py:537} INFO - Filling up the DagBag from /home/airflow/.local/lib/python3.7/site-packages/airflow/example_dags/example_latest_only_with_trigger.py
[2022-11-28T15:44:48.942+0000] {processor.py:766} INFO - DAG(s) dict_keys(['latest_only_with_trigger']) retrieved from /home/airflow/.local/lib/python3.7/site-packages/airflow/example_dags/example_latest_only_with_trigger.py
[2022-11-28T15:44:48.988+0000] {logging_mixin.py:137} INFO - [2022-11-28T15:44:48.988+0000] {dag.py:2585} INFO - Sync 1 DAGs
[2022-11-28T15:44:49.014+0000] {logging_mixin.py:137} INFO - [2022-11-28T15:44:49.014+0000] {dag.py:3340} INFO - Setting next_dagrun for latest_only_with_trigger to 2022-11-28T11:44:49.014587+00:00, run_after=2022-11-28T15:44:49.014587+00:00
[2022-11-28T15:44:49.045+0000] {processor.py:176} INFO - Processing /home/airflow/.local/lib/python3.7/site-packages/airflow/example_dags/example_latest_only_with_trigger.py took 0.127 seconds
[2022-11-28T15:45:19.529+0000] {processor.py:154} INFO - Started process (PID=824) to work on /home/airflow/.local/lib/python3.7/site-packages/airflow/example_dags/example_latest_only_with_trigger.py
[2022-11-28T15:45:19.532+0000] {processor.py:756} INFO - Processing file /home/airflow/.local/lib/python3.7/site-packages/airflow/example_dags/example_latest_only_with_trigger.py for tasks to queue
[2022-11-28T15:45:19.536+0000] {logging_mixin.py:137} INFO - [2022-11-28T15:45:19.536+0000] {dagbag.py:537} INFO - Filling up the DagBag from /home/airflow/.local/lib/python3.7/site-packages/airflow/example_dags/example_latest_only_with_trigger.py
[2022-11-28T15:45:19.550+0000] {processor.py:766} INFO - DAG(s) dict_keys(['latest_only_with_trigger']) retrieved from /home/airflow/.local/lib/python3.7/site-packages/airflow/example_dags/example_latest_only_with_trigger.py
[2022-11-28T15:45:19.593+0000] {logging_mixin.py:137} INFO - [2022-11-28T15:45:19.593+0000] {dag.py:2585} INFO - Sync 1 DAGs
[2022-11-28T15:45:19.634+0000] {logging_mixin.py:137} INFO - [2022-11-28T15:45:19.634+0000] {dag.py:3340} INFO - Setting next_dagrun for latest_only_with_trigger to 2022-11-28T11:45:19.633607+00:00, run_after=2022-11-28T15:45:19.633607+00:00
[2022-11-28T15:45:19.654+0000] {processor.py:176} INFO - Processing /home/airflow/.local/lib/python3.7/site-packages/airflow/example_dags/example_latest_only_with_trigger.py took 0.129 seconds
[2022-11-28T15:45:50.537+0000] {processor.py:154} INFO - Started process (PID=888) to work on /home/airflow/.local/lib/python3.7/site-packages/airflow/example_dags/example_latest_only_with_trigger.py
[2022-11-28T15:45:50.539+0000] {processor.py:756} INFO - Processing file /home/airflow/.local/lib/python3.7/site-packages/airflow/example_dags/example_latest_only_with_trigger.py for tasks to queue
[2022-11-28T15:45:50.541+0000] {logging_mixin.py:137} INFO - [2022-11-28T15:45:50.541+0000] {dagbag.py:537} INFO - Filling up the DagBag from /home/airflow/.local/lib/python3.7/site-packages/airflow/example_dags/example_latest_only_with_trigger.py
[2022-11-28T15:45:50.554+0000] {processor.py:766} INFO - DAG(s) dict_keys(['latest_only_with_trigger']) retrieved from /home/airflow/.local/lib/python3.7/site-packages/airflow/example_dags/example_latest_only_with_trigger.py
[2022-11-28T15:45:50.583+0000] {logging_mixin.py:137} INFO - [2022-11-28T15:45:50.583+0000] {dag.py:2585} INFO - Sync 1 DAGs
[2022-11-28T15:45:50.599+0000] {logging_mixin.py:137} INFO - [2022-11-28T15:45:50.599+0000] {dag.py:3340} INFO - Setting next_dagrun for latest_only_with_trigger to 2022-11-28T11:45:50.599645+00:00, run_after=2022-11-28T15:45:50.599645+00:00
[2022-11-28T15:45:50.612+0000] {processor.py:176} INFO - Processing /home/airflow/.local/lib/python3.7/site-packages/airflow/example_dags/example_latest_only_with_trigger.py took 0.080 seconds
[2022-11-28T15:46:21.402+0000] {processor.py:154} INFO - Started process (PID=952) to work on /home/airflow/.local/lib/python3.7/site-packages/airflow/example_dags/example_latest_only_with_trigger.py
[2022-11-28T15:46:21.404+0000] {processor.py:756} INFO - Processing file /home/airflow/.local/lib/python3.7/site-packages/airflow/example_dags/example_latest_only_with_trigger.py for tasks to queue
[2022-11-28T15:46:21.405+0000] {logging_mixin.py:137} INFO - [2022-11-28T15:46:21.405+0000] {dagbag.py:537} INFO - Filling up the DagBag from /home/airflow/.local/lib/python3.7/site-packages/airflow/example_dags/example_latest_only_with_trigger.py
[2022-11-28T15:46:21.418+0000] {processor.py:766} INFO - DAG(s) dict_keys(['latest_only_with_trigger']) retrieved from /home/airflow/.local/lib/python3.7/site-packages/airflow/example_dags/example_latest_only_with_trigger.py
[2022-11-28T15:46:21.447+0000] {logging_mixin.py:137} INFO - [2022-11-28T15:46:21.447+0000] {dag.py:2585} INFO - Sync 1 DAGs
[2022-11-28T15:46:21.463+0000] {logging_mixin.py:137} INFO - [2022-11-28T15:46:21.463+0000] {dag.py:3340} INFO - Setting next_dagrun for latest_only_with_trigger to 2022-11-28T11:46:21.463728+00:00, run_after=2022-11-28T15:46:21.463728+00:00
[2022-11-28T15:46:21.477+0000] {processor.py:176} INFO - Processing /home/airflow/.local/lib/python3.7/site-packages/airflow/example_dags/example_latest_only_with_trigger.py took 0.078 seconds
[2022-11-28T15:46:51.944+0000] {processor.py:154} INFO - Started process (PID=1015) to work on /home/airflow/.local/lib/python3.7/site-packages/airflow/example_dags/example_latest_only_with_trigger.py
[2022-11-28T15:46:51.948+0000] {processor.py:756} INFO - Processing file /home/airflow/.local/lib/python3.7/site-packages/airflow/example_dags/example_latest_only_with_trigger.py for tasks to queue
[2022-11-28T15:46:51.952+0000] {logging_mixin.py:137} INFO - [2022-11-28T15:46:51.952+0000] {dagbag.py:537} INFO - Filling up the DagBag from /home/airflow/.local/lib/python3.7/site-packages/airflow/example_dags/example_latest_only_with_trigger.py
[2022-11-28T15:46:51.964+0000] {processor.py:766} INFO - DAG(s) dict_keys(['latest_only_with_trigger']) retrieved from /home/airflow/.local/lib/python3.7/site-packages/airflow/example_dags/example_latest_only_with_trigger.py
[2022-11-28T15:46:51.996+0000] {logging_mixin.py:137} INFO - [2022-11-28T15:46:51.996+0000] {dag.py:2585} INFO - Sync 1 DAGs
[2022-11-28T15:46:52.014+0000] {logging_mixin.py:137} INFO - [2022-11-28T15:46:52.014+0000] {dag.py:3340} INFO - Setting next_dagrun for latest_only_with_trigger to 2022-11-28T11:46:52.014629+00:00, run_after=2022-11-28T15:46:52.014629+00:00
[2022-11-28T15:46:52.062+0000] {processor.py:176} INFO - Processing /home/airflow/.local/lib/python3.7/site-packages/airflow/example_dags/example_latest_only_with_trigger.py took 0.124 seconds
[2022-11-28T15:47:23.010+0000] {processor.py:154} INFO - Started process (PID=1079) to work on /home/airflow/.local/lib/python3.7/site-packages/airflow/example_dags/example_latest_only_with_trigger.py
[2022-11-28T15:47:23.012+0000] {processor.py:756} INFO - Processing file /home/airflow/.local/lib/python3.7/site-packages/airflow/example_dags/example_latest_only_with_trigger.py for tasks to queue
[2022-11-28T15:47:23.013+0000] {logging_mixin.py:137} INFO - [2022-11-28T15:47:23.013+0000] {dagbag.py:537} INFO - Filling up the DagBag from /home/airflow/.local/lib/python3.7/site-packages/airflow/example_dags/example_latest_only_with_trigger.py
[2022-11-28T15:47:23.025+0000] {processor.py:766} INFO - DAG(s) dict_keys(['latest_only_with_trigger']) retrieved from /home/airflow/.local/lib/python3.7/site-packages/airflow/example_dags/example_latest_only_with_trigger.py
[2022-11-28T15:47:23.061+0000] {logging_mixin.py:137} INFO - [2022-11-28T15:47:23.061+0000] {dag.py:2585} INFO - Sync 1 DAGs
[2022-11-28T15:47:23.080+0000] {logging_mixin.py:137} INFO - [2022-11-28T15:47:23.080+0000] {dag.py:3340} INFO - Setting next_dagrun for latest_only_with_trigger to 2022-11-28T11:47:23.080345+00:00, run_after=2022-11-28T15:47:23.080345+00:00
[2022-11-28T15:47:23.096+0000] {processor.py:176} INFO - Processing /home/airflow/.local/lib/python3.7/site-packages/airflow/example_dags/example_latest_only_with_trigger.py took 0.090 seconds
[2022-11-28T15:47:53.558+0000] {processor.py:154} INFO - Started process (PID=1144) to work on /home/airflow/.local/lib/python3.7/site-packages/airflow/example_dags/example_latest_only_with_trigger.py
[2022-11-28T15:47:53.559+0000] {processor.py:756} INFO - Processing file /home/airflow/.local/lib/python3.7/site-packages/airflow/example_dags/example_latest_only_with_trigger.py for tasks to queue
[2022-11-28T15:47:53.561+0000] {logging_mixin.py:137} INFO - [2022-11-28T15:47:53.561+0000] {dagbag.py:537} INFO - Filling up the DagBag from /home/airflow/.local/lib/python3.7/site-packages/airflow/example_dags/example_latest_only_with_trigger.py
[2022-11-28T15:47:53.576+0000] {processor.py:766} INFO - DAG(s) dict_keys(['latest_only_with_trigger']) retrieved from /home/airflow/.local/lib/python3.7/site-packages/airflow/example_dags/example_latest_only_with_trigger.py
[2022-11-28T15:47:53.612+0000] {logging_mixin.py:137} INFO - [2022-11-28T15:47:53.612+0000] {dag.py:2585} INFO - Sync 1 DAGs
[2022-11-28T15:47:53.641+0000] {logging_mixin.py:137} INFO - [2022-11-28T15:47:53.641+0000] {dag.py:3340} INFO - Setting next_dagrun for latest_only_with_trigger to 2022-11-28T11:47:53.641130+00:00, run_after=2022-11-28T15:47:53.641130+00:00
[2022-11-28T15:47:53.668+0000] {processor.py:176} INFO - Processing /home/airflow/.local/lib/python3.7/site-packages/airflow/example_dags/example_latest_only_with_trigger.py took 0.113 seconds
[2022-11-28T15:48:24.158+0000] {processor.py:154} INFO - Started process (PID=1199) to work on /home/airflow/.local/lib/python3.7/site-packages/airflow/example_dags/example_latest_only_with_trigger.py
[2022-11-28T15:48:24.163+0000] {processor.py:756} INFO - Processing file /home/airflow/.local/lib/python3.7/site-packages/airflow/example_dags/example_latest_only_with_trigger.py for tasks to queue
[2022-11-28T15:48:24.168+0000] {logging_mixin.py:137} INFO - [2022-11-28T15:48:24.167+0000] {dagbag.py:537} INFO - Filling up the DagBag from /home/airflow/.local/lib/python3.7/site-packages/airflow/example_dags/example_latest_only_with_trigger.py
[2022-11-28T15:48:24.192+0000] {processor.py:766} INFO - DAG(s) dict_keys(['latest_only_with_trigger']) retrieved from /home/airflow/.local/lib/python3.7/site-packages/airflow/example_dags/example_latest_only_with_trigger.py
[2022-11-28T15:48:24.267+0000] {logging_mixin.py:137} INFO - [2022-11-28T15:48:24.267+0000] {dag.py:2585} INFO - Sync 1 DAGs
[2022-11-28T15:48:24.293+0000] {logging_mixin.py:137} INFO - [2022-11-28T15:48:24.293+0000] {dag.py:3340} INFO - Setting next_dagrun for latest_only_with_trigger to 2022-11-28T11:48:24.293193+00:00, run_after=2022-11-28T15:48:24.293193+00:00
[2022-11-28T15:48:24.314+0000] {processor.py:176} INFO - Processing /home/airflow/.local/lib/python3.7/site-packages/airflow/example_dags/example_latest_only_with_trigger.py took 0.163 seconds
[2022-11-28T15:48:54.369+0000] {processor.py:154} INFO - Started process (PID=1261) to work on /home/airflow/.local/lib/python3.7/site-packages/airflow/example_dags/example_latest_only_with_trigger.py
[2022-11-28T15:48:54.373+0000] {processor.py:756} INFO - Processing file /home/airflow/.local/lib/python3.7/site-packages/airflow/example_dags/example_latest_only_with_trigger.py for tasks to queue
[2022-11-28T15:48:54.375+0000] {logging_mixin.py:137} INFO - [2022-11-28T15:48:54.375+0000] {dagbag.py:537} INFO - Filling up the DagBag from /home/airflow/.local/lib/python3.7/site-packages/airflow/example_dags/example_latest_only_with_trigger.py
[2022-11-28T15:48:54.391+0000] {processor.py:766} INFO - DAG(s) dict_keys(['latest_only_with_trigger']) retrieved from /home/airflow/.local/lib/python3.7/site-packages/airflow/example_dags/example_latest_only_with_trigger.py
[2022-11-28T15:48:54.426+0000] {logging_mixin.py:137} INFO - [2022-11-28T15:48:54.426+0000] {dag.py:2585} INFO - Sync 1 DAGs
[2022-11-28T15:48:54.442+0000] {logging_mixin.py:137} INFO - [2022-11-28T15:48:54.442+0000] {dag.py:3340} INFO - Setting next_dagrun for latest_only_with_trigger to 2022-11-28T11:48:54.442128+00:00, run_after=2022-11-28T15:48:54.442128+00:00
[2022-11-28T15:48:54.455+0000] {processor.py:176} INFO - Processing /home/airflow/.local/lib/python3.7/site-packages/airflow/example_dags/example_latest_only_with_trigger.py took 0.090 seconds
[2022-11-28T15:49:24.916+0000] {processor.py:154} INFO - Started process (PID=1325) to work on /home/airflow/.local/lib/python3.7/site-packages/airflow/example_dags/example_latest_only_with_trigger.py
[2022-11-28T15:49:24.921+0000] {processor.py:756} INFO - Processing file /home/airflow/.local/lib/python3.7/site-packages/airflow/example_dags/example_latest_only_with_trigger.py for tasks to queue
[2022-11-28T15:49:24.923+0000] {logging_mixin.py:137} INFO - [2022-11-28T15:49:24.923+0000] {dagbag.py:537} INFO - Filling up the DagBag from /home/airflow/.local/lib/python3.7/site-packages/airflow/example_dags/example_latest_only_with_trigger.py
[2022-11-28T15:49:24.937+0000] {processor.py:766} INFO - DAG(s) dict_keys(['latest_only_with_trigger']) retrieved from /home/airflow/.local/lib/python3.7/site-packages/airflow/example_dags/example_latest_only_with_trigger.py
[2022-11-28T15:49:24.976+0000] {logging_mixin.py:137} INFO - [2022-11-28T15:49:24.975+0000] {dag.py:2585} INFO - Sync 1 DAGs
[2022-11-28T15:49:24.993+0000] {logging_mixin.py:137} INFO - [2022-11-28T15:49:24.993+0000] {dag.py:3340} INFO - Setting next_dagrun for latest_only_with_trigger to 2022-11-28T11:49:24.993047+00:00, run_after=2022-11-28T15:49:24.993047+00:00
[2022-11-28T15:49:25.008+0000] {processor.py:176} INFO - Processing /home/airflow/.local/lib/python3.7/site-packages/airflow/example_dags/example_latest_only_with_trigger.py took 0.095 seconds
