[2022-11-28T15:35:18.379+0000] {processor.py:154} INFO - Started process (PID=63) to work on /home/airflow/.local/lib/python3.7/site-packages/airflow/example_dags/example_external_task_marker_dag.py
[2022-11-28T15:35:18.382+0000] {processor.py:756} INFO - Processing file /home/airflow/.local/lib/python3.7/site-packages/airflow/example_dags/example_external_task_marker_dag.py for tasks to queue
[2022-11-28T15:35:18.390+0000] {logging_mixin.py:137} INFO - [2022-11-28T15:35:18.390+0000] {dagbag.py:537} INFO - Filling up the DagBag from /home/airflow/.local/lib/python3.7/site-packages/airflow/example_dags/example_external_task_marker_dag.py
[2022-11-28T15:35:18.435+0000] {processor.py:766} INFO - DAG(s) dict_keys(['example_external_task_marker_child', 'example_external_task_marker_parent']) retrieved from /home/airflow/.local/lib/python3.7/site-packages/airflow/example_dags/example_external_task_marker_dag.py
[2022-11-28T15:35:18.493+0000] {logging_mixin.py:137} INFO - [2022-11-28T15:35:18.493+0000] {dag.py:2585} INFO - Sync 2 DAGs
[2022-11-28T15:35:18.570+0000] {logging_mixin.py:137} INFO - [2022-11-28T15:35:18.570+0000] {dag.py:3340} INFO - Setting next_dagrun for example_external_task_marker_child to None, run_after=None
[2022-11-28T15:35:18.595+0000] {logging_mixin.py:137} INFO - [2022-11-28T15:35:18.595+0000] {dag.py:3340} INFO - Setting next_dagrun for example_external_task_marker_parent to None, run_after=None
[2022-11-28T15:35:18.647+0000] {processor.py:176} INFO - Processing /home/airflow/.local/lib/python3.7/site-packages/airflow/example_dags/example_external_task_marker_dag.py took 0.274 seconds
[2022-11-28T15:35:49.410+0000] {processor.py:154} INFO - Started process (PID=117) to work on /home/airflow/.local/lib/python3.7/site-packages/airflow/example_dags/example_external_task_marker_dag.py
[2022-11-28T15:35:49.413+0000] {processor.py:756} INFO - Processing file /home/airflow/.local/lib/python3.7/site-packages/airflow/example_dags/example_external_task_marker_dag.py for tasks to queue
[2022-11-28T15:35:49.415+0000] {logging_mixin.py:137} INFO - [2022-11-28T15:35:49.414+0000] {dagbag.py:537} INFO - Filling up the DagBag from /home/airflow/.local/lib/python3.7/site-packages/airflow/example_dags/example_external_task_marker_dag.py
[2022-11-28T15:35:49.426+0000] {processor.py:766} INFO - DAG(s) dict_keys(['example_external_task_marker_parent', 'example_external_task_marker_child']) retrieved from /home/airflow/.local/lib/python3.7/site-packages/airflow/example_dags/example_external_task_marker_dag.py
[2022-11-28T15:35:49.557+0000] {logging_mixin.py:137} INFO - [2022-11-28T15:35:49.557+0000] {dag.py:2585} INFO - Sync 2 DAGs
[2022-11-28T15:35:49.572+0000] {logging_mixin.py:137} INFO - [2022-11-28T15:35:49.572+0000] {dag.py:3340} INFO - Setting next_dagrun for example_external_task_marker_child to None, run_after=None
[2022-11-28T15:35:49.575+0000] {logging_mixin.py:137} INFO - [2022-11-28T15:35:49.575+0000] {dag.py:3340} INFO - Setting next_dagrun for example_external_task_marker_parent to None, run_after=None
[2022-11-28T15:35:49.587+0000] {processor.py:176} INFO - Processing /home/airflow/.local/lib/python3.7/site-packages/airflow/example_dags/example_external_task_marker_dag.py took 0.180 seconds
[2022-11-28T15:36:19.753+0000] {processor.py:154} INFO - Started process (PID=181) to work on /home/airflow/.local/lib/python3.7/site-packages/airflow/example_dags/example_external_task_marker_dag.py
[2022-11-28T15:36:19.755+0000] {processor.py:756} INFO - Processing file /home/airflow/.local/lib/python3.7/site-packages/airflow/example_dags/example_external_task_marker_dag.py for tasks to queue
[2022-11-28T15:36:19.757+0000] {logging_mixin.py:137} INFO - [2022-11-28T15:36:19.757+0000] {dagbag.py:537} INFO - Filling up the DagBag from /home/airflow/.local/lib/python3.7/site-packages/airflow/example_dags/example_external_task_marker_dag.py
[2022-11-28T15:36:19.768+0000] {processor.py:766} INFO - DAG(s) dict_keys(['example_external_task_marker_parent', 'example_external_task_marker_child']) retrieved from /home/airflow/.local/lib/python3.7/site-packages/airflow/example_dags/example_external_task_marker_dag.py
[2022-11-28T15:36:19.877+0000] {logging_mixin.py:137} INFO - [2022-11-28T15:36:19.877+0000] {dag.py:2585} INFO - Sync 2 DAGs
[2022-11-28T15:36:19.896+0000] {logging_mixin.py:137} INFO - [2022-11-28T15:36:19.896+0000] {dag.py:3340} INFO - Setting next_dagrun for example_external_task_marker_child to None, run_after=None
[2022-11-28T15:36:19.901+0000] {logging_mixin.py:137} INFO - [2022-11-28T15:36:19.901+0000] {dag.py:3340} INFO - Setting next_dagrun for example_external_task_marker_parent to None, run_after=None
[2022-11-28T15:36:19.917+0000] {processor.py:176} INFO - Processing /home/airflow/.local/lib/python3.7/site-packages/airflow/example_dags/example_external_task_marker_dag.py took 0.166 seconds
[2022-11-28T15:38:43.984+0000] {processor.py:154} INFO - Started process (PID=55) to work on /home/airflow/.local/lib/python3.7/site-packages/airflow/example_dags/example_external_task_marker_dag.py
[2022-11-28T15:38:43.986+0000] {processor.py:756} INFO - Processing file /home/airflow/.local/lib/python3.7/site-packages/airflow/example_dags/example_external_task_marker_dag.py for tasks to queue
[2022-11-28T15:38:43.989+0000] {logging_mixin.py:137} INFO - [2022-11-28T15:38:43.989+0000] {dagbag.py:537} INFO - Filling up the DagBag from /home/airflow/.local/lib/python3.7/site-packages/airflow/example_dags/example_external_task_marker_dag.py
[2022-11-28T15:38:44.015+0000] {processor.py:766} INFO - DAG(s) dict_keys(['example_external_task_marker_parent', 'example_external_task_marker_child']) retrieved from /home/airflow/.local/lib/python3.7/site-packages/airflow/example_dags/example_external_task_marker_dag.py
[2022-11-28T15:38:44.056+0000] {logging_mixin.py:137} INFO - [2022-11-28T15:38:44.056+0000] {dag.py:2585} INFO - Sync 2 DAGs
[2022-11-28T15:38:44.090+0000] {logging_mixin.py:137} INFO - [2022-11-28T15:38:44.090+0000] {dag.py:3340} INFO - Setting next_dagrun for example_external_task_marker_child to None, run_after=None
[2022-11-28T15:38:44.096+0000] {logging_mixin.py:137} INFO - [2022-11-28T15:38:44.096+0000] {dag.py:3340} INFO - Setting next_dagrun for example_external_task_marker_parent to None, run_after=None
[2022-11-28T15:38:44.132+0000] {processor.py:176} INFO - Processing /home/airflow/.local/lib/python3.7/site-packages/airflow/example_dags/example_external_task_marker_dag.py took 0.162 seconds
[2022-11-28T15:39:14.312+0000] {processor.py:154} INFO - Started process (PID=117) to work on /home/airflow/.local/lib/python3.7/site-packages/airflow/example_dags/example_external_task_marker_dag.py
[2022-11-28T15:39:14.314+0000] {processor.py:756} INFO - Processing file /home/airflow/.local/lib/python3.7/site-packages/airflow/example_dags/example_external_task_marker_dag.py for tasks to queue
[2022-11-28T15:39:14.315+0000] {logging_mixin.py:137} INFO - [2022-11-28T15:39:14.315+0000] {dagbag.py:537} INFO - Filling up the DagBag from /home/airflow/.local/lib/python3.7/site-packages/airflow/example_dags/example_external_task_marker_dag.py
[2022-11-28T15:39:14.326+0000] {processor.py:766} INFO - DAG(s) dict_keys(['example_external_task_marker_parent', 'example_external_task_marker_child']) retrieved from /home/airflow/.local/lib/python3.7/site-packages/airflow/example_dags/example_external_task_marker_dag.py
[2022-11-28T15:39:14.453+0000] {logging_mixin.py:137} INFO - [2022-11-28T15:39:14.453+0000] {dag.py:2585} INFO - Sync 2 DAGs
[2022-11-28T15:39:14.465+0000] {logging_mixin.py:137} INFO - [2022-11-28T15:39:14.465+0000] {dag.py:3340} INFO - Setting next_dagrun for example_external_task_marker_child to None, run_after=None
[2022-11-28T15:39:14.468+0000] {logging_mixin.py:137} INFO - [2022-11-28T15:39:14.468+0000] {dag.py:3340} INFO - Setting next_dagrun for example_external_task_marker_parent to None, run_after=None
[2022-11-28T15:39:14.480+0000] {processor.py:176} INFO - Processing /home/airflow/.local/lib/python3.7/site-packages/airflow/example_dags/example_external_task_marker_dag.py took 0.170 seconds
[2022-11-28T15:39:44.701+0000] {processor.py:154} INFO - Started process (PID=181) to work on /home/airflow/.local/lib/python3.7/site-packages/airflow/example_dags/example_external_task_marker_dag.py
[2022-11-28T15:39:44.703+0000] {processor.py:756} INFO - Processing file /home/airflow/.local/lib/python3.7/site-packages/airflow/example_dags/example_external_task_marker_dag.py for tasks to queue
[2022-11-28T15:39:44.706+0000] {logging_mixin.py:137} INFO - [2022-11-28T15:39:44.706+0000] {dagbag.py:537} INFO - Filling up the DagBag from /home/airflow/.local/lib/python3.7/site-packages/airflow/example_dags/example_external_task_marker_dag.py
[2022-11-28T15:39:44.719+0000] {processor.py:766} INFO - DAG(s) dict_keys(['example_external_task_marker_child', 'example_external_task_marker_parent']) retrieved from /home/airflow/.local/lib/python3.7/site-packages/airflow/example_dags/example_external_task_marker_dag.py
[2022-11-28T15:39:44.834+0000] {logging_mixin.py:137} INFO - [2022-11-28T15:39:44.834+0000] {dag.py:2585} INFO - Sync 2 DAGs
[2022-11-28T15:39:44.855+0000] {logging_mixin.py:137} INFO - [2022-11-28T15:39:44.855+0000] {dag.py:3340} INFO - Setting next_dagrun for example_external_task_marker_child to None, run_after=None
[2022-11-28T15:39:44.861+0000] {logging_mixin.py:137} INFO - [2022-11-28T15:39:44.860+0000] {dag.py:3340} INFO - Setting next_dagrun for example_external_task_marker_parent to None, run_after=None
[2022-11-28T15:39:44.878+0000] {processor.py:176} INFO - Processing /home/airflow/.local/lib/python3.7/site-packages/airflow/example_dags/example_external_task_marker_dag.py took 0.180 seconds
[2022-11-28T15:40:15.825+0000] {processor.py:154} INFO - Started process (PID=244) to work on /home/airflow/.local/lib/python3.7/site-packages/airflow/example_dags/example_external_task_marker_dag.py
[2022-11-28T15:40:15.829+0000] {processor.py:756} INFO - Processing file /home/airflow/.local/lib/python3.7/site-packages/airflow/example_dags/example_external_task_marker_dag.py for tasks to queue
[2022-11-28T15:40:15.831+0000] {logging_mixin.py:137} INFO - [2022-11-28T15:40:15.831+0000] {dagbag.py:537} INFO - Filling up the DagBag from /home/airflow/.local/lib/python3.7/site-packages/airflow/example_dags/example_external_task_marker_dag.py
[2022-11-28T15:40:15.855+0000] {processor.py:766} INFO - DAG(s) dict_keys(['example_external_task_marker_parent', 'example_external_task_marker_child']) retrieved from /home/airflow/.local/lib/python3.7/site-packages/airflow/example_dags/example_external_task_marker_dag.py
[2022-11-28T15:40:15.997+0000] {logging_mixin.py:137} INFO - [2022-11-28T15:40:15.997+0000] {dag.py:2585} INFO - Sync 2 DAGs
[2022-11-28T15:40:16.013+0000] {logging_mixin.py:137} INFO - [2022-11-28T15:40:16.013+0000] {dag.py:3340} INFO - Setting next_dagrun for example_external_task_marker_child to None, run_after=None
[2022-11-28T15:40:16.016+0000] {logging_mixin.py:137} INFO - [2022-11-28T15:40:16.016+0000] {dag.py:3340} INFO - Setting next_dagrun for example_external_task_marker_parent to None, run_after=None
[2022-11-28T15:40:16.028+0000] {processor.py:176} INFO - Processing /home/airflow/.local/lib/python3.7/site-packages/airflow/example_dags/example_external_task_marker_dag.py took 0.207 seconds
[2022-11-28T15:40:46.649+0000] {processor.py:154} INFO - Started process (PID=298) to work on /home/airflow/.local/lib/python3.7/site-packages/airflow/example_dags/example_external_task_marker_dag.py
[2022-11-28T15:40:46.650+0000] {processor.py:756} INFO - Processing file /home/airflow/.local/lib/python3.7/site-packages/airflow/example_dags/example_external_task_marker_dag.py for tasks to queue
[2022-11-28T15:40:46.651+0000] {logging_mixin.py:137} INFO - [2022-11-28T15:40:46.651+0000] {dagbag.py:537} INFO - Filling up the DagBag from /home/airflow/.local/lib/python3.7/site-packages/airflow/example_dags/example_external_task_marker_dag.py
[2022-11-28T15:40:46.665+0000] {processor.py:766} INFO - DAG(s) dict_keys(['example_external_task_marker_child', 'example_external_task_marker_parent']) retrieved from /home/airflow/.local/lib/python3.7/site-packages/airflow/example_dags/example_external_task_marker_dag.py
[2022-11-28T15:40:46.781+0000] {logging_mixin.py:137} INFO - [2022-11-28T15:40:46.781+0000] {dag.py:2585} INFO - Sync 2 DAGs
[2022-11-28T15:40:46.797+0000] {logging_mixin.py:137} INFO - [2022-11-28T15:40:46.796+0000] {dag.py:3340} INFO - Setting next_dagrun for example_external_task_marker_child to None, run_after=None
[2022-11-28T15:40:46.800+0000] {logging_mixin.py:137} INFO - [2022-11-28T15:40:46.800+0000] {dag.py:3340} INFO - Setting next_dagrun for example_external_task_marker_parent to None, run_after=None
[2022-11-28T15:40:46.813+0000] {processor.py:176} INFO - Processing /home/airflow/.local/lib/python3.7/site-packages/airflow/example_dags/example_external_task_marker_dag.py took 0.167 seconds
[2022-11-28T15:41:18.083+0000] {processor.py:154} INFO - Started process (PID=359) to work on /home/airflow/.local/lib/python3.7/site-packages/airflow/example_dags/example_external_task_marker_dag.py
[2022-11-28T15:41:18.085+0000] {processor.py:756} INFO - Processing file /home/airflow/.local/lib/python3.7/site-packages/airflow/example_dags/example_external_task_marker_dag.py for tasks to queue
[2022-11-28T15:41:18.087+0000] {logging_mixin.py:137} INFO - [2022-11-28T15:41:18.087+0000] {dagbag.py:537} INFO - Filling up the DagBag from /home/airflow/.local/lib/python3.7/site-packages/airflow/example_dags/example_external_task_marker_dag.py
[2022-11-28T15:41:18.097+0000] {processor.py:766} INFO - DAG(s) dict_keys(['example_external_task_marker_parent', 'example_external_task_marker_child']) retrieved from /home/airflow/.local/lib/python3.7/site-packages/airflow/example_dags/example_external_task_marker_dag.py
[2022-11-28T15:41:18.228+0000] {logging_mixin.py:137} INFO - [2022-11-28T15:41:18.228+0000] {dag.py:2585} INFO - Sync 2 DAGs
[2022-11-28T15:41:18.246+0000] {logging_mixin.py:137} INFO - [2022-11-28T15:41:18.246+0000] {dag.py:3340} INFO - Setting next_dagrun for example_external_task_marker_child to None, run_after=None
[2022-11-28T15:41:18.251+0000] {logging_mixin.py:137} INFO - [2022-11-28T15:41:18.251+0000] {dag.py:3340} INFO - Setting next_dagrun for example_external_task_marker_parent to None, run_after=None
[2022-11-28T15:41:18.267+0000] {processor.py:176} INFO - Processing /home/airflow/.local/lib/python3.7/site-packages/airflow/example_dags/example_external_task_marker_dag.py took 0.187 seconds
[2022-11-28T15:41:48.843+0000] {processor.py:154} INFO - Started process (PID=422) to work on /home/airflow/.local/lib/python3.7/site-packages/airflow/example_dags/example_external_task_marker_dag.py
[2022-11-28T15:41:48.845+0000] {processor.py:756} INFO - Processing file /home/airflow/.local/lib/python3.7/site-packages/airflow/example_dags/example_external_task_marker_dag.py for tasks to queue
[2022-11-28T15:41:48.846+0000] {logging_mixin.py:137} INFO - [2022-11-28T15:41:48.846+0000] {dagbag.py:537} INFO - Filling up the DagBag from /home/airflow/.local/lib/python3.7/site-packages/airflow/example_dags/example_external_task_marker_dag.py
[2022-11-28T15:41:48.856+0000] {processor.py:766} INFO - DAG(s) dict_keys(['example_external_task_marker_child', 'example_external_task_marker_parent']) retrieved from /home/airflow/.local/lib/python3.7/site-packages/airflow/example_dags/example_external_task_marker_dag.py
[2022-11-28T15:41:48.970+0000] {logging_mixin.py:137} INFO - [2022-11-28T15:41:48.970+0000] {dag.py:2585} INFO - Sync 2 DAGs
[2022-11-28T15:41:48.986+0000] {logging_mixin.py:137} INFO - [2022-11-28T15:41:48.986+0000] {dag.py:3340} INFO - Setting next_dagrun for example_external_task_marker_child to None, run_after=None
[2022-11-28T15:41:48.990+0000] {logging_mixin.py:137} INFO - [2022-11-28T15:41:48.990+0000] {dag.py:3340} INFO - Setting next_dagrun for example_external_task_marker_parent to None, run_after=None
[2022-11-28T15:41:49.002+0000] {processor.py:176} INFO - Processing /home/airflow/.local/lib/python3.7/site-packages/airflow/example_dags/example_external_task_marker_dag.py took 0.161 seconds
[2022-11-28T15:42:19.387+0000] {processor.py:154} INFO - Started process (PID=485) to work on /home/airflow/.local/lib/python3.7/site-packages/airflow/example_dags/example_external_task_marker_dag.py
[2022-11-28T15:42:19.391+0000] {processor.py:756} INFO - Processing file /home/airflow/.local/lib/python3.7/site-packages/airflow/example_dags/example_external_task_marker_dag.py for tasks to queue
[2022-11-28T15:42:19.393+0000] {logging_mixin.py:137} INFO - [2022-11-28T15:42:19.393+0000] {dagbag.py:537} INFO - Filling up the DagBag from /home/airflow/.local/lib/python3.7/site-packages/airflow/example_dags/example_external_task_marker_dag.py
[2022-11-28T15:42:19.405+0000] {processor.py:766} INFO - DAG(s) dict_keys(['example_external_task_marker_child', 'example_external_task_marker_parent']) retrieved from /home/airflow/.local/lib/python3.7/site-packages/airflow/example_dags/example_external_task_marker_dag.py
[2022-11-28T15:42:19.522+0000] {logging_mixin.py:137} INFO - [2022-11-28T15:42:19.522+0000] {dag.py:2585} INFO - Sync 2 DAGs
[2022-11-28T15:42:19.541+0000] {logging_mixin.py:137} INFO - [2022-11-28T15:42:19.541+0000] {dag.py:3340} INFO - Setting next_dagrun for example_external_task_marker_child to None, run_after=None
[2022-11-28T15:42:19.544+0000] {logging_mixin.py:137} INFO - [2022-11-28T15:42:19.544+0000] {dag.py:3340} INFO - Setting next_dagrun for example_external_task_marker_parent to None, run_after=None
[2022-11-28T15:42:19.559+0000] {processor.py:176} INFO - Processing /home/airflow/.local/lib/python3.7/site-packages/airflow/example_dags/example_external_task_marker_dag.py took 0.175 seconds
[2022-11-28T15:42:49.775+0000] {processor.py:154} INFO - Started process (PID=547) to work on /home/airflow/.local/lib/python3.7/site-packages/airflow/example_dags/example_external_task_marker_dag.py
[2022-11-28T15:42:49.776+0000] {processor.py:756} INFO - Processing file /home/airflow/.local/lib/python3.7/site-packages/airflow/example_dags/example_external_task_marker_dag.py for tasks to queue
[2022-11-28T15:42:49.778+0000] {logging_mixin.py:137} INFO - [2022-11-28T15:42:49.777+0000] {dagbag.py:537} INFO - Filling up the DagBag from /home/airflow/.local/lib/python3.7/site-packages/airflow/example_dags/example_external_task_marker_dag.py
[2022-11-28T15:42:49.791+0000] {processor.py:766} INFO - DAG(s) dict_keys(['example_external_task_marker_parent', 'example_external_task_marker_child']) retrieved from /home/airflow/.local/lib/python3.7/site-packages/airflow/example_dags/example_external_task_marker_dag.py
[2022-11-28T15:42:49.960+0000] {logging_mixin.py:137} INFO - [2022-11-28T15:42:49.960+0000] {dag.py:2585} INFO - Sync 2 DAGs
[2022-11-28T15:42:49.991+0000] {logging_mixin.py:137} INFO - [2022-11-28T15:42:49.991+0000] {dag.py:3340} INFO - Setting next_dagrun for example_external_task_marker_child to None, run_after=None
[2022-11-28T15:42:50.000+0000] {logging_mixin.py:137} INFO - [2022-11-28T15:42:50.000+0000] {dag.py:3340} INFO - Setting next_dagrun for example_external_task_marker_parent to None, run_after=None
[2022-11-28T15:42:50.028+0000] {processor.py:176} INFO - Processing /home/airflow/.local/lib/python3.7/site-packages/airflow/example_dags/example_external_task_marker_dag.py took 0.256 seconds
[2022-11-28T15:43:20.664+0000] {processor.py:154} INFO - Started process (PID=601) to work on /home/airflow/.local/lib/python3.7/site-packages/airflow/example_dags/example_external_task_marker_dag.py
[2022-11-28T15:43:20.667+0000] {processor.py:756} INFO - Processing file /home/airflow/.local/lib/python3.7/site-packages/airflow/example_dags/example_external_task_marker_dag.py for tasks to queue
[2022-11-28T15:43:20.669+0000] {logging_mixin.py:137} INFO - [2022-11-28T15:43:20.669+0000] {dagbag.py:537} INFO - Filling up the DagBag from /home/airflow/.local/lib/python3.7/site-packages/airflow/example_dags/example_external_task_marker_dag.py
[2022-11-28T15:43:20.686+0000] {processor.py:766} INFO - DAG(s) dict_keys(['example_external_task_marker_parent', 'example_external_task_marker_child']) retrieved from /home/airflow/.local/lib/python3.7/site-packages/airflow/example_dags/example_external_task_marker_dag.py
[2022-11-28T15:43:20.789+0000] {logging_mixin.py:137} INFO - [2022-11-28T15:43:20.789+0000] {dag.py:2585} INFO - Sync 2 DAGs
[2022-11-28T15:43:20.805+0000] {logging_mixin.py:137} INFO - [2022-11-28T15:43:20.805+0000] {dag.py:3340} INFO - Setting next_dagrun for example_external_task_marker_child to None, run_after=None
[2022-11-28T15:43:20.808+0000] {logging_mixin.py:137} INFO - [2022-11-28T15:43:20.808+0000] {dag.py:3340} INFO - Setting next_dagrun for example_external_task_marker_parent to None, run_after=None
[2022-11-28T15:43:20.822+0000] {processor.py:176} INFO - Processing /home/airflow/.local/lib/python3.7/site-packages/airflow/example_dags/example_external_task_marker_dag.py took 0.163 seconds
[2022-11-28T15:43:51.762+0000] {processor.py:154} INFO - Started process (PID=664) to work on /home/airflow/.local/lib/python3.7/site-packages/airflow/example_dags/example_external_task_marker_dag.py
[2022-11-28T15:43:51.766+0000] {processor.py:756} INFO - Processing file /home/airflow/.local/lib/python3.7/site-packages/airflow/example_dags/example_external_task_marker_dag.py for tasks to queue
[2022-11-28T15:43:51.769+0000] {logging_mixin.py:137} INFO - [2022-11-28T15:43:51.768+0000] {dagbag.py:537} INFO - Filling up the DagBag from /home/airflow/.local/lib/python3.7/site-packages/airflow/example_dags/example_external_task_marker_dag.py
[2022-11-28T15:43:51.783+0000] {processor.py:766} INFO - DAG(s) dict_keys(['example_external_task_marker_parent', 'example_external_task_marker_child']) retrieved from /home/airflow/.local/lib/python3.7/site-packages/airflow/example_dags/example_external_task_marker_dag.py
[2022-11-28T15:43:51.885+0000] {logging_mixin.py:137} INFO - [2022-11-28T15:43:51.884+0000] {dag.py:2585} INFO - Sync 2 DAGs
[2022-11-28T15:43:51.900+0000] {logging_mixin.py:137} INFO - [2022-11-28T15:43:51.899+0000] {dag.py:3340} INFO - Setting next_dagrun for example_external_task_marker_child to None, run_after=None
[2022-11-28T15:43:51.903+0000] {logging_mixin.py:137} INFO - [2022-11-28T15:43:51.903+0000] {dag.py:3340} INFO - Setting next_dagrun for example_external_task_marker_parent to None, run_after=None
[2022-11-28T15:43:51.914+0000] {processor.py:176} INFO - Processing /home/airflow/.local/lib/python3.7/site-packages/airflow/example_dags/example_external_task_marker_dag.py took 0.156 seconds
[2022-11-28T15:44:22.727+0000] {processor.py:154} INFO - Started process (PID=727) to work on /home/airflow/.local/lib/python3.7/site-packages/airflow/example_dags/example_external_task_marker_dag.py
[2022-11-28T15:44:22.729+0000] {processor.py:756} INFO - Processing file /home/airflow/.local/lib/python3.7/site-packages/airflow/example_dags/example_external_task_marker_dag.py for tasks to queue
[2022-11-28T15:44:22.730+0000] {logging_mixin.py:137} INFO - [2022-11-28T15:44:22.730+0000] {dagbag.py:537} INFO - Filling up the DagBag from /home/airflow/.local/lib/python3.7/site-packages/airflow/example_dags/example_external_task_marker_dag.py
[2022-11-28T15:44:22.741+0000] {processor.py:766} INFO - DAG(s) dict_keys(['example_external_task_marker_parent', 'example_external_task_marker_child']) retrieved from /home/airflow/.local/lib/python3.7/site-packages/airflow/example_dags/example_external_task_marker_dag.py
[2022-11-28T15:44:22.854+0000] {logging_mixin.py:137} INFO - [2022-11-28T15:44:22.854+0000] {dag.py:2585} INFO - Sync 2 DAGs
[2022-11-28T15:44:22.869+0000] {logging_mixin.py:137} INFO - [2022-11-28T15:44:22.869+0000] {dag.py:3340} INFO - Setting next_dagrun for example_external_task_marker_child to None, run_after=None
[2022-11-28T15:44:22.872+0000] {logging_mixin.py:137} INFO - [2022-11-28T15:44:22.872+0000] {dag.py:3340} INFO - Setting next_dagrun for example_external_task_marker_parent to None, run_after=None
[2022-11-28T15:44:22.886+0000] {processor.py:176} INFO - Processing /home/airflow/.local/lib/python3.7/site-packages/airflow/example_dags/example_external_task_marker_dag.py took 0.162 seconds
[2022-11-28T15:44:53.303+0000] {processor.py:154} INFO - Started process (PID=790) to work on /home/airflow/.local/lib/python3.7/site-packages/airflow/example_dags/example_external_task_marker_dag.py
[2022-11-28T15:44:53.308+0000] {processor.py:756} INFO - Processing file /home/airflow/.local/lib/python3.7/site-packages/airflow/example_dags/example_external_task_marker_dag.py for tasks to queue
[2022-11-28T15:44:53.310+0000] {logging_mixin.py:137} INFO - [2022-11-28T15:44:53.310+0000] {dagbag.py:537} INFO - Filling up the DagBag from /home/airflow/.local/lib/python3.7/site-packages/airflow/example_dags/example_external_task_marker_dag.py
[2022-11-28T15:44:53.323+0000] {processor.py:766} INFO - DAG(s) dict_keys(['example_external_task_marker_parent', 'example_external_task_marker_child']) retrieved from /home/airflow/.local/lib/python3.7/site-packages/airflow/example_dags/example_external_task_marker_dag.py
[2022-11-28T15:44:53.421+0000] {logging_mixin.py:137} INFO - [2022-11-28T15:44:53.421+0000] {dag.py:2585} INFO - Sync 2 DAGs
[2022-11-28T15:44:53.436+0000] {logging_mixin.py:137} INFO - [2022-11-28T15:44:53.436+0000] {dag.py:3340} INFO - Setting next_dagrun for example_external_task_marker_child to None, run_after=None
[2022-11-28T15:44:53.439+0000] {logging_mixin.py:137} INFO - [2022-11-28T15:44:53.439+0000] {dag.py:3340} INFO - Setting next_dagrun for example_external_task_marker_parent to None, run_after=None
[2022-11-28T15:44:53.450+0000] {processor.py:176} INFO - Processing /home/airflow/.local/lib/python3.7/site-packages/airflow/example_dags/example_external_task_marker_dag.py took 0.151 seconds
[2022-11-28T15:45:24.335+0000] {processor.py:154} INFO - Started process (PID=853) to work on /home/airflow/.local/lib/python3.7/site-packages/airflow/example_dags/example_external_task_marker_dag.py
[2022-11-28T15:45:24.339+0000] {processor.py:756} INFO - Processing file /home/airflow/.local/lib/python3.7/site-packages/airflow/example_dags/example_external_task_marker_dag.py for tasks to queue
[2022-11-28T15:45:24.342+0000] {logging_mixin.py:137} INFO - [2022-11-28T15:45:24.341+0000] {dagbag.py:537} INFO - Filling up the DagBag from /home/airflow/.local/lib/python3.7/site-packages/airflow/example_dags/example_external_task_marker_dag.py
[2022-11-28T15:45:24.355+0000] {processor.py:766} INFO - DAG(s) dict_keys(['example_external_task_marker_child', 'example_external_task_marker_parent']) retrieved from /home/airflow/.local/lib/python3.7/site-packages/airflow/example_dags/example_external_task_marker_dag.py
[2022-11-28T15:45:24.461+0000] {logging_mixin.py:137} INFO - [2022-11-28T15:45:24.461+0000] {dag.py:2585} INFO - Sync 2 DAGs
[2022-11-28T15:45:24.478+0000] {logging_mixin.py:137} INFO - [2022-11-28T15:45:24.478+0000] {dag.py:3340} INFO - Setting next_dagrun for example_external_task_marker_child to None, run_after=None
[2022-11-28T15:45:24.480+0000] {logging_mixin.py:137} INFO - [2022-11-28T15:45:24.480+0000] {dag.py:3340} INFO - Setting next_dagrun for example_external_task_marker_parent to None, run_after=None
[2022-11-28T15:45:24.494+0000] {processor.py:176} INFO - Processing /home/airflow/.local/lib/python3.7/site-packages/airflow/example_dags/example_external_task_marker_dag.py took 0.163 seconds
[2022-11-28T15:45:55.011+0000] {processor.py:154} INFO - Started process (PID=918) to work on /home/airflow/.local/lib/python3.7/site-packages/airflow/example_dags/example_external_task_marker_dag.py
[2022-11-28T15:45:55.013+0000] {processor.py:756} INFO - Processing file /home/airflow/.local/lib/python3.7/site-packages/airflow/example_dags/example_external_task_marker_dag.py for tasks to queue
[2022-11-28T15:45:55.014+0000] {logging_mixin.py:137} INFO - [2022-11-28T15:45:55.014+0000] {dagbag.py:537} INFO - Filling up the DagBag from /home/airflow/.local/lib/python3.7/site-packages/airflow/example_dags/example_external_task_marker_dag.py
[2022-11-28T15:45:55.027+0000] {processor.py:766} INFO - DAG(s) dict_keys(['example_external_task_marker_child', 'example_external_task_marker_parent']) retrieved from /home/airflow/.local/lib/python3.7/site-packages/airflow/example_dags/example_external_task_marker_dag.py
[2022-11-28T15:45:55.139+0000] {logging_mixin.py:137} INFO - [2022-11-28T15:45:55.139+0000] {dag.py:2585} INFO - Sync 2 DAGs
[2022-11-28T15:45:55.158+0000] {logging_mixin.py:137} INFO - [2022-11-28T15:45:55.158+0000] {dag.py:3340} INFO - Setting next_dagrun for example_external_task_marker_child to None, run_after=None
[2022-11-28T15:45:55.161+0000] {logging_mixin.py:137} INFO - [2022-11-28T15:45:55.161+0000] {dag.py:3340} INFO - Setting next_dagrun for example_external_task_marker_parent to None, run_after=None
[2022-11-28T15:45:55.175+0000] {processor.py:176} INFO - Processing /home/airflow/.local/lib/python3.7/site-packages/airflow/example_dags/example_external_task_marker_dag.py took 0.167 seconds
[2022-11-28T15:46:25.725+0000] {processor.py:154} INFO - Started process (PID=973) to work on /home/airflow/.local/lib/python3.7/site-packages/airflow/example_dags/example_external_task_marker_dag.py
[2022-11-28T15:46:25.728+0000] {processor.py:756} INFO - Processing file /home/airflow/.local/lib/python3.7/site-packages/airflow/example_dags/example_external_task_marker_dag.py for tasks to queue
[2022-11-28T15:46:25.733+0000] {logging_mixin.py:137} INFO - [2022-11-28T15:46:25.733+0000] {dagbag.py:537} INFO - Filling up the DagBag from /home/airflow/.local/lib/python3.7/site-packages/airflow/example_dags/example_external_task_marker_dag.py
[2022-11-28T15:46:25.745+0000] {processor.py:766} INFO - DAG(s) dict_keys(['example_external_task_marker_parent', 'example_external_task_marker_child']) retrieved from /home/airflow/.local/lib/python3.7/site-packages/airflow/example_dags/example_external_task_marker_dag.py
[2022-11-28T15:46:25.862+0000] {logging_mixin.py:137} INFO - [2022-11-28T15:46:25.862+0000] {dag.py:2585} INFO - Sync 2 DAGs
[2022-11-28T15:46:25.877+0000] {logging_mixin.py:137} INFO - [2022-11-28T15:46:25.877+0000] {dag.py:3340} INFO - Setting next_dagrun for example_external_task_marker_child to None, run_after=None
[2022-11-28T15:46:25.880+0000] {logging_mixin.py:137} INFO - [2022-11-28T15:46:25.880+0000] {dag.py:3340} INFO - Setting next_dagrun for example_external_task_marker_parent to None, run_after=None
[2022-11-28T15:46:25.893+0000] {processor.py:176} INFO - Processing /home/airflow/.local/lib/python3.7/site-packages/airflow/example_dags/example_external_task_marker_dag.py took 0.172 seconds
[2022-11-28T15:46:56.586+0000] {processor.py:154} INFO - Started process (PID=1036) to work on /home/airflow/.local/lib/python3.7/site-packages/airflow/example_dags/example_external_task_marker_dag.py
[2022-11-28T15:46:56.589+0000] {processor.py:756} INFO - Processing file /home/airflow/.local/lib/python3.7/site-packages/airflow/example_dags/example_external_task_marker_dag.py for tasks to queue
[2022-11-28T15:46:56.590+0000] {logging_mixin.py:137} INFO - [2022-11-28T15:46:56.590+0000] {dagbag.py:537} INFO - Filling up the DagBag from /home/airflow/.local/lib/python3.7/site-packages/airflow/example_dags/example_external_task_marker_dag.py
[2022-11-28T15:46:56.623+0000] {processor.py:766} INFO - DAG(s) dict_keys(['example_external_task_marker_parent', 'example_external_task_marker_child']) retrieved from /home/airflow/.local/lib/python3.7/site-packages/airflow/example_dags/example_external_task_marker_dag.py
[2022-11-28T15:46:56.749+0000] {logging_mixin.py:137} INFO - [2022-11-28T15:46:56.749+0000] {dag.py:2585} INFO - Sync 2 DAGs
[2022-11-28T15:46:56.769+0000] {logging_mixin.py:137} INFO - [2022-11-28T15:46:56.768+0000] {dag.py:3340} INFO - Setting next_dagrun for example_external_task_marker_child to None, run_after=None
[2022-11-28T15:46:56.775+0000] {logging_mixin.py:137} INFO - [2022-11-28T15:46:56.775+0000] {dag.py:3340} INFO - Setting next_dagrun for example_external_task_marker_parent to None, run_after=None
[2022-11-28T15:46:56.795+0000] {processor.py:176} INFO - Processing /home/airflow/.local/lib/python3.7/site-packages/airflow/example_dags/example_external_task_marker_dag.py took 0.212 seconds
[2022-11-28T15:47:27.360+0000] {processor.py:154} INFO - Started process (PID=1100) to work on /home/airflow/.local/lib/python3.7/site-packages/airflow/example_dags/example_external_task_marker_dag.py
[2022-11-28T15:47:27.362+0000] {processor.py:756} INFO - Processing file /home/airflow/.local/lib/python3.7/site-packages/airflow/example_dags/example_external_task_marker_dag.py for tasks to queue
[2022-11-28T15:47:27.364+0000] {logging_mixin.py:137} INFO - [2022-11-28T15:47:27.364+0000] {dagbag.py:537} INFO - Filling up the DagBag from /home/airflow/.local/lib/python3.7/site-packages/airflow/example_dags/example_external_task_marker_dag.py
[2022-11-28T15:47:27.377+0000] {processor.py:766} INFO - DAG(s) dict_keys(['example_external_task_marker_parent', 'example_external_task_marker_child']) retrieved from /home/airflow/.local/lib/python3.7/site-packages/airflow/example_dags/example_external_task_marker_dag.py
[2022-11-28T15:47:27.486+0000] {logging_mixin.py:137} INFO - [2022-11-28T15:47:27.486+0000] {dag.py:2585} INFO - Sync 2 DAGs
[2022-11-28T15:47:27.505+0000] {logging_mixin.py:137} INFO - [2022-11-28T15:47:27.505+0000] {dag.py:3340} INFO - Setting next_dagrun for example_external_task_marker_child to None, run_after=None
[2022-11-28T15:47:27.508+0000] {logging_mixin.py:137} INFO - [2022-11-28T15:47:27.508+0000] {dag.py:3340} INFO - Setting next_dagrun for example_external_task_marker_parent to None, run_after=None
[2022-11-28T15:47:27.520+0000] {processor.py:176} INFO - Processing /home/airflow/.local/lib/python3.7/site-packages/airflow/example_dags/example_external_task_marker_dag.py took 0.164 seconds
[2022-11-28T15:47:57.929+0000] {processor.py:154} INFO - Started process (PID=1165) to work on /home/airflow/.local/lib/python3.7/site-packages/airflow/example_dags/example_external_task_marker_dag.py
[2022-11-28T15:47:57.932+0000] {processor.py:756} INFO - Processing file /home/airflow/.local/lib/python3.7/site-packages/airflow/example_dags/example_external_task_marker_dag.py for tasks to queue
[2022-11-28T15:47:57.934+0000] {logging_mixin.py:137} INFO - [2022-11-28T15:47:57.934+0000] {dagbag.py:537} INFO - Filling up the DagBag from /home/airflow/.local/lib/python3.7/site-packages/airflow/example_dags/example_external_task_marker_dag.py
[2022-11-28T15:47:57.950+0000] {processor.py:766} INFO - DAG(s) dict_keys(['example_external_task_marker_child', 'example_external_task_marker_parent']) retrieved from /home/airflow/.local/lib/python3.7/site-packages/airflow/example_dags/example_external_task_marker_dag.py
[2022-11-28T15:47:58.062+0000] {logging_mixin.py:137} INFO - [2022-11-28T15:47:58.062+0000] {dag.py:2585} INFO - Sync 2 DAGs
[2022-11-28T15:47:58.081+0000] {logging_mixin.py:137} INFO - [2022-11-28T15:47:58.081+0000] {dag.py:3340} INFO - Setting next_dagrun for example_external_task_marker_child to None, run_after=None
[2022-11-28T15:47:58.083+0000] {logging_mixin.py:137} INFO - [2022-11-28T15:47:58.083+0000] {dag.py:3340} INFO - Setting next_dagrun for example_external_task_marker_parent to None, run_after=None
[2022-11-28T15:47:58.095+0000] {processor.py:176} INFO - Processing /home/airflow/.local/lib/python3.7/site-packages/airflow/example_dags/example_external_task_marker_dag.py took 0.171 seconds
[2022-11-28T15:48:28.900+0000] {processor.py:154} INFO - Started process (PID=1229) to work on /home/airflow/.local/lib/python3.7/site-packages/airflow/example_dags/example_external_task_marker_dag.py
[2022-11-28T15:48:28.902+0000] {processor.py:756} INFO - Processing file /home/airflow/.local/lib/python3.7/site-packages/airflow/example_dags/example_external_task_marker_dag.py for tasks to queue
[2022-11-28T15:48:28.903+0000] {logging_mixin.py:137} INFO - [2022-11-28T15:48:28.903+0000] {dagbag.py:537} INFO - Filling up the DagBag from /home/airflow/.local/lib/python3.7/site-packages/airflow/example_dags/example_external_task_marker_dag.py
[2022-11-28T15:48:28.929+0000] {processor.py:766} INFO - DAG(s) dict_keys(['example_external_task_marker_parent', 'example_external_task_marker_child']) retrieved from /home/airflow/.local/lib/python3.7/site-packages/airflow/example_dags/example_external_task_marker_dag.py
[2022-11-28T15:48:29.091+0000] {logging_mixin.py:137} INFO - [2022-11-28T15:48:29.091+0000] {dag.py:2585} INFO - Sync 2 DAGs
[2022-11-28T15:48:29.114+0000] {logging_mixin.py:137} INFO - [2022-11-28T15:48:29.114+0000] {dag.py:3340} INFO - Setting next_dagrun for example_external_task_marker_child to None, run_after=None
[2022-11-28T15:48:29.124+0000] {logging_mixin.py:137} INFO - [2022-11-28T15:48:29.124+0000] {dag.py:3340} INFO - Setting next_dagrun for example_external_task_marker_parent to None, run_after=None
[2022-11-28T15:48:29.142+0000] {processor.py:176} INFO - Processing /home/airflow/.local/lib/python3.7/site-packages/airflow/example_dags/example_external_task_marker_dag.py took 0.247 seconds
[2022-11-28T15:48:59.713+0000] {processor.py:154} INFO - Started process (PID=1291) to work on /home/airflow/.local/lib/python3.7/site-packages/airflow/example_dags/example_external_task_marker_dag.py
[2022-11-28T15:48:59.714+0000] {processor.py:756} INFO - Processing file /home/airflow/.local/lib/python3.7/site-packages/airflow/example_dags/example_external_task_marker_dag.py for tasks to queue
[2022-11-28T15:48:59.716+0000] {logging_mixin.py:137} INFO - [2022-11-28T15:48:59.715+0000] {dagbag.py:537} INFO - Filling up the DagBag from /home/airflow/.local/lib/python3.7/site-packages/airflow/example_dags/example_external_task_marker_dag.py
[2022-11-28T15:48:59.726+0000] {processor.py:766} INFO - DAG(s) dict_keys(['example_external_task_marker_child', 'example_external_task_marker_parent']) retrieved from /home/airflow/.local/lib/python3.7/site-packages/airflow/example_dags/example_external_task_marker_dag.py
[2022-11-28T15:48:59.826+0000] {logging_mixin.py:137} INFO - [2022-11-28T15:48:59.826+0000] {dag.py:2585} INFO - Sync 2 DAGs
[2022-11-28T15:48:59.840+0000] {logging_mixin.py:137} INFO - [2022-11-28T15:48:59.840+0000] {dag.py:3340} INFO - Setting next_dagrun for example_external_task_marker_child to None, run_after=None
[2022-11-28T15:48:59.843+0000] {logging_mixin.py:137} INFO - [2022-11-28T15:48:59.843+0000] {dag.py:3340} INFO - Setting next_dagrun for example_external_task_marker_parent to None, run_after=None
[2022-11-28T15:48:59.854+0000] {processor.py:176} INFO - Processing /home/airflow/.local/lib/python3.7/site-packages/airflow/example_dags/example_external_task_marker_dag.py took 0.144 seconds
[2022-11-28T15:49:30.378+0000] {processor.py:154} INFO - Started process (PID=1346) to work on /home/airflow/.local/lib/python3.7/site-packages/airflow/example_dags/example_external_task_marker_dag.py
[2022-11-28T15:49:30.380+0000] {processor.py:756} INFO - Processing file /home/airflow/.local/lib/python3.7/site-packages/airflow/example_dags/example_external_task_marker_dag.py for tasks to queue
[2022-11-28T15:49:30.381+0000] {logging_mixin.py:137} INFO - [2022-11-28T15:49:30.381+0000] {dagbag.py:537} INFO - Filling up the DagBag from /home/airflow/.local/lib/python3.7/site-packages/airflow/example_dags/example_external_task_marker_dag.py
[2022-11-28T15:49:30.394+0000] {processor.py:766} INFO - DAG(s) dict_keys(['example_external_task_marker_parent', 'example_external_task_marker_child']) retrieved from /home/airflow/.local/lib/python3.7/site-packages/airflow/example_dags/example_external_task_marker_dag.py
[2022-11-28T15:49:30.508+0000] {logging_mixin.py:137} INFO - [2022-11-28T15:49:30.508+0000] {dag.py:2585} INFO - Sync 2 DAGs
[2022-11-28T15:49:30.525+0000] {logging_mixin.py:137} INFO - [2022-11-28T15:49:30.525+0000] {dag.py:3340} INFO - Setting next_dagrun for example_external_task_marker_child to None, run_after=None
[2022-11-28T15:49:30.529+0000] {logging_mixin.py:137} INFO - [2022-11-28T15:49:30.529+0000] {dag.py:3340} INFO - Setting next_dagrun for example_external_task_marker_parent to None, run_after=None
[2022-11-28T15:49:30.540+0000] {processor.py:176} INFO - Processing /home/airflow/.local/lib/python3.7/site-packages/airflow/example_dags/example_external_task_marker_dag.py took 0.165 seconds
