[2022-11-28T15:35:20.198+0000] {processor.py:154} INFO - Started process (PID=74) to work on /home/airflow/.local/lib/python3.7/site-packages/airflow/example_dags/example_short_circuit_operator.py
[2022-11-28T15:35:20.202+0000] {processor.py:756} INFO - Processing file /home/airflow/.local/lib/python3.7/site-packages/airflow/example_dags/example_short_circuit_operator.py for tasks to queue
[2022-11-28T15:35:20.205+0000] {logging_mixin.py:137} INFO - [2022-11-28T15:35:20.205+0000] {dagbag.py:537} INFO - Filling up the DagBag from /home/airflow/.local/lib/python3.7/site-packages/airflow/example_dags/example_short_circuit_operator.py
[2022-11-28T15:35:20.220+0000] {processor.py:766} INFO - DAG(s) dict_keys(['example_short_circuit_operator']) retrieved from /home/airflow/.local/lib/python3.7/site-packages/airflow/example_dags/example_short_circuit_operator.py
[2022-11-28T15:35:20.258+0000] {logging_mixin.py:137} INFO - [2022-11-28T15:35:20.258+0000] {dag.py:2585} INFO - Sync 1 DAGs
[2022-11-28T15:35:20.286+0000] {logging_mixin.py:137} INFO - [2022-11-28T15:35:20.286+0000] {dag.py:3340} INFO - Setting next_dagrun for example_short_circuit_operator to 2022-11-27T15:35:20.285498+00:00, run_after=2022-11-28T15:35:20.285498+00:00
[2022-11-28T15:35:20.308+0000] {processor.py:176} INFO - Processing /home/airflow/.local/lib/python3.7/site-packages/airflow/example_dags/example_short_circuit_operator.py took 0.114 seconds
[2022-11-28T15:35:50.459+0000] {processor.py:154} INFO - Started process (PID=128) to work on /home/airflow/.local/lib/python3.7/site-packages/airflow/example_dags/example_short_circuit_operator.py
[2022-11-28T15:35:50.461+0000] {processor.py:756} INFO - Processing file /home/airflow/.local/lib/python3.7/site-packages/airflow/example_dags/example_short_circuit_operator.py for tasks to queue
[2022-11-28T15:35:50.462+0000] {logging_mixin.py:137} INFO - [2022-11-28T15:35:50.462+0000] {dagbag.py:537} INFO - Filling up the DagBag from /home/airflow/.local/lib/python3.7/site-packages/airflow/example_dags/example_short_circuit_operator.py
[2022-11-28T15:35:50.474+0000] {processor.py:766} INFO - DAG(s) dict_keys(['example_short_circuit_operator']) retrieved from /home/airflow/.local/lib/python3.7/site-packages/airflow/example_dags/example_short_circuit_operator.py
[2022-11-28T15:35:50.501+0000] {logging_mixin.py:137} INFO - [2022-11-28T15:35:50.501+0000] {dag.py:2585} INFO - Sync 1 DAGs
[2022-11-28T15:35:50.519+0000] {logging_mixin.py:137} INFO - [2022-11-28T15:35:50.519+0000] {dag.py:3340} INFO - Setting next_dagrun for example_short_circuit_operator to 2022-11-27T15:35:50.519277+00:00, run_after=2022-11-28T15:35:50.519277+00:00
[2022-11-28T15:35:50.532+0000] {processor.py:176} INFO - Processing /home/airflow/.local/lib/python3.7/site-packages/airflow/example_dags/example_short_circuit_operator.py took 0.075 seconds
[2022-11-28T15:36:20.757+0000] {processor.py:154} INFO - Started process (PID=192) to work on /home/airflow/.local/lib/python3.7/site-packages/airflow/example_dags/example_short_circuit_operator.py
[2022-11-28T15:36:20.761+0000] {processor.py:756} INFO - Processing file /home/airflow/.local/lib/python3.7/site-packages/airflow/example_dags/example_short_circuit_operator.py for tasks to queue
[2022-11-28T15:36:20.762+0000] {logging_mixin.py:137} INFO - [2022-11-28T15:36:20.762+0000] {dagbag.py:537} INFO - Filling up the DagBag from /home/airflow/.local/lib/python3.7/site-packages/airflow/example_dags/example_short_circuit_operator.py
[2022-11-28T15:36:20.780+0000] {processor.py:766} INFO - DAG(s) dict_keys(['example_short_circuit_operator']) retrieved from /home/airflow/.local/lib/python3.7/site-packages/airflow/example_dags/example_short_circuit_operator.py
[2022-11-28T15:36:20.820+0000] {logging_mixin.py:137} INFO - [2022-11-28T15:36:20.819+0000] {dag.py:2585} INFO - Sync 1 DAGs
[2022-11-28T15:36:20.844+0000] {logging_mixin.py:137} INFO - [2022-11-28T15:36:20.843+0000] {dag.py:3340} INFO - Setting next_dagrun for example_short_circuit_operator to 2022-11-27T15:36:20.843660+00:00, run_after=2022-11-28T15:36:20.843660+00:00
[2022-11-28T15:36:20.861+0000] {processor.py:176} INFO - Processing /home/airflow/.local/lib/python3.7/site-packages/airflow/example_dags/example_short_circuit_operator.py took 0.106 seconds
[2022-11-28T15:38:44.997+0000] {processor.py:154} INFO - Started process (PID=66) to work on /home/airflow/.local/lib/python3.7/site-packages/airflow/example_dags/example_short_circuit_operator.py
[2022-11-28T15:38:45.001+0000] {processor.py:756} INFO - Processing file /home/airflow/.local/lib/python3.7/site-packages/airflow/example_dags/example_short_circuit_operator.py for tasks to queue
[2022-11-28T15:38:45.002+0000] {logging_mixin.py:137} INFO - [2022-11-28T15:38:45.002+0000] {dagbag.py:537} INFO - Filling up the DagBag from /home/airflow/.local/lib/python3.7/site-packages/airflow/example_dags/example_short_circuit_operator.py
[2022-11-28T15:38:45.015+0000] {processor.py:766} INFO - DAG(s) dict_keys(['example_short_circuit_operator']) retrieved from /home/airflow/.local/lib/python3.7/site-packages/airflow/example_dags/example_short_circuit_operator.py
[2022-11-28T15:38:45.046+0000] {logging_mixin.py:137} INFO - [2022-11-28T15:38:45.046+0000] {dag.py:2585} INFO - Sync 1 DAGs
[2022-11-28T15:38:45.066+0000] {logging_mixin.py:137} INFO - [2022-11-28T15:38:45.066+0000] {dag.py:3340} INFO - Setting next_dagrun for example_short_circuit_operator to 2022-11-27T15:38:45.065554+00:00, run_after=2022-11-28T15:38:45.065554+00:00
[2022-11-28T15:38:45.092+0000] {processor.py:176} INFO - Processing /home/airflow/.local/lib/python3.7/site-packages/airflow/example_dags/example_short_circuit_operator.py took 0.097 seconds
[2022-11-28T15:39:16.109+0000] {processor.py:154} INFO - Started process (PID=128) to work on /home/airflow/.local/lib/python3.7/site-packages/airflow/example_dags/example_short_circuit_operator.py
[2022-11-28T15:39:16.110+0000] {processor.py:756} INFO - Processing file /home/airflow/.local/lib/python3.7/site-packages/airflow/example_dags/example_short_circuit_operator.py for tasks to queue
[2022-11-28T15:39:16.112+0000] {logging_mixin.py:137} INFO - [2022-11-28T15:39:16.112+0000] {dagbag.py:537} INFO - Filling up the DagBag from /home/airflow/.local/lib/python3.7/site-packages/airflow/example_dags/example_short_circuit_operator.py
[2022-11-28T15:39:16.124+0000] {processor.py:766} INFO - DAG(s) dict_keys(['example_short_circuit_operator']) retrieved from /home/airflow/.local/lib/python3.7/site-packages/airflow/example_dags/example_short_circuit_operator.py
[2022-11-28T15:39:16.158+0000] {logging_mixin.py:137} INFO - [2022-11-28T15:39:16.158+0000] {dag.py:2585} INFO - Sync 1 DAGs
[2022-11-28T15:39:16.175+0000] {logging_mixin.py:137} INFO - [2022-11-28T15:39:16.175+0000] {dag.py:3340} INFO - Setting next_dagrun for example_short_circuit_operator to 2022-11-27T15:39:16.175681+00:00, run_after=2022-11-28T15:39:16.175681+00:00
[2022-11-28T15:39:16.190+0000] {processor.py:176} INFO - Processing /home/airflow/.local/lib/python3.7/site-packages/airflow/example_dags/example_short_circuit_operator.py took 0.084 seconds
[2022-11-28T15:39:46.419+0000] {processor.py:154} INFO - Started process (PID=192) to work on /home/airflow/.local/lib/python3.7/site-packages/airflow/example_dags/example_short_circuit_operator.py
[2022-11-28T15:39:46.420+0000] {processor.py:756} INFO - Processing file /home/airflow/.local/lib/python3.7/site-packages/airflow/example_dags/example_short_circuit_operator.py for tasks to queue
[2022-11-28T15:39:46.421+0000] {logging_mixin.py:137} INFO - [2022-11-28T15:39:46.421+0000] {dagbag.py:537} INFO - Filling up the DagBag from /home/airflow/.local/lib/python3.7/site-packages/airflow/example_dags/example_short_circuit_operator.py
[2022-11-28T15:39:46.432+0000] {processor.py:766} INFO - DAG(s) dict_keys(['example_short_circuit_operator']) retrieved from /home/airflow/.local/lib/python3.7/site-packages/airflow/example_dags/example_short_circuit_operator.py
[2022-11-28T15:39:46.459+0000] {logging_mixin.py:137} INFO - [2022-11-28T15:39:46.459+0000] {dag.py:2585} INFO - Sync 1 DAGs
[2022-11-28T15:39:46.474+0000] {logging_mixin.py:137} INFO - [2022-11-28T15:39:46.474+0000] {dag.py:3340} INFO - Setting next_dagrun for example_short_circuit_operator to 2022-11-27T15:39:46.474043+00:00, run_after=2022-11-28T15:39:46.474043+00:00
[2022-11-28T15:39:46.487+0000] {processor.py:176} INFO - Processing /home/airflow/.local/lib/python3.7/site-packages/airflow/example_dags/example_short_circuit_operator.py took 0.071 seconds
[2022-11-28T15:40:16.751+0000] {processor.py:154} INFO - Started process (PID=255) to work on /home/airflow/.local/lib/python3.7/site-packages/airflow/example_dags/example_short_circuit_operator.py
[2022-11-28T15:40:16.753+0000] {processor.py:756} INFO - Processing file /home/airflow/.local/lib/python3.7/site-packages/airflow/example_dags/example_short_circuit_operator.py for tasks to queue
[2022-11-28T15:40:16.755+0000] {logging_mixin.py:137} INFO - [2022-11-28T15:40:16.755+0000] {dagbag.py:537} INFO - Filling up the DagBag from /home/airflow/.local/lib/python3.7/site-packages/airflow/example_dags/example_short_circuit_operator.py
[2022-11-28T15:40:16.768+0000] {processor.py:766} INFO - DAG(s) dict_keys(['example_short_circuit_operator']) retrieved from /home/airflow/.local/lib/python3.7/site-packages/airflow/example_dags/example_short_circuit_operator.py
[2022-11-28T15:40:16.798+0000] {logging_mixin.py:137} INFO - [2022-11-28T15:40:16.798+0000] {dag.py:2585} INFO - Sync 1 DAGs
[2022-11-28T15:40:16.819+0000] {logging_mixin.py:137} INFO - [2022-11-28T15:40:16.818+0000] {dag.py:3340} INFO - Setting next_dagrun for example_short_circuit_operator to 2022-11-27T15:40:16.818847+00:00, run_after=2022-11-28T15:40:16.818847+00:00
[2022-11-28T15:40:16.853+0000] {processor.py:176} INFO - Processing /home/airflow/.local/lib/python3.7/site-packages/airflow/example_dags/example_short_circuit_operator.py took 0.105 seconds
[2022-11-28T15:40:47.473+0000] {processor.py:154} INFO - Started process (PID=310) to work on /home/airflow/.local/lib/python3.7/site-packages/airflow/example_dags/example_short_circuit_operator.py
[2022-11-28T15:40:47.479+0000] {processor.py:756} INFO - Processing file /home/airflow/.local/lib/python3.7/site-packages/airflow/example_dags/example_short_circuit_operator.py for tasks to queue
[2022-11-28T15:40:47.481+0000] {logging_mixin.py:137} INFO - [2022-11-28T15:40:47.481+0000] {dagbag.py:537} INFO - Filling up the DagBag from /home/airflow/.local/lib/python3.7/site-packages/airflow/example_dags/example_short_circuit_operator.py
[2022-11-28T15:40:47.493+0000] {processor.py:766} INFO - DAG(s) dict_keys(['example_short_circuit_operator']) retrieved from /home/airflow/.local/lib/python3.7/site-packages/airflow/example_dags/example_short_circuit_operator.py
[2022-11-28T15:40:47.527+0000] {logging_mixin.py:137} INFO - [2022-11-28T15:40:47.527+0000] {dag.py:2585} INFO - Sync 1 DAGs
[2022-11-28T15:40:47.547+0000] {logging_mixin.py:137} INFO - [2022-11-28T15:40:47.547+0000] {dag.py:3340} INFO - Setting next_dagrun for example_short_circuit_operator to 2022-11-27T15:40:47.546827+00:00, run_after=2022-11-28T15:40:47.546827+00:00
[2022-11-28T15:40:47.564+0000] {processor.py:176} INFO - Processing /home/airflow/.local/lib/python3.7/site-packages/airflow/example_dags/example_short_circuit_operator.py took 0.094 seconds
[2022-11-28T15:41:18.827+0000] {processor.py:154} INFO - Started process (PID=370) to work on /home/airflow/.local/lib/python3.7/site-packages/airflow/example_dags/example_short_circuit_operator.py
[2022-11-28T15:41:18.830+0000] {processor.py:756} INFO - Processing file /home/airflow/.local/lib/python3.7/site-packages/airflow/example_dags/example_short_circuit_operator.py for tasks to queue
[2022-11-28T15:41:18.831+0000] {logging_mixin.py:137} INFO - [2022-11-28T15:41:18.831+0000] {dagbag.py:537} INFO - Filling up the DagBag from /home/airflow/.local/lib/python3.7/site-packages/airflow/example_dags/example_short_circuit_operator.py
[2022-11-28T15:41:18.843+0000] {processor.py:766} INFO - DAG(s) dict_keys(['example_short_circuit_operator']) retrieved from /home/airflow/.local/lib/python3.7/site-packages/airflow/example_dags/example_short_circuit_operator.py
[2022-11-28T15:41:18.874+0000] {logging_mixin.py:137} INFO - [2022-11-28T15:41:18.874+0000] {dag.py:2585} INFO - Sync 1 DAGs
[2022-11-28T15:41:18.894+0000] {logging_mixin.py:137} INFO - [2022-11-28T15:41:18.894+0000] {dag.py:3340} INFO - Setting next_dagrun for example_short_circuit_operator to 2022-11-27T15:41:18.894289+00:00, run_after=2022-11-28T15:41:18.894289+00:00
[2022-11-28T15:41:18.907+0000] {processor.py:176} INFO - Processing /home/airflow/.local/lib/python3.7/site-packages/airflow/example_dags/example_short_circuit_operator.py took 0.082 seconds
[2022-11-28T15:41:49.617+0000] {processor.py:154} INFO - Started process (PID=433) to work on /home/airflow/.local/lib/python3.7/site-packages/airflow/example_dags/example_short_circuit_operator.py
[2022-11-28T15:41:49.619+0000] {processor.py:756} INFO - Processing file /home/airflow/.local/lib/python3.7/site-packages/airflow/example_dags/example_short_circuit_operator.py for tasks to queue
[2022-11-28T15:41:49.620+0000] {logging_mixin.py:137} INFO - [2022-11-28T15:41:49.620+0000] {dagbag.py:537} INFO - Filling up the DagBag from /home/airflow/.local/lib/python3.7/site-packages/airflow/example_dags/example_short_circuit_operator.py
[2022-11-28T15:41:49.640+0000] {processor.py:766} INFO - DAG(s) dict_keys(['example_short_circuit_operator']) retrieved from /home/airflow/.local/lib/python3.7/site-packages/airflow/example_dags/example_short_circuit_operator.py
[2022-11-28T15:41:49.673+0000] {logging_mixin.py:137} INFO - [2022-11-28T15:41:49.673+0000] {dag.py:2585} INFO - Sync 1 DAGs
[2022-11-28T15:41:49.699+0000] {logging_mixin.py:137} INFO - [2022-11-28T15:41:49.699+0000] {dag.py:3340} INFO - Setting next_dagrun for example_short_circuit_operator to 2022-11-27T15:41:49.698867+00:00, run_after=2022-11-28T15:41:49.698867+00:00
[2022-11-28T15:41:49.717+0000] {processor.py:176} INFO - Processing /home/airflow/.local/lib/python3.7/site-packages/airflow/example_dags/example_short_circuit_operator.py took 0.102 seconds
[2022-11-28T15:42:20.163+0000] {processor.py:154} INFO - Started process (PID=496) to work on /home/airflow/.local/lib/python3.7/site-packages/airflow/example_dags/example_short_circuit_operator.py
[2022-11-28T15:42:20.167+0000] {processor.py:756} INFO - Processing file /home/airflow/.local/lib/python3.7/site-packages/airflow/example_dags/example_short_circuit_operator.py for tasks to queue
[2022-11-28T15:42:20.169+0000] {logging_mixin.py:137} INFO - [2022-11-28T15:42:20.169+0000] {dagbag.py:537} INFO - Filling up the DagBag from /home/airflow/.local/lib/python3.7/site-packages/airflow/example_dags/example_short_circuit_operator.py
[2022-11-28T15:42:20.180+0000] {processor.py:766} INFO - DAG(s) dict_keys(['example_short_circuit_operator']) retrieved from /home/airflow/.local/lib/python3.7/site-packages/airflow/example_dags/example_short_circuit_operator.py
[2022-11-28T15:42:20.209+0000] {logging_mixin.py:137} INFO - [2022-11-28T15:42:20.209+0000] {dag.py:2585} INFO - Sync 1 DAGs
[2022-11-28T15:42:20.229+0000] {logging_mixin.py:137} INFO - [2022-11-28T15:42:20.229+0000] {dag.py:3340} INFO - Setting next_dagrun for example_short_circuit_operator to 2022-11-27T15:42:20.229279+00:00, run_after=2022-11-28T15:42:20.229279+00:00
[2022-11-28T15:42:20.245+0000] {processor.py:176} INFO - Processing /home/airflow/.local/lib/python3.7/site-packages/airflow/example_dags/example_short_circuit_operator.py took 0.084 seconds
[2022-11-28T15:42:50.627+0000] {processor.py:154} INFO - Started process (PID=558) to work on /home/airflow/.local/lib/python3.7/site-packages/airflow/example_dags/example_short_circuit_operator.py
[2022-11-28T15:42:50.629+0000] {processor.py:756} INFO - Processing file /home/airflow/.local/lib/python3.7/site-packages/airflow/example_dags/example_short_circuit_operator.py for tasks to queue
[2022-11-28T15:42:50.631+0000] {logging_mixin.py:137} INFO - [2022-11-28T15:42:50.630+0000] {dagbag.py:537} INFO - Filling up the DagBag from /home/airflow/.local/lib/python3.7/site-packages/airflow/example_dags/example_short_circuit_operator.py
[2022-11-28T15:42:50.645+0000] {processor.py:766} INFO - DAG(s) dict_keys(['example_short_circuit_operator']) retrieved from /home/airflow/.local/lib/python3.7/site-packages/airflow/example_dags/example_short_circuit_operator.py
[2022-11-28T15:42:50.675+0000] {logging_mixin.py:137} INFO - [2022-11-28T15:42:50.675+0000] {dag.py:2585} INFO - Sync 1 DAGs
[2022-11-28T15:42:50.692+0000] {logging_mixin.py:137} INFO - [2022-11-28T15:42:50.692+0000] {dag.py:3340} INFO - Setting next_dagrun for example_short_circuit_operator to 2022-11-27T15:42:50.692631+00:00, run_after=2022-11-28T15:42:50.692631+00:00
[2022-11-28T15:42:50.707+0000] {processor.py:176} INFO - Processing /home/airflow/.local/lib/python3.7/site-packages/airflow/example_dags/example_short_circuit_operator.py took 0.082 seconds
[2022-11-28T15:43:21.535+0000] {processor.py:154} INFO - Started process (PID=620) to work on /home/airflow/.local/lib/python3.7/site-packages/airflow/example_dags/example_short_circuit_operator.py
[2022-11-28T15:43:21.537+0000] {processor.py:756} INFO - Processing file /home/airflow/.local/lib/python3.7/site-packages/airflow/example_dags/example_short_circuit_operator.py for tasks to queue
[2022-11-28T15:43:21.539+0000] {logging_mixin.py:137} INFO - [2022-11-28T15:43:21.539+0000] {dagbag.py:537} INFO - Filling up the DagBag from /home/airflow/.local/lib/python3.7/site-packages/airflow/example_dags/example_short_circuit_operator.py
[2022-11-28T15:43:21.565+0000] {processor.py:766} INFO - DAG(s) dict_keys(['example_short_circuit_operator']) retrieved from /home/airflow/.local/lib/python3.7/site-packages/airflow/example_dags/example_short_circuit_operator.py
[2022-11-28T15:43:21.606+0000] {logging_mixin.py:137} INFO - [2022-11-28T15:43:21.606+0000] {dag.py:2585} INFO - Sync 1 DAGs
[2022-11-28T15:43:21.627+0000] {logging_mixin.py:137} INFO - [2022-11-28T15:43:21.627+0000] {dag.py:3340} INFO - Setting next_dagrun for example_short_circuit_operator to 2022-11-27T15:43:21.627454+00:00, run_after=2022-11-28T15:43:21.627454+00:00
[2022-11-28T15:43:21.644+0000] {processor.py:176} INFO - Processing /home/airflow/.local/lib/python3.7/site-packages/airflow/example_dags/example_short_circuit_operator.py took 0.111 seconds
[2022-11-28T15:43:52.482+0000] {processor.py:154} INFO - Started process (PID=675) to work on /home/airflow/.local/lib/python3.7/site-packages/airflow/example_dags/example_short_circuit_operator.py
[2022-11-28T15:43:52.484+0000] {processor.py:756} INFO - Processing file /home/airflow/.local/lib/python3.7/site-packages/airflow/example_dags/example_short_circuit_operator.py for tasks to queue
[2022-11-28T15:43:52.485+0000] {logging_mixin.py:137} INFO - [2022-11-28T15:43:52.485+0000] {dagbag.py:537} INFO - Filling up the DagBag from /home/airflow/.local/lib/python3.7/site-packages/airflow/example_dags/example_short_circuit_operator.py
[2022-11-28T15:43:52.496+0000] {processor.py:766} INFO - DAG(s) dict_keys(['example_short_circuit_operator']) retrieved from /home/airflow/.local/lib/python3.7/site-packages/airflow/example_dags/example_short_circuit_operator.py
[2022-11-28T15:43:52.526+0000] {logging_mixin.py:137} INFO - [2022-11-28T15:43:52.526+0000] {dag.py:2585} INFO - Sync 1 DAGs
[2022-11-28T15:43:52.545+0000] {logging_mixin.py:137} INFO - [2022-11-28T15:43:52.544+0000] {dag.py:3340} INFO - Setting next_dagrun for example_short_circuit_operator to 2022-11-27T15:43:52.544786+00:00, run_after=2022-11-28T15:43:52.544786+00:00
[2022-11-28T15:43:52.559+0000] {processor.py:176} INFO - Processing /home/airflow/.local/lib/python3.7/site-packages/airflow/example_dags/example_short_circuit_operator.py took 0.079 seconds
[2022-11-28T15:44:23.456+0000] {processor.py:154} INFO - Started process (PID=738) to work on /home/airflow/.local/lib/python3.7/site-packages/airflow/example_dags/example_short_circuit_operator.py
[2022-11-28T15:44:23.458+0000] {processor.py:756} INFO - Processing file /home/airflow/.local/lib/python3.7/site-packages/airflow/example_dags/example_short_circuit_operator.py for tasks to queue
[2022-11-28T15:44:23.459+0000] {logging_mixin.py:137} INFO - [2022-11-28T15:44:23.459+0000] {dagbag.py:537} INFO - Filling up the DagBag from /home/airflow/.local/lib/python3.7/site-packages/airflow/example_dags/example_short_circuit_operator.py
[2022-11-28T15:44:23.471+0000] {processor.py:766} INFO - DAG(s) dict_keys(['example_short_circuit_operator']) retrieved from /home/airflow/.local/lib/python3.7/site-packages/airflow/example_dags/example_short_circuit_operator.py
[2022-11-28T15:44:23.499+0000] {logging_mixin.py:137} INFO - [2022-11-28T15:44:23.499+0000] {dag.py:2585} INFO - Sync 1 DAGs
[2022-11-28T15:44:23.517+0000] {logging_mixin.py:137} INFO - [2022-11-28T15:44:23.517+0000] {dag.py:3340} INFO - Setting next_dagrun for example_short_circuit_operator to 2022-11-27T15:44:23.517111+00:00, run_after=2022-11-28T15:44:23.517111+00:00
[2022-11-28T15:44:23.530+0000] {processor.py:176} INFO - Processing /home/airflow/.local/lib/python3.7/site-packages/airflow/example_dags/example_short_circuit_operator.py took 0.076 seconds
[2022-11-28T15:44:54.094+0000] {processor.py:154} INFO - Started process (PID=801) to work on /home/airflow/.local/lib/python3.7/site-packages/airflow/example_dags/example_short_circuit_operator.py
[2022-11-28T15:44:54.097+0000] {processor.py:756} INFO - Processing file /home/airflow/.local/lib/python3.7/site-packages/airflow/example_dags/example_short_circuit_operator.py for tasks to queue
[2022-11-28T15:44:54.098+0000] {logging_mixin.py:137} INFO - [2022-11-28T15:44:54.098+0000] {dagbag.py:537} INFO - Filling up the DagBag from /home/airflow/.local/lib/python3.7/site-packages/airflow/example_dags/example_short_circuit_operator.py
[2022-11-28T15:44:54.110+0000] {processor.py:766} INFO - DAG(s) dict_keys(['example_short_circuit_operator']) retrieved from /home/airflow/.local/lib/python3.7/site-packages/airflow/example_dags/example_short_circuit_operator.py
[2022-11-28T15:44:54.140+0000] {logging_mixin.py:137} INFO - [2022-11-28T15:44:54.140+0000] {dag.py:2585} INFO - Sync 1 DAGs
[2022-11-28T15:44:54.158+0000] {logging_mixin.py:137} INFO - [2022-11-28T15:44:54.158+0000] {dag.py:3340} INFO - Setting next_dagrun for example_short_circuit_operator to 2022-11-27T15:44:54.158168+00:00, run_after=2022-11-28T15:44:54.158168+00:00
[2022-11-28T15:44:54.173+0000] {processor.py:176} INFO - Processing /home/airflow/.local/lib/python3.7/site-packages/airflow/example_dags/example_short_circuit_operator.py took 0.081 seconds
[2022-11-28T15:45:25.119+0000] {processor.py:154} INFO - Started process (PID=864) to work on /home/airflow/.local/lib/python3.7/site-packages/airflow/example_dags/example_short_circuit_operator.py
[2022-11-28T15:45:25.121+0000] {processor.py:756} INFO - Processing file /home/airflow/.local/lib/python3.7/site-packages/airflow/example_dags/example_short_circuit_operator.py for tasks to queue
[2022-11-28T15:45:25.122+0000] {logging_mixin.py:137} INFO - [2022-11-28T15:45:25.122+0000] {dagbag.py:537} INFO - Filling up the DagBag from /home/airflow/.local/lib/python3.7/site-packages/airflow/example_dags/example_short_circuit_operator.py
[2022-11-28T15:45:25.134+0000] {processor.py:766} INFO - DAG(s) dict_keys(['example_short_circuit_operator']) retrieved from /home/airflow/.local/lib/python3.7/site-packages/airflow/example_dags/example_short_circuit_operator.py
[2022-11-28T15:45:25.163+0000] {logging_mixin.py:137} INFO - [2022-11-28T15:45:25.162+0000] {dag.py:2585} INFO - Sync 1 DAGs
[2022-11-28T15:45:25.180+0000] {logging_mixin.py:137} INFO - [2022-11-28T15:45:25.180+0000] {dag.py:3340} INFO - Setting next_dagrun for example_short_circuit_operator to 2022-11-27T15:45:25.180450+00:00, run_after=2022-11-28T15:45:25.180450+00:00
[2022-11-28T15:45:25.194+0000] {processor.py:176} INFO - Processing /home/airflow/.local/lib/python3.7/site-packages/airflow/example_dags/example_short_circuit_operator.py took 0.077 seconds
[2022-11-28T15:45:55.794+0000] {processor.py:154} INFO - Started process (PID=929) to work on /home/airflow/.local/lib/python3.7/site-packages/airflow/example_dags/example_short_circuit_operator.py
[2022-11-28T15:45:55.796+0000] {processor.py:756} INFO - Processing file /home/airflow/.local/lib/python3.7/site-packages/airflow/example_dags/example_short_circuit_operator.py for tasks to queue
[2022-11-28T15:45:55.798+0000] {logging_mixin.py:137} INFO - [2022-11-28T15:45:55.798+0000] {dagbag.py:537} INFO - Filling up the DagBag from /home/airflow/.local/lib/python3.7/site-packages/airflow/example_dags/example_short_circuit_operator.py
[2022-11-28T15:45:55.809+0000] {processor.py:766} INFO - DAG(s) dict_keys(['example_short_circuit_operator']) retrieved from /home/airflow/.local/lib/python3.7/site-packages/airflow/example_dags/example_short_circuit_operator.py
[2022-11-28T15:45:55.841+0000] {logging_mixin.py:137} INFO - [2022-11-28T15:45:55.841+0000] {dag.py:2585} INFO - Sync 1 DAGs
[2022-11-28T15:45:55.862+0000] {logging_mixin.py:137} INFO - [2022-11-28T15:45:55.862+0000] {dag.py:3340} INFO - Setting next_dagrun for example_short_circuit_operator to 2022-11-27T15:45:55.862189+00:00, run_after=2022-11-28T15:45:55.862189+00:00
[2022-11-28T15:45:55.882+0000] {processor.py:176} INFO - Processing /home/airflow/.local/lib/python3.7/site-packages/airflow/example_dags/example_short_circuit_operator.py took 0.089 seconds
[2022-11-28T15:46:26.562+0000] {processor.py:154} INFO - Started process (PID=992) to work on /home/airflow/.local/lib/python3.7/site-packages/airflow/example_dags/example_short_circuit_operator.py
[2022-11-28T15:46:26.564+0000] {processor.py:756} INFO - Processing file /home/airflow/.local/lib/python3.7/site-packages/airflow/example_dags/example_short_circuit_operator.py for tasks to queue
[2022-11-28T15:46:26.566+0000] {logging_mixin.py:137} INFO - [2022-11-28T15:46:26.565+0000] {dagbag.py:537} INFO - Filling up the DagBag from /home/airflow/.local/lib/python3.7/site-packages/airflow/example_dags/example_short_circuit_operator.py
[2022-11-28T15:46:26.578+0000] {processor.py:766} INFO - DAG(s) dict_keys(['example_short_circuit_operator']) retrieved from /home/airflow/.local/lib/python3.7/site-packages/airflow/example_dags/example_short_circuit_operator.py
[2022-11-28T15:46:26.618+0000] {logging_mixin.py:137} INFO - [2022-11-28T15:46:26.618+0000] {dag.py:2585} INFO - Sync 1 DAGs
[2022-11-28T15:46:26.639+0000] {logging_mixin.py:137} INFO - [2022-11-28T15:46:26.639+0000] {dag.py:3340} INFO - Setting next_dagrun for example_short_circuit_operator to 2022-11-27T15:46:26.638874+00:00, run_after=2022-11-28T15:46:26.638874+00:00
[2022-11-28T15:46:26.653+0000] {processor.py:176} INFO - Processing /home/airflow/.local/lib/python3.7/site-packages/airflow/example_dags/example_short_circuit_operator.py took 0.095 seconds
[2022-11-28T15:46:57.530+0000] {processor.py:154} INFO - Started process (PID=1047) to work on /home/airflow/.local/lib/python3.7/site-packages/airflow/example_dags/example_short_circuit_operator.py
[2022-11-28T15:46:57.532+0000] {processor.py:756} INFO - Processing file /home/airflow/.local/lib/python3.7/site-packages/airflow/example_dags/example_short_circuit_operator.py for tasks to queue
[2022-11-28T15:46:57.533+0000] {logging_mixin.py:137} INFO - [2022-11-28T15:46:57.533+0000] {dagbag.py:537} INFO - Filling up the DagBag from /home/airflow/.local/lib/python3.7/site-packages/airflow/example_dags/example_short_circuit_operator.py
[2022-11-28T15:46:57.544+0000] {processor.py:766} INFO - DAG(s) dict_keys(['example_short_circuit_operator']) retrieved from /home/airflow/.local/lib/python3.7/site-packages/airflow/example_dags/example_short_circuit_operator.py
[2022-11-28T15:46:57.570+0000] {logging_mixin.py:137} INFO - [2022-11-28T15:46:57.570+0000] {dag.py:2585} INFO - Sync 1 DAGs
[2022-11-28T15:46:57.586+0000] {logging_mixin.py:137} INFO - [2022-11-28T15:46:57.586+0000] {dag.py:3340} INFO - Setting next_dagrun for example_short_circuit_operator to 2022-11-27T15:46:57.586303+00:00, run_after=2022-11-28T15:46:57.586303+00:00
[2022-11-28T15:46:57.599+0000] {processor.py:176} INFO - Processing /home/airflow/.local/lib/python3.7/site-packages/airflow/example_dags/example_short_circuit_operator.py took 0.072 seconds
[2022-11-28T15:47:28.099+0000] {processor.py:154} INFO - Started process (PID=1111) to work on /home/airflow/.local/lib/python3.7/site-packages/airflow/example_dags/example_short_circuit_operator.py
[2022-11-28T15:47:28.102+0000] {processor.py:756} INFO - Processing file /home/airflow/.local/lib/python3.7/site-packages/airflow/example_dags/example_short_circuit_operator.py for tasks to queue
[2022-11-28T15:47:28.103+0000] {logging_mixin.py:137} INFO - [2022-11-28T15:47:28.103+0000] {dagbag.py:537} INFO - Filling up the DagBag from /home/airflow/.local/lib/python3.7/site-packages/airflow/example_dags/example_short_circuit_operator.py
[2022-11-28T15:47:28.114+0000] {processor.py:766} INFO - DAG(s) dict_keys(['example_short_circuit_operator']) retrieved from /home/airflow/.local/lib/python3.7/site-packages/airflow/example_dags/example_short_circuit_operator.py
[2022-11-28T15:47:28.142+0000] {logging_mixin.py:137} INFO - [2022-11-28T15:47:28.142+0000] {dag.py:2585} INFO - Sync 1 DAGs
[2022-11-28T15:47:28.164+0000] {logging_mixin.py:137} INFO - [2022-11-28T15:47:28.164+0000] {dag.py:3340} INFO - Setting next_dagrun for example_short_circuit_operator to 2022-11-27T15:47:28.163993+00:00, run_after=2022-11-28T15:47:28.163993+00:00
[2022-11-28T15:47:28.178+0000] {processor.py:176} INFO - Processing /home/airflow/.local/lib/python3.7/site-packages/airflow/example_dags/example_short_circuit_operator.py took 0.081 seconds
[2022-11-28T15:47:58.671+0000] {processor.py:154} INFO - Started process (PID=1176) to work on /home/airflow/.local/lib/python3.7/site-packages/airflow/example_dags/example_short_circuit_operator.py
[2022-11-28T15:47:58.674+0000] {processor.py:756} INFO - Processing file /home/airflow/.local/lib/python3.7/site-packages/airflow/example_dags/example_short_circuit_operator.py for tasks to queue
[2022-11-28T15:47:58.675+0000] {logging_mixin.py:137} INFO - [2022-11-28T15:47:58.675+0000] {dagbag.py:537} INFO - Filling up the DagBag from /home/airflow/.local/lib/python3.7/site-packages/airflow/example_dags/example_short_circuit_operator.py
[2022-11-28T15:47:58.687+0000] {processor.py:766} INFO - DAG(s) dict_keys(['example_short_circuit_operator']) retrieved from /home/airflow/.local/lib/python3.7/site-packages/airflow/example_dags/example_short_circuit_operator.py
[2022-11-28T15:47:58.716+0000] {logging_mixin.py:137} INFO - [2022-11-28T15:47:58.716+0000] {dag.py:2585} INFO - Sync 1 DAGs
[2022-11-28T15:47:58.738+0000] {logging_mixin.py:137} INFO - [2022-11-28T15:47:58.737+0000] {dag.py:3340} INFO - Setting next_dagrun for example_short_circuit_operator to 2022-11-27T15:47:58.737831+00:00, run_after=2022-11-28T15:47:58.737831+00:00
[2022-11-28T15:47:58.750+0000] {processor.py:176} INFO - Processing /home/airflow/.local/lib/python3.7/site-packages/airflow/example_dags/example_short_circuit_operator.py took 0.081 seconds
[2022-11-28T15:48:29.858+0000] {processor.py:154} INFO - Started process (PID=1240) to work on /home/airflow/.local/lib/python3.7/site-packages/airflow/example_dags/example_short_circuit_operator.py
[2022-11-28T15:48:29.861+0000] {processor.py:756} INFO - Processing file /home/airflow/.local/lib/python3.7/site-packages/airflow/example_dags/example_short_circuit_operator.py for tasks to queue
[2022-11-28T15:48:29.862+0000] {logging_mixin.py:137} INFO - [2022-11-28T15:48:29.862+0000] {dagbag.py:537} INFO - Filling up the DagBag from /home/airflow/.local/lib/python3.7/site-packages/airflow/example_dags/example_short_circuit_operator.py
[2022-11-28T15:48:29.878+0000] {processor.py:766} INFO - DAG(s) dict_keys(['example_short_circuit_operator']) retrieved from /home/airflow/.local/lib/python3.7/site-packages/airflow/example_dags/example_short_circuit_operator.py
[2022-11-28T15:48:29.922+0000] {logging_mixin.py:137} INFO - [2022-11-28T15:48:29.922+0000] {dag.py:2585} INFO - Sync 1 DAGs
[2022-11-28T15:48:29.942+0000] {logging_mixin.py:137} INFO - [2022-11-28T15:48:29.942+0000] {dag.py:3340} INFO - Setting next_dagrun for example_short_circuit_operator to 2022-11-27T15:48:29.942332+00:00, run_after=2022-11-28T15:48:29.942332+00:00
[2022-11-28T15:48:29.957+0000] {processor.py:176} INFO - Processing /home/airflow/.local/lib/python3.7/site-packages/airflow/example_dags/example_short_circuit_operator.py took 0.102 seconds
[2022-11-28T15:49:00.483+0000] {processor.py:154} INFO - Started process (PID=1302) to work on /home/airflow/.local/lib/python3.7/site-packages/airflow/example_dags/example_short_circuit_operator.py
[2022-11-28T15:49:00.484+0000] {processor.py:756} INFO - Processing file /home/airflow/.local/lib/python3.7/site-packages/airflow/example_dags/example_short_circuit_operator.py for tasks to queue
[2022-11-28T15:49:00.486+0000] {logging_mixin.py:137} INFO - [2022-11-28T15:49:00.486+0000] {dagbag.py:537} INFO - Filling up the DagBag from /home/airflow/.local/lib/python3.7/site-packages/airflow/example_dags/example_short_circuit_operator.py
[2022-11-28T15:49:00.497+0000] {processor.py:766} INFO - DAG(s) dict_keys(['example_short_circuit_operator']) retrieved from /home/airflow/.local/lib/python3.7/site-packages/airflow/example_dags/example_short_circuit_operator.py
[2022-11-28T15:49:00.524+0000] {logging_mixin.py:137} INFO - [2022-11-28T15:49:00.524+0000] {dag.py:2585} INFO - Sync 1 DAGs
[2022-11-28T15:49:00.547+0000] {logging_mixin.py:137} INFO - [2022-11-28T15:49:00.547+0000] {dag.py:3340} INFO - Setting next_dagrun for example_short_circuit_operator to 2022-11-27T15:49:00.547129+00:00, run_after=2022-11-28T15:49:00.547129+00:00
[2022-11-28T15:49:00.559+0000] {processor.py:176} INFO - Processing /home/airflow/.local/lib/python3.7/site-packages/airflow/example_dags/example_short_circuit_operator.py took 0.079 seconds
[2022-11-28T15:49:31.253+0000] {processor.py:154} INFO - Started process (PID=1364) to work on /home/airflow/.local/lib/python3.7/site-packages/airflow/example_dags/example_short_circuit_operator.py
[2022-11-28T15:49:31.255+0000] {processor.py:756} INFO - Processing file /home/airflow/.local/lib/python3.7/site-packages/airflow/example_dags/example_short_circuit_operator.py for tasks to queue
[2022-11-28T15:49:31.257+0000] {logging_mixin.py:137} INFO - [2022-11-28T15:49:31.257+0000] {dagbag.py:537} INFO - Filling up the DagBag from /home/airflow/.local/lib/python3.7/site-packages/airflow/example_dags/example_short_circuit_operator.py
[2022-11-28T15:49:31.269+0000] {processor.py:766} INFO - DAG(s) dict_keys(['example_short_circuit_operator']) retrieved from /home/airflow/.local/lib/python3.7/site-packages/airflow/example_dags/example_short_circuit_operator.py
[2022-11-28T15:49:31.308+0000] {logging_mixin.py:137} INFO - [2022-11-28T15:49:31.308+0000] {dag.py:2585} INFO - Sync 1 DAGs
[2022-11-28T15:49:31.330+0000] {logging_mixin.py:137} INFO - [2022-11-28T15:49:31.330+0000] {dag.py:3340} INFO - Setting next_dagrun for example_short_circuit_operator to 2022-11-27T15:49:31.329927+00:00, run_after=2022-11-28T15:49:31.329927+00:00
[2022-11-28T15:49:31.355+0000] {processor.py:176} INFO - Processing /home/airflow/.local/lib/python3.7/site-packages/airflow/example_dags/example_short_circuit_operator.py took 0.105 seconds
