[2022-11-28T15:35:14.916+0000] {processor.py:154} INFO - Started process (PID=37) to work on /home/airflow/.local/lib/python3.7/site-packages/airflow/example_dags/example_subdag_operator.py
[2022-11-28T15:35:14.919+0000] {processor.py:756} INFO - Processing file /home/airflow/.local/lib/python3.7/site-packages/airflow/example_dags/example_subdag_operator.py for tasks to queue
[2022-11-28T15:35:14.922+0000] {logging_mixin.py:137} INFO - [2022-11-28T15:35:14.921+0000] {dagbag.py:537} INFO - Filling up the DagBag from /home/airflow/.local/lib/python3.7/site-packages/airflow/example_dags/example_subdag_operator.py
[2022-11-28T15:35:14.968+0000] {processor.py:766} INFO - DAG(s) dict_keys(['example_subdag_operator.section-1', 'example_subdag_operator.section-2', 'example_subdag_operator']) retrieved from /home/airflow/.local/lib/python3.7/site-packages/airflow/example_dags/example_subdag_operator.py
[2022-11-28T15:35:15.034+0000] {logging_mixin.py:137} INFO - [2022-11-28T15:35:15.032+0000] {dag.py:2585} INFO - Sync 3 DAGs
[2022-11-28T15:35:15.093+0000] {logging_mixin.py:137} INFO - [2022-11-28T15:35:15.093+0000] {dag.py:3340} INFO - Setting next_dagrun for example_subdag_operator to 2022-01-01T00:00:00+00:00, run_after=2022-01-01T00:00:00+00:00
[2022-11-28T15:35:15.111+0000] {logging_mixin.py:137} INFO - [2022-11-28T15:35:15.110+0000] {dag.py:3340} INFO - Setting next_dagrun for example_subdag_operator.section-1 to None, run_after=None
[2022-11-28T15:35:15.113+0000] {logging_mixin.py:137} INFO - [2022-11-28T15:35:15.113+0000] {dag.py:3340} INFO - Setting next_dagrun for example_subdag_operator.section-2 to None, run_after=None
[2022-11-28T15:35:15.134+0000] {logging_mixin.py:137} INFO - [2022-11-28T15:35:15.134+0000] {dag.py:2585} INFO - Sync 2 DAGs
[2022-11-28T15:35:15.181+0000] {logging_mixin.py:137} INFO - [2022-11-28T15:35:15.181+0000] {dag.py:3340} INFO - Setting next_dagrun for example_subdag_operator.section-1 to None, run_after=None
[2022-11-28T15:35:15.186+0000] {logging_mixin.py:137} INFO - [2022-11-28T15:35:15.186+0000] {dag.py:3340} INFO - Setting next_dagrun for example_subdag_operator.section-2 to None, run_after=None
[2022-11-28T15:35:15.201+0000] {processor.py:176} INFO - Processing /home/airflow/.local/lib/python3.7/site-packages/airflow/example_dags/example_subdag_operator.py took 0.306 seconds
[2022-11-28T15:35:45.817+0000] {processor.py:154} INFO - Started process (PID=99) to work on /home/airflow/.local/lib/python3.7/site-packages/airflow/example_dags/example_subdag_operator.py
[2022-11-28T15:35:45.819+0000] {processor.py:756} INFO - Processing file /home/airflow/.local/lib/python3.7/site-packages/airflow/example_dags/example_subdag_operator.py for tasks to queue
[2022-11-28T15:35:45.821+0000] {logging_mixin.py:137} INFO - [2022-11-28T15:35:45.821+0000] {dagbag.py:537} INFO - Filling up the DagBag from /home/airflow/.local/lib/python3.7/site-packages/airflow/example_dags/example_subdag_operator.py
[2022-11-28T15:35:45.848+0000] {processor.py:766} INFO - DAG(s) dict_keys(['example_subdag_operator.section-1', 'example_subdag_operator.section-2', 'example_subdag_operator']) retrieved from /home/airflow/.local/lib/python3.7/site-packages/airflow/example_dags/example_subdag_operator.py
[2022-11-28T15:35:45.973+0000] {logging_mixin.py:137} INFO - [2022-11-28T15:35:45.973+0000] {dag.py:2585} INFO - Sync 3 DAGs
[2022-11-28T15:35:45.990+0000] {logging_mixin.py:137} INFO - [2022-11-28T15:35:45.990+0000] {dag.py:3340} INFO - Setting next_dagrun for example_subdag_operator to 2022-01-01T00:00:00+00:00, run_after=2022-01-01T00:00:00+00:00
[2022-11-28T15:35:45.993+0000] {logging_mixin.py:137} INFO - [2022-11-28T15:35:45.993+0000] {dag.py:3340} INFO - Setting next_dagrun for example_subdag_operator.section-1 to None, run_after=None
[2022-11-28T15:35:45.995+0000] {logging_mixin.py:137} INFO - [2022-11-28T15:35:45.995+0000] {dag.py:3340} INFO - Setting next_dagrun for example_subdag_operator.section-2 to None, run_after=None
[2022-11-28T15:35:46.002+0000] {logging_mixin.py:137} INFO - [2022-11-28T15:35:46.002+0000] {dag.py:2585} INFO - Sync 2 DAGs
[2022-11-28T15:35:46.008+0000] {logging_mixin.py:137} INFO - [2022-11-28T15:35:46.007+0000] {dag.py:3340} INFO - Setting next_dagrun for example_subdag_operator.section-1 to None, run_after=None
[2022-11-28T15:35:46.009+0000] {logging_mixin.py:137} INFO - [2022-11-28T15:35:46.009+0000] {dag.py:3340} INFO - Setting next_dagrun for example_subdag_operator.section-2 to None, run_after=None
[2022-11-28T15:35:46.019+0000] {processor.py:176} INFO - Processing /home/airflow/.local/lib/python3.7/site-packages/airflow/example_dags/example_subdag_operator.py took 0.205 seconds
[2022-11-28T15:36:16.143+0000] {processor.py:154} INFO - Started process (PID=163) to work on /home/airflow/.local/lib/python3.7/site-packages/airflow/example_dags/example_subdag_operator.py
[2022-11-28T15:36:16.145+0000] {processor.py:756} INFO - Processing file /home/airflow/.local/lib/python3.7/site-packages/airflow/example_dags/example_subdag_operator.py for tasks to queue
[2022-11-28T15:36:16.148+0000] {logging_mixin.py:137} INFO - [2022-11-28T15:36:16.148+0000] {dagbag.py:537} INFO - Filling up the DagBag from /home/airflow/.local/lib/python3.7/site-packages/airflow/example_dags/example_subdag_operator.py
[2022-11-28T15:36:16.177+0000] {processor.py:766} INFO - DAG(s) dict_keys(['example_subdag_operator.section-1', 'example_subdag_operator.section-2', 'example_subdag_operator']) retrieved from /home/airflow/.local/lib/python3.7/site-packages/airflow/example_dags/example_subdag_operator.py
[2022-11-28T15:36:16.307+0000] {logging_mixin.py:137} INFO - [2022-11-28T15:36:16.307+0000] {dag.py:2585} INFO - Sync 3 DAGs
[2022-11-28T15:36:16.327+0000] {logging_mixin.py:137} INFO - [2022-11-28T15:36:16.327+0000] {dag.py:3340} INFO - Setting next_dagrun for example_subdag_operator to 2022-01-01T00:00:00+00:00, run_after=2022-01-01T00:00:00+00:00
[2022-11-28T15:36:16.332+0000] {logging_mixin.py:137} INFO - [2022-11-28T15:36:16.332+0000] {dag.py:3340} INFO - Setting next_dagrun for example_subdag_operator.section-1 to None, run_after=None
[2022-11-28T15:36:16.335+0000] {logging_mixin.py:137} INFO - [2022-11-28T15:36:16.335+0000] {dag.py:3340} INFO - Setting next_dagrun for example_subdag_operator.section-2 to None, run_after=None
[2022-11-28T15:36:16.342+0000] {logging_mixin.py:137} INFO - [2022-11-28T15:36:16.342+0000] {dag.py:2585} INFO - Sync 2 DAGs
[2022-11-28T15:36:16.353+0000] {logging_mixin.py:137} INFO - [2022-11-28T15:36:16.353+0000] {dag.py:3340} INFO - Setting next_dagrun for example_subdag_operator.section-1 to None, run_after=None
[2022-11-28T15:36:16.361+0000] {logging_mixin.py:137} INFO - [2022-11-28T15:36:16.361+0000] {dag.py:3340} INFO - Setting next_dagrun for example_subdag_operator.section-2 to None, run_after=None
[2022-11-28T15:36:16.378+0000] {processor.py:176} INFO - Processing /home/airflow/.local/lib/python3.7/site-packages/airflow/example_dags/example_subdag_operator.py took 0.238 seconds
[2022-11-28T15:38:41.991+0000] {processor.py:154} INFO - Started process (PID=37) to work on /home/airflow/.local/lib/python3.7/site-packages/airflow/example_dags/example_subdag_operator.py
[2022-11-28T15:38:42.000+0000] {processor.py:756} INFO - Processing file /home/airflow/.local/lib/python3.7/site-packages/airflow/example_dags/example_subdag_operator.py for tasks to queue
[2022-11-28T15:38:42.001+0000] {logging_mixin.py:137} INFO - [2022-11-28T15:38:42.001+0000] {dagbag.py:537} INFO - Filling up the DagBag from /home/airflow/.local/lib/python3.7/site-packages/airflow/example_dags/example_subdag_operator.py
[2022-11-28T15:38:42.042+0000] {processor.py:766} INFO - DAG(s) dict_keys(['example_subdag_operator.section-1', 'example_subdag_operator.section-2', 'example_subdag_operator']) retrieved from /home/airflow/.local/lib/python3.7/site-packages/airflow/example_dags/example_subdag_operator.py
[2022-11-28T15:38:42.057+0000] {logging_mixin.py:137} INFO - [2022-11-28T15:38:42.057+0000] {dag.py:2585} INFO - Sync 3 DAGs
[2022-11-28T15:38:42.098+0000] {logging_mixin.py:137} INFO - [2022-11-28T15:38:42.097+0000] {dag.py:3340} INFO - Setting next_dagrun for example_subdag_operator to 2022-01-01T00:00:00+00:00, run_after=2022-01-01T00:00:00+00:00
[2022-11-28T15:38:42.105+0000] {logging_mixin.py:137} INFO - [2022-11-28T15:38:42.105+0000] {dag.py:3340} INFO - Setting next_dagrun for example_subdag_operator.section-1 to None, run_after=None
[2022-11-28T15:38:42.108+0000] {logging_mixin.py:137} INFO - [2022-11-28T15:38:42.108+0000] {dag.py:3340} INFO - Setting next_dagrun for example_subdag_operator.section-2 to None, run_after=None
[2022-11-28T15:38:42.117+0000] {logging_mixin.py:137} INFO - [2022-11-28T15:38:42.116+0000] {dag.py:2585} INFO - Sync 2 DAGs
[2022-11-28T15:38:42.127+0000] {logging_mixin.py:137} INFO - [2022-11-28T15:38:42.126+0000] {dag.py:3340} INFO - Setting next_dagrun for example_subdag_operator.section-1 to None, run_after=None
[2022-11-28T15:38:42.130+0000] {logging_mixin.py:137} INFO - [2022-11-28T15:38:42.130+0000] {dag.py:3340} INFO - Setting next_dagrun for example_subdag_operator.section-2 to None, run_after=None
[2022-11-28T15:38:42.144+0000] {processor.py:176} INFO - Processing /home/airflow/.local/lib/python3.7/site-packages/airflow/example_dags/example_subdag_operator.py took 0.156 seconds
[2022-11-28T15:39:12.854+0000] {processor.py:154} INFO - Started process (PID=99) to work on /home/airflow/.local/lib/python3.7/site-packages/airflow/example_dags/example_subdag_operator.py
[2022-11-28T15:39:12.855+0000] {processor.py:756} INFO - Processing file /home/airflow/.local/lib/python3.7/site-packages/airflow/example_dags/example_subdag_operator.py for tasks to queue
[2022-11-28T15:39:12.861+0000] {logging_mixin.py:137} INFO - [2022-11-28T15:39:12.861+0000] {dagbag.py:537} INFO - Filling up the DagBag from /home/airflow/.local/lib/python3.7/site-packages/airflow/example_dags/example_subdag_operator.py
[2022-11-28T15:39:12.888+0000] {processor.py:766} INFO - DAG(s) dict_keys(['example_subdag_operator.section-1', 'example_subdag_operator.section-2', 'example_subdag_operator']) retrieved from /home/airflow/.local/lib/python3.7/site-packages/airflow/example_dags/example_subdag_operator.py
[2022-11-28T15:39:13.000+0000] {logging_mixin.py:137} INFO - [2022-11-28T15:39:13.000+0000] {dag.py:2585} INFO - Sync 3 DAGs
[2022-11-28T15:39:13.016+0000] {logging_mixin.py:137} INFO - [2022-11-28T15:39:13.016+0000] {dag.py:3340} INFO - Setting next_dagrun for example_subdag_operator to 2022-01-01T00:00:00+00:00, run_after=2022-01-01T00:00:00+00:00
[2022-11-28T15:39:13.019+0000] {logging_mixin.py:137} INFO - [2022-11-28T15:39:13.018+0000] {dag.py:3340} INFO - Setting next_dagrun for example_subdag_operator.section-1 to None, run_after=None
[2022-11-28T15:39:13.021+0000] {logging_mixin.py:137} INFO - [2022-11-28T15:39:13.021+0000] {dag.py:3340} INFO - Setting next_dagrun for example_subdag_operator.section-2 to None, run_after=None
[2022-11-28T15:39:13.028+0000] {logging_mixin.py:137} INFO - [2022-11-28T15:39:13.028+0000] {dag.py:2585} INFO - Sync 2 DAGs
[2022-11-28T15:39:13.032+0000] {logging_mixin.py:137} INFO - [2022-11-28T15:39:13.032+0000] {dag.py:3340} INFO - Setting next_dagrun for example_subdag_operator.section-1 to None, run_after=None
[2022-11-28T15:39:13.033+0000] {logging_mixin.py:137} INFO - [2022-11-28T15:39:13.033+0000] {dag.py:3340} INFO - Setting next_dagrun for example_subdag_operator.section-2 to None, run_after=None
[2022-11-28T15:39:13.053+0000] {processor.py:176} INFO - Processing /home/airflow/.local/lib/python3.7/site-packages/airflow/example_dags/example_subdag_operator.py took 0.202 seconds
[2022-11-28T15:39:43.663+0000] {processor.py:154} INFO - Started process (PID=163) to work on /home/airflow/.local/lib/python3.7/site-packages/airflow/example_dags/example_subdag_operator.py
[2022-11-28T15:39:43.664+0000] {processor.py:756} INFO - Processing file /home/airflow/.local/lib/python3.7/site-packages/airflow/example_dags/example_subdag_operator.py for tasks to queue
[2022-11-28T15:39:43.665+0000] {logging_mixin.py:137} INFO - [2022-11-28T15:39:43.665+0000] {dagbag.py:537} INFO - Filling up the DagBag from /home/airflow/.local/lib/python3.7/site-packages/airflow/example_dags/example_subdag_operator.py
[2022-11-28T15:39:43.689+0000] {processor.py:766} INFO - DAG(s) dict_keys(['example_subdag_operator.section-1', 'example_subdag_operator.section-2', 'example_subdag_operator']) retrieved from /home/airflow/.local/lib/python3.7/site-packages/airflow/example_dags/example_subdag_operator.py
[2022-11-28T15:39:43.788+0000] {logging_mixin.py:137} INFO - [2022-11-28T15:39:43.788+0000] {dag.py:2585} INFO - Sync 3 DAGs
[2022-11-28T15:39:43.805+0000] {logging_mixin.py:137} INFO - [2022-11-28T15:39:43.805+0000] {dag.py:3340} INFO - Setting next_dagrun for example_subdag_operator to 2022-01-01T00:00:00+00:00, run_after=2022-01-01T00:00:00+00:00
[2022-11-28T15:39:43.808+0000] {logging_mixin.py:137} INFO - [2022-11-28T15:39:43.807+0000] {dag.py:3340} INFO - Setting next_dagrun for example_subdag_operator.section-1 to None, run_after=None
[2022-11-28T15:39:43.815+0000] {logging_mixin.py:137} INFO - [2022-11-28T15:39:43.815+0000] {dag.py:3340} INFO - Setting next_dagrun for example_subdag_operator.section-2 to None, run_after=None
[2022-11-28T15:39:43.820+0000] {logging_mixin.py:137} INFO - [2022-11-28T15:39:43.820+0000] {dag.py:2585} INFO - Sync 2 DAGs
[2022-11-28T15:39:43.824+0000] {logging_mixin.py:137} INFO - [2022-11-28T15:39:43.824+0000] {dag.py:3340} INFO - Setting next_dagrun for example_subdag_operator.section-1 to None, run_after=None
[2022-11-28T15:39:43.825+0000] {logging_mixin.py:137} INFO - [2022-11-28T15:39:43.825+0000] {dag.py:3340} INFO - Setting next_dagrun for example_subdag_operator.section-2 to None, run_after=None
[2022-11-28T15:39:43.834+0000] {processor.py:176} INFO - Processing /home/airflow/.local/lib/python3.7/site-packages/airflow/example_dags/example_subdag_operator.py took 0.174 seconds
[2022-11-28T15:40:14.253+0000] {processor.py:154} INFO - Started process (PID=217) to work on /home/airflow/.local/lib/python3.7/site-packages/airflow/example_dags/example_subdag_operator.py
[2022-11-28T15:40:14.255+0000] {processor.py:756} INFO - Processing file /home/airflow/.local/lib/python3.7/site-packages/airflow/example_dags/example_subdag_operator.py for tasks to queue
[2022-11-28T15:40:14.257+0000] {logging_mixin.py:137} INFO - [2022-11-28T15:40:14.256+0000] {dagbag.py:537} INFO - Filling up the DagBag from /home/airflow/.local/lib/python3.7/site-packages/airflow/example_dags/example_subdag_operator.py
[2022-11-28T15:40:14.282+0000] {processor.py:766} INFO - DAG(s) dict_keys(['example_subdag_operator.section-1', 'example_subdag_operator.section-2', 'example_subdag_operator']) retrieved from /home/airflow/.local/lib/python3.7/site-packages/airflow/example_dags/example_subdag_operator.py
[2022-11-28T15:40:14.415+0000] {logging_mixin.py:137} INFO - [2022-11-28T15:40:14.415+0000] {dag.py:2585} INFO - Sync 3 DAGs
[2022-11-28T15:40:14.432+0000] {logging_mixin.py:137} INFO - [2022-11-28T15:40:14.432+0000] {dag.py:3340} INFO - Setting next_dagrun for example_subdag_operator to 2022-01-01T00:00:00+00:00, run_after=2022-01-01T00:00:00+00:00
[2022-11-28T15:40:14.435+0000] {logging_mixin.py:137} INFO - [2022-11-28T15:40:14.435+0000] {dag.py:3340} INFO - Setting next_dagrun for example_subdag_operator.section-1 to None, run_after=None
[2022-11-28T15:40:14.437+0000] {logging_mixin.py:137} INFO - [2022-11-28T15:40:14.437+0000] {dag.py:3340} INFO - Setting next_dagrun for example_subdag_operator.section-2 to None, run_after=None
[2022-11-28T15:40:14.443+0000] {logging_mixin.py:137} INFO - [2022-11-28T15:40:14.443+0000] {dag.py:2585} INFO - Sync 2 DAGs
[2022-11-28T15:40:14.448+0000] {logging_mixin.py:137} INFO - [2022-11-28T15:40:14.448+0000] {dag.py:3340} INFO - Setting next_dagrun for example_subdag_operator.section-1 to None, run_after=None
[2022-11-28T15:40:14.450+0000] {logging_mixin.py:137} INFO - [2022-11-28T15:40:14.450+0000] {dag.py:3340} INFO - Setting next_dagrun for example_subdag_operator.section-2 to None, run_after=None
[2022-11-28T15:40:14.457+0000] {processor.py:176} INFO - Processing /home/airflow/.local/lib/python3.7/site-packages/airflow/example_dags/example_subdag_operator.py took 0.207 seconds
[2022-11-28T15:40:44.580+0000] {processor.py:154} INFO - Started process (PID=281) to work on /home/airflow/.local/lib/python3.7/site-packages/airflow/example_dags/example_subdag_operator.py
[2022-11-28T15:40:44.581+0000] {processor.py:756} INFO - Processing file /home/airflow/.local/lib/python3.7/site-packages/airflow/example_dags/example_subdag_operator.py for tasks to queue
[2022-11-28T15:40:44.582+0000] {logging_mixin.py:137} INFO - [2022-11-28T15:40:44.582+0000] {dagbag.py:537} INFO - Filling up the DagBag from /home/airflow/.local/lib/python3.7/site-packages/airflow/example_dags/example_subdag_operator.py
[2022-11-28T15:40:44.605+0000] {processor.py:766} INFO - DAG(s) dict_keys(['example_subdag_operator.section-1', 'example_subdag_operator.section-2', 'example_subdag_operator']) retrieved from /home/airflow/.local/lib/python3.7/site-packages/airflow/example_dags/example_subdag_operator.py
[2022-11-28T15:40:44.727+0000] {logging_mixin.py:137} INFO - [2022-11-28T15:40:44.727+0000] {dag.py:2585} INFO - Sync 3 DAGs
[2022-11-28T15:40:44.743+0000] {logging_mixin.py:137} INFO - [2022-11-28T15:40:44.742+0000] {dag.py:3340} INFO - Setting next_dagrun for example_subdag_operator to 2022-01-01T00:00:00+00:00, run_after=2022-01-01T00:00:00+00:00
[2022-11-28T15:40:44.746+0000] {logging_mixin.py:137} INFO - [2022-11-28T15:40:44.746+0000] {dag.py:3340} INFO - Setting next_dagrun for example_subdag_operator.section-1 to None, run_after=None
[2022-11-28T15:40:44.748+0000] {logging_mixin.py:137} INFO - [2022-11-28T15:40:44.748+0000] {dag.py:3340} INFO - Setting next_dagrun for example_subdag_operator.section-2 to None, run_after=None
[2022-11-28T15:40:44.753+0000] {logging_mixin.py:137} INFO - [2022-11-28T15:40:44.753+0000] {dag.py:2585} INFO - Sync 2 DAGs
[2022-11-28T15:40:44.759+0000] {logging_mixin.py:137} INFO - [2022-11-28T15:40:44.759+0000] {dag.py:3340} INFO - Setting next_dagrun for example_subdag_operator.section-1 to None, run_after=None
[2022-11-28T15:40:44.760+0000] {logging_mixin.py:137} INFO - [2022-11-28T15:40:44.760+0000] {dag.py:3340} INFO - Setting next_dagrun for example_subdag_operator.section-2 to None, run_after=None
[2022-11-28T15:40:44.769+0000] {processor.py:176} INFO - Processing /home/airflow/.local/lib/python3.7/site-packages/airflow/example_dags/example_subdag_operator.py took 0.191 seconds
[2022-11-28T15:41:15.115+0000] {processor.py:154} INFO - Started process (PID=343) to work on /home/airflow/.local/lib/python3.7/site-packages/airflow/example_dags/example_subdag_operator.py
[2022-11-28T15:41:15.117+0000] {processor.py:756} INFO - Processing file /home/airflow/.local/lib/python3.7/site-packages/airflow/example_dags/example_subdag_operator.py for tasks to queue
[2022-11-28T15:41:15.118+0000] {logging_mixin.py:137} INFO - [2022-11-28T15:41:15.118+0000] {dagbag.py:537} INFO - Filling up the DagBag from /home/airflow/.local/lib/python3.7/site-packages/airflow/example_dags/example_subdag_operator.py
[2022-11-28T15:41:15.143+0000] {processor.py:766} INFO - DAG(s) dict_keys(['example_subdag_operator.section-1', 'example_subdag_operator.section-2', 'example_subdag_operator']) retrieved from /home/airflow/.local/lib/python3.7/site-packages/airflow/example_dags/example_subdag_operator.py
[2022-11-28T15:41:15.339+0000] {logging_mixin.py:137} INFO - [2022-11-28T15:41:15.339+0000] {dag.py:2585} INFO - Sync 3 DAGs
[2022-11-28T15:41:15.363+0000] {logging_mixin.py:137} INFO - [2022-11-28T15:41:15.363+0000] {dag.py:3340} INFO - Setting next_dagrun for example_subdag_operator to 2022-01-01T00:00:00+00:00, run_after=2022-01-01T00:00:00+00:00
[2022-11-28T15:41:15.370+0000] {logging_mixin.py:137} INFO - [2022-11-28T15:41:15.368+0000] {dag.py:3340} INFO - Setting next_dagrun for example_subdag_operator.section-1 to None, run_after=None
[2022-11-28T15:41:15.378+0000] {logging_mixin.py:137} INFO - [2022-11-28T15:41:15.378+0000] {dag.py:3340} INFO - Setting next_dagrun for example_subdag_operator.section-2 to None, run_after=None
[2022-11-28T15:41:15.386+0000] {logging_mixin.py:137} INFO - [2022-11-28T15:41:15.386+0000] {dag.py:2585} INFO - Sync 2 DAGs
[2022-11-28T15:41:15.397+0000] {logging_mixin.py:137} INFO - [2022-11-28T15:41:15.397+0000] {dag.py:3340} INFO - Setting next_dagrun for example_subdag_operator.section-1 to None, run_after=None
[2022-11-28T15:41:15.401+0000] {logging_mixin.py:137} INFO - [2022-11-28T15:41:15.401+0000] {dag.py:3340} INFO - Setting next_dagrun for example_subdag_operator.section-2 to None, run_after=None
[2022-11-28T15:41:15.412+0000] {processor.py:176} INFO - Processing /home/airflow/.local/lib/python3.7/site-packages/airflow/example_dags/example_subdag_operator.py took 0.300 seconds
[2022-11-28T15:41:45.688+0000] {processor.py:154} INFO - Started process (PID=406) to work on /home/airflow/.local/lib/python3.7/site-packages/airflow/example_dags/example_subdag_operator.py
[2022-11-28T15:41:45.690+0000] {processor.py:756} INFO - Processing file /home/airflow/.local/lib/python3.7/site-packages/airflow/example_dags/example_subdag_operator.py for tasks to queue
[2022-11-28T15:41:45.691+0000] {logging_mixin.py:137} INFO - [2022-11-28T15:41:45.690+0000] {dagbag.py:537} INFO - Filling up the DagBag from /home/airflow/.local/lib/python3.7/site-packages/airflow/example_dags/example_subdag_operator.py
[2022-11-28T15:41:45.715+0000] {processor.py:766} INFO - DAG(s) dict_keys(['example_subdag_operator.section-1', 'example_subdag_operator.section-2', 'example_subdag_operator']) retrieved from /home/airflow/.local/lib/python3.7/site-packages/airflow/example_dags/example_subdag_operator.py
[2022-11-28T15:41:45.829+0000] {logging_mixin.py:137} INFO - [2022-11-28T15:41:45.829+0000] {dag.py:2585} INFO - Sync 3 DAGs
[2022-11-28T15:41:45.847+0000] {logging_mixin.py:137} INFO - [2022-11-28T15:41:45.846+0000] {dag.py:3340} INFO - Setting next_dagrun for example_subdag_operator to 2022-01-01T00:00:00+00:00, run_after=2022-01-01T00:00:00+00:00
[2022-11-28T15:41:45.850+0000] {logging_mixin.py:137} INFO - [2022-11-28T15:41:45.850+0000] {dag.py:3340} INFO - Setting next_dagrun for example_subdag_operator.section-1 to None, run_after=None
[2022-11-28T15:41:45.852+0000] {logging_mixin.py:137} INFO - [2022-11-28T15:41:45.851+0000] {dag.py:3340} INFO - Setting next_dagrun for example_subdag_operator.section-2 to None, run_after=None
[2022-11-28T15:41:45.857+0000] {logging_mixin.py:137} INFO - [2022-11-28T15:41:45.857+0000] {dag.py:2585} INFO - Sync 2 DAGs
[2022-11-28T15:41:45.861+0000] {logging_mixin.py:137} INFO - [2022-11-28T15:41:45.861+0000] {dag.py:3340} INFO - Setting next_dagrun for example_subdag_operator.section-1 to None, run_after=None
[2022-11-28T15:41:45.863+0000] {logging_mixin.py:137} INFO - [2022-11-28T15:41:45.863+0000] {dag.py:3340} INFO - Setting next_dagrun for example_subdag_operator.section-2 to None, run_after=None
[2022-11-28T15:41:45.872+0000] {processor.py:176} INFO - Processing /home/airflow/.local/lib/python3.7/site-packages/airflow/example_dags/example_subdag_operator.py took 0.187 seconds
[2022-11-28T15:42:16.702+0000] {processor.py:154} INFO - Started process (PID=467) to work on /home/airflow/.local/lib/python3.7/site-packages/airflow/example_dags/example_subdag_operator.py
[2022-11-28T15:42:16.705+0000] {processor.py:756} INFO - Processing file /home/airflow/.local/lib/python3.7/site-packages/airflow/example_dags/example_subdag_operator.py for tasks to queue
[2022-11-28T15:42:16.708+0000] {logging_mixin.py:137} INFO - [2022-11-28T15:42:16.707+0000] {dagbag.py:537} INFO - Filling up the DagBag from /home/airflow/.local/lib/python3.7/site-packages/airflow/example_dags/example_subdag_operator.py
[2022-11-28T15:42:16.751+0000] {processor.py:766} INFO - DAG(s) dict_keys(['example_subdag_operator.section-1', 'example_subdag_operator.section-2', 'example_subdag_operator']) retrieved from /home/airflow/.local/lib/python3.7/site-packages/airflow/example_dags/example_subdag_operator.py
[2022-11-28T15:42:16.944+0000] {logging_mixin.py:137} INFO - [2022-11-28T15:42:16.943+0000] {dag.py:2585} INFO - Sync 3 DAGs
[2022-11-28T15:42:16.973+0000] {logging_mixin.py:137} INFO - [2022-11-28T15:42:16.973+0000] {dag.py:3340} INFO - Setting next_dagrun for example_subdag_operator to 2022-01-01T00:00:00+00:00, run_after=2022-01-01T00:00:00+00:00
[2022-11-28T15:42:16.979+0000] {logging_mixin.py:137} INFO - [2022-11-28T15:42:16.979+0000] {dag.py:3340} INFO - Setting next_dagrun for example_subdag_operator.section-1 to None, run_after=None
[2022-11-28T15:42:16.987+0000] {logging_mixin.py:137} INFO - [2022-11-28T15:42:16.987+0000] {dag.py:3340} INFO - Setting next_dagrun for example_subdag_operator.section-2 to None, run_after=None
[2022-11-28T15:42:17.003+0000] {logging_mixin.py:137} INFO - [2022-11-28T15:42:17.002+0000] {dag.py:2585} INFO - Sync 2 DAGs
[2022-11-28T15:42:17.019+0000] {logging_mixin.py:137} INFO - [2022-11-28T15:42:17.019+0000] {dag.py:3340} INFO - Setting next_dagrun for example_subdag_operator.section-1 to None, run_after=None
[2022-11-28T15:42:17.021+0000] {logging_mixin.py:137} INFO - [2022-11-28T15:42:17.021+0000] {dag.py:3340} INFO - Setting next_dagrun for example_subdag_operator.section-2 to None, run_after=None
[2022-11-28T15:42:17.046+0000] {processor.py:176} INFO - Processing /home/airflow/.local/lib/python3.7/site-packages/airflow/example_dags/example_subdag_operator.py took 0.349 seconds
[2022-11-28T15:42:47.956+0000] {processor.py:154} INFO - Started process (PID=527) to work on /home/airflow/.local/lib/python3.7/site-packages/airflow/example_dags/example_subdag_operator.py
[2022-11-28T15:42:47.960+0000] {processor.py:756} INFO - Processing file /home/airflow/.local/lib/python3.7/site-packages/airflow/example_dags/example_subdag_operator.py for tasks to queue
[2022-11-28T15:42:47.964+0000] {logging_mixin.py:137} INFO - [2022-11-28T15:42:47.964+0000] {dagbag.py:537} INFO - Filling up the DagBag from /home/airflow/.local/lib/python3.7/site-packages/airflow/example_dags/example_subdag_operator.py
[2022-11-28T15:42:48.013+0000] {processor.py:766} INFO - DAG(s) dict_keys(['example_subdag_operator.section-1', 'example_subdag_operator.section-2', 'example_subdag_operator']) retrieved from /home/airflow/.local/lib/python3.7/site-packages/airflow/example_dags/example_subdag_operator.py
[2022-11-28T15:42:48.196+0000] {logging_mixin.py:137} INFO - [2022-11-28T15:42:48.196+0000] {dag.py:2585} INFO - Sync 3 DAGs
[2022-11-28T15:42:48.219+0000] {logging_mixin.py:137} INFO - [2022-11-28T15:42:48.219+0000] {dag.py:3340} INFO - Setting next_dagrun for example_subdag_operator to 2022-01-01T00:00:00+00:00, run_after=2022-01-01T00:00:00+00:00
[2022-11-28T15:42:48.226+0000] {logging_mixin.py:137} INFO - [2022-11-28T15:42:48.226+0000] {dag.py:3340} INFO - Setting next_dagrun for example_subdag_operator.section-1 to None, run_after=None
[2022-11-28T15:42:48.233+0000] {logging_mixin.py:137} INFO - [2022-11-28T15:42:48.233+0000] {dag.py:3340} INFO - Setting next_dagrun for example_subdag_operator.section-2 to None, run_after=None
[2022-11-28T15:42:48.246+0000] {logging_mixin.py:137} INFO - [2022-11-28T15:42:48.246+0000] {dag.py:2585} INFO - Sync 2 DAGs
[2022-11-28T15:42:48.255+0000] {logging_mixin.py:137} INFO - [2022-11-28T15:42:48.255+0000] {dag.py:3340} INFO - Setting next_dagrun for example_subdag_operator.section-1 to None, run_after=None
[2022-11-28T15:42:48.260+0000] {logging_mixin.py:137} INFO - [2022-11-28T15:42:48.259+0000] {dag.py:3340} INFO - Setting next_dagrun for example_subdag_operator.section-2 to None, run_after=None
[2022-11-28T15:42:48.291+0000] {processor.py:176} INFO - Processing /home/airflow/.local/lib/python3.7/site-packages/airflow/example_dags/example_subdag_operator.py took 0.342 seconds
[2022-11-28T15:43:18.355+0000] {processor.py:154} INFO - Started process (PID=584) to work on /home/airflow/.local/lib/python3.7/site-packages/airflow/example_dags/example_subdag_operator.py
[2022-11-28T15:43:18.357+0000] {processor.py:756} INFO - Processing file /home/airflow/.local/lib/python3.7/site-packages/airflow/example_dags/example_subdag_operator.py for tasks to queue
[2022-11-28T15:43:18.359+0000] {logging_mixin.py:137} INFO - [2022-11-28T15:43:18.359+0000] {dagbag.py:537} INFO - Filling up the DagBag from /home/airflow/.local/lib/python3.7/site-packages/airflow/example_dags/example_subdag_operator.py
[2022-11-28T15:43:18.392+0000] {processor.py:766} INFO - DAG(s) dict_keys(['example_subdag_operator.section-1', 'example_subdag_operator.section-2', 'example_subdag_operator']) retrieved from /home/airflow/.local/lib/python3.7/site-packages/airflow/example_dags/example_subdag_operator.py
[2022-11-28T15:43:18.502+0000] {logging_mixin.py:137} INFO - [2022-11-28T15:43:18.502+0000] {dag.py:2585} INFO - Sync 3 DAGs
[2022-11-28T15:43:18.518+0000] {logging_mixin.py:137} INFO - [2022-11-28T15:43:18.518+0000] {dag.py:3340} INFO - Setting next_dagrun for example_subdag_operator to 2022-01-01T00:00:00+00:00, run_after=2022-01-01T00:00:00+00:00
[2022-11-28T15:43:18.522+0000] {logging_mixin.py:137} INFO - [2022-11-28T15:43:18.522+0000] {dag.py:3340} INFO - Setting next_dagrun for example_subdag_operator.section-1 to None, run_after=None
[2022-11-28T15:43:18.525+0000] {logging_mixin.py:137} INFO - [2022-11-28T15:43:18.525+0000] {dag.py:3340} INFO - Setting next_dagrun for example_subdag_operator.section-2 to None, run_after=None
[2022-11-28T15:43:18.532+0000] {logging_mixin.py:137} INFO - [2022-11-28T15:43:18.532+0000] {dag.py:2585} INFO - Sync 2 DAGs
[2022-11-28T15:43:18.538+0000] {logging_mixin.py:137} INFO - [2022-11-28T15:43:18.538+0000] {dag.py:3340} INFO - Setting next_dagrun for example_subdag_operator.section-1 to None, run_after=None
[2022-11-28T15:43:18.540+0000] {logging_mixin.py:137} INFO - [2022-11-28T15:43:18.540+0000] {dag.py:3340} INFO - Setting next_dagrun for example_subdag_operator.section-2 to None, run_after=None
[2022-11-28T15:43:18.550+0000] {processor.py:176} INFO - Processing /home/airflow/.local/lib/python3.7/site-packages/airflow/example_dags/example_subdag_operator.py took 0.198 seconds
[2022-11-28T15:43:48.622+0000] {processor.py:154} INFO - Started process (PID=647) to work on /home/airflow/.local/lib/python3.7/site-packages/airflow/example_dags/example_subdag_operator.py
[2022-11-28T15:43:48.624+0000] {processor.py:756} INFO - Processing file /home/airflow/.local/lib/python3.7/site-packages/airflow/example_dags/example_subdag_operator.py for tasks to queue
[2022-11-28T15:43:48.625+0000] {logging_mixin.py:137} INFO - [2022-11-28T15:43:48.625+0000] {dagbag.py:537} INFO - Filling up the DagBag from /home/airflow/.local/lib/python3.7/site-packages/airflow/example_dags/example_subdag_operator.py
[2022-11-28T15:43:48.648+0000] {processor.py:766} INFO - DAG(s) dict_keys(['example_subdag_operator.section-1', 'example_subdag_operator.section-2', 'example_subdag_operator']) retrieved from /home/airflow/.local/lib/python3.7/site-packages/airflow/example_dags/example_subdag_operator.py
[2022-11-28T15:43:48.762+0000] {logging_mixin.py:137} INFO - [2022-11-28T15:43:48.762+0000] {dag.py:2585} INFO - Sync 3 DAGs
[2022-11-28T15:43:48.779+0000] {logging_mixin.py:137} INFO - [2022-11-28T15:43:48.778+0000] {dag.py:3340} INFO - Setting next_dagrun for example_subdag_operator to 2022-01-01T00:00:00+00:00, run_after=2022-01-01T00:00:00+00:00
[2022-11-28T15:43:48.782+0000] {logging_mixin.py:137} INFO - [2022-11-28T15:43:48.782+0000] {dag.py:3340} INFO - Setting next_dagrun for example_subdag_operator.section-1 to None, run_after=None
[2022-11-28T15:43:48.784+0000] {logging_mixin.py:137} INFO - [2022-11-28T15:43:48.784+0000] {dag.py:3340} INFO - Setting next_dagrun for example_subdag_operator.section-2 to None, run_after=None
[2022-11-28T15:43:48.790+0000] {logging_mixin.py:137} INFO - [2022-11-28T15:43:48.790+0000] {dag.py:2585} INFO - Sync 2 DAGs
[2022-11-28T15:43:48.794+0000] {logging_mixin.py:137} INFO - [2022-11-28T15:43:48.794+0000] {dag.py:3340} INFO - Setting next_dagrun for example_subdag_operator.section-1 to None, run_after=None
[2022-11-28T15:43:48.795+0000] {logging_mixin.py:137} INFO - [2022-11-28T15:43:48.795+0000] {dag.py:3340} INFO - Setting next_dagrun for example_subdag_operator.section-2 to None, run_after=None
[2022-11-28T15:43:48.803+0000] {processor.py:176} INFO - Processing /home/airflow/.local/lib/python3.7/site-packages/airflow/example_dags/example_subdag_operator.py took 0.185 seconds
[2022-11-28T15:44:19.307+0000] {processor.py:154} INFO - Started process (PID=709) to work on /home/airflow/.local/lib/python3.7/site-packages/airflow/example_dags/example_subdag_operator.py
[2022-11-28T15:44:19.311+0000] {processor.py:756} INFO - Processing file /home/airflow/.local/lib/python3.7/site-packages/airflow/example_dags/example_subdag_operator.py for tasks to queue
[2022-11-28T15:44:19.315+0000] {logging_mixin.py:137} INFO - [2022-11-28T15:44:19.315+0000] {dagbag.py:537} INFO - Filling up the DagBag from /home/airflow/.local/lib/python3.7/site-packages/airflow/example_dags/example_subdag_operator.py
[2022-11-28T15:44:19.339+0000] {processor.py:766} INFO - DAG(s) dict_keys(['example_subdag_operator.section-1', 'example_subdag_operator.section-2', 'example_subdag_operator']) retrieved from /home/airflow/.local/lib/python3.7/site-packages/airflow/example_dags/example_subdag_operator.py
[2022-11-28T15:44:19.454+0000] {logging_mixin.py:137} INFO - [2022-11-28T15:44:19.453+0000] {dag.py:2585} INFO - Sync 3 DAGs
[2022-11-28T15:44:19.469+0000] {logging_mixin.py:137} INFO - [2022-11-28T15:44:19.469+0000] {dag.py:3340} INFO - Setting next_dagrun for example_subdag_operator to 2022-01-01T00:00:00+00:00, run_after=2022-01-01T00:00:00+00:00
[2022-11-28T15:44:19.473+0000] {logging_mixin.py:137} INFO - [2022-11-28T15:44:19.473+0000] {dag.py:3340} INFO - Setting next_dagrun for example_subdag_operator.section-1 to None, run_after=None
[2022-11-28T15:44:19.475+0000] {logging_mixin.py:137} INFO - [2022-11-28T15:44:19.475+0000] {dag.py:3340} INFO - Setting next_dagrun for example_subdag_operator.section-2 to None, run_after=None
[2022-11-28T15:44:19.480+0000] {logging_mixin.py:137} INFO - [2022-11-28T15:44:19.480+0000] {dag.py:2585} INFO - Sync 2 DAGs
[2022-11-28T15:44:19.485+0000] {logging_mixin.py:137} INFO - [2022-11-28T15:44:19.484+0000] {dag.py:3340} INFO - Setting next_dagrun for example_subdag_operator.section-1 to None, run_after=None
[2022-11-28T15:44:19.486+0000] {logging_mixin.py:137} INFO - [2022-11-28T15:44:19.486+0000] {dag.py:3340} INFO - Setting next_dagrun for example_subdag_operator.section-2 to None, run_after=None
[2022-11-28T15:44:19.494+0000] {processor.py:176} INFO - Processing /home/airflow/.local/lib/python3.7/site-packages/airflow/example_dags/example_subdag_operator.py took 0.190 seconds
[2022-11-28T15:44:50.207+0000] {processor.py:154} INFO - Started process (PID=772) to work on /home/airflow/.local/lib/python3.7/site-packages/airflow/example_dags/example_subdag_operator.py
[2022-11-28T15:44:50.209+0000] {processor.py:756} INFO - Processing file /home/airflow/.local/lib/python3.7/site-packages/airflow/example_dags/example_subdag_operator.py for tasks to queue
[2022-11-28T15:44:50.211+0000] {logging_mixin.py:137} INFO - [2022-11-28T15:44:50.211+0000] {dagbag.py:537} INFO - Filling up the DagBag from /home/airflow/.local/lib/python3.7/site-packages/airflow/example_dags/example_subdag_operator.py
[2022-11-28T15:44:50.245+0000] {processor.py:766} INFO - DAG(s) dict_keys(['example_subdag_operator.section-1', 'example_subdag_operator.section-2', 'example_subdag_operator']) retrieved from /home/airflow/.local/lib/python3.7/site-packages/airflow/example_dags/example_subdag_operator.py
[2022-11-28T15:44:50.359+0000] {logging_mixin.py:137} INFO - [2022-11-28T15:44:50.359+0000] {dag.py:2585} INFO - Sync 3 DAGs
[2022-11-28T15:44:50.377+0000] {logging_mixin.py:137} INFO - [2022-11-28T15:44:50.377+0000] {dag.py:3340} INFO - Setting next_dagrun for example_subdag_operator to 2022-01-01T00:00:00+00:00, run_after=2022-01-01T00:00:00+00:00
[2022-11-28T15:44:50.380+0000] {logging_mixin.py:137} INFO - [2022-11-28T15:44:50.380+0000] {dag.py:3340} INFO - Setting next_dagrun for example_subdag_operator.section-1 to None, run_after=None
[2022-11-28T15:44:50.382+0000] {logging_mixin.py:137} INFO - [2022-11-28T15:44:50.382+0000] {dag.py:3340} INFO - Setting next_dagrun for example_subdag_operator.section-2 to None, run_after=None
[2022-11-28T15:44:50.389+0000] {logging_mixin.py:137} INFO - [2022-11-28T15:44:50.389+0000] {dag.py:2585} INFO - Sync 2 DAGs
[2022-11-28T15:44:50.394+0000] {logging_mixin.py:137} INFO - [2022-11-28T15:44:50.394+0000] {dag.py:3340} INFO - Setting next_dagrun for example_subdag_operator.section-1 to None, run_after=None
[2022-11-28T15:44:50.395+0000] {logging_mixin.py:137} INFO - [2022-11-28T15:44:50.395+0000] {dag.py:3340} INFO - Setting next_dagrun for example_subdag_operator.section-2 to None, run_after=None
[2022-11-28T15:44:50.403+0000] {processor.py:176} INFO - Processing /home/airflow/.local/lib/python3.7/site-packages/airflow/example_dags/example_subdag_operator.py took 0.199 seconds
[2022-11-28T15:45:20.705+0000] {processor.py:154} INFO - Started process (PID=827) to work on /home/airflow/.local/lib/python3.7/site-packages/airflow/example_dags/example_subdag_operator.py
[2022-11-28T15:45:20.708+0000] {processor.py:756} INFO - Processing file /home/airflow/.local/lib/python3.7/site-packages/airflow/example_dags/example_subdag_operator.py for tasks to queue
[2022-11-28T15:45:20.710+0000] {logging_mixin.py:137} INFO - [2022-11-28T15:45:20.710+0000] {dagbag.py:537} INFO - Filling up the DagBag from /home/airflow/.local/lib/python3.7/site-packages/airflow/example_dags/example_subdag_operator.py
[2022-11-28T15:45:20.740+0000] {processor.py:766} INFO - DAG(s) dict_keys(['example_subdag_operator.section-1', 'example_subdag_operator.section-2', 'example_subdag_operator']) retrieved from /home/airflow/.local/lib/python3.7/site-packages/airflow/example_dags/example_subdag_operator.py
[2022-11-28T15:45:20.840+0000] {logging_mixin.py:137} INFO - [2022-11-28T15:45:20.840+0000] {dag.py:2585} INFO - Sync 3 DAGs
[2022-11-28T15:45:20.856+0000] {logging_mixin.py:137} INFO - [2022-11-28T15:45:20.856+0000] {dag.py:3340} INFO - Setting next_dagrun for example_subdag_operator to 2022-01-01T00:00:00+00:00, run_after=2022-01-01T00:00:00+00:00
[2022-11-28T15:45:20.860+0000] {logging_mixin.py:137} INFO - [2022-11-28T15:45:20.859+0000] {dag.py:3340} INFO - Setting next_dagrun for example_subdag_operator.section-1 to None, run_after=None
[2022-11-28T15:45:20.861+0000] {logging_mixin.py:137} INFO - [2022-11-28T15:45:20.861+0000] {dag.py:3340} INFO - Setting next_dagrun for example_subdag_operator.section-2 to None, run_after=None
[2022-11-28T15:45:20.867+0000] {logging_mixin.py:137} INFO - [2022-11-28T15:45:20.867+0000] {dag.py:2585} INFO - Sync 2 DAGs
[2022-11-28T15:45:20.871+0000] {logging_mixin.py:137} INFO - [2022-11-28T15:45:20.871+0000] {dag.py:3340} INFO - Setting next_dagrun for example_subdag_operator.section-1 to None, run_after=None
[2022-11-28T15:45:20.873+0000] {logging_mixin.py:137} INFO - [2022-11-28T15:45:20.873+0000] {dag.py:3340} INFO - Setting next_dagrun for example_subdag_operator.section-2 to None, run_after=None
[2022-11-28T15:45:20.881+0000] {processor.py:176} INFO - Processing /home/airflow/.local/lib/python3.7/site-packages/airflow/example_dags/example_subdag_operator.py took 0.181 seconds
[2022-11-28T15:45:50.920+0000] {processor.py:154} INFO - Started process (PID=892) to work on /home/airflow/.local/lib/python3.7/site-packages/airflow/example_dags/example_subdag_operator.py
[2022-11-28T15:45:50.921+0000] {processor.py:756} INFO - Processing file /home/airflow/.local/lib/python3.7/site-packages/airflow/example_dags/example_subdag_operator.py for tasks to queue
[2022-11-28T15:45:50.923+0000] {logging_mixin.py:137} INFO - [2022-11-28T15:45:50.923+0000] {dagbag.py:537} INFO - Filling up the DagBag from /home/airflow/.local/lib/python3.7/site-packages/airflow/example_dags/example_subdag_operator.py
[2022-11-28T15:45:50.943+0000] {processor.py:766} INFO - DAG(s) dict_keys(['example_subdag_operator.section-1', 'example_subdag_operator.section-2', 'example_subdag_operator']) retrieved from /home/airflow/.local/lib/python3.7/site-packages/airflow/example_dags/example_subdag_operator.py
[2022-11-28T15:45:51.033+0000] {logging_mixin.py:137} INFO - [2022-11-28T15:45:51.033+0000] {dag.py:2585} INFO - Sync 3 DAGs
[2022-11-28T15:45:51.051+0000] {logging_mixin.py:137} INFO - [2022-11-28T15:45:51.051+0000] {dag.py:3340} INFO - Setting next_dagrun for example_subdag_operator to 2022-01-01T00:00:00+00:00, run_after=2022-01-01T00:00:00+00:00
[2022-11-28T15:45:51.054+0000] {logging_mixin.py:137} INFO - [2022-11-28T15:45:51.054+0000] {dag.py:3340} INFO - Setting next_dagrun for example_subdag_operator.section-1 to None, run_after=None
[2022-11-28T15:45:51.056+0000] {logging_mixin.py:137} INFO - [2022-11-28T15:45:51.056+0000] {dag.py:3340} INFO - Setting next_dagrun for example_subdag_operator.section-2 to None, run_after=None
[2022-11-28T15:45:51.062+0000] {logging_mixin.py:137} INFO - [2022-11-28T15:45:51.062+0000] {dag.py:2585} INFO - Sync 2 DAGs
[2022-11-28T15:45:51.067+0000] {logging_mixin.py:137} INFO - [2022-11-28T15:45:51.067+0000] {dag.py:3340} INFO - Setting next_dagrun for example_subdag_operator.section-1 to None, run_after=None
[2022-11-28T15:45:51.068+0000] {logging_mixin.py:137} INFO - [2022-11-28T15:45:51.068+0000] {dag.py:3340} INFO - Setting next_dagrun for example_subdag_operator.section-2 to None, run_after=None
[2022-11-28T15:45:51.077+0000] {processor.py:176} INFO - Processing /home/airflow/.local/lib/python3.7/site-packages/airflow/example_dags/example_subdag_operator.py took 0.160 seconds
[2022-11-28T15:46:21.623+0000] {processor.py:154} INFO - Started process (PID=955) to work on /home/airflow/.local/lib/python3.7/site-packages/airflow/example_dags/example_subdag_operator.py
[2022-11-28T15:46:21.624+0000] {processor.py:756} INFO - Processing file /home/airflow/.local/lib/python3.7/site-packages/airflow/example_dags/example_subdag_operator.py for tasks to queue
[2022-11-28T15:46:21.625+0000] {logging_mixin.py:137} INFO - [2022-11-28T15:46:21.625+0000] {dagbag.py:537} INFO - Filling up the DagBag from /home/airflow/.local/lib/python3.7/site-packages/airflow/example_dags/example_subdag_operator.py
[2022-11-28T15:46:21.650+0000] {processor.py:766} INFO - DAG(s) dict_keys(['example_subdag_operator.section-1', 'example_subdag_operator.section-2', 'example_subdag_operator']) retrieved from /home/airflow/.local/lib/python3.7/site-packages/airflow/example_dags/example_subdag_operator.py
[2022-11-28T15:46:21.758+0000] {logging_mixin.py:137} INFO - [2022-11-28T15:46:21.758+0000] {dag.py:2585} INFO - Sync 3 DAGs
[2022-11-28T15:46:21.773+0000] {logging_mixin.py:137} INFO - [2022-11-28T15:46:21.773+0000] {dag.py:3340} INFO - Setting next_dagrun for example_subdag_operator to 2022-01-01T00:00:00+00:00, run_after=2022-01-01T00:00:00+00:00
[2022-11-28T15:46:21.776+0000] {logging_mixin.py:137} INFO - [2022-11-28T15:46:21.776+0000] {dag.py:3340} INFO - Setting next_dagrun for example_subdag_operator.section-1 to None, run_after=None
[2022-11-28T15:46:21.778+0000] {logging_mixin.py:137} INFO - [2022-11-28T15:46:21.778+0000] {dag.py:3340} INFO - Setting next_dagrun for example_subdag_operator.section-2 to None, run_after=None
[2022-11-28T15:46:21.784+0000] {logging_mixin.py:137} INFO - [2022-11-28T15:46:21.784+0000] {dag.py:2585} INFO - Sync 2 DAGs
[2022-11-28T15:46:21.788+0000] {logging_mixin.py:137} INFO - [2022-11-28T15:46:21.788+0000] {dag.py:3340} INFO - Setting next_dagrun for example_subdag_operator.section-1 to None, run_after=None
[2022-11-28T15:46:21.789+0000] {logging_mixin.py:137} INFO - [2022-11-28T15:46:21.789+0000] {dag.py:3340} INFO - Setting next_dagrun for example_subdag_operator.section-2 to None, run_after=None
[2022-11-28T15:46:21.797+0000] {processor.py:176} INFO - Processing /home/airflow/.local/lib/python3.7/site-packages/airflow/example_dags/example_subdag_operator.py took 0.177 seconds
[2022-11-28T15:46:52.311+0000] {processor.py:154} INFO - Started process (PID=1018) to work on /home/airflow/.local/lib/python3.7/site-packages/airflow/example_dags/example_subdag_operator.py
[2022-11-28T15:46:52.320+0000] {processor.py:756} INFO - Processing file /home/airflow/.local/lib/python3.7/site-packages/airflow/example_dags/example_subdag_operator.py for tasks to queue
[2022-11-28T15:46:52.340+0000] {logging_mixin.py:137} INFO - [2022-11-28T15:46:52.339+0000] {dagbag.py:537} INFO - Filling up the DagBag from /home/airflow/.local/lib/python3.7/site-packages/airflow/example_dags/example_subdag_operator.py
[2022-11-28T15:46:52.371+0000] {processor.py:766} INFO - DAG(s) dict_keys(['example_subdag_operator.section-1', 'example_subdag_operator.section-2', 'example_subdag_operator']) retrieved from /home/airflow/.local/lib/python3.7/site-packages/airflow/example_dags/example_subdag_operator.py
[2022-11-28T15:46:52.491+0000] {logging_mixin.py:137} INFO - [2022-11-28T15:46:52.490+0000] {dag.py:2585} INFO - Sync 3 DAGs
[2022-11-28T15:46:52.510+0000] {logging_mixin.py:137} INFO - [2022-11-28T15:46:52.510+0000] {dag.py:3340} INFO - Setting next_dagrun for example_subdag_operator to 2022-01-01T00:00:00+00:00, run_after=2022-01-01T00:00:00+00:00
[2022-11-28T15:46:52.526+0000] {logging_mixin.py:137} INFO - [2022-11-28T15:46:52.526+0000] {dag.py:3340} INFO - Setting next_dagrun for example_subdag_operator.section-1 to None, run_after=None
[2022-11-28T15:46:52.540+0000] {logging_mixin.py:137} INFO - [2022-11-28T15:46:52.540+0000] {dag.py:3340} INFO - Setting next_dagrun for example_subdag_operator.section-2 to None, run_after=None
[2022-11-28T15:46:52.549+0000] {logging_mixin.py:137} INFO - [2022-11-28T15:46:52.549+0000] {dag.py:2585} INFO - Sync 2 DAGs
[2022-11-28T15:46:52.556+0000] {logging_mixin.py:137} INFO - [2022-11-28T15:46:52.556+0000] {dag.py:3340} INFO - Setting next_dagrun for example_subdag_operator.section-1 to None, run_after=None
[2022-11-28T15:46:52.560+0000] {logging_mixin.py:137} INFO - [2022-11-28T15:46:52.559+0000] {dag.py:3340} INFO - Setting next_dagrun for example_subdag_operator.section-2 to None, run_after=None
[2022-11-28T15:46:52.579+0000] {processor.py:176} INFO - Processing /home/airflow/.local/lib/python3.7/site-packages/airflow/example_dags/example_subdag_operator.py took 0.270 seconds
[2022-11-28T15:47:23.236+0000] {processor.py:154} INFO - Started process (PID=1082) to work on /home/airflow/.local/lib/python3.7/site-packages/airflow/example_dags/example_subdag_operator.py
[2022-11-28T15:47:23.238+0000] {processor.py:756} INFO - Processing file /home/airflow/.local/lib/python3.7/site-packages/airflow/example_dags/example_subdag_operator.py for tasks to queue
[2022-11-28T15:47:23.239+0000] {logging_mixin.py:137} INFO - [2022-11-28T15:47:23.239+0000] {dagbag.py:537} INFO - Filling up the DagBag from /home/airflow/.local/lib/python3.7/site-packages/airflow/example_dags/example_subdag_operator.py
[2022-11-28T15:47:23.272+0000] {processor.py:766} INFO - DAG(s) dict_keys(['example_subdag_operator.section-1', 'example_subdag_operator.section-2', 'example_subdag_operator']) retrieved from /home/airflow/.local/lib/python3.7/site-packages/airflow/example_dags/example_subdag_operator.py
[2022-11-28T15:47:23.403+0000] {logging_mixin.py:137} INFO - [2022-11-28T15:47:23.403+0000] {dag.py:2585} INFO - Sync 3 DAGs
[2022-11-28T15:47:23.418+0000] {logging_mixin.py:137} INFO - [2022-11-28T15:47:23.418+0000] {dag.py:3340} INFO - Setting next_dagrun for example_subdag_operator to 2022-01-01T00:00:00+00:00, run_after=2022-01-01T00:00:00+00:00
[2022-11-28T15:47:23.421+0000] {logging_mixin.py:137} INFO - [2022-11-28T15:47:23.421+0000] {dag.py:3340} INFO - Setting next_dagrun for example_subdag_operator.section-1 to None, run_after=None
[2022-11-28T15:47:23.423+0000] {logging_mixin.py:137} INFO - [2022-11-28T15:47:23.423+0000] {dag.py:3340} INFO - Setting next_dagrun for example_subdag_operator.section-2 to None, run_after=None
[2022-11-28T15:47:23.429+0000] {logging_mixin.py:137} INFO - [2022-11-28T15:47:23.429+0000] {dag.py:2585} INFO - Sync 2 DAGs
[2022-11-28T15:47:23.434+0000] {logging_mixin.py:137} INFO - [2022-11-28T15:47:23.434+0000] {dag.py:3340} INFO - Setting next_dagrun for example_subdag_operator.section-1 to None, run_after=None
[2022-11-28T15:47:23.435+0000] {logging_mixin.py:137} INFO - [2022-11-28T15:47:23.435+0000] {dag.py:3340} INFO - Setting next_dagrun for example_subdag_operator.section-2 to None, run_after=None
[2022-11-28T15:47:23.443+0000] {processor.py:176} INFO - Processing /home/airflow/.local/lib/python3.7/site-packages/airflow/example_dags/example_subdag_operator.py took 0.209 seconds
[2022-11-28T15:47:53.825+0000] {processor.py:154} INFO - Started process (PID=1147) to work on /home/airflow/.local/lib/python3.7/site-packages/airflow/example_dags/example_subdag_operator.py
[2022-11-28T15:47:53.827+0000] {processor.py:756} INFO - Processing file /home/airflow/.local/lib/python3.7/site-packages/airflow/example_dags/example_subdag_operator.py for tasks to queue
[2022-11-28T15:47:53.829+0000] {logging_mixin.py:137} INFO - [2022-11-28T15:47:53.829+0000] {dagbag.py:537} INFO - Filling up the DagBag from /home/airflow/.local/lib/python3.7/site-packages/airflow/example_dags/example_subdag_operator.py
[2022-11-28T15:47:53.859+0000] {processor.py:766} INFO - DAG(s) dict_keys(['example_subdag_operator.section-1', 'example_subdag_operator.section-2', 'example_subdag_operator']) retrieved from /home/airflow/.local/lib/python3.7/site-packages/airflow/example_dags/example_subdag_operator.py
[2022-11-28T15:47:53.985+0000] {logging_mixin.py:137} INFO - [2022-11-28T15:47:53.985+0000] {dag.py:2585} INFO - Sync 3 DAGs
[2022-11-28T15:47:54.001+0000] {logging_mixin.py:137} INFO - [2022-11-28T15:47:54.001+0000] {dag.py:3340} INFO - Setting next_dagrun for example_subdag_operator to 2022-01-01T00:00:00+00:00, run_after=2022-01-01T00:00:00+00:00
[2022-11-28T15:47:54.005+0000] {logging_mixin.py:137} INFO - [2022-11-28T15:47:54.004+0000] {dag.py:3340} INFO - Setting next_dagrun for example_subdag_operator.section-1 to None, run_after=None
[2022-11-28T15:47:54.007+0000] {logging_mixin.py:137} INFO - [2022-11-28T15:47:54.006+0000] {dag.py:3340} INFO - Setting next_dagrun for example_subdag_operator.section-2 to None, run_after=None
[2022-11-28T15:47:54.012+0000] {logging_mixin.py:137} INFO - [2022-11-28T15:47:54.012+0000] {dag.py:2585} INFO - Sync 2 DAGs
[2022-11-28T15:47:54.017+0000] {logging_mixin.py:137} INFO - [2022-11-28T15:47:54.017+0000] {dag.py:3340} INFO - Setting next_dagrun for example_subdag_operator.section-1 to None, run_after=None
[2022-11-28T15:47:54.018+0000] {logging_mixin.py:137} INFO - [2022-11-28T15:47:54.018+0000] {dag.py:3340} INFO - Setting next_dagrun for example_subdag_operator.section-2 to None, run_after=None
[2022-11-28T15:47:54.025+0000] {processor.py:176} INFO - Processing /home/airflow/.local/lib/python3.7/site-packages/airflow/example_dags/example_subdag_operator.py took 0.206 seconds
[2022-11-28T15:48:24.473+0000] {processor.py:154} INFO - Started process (PID=1202) to work on /home/airflow/.local/lib/python3.7/site-packages/airflow/example_dags/example_subdag_operator.py
[2022-11-28T15:48:24.480+0000] {processor.py:756} INFO - Processing file /home/airflow/.local/lib/python3.7/site-packages/airflow/example_dags/example_subdag_operator.py for tasks to queue
[2022-11-28T15:48:24.487+0000] {logging_mixin.py:137} INFO - [2022-11-28T15:48:24.487+0000] {dagbag.py:537} INFO - Filling up the DagBag from /home/airflow/.local/lib/python3.7/site-packages/airflow/example_dags/example_subdag_operator.py
[2022-11-28T15:48:24.526+0000] {processor.py:766} INFO - DAG(s) dict_keys(['example_subdag_operator.section-1', 'example_subdag_operator.section-2', 'example_subdag_operator']) retrieved from /home/airflow/.local/lib/python3.7/site-packages/airflow/example_dags/example_subdag_operator.py
[2022-11-28T15:48:24.702+0000] {logging_mixin.py:137} INFO - [2022-11-28T15:48:24.702+0000] {dag.py:2585} INFO - Sync 3 DAGs
[2022-11-28T15:48:24.718+0000] {logging_mixin.py:137} INFO - [2022-11-28T15:48:24.718+0000] {dag.py:3340} INFO - Setting next_dagrun for example_subdag_operator to 2022-01-01T00:00:00+00:00, run_after=2022-01-01T00:00:00+00:00
[2022-11-28T15:48:24.722+0000] {logging_mixin.py:137} INFO - [2022-11-28T15:48:24.722+0000] {dag.py:3340} INFO - Setting next_dagrun for example_subdag_operator.section-1 to None, run_after=None
[2022-11-28T15:48:24.724+0000] {logging_mixin.py:137} INFO - [2022-11-28T15:48:24.724+0000] {dag.py:3340} INFO - Setting next_dagrun for example_subdag_operator.section-2 to None, run_after=None
[2022-11-28T15:48:24.730+0000] {logging_mixin.py:137} INFO - [2022-11-28T15:48:24.730+0000] {dag.py:2585} INFO - Sync 2 DAGs
[2022-11-28T15:48:24.735+0000] {logging_mixin.py:137} INFO - [2022-11-28T15:48:24.735+0000] {dag.py:3340} INFO - Setting next_dagrun for example_subdag_operator.section-1 to None, run_after=None
[2022-11-28T15:48:24.736+0000] {logging_mixin.py:137} INFO - [2022-11-28T15:48:24.735+0000] {dag.py:3340} INFO - Setting next_dagrun for example_subdag_operator.section-2 to None, run_after=None
[2022-11-28T15:48:24.745+0000] {processor.py:176} INFO - Processing /home/airflow/.local/lib/python3.7/site-packages/airflow/example_dags/example_subdag_operator.py took 0.275 seconds
[2022-11-28T15:48:55.525+0000] {processor.py:154} INFO - Started process (PID=1265) to work on /home/airflow/.local/lib/python3.7/site-packages/airflow/example_dags/example_subdag_operator.py
[2022-11-28T15:48:55.527+0000] {processor.py:756} INFO - Processing file /home/airflow/.local/lib/python3.7/site-packages/airflow/example_dags/example_subdag_operator.py for tasks to queue
[2022-11-28T15:48:55.529+0000] {logging_mixin.py:137} INFO - [2022-11-28T15:48:55.529+0000] {dagbag.py:537} INFO - Filling up the DagBag from /home/airflow/.local/lib/python3.7/site-packages/airflow/example_dags/example_subdag_operator.py
[2022-11-28T15:48:55.557+0000] {processor.py:766} INFO - DAG(s) dict_keys(['example_subdag_operator.section-1', 'example_subdag_operator.section-2', 'example_subdag_operator']) retrieved from /home/airflow/.local/lib/python3.7/site-packages/airflow/example_dags/example_subdag_operator.py
[2022-11-28T15:48:55.678+0000] {logging_mixin.py:137} INFO - [2022-11-28T15:48:55.678+0000] {dag.py:2585} INFO - Sync 3 DAGs
[2022-11-28T15:48:55.696+0000] {logging_mixin.py:137} INFO - [2022-11-28T15:48:55.696+0000] {dag.py:3340} INFO - Setting next_dagrun for example_subdag_operator to 2022-01-01T00:00:00+00:00, run_after=2022-01-01T00:00:00+00:00
[2022-11-28T15:48:55.699+0000] {logging_mixin.py:137} INFO - [2022-11-28T15:48:55.699+0000] {dag.py:3340} INFO - Setting next_dagrun for example_subdag_operator.section-1 to None, run_after=None
[2022-11-28T15:48:55.701+0000] {logging_mixin.py:137} INFO - [2022-11-28T15:48:55.701+0000] {dag.py:3340} INFO - Setting next_dagrun for example_subdag_operator.section-2 to None, run_after=None
[2022-11-28T15:48:55.707+0000] {logging_mixin.py:137} INFO - [2022-11-28T15:48:55.707+0000] {dag.py:2585} INFO - Sync 2 DAGs
[2022-11-28T15:48:55.712+0000] {logging_mixin.py:137} INFO - [2022-11-28T15:48:55.712+0000] {dag.py:3340} INFO - Setting next_dagrun for example_subdag_operator.section-1 to None, run_after=None
[2022-11-28T15:48:55.714+0000] {logging_mixin.py:137} INFO - [2022-11-28T15:48:55.714+0000] {dag.py:3340} INFO - Setting next_dagrun for example_subdag_operator.section-2 to None, run_after=None
[2022-11-28T15:48:55.723+0000] {processor.py:176} INFO - Processing /home/airflow/.local/lib/python3.7/site-packages/airflow/example_dags/example_subdag_operator.py took 0.202 seconds
[2022-11-28T15:49:26.067+0000] {processor.py:154} INFO - Started process (PID=1328) to work on /home/airflow/.local/lib/python3.7/site-packages/airflow/example_dags/example_subdag_operator.py
[2022-11-28T15:49:26.071+0000] {processor.py:756} INFO - Processing file /home/airflow/.local/lib/python3.7/site-packages/airflow/example_dags/example_subdag_operator.py for tasks to queue
[2022-11-28T15:49:26.073+0000] {logging_mixin.py:137} INFO - [2022-11-28T15:49:26.073+0000] {dagbag.py:537} INFO - Filling up the DagBag from /home/airflow/.local/lib/python3.7/site-packages/airflow/example_dags/example_subdag_operator.py
[2022-11-28T15:49:26.107+0000] {processor.py:766} INFO - DAG(s) dict_keys(['example_subdag_operator.section-1', 'example_subdag_operator.section-2', 'example_subdag_operator']) retrieved from /home/airflow/.local/lib/python3.7/site-packages/airflow/example_dags/example_subdag_operator.py
[2022-11-28T15:49:26.235+0000] {logging_mixin.py:137} INFO - [2022-11-28T15:49:26.235+0000] {dag.py:2585} INFO - Sync 3 DAGs
[2022-11-28T15:49:26.253+0000] {logging_mixin.py:137} INFO - [2022-11-28T15:49:26.253+0000] {dag.py:3340} INFO - Setting next_dagrun for example_subdag_operator to 2022-01-01T00:00:00+00:00, run_after=2022-01-01T00:00:00+00:00
[2022-11-28T15:49:26.256+0000] {logging_mixin.py:137} INFO - [2022-11-28T15:49:26.256+0000] {dag.py:3340} INFO - Setting next_dagrun for example_subdag_operator.section-1 to None, run_after=None
[2022-11-28T15:49:26.258+0000] {logging_mixin.py:137} INFO - [2022-11-28T15:49:26.258+0000] {dag.py:3340} INFO - Setting next_dagrun for example_subdag_operator.section-2 to None, run_after=None
[2022-11-28T15:49:26.264+0000] {logging_mixin.py:137} INFO - [2022-11-28T15:49:26.264+0000] {dag.py:2585} INFO - Sync 2 DAGs
[2022-11-28T15:49:26.269+0000] {logging_mixin.py:137} INFO - [2022-11-28T15:49:26.269+0000] {dag.py:3340} INFO - Setting next_dagrun for example_subdag_operator.section-1 to None, run_after=None
[2022-11-28T15:49:26.272+0000] {logging_mixin.py:137} INFO - [2022-11-28T15:49:26.272+0000] {dag.py:3340} INFO - Setting next_dagrun for example_subdag_operator.section-2 to None, run_after=None
[2022-11-28T15:49:26.290+0000] {processor.py:176} INFO - Processing /home/airflow/.local/lib/python3.7/site-packages/airflow/example_dags/example_subdag_operator.py took 0.229 seconds
