[2022-11-28T15:35:17.487+0000] {processor.py:154} INFO - Started process (PID=57) to work on /home/airflow/.local/lib/python3.7/site-packages/airflow/example_dags/example_short_circuit_decorator.py
[2022-11-28T15:35:17.509+0000] {processor.py:756} INFO - Processing file /home/airflow/.local/lib/python3.7/site-packages/airflow/example_dags/example_short_circuit_decorator.py for tasks to queue
[2022-11-28T15:35:17.520+0000] {logging_mixin.py:137} INFO - [2022-11-28T15:35:17.519+0000] {dagbag.py:537} INFO - Filling up the DagBag from /home/airflow/.local/lib/python3.7/site-packages/airflow/example_dags/example_short_circuit_decorator.py
[2022-11-28T15:35:17.583+0000] {processor.py:766} INFO - DAG(s) dict_keys(['example_short_circuit_decorator']) retrieved from /home/airflow/.local/lib/python3.7/site-packages/airflow/example_dags/example_short_circuit_decorator.py
[2022-11-28T15:35:17.682+0000] {logging_mixin.py:137} INFO - [2022-11-28T15:35:17.681+0000] {dag.py:2585} INFO - Sync 1 DAGs
[2022-11-28T15:35:17.747+0000] {logging_mixin.py:137} INFO - [2022-11-28T15:35:17.747+0000] {dag.py:3340} INFO - Setting next_dagrun for example_short_circuit_decorator to 2022-11-27T15:35:17.747453+00:00, run_after=2022-11-28T15:35:17.747453+00:00
[2022-11-28T15:35:17.803+0000] {processor.py:176} INFO - Processing /home/airflow/.local/lib/python3.7/site-packages/airflow/example_dags/example_short_circuit_decorator.py took 0.339 seconds
[2022-11-28T15:35:47.867+0000] {processor.py:154} INFO - Started process (PID=113) to work on /home/airflow/.local/lib/python3.7/site-packages/airflow/example_dags/example_short_circuit_decorator.py
[2022-11-28T15:35:47.869+0000] {processor.py:756} INFO - Processing file /home/airflow/.local/lib/python3.7/site-packages/airflow/example_dags/example_short_circuit_decorator.py for tasks to queue
[2022-11-28T15:35:47.872+0000] {logging_mixin.py:137} INFO - [2022-11-28T15:35:47.872+0000] {dagbag.py:537} INFO - Filling up the DagBag from /home/airflow/.local/lib/python3.7/site-packages/airflow/example_dags/example_short_circuit_decorator.py
[2022-11-28T15:35:47.888+0000] {processor.py:766} INFO - DAG(s) dict_keys(['example_short_circuit_decorator']) retrieved from /home/airflow/.local/lib/python3.7/site-packages/airflow/example_dags/example_short_circuit_decorator.py
[2022-11-28T15:35:47.918+0000] {logging_mixin.py:137} INFO - [2022-11-28T15:35:47.917+0000] {dag.py:2585} INFO - Sync 1 DAGs
[2022-11-28T15:35:47.937+0000] {logging_mixin.py:137} INFO - [2022-11-28T15:35:47.937+0000] {dag.py:3340} INFO - Setting next_dagrun for example_short_circuit_decorator to 2022-11-27T15:35:47.936889+00:00, run_after=2022-11-28T15:35:47.936889+00:00
[2022-11-28T15:35:47.950+0000] {processor.py:176} INFO - Processing /home/airflow/.local/lib/python3.7/site-packages/airflow/example_dags/example_short_circuit_decorator.py took 0.086 seconds
[2022-11-28T15:36:18.324+0000] {processor.py:154} INFO - Started process (PID=177) to work on /home/airflow/.local/lib/python3.7/site-packages/airflow/example_dags/example_short_circuit_decorator.py
[2022-11-28T15:36:18.327+0000] {processor.py:756} INFO - Processing file /home/airflow/.local/lib/python3.7/site-packages/airflow/example_dags/example_short_circuit_decorator.py for tasks to queue
[2022-11-28T15:36:18.328+0000] {logging_mixin.py:137} INFO - [2022-11-28T15:36:18.328+0000] {dagbag.py:537} INFO - Filling up the DagBag from /home/airflow/.local/lib/python3.7/site-packages/airflow/example_dags/example_short_circuit_decorator.py
[2022-11-28T15:36:18.346+0000] {processor.py:766} INFO - DAG(s) dict_keys(['example_short_circuit_decorator']) retrieved from /home/airflow/.local/lib/python3.7/site-packages/airflow/example_dags/example_short_circuit_decorator.py
[2022-11-28T15:36:18.380+0000] {logging_mixin.py:137} INFO - [2022-11-28T15:36:18.380+0000] {dag.py:2585} INFO - Sync 1 DAGs
[2022-11-28T15:36:18.398+0000] {logging_mixin.py:137} INFO - [2022-11-28T15:36:18.398+0000] {dag.py:3340} INFO - Setting next_dagrun for example_short_circuit_decorator to 2022-11-27T15:36:18.398611+00:00, run_after=2022-11-28T15:36:18.398611+00:00
[2022-11-28T15:36:18.420+0000] {processor.py:176} INFO - Processing /home/airflow/.local/lib/python3.7/site-packages/airflow/example_dags/example_short_circuit_decorator.py took 0.098 seconds
[2022-11-28T15:38:43.560+0000] {processor.py:154} INFO - Started process (PID=51) to work on /home/airflow/.local/lib/python3.7/site-packages/airflow/example_dags/example_short_circuit_decorator.py
[2022-11-28T15:38:43.565+0000] {processor.py:756} INFO - Processing file /home/airflow/.local/lib/python3.7/site-packages/airflow/example_dags/example_short_circuit_decorator.py for tasks to queue
[2022-11-28T15:38:43.567+0000] {logging_mixin.py:137} INFO - [2022-11-28T15:38:43.567+0000] {dagbag.py:537} INFO - Filling up the DagBag from /home/airflow/.local/lib/python3.7/site-packages/airflow/example_dags/example_short_circuit_decorator.py
[2022-11-28T15:38:43.603+0000] {processor.py:766} INFO - DAG(s) dict_keys(['example_short_circuit_decorator']) retrieved from /home/airflow/.local/lib/python3.7/site-packages/airflow/example_dags/example_short_circuit_decorator.py
[2022-11-28T15:38:43.642+0000] {logging_mixin.py:137} INFO - [2022-11-28T15:38:43.642+0000] {dag.py:2585} INFO - Sync 1 DAGs
[2022-11-28T15:38:43.667+0000] {logging_mixin.py:137} INFO - [2022-11-28T15:38:43.667+0000] {dag.py:3340} INFO - Setting next_dagrun for example_short_circuit_decorator to 2022-11-27T15:38:43.667305+00:00, run_after=2022-11-28T15:38:43.667305+00:00
[2022-11-28T15:38:43.719+0000] {processor.py:176} INFO - Processing /home/airflow/.local/lib/python3.7/site-packages/airflow/example_dags/example_short_circuit_decorator.py took 0.163 seconds
[2022-11-28T15:39:13.871+0000] {processor.py:154} INFO - Started process (PID=113) to work on /home/airflow/.local/lib/python3.7/site-packages/airflow/example_dags/example_short_circuit_decorator.py
[2022-11-28T15:39:13.873+0000] {processor.py:756} INFO - Processing file /home/airflow/.local/lib/python3.7/site-packages/airflow/example_dags/example_short_circuit_decorator.py for tasks to queue
[2022-11-28T15:39:13.876+0000] {logging_mixin.py:137} INFO - [2022-11-28T15:39:13.876+0000] {dagbag.py:537} INFO - Filling up the DagBag from /home/airflow/.local/lib/python3.7/site-packages/airflow/example_dags/example_short_circuit_decorator.py
[2022-11-28T15:39:13.892+0000] {processor.py:766} INFO - DAG(s) dict_keys(['example_short_circuit_decorator']) retrieved from /home/airflow/.local/lib/python3.7/site-packages/airflow/example_dags/example_short_circuit_decorator.py
[2022-11-28T15:39:13.917+0000] {logging_mixin.py:137} INFO - [2022-11-28T15:39:13.917+0000] {dag.py:2585} INFO - Sync 1 DAGs
[2022-11-28T15:39:13.932+0000] {logging_mixin.py:137} INFO - [2022-11-28T15:39:13.932+0000] {dag.py:3340} INFO - Setting next_dagrun for example_short_circuit_decorator to 2022-11-27T15:39:13.932640+00:00, run_after=2022-11-28T15:39:13.932640+00:00
[2022-11-28T15:39:13.945+0000] {processor.py:176} INFO - Processing /home/airflow/.local/lib/python3.7/site-packages/airflow/example_dags/example_short_circuit_decorator.py took 0.076 seconds
[2022-11-28T15:39:44.502+0000] {processor.py:154} INFO - Started process (PID=177) to work on /home/airflow/.local/lib/python3.7/site-packages/airflow/example_dags/example_short_circuit_decorator.py
[2022-11-28T15:39:44.504+0000] {processor.py:756} INFO - Processing file /home/airflow/.local/lib/python3.7/site-packages/airflow/example_dags/example_short_circuit_decorator.py for tasks to queue
[2022-11-28T15:39:44.505+0000] {logging_mixin.py:137} INFO - [2022-11-28T15:39:44.505+0000] {dagbag.py:537} INFO - Filling up the DagBag from /home/airflow/.local/lib/python3.7/site-packages/airflow/example_dags/example_short_circuit_decorator.py
[2022-11-28T15:39:44.522+0000] {processor.py:766} INFO - DAG(s) dict_keys(['example_short_circuit_decorator']) retrieved from /home/airflow/.local/lib/python3.7/site-packages/airflow/example_dags/example_short_circuit_decorator.py
[2022-11-28T15:39:44.551+0000] {logging_mixin.py:137} INFO - [2022-11-28T15:39:44.551+0000] {dag.py:2585} INFO - Sync 1 DAGs
[2022-11-28T15:39:44.569+0000] {logging_mixin.py:137} INFO - [2022-11-28T15:39:44.569+0000] {dag.py:3340} INFO - Setting next_dagrun for example_short_circuit_decorator to 2022-11-27T15:39:44.569332+00:00, run_after=2022-11-28T15:39:44.569332+00:00
[2022-11-28T15:39:44.582+0000] {processor.py:176} INFO - Processing /home/airflow/.local/lib/python3.7/site-packages/airflow/example_dags/example_short_circuit_decorator.py took 0.082 seconds
[2022-11-28T15:40:15.338+0000] {processor.py:154} INFO - Started process (PID=240) to work on /home/airflow/.local/lib/python3.7/site-packages/airflow/example_dags/example_short_circuit_decorator.py
[2022-11-28T15:40:15.357+0000] {processor.py:756} INFO - Processing file /home/airflow/.local/lib/python3.7/site-packages/airflow/example_dags/example_short_circuit_decorator.py for tasks to queue
[2022-11-28T15:40:15.365+0000] {logging_mixin.py:137} INFO - [2022-11-28T15:40:15.364+0000] {dagbag.py:537} INFO - Filling up the DagBag from /home/airflow/.local/lib/python3.7/site-packages/airflow/example_dags/example_short_circuit_decorator.py
[2022-11-28T15:40:15.402+0000] {processor.py:766} INFO - DAG(s) dict_keys(['example_short_circuit_decorator']) retrieved from /home/airflow/.local/lib/python3.7/site-packages/airflow/example_dags/example_short_circuit_decorator.py
[2022-11-28T15:40:15.474+0000] {logging_mixin.py:137} INFO - [2022-11-28T15:40:15.474+0000] {dag.py:2585} INFO - Sync 1 DAGs
[2022-11-28T15:40:15.521+0000] {logging_mixin.py:137} INFO - [2022-11-28T15:40:15.521+0000] {dag.py:3340} INFO - Setting next_dagrun for example_short_circuit_decorator to 2022-11-27T15:40:15.521711+00:00, run_after=2022-11-28T15:40:15.521711+00:00
[2022-11-28T15:40:15.548+0000] {processor.py:176} INFO - Processing /home/airflow/.local/lib/python3.7/site-packages/airflow/example_dags/example_short_circuit_decorator.py took 0.213 seconds
[2022-11-28T15:40:46.372+0000] {processor.py:154} INFO - Started process (PID=294) to work on /home/airflow/.local/lib/python3.7/site-packages/airflow/example_dags/example_short_circuit_decorator.py
[2022-11-28T15:40:46.374+0000] {processor.py:756} INFO - Processing file /home/airflow/.local/lib/python3.7/site-packages/airflow/example_dags/example_short_circuit_decorator.py for tasks to queue
[2022-11-28T15:40:46.375+0000] {logging_mixin.py:137} INFO - [2022-11-28T15:40:46.375+0000] {dagbag.py:537} INFO - Filling up the DagBag from /home/airflow/.local/lib/python3.7/site-packages/airflow/example_dags/example_short_circuit_decorator.py
[2022-11-28T15:40:46.390+0000] {processor.py:766} INFO - DAG(s) dict_keys(['example_short_circuit_decorator']) retrieved from /home/airflow/.local/lib/python3.7/site-packages/airflow/example_dags/example_short_circuit_decorator.py
[2022-11-28T15:40:46.416+0000] {logging_mixin.py:137} INFO - [2022-11-28T15:40:46.416+0000] {dag.py:2585} INFO - Sync 1 DAGs
[2022-11-28T15:40:46.430+0000] {logging_mixin.py:137} INFO - [2022-11-28T15:40:46.430+0000] {dag.py:3340} INFO - Setting next_dagrun for example_short_circuit_decorator to 2022-11-27T15:40:46.429807+00:00, run_after=2022-11-28T15:40:46.429807+00:00
[2022-11-28T15:40:46.444+0000] {processor.py:176} INFO - Processing /home/airflow/.local/lib/python3.7/site-packages/airflow/example_dags/example_short_circuit_decorator.py took 0.075 seconds
[2022-11-28T15:41:17.626+0000] {processor.py:154} INFO - Started process (PID=355) to work on /home/airflow/.local/lib/python3.7/site-packages/airflow/example_dags/example_short_circuit_decorator.py
[2022-11-28T15:41:17.628+0000] {processor.py:756} INFO - Processing file /home/airflow/.local/lib/python3.7/site-packages/airflow/example_dags/example_short_circuit_decorator.py for tasks to queue
[2022-11-28T15:41:17.629+0000] {logging_mixin.py:137} INFO - [2022-11-28T15:41:17.629+0000] {dagbag.py:537} INFO - Filling up the DagBag from /home/airflow/.local/lib/python3.7/site-packages/airflow/example_dags/example_short_circuit_decorator.py
[2022-11-28T15:41:17.650+0000] {processor.py:766} INFO - DAG(s) dict_keys(['example_short_circuit_decorator']) retrieved from /home/airflow/.local/lib/python3.7/site-packages/airflow/example_dags/example_short_circuit_decorator.py
[2022-11-28T15:41:17.680+0000] {logging_mixin.py:137} INFO - [2022-11-28T15:41:17.680+0000] {dag.py:2585} INFO - Sync 1 DAGs
[2022-11-28T15:41:17.698+0000] {logging_mixin.py:137} INFO - [2022-11-28T15:41:17.698+0000] {dag.py:3340} INFO - Setting next_dagrun for example_short_circuit_decorator to 2022-11-27T15:41:17.698531+00:00, run_after=2022-11-28T15:41:17.698531+00:00
[2022-11-28T15:41:17.717+0000] {processor.py:176} INFO - Processing /home/airflow/.local/lib/python3.7/site-packages/airflow/example_dags/example_short_circuit_decorator.py took 0.093 seconds
[2022-11-28T15:41:48.508+0000] {processor.py:154} INFO - Started process (PID=418) to work on /home/airflow/.local/lib/python3.7/site-packages/airflow/example_dags/example_short_circuit_decorator.py
[2022-11-28T15:41:48.510+0000] {processor.py:756} INFO - Processing file /home/airflow/.local/lib/python3.7/site-packages/airflow/example_dags/example_short_circuit_decorator.py for tasks to queue
[2022-11-28T15:41:48.512+0000] {logging_mixin.py:137} INFO - [2022-11-28T15:41:48.512+0000] {dagbag.py:537} INFO - Filling up the DagBag from /home/airflow/.local/lib/python3.7/site-packages/airflow/example_dags/example_short_circuit_decorator.py
[2022-11-28T15:41:48.530+0000] {processor.py:766} INFO - DAG(s) dict_keys(['example_short_circuit_decorator']) retrieved from /home/airflow/.local/lib/python3.7/site-packages/airflow/example_dags/example_short_circuit_decorator.py
[2022-11-28T15:41:48.561+0000] {logging_mixin.py:137} INFO - [2022-11-28T15:41:48.561+0000] {dag.py:2585} INFO - Sync 1 DAGs
[2022-11-28T15:41:48.582+0000] {logging_mixin.py:137} INFO - [2022-11-28T15:41:48.582+0000] {dag.py:3340} INFO - Setting next_dagrun for example_short_circuit_decorator to 2022-11-27T15:41:48.582644+00:00, run_after=2022-11-28T15:41:48.582644+00:00
[2022-11-28T15:41:48.598+0000] {processor.py:176} INFO - Processing /home/airflow/.local/lib/python3.7/site-packages/airflow/example_dags/example_short_circuit_decorator.py took 0.094 seconds
[2022-11-28T15:42:19.080+0000] {processor.py:154} INFO - Started process (PID=481) to work on /home/airflow/.local/lib/python3.7/site-packages/airflow/example_dags/example_short_circuit_decorator.py
[2022-11-28T15:42:19.081+0000] {processor.py:756} INFO - Processing file /home/airflow/.local/lib/python3.7/site-packages/airflow/example_dags/example_short_circuit_decorator.py for tasks to queue
[2022-11-28T15:42:19.083+0000] {logging_mixin.py:137} INFO - [2022-11-28T15:42:19.083+0000] {dagbag.py:537} INFO - Filling up the DagBag from /home/airflow/.local/lib/python3.7/site-packages/airflow/example_dags/example_short_circuit_decorator.py
[2022-11-28T15:42:19.098+0000] {processor.py:766} INFO - DAG(s) dict_keys(['example_short_circuit_decorator']) retrieved from /home/airflow/.local/lib/python3.7/site-packages/airflow/example_dags/example_short_circuit_decorator.py
[2022-11-28T15:42:19.124+0000] {logging_mixin.py:137} INFO - [2022-11-28T15:42:19.124+0000] {dag.py:2585} INFO - Sync 1 DAGs
[2022-11-28T15:42:19.139+0000] {logging_mixin.py:137} INFO - [2022-11-28T15:42:19.139+0000] {dag.py:3340} INFO - Setting next_dagrun for example_short_circuit_decorator to 2022-11-27T15:42:19.139442+00:00, run_after=2022-11-28T15:42:19.139442+00:00
[2022-11-28T15:42:19.153+0000] {processor.py:176} INFO - Processing /home/airflow/.local/lib/python3.7/site-packages/airflow/example_dags/example_short_circuit_decorator.py took 0.075 seconds
[2022-11-28T15:42:49.252+0000] {processor.py:154} INFO - Started process (PID=543) to work on /home/airflow/.local/lib/python3.7/site-packages/airflow/example_dags/example_short_circuit_decorator.py
[2022-11-28T15:42:49.253+0000] {processor.py:756} INFO - Processing file /home/airflow/.local/lib/python3.7/site-packages/airflow/example_dags/example_short_circuit_decorator.py for tasks to queue
[2022-11-28T15:42:49.254+0000] {logging_mixin.py:137} INFO - [2022-11-28T15:42:49.254+0000] {dagbag.py:537} INFO - Filling up the DagBag from /home/airflow/.local/lib/python3.7/site-packages/airflow/example_dags/example_short_circuit_decorator.py
[2022-11-28T15:42:49.270+0000] {processor.py:766} INFO - DAG(s) dict_keys(['example_short_circuit_decorator']) retrieved from /home/airflow/.local/lib/python3.7/site-packages/airflow/example_dags/example_short_circuit_decorator.py
[2022-11-28T15:42:49.302+0000] {logging_mixin.py:137} INFO - [2022-11-28T15:42:49.302+0000] {dag.py:2585} INFO - Sync 1 DAGs
[2022-11-28T15:42:49.319+0000] {logging_mixin.py:137} INFO - [2022-11-28T15:42:49.319+0000] {dag.py:3340} INFO - Setting next_dagrun for example_short_circuit_decorator to 2022-11-27T15:42:49.319519+00:00, run_after=2022-11-28T15:42:49.319519+00:00
[2022-11-28T15:42:49.334+0000] {processor.py:176} INFO - Processing /home/airflow/.local/lib/python3.7/site-packages/airflow/example_dags/example_short_circuit_decorator.py took 0.085 seconds
[2022-11-28T15:43:19.487+0000] {processor.py:154} INFO - Started process (PID=597) to work on /home/airflow/.local/lib/python3.7/site-packages/airflow/example_dags/example_short_circuit_decorator.py
[2022-11-28T15:43:19.491+0000] {processor.py:756} INFO - Processing file /home/airflow/.local/lib/python3.7/site-packages/airflow/example_dags/example_short_circuit_decorator.py for tasks to queue
[2022-11-28T15:43:19.492+0000] {logging_mixin.py:137} INFO - [2022-11-28T15:43:19.492+0000] {dagbag.py:537} INFO - Filling up the DagBag from /home/airflow/.local/lib/python3.7/site-packages/airflow/example_dags/example_short_circuit_decorator.py
[2022-11-28T15:43:19.510+0000] {processor.py:766} INFO - DAG(s) dict_keys(['example_short_circuit_decorator']) retrieved from /home/airflow/.local/lib/python3.7/site-packages/airflow/example_dags/example_short_circuit_decorator.py
[2022-11-28T15:43:19.537+0000] {logging_mixin.py:137} INFO - [2022-11-28T15:43:19.537+0000] {dag.py:2585} INFO - Sync 1 DAGs
[2022-11-28T15:43:19.555+0000] {logging_mixin.py:137} INFO - [2022-11-28T15:43:19.555+0000] {dag.py:3340} INFO - Setting next_dagrun for example_short_circuit_decorator to 2022-11-27T15:43:19.554524+00:00, run_after=2022-11-28T15:43:19.554524+00:00
[2022-11-28T15:43:19.567+0000] {processor.py:176} INFO - Processing /home/airflow/.local/lib/python3.7/site-packages/airflow/example_dags/example_short_circuit_decorator.py took 0.083 seconds
[2022-11-28T15:43:49.604+0000] {processor.py:154} INFO - Started process (PID=660) to work on /home/airflow/.local/lib/python3.7/site-packages/airflow/example_dags/example_short_circuit_decorator.py
[2022-11-28T15:43:49.606+0000] {processor.py:756} INFO - Processing file /home/airflow/.local/lib/python3.7/site-packages/airflow/example_dags/example_short_circuit_decorator.py for tasks to queue
[2022-11-28T15:43:49.607+0000] {logging_mixin.py:137} INFO - [2022-11-28T15:43:49.607+0000] {dagbag.py:537} INFO - Filling up the DagBag from /home/airflow/.local/lib/python3.7/site-packages/airflow/example_dags/example_short_circuit_decorator.py
[2022-11-28T15:43:49.623+0000] {processor.py:766} INFO - DAG(s) dict_keys(['example_short_circuit_decorator']) retrieved from /home/airflow/.local/lib/python3.7/site-packages/airflow/example_dags/example_short_circuit_decorator.py
[2022-11-28T15:43:49.651+0000] {logging_mixin.py:137} INFO - [2022-11-28T15:43:49.651+0000] {dag.py:2585} INFO - Sync 1 DAGs
[2022-11-28T15:43:49.669+0000] {logging_mixin.py:137} INFO - [2022-11-28T15:43:49.669+0000] {dag.py:3340} INFO - Setting next_dagrun for example_short_circuit_decorator to 2022-11-27T15:43:49.669075+00:00, run_after=2022-11-28T15:43:49.669075+00:00
[2022-11-28T15:43:49.682+0000] {processor.py:176} INFO - Processing /home/airflow/.local/lib/python3.7/site-packages/airflow/example_dags/example_short_circuit_decorator.py took 0.080 seconds
[2022-11-28T15:44:20.215+0000] {processor.py:154} INFO - Started process (PID=723) to work on /home/airflow/.local/lib/python3.7/site-packages/airflow/example_dags/example_short_circuit_decorator.py
[2022-11-28T15:44:20.218+0000] {processor.py:756} INFO - Processing file /home/airflow/.local/lib/python3.7/site-packages/airflow/example_dags/example_short_circuit_decorator.py for tasks to queue
[2022-11-28T15:44:20.222+0000] {logging_mixin.py:137} INFO - [2022-11-28T15:44:20.221+0000] {dagbag.py:537} INFO - Filling up the DagBag from /home/airflow/.local/lib/python3.7/site-packages/airflow/example_dags/example_short_circuit_decorator.py
[2022-11-28T15:44:20.301+0000] {processor.py:766} INFO - DAG(s) dict_keys(['example_short_circuit_decorator']) retrieved from /home/airflow/.local/lib/python3.7/site-packages/airflow/example_dags/example_short_circuit_decorator.py
[2022-11-28T15:44:20.365+0000] {logging_mixin.py:137} INFO - [2022-11-28T15:44:20.365+0000] {dag.py:2585} INFO - Sync 1 DAGs
[2022-11-28T15:44:20.448+0000] {logging_mixin.py:137} INFO - [2022-11-28T15:44:20.448+0000] {dag.py:3340} INFO - Setting next_dagrun for example_short_circuit_decorator to 2022-11-27T15:44:20.448256+00:00, run_after=2022-11-28T15:44:20.448256+00:00
[2022-11-28T15:44:20.516+0000] {processor.py:176} INFO - Processing /home/airflow/.local/lib/python3.7/site-packages/airflow/example_dags/example_short_circuit_decorator.py took 0.303 seconds
[2022-11-28T15:44:51.068+0000] {processor.py:154} INFO - Started process (PID=786) to work on /home/airflow/.local/lib/python3.7/site-packages/airflow/example_dags/example_short_circuit_decorator.py
[2022-11-28T15:44:51.069+0000] {processor.py:756} INFO - Processing file /home/airflow/.local/lib/python3.7/site-packages/airflow/example_dags/example_short_circuit_decorator.py for tasks to queue
[2022-11-28T15:44:51.070+0000] {logging_mixin.py:137} INFO - [2022-11-28T15:44:51.070+0000] {dagbag.py:537} INFO - Filling up the DagBag from /home/airflow/.local/lib/python3.7/site-packages/airflow/example_dags/example_short_circuit_decorator.py
[2022-11-28T15:44:51.086+0000] {processor.py:766} INFO - DAG(s) dict_keys(['example_short_circuit_decorator']) retrieved from /home/airflow/.local/lib/python3.7/site-packages/airflow/example_dags/example_short_circuit_decorator.py
[2022-11-28T15:44:51.117+0000] {logging_mixin.py:137} INFO - [2022-11-28T15:44:51.117+0000] {dag.py:2585} INFO - Sync 1 DAGs
[2022-11-28T15:44:51.135+0000] {logging_mixin.py:137} INFO - [2022-11-28T15:44:51.135+0000] {dag.py:3340} INFO - Setting next_dagrun for example_short_circuit_decorator to 2022-11-27T15:44:51.134889+00:00, run_after=2022-11-28T15:44:51.134889+00:00
[2022-11-28T15:44:51.148+0000] {processor.py:176} INFO - Processing /home/airflow/.local/lib/python3.7/site-packages/airflow/example_dags/example_short_circuit_decorator.py took 0.082 seconds
[2022-11-28T15:45:22.015+0000] {processor.py:154} INFO - Started process (PID=849) to work on /home/airflow/.local/lib/python3.7/site-packages/airflow/example_dags/example_short_circuit_decorator.py
[2022-11-28T15:45:22.018+0000] {processor.py:756} INFO - Processing file /home/airflow/.local/lib/python3.7/site-packages/airflow/example_dags/example_short_circuit_decorator.py for tasks to queue
[2022-11-28T15:45:22.020+0000] {logging_mixin.py:137} INFO - [2022-11-28T15:45:22.020+0000] {dagbag.py:537} INFO - Filling up the DagBag from /home/airflow/.local/lib/python3.7/site-packages/airflow/example_dags/example_short_circuit_decorator.py
[2022-11-28T15:45:22.097+0000] {processor.py:766} INFO - DAG(s) dict_keys(['example_short_circuit_decorator']) retrieved from /home/airflow/.local/lib/python3.7/site-packages/airflow/example_dags/example_short_circuit_decorator.py
[2022-11-28T15:45:22.149+0000] {logging_mixin.py:137} INFO - [2022-11-28T15:45:22.149+0000] {dag.py:2585} INFO - Sync 1 DAGs
[2022-11-28T15:45:22.173+0000] {logging_mixin.py:137} INFO - [2022-11-28T15:45:22.173+0000] {dag.py:3340} INFO - Setting next_dagrun for example_short_circuit_decorator to 2022-11-27T15:45:22.173401+00:00, run_after=2022-11-28T15:45:22.173401+00:00
[2022-11-28T15:45:22.191+0000] {processor.py:176} INFO - Processing /home/airflow/.local/lib/python3.7/site-packages/airflow/example_dags/example_short_circuit_decorator.py took 0.178 seconds
[2022-11-28T15:45:52.792+0000] {processor.py:154} INFO - Started process (PID=905) to work on /home/airflow/.local/lib/python3.7/site-packages/airflow/example_dags/example_short_circuit_decorator.py
[2022-11-28T15:45:52.795+0000] {processor.py:756} INFO - Processing file /home/airflow/.local/lib/python3.7/site-packages/airflow/example_dags/example_short_circuit_decorator.py for tasks to queue
[2022-11-28T15:45:52.796+0000] {logging_mixin.py:137} INFO - [2022-11-28T15:45:52.795+0000] {dagbag.py:537} INFO - Filling up the DagBag from /home/airflow/.local/lib/python3.7/site-packages/airflow/example_dags/example_short_circuit_decorator.py
[2022-11-28T15:45:52.810+0000] {processor.py:766} INFO - DAG(s) dict_keys(['example_short_circuit_decorator']) retrieved from /home/airflow/.local/lib/python3.7/site-packages/airflow/example_dags/example_short_circuit_decorator.py
[2022-11-28T15:45:52.837+0000] {logging_mixin.py:137} INFO - [2022-11-28T15:45:52.837+0000] {dag.py:2585} INFO - Sync 1 DAGs
[2022-11-28T15:45:52.854+0000] {logging_mixin.py:137} INFO - [2022-11-28T15:45:52.854+0000] {dag.py:3340} INFO - Setting next_dagrun for example_short_circuit_decorator to 2022-11-27T15:45:52.854197+00:00, run_after=2022-11-28T15:45:52.854197+00:00
[2022-11-28T15:45:52.867+0000] {processor.py:176} INFO - Processing /home/airflow/.local/lib/python3.7/site-packages/airflow/example_dags/example_short_circuit_decorator.py took 0.077 seconds
[2022-11-28T15:46:23.490+0000] {processor.py:154} INFO - Started process (PID=969) to work on /home/airflow/.local/lib/python3.7/site-packages/airflow/example_dags/example_short_circuit_decorator.py
[2022-11-28T15:46:23.491+0000] {processor.py:756} INFO - Processing file /home/airflow/.local/lib/python3.7/site-packages/airflow/example_dags/example_short_circuit_decorator.py for tasks to queue
[2022-11-28T15:46:23.492+0000] {logging_mixin.py:137} INFO - [2022-11-28T15:46:23.492+0000] {dagbag.py:537} INFO - Filling up the DagBag from /home/airflow/.local/lib/python3.7/site-packages/airflow/example_dags/example_short_circuit_decorator.py
[2022-11-28T15:46:23.507+0000] {processor.py:766} INFO - DAG(s) dict_keys(['example_short_circuit_decorator']) retrieved from /home/airflow/.local/lib/python3.7/site-packages/airflow/example_dags/example_short_circuit_decorator.py
[2022-11-28T15:46:23.534+0000] {logging_mixin.py:137} INFO - [2022-11-28T15:46:23.534+0000] {dag.py:2585} INFO - Sync 1 DAGs
[2022-11-28T15:46:23.549+0000] {logging_mixin.py:137} INFO - [2022-11-28T15:46:23.549+0000] {dag.py:3340} INFO - Setting next_dagrun for example_short_circuit_decorator to 2022-11-27T15:46:23.549482+00:00, run_after=2022-11-28T15:46:23.549482+00:00
[2022-11-28T15:46:23.563+0000] {processor.py:176} INFO - Processing /home/airflow/.local/lib/python3.7/site-packages/airflow/example_dags/example_short_circuit_decorator.py took 0.076 seconds
[2022-11-28T15:46:54.330+0000] {processor.py:154} INFO - Started process (PID=1032) to work on /home/airflow/.local/lib/python3.7/site-packages/airflow/example_dags/example_short_circuit_decorator.py
[2022-11-28T15:46:54.332+0000] {processor.py:756} INFO - Processing file /home/airflow/.local/lib/python3.7/site-packages/airflow/example_dags/example_short_circuit_decorator.py for tasks to queue
[2022-11-28T15:46:54.333+0000] {logging_mixin.py:137} INFO - [2022-11-28T15:46:54.333+0000] {dagbag.py:537} INFO - Filling up the DagBag from /home/airflow/.local/lib/python3.7/site-packages/airflow/example_dags/example_short_circuit_decorator.py
[2022-11-28T15:46:54.350+0000] {processor.py:766} INFO - DAG(s) dict_keys(['example_short_circuit_decorator']) retrieved from /home/airflow/.local/lib/python3.7/site-packages/airflow/example_dags/example_short_circuit_decorator.py
[2022-11-28T15:46:54.381+0000] {logging_mixin.py:137} INFO - [2022-11-28T15:46:54.381+0000] {dag.py:2585} INFO - Sync 1 DAGs
[2022-11-28T15:46:54.399+0000] {logging_mixin.py:137} INFO - [2022-11-28T15:46:54.399+0000] {dag.py:3340} INFO - Setting next_dagrun for example_short_circuit_decorator to 2022-11-27T15:46:54.398870+00:00, run_after=2022-11-28T15:46:54.398870+00:00
[2022-11-28T15:46:54.417+0000] {processor.py:176} INFO - Processing /home/airflow/.local/lib/python3.7/site-packages/airflow/example_dags/example_short_circuit_decorator.py took 0.089 seconds
[2022-11-28T15:47:25.196+0000] {processor.py:154} INFO - Started process (PID=1096) to work on /home/airflow/.local/lib/python3.7/site-packages/airflow/example_dags/example_short_circuit_decorator.py
[2022-11-28T15:47:25.199+0000] {processor.py:756} INFO - Processing file /home/airflow/.local/lib/python3.7/site-packages/airflow/example_dags/example_short_circuit_decorator.py for tasks to queue
[2022-11-28T15:47:25.200+0000] {logging_mixin.py:137} INFO - [2022-11-28T15:47:25.200+0000] {dagbag.py:537} INFO - Filling up the DagBag from /home/airflow/.local/lib/python3.7/site-packages/airflow/example_dags/example_short_circuit_decorator.py
[2022-11-28T15:47:25.217+0000] {processor.py:766} INFO - DAG(s) dict_keys(['example_short_circuit_decorator']) retrieved from /home/airflow/.local/lib/python3.7/site-packages/airflow/example_dags/example_short_circuit_decorator.py
[2022-11-28T15:47:25.243+0000] {logging_mixin.py:137} INFO - [2022-11-28T15:47:25.243+0000] {dag.py:2585} INFO - Sync 1 DAGs
[2022-11-28T15:47:25.258+0000] {logging_mixin.py:137} INFO - [2022-11-28T15:47:25.258+0000] {dag.py:3340} INFO - Setting next_dagrun for example_short_circuit_decorator to 2022-11-27T15:47:25.258702+00:00, run_after=2022-11-28T15:47:25.258702+00:00
[2022-11-28T15:47:25.273+0000] {processor.py:176} INFO - Processing /home/airflow/.local/lib/python3.7/site-packages/airflow/example_dags/example_short_circuit_decorator.py took 0.079 seconds
[2022-11-28T15:47:55.620+0000] {processor.py:154} INFO - Started process (PID=1161) to work on /home/airflow/.local/lib/python3.7/site-packages/airflow/example_dags/example_short_circuit_decorator.py
[2022-11-28T15:47:55.622+0000] {processor.py:756} INFO - Processing file /home/airflow/.local/lib/python3.7/site-packages/airflow/example_dags/example_short_circuit_decorator.py for tasks to queue
[2022-11-28T15:47:55.623+0000] {logging_mixin.py:137} INFO - [2022-11-28T15:47:55.623+0000] {dagbag.py:537} INFO - Filling up the DagBag from /home/airflow/.local/lib/python3.7/site-packages/airflow/example_dags/example_short_circuit_decorator.py
[2022-11-28T15:47:55.640+0000] {processor.py:766} INFO - DAG(s) dict_keys(['example_short_circuit_decorator']) retrieved from /home/airflow/.local/lib/python3.7/site-packages/airflow/example_dags/example_short_circuit_decorator.py
[2022-11-28T15:47:55.667+0000] {logging_mixin.py:137} INFO - [2022-11-28T15:47:55.667+0000] {dag.py:2585} INFO - Sync 1 DAGs
[2022-11-28T15:47:55.685+0000] {logging_mixin.py:137} INFO - [2022-11-28T15:47:55.685+0000] {dag.py:3340} INFO - Setting next_dagrun for example_short_circuit_decorator to 2022-11-27T15:47:55.685345+00:00, run_after=2022-11-28T15:47:55.685345+00:00
[2022-11-28T15:47:55.701+0000] {processor.py:176} INFO - Processing /home/airflow/.local/lib/python3.7/site-packages/airflow/example_dags/example_short_circuit_decorator.py took 0.084 seconds
[2022-11-28T15:48:26.645+0000] {processor.py:154} INFO - Started process (PID=1225) to work on /home/airflow/.local/lib/python3.7/site-packages/airflow/example_dags/example_short_circuit_decorator.py
[2022-11-28T15:48:26.648+0000] {processor.py:756} INFO - Processing file /home/airflow/.local/lib/python3.7/site-packages/airflow/example_dags/example_short_circuit_decorator.py for tasks to queue
[2022-11-28T15:48:26.650+0000] {logging_mixin.py:137} INFO - [2022-11-28T15:48:26.650+0000] {dagbag.py:537} INFO - Filling up the DagBag from /home/airflow/.local/lib/python3.7/site-packages/airflow/example_dags/example_short_circuit_decorator.py
[2022-11-28T15:48:26.672+0000] {processor.py:766} INFO - DAG(s) dict_keys(['example_short_circuit_decorator']) retrieved from /home/airflow/.local/lib/python3.7/site-packages/airflow/example_dags/example_short_circuit_decorator.py
[2022-11-28T15:48:26.715+0000] {logging_mixin.py:137} INFO - [2022-11-28T15:48:26.715+0000] {dag.py:2585} INFO - Sync 1 DAGs
[2022-11-28T15:48:26.739+0000] {logging_mixin.py:137} INFO - [2022-11-28T15:48:26.739+0000] {dag.py:3340} INFO - Setting next_dagrun for example_short_circuit_decorator to 2022-11-27T15:48:26.739249+00:00, run_after=2022-11-28T15:48:26.739249+00:00
[2022-11-28T15:48:26.758+0000] {processor.py:176} INFO - Processing /home/airflow/.local/lib/python3.7/site-packages/airflow/example_dags/example_short_circuit_decorator.py took 0.117 seconds
[2022-11-28T15:48:57.488+0000] {processor.py:154} INFO - Started process (PID=1279) to work on /home/airflow/.local/lib/python3.7/site-packages/airflow/example_dags/example_short_circuit_decorator.py
[2022-11-28T15:48:57.490+0000] {processor.py:756} INFO - Processing file /home/airflow/.local/lib/python3.7/site-packages/airflow/example_dags/example_short_circuit_decorator.py for tasks to queue
[2022-11-28T15:48:57.491+0000] {logging_mixin.py:137} INFO - [2022-11-28T15:48:57.491+0000] {dagbag.py:537} INFO - Filling up the DagBag from /home/airflow/.local/lib/python3.7/site-packages/airflow/example_dags/example_short_circuit_decorator.py
[2022-11-28T15:48:57.507+0000] {processor.py:766} INFO - DAG(s) dict_keys(['example_short_circuit_decorator']) retrieved from /home/airflow/.local/lib/python3.7/site-packages/airflow/example_dags/example_short_circuit_decorator.py
[2022-11-28T15:48:57.535+0000] {logging_mixin.py:137} INFO - [2022-11-28T15:48:57.535+0000] {dag.py:2585} INFO - Sync 1 DAGs
[2022-11-28T15:48:57.552+0000] {logging_mixin.py:137} INFO - [2022-11-28T15:48:57.552+0000] {dag.py:3340} INFO - Setting next_dagrun for example_short_circuit_decorator to 2022-11-27T15:48:57.552084+00:00, run_after=2022-11-28T15:48:57.552084+00:00
[2022-11-28T15:48:57.570+0000] {processor.py:176} INFO - Processing /home/airflow/.local/lib/python3.7/site-packages/airflow/example_dags/example_short_circuit_decorator.py took 0.084 seconds
[2022-11-28T15:49:28.242+0000] {processor.py:154} INFO - Started process (PID=1342) to work on /home/airflow/.local/lib/python3.7/site-packages/airflow/example_dags/example_short_circuit_decorator.py
[2022-11-28T15:49:28.244+0000] {processor.py:756} INFO - Processing file /home/airflow/.local/lib/python3.7/site-packages/airflow/example_dags/example_short_circuit_decorator.py for tasks to queue
[2022-11-28T15:49:28.246+0000] {logging_mixin.py:137} INFO - [2022-11-28T15:49:28.246+0000] {dagbag.py:537} INFO - Filling up the DagBag from /home/airflow/.local/lib/python3.7/site-packages/airflow/example_dags/example_short_circuit_decorator.py
[2022-11-28T15:49:28.263+0000] {processor.py:766} INFO - DAG(s) dict_keys(['example_short_circuit_decorator']) retrieved from /home/airflow/.local/lib/python3.7/site-packages/airflow/example_dags/example_short_circuit_decorator.py
[2022-11-28T15:49:28.290+0000] {logging_mixin.py:137} INFO - [2022-11-28T15:49:28.290+0000] {dag.py:2585} INFO - Sync 1 DAGs
[2022-11-28T15:49:28.306+0000] {logging_mixin.py:137} INFO - [2022-11-28T15:49:28.305+0000] {dag.py:3340} INFO - Setting next_dagrun for example_short_circuit_decorator to 2022-11-27T15:49:28.305756+00:00, run_after=2022-11-28T15:49:28.305756+00:00
[2022-11-28T15:49:28.318+0000] {processor.py:176} INFO - Processing /home/airflow/.local/lib/python3.7/site-packages/airflow/example_dags/example_short_circuit_decorator.py took 0.079 seconds
