[2022-11-28T15:35:15.202+0000] {processor.py:154} INFO - Started process (PID=38) to work on /home/airflow/.local/lib/python3.7/site-packages/airflow/example_dags/example_task_group_decorator.py
[2022-11-28T15:35:15.207+0000] {processor.py:756} INFO - Processing file /home/airflow/.local/lib/python3.7/site-packages/airflow/example_dags/example_task_group_decorator.py for tasks to queue
[2022-11-28T15:35:15.219+0000] {logging_mixin.py:137} INFO - [2022-11-28T15:35:15.219+0000] {dagbag.py:537} INFO - Filling up the DagBag from /home/airflow/.local/lib/python3.7/site-packages/airflow/example_dags/example_task_group_decorator.py
[2022-11-28T15:35:15.303+0000] {processor.py:766} INFO - DAG(s) dict_keys(['example_task_group_decorator']) retrieved from /home/airflow/.local/lib/python3.7/site-packages/airflow/example_dags/example_task_group_decorator.py
[2022-11-28T15:35:15.352+0000] {logging_mixin.py:137} INFO - [2022-11-28T15:35:15.352+0000] {dag.py:2585} INFO - Sync 1 DAGs
[2022-11-28T15:35:15.392+0000] {logging_mixin.py:137} INFO - [2022-11-28T15:35:15.392+0000] {dag.py:3340} INFO - Setting next_dagrun for example_task_group_decorator to 2022-11-27T15:35:15.391699+00:00, run_after=2022-11-28T15:35:15.391699+00:00
[2022-11-28T15:35:15.446+0000] {processor.py:176} INFO - Processing /home/airflow/.local/lib/python3.7/site-packages/airflow/example_dags/example_task_group_decorator.py took 0.262 seconds
[2022-11-28T15:35:45.918+0000] {processor.py:154} INFO - Started process (PID=100) to work on /home/airflow/.local/lib/python3.7/site-packages/airflow/example_dags/example_task_group_decorator.py
[2022-11-28T15:35:45.920+0000] {processor.py:756} INFO - Processing file /home/airflow/.local/lib/python3.7/site-packages/airflow/example_dags/example_task_group_decorator.py for tasks to queue
[2022-11-28T15:35:45.921+0000] {logging_mixin.py:137} INFO - [2022-11-28T15:35:45.921+0000] {dagbag.py:537} INFO - Filling up the DagBag from /home/airflow/.local/lib/python3.7/site-packages/airflow/example_dags/example_task_group_decorator.py
[2022-11-28T15:35:45.941+0000] {processor.py:766} INFO - DAG(s) dict_keys(['example_task_group_decorator']) retrieved from /home/airflow/.local/lib/python3.7/site-packages/airflow/example_dags/example_task_group_decorator.py
[2022-11-28T15:35:45.971+0000] {logging_mixin.py:137} INFO - [2022-11-28T15:35:45.971+0000] {dag.py:2585} INFO - Sync 1 DAGs
[2022-11-28T15:35:45.990+0000] {logging_mixin.py:137} INFO - [2022-11-28T15:35:45.990+0000] {dag.py:3340} INFO - Setting next_dagrun for example_task_group_decorator to 2022-11-27T15:35:45.989987+00:00, run_after=2022-11-28T15:35:45.989987+00:00
[2022-11-28T15:35:46.006+0000] {processor.py:176} INFO - Processing /home/airflow/.local/lib/python3.7/site-packages/airflow/example_dags/example_task_group_decorator.py took 0.090 seconds
[2022-11-28T15:36:16.264+0000] {processor.py:154} INFO - Started process (PID=164) to work on /home/airflow/.local/lib/python3.7/site-packages/airflow/example_dags/example_task_group_decorator.py
[2022-11-28T15:36:16.266+0000] {processor.py:756} INFO - Processing file /home/airflow/.local/lib/python3.7/site-packages/airflow/example_dags/example_task_group_decorator.py for tasks to queue
[2022-11-28T15:36:16.275+0000] {logging_mixin.py:137} INFO - [2022-11-28T15:36:16.275+0000] {dagbag.py:537} INFO - Filling up the DagBag from /home/airflow/.local/lib/python3.7/site-packages/airflow/example_dags/example_task_group_decorator.py
[2022-11-28T15:36:16.299+0000] {processor.py:766} INFO - DAG(s) dict_keys(['example_task_group_decorator']) retrieved from /home/airflow/.local/lib/python3.7/site-packages/airflow/example_dags/example_task_group_decorator.py
[2022-11-28T15:36:16.336+0000] {logging_mixin.py:137} INFO - [2022-11-28T15:36:16.336+0000] {dag.py:2585} INFO - Sync 1 DAGs
[2022-11-28T15:36:16.371+0000] {logging_mixin.py:137} INFO - [2022-11-28T15:36:16.371+0000] {dag.py:3340} INFO - Setting next_dagrun for example_task_group_decorator to 2022-11-27T15:36:16.371127+00:00, run_after=2022-11-28T15:36:16.371127+00:00
[2022-11-28T15:36:16.393+0000] {processor.py:176} INFO - Processing /home/airflow/.local/lib/python3.7/site-packages/airflow/example_dags/example_task_group_decorator.py took 0.132 seconds
[2022-11-28T15:38:42.180+0000] {processor.py:154} INFO - Started process (PID=38) to work on /home/airflow/.local/lib/python3.7/site-packages/airflow/example_dags/example_task_group_decorator.py
[2022-11-28T15:38:42.182+0000] {processor.py:756} INFO - Processing file /home/airflow/.local/lib/python3.7/site-packages/airflow/example_dags/example_task_group_decorator.py for tasks to queue
[2022-11-28T15:38:42.183+0000] {logging_mixin.py:137} INFO - [2022-11-28T15:38:42.183+0000] {dagbag.py:537} INFO - Filling up the DagBag from /home/airflow/.local/lib/python3.7/site-packages/airflow/example_dags/example_task_group_decorator.py
[2022-11-28T15:38:42.215+0000] {processor.py:766} INFO - DAG(s) dict_keys(['example_task_group_decorator']) retrieved from /home/airflow/.local/lib/python3.7/site-packages/airflow/example_dags/example_task_group_decorator.py
[2022-11-28T15:38:42.269+0000] {logging_mixin.py:137} INFO - [2022-11-28T15:38:42.269+0000] {dag.py:2585} INFO - Sync 1 DAGs
[2022-11-28T15:38:42.299+0000] {logging_mixin.py:137} INFO - [2022-11-28T15:38:42.299+0000] {dag.py:3340} INFO - Setting next_dagrun for example_task_group_decorator to 2022-11-27T15:38:42.299171+00:00, run_after=2022-11-28T15:38:42.299171+00:00
[2022-11-28T15:38:42.321+0000] {processor.py:176} INFO - Processing /home/airflow/.local/lib/python3.7/site-packages/airflow/example_dags/example_task_group_decorator.py took 0.151 seconds
[2022-11-28T15:39:12.961+0000] {processor.py:154} INFO - Started process (PID=100) to work on /home/airflow/.local/lib/python3.7/site-packages/airflow/example_dags/example_task_group_decorator.py
[2022-11-28T15:39:12.963+0000] {processor.py:756} INFO - Processing file /home/airflow/.local/lib/python3.7/site-packages/airflow/example_dags/example_task_group_decorator.py for tasks to queue
[2022-11-28T15:39:12.964+0000] {logging_mixin.py:137} INFO - [2022-11-28T15:39:12.964+0000] {dagbag.py:537} INFO - Filling up the DagBag from /home/airflow/.local/lib/python3.7/site-packages/airflow/example_dags/example_task_group_decorator.py
[2022-11-28T15:39:12.982+0000] {processor.py:766} INFO - DAG(s) dict_keys(['example_task_group_decorator']) retrieved from /home/airflow/.local/lib/python3.7/site-packages/airflow/example_dags/example_task_group_decorator.py
[2022-11-28T15:39:13.009+0000] {logging_mixin.py:137} INFO - [2022-11-28T15:39:13.009+0000] {dag.py:2585} INFO - Sync 1 DAGs
[2022-11-28T15:39:13.026+0000] {logging_mixin.py:137} INFO - [2022-11-28T15:39:13.026+0000] {dag.py:3340} INFO - Setting next_dagrun for example_task_group_decorator to 2022-11-27T15:39:13.026226+00:00, run_after=2022-11-28T15:39:13.026226+00:00
[2022-11-28T15:39:13.039+0000] {processor.py:176} INFO - Processing /home/airflow/.local/lib/python3.7/site-packages/airflow/example_dags/example_task_group_decorator.py took 0.080 seconds
[2022-11-28T15:39:43.753+0000] {processor.py:154} INFO - Started process (PID=164) to work on /home/airflow/.local/lib/python3.7/site-packages/airflow/example_dags/example_task_group_decorator.py
[2022-11-28T15:39:43.754+0000] {processor.py:756} INFO - Processing file /home/airflow/.local/lib/python3.7/site-packages/airflow/example_dags/example_task_group_decorator.py for tasks to queue
[2022-11-28T15:39:43.755+0000] {logging_mixin.py:137} INFO - [2022-11-28T15:39:43.755+0000] {dagbag.py:537} INFO - Filling up the DagBag from /home/airflow/.local/lib/python3.7/site-packages/airflow/example_dags/example_task_group_decorator.py
[2022-11-28T15:39:43.772+0000] {processor.py:766} INFO - DAG(s) dict_keys(['example_task_group_decorator']) retrieved from /home/airflow/.local/lib/python3.7/site-packages/airflow/example_dags/example_task_group_decorator.py
[2022-11-28T15:39:43.799+0000] {logging_mixin.py:137} INFO - [2022-11-28T15:39:43.799+0000] {dag.py:2585} INFO - Sync 1 DAGs
[2022-11-28T15:39:43.815+0000] {logging_mixin.py:137} INFO - [2022-11-28T15:39:43.815+0000] {dag.py:3340} INFO - Setting next_dagrun for example_task_group_decorator to 2022-11-27T15:39:43.815581+00:00, run_after=2022-11-28T15:39:43.815581+00:00
[2022-11-28T15:39:43.834+0000] {processor.py:176} INFO - Processing /home/airflow/.local/lib/python3.7/site-packages/airflow/example_dags/example_task_group_decorator.py took 0.083 seconds
[2022-11-28T15:40:14.258+0000] {processor.py:154} INFO - Started process (PID=218) to work on /home/airflow/.local/lib/python3.7/site-packages/airflow/example_dags/example_task_group_decorator.py
[2022-11-28T15:40:14.259+0000] {processor.py:756} INFO - Processing file /home/airflow/.local/lib/python3.7/site-packages/airflow/example_dags/example_task_group_decorator.py for tasks to queue
[2022-11-28T15:40:14.260+0000] {logging_mixin.py:137} INFO - [2022-11-28T15:40:14.260+0000] {dagbag.py:537} INFO - Filling up the DagBag from /home/airflow/.local/lib/python3.7/site-packages/airflow/example_dags/example_task_group_decorator.py
[2022-11-28T15:40:14.278+0000] {processor.py:766} INFO - DAG(s) dict_keys(['example_task_group_decorator']) retrieved from /home/airflow/.local/lib/python3.7/site-packages/airflow/example_dags/example_task_group_decorator.py
[2022-11-28T15:40:14.306+0000] {logging_mixin.py:137} INFO - [2022-11-28T15:40:14.306+0000] {dag.py:2585} INFO - Sync 1 DAGs
[2022-11-28T15:40:14.323+0000] {logging_mixin.py:137} INFO - [2022-11-28T15:40:14.323+0000] {dag.py:3340} INFO - Setting next_dagrun for example_task_group_decorator to 2022-11-27T15:40:14.322889+00:00, run_after=2022-11-28T15:40:14.322889+00:00
[2022-11-28T15:40:14.337+0000] {processor.py:176} INFO - Processing /home/airflow/.local/lib/python3.7/site-packages/airflow/example_dags/example_task_group_decorator.py took 0.081 seconds
[2022-11-28T15:40:44.484+0000] {processor.py:154} INFO - Started process (PID=280) to work on /home/airflow/.local/lib/python3.7/site-packages/airflow/example_dags/example_task_group_decorator.py
[2022-11-28T15:40:44.486+0000] {processor.py:756} INFO - Processing file /home/airflow/.local/lib/python3.7/site-packages/airflow/example_dags/example_task_group_decorator.py for tasks to queue
[2022-11-28T15:40:44.487+0000] {logging_mixin.py:137} INFO - [2022-11-28T15:40:44.487+0000] {dagbag.py:537} INFO - Filling up the DagBag from /home/airflow/.local/lib/python3.7/site-packages/airflow/example_dags/example_task_group_decorator.py
[2022-11-28T15:40:44.504+0000] {processor.py:766} INFO - DAG(s) dict_keys(['example_task_group_decorator']) retrieved from /home/airflow/.local/lib/python3.7/site-packages/airflow/example_dags/example_task_group_decorator.py
[2022-11-28T15:40:44.529+0000] {logging_mixin.py:137} INFO - [2022-11-28T15:40:44.529+0000] {dag.py:2585} INFO - Sync 1 DAGs
[2022-11-28T15:40:44.543+0000] {logging_mixin.py:137} INFO - [2022-11-28T15:40:44.543+0000] {dag.py:3340} INFO - Setting next_dagrun for example_task_group_decorator to 2022-11-27T15:40:44.543555+00:00, run_after=2022-11-28T15:40:44.543555+00:00
[2022-11-28T15:40:44.556+0000] {processor.py:176} INFO - Processing /home/airflow/.local/lib/python3.7/site-packages/airflow/example_dags/example_task_group_decorator.py took 0.074 seconds
[2022-11-28T15:41:14.994+0000] {processor.py:154} INFO - Started process (PID=341) to work on /home/airflow/.local/lib/python3.7/site-packages/airflow/example_dags/example_task_group_decorator.py
[2022-11-28T15:41:14.996+0000] {processor.py:756} INFO - Processing file /home/airflow/.local/lib/python3.7/site-packages/airflow/example_dags/example_task_group_decorator.py for tasks to queue
[2022-11-28T15:41:14.997+0000] {logging_mixin.py:137} INFO - [2022-11-28T15:41:14.997+0000] {dagbag.py:537} INFO - Filling up the DagBag from /home/airflow/.local/lib/python3.7/site-packages/airflow/example_dags/example_task_group_decorator.py
[2022-11-28T15:41:15.016+0000] {processor.py:766} INFO - DAG(s) dict_keys(['example_task_group_decorator']) retrieved from /home/airflow/.local/lib/python3.7/site-packages/airflow/example_dags/example_task_group_decorator.py
[2022-11-28T15:41:15.046+0000] {logging_mixin.py:137} INFO - [2022-11-28T15:41:15.046+0000] {dag.py:2585} INFO - Sync 1 DAGs
[2022-11-28T15:41:15.068+0000] {logging_mixin.py:137} INFO - [2022-11-28T15:41:15.068+0000] {dag.py:3340} INFO - Setting next_dagrun for example_task_group_decorator to 2022-11-27T15:41:15.068446+00:00, run_after=2022-11-28T15:41:15.068446+00:00
[2022-11-28T15:41:15.083+0000] {processor.py:176} INFO - Processing /home/airflow/.local/lib/python3.7/site-packages/airflow/example_dags/example_task_group_decorator.py took 0.091 seconds
[2022-11-28T15:41:45.569+0000] {processor.py:154} INFO - Started process (PID=404) to work on /home/airflow/.local/lib/python3.7/site-packages/airflow/example_dags/example_task_group_decorator.py
[2022-11-28T15:41:45.570+0000] {processor.py:756} INFO - Processing file /home/airflow/.local/lib/python3.7/site-packages/airflow/example_dags/example_task_group_decorator.py for tasks to queue
[2022-11-28T15:41:45.571+0000] {logging_mixin.py:137} INFO - [2022-11-28T15:41:45.571+0000] {dagbag.py:537} INFO - Filling up the DagBag from /home/airflow/.local/lib/python3.7/site-packages/airflow/example_dags/example_task_group_decorator.py
[2022-11-28T15:41:45.590+0000] {processor.py:766} INFO - DAG(s) dict_keys(['example_task_group_decorator']) retrieved from /home/airflow/.local/lib/python3.7/site-packages/airflow/example_dags/example_task_group_decorator.py
[2022-11-28T15:41:45.618+0000] {logging_mixin.py:137} INFO - [2022-11-28T15:41:45.618+0000] {dag.py:2585} INFO - Sync 1 DAGs
[2022-11-28T15:41:45.644+0000] {logging_mixin.py:137} INFO - [2022-11-28T15:41:45.644+0000] {dag.py:3340} INFO - Setting next_dagrun for example_task_group_decorator to 2022-11-27T15:41:45.644185+00:00, run_after=2022-11-28T15:41:45.644185+00:00
[2022-11-28T15:41:45.658+0000] {processor.py:176} INFO - Processing /home/airflow/.local/lib/python3.7/site-packages/airflow/example_dags/example_task_group_decorator.py took 0.091 seconds
[2022-11-28T15:42:16.859+0000] {processor.py:154} INFO - Started process (PID=468) to work on /home/airflow/.local/lib/python3.7/site-packages/airflow/example_dags/example_task_group_decorator.py
[2022-11-28T15:42:16.866+0000] {processor.py:756} INFO - Processing file /home/airflow/.local/lib/python3.7/site-packages/airflow/example_dags/example_task_group_decorator.py for tasks to queue
[2022-11-28T15:42:16.871+0000] {logging_mixin.py:137} INFO - [2022-11-28T15:42:16.870+0000] {dagbag.py:537} INFO - Filling up the DagBag from /home/airflow/.local/lib/python3.7/site-packages/airflow/example_dags/example_task_group_decorator.py
[2022-11-28T15:42:16.909+0000] {processor.py:766} INFO - DAG(s) dict_keys(['example_task_group_decorator']) retrieved from /home/airflow/.local/lib/python3.7/site-packages/airflow/example_dags/example_task_group_decorator.py
[2022-11-28T15:42:16.970+0000] {logging_mixin.py:137} INFO - [2022-11-28T15:42:16.969+0000] {dag.py:2585} INFO - Sync 1 DAGs
[2022-11-28T15:42:17.010+0000] {logging_mixin.py:137} INFO - [2022-11-28T15:42:17.010+0000] {dag.py:3340} INFO - Setting next_dagrun for example_task_group_decorator to 2022-11-27T15:42:17.009522+00:00, run_after=2022-11-28T15:42:17.009522+00:00
[2022-11-28T15:42:17.037+0000] {processor.py:176} INFO - Processing /home/airflow/.local/lib/python3.7/site-packages/airflow/example_dags/example_task_group_decorator.py took 0.182 seconds
[2022-11-28T15:42:47.956+0000] {processor.py:154} INFO - Started process (PID=528) to work on /home/airflow/.local/lib/python3.7/site-packages/airflow/example_dags/example_task_group_decorator.py
[2022-11-28T15:42:47.959+0000] {processor.py:756} INFO - Processing file /home/airflow/.local/lib/python3.7/site-packages/airflow/example_dags/example_task_group_decorator.py for tasks to queue
[2022-11-28T15:42:47.961+0000] {logging_mixin.py:137} INFO - [2022-11-28T15:42:47.961+0000] {dagbag.py:537} INFO - Filling up the DagBag from /home/airflow/.local/lib/python3.7/site-packages/airflow/example_dags/example_task_group_decorator.py
[2022-11-28T15:42:48.000+0000] {processor.py:766} INFO - DAG(s) dict_keys(['example_task_group_decorator']) retrieved from /home/airflow/.local/lib/python3.7/site-packages/airflow/example_dags/example_task_group_decorator.py
[2022-11-28T15:42:48.042+0000] {logging_mixin.py:137} INFO - [2022-11-28T15:42:48.041+0000] {dag.py:2585} INFO - Sync 1 DAGs
[2022-11-28T15:42:48.066+0000] {logging_mixin.py:137} INFO - [2022-11-28T15:42:48.066+0000] {dag.py:3340} INFO - Setting next_dagrun for example_task_group_decorator to 2022-11-27T15:42:48.066195+00:00, run_after=2022-11-28T15:42:48.066195+00:00
[2022-11-28T15:42:48.081+0000] {processor.py:176} INFO - Processing /home/airflow/.local/lib/python3.7/site-packages/airflow/example_dags/example_task_group_decorator.py took 0.132 seconds
[2022-11-28T15:43:18.228+0000] {processor.py:154} INFO - Started process (PID=583) to work on /home/airflow/.local/lib/python3.7/site-packages/airflow/example_dags/example_task_group_decorator.py
[2022-11-28T15:43:18.231+0000] {processor.py:756} INFO - Processing file /home/airflow/.local/lib/python3.7/site-packages/airflow/example_dags/example_task_group_decorator.py for tasks to queue
[2022-11-28T15:43:18.234+0000] {logging_mixin.py:137} INFO - [2022-11-28T15:43:18.234+0000] {dagbag.py:537} INFO - Filling up the DagBag from /home/airflow/.local/lib/python3.7/site-packages/airflow/example_dags/example_task_group_decorator.py
[2022-11-28T15:43:18.259+0000] {processor.py:766} INFO - DAG(s) dict_keys(['example_task_group_decorator']) retrieved from /home/airflow/.local/lib/python3.7/site-packages/airflow/example_dags/example_task_group_decorator.py
[2022-11-28T15:43:18.293+0000] {logging_mixin.py:137} INFO - [2022-11-28T15:43:18.293+0000] {dag.py:2585} INFO - Sync 1 DAGs
[2022-11-28T15:43:18.311+0000] {logging_mixin.py:137} INFO - [2022-11-28T15:43:18.311+0000] {dag.py:3340} INFO - Setting next_dagrun for example_task_group_decorator to 2022-11-27T15:43:18.311089+00:00, run_after=2022-11-28T15:43:18.311089+00:00
[2022-11-28T15:43:18.326+0000] {processor.py:176} INFO - Processing /home/airflow/.local/lib/python3.7/site-packages/airflow/example_dags/example_task_group_decorator.py took 0.102 seconds
[2022-11-28T15:43:48.500+0000] {processor.py:154} INFO - Started process (PID=646) to work on /home/airflow/.local/lib/python3.7/site-packages/airflow/example_dags/example_task_group_decorator.py
[2022-11-28T15:43:48.503+0000] {processor.py:756} INFO - Processing file /home/airflow/.local/lib/python3.7/site-packages/airflow/example_dags/example_task_group_decorator.py for tasks to queue
[2022-11-28T15:43:48.505+0000] {logging_mixin.py:137} INFO - [2022-11-28T15:43:48.505+0000] {dagbag.py:537} INFO - Filling up the DagBag from /home/airflow/.local/lib/python3.7/site-packages/airflow/example_dags/example_task_group_decorator.py
[2022-11-28T15:43:48.529+0000] {processor.py:766} INFO - DAG(s) dict_keys(['example_task_group_decorator']) retrieved from /home/airflow/.local/lib/python3.7/site-packages/airflow/example_dags/example_task_group_decorator.py
[2022-11-28T15:43:48.561+0000] {logging_mixin.py:137} INFO - [2022-11-28T15:43:48.561+0000] {dag.py:2585} INFO - Sync 1 DAGs
[2022-11-28T15:43:48.579+0000] {logging_mixin.py:137} INFO - [2022-11-28T15:43:48.579+0000] {dag.py:3340} INFO - Setting next_dagrun for example_task_group_decorator to 2022-11-27T15:43:48.579634+00:00, run_after=2022-11-28T15:43:48.579634+00:00
[2022-11-28T15:43:48.593+0000] {processor.py:176} INFO - Processing /home/airflow/.local/lib/python3.7/site-packages/airflow/example_dags/example_task_group_decorator.py took 0.098 seconds
[2022-11-28T15:44:19.312+0000] {processor.py:154} INFO - Started process (PID=710) to work on /home/airflow/.local/lib/python3.7/site-packages/airflow/example_dags/example_task_group_decorator.py
[2022-11-28T15:44:19.314+0000] {processor.py:756} INFO - Processing file /home/airflow/.local/lib/python3.7/site-packages/airflow/example_dags/example_task_group_decorator.py for tasks to queue
[2022-11-28T15:44:19.316+0000] {logging_mixin.py:137} INFO - [2022-11-28T15:44:19.315+0000] {dagbag.py:537} INFO - Filling up the DagBag from /home/airflow/.local/lib/python3.7/site-packages/airflow/example_dags/example_task_group_decorator.py
[2022-11-28T15:44:19.334+0000] {processor.py:766} INFO - DAG(s) dict_keys(['example_task_group_decorator']) retrieved from /home/airflow/.local/lib/python3.7/site-packages/airflow/example_dags/example_task_group_decorator.py
[2022-11-28T15:44:19.365+0000] {logging_mixin.py:137} INFO - [2022-11-28T15:44:19.365+0000] {dag.py:2585} INFO - Sync 1 DAGs
[2022-11-28T15:44:19.384+0000] {logging_mixin.py:137} INFO - [2022-11-28T15:44:19.383+0000] {dag.py:3340} INFO - Setting next_dagrun for example_task_group_decorator to 2022-11-27T15:44:19.383719+00:00, run_after=2022-11-28T15:44:19.383719+00:00
[2022-11-28T15:44:19.398+0000] {processor.py:176} INFO - Processing /home/airflow/.local/lib/python3.7/site-packages/airflow/example_dags/example_task_group_decorator.py took 0.089 seconds
[2022-11-28T15:44:50.223+0000] {processor.py:154} INFO - Started process (PID=773) to work on /home/airflow/.local/lib/python3.7/site-packages/airflow/example_dags/example_task_group_decorator.py
[2022-11-28T15:44:50.225+0000] {processor.py:756} INFO - Processing file /home/airflow/.local/lib/python3.7/site-packages/airflow/example_dags/example_task_group_decorator.py for tasks to queue
[2022-11-28T15:44:50.231+0000] {logging_mixin.py:137} INFO - [2022-11-28T15:44:50.231+0000] {dagbag.py:537} INFO - Filling up the DagBag from /home/airflow/.local/lib/python3.7/site-packages/airflow/example_dags/example_task_group_decorator.py
[2022-11-28T15:44:50.256+0000] {processor.py:766} INFO - DAG(s) dict_keys(['example_task_group_decorator']) retrieved from /home/airflow/.local/lib/python3.7/site-packages/airflow/example_dags/example_task_group_decorator.py
[2022-11-28T15:44:50.288+0000] {logging_mixin.py:137} INFO - [2022-11-28T15:44:50.288+0000] {dag.py:2585} INFO - Sync 1 DAGs
[2022-11-28T15:44:50.306+0000] {logging_mixin.py:137} INFO - [2022-11-28T15:44:50.305+0000] {dag.py:3340} INFO - Setting next_dagrun for example_task_group_decorator to 2022-11-27T15:44:50.305759+00:00, run_after=2022-11-28T15:44:50.305759+00:00
[2022-11-28T15:44:50.320+0000] {processor.py:176} INFO - Processing /home/airflow/.local/lib/python3.7/site-packages/airflow/example_dags/example_task_group_decorator.py took 0.101 seconds
[2022-11-28T15:45:20.707+0000] {processor.py:154} INFO - Started process (PID=828) to work on /home/airflow/.local/lib/python3.7/site-packages/airflow/example_dags/example_task_group_decorator.py
[2022-11-28T15:45:20.709+0000] {processor.py:756} INFO - Processing file /home/airflow/.local/lib/python3.7/site-packages/airflow/example_dags/example_task_group_decorator.py for tasks to queue
[2022-11-28T15:45:20.710+0000] {logging_mixin.py:137} INFO - [2022-11-28T15:45:20.710+0000] {dagbag.py:537} INFO - Filling up the DagBag from /home/airflow/.local/lib/python3.7/site-packages/airflow/example_dags/example_task_group_decorator.py
[2022-11-28T15:45:20.732+0000] {processor.py:766} INFO - DAG(s) dict_keys(['example_task_group_decorator']) retrieved from /home/airflow/.local/lib/python3.7/site-packages/airflow/example_dags/example_task_group_decorator.py
[2022-11-28T15:45:20.763+0000] {logging_mixin.py:137} INFO - [2022-11-28T15:45:20.762+0000] {dag.py:2585} INFO - Sync 1 DAGs
[2022-11-28T15:45:20.779+0000] {logging_mixin.py:137} INFO - [2022-11-28T15:45:20.779+0000] {dag.py:3340} INFO - Setting next_dagrun for example_task_group_decorator to 2022-11-27T15:45:20.779226+00:00, run_after=2022-11-28T15:45:20.779226+00:00
[2022-11-28T15:45:20.793+0000] {processor.py:176} INFO - Processing /home/airflow/.local/lib/python3.7/site-packages/airflow/example_dags/example_task_group_decorator.py took 0.090 seconds
[2022-11-28T15:45:50.821+0000] {processor.py:154} INFO - Started process (PID=891) to work on /home/airflow/.local/lib/python3.7/site-packages/airflow/example_dags/example_task_group_decorator.py
[2022-11-28T15:45:50.823+0000] {processor.py:756} INFO - Processing file /home/airflow/.local/lib/python3.7/site-packages/airflow/example_dags/example_task_group_decorator.py for tasks to queue
[2022-11-28T15:45:50.824+0000] {logging_mixin.py:137} INFO - [2022-11-28T15:45:50.824+0000] {dagbag.py:537} INFO - Filling up the DagBag from /home/airflow/.local/lib/python3.7/site-packages/airflow/example_dags/example_task_group_decorator.py
[2022-11-28T15:45:50.840+0000] {processor.py:766} INFO - DAG(s) dict_keys(['example_task_group_decorator']) retrieved from /home/airflow/.local/lib/python3.7/site-packages/airflow/example_dags/example_task_group_decorator.py
[2022-11-28T15:45:50.866+0000] {logging_mixin.py:137} INFO - [2022-11-28T15:45:50.866+0000] {dag.py:2585} INFO - Sync 1 DAGs
[2022-11-28T15:45:50.883+0000] {logging_mixin.py:137} INFO - [2022-11-28T15:45:50.883+0000] {dag.py:3340} INFO - Setting next_dagrun for example_task_group_decorator to 2022-11-27T15:45:50.883151+00:00, run_after=2022-11-28T15:45:50.883151+00:00
[2022-11-28T15:45:50.895+0000] {processor.py:176} INFO - Processing /home/airflow/.local/lib/python3.7/site-packages/airflow/example_dags/example_task_group_decorator.py took 0.076 seconds
[2022-11-28T15:46:21.730+0000] {processor.py:154} INFO - Started process (PID=956) to work on /home/airflow/.local/lib/python3.7/site-packages/airflow/example_dags/example_task_group_decorator.py
[2022-11-28T15:46:21.732+0000] {processor.py:756} INFO - Processing file /home/airflow/.local/lib/python3.7/site-packages/airflow/example_dags/example_task_group_decorator.py for tasks to queue
[2022-11-28T15:46:21.733+0000] {logging_mixin.py:137} INFO - [2022-11-28T15:46:21.733+0000] {dagbag.py:537} INFO - Filling up the DagBag from /home/airflow/.local/lib/python3.7/site-packages/airflow/example_dags/example_task_group_decorator.py
[2022-11-28T15:46:21.751+0000] {processor.py:766} INFO - DAG(s) dict_keys(['example_task_group_decorator']) retrieved from /home/airflow/.local/lib/python3.7/site-packages/airflow/example_dags/example_task_group_decorator.py
[2022-11-28T15:46:21.780+0000] {logging_mixin.py:137} INFO - [2022-11-28T15:46:21.780+0000] {dag.py:2585} INFO - Sync 1 DAGs
[2022-11-28T15:46:21.795+0000] {logging_mixin.py:137} INFO - [2022-11-28T15:46:21.795+0000] {dag.py:3340} INFO - Setting next_dagrun for example_task_group_decorator to 2022-11-27T15:46:21.795183+00:00, run_after=2022-11-28T15:46:21.795183+00:00
[2022-11-28T15:46:21.807+0000] {processor.py:176} INFO - Processing /home/airflow/.local/lib/python3.7/site-packages/airflow/example_dags/example_task_group_decorator.py took 0.080 seconds
[2022-11-28T15:46:52.612+0000] {processor.py:154} INFO - Started process (PID=1019) to work on /home/airflow/.local/lib/python3.7/site-packages/airflow/example_dags/example_task_group_decorator.py
[2022-11-28T15:46:52.614+0000] {processor.py:756} INFO - Processing file /home/airflow/.local/lib/python3.7/site-packages/airflow/example_dags/example_task_group_decorator.py for tasks to queue
[2022-11-28T15:46:52.617+0000] {logging_mixin.py:137} INFO - [2022-11-28T15:46:52.616+0000] {dagbag.py:537} INFO - Filling up the DagBag from /home/airflow/.local/lib/python3.7/site-packages/airflow/example_dags/example_task_group_decorator.py
[2022-11-28T15:46:52.642+0000] {processor.py:766} INFO - DAG(s) dict_keys(['example_task_group_decorator']) retrieved from /home/airflow/.local/lib/python3.7/site-packages/airflow/example_dags/example_task_group_decorator.py
[2022-11-28T15:46:52.683+0000] {logging_mixin.py:137} INFO - [2022-11-28T15:46:52.682+0000] {dag.py:2585} INFO - Sync 1 DAGs
[2022-11-28T15:46:52.703+0000] {logging_mixin.py:137} INFO - [2022-11-28T15:46:52.703+0000] {dag.py:3340} INFO - Setting next_dagrun for example_task_group_decorator to 2022-11-27T15:46:52.703155+00:00, run_after=2022-11-28T15:46:52.703155+00:00
[2022-11-28T15:46:52.721+0000] {processor.py:176} INFO - Processing /home/airflow/.local/lib/python3.7/site-packages/airflow/example_dags/example_task_group_decorator.py took 0.112 seconds
[2022-11-28T15:47:23.359+0000] {processor.py:154} INFO - Started process (PID=1083) to work on /home/airflow/.local/lib/python3.7/site-packages/airflow/example_dags/example_task_group_decorator.py
[2022-11-28T15:47:23.361+0000] {processor.py:756} INFO - Processing file /home/airflow/.local/lib/python3.7/site-packages/airflow/example_dags/example_task_group_decorator.py for tasks to queue
[2022-11-28T15:47:23.363+0000] {logging_mixin.py:137} INFO - [2022-11-28T15:47:23.363+0000] {dagbag.py:537} INFO - Filling up the DagBag from /home/airflow/.local/lib/python3.7/site-packages/airflow/example_dags/example_task_group_decorator.py
[2022-11-28T15:47:23.380+0000] {processor.py:766} INFO - DAG(s) dict_keys(['example_task_group_decorator']) retrieved from /home/airflow/.local/lib/python3.7/site-packages/airflow/example_dags/example_task_group_decorator.py
[2022-11-28T15:47:23.409+0000] {logging_mixin.py:137} INFO - [2022-11-28T15:47:23.409+0000] {dag.py:2585} INFO - Sync 1 DAGs
[2022-11-28T15:47:23.424+0000] {logging_mixin.py:137} INFO - [2022-11-28T15:47:23.424+0000] {dag.py:3340} INFO - Setting next_dagrun for example_task_group_decorator to 2022-11-27T15:47:23.423891+00:00, run_after=2022-11-28T15:47:23.423891+00:00
[2022-11-28T15:47:23.439+0000] {processor.py:176} INFO - Processing /home/airflow/.local/lib/python3.7/site-packages/airflow/example_dags/example_task_group_decorator.py took 0.082 seconds
[2022-11-28T15:47:53.858+0000] {processor.py:154} INFO - Started process (PID=1148) to work on /home/airflow/.local/lib/python3.7/site-packages/airflow/example_dags/example_task_group_decorator.py
[2022-11-28T15:47:53.860+0000] {processor.py:756} INFO - Processing file /home/airflow/.local/lib/python3.7/site-packages/airflow/example_dags/example_task_group_decorator.py for tasks to queue
[2022-11-28T15:47:53.861+0000] {logging_mixin.py:137} INFO - [2022-11-28T15:47:53.861+0000] {dagbag.py:537} INFO - Filling up the DagBag from /home/airflow/.local/lib/python3.7/site-packages/airflow/example_dags/example_task_group_decorator.py
[2022-11-28T15:47:53.883+0000] {processor.py:766} INFO - DAG(s) dict_keys(['example_task_group_decorator']) retrieved from /home/airflow/.local/lib/python3.7/site-packages/airflow/example_dags/example_task_group_decorator.py
[2022-11-28T15:47:53.913+0000] {logging_mixin.py:137} INFO - [2022-11-28T15:47:53.913+0000] {dag.py:2585} INFO - Sync 1 DAGs
[2022-11-28T15:47:53.931+0000] {logging_mixin.py:137} INFO - [2022-11-28T15:47:53.931+0000] {dag.py:3340} INFO - Setting next_dagrun for example_task_group_decorator to 2022-11-27T15:47:53.931151+00:00, run_after=2022-11-28T15:47:53.931151+00:00
[2022-11-28T15:47:53.952+0000] {processor.py:176} INFO - Processing /home/airflow/.local/lib/python3.7/site-packages/airflow/example_dags/example_task_group_decorator.py took 0.096 seconds
[2022-11-28T15:48:24.647+0000] {processor.py:154} INFO - Started process (PID=1203) to work on /home/airflow/.local/lib/python3.7/site-packages/airflow/example_dags/example_task_group_decorator.py
[2022-11-28T15:48:24.649+0000] {processor.py:756} INFO - Processing file /home/airflow/.local/lib/python3.7/site-packages/airflow/example_dags/example_task_group_decorator.py for tasks to queue
[2022-11-28T15:48:24.651+0000] {logging_mixin.py:137} INFO - [2022-11-28T15:48:24.650+0000] {dagbag.py:537} INFO - Filling up the DagBag from /home/airflow/.local/lib/python3.7/site-packages/airflow/example_dags/example_task_group_decorator.py
[2022-11-28T15:48:24.671+0000] {processor.py:766} INFO - DAG(s) dict_keys(['example_task_group_decorator']) retrieved from /home/airflow/.local/lib/python3.7/site-packages/airflow/example_dags/example_task_group_decorator.py
[2022-11-28T15:48:24.703+0000] {logging_mixin.py:137} INFO - [2022-11-28T15:48:24.703+0000] {dag.py:2585} INFO - Sync 1 DAGs
[2022-11-28T15:48:24.718+0000] {logging_mixin.py:137} INFO - [2022-11-28T15:48:24.718+0000] {dag.py:3340} INFO - Setting next_dagrun for example_task_group_decorator to 2022-11-27T15:48:24.718600+00:00, run_after=2022-11-28T15:48:24.718600+00:00
[2022-11-28T15:48:24.733+0000] {processor.py:176} INFO - Processing /home/airflow/.local/lib/python3.7/site-packages/airflow/example_dags/example_task_group_decorator.py took 0.090 seconds
[2022-11-28T15:48:55.637+0000] {processor.py:154} INFO - Started process (PID=1266) to work on /home/airflow/.local/lib/python3.7/site-packages/airflow/example_dags/example_task_group_decorator.py
[2022-11-28T15:48:55.640+0000] {processor.py:756} INFO - Processing file /home/airflow/.local/lib/python3.7/site-packages/airflow/example_dags/example_task_group_decorator.py for tasks to queue
[2022-11-28T15:48:55.641+0000] {logging_mixin.py:137} INFO - [2022-11-28T15:48:55.641+0000] {dagbag.py:537} INFO - Filling up the DagBag from /home/airflow/.local/lib/python3.7/site-packages/airflow/example_dags/example_task_group_decorator.py
[2022-11-28T15:48:55.666+0000] {processor.py:766} INFO - DAG(s) dict_keys(['example_task_group_decorator']) retrieved from /home/airflow/.local/lib/python3.7/site-packages/airflow/example_dags/example_task_group_decorator.py
[2022-11-28T15:48:55.698+0000] {logging_mixin.py:137} INFO - [2022-11-28T15:48:55.698+0000] {dag.py:2585} INFO - Sync 1 DAGs
[2022-11-28T15:48:55.715+0000] {logging_mixin.py:137} INFO - [2022-11-28T15:48:55.715+0000] {dag.py:3340} INFO - Setting next_dagrun for example_task_group_decorator to 2022-11-27T15:48:55.714978+00:00, run_after=2022-11-28T15:48:55.714978+00:00
[2022-11-28T15:48:55.728+0000] {processor.py:176} INFO - Processing /home/airflow/.local/lib/python3.7/site-packages/airflow/example_dags/example_task_group_decorator.py took 0.094 seconds
[2022-11-28T15:49:26.188+0000] {processor.py:154} INFO - Started process (PID=1329) to work on /home/airflow/.local/lib/python3.7/site-packages/airflow/example_dags/example_task_group_decorator.py
[2022-11-28T15:49:26.190+0000] {processor.py:756} INFO - Processing file /home/airflow/.local/lib/python3.7/site-packages/airflow/example_dags/example_task_group_decorator.py for tasks to queue
[2022-11-28T15:49:26.191+0000] {logging_mixin.py:137} INFO - [2022-11-28T15:49:26.191+0000] {dagbag.py:537} INFO - Filling up the DagBag from /home/airflow/.local/lib/python3.7/site-packages/airflow/example_dags/example_task_group_decorator.py
[2022-11-28T15:49:26.211+0000] {processor.py:766} INFO - DAG(s) dict_keys(['example_task_group_decorator']) retrieved from /home/airflow/.local/lib/python3.7/site-packages/airflow/example_dags/example_task_group_decorator.py
[2022-11-28T15:49:26.240+0000] {logging_mixin.py:137} INFO - [2022-11-28T15:49:26.240+0000] {dag.py:2585} INFO - Sync 1 DAGs
[2022-11-28T15:49:26.256+0000] {logging_mixin.py:137} INFO - [2022-11-28T15:49:26.256+0000] {dag.py:3340} INFO - Setting next_dagrun for example_task_group_decorator to 2022-11-27T15:49:26.256569+00:00, run_after=2022-11-28T15:49:26.256569+00:00
[2022-11-28T15:49:26.275+0000] {processor.py:176} INFO - Processing /home/airflow/.local/lib/python3.7/site-packages/airflow/example_dags/example_task_group_decorator.py took 0.090 seconds
