[2022-11-28T15:35:15.905+0000] {processor.py:154} INFO - Started process (PID=42) to work on /home/airflow/.local/lib/python3.7/site-packages/airflow/example_dags/example_python_operator.py
[2022-11-28T15:35:15.909+0000] {processor.py:756} INFO - Processing file /home/airflow/.local/lib/python3.7/site-packages/airflow/example_dags/example_python_operator.py for tasks to queue
[2022-11-28T15:35:15.919+0000] {logging_mixin.py:137} INFO - [2022-11-28T15:35:15.919+0000] {dagbag.py:537} INFO - Filling up the DagBag from /home/airflow/.local/lib/python3.7/site-packages/airflow/example_dags/example_python_operator.py
[2022-11-28T15:35:15.952+0000] {logging_mixin.py:137} INFO - [2022-11-28T15:35:15.951+0000] {taskmixin.py:205} WARNING - Dependency <Task(_PythonDecoratedOperator): print_the_context>, log_sql_query already registered for DAG: example_python_operator
[2022-11-28T15:35:15.955+0000] {logging_mixin.py:137} INFO - [2022-11-28T15:35:15.954+0000] {taskmixin.py:205} WARNING - Dependency <Task(_PythonDecoratedOperator): log_sql_query>, print_the_context already registered for DAG: example_python_operator
[2022-11-28T15:35:15.962+0000] {logging_mixin.py:137} INFO - [2022-11-28T15:35:15.961+0000] {taskmixin.py:205} WARNING - Dependency <Task(_PythonDecoratedOperator): print_the_context>, log_sql_query already registered for DAG: example_python_operator
[2022-11-28T15:35:15.975+0000] {logging_mixin.py:137} INFO - [2022-11-28T15:35:15.975+0000] {taskmixin.py:205} WARNING - Dependency <Task(_PythonDecoratedOperator): log_sql_query>, print_the_context already registered for DAG: example_python_operator
[2022-11-28T15:35:15.978+0000] {logging_mixin.py:137} INFO - [2022-11-28T15:35:15.978+0000] {taskmixin.py:205} WARNING - Dependency <Task(_PythonDecoratedOperator): print_the_context>, log_sql_query already registered for DAG: example_python_operator
[2022-11-28T15:35:15.980+0000] {logging_mixin.py:137} INFO - [2022-11-28T15:35:15.980+0000] {taskmixin.py:205} WARNING - Dependency <Task(_PythonDecoratedOperator): log_sql_query>, print_the_context already registered for DAG: example_python_operator
[2022-11-28T15:35:15.984+0000] {logging_mixin.py:137} INFO - [2022-11-28T15:35:15.984+0000] {taskmixin.py:205} WARNING - Dependency <Task(_PythonDecoratedOperator): print_the_context>, log_sql_query already registered for DAG: example_python_operator
[2022-11-28T15:35:15.993+0000] {logging_mixin.py:137} INFO - [2022-11-28T15:35:15.992+0000] {taskmixin.py:205} WARNING - Dependency <Task(_PythonDecoratedOperator): log_sql_query>, print_the_context already registered for DAG: example_python_operator
[2022-11-28T15:35:16.022+0000] {processor.py:766} INFO - DAG(s) dict_keys(['example_python_operator']) retrieved from /home/airflow/.local/lib/python3.7/site-packages/airflow/example_dags/example_python_operator.py
[2022-11-28T15:35:16.065+0000] {logging_mixin.py:137} INFO - [2022-11-28T15:35:16.065+0000] {dag.py:2585} INFO - Sync 1 DAGs
[2022-11-28T15:35:16.101+0000] {logging_mixin.py:137} INFO - [2022-11-28T15:35:16.101+0000] {dag.py:3340} INFO - Setting next_dagrun for example_python_operator to None, run_after=None
[2022-11-28T15:35:16.119+0000] {processor.py:176} INFO - Processing /home/airflow/.local/lib/python3.7/site-packages/airflow/example_dags/example_python_operator.py took 0.223 seconds
[2022-11-28T15:35:46.173+0000] {processor.py:154} INFO - Started process (PID=104) to work on /home/airflow/.local/lib/python3.7/site-packages/airflow/example_dags/example_python_operator.py
[2022-11-28T15:35:46.175+0000] {processor.py:756} INFO - Processing file /home/airflow/.local/lib/python3.7/site-packages/airflow/example_dags/example_python_operator.py for tasks to queue
[2022-11-28T15:35:46.176+0000] {logging_mixin.py:137} INFO - [2022-11-28T15:35:46.176+0000] {dagbag.py:537} INFO - Filling up the DagBag from /home/airflow/.local/lib/python3.7/site-packages/airflow/example_dags/example_python_operator.py
[2022-11-28T15:35:46.190+0000] {logging_mixin.py:137} INFO - [2022-11-28T15:35:46.190+0000] {taskmixin.py:205} WARNING - Dependency <Task(_PythonDecoratedOperator): print_the_context>, log_sql_query already registered for DAG: example_python_operator
[2022-11-28T15:35:46.193+0000] {logging_mixin.py:137} INFO - [2022-11-28T15:35:46.193+0000] {taskmixin.py:205} WARNING - Dependency <Task(_PythonDecoratedOperator): log_sql_query>, print_the_context already registered for DAG: example_python_operator
[2022-11-28T15:35:46.195+0000] {logging_mixin.py:137} INFO - [2022-11-28T15:35:46.195+0000] {taskmixin.py:205} WARNING - Dependency <Task(_PythonDecoratedOperator): print_the_context>, log_sql_query already registered for DAG: example_python_operator
[2022-11-28T15:35:46.197+0000] {logging_mixin.py:137} INFO - [2022-11-28T15:35:46.196+0000] {taskmixin.py:205} WARNING - Dependency <Task(_PythonDecoratedOperator): log_sql_query>, print_the_context already registered for DAG: example_python_operator
[2022-11-28T15:35:46.199+0000] {logging_mixin.py:137} INFO - [2022-11-28T15:35:46.199+0000] {taskmixin.py:205} WARNING - Dependency <Task(_PythonDecoratedOperator): print_the_context>, log_sql_query already registered for DAG: example_python_operator
[2022-11-28T15:35:46.200+0000] {logging_mixin.py:137} INFO - [2022-11-28T15:35:46.200+0000] {taskmixin.py:205} WARNING - Dependency <Task(_PythonDecoratedOperator): log_sql_query>, print_the_context already registered for DAG: example_python_operator
[2022-11-28T15:35:46.202+0000] {logging_mixin.py:137} INFO - [2022-11-28T15:35:46.202+0000] {taskmixin.py:205} WARNING - Dependency <Task(_PythonDecoratedOperator): print_the_context>, log_sql_query already registered for DAG: example_python_operator
[2022-11-28T15:35:46.203+0000] {logging_mixin.py:137} INFO - [2022-11-28T15:35:46.203+0000] {taskmixin.py:205} WARNING - Dependency <Task(_PythonDecoratedOperator): log_sql_query>, print_the_context already registered for DAG: example_python_operator
[2022-11-28T15:35:46.210+0000] {processor.py:766} INFO - DAG(s) dict_keys(['example_python_operator']) retrieved from /home/airflow/.local/lib/python3.7/site-packages/airflow/example_dags/example_python_operator.py
[2022-11-28T15:35:46.241+0000] {logging_mixin.py:137} INFO - [2022-11-28T15:35:46.241+0000] {dag.py:2585} INFO - Sync 1 DAGs
[2022-11-28T15:35:46.259+0000] {logging_mixin.py:137} INFO - [2022-11-28T15:35:46.259+0000] {dag.py:3340} INFO - Setting next_dagrun for example_python_operator to None, run_after=None
[2022-11-28T15:35:46.274+0000] {processor.py:176} INFO - Processing /home/airflow/.local/lib/python3.7/site-packages/airflow/example_dags/example_python_operator.py took 0.104 seconds
[2022-11-28T15:36:16.579+0000] {processor.py:154} INFO - Started process (PID=168) to work on /home/airflow/.local/lib/python3.7/site-packages/airflow/example_dags/example_python_operator.py
[2022-11-28T15:36:16.582+0000] {processor.py:756} INFO - Processing file /home/airflow/.local/lib/python3.7/site-packages/airflow/example_dags/example_python_operator.py for tasks to queue
[2022-11-28T15:36:16.584+0000] {logging_mixin.py:137} INFO - [2022-11-28T15:36:16.584+0000] {dagbag.py:537} INFO - Filling up the DagBag from /home/airflow/.local/lib/python3.7/site-packages/airflow/example_dags/example_python_operator.py
[2022-11-28T15:36:16.603+0000] {logging_mixin.py:137} INFO - [2022-11-28T15:36:16.603+0000] {taskmixin.py:205} WARNING - Dependency <Task(_PythonDecoratedOperator): print_the_context>, log_sql_query already registered for DAG: example_python_operator
[2022-11-28T15:36:16.605+0000] {logging_mixin.py:137} INFO - [2022-11-28T15:36:16.605+0000] {taskmixin.py:205} WARNING - Dependency <Task(_PythonDecoratedOperator): log_sql_query>, print_the_context already registered for DAG: example_python_operator
[2022-11-28T15:36:16.607+0000] {logging_mixin.py:137} INFO - [2022-11-28T15:36:16.607+0000] {taskmixin.py:205} WARNING - Dependency <Task(_PythonDecoratedOperator): print_the_context>, log_sql_query already registered for DAG: example_python_operator
[2022-11-28T15:36:16.621+0000] {logging_mixin.py:137} INFO - [2022-11-28T15:36:16.621+0000] {taskmixin.py:205} WARNING - Dependency <Task(_PythonDecoratedOperator): log_sql_query>, print_the_context already registered for DAG: example_python_operator
[2022-11-28T15:36:16.626+0000] {logging_mixin.py:137} INFO - [2022-11-28T15:36:16.626+0000] {taskmixin.py:205} WARNING - Dependency <Task(_PythonDecoratedOperator): print_the_context>, log_sql_query already registered for DAG: example_python_operator
[2022-11-28T15:36:16.627+0000] {logging_mixin.py:137} INFO - [2022-11-28T15:36:16.627+0000] {taskmixin.py:205} WARNING - Dependency <Task(_PythonDecoratedOperator): log_sql_query>, print_the_context already registered for DAG: example_python_operator
[2022-11-28T15:36:16.628+0000] {logging_mixin.py:137} INFO - [2022-11-28T15:36:16.628+0000] {taskmixin.py:205} WARNING - Dependency <Task(_PythonDecoratedOperator): print_the_context>, log_sql_query already registered for DAG: example_python_operator
[2022-11-28T15:36:16.633+0000] {logging_mixin.py:137} INFO - [2022-11-28T15:36:16.633+0000] {taskmixin.py:205} WARNING - Dependency <Task(_PythonDecoratedOperator): log_sql_query>, print_the_context already registered for DAG: example_python_operator
[2022-11-28T15:36:16.640+0000] {processor.py:766} INFO - DAG(s) dict_keys(['example_python_operator']) retrieved from /home/airflow/.local/lib/python3.7/site-packages/airflow/example_dags/example_python_operator.py
[2022-11-28T15:36:16.676+0000] {logging_mixin.py:137} INFO - [2022-11-28T15:36:16.676+0000] {dag.py:2585} INFO - Sync 1 DAGs
[2022-11-28T15:36:16.703+0000] {logging_mixin.py:137} INFO - [2022-11-28T15:36:16.703+0000] {dag.py:3340} INFO - Setting next_dagrun for example_python_operator to None, run_after=None
[2022-11-28T15:36:16.720+0000] {processor.py:176} INFO - Processing /home/airflow/.local/lib/python3.7/site-packages/airflow/example_dags/example_python_operator.py took 0.143 seconds
[2022-11-28T15:38:42.592+0000] {processor.py:154} INFO - Started process (PID=42) to work on /home/airflow/.local/lib/python3.7/site-packages/airflow/example_dags/example_python_operator.py
[2022-11-28T15:38:42.594+0000] {processor.py:756} INFO - Processing file /home/airflow/.local/lib/python3.7/site-packages/airflow/example_dags/example_python_operator.py for tasks to queue
[2022-11-28T15:38:42.599+0000] {logging_mixin.py:137} INFO - [2022-11-28T15:38:42.599+0000] {dagbag.py:537} INFO - Filling up the DagBag from /home/airflow/.local/lib/python3.7/site-packages/airflow/example_dags/example_python_operator.py
[2022-11-28T15:38:42.613+0000] {logging_mixin.py:137} INFO - [2022-11-28T15:38:42.613+0000] {taskmixin.py:205} WARNING - Dependency <Task(_PythonDecoratedOperator): print_the_context>, log_sql_query already registered for DAG: example_python_operator
[2022-11-28T15:38:42.616+0000] {logging_mixin.py:137} INFO - [2022-11-28T15:38:42.616+0000] {taskmixin.py:205} WARNING - Dependency <Task(_PythonDecoratedOperator): log_sql_query>, print_the_context already registered for DAG: example_python_operator
[2022-11-28T15:38:42.618+0000] {logging_mixin.py:137} INFO - [2022-11-28T15:38:42.617+0000] {taskmixin.py:205} WARNING - Dependency <Task(_PythonDecoratedOperator): print_the_context>, log_sql_query already registered for DAG: example_python_operator
[2022-11-28T15:38:42.619+0000] {logging_mixin.py:137} INFO - [2022-11-28T15:38:42.619+0000] {taskmixin.py:205} WARNING - Dependency <Task(_PythonDecoratedOperator): log_sql_query>, print_the_context already registered for DAG: example_python_operator
[2022-11-28T15:38:42.621+0000] {logging_mixin.py:137} INFO - [2022-11-28T15:38:42.621+0000] {taskmixin.py:205} WARNING - Dependency <Task(_PythonDecoratedOperator): print_the_context>, log_sql_query already registered for DAG: example_python_operator
[2022-11-28T15:38:42.628+0000] {logging_mixin.py:137} INFO - [2022-11-28T15:38:42.628+0000] {taskmixin.py:205} WARNING - Dependency <Task(_PythonDecoratedOperator): log_sql_query>, print_the_context already registered for DAG: example_python_operator
[2022-11-28T15:38:42.632+0000] {logging_mixin.py:137} INFO - [2022-11-28T15:38:42.632+0000] {taskmixin.py:205} WARNING - Dependency <Task(_PythonDecoratedOperator): print_the_context>, log_sql_query already registered for DAG: example_python_operator
[2022-11-28T15:38:42.634+0000] {logging_mixin.py:137} INFO - [2022-11-28T15:38:42.634+0000] {taskmixin.py:205} WARNING - Dependency <Task(_PythonDecoratedOperator): log_sql_query>, print_the_context already registered for DAG: example_python_operator
[2022-11-28T15:38:42.641+0000] {processor.py:766} INFO - DAG(s) dict_keys(['example_python_operator']) retrieved from /home/airflow/.local/lib/python3.7/site-packages/airflow/example_dags/example_python_operator.py
[2022-11-28T15:38:42.682+0000] {logging_mixin.py:137} INFO - [2022-11-28T15:38:42.682+0000] {dag.py:2585} INFO - Sync 1 DAGs
[2022-11-28T15:38:42.718+0000] {logging_mixin.py:137} INFO - [2022-11-28T15:38:42.718+0000] {dag.py:3340} INFO - Setting next_dagrun for example_python_operator to None, run_after=None
[2022-11-28T15:38:42.758+0000] {processor.py:176} INFO - Processing /home/airflow/.local/lib/python3.7/site-packages/airflow/example_dags/example_python_operator.py took 0.168 seconds
[2022-11-28T15:39:13.193+0000] {processor.py:154} INFO - Started process (PID=104) to work on /home/airflow/.local/lib/python3.7/site-packages/airflow/example_dags/example_python_operator.py
[2022-11-28T15:39:13.195+0000] {processor.py:756} INFO - Processing file /home/airflow/.local/lib/python3.7/site-packages/airflow/example_dags/example_python_operator.py for tasks to queue
[2022-11-28T15:39:13.196+0000] {logging_mixin.py:137} INFO - [2022-11-28T15:39:13.196+0000] {dagbag.py:537} INFO - Filling up the DagBag from /home/airflow/.local/lib/python3.7/site-packages/airflow/example_dags/example_python_operator.py
[2022-11-28T15:39:13.207+0000] {logging_mixin.py:137} INFO - [2022-11-28T15:39:13.207+0000] {taskmixin.py:205} WARNING - Dependency <Task(_PythonDecoratedOperator): print_the_context>, log_sql_query already registered for DAG: example_python_operator
[2022-11-28T15:39:13.208+0000] {logging_mixin.py:137} INFO - [2022-11-28T15:39:13.208+0000] {taskmixin.py:205} WARNING - Dependency <Task(_PythonDecoratedOperator): log_sql_query>, print_the_context already registered for DAG: example_python_operator
[2022-11-28T15:39:13.210+0000] {logging_mixin.py:137} INFO - [2022-11-28T15:39:13.210+0000] {taskmixin.py:205} WARNING - Dependency <Task(_PythonDecoratedOperator): print_the_context>, log_sql_query already registered for DAG: example_python_operator
[2022-11-28T15:39:13.211+0000] {logging_mixin.py:137} INFO - [2022-11-28T15:39:13.211+0000] {taskmixin.py:205} WARNING - Dependency <Task(_PythonDecoratedOperator): log_sql_query>, print_the_context already registered for DAG: example_python_operator
[2022-11-28T15:39:13.212+0000] {logging_mixin.py:137} INFO - [2022-11-28T15:39:13.212+0000] {taskmixin.py:205} WARNING - Dependency <Task(_PythonDecoratedOperator): print_the_context>, log_sql_query already registered for DAG: example_python_operator
[2022-11-28T15:39:13.213+0000] {logging_mixin.py:137} INFO - [2022-11-28T15:39:13.213+0000] {taskmixin.py:205} WARNING - Dependency <Task(_PythonDecoratedOperator): log_sql_query>, print_the_context already registered for DAG: example_python_operator
[2022-11-28T15:39:13.215+0000] {logging_mixin.py:137} INFO - [2022-11-28T15:39:13.215+0000] {taskmixin.py:205} WARNING - Dependency <Task(_PythonDecoratedOperator): print_the_context>, log_sql_query already registered for DAG: example_python_operator
[2022-11-28T15:39:13.216+0000] {logging_mixin.py:137} INFO - [2022-11-28T15:39:13.216+0000] {taskmixin.py:205} WARNING - Dependency <Task(_PythonDecoratedOperator): log_sql_query>, print_the_context already registered for DAG: example_python_operator
[2022-11-28T15:39:13.223+0000] {processor.py:766} INFO - DAG(s) dict_keys(['example_python_operator']) retrieved from /home/airflow/.local/lib/python3.7/site-packages/airflow/example_dags/example_python_operator.py
[2022-11-28T15:39:13.262+0000] {logging_mixin.py:137} INFO - [2022-11-28T15:39:13.262+0000] {dag.py:2585} INFO - Sync 1 DAGs
[2022-11-28T15:39:13.279+0000] {logging_mixin.py:137} INFO - [2022-11-28T15:39:13.278+0000] {dag.py:3340} INFO - Setting next_dagrun for example_python_operator to None, run_after=None
[2022-11-28T15:39:13.294+0000] {processor.py:176} INFO - Processing /home/airflow/.local/lib/python3.7/site-packages/airflow/example_dags/example_python_operator.py took 0.103 seconds
[2022-11-28T15:39:44.052+0000] {processor.py:154} INFO - Started process (PID=168) to work on /home/airflow/.local/lib/python3.7/site-packages/airflow/example_dags/example_python_operator.py
[2022-11-28T15:39:44.053+0000] {processor.py:756} INFO - Processing file /home/airflow/.local/lib/python3.7/site-packages/airflow/example_dags/example_python_operator.py for tasks to queue
[2022-11-28T15:39:44.055+0000] {logging_mixin.py:137} INFO - [2022-11-28T15:39:44.055+0000] {dagbag.py:537} INFO - Filling up the DagBag from /home/airflow/.local/lib/python3.7/site-packages/airflow/example_dags/example_python_operator.py
[2022-11-28T15:39:44.066+0000] {logging_mixin.py:137} INFO - [2022-11-28T15:39:44.065+0000] {taskmixin.py:205} WARNING - Dependency <Task(_PythonDecoratedOperator): print_the_context>, log_sql_query already registered for DAG: example_python_operator
[2022-11-28T15:39:44.066+0000] {logging_mixin.py:137} INFO - [2022-11-28T15:39:44.066+0000] {taskmixin.py:205} WARNING - Dependency <Task(_PythonDecoratedOperator): log_sql_query>, print_the_context already registered for DAG: example_python_operator
[2022-11-28T15:39:44.068+0000] {logging_mixin.py:137} INFO - [2022-11-28T15:39:44.068+0000] {taskmixin.py:205} WARNING - Dependency <Task(_PythonDecoratedOperator): print_the_context>, log_sql_query already registered for DAG: example_python_operator
[2022-11-28T15:39:44.068+0000] {logging_mixin.py:137} INFO - [2022-11-28T15:39:44.068+0000] {taskmixin.py:205} WARNING - Dependency <Task(_PythonDecoratedOperator): log_sql_query>, print_the_context already registered for DAG: example_python_operator
[2022-11-28T15:39:44.070+0000] {logging_mixin.py:137} INFO - [2022-11-28T15:39:44.070+0000] {taskmixin.py:205} WARNING - Dependency <Task(_PythonDecoratedOperator): print_the_context>, log_sql_query already registered for DAG: example_python_operator
[2022-11-28T15:39:44.070+0000] {logging_mixin.py:137} INFO - [2022-11-28T15:39:44.070+0000] {taskmixin.py:205} WARNING - Dependency <Task(_PythonDecoratedOperator): log_sql_query>, print_the_context already registered for DAG: example_python_operator
[2022-11-28T15:39:44.071+0000] {logging_mixin.py:137} INFO - [2022-11-28T15:39:44.071+0000] {taskmixin.py:205} WARNING - Dependency <Task(_PythonDecoratedOperator): print_the_context>, log_sql_query already registered for DAG: example_python_operator
[2022-11-28T15:39:44.073+0000] {logging_mixin.py:137} INFO - [2022-11-28T15:39:44.072+0000] {taskmixin.py:205} WARNING - Dependency <Task(_PythonDecoratedOperator): log_sql_query>, print_the_context already registered for DAG: example_python_operator
[2022-11-28T15:39:44.079+0000] {processor.py:766} INFO - DAG(s) dict_keys(['example_python_operator']) retrieved from /home/airflow/.local/lib/python3.7/site-packages/airflow/example_dags/example_python_operator.py
[2022-11-28T15:39:44.106+0000] {logging_mixin.py:137} INFO - [2022-11-28T15:39:44.106+0000] {dag.py:2585} INFO - Sync 1 DAGs
[2022-11-28T15:39:44.121+0000] {logging_mixin.py:137} INFO - [2022-11-28T15:39:44.121+0000] {dag.py:3340} INFO - Setting next_dagrun for example_python_operator to None, run_after=None
[2022-11-28T15:39:44.133+0000] {processor.py:176} INFO - Processing /home/airflow/.local/lib/python3.7/site-packages/airflow/example_dags/example_python_operator.py took 0.084 seconds
[2022-11-28T15:40:14.580+0000] {processor.py:154} INFO - Started process (PID=222) to work on /home/airflow/.local/lib/python3.7/site-packages/airflow/example_dags/example_python_operator.py
[2022-11-28T15:40:14.582+0000] {processor.py:756} INFO - Processing file /home/airflow/.local/lib/python3.7/site-packages/airflow/example_dags/example_python_operator.py for tasks to queue
[2022-11-28T15:40:14.583+0000] {logging_mixin.py:137} INFO - [2022-11-28T15:40:14.583+0000] {dagbag.py:537} INFO - Filling up the DagBag from /home/airflow/.local/lib/python3.7/site-packages/airflow/example_dags/example_python_operator.py
[2022-11-28T15:40:14.596+0000] {logging_mixin.py:137} INFO - [2022-11-28T15:40:14.596+0000] {taskmixin.py:205} WARNING - Dependency <Task(_PythonDecoratedOperator): print_the_context>, log_sql_query already registered for DAG: example_python_operator
[2022-11-28T15:40:14.597+0000] {logging_mixin.py:137} INFO - [2022-11-28T15:40:14.597+0000] {taskmixin.py:205} WARNING - Dependency <Task(_PythonDecoratedOperator): log_sql_query>, print_the_context already registered for DAG: example_python_operator
[2022-11-28T15:40:14.598+0000] {logging_mixin.py:137} INFO - [2022-11-28T15:40:14.598+0000] {taskmixin.py:205} WARNING - Dependency <Task(_PythonDecoratedOperator): print_the_context>, log_sql_query already registered for DAG: example_python_operator
[2022-11-28T15:40:14.599+0000] {logging_mixin.py:137} INFO - [2022-11-28T15:40:14.599+0000] {taskmixin.py:205} WARNING - Dependency <Task(_PythonDecoratedOperator): log_sql_query>, print_the_context already registered for DAG: example_python_operator
[2022-11-28T15:40:14.600+0000] {logging_mixin.py:137} INFO - [2022-11-28T15:40:14.600+0000] {taskmixin.py:205} WARNING - Dependency <Task(_PythonDecoratedOperator): print_the_context>, log_sql_query already registered for DAG: example_python_operator
[2022-11-28T15:40:14.602+0000] {logging_mixin.py:137} INFO - [2022-11-28T15:40:14.602+0000] {taskmixin.py:205} WARNING - Dependency <Task(_PythonDecoratedOperator): log_sql_query>, print_the_context already registered for DAG: example_python_operator
[2022-11-28T15:40:14.603+0000] {logging_mixin.py:137} INFO - [2022-11-28T15:40:14.603+0000] {taskmixin.py:205} WARNING - Dependency <Task(_PythonDecoratedOperator): print_the_context>, log_sql_query already registered for DAG: example_python_operator
[2022-11-28T15:40:14.604+0000] {logging_mixin.py:137} INFO - [2022-11-28T15:40:14.604+0000] {taskmixin.py:205} WARNING - Dependency <Task(_PythonDecoratedOperator): log_sql_query>, print_the_context already registered for DAG: example_python_operator
[2022-11-28T15:40:14.610+0000] {processor.py:766} INFO - DAG(s) dict_keys(['example_python_operator']) retrieved from /home/airflow/.local/lib/python3.7/site-packages/airflow/example_dags/example_python_operator.py
[2022-11-28T15:40:14.641+0000] {logging_mixin.py:137} INFO - [2022-11-28T15:40:14.641+0000] {dag.py:2585} INFO - Sync 1 DAGs
[2022-11-28T15:40:14.660+0000] {logging_mixin.py:137} INFO - [2022-11-28T15:40:14.660+0000] {dag.py:3340} INFO - Setting next_dagrun for example_python_operator to None, run_after=None
[2022-11-28T15:40:14.673+0000] {processor.py:176} INFO - Processing /home/airflow/.local/lib/python3.7/site-packages/airflow/example_dags/example_python_operator.py took 0.096 seconds
[2022-11-28T15:40:44.794+0000] {processor.py:154} INFO - Started process (PID=285) to work on /home/airflow/.local/lib/python3.7/site-packages/airflow/example_dags/example_python_operator.py
[2022-11-28T15:40:44.795+0000] {processor.py:756} INFO - Processing file /home/airflow/.local/lib/python3.7/site-packages/airflow/example_dags/example_python_operator.py for tasks to queue
[2022-11-28T15:40:44.799+0000] {logging_mixin.py:137} INFO - [2022-11-28T15:40:44.799+0000] {dagbag.py:537} INFO - Filling up the DagBag from /home/airflow/.local/lib/python3.7/site-packages/airflow/example_dags/example_python_operator.py
[2022-11-28T15:40:44.810+0000] {logging_mixin.py:137} INFO - [2022-11-28T15:40:44.810+0000] {taskmixin.py:205} WARNING - Dependency <Task(_PythonDecoratedOperator): print_the_context>, log_sql_query already registered for DAG: example_python_operator
[2022-11-28T15:40:44.811+0000] {logging_mixin.py:137} INFO - [2022-11-28T15:40:44.811+0000] {taskmixin.py:205} WARNING - Dependency <Task(_PythonDecoratedOperator): log_sql_query>, print_the_context already registered for DAG: example_python_operator
[2022-11-28T15:40:44.812+0000] {logging_mixin.py:137} INFO - [2022-11-28T15:40:44.812+0000] {taskmixin.py:205} WARNING - Dependency <Task(_PythonDecoratedOperator): print_the_context>, log_sql_query already registered for DAG: example_python_operator
[2022-11-28T15:40:44.814+0000] {logging_mixin.py:137} INFO - [2022-11-28T15:40:44.814+0000] {taskmixin.py:205} WARNING - Dependency <Task(_PythonDecoratedOperator): log_sql_query>, print_the_context already registered for DAG: example_python_operator
[2022-11-28T15:40:44.815+0000] {logging_mixin.py:137} INFO - [2022-11-28T15:40:44.815+0000] {taskmixin.py:205} WARNING - Dependency <Task(_PythonDecoratedOperator): print_the_context>, log_sql_query already registered for DAG: example_python_operator
[2022-11-28T15:40:44.816+0000] {logging_mixin.py:137} INFO - [2022-11-28T15:40:44.816+0000] {taskmixin.py:205} WARNING - Dependency <Task(_PythonDecoratedOperator): log_sql_query>, print_the_context already registered for DAG: example_python_operator
[2022-11-28T15:40:44.817+0000] {logging_mixin.py:137} INFO - [2022-11-28T15:40:44.817+0000] {taskmixin.py:205} WARNING - Dependency <Task(_PythonDecoratedOperator): print_the_context>, log_sql_query already registered for DAG: example_python_operator
[2022-11-28T15:40:44.818+0000] {logging_mixin.py:137} INFO - [2022-11-28T15:40:44.818+0000] {taskmixin.py:205} WARNING - Dependency <Task(_PythonDecoratedOperator): log_sql_query>, print_the_context already registered for DAG: example_python_operator
[2022-11-28T15:40:44.824+0000] {processor.py:766} INFO - DAG(s) dict_keys(['example_python_operator']) retrieved from /home/airflow/.local/lib/python3.7/site-packages/airflow/example_dags/example_python_operator.py
[2022-11-28T15:40:44.851+0000] {logging_mixin.py:137} INFO - [2022-11-28T15:40:44.851+0000] {dag.py:2585} INFO - Sync 1 DAGs
[2022-11-28T15:40:44.867+0000] {logging_mixin.py:137} INFO - [2022-11-28T15:40:44.867+0000] {dag.py:3340} INFO - Setting next_dagrun for example_python_operator to None, run_after=None
[2022-11-28T15:40:44.880+0000] {processor.py:176} INFO - Processing /home/airflow/.local/lib/python3.7/site-packages/airflow/example_dags/example_python_operator.py took 0.089 seconds
[2022-11-28T15:41:15.568+0000] {processor.py:154} INFO - Started process (PID=346) to work on /home/airflow/.local/lib/python3.7/site-packages/airflow/example_dags/example_python_operator.py
[2022-11-28T15:41:15.570+0000] {processor.py:756} INFO - Processing file /home/airflow/.local/lib/python3.7/site-packages/airflow/example_dags/example_python_operator.py for tasks to queue
[2022-11-28T15:41:15.572+0000] {logging_mixin.py:137} INFO - [2022-11-28T15:41:15.572+0000] {dagbag.py:537} INFO - Filling up the DagBag from /home/airflow/.local/lib/python3.7/site-packages/airflow/example_dags/example_python_operator.py
[2022-11-28T15:41:15.583+0000] {logging_mixin.py:137} INFO - [2022-11-28T15:41:15.583+0000] {taskmixin.py:205} WARNING - Dependency <Task(_PythonDecoratedOperator): print_the_context>, log_sql_query already registered for DAG: example_python_operator
[2022-11-28T15:41:15.586+0000] {logging_mixin.py:137} INFO - [2022-11-28T15:41:15.585+0000] {taskmixin.py:205} WARNING - Dependency <Task(_PythonDecoratedOperator): log_sql_query>, print_the_context already registered for DAG: example_python_operator
[2022-11-28T15:41:15.587+0000] {logging_mixin.py:137} INFO - [2022-11-28T15:41:15.587+0000] {taskmixin.py:205} WARNING - Dependency <Task(_PythonDecoratedOperator): print_the_context>, log_sql_query already registered for DAG: example_python_operator
[2022-11-28T15:41:15.588+0000] {logging_mixin.py:137} INFO - [2022-11-28T15:41:15.588+0000] {taskmixin.py:205} WARNING - Dependency <Task(_PythonDecoratedOperator): log_sql_query>, print_the_context already registered for DAG: example_python_operator
[2022-11-28T15:41:15.590+0000] {logging_mixin.py:137} INFO - [2022-11-28T15:41:15.590+0000] {taskmixin.py:205} WARNING - Dependency <Task(_PythonDecoratedOperator): print_the_context>, log_sql_query already registered for DAG: example_python_operator
[2022-11-28T15:41:15.591+0000] {logging_mixin.py:137} INFO - [2022-11-28T15:41:15.591+0000] {taskmixin.py:205} WARNING - Dependency <Task(_PythonDecoratedOperator): log_sql_query>, print_the_context already registered for DAG: example_python_operator
[2022-11-28T15:41:15.593+0000] {logging_mixin.py:137} INFO - [2022-11-28T15:41:15.593+0000] {taskmixin.py:205} WARNING - Dependency <Task(_PythonDecoratedOperator): print_the_context>, log_sql_query already registered for DAG: example_python_operator
[2022-11-28T15:41:15.594+0000] {logging_mixin.py:137} INFO - [2022-11-28T15:41:15.594+0000] {taskmixin.py:205} WARNING - Dependency <Task(_PythonDecoratedOperator): log_sql_query>, print_the_context already registered for DAG: example_python_operator
[2022-11-28T15:41:15.600+0000] {processor.py:766} INFO - DAG(s) dict_keys(['example_python_operator']) retrieved from /home/airflow/.local/lib/python3.7/site-packages/airflow/example_dags/example_python_operator.py
[2022-11-28T15:41:15.630+0000] {logging_mixin.py:137} INFO - [2022-11-28T15:41:15.630+0000] {dag.py:2585} INFO - Sync 1 DAGs
[2022-11-28T15:41:15.648+0000] {logging_mixin.py:137} INFO - [2022-11-28T15:41:15.648+0000] {dag.py:3340} INFO - Setting next_dagrun for example_python_operator to None, run_after=None
[2022-11-28T15:41:15.665+0000] {processor.py:176} INFO - Processing /home/airflow/.local/lib/python3.7/site-packages/airflow/example_dags/example_python_operator.py took 0.099 seconds
[2022-11-28T15:41:46.020+0000] {processor.py:154} INFO - Started process (PID=410) to work on /home/airflow/.local/lib/python3.7/site-packages/airflow/example_dags/example_python_operator.py
[2022-11-28T15:41:46.022+0000] {processor.py:756} INFO - Processing file /home/airflow/.local/lib/python3.7/site-packages/airflow/example_dags/example_python_operator.py for tasks to queue
[2022-11-28T15:41:46.023+0000] {logging_mixin.py:137} INFO - [2022-11-28T15:41:46.023+0000] {dagbag.py:537} INFO - Filling up the DagBag from /home/airflow/.local/lib/python3.7/site-packages/airflow/example_dags/example_python_operator.py
[2022-11-28T15:41:46.036+0000] {logging_mixin.py:137} INFO - [2022-11-28T15:41:46.036+0000] {taskmixin.py:205} WARNING - Dependency <Task(_PythonDecoratedOperator): print_the_context>, log_sql_query already registered for DAG: example_python_operator
[2022-11-28T15:41:46.037+0000] {logging_mixin.py:137} INFO - [2022-11-28T15:41:46.037+0000] {taskmixin.py:205} WARNING - Dependency <Task(_PythonDecoratedOperator): log_sql_query>, print_the_context already registered for DAG: example_python_operator
[2022-11-28T15:41:46.038+0000] {logging_mixin.py:137} INFO - [2022-11-28T15:41:46.038+0000] {taskmixin.py:205} WARNING - Dependency <Task(_PythonDecoratedOperator): print_the_context>, log_sql_query already registered for DAG: example_python_operator
[2022-11-28T15:41:46.045+0000] {logging_mixin.py:137} INFO - [2022-11-28T15:41:46.045+0000] {taskmixin.py:205} WARNING - Dependency <Task(_PythonDecoratedOperator): log_sql_query>, print_the_context already registered for DAG: example_python_operator
[2022-11-28T15:41:46.047+0000] {logging_mixin.py:137} INFO - [2022-11-28T15:41:46.047+0000] {taskmixin.py:205} WARNING - Dependency <Task(_PythonDecoratedOperator): print_the_context>, log_sql_query already registered for DAG: example_python_operator
[2022-11-28T15:41:46.048+0000] {logging_mixin.py:137} INFO - [2022-11-28T15:41:46.048+0000] {taskmixin.py:205} WARNING - Dependency <Task(_PythonDecoratedOperator): log_sql_query>, print_the_context already registered for DAG: example_python_operator
[2022-11-28T15:41:46.054+0000] {logging_mixin.py:137} INFO - [2022-11-28T15:41:46.053+0000] {taskmixin.py:205} WARNING - Dependency <Task(_PythonDecoratedOperator): print_the_context>, log_sql_query already registered for DAG: example_python_operator
[2022-11-28T15:41:46.054+0000] {logging_mixin.py:137} INFO - [2022-11-28T15:41:46.054+0000] {taskmixin.py:205} WARNING - Dependency <Task(_PythonDecoratedOperator): log_sql_query>, print_the_context already registered for DAG: example_python_operator
[2022-11-28T15:41:46.060+0000] {processor.py:766} INFO - DAG(s) dict_keys(['example_python_operator']) retrieved from /home/airflow/.local/lib/python3.7/site-packages/airflow/example_dags/example_python_operator.py
[2022-11-28T15:41:46.093+0000] {logging_mixin.py:137} INFO - [2022-11-28T15:41:46.093+0000] {dag.py:2585} INFO - Sync 1 DAGs
[2022-11-28T15:41:46.110+0000] {logging_mixin.py:137} INFO - [2022-11-28T15:41:46.110+0000] {dag.py:3340} INFO - Setting next_dagrun for example_python_operator to None, run_after=None
[2022-11-28T15:41:46.130+0000] {processor.py:176} INFO - Processing /home/airflow/.local/lib/python3.7/site-packages/airflow/example_dags/example_python_operator.py took 0.113 seconds
[2022-11-28T15:42:17.439+0000] {processor.py:154} INFO - Started process (PID=472) to work on /home/airflow/.local/lib/python3.7/site-packages/airflow/example_dags/example_python_operator.py
[2022-11-28T15:42:17.450+0000] {processor.py:756} INFO - Processing file /home/airflow/.local/lib/python3.7/site-packages/airflow/example_dags/example_python_operator.py for tasks to queue
[2022-11-28T15:42:17.453+0000] {logging_mixin.py:137} INFO - [2022-11-28T15:42:17.452+0000] {dagbag.py:537} INFO - Filling up the DagBag from /home/airflow/.local/lib/python3.7/site-packages/airflow/example_dags/example_python_operator.py
[2022-11-28T15:42:17.474+0000] {logging_mixin.py:137} INFO - [2022-11-28T15:42:17.474+0000] {taskmixin.py:205} WARNING - Dependency <Task(_PythonDecoratedOperator): print_the_context>, log_sql_query already registered for DAG: example_python_operator
[2022-11-28T15:42:17.476+0000] {logging_mixin.py:137} INFO - [2022-11-28T15:42:17.476+0000] {taskmixin.py:205} WARNING - Dependency <Task(_PythonDecoratedOperator): log_sql_query>, print_the_context already registered for DAG: example_python_operator
[2022-11-28T15:42:17.478+0000] {logging_mixin.py:137} INFO - [2022-11-28T15:42:17.478+0000] {taskmixin.py:205} WARNING - Dependency <Task(_PythonDecoratedOperator): print_the_context>, log_sql_query already registered for DAG: example_python_operator
[2022-11-28T15:42:17.479+0000] {logging_mixin.py:137} INFO - [2022-11-28T15:42:17.479+0000] {taskmixin.py:205} WARNING - Dependency <Task(_PythonDecoratedOperator): log_sql_query>, print_the_context already registered for DAG: example_python_operator
[2022-11-28T15:42:17.489+0000] {logging_mixin.py:137} INFO - [2022-11-28T15:42:17.488+0000] {taskmixin.py:205} WARNING - Dependency <Task(_PythonDecoratedOperator): print_the_context>, log_sql_query already registered for DAG: example_python_operator
[2022-11-28T15:42:17.492+0000] {logging_mixin.py:137} INFO - [2022-11-28T15:42:17.491+0000] {taskmixin.py:205} WARNING - Dependency <Task(_PythonDecoratedOperator): log_sql_query>, print_the_context already registered for DAG: example_python_operator
[2022-11-28T15:42:17.495+0000] {logging_mixin.py:137} INFO - [2022-11-28T15:42:17.495+0000] {taskmixin.py:205} WARNING - Dependency <Task(_PythonDecoratedOperator): print_the_context>, log_sql_query already registered for DAG: example_python_operator
[2022-11-28T15:42:17.500+0000] {logging_mixin.py:137} INFO - [2022-11-28T15:42:17.499+0000] {taskmixin.py:205} WARNING - Dependency <Task(_PythonDecoratedOperator): log_sql_query>, print_the_context already registered for DAG: example_python_operator
[2022-11-28T15:42:17.510+0000] {processor.py:766} INFO - DAG(s) dict_keys(['example_python_operator']) retrieved from /home/airflow/.local/lib/python3.7/site-packages/airflow/example_dags/example_python_operator.py
[2022-11-28T15:42:17.552+0000] {logging_mixin.py:137} INFO - [2022-11-28T15:42:17.552+0000] {dag.py:2585} INFO - Sync 1 DAGs
[2022-11-28T15:42:17.577+0000] {logging_mixin.py:137} INFO - [2022-11-28T15:42:17.577+0000] {dag.py:3340} INFO - Setting next_dagrun for example_python_operator to None, run_after=None
[2022-11-28T15:42:17.599+0000] {processor.py:176} INFO - Processing /home/airflow/.local/lib/python3.7/site-packages/airflow/example_dags/example_python_operator.py took 0.163 seconds
[2022-11-28T15:42:48.502+0000] {processor.py:154} INFO - Started process (PID=534) to work on /home/airflow/.local/lib/python3.7/site-packages/airflow/example_dags/example_python_operator.py
[2022-11-28T15:42:48.517+0000] {processor.py:756} INFO - Processing file /home/airflow/.local/lib/python3.7/site-packages/airflow/example_dags/example_python_operator.py for tasks to queue
[2022-11-28T15:42:48.519+0000] {logging_mixin.py:137} INFO - [2022-11-28T15:42:48.519+0000] {dagbag.py:537} INFO - Filling up the DagBag from /home/airflow/.local/lib/python3.7/site-packages/airflow/example_dags/example_python_operator.py
[2022-11-28T15:42:48.533+0000] {logging_mixin.py:137} INFO - [2022-11-28T15:42:48.532+0000] {taskmixin.py:205} WARNING - Dependency <Task(_PythonDecoratedOperator): print_the_context>, log_sql_query already registered for DAG: example_python_operator
[2022-11-28T15:42:48.534+0000] {logging_mixin.py:137} INFO - [2022-11-28T15:42:48.534+0000] {taskmixin.py:205} WARNING - Dependency <Task(_PythonDecoratedOperator): log_sql_query>, print_the_context already registered for DAG: example_python_operator
[2022-11-28T15:42:48.535+0000] {logging_mixin.py:137} INFO - [2022-11-28T15:42:48.535+0000] {taskmixin.py:205} WARNING - Dependency <Task(_PythonDecoratedOperator): print_the_context>, log_sql_query already registered for DAG: example_python_operator
[2022-11-28T15:42:48.537+0000] {logging_mixin.py:137} INFO - [2022-11-28T15:42:48.537+0000] {taskmixin.py:205} WARNING - Dependency <Task(_PythonDecoratedOperator): log_sql_query>, print_the_context already registered for DAG: example_python_operator
[2022-11-28T15:42:48.538+0000] {logging_mixin.py:137} INFO - [2022-11-28T15:42:48.538+0000] {taskmixin.py:205} WARNING - Dependency <Task(_PythonDecoratedOperator): print_the_context>, log_sql_query already registered for DAG: example_python_operator
[2022-11-28T15:42:48.539+0000] {logging_mixin.py:137} INFO - [2022-11-28T15:42:48.539+0000] {taskmixin.py:205} WARNING - Dependency <Task(_PythonDecoratedOperator): log_sql_query>, print_the_context already registered for DAG: example_python_operator
[2022-11-28T15:42:48.540+0000] {logging_mixin.py:137} INFO - [2022-11-28T15:42:48.540+0000] {taskmixin.py:205} WARNING - Dependency <Task(_PythonDecoratedOperator): print_the_context>, log_sql_query already registered for DAG: example_python_operator
[2022-11-28T15:42:48.542+0000] {logging_mixin.py:137} INFO - [2022-11-28T15:42:48.542+0000] {taskmixin.py:205} WARNING - Dependency <Task(_PythonDecoratedOperator): log_sql_query>, print_the_context already registered for DAG: example_python_operator
[2022-11-28T15:42:48.549+0000] {processor.py:766} INFO - DAG(s) dict_keys(['example_python_operator']) retrieved from /home/airflow/.local/lib/python3.7/site-packages/airflow/example_dags/example_python_operator.py
[2022-11-28T15:42:48.593+0000] {logging_mixin.py:137} INFO - [2022-11-28T15:42:48.593+0000] {dag.py:2585} INFO - Sync 1 DAGs
[2022-11-28T15:42:48.618+0000] {logging_mixin.py:137} INFO - [2022-11-28T15:42:48.617+0000] {dag.py:3340} INFO - Setting next_dagrun for example_python_operator to None, run_after=None
[2022-11-28T15:42:48.632+0000] {processor.py:176} INFO - Processing /home/airflow/.local/lib/python3.7/site-packages/airflow/example_dags/example_python_operator.py took 0.133 seconds
[2022-11-28T15:43:18.837+0000] {processor.py:154} INFO - Started process (PID=588) to work on /home/airflow/.local/lib/python3.7/site-packages/airflow/example_dags/example_python_operator.py
[2022-11-28T15:43:18.838+0000] {processor.py:756} INFO - Processing file /home/airflow/.local/lib/python3.7/site-packages/airflow/example_dags/example_python_operator.py for tasks to queue
[2022-11-28T15:43:18.840+0000] {logging_mixin.py:137} INFO - [2022-11-28T15:43:18.840+0000] {dagbag.py:537} INFO - Filling up the DagBag from /home/airflow/.local/lib/python3.7/site-packages/airflow/example_dags/example_python_operator.py
[2022-11-28T15:43:18.850+0000] {logging_mixin.py:137} INFO - [2022-11-28T15:43:18.850+0000] {taskmixin.py:205} WARNING - Dependency <Task(_PythonDecoratedOperator): print_the_context>, log_sql_query already registered for DAG: example_python_operator
[2022-11-28T15:43:18.852+0000] {logging_mixin.py:137} INFO - [2022-11-28T15:43:18.852+0000] {taskmixin.py:205} WARNING - Dependency <Task(_PythonDecoratedOperator): log_sql_query>, print_the_context already registered for DAG: example_python_operator
[2022-11-28T15:43:18.855+0000] {logging_mixin.py:137} INFO - [2022-11-28T15:43:18.855+0000] {taskmixin.py:205} WARNING - Dependency <Task(_PythonDecoratedOperator): print_the_context>, log_sql_query already registered for DAG: example_python_operator
[2022-11-28T15:43:18.856+0000] {logging_mixin.py:137} INFO - [2022-11-28T15:43:18.856+0000] {taskmixin.py:205} WARNING - Dependency <Task(_PythonDecoratedOperator): log_sql_query>, print_the_context already registered for DAG: example_python_operator
[2022-11-28T15:43:18.857+0000] {logging_mixin.py:137} INFO - [2022-11-28T15:43:18.857+0000] {taskmixin.py:205} WARNING - Dependency <Task(_PythonDecoratedOperator): print_the_context>, log_sql_query already registered for DAG: example_python_operator
[2022-11-28T15:43:18.859+0000] {logging_mixin.py:137} INFO - [2022-11-28T15:43:18.859+0000] {taskmixin.py:205} WARNING - Dependency <Task(_PythonDecoratedOperator): log_sql_query>, print_the_context already registered for DAG: example_python_operator
[2022-11-28T15:43:18.860+0000] {logging_mixin.py:137} INFO - [2022-11-28T15:43:18.860+0000] {taskmixin.py:205} WARNING - Dependency <Task(_PythonDecoratedOperator): print_the_context>, log_sql_query already registered for DAG: example_python_operator
[2022-11-28T15:43:18.861+0000] {logging_mixin.py:137} INFO - [2022-11-28T15:43:18.861+0000] {taskmixin.py:205} WARNING - Dependency <Task(_PythonDecoratedOperator): log_sql_query>, print_the_context already registered for DAG: example_python_operator
[2022-11-28T15:43:18.868+0000] {processor.py:766} INFO - DAG(s) dict_keys(['example_python_operator']) retrieved from /home/airflow/.local/lib/python3.7/site-packages/airflow/example_dags/example_python_operator.py
[2022-11-28T15:43:18.896+0000] {logging_mixin.py:137} INFO - [2022-11-28T15:43:18.896+0000] {dag.py:2585} INFO - Sync 1 DAGs
[2022-11-28T15:43:18.911+0000] {logging_mixin.py:137} INFO - [2022-11-28T15:43:18.911+0000] {dag.py:3340} INFO - Setting next_dagrun for example_python_operator to None, run_after=None
[2022-11-28T15:43:18.924+0000] {processor.py:176} INFO - Processing /home/airflow/.local/lib/python3.7/site-packages/airflow/example_dags/example_python_operator.py took 0.090 seconds
[2022-11-28T15:43:49.055+0000] {processor.py:154} INFO - Started process (PID=651) to work on /home/airflow/.local/lib/python3.7/site-packages/airflow/example_dags/example_python_operator.py
[2022-11-28T15:43:49.057+0000] {processor.py:756} INFO - Processing file /home/airflow/.local/lib/python3.7/site-packages/airflow/example_dags/example_python_operator.py for tasks to queue
[2022-11-28T15:43:49.058+0000] {logging_mixin.py:137} INFO - [2022-11-28T15:43:49.058+0000] {dagbag.py:537} INFO - Filling up the DagBag from /home/airflow/.local/lib/python3.7/site-packages/airflow/example_dags/example_python_operator.py
[2022-11-28T15:43:49.069+0000] {logging_mixin.py:137} INFO - [2022-11-28T15:43:49.068+0000] {taskmixin.py:205} WARNING - Dependency <Task(_PythonDecoratedOperator): print_the_context>, log_sql_query already registered for DAG: example_python_operator
[2022-11-28T15:43:49.070+0000] {logging_mixin.py:137} INFO - [2022-11-28T15:43:49.070+0000] {taskmixin.py:205} WARNING - Dependency <Task(_PythonDecoratedOperator): log_sql_query>, print_the_context already registered for DAG: example_python_operator
[2022-11-28T15:43:49.071+0000] {logging_mixin.py:137} INFO - [2022-11-28T15:43:49.071+0000] {taskmixin.py:205} WARNING - Dependency <Task(_PythonDecoratedOperator): print_the_context>, log_sql_query already registered for DAG: example_python_operator
[2022-11-28T15:43:49.072+0000] {logging_mixin.py:137} INFO - [2022-11-28T15:43:49.072+0000] {taskmixin.py:205} WARNING - Dependency <Task(_PythonDecoratedOperator): log_sql_query>, print_the_context already registered for DAG: example_python_operator
[2022-11-28T15:43:49.074+0000] {logging_mixin.py:137} INFO - [2022-11-28T15:43:49.073+0000] {taskmixin.py:205} WARNING - Dependency <Task(_PythonDecoratedOperator): print_the_context>, log_sql_query already registered for DAG: example_python_operator
[2022-11-28T15:43:49.076+0000] {logging_mixin.py:137} INFO - [2022-11-28T15:43:49.075+0000] {taskmixin.py:205} WARNING - Dependency <Task(_PythonDecoratedOperator): log_sql_query>, print_the_context already registered for DAG: example_python_operator
[2022-11-28T15:43:49.077+0000] {logging_mixin.py:137} INFO - [2022-11-28T15:43:49.077+0000] {taskmixin.py:205} WARNING - Dependency <Task(_PythonDecoratedOperator): print_the_context>, log_sql_query already registered for DAG: example_python_operator
[2022-11-28T15:43:49.078+0000] {logging_mixin.py:137} INFO - [2022-11-28T15:43:49.078+0000] {taskmixin.py:205} WARNING - Dependency <Task(_PythonDecoratedOperator): log_sql_query>, print_the_context already registered for DAG: example_python_operator
[2022-11-28T15:43:49.084+0000] {processor.py:766} INFO - DAG(s) dict_keys(['example_python_operator']) retrieved from /home/airflow/.local/lib/python3.7/site-packages/airflow/example_dags/example_python_operator.py
[2022-11-28T15:43:49.112+0000] {logging_mixin.py:137} INFO - [2022-11-28T15:43:49.112+0000] {dag.py:2585} INFO - Sync 1 DAGs
[2022-11-28T15:43:49.127+0000] {logging_mixin.py:137} INFO - [2022-11-28T15:43:49.127+0000] {dag.py:3340} INFO - Setting next_dagrun for example_python_operator to None, run_after=None
[2022-11-28T15:43:49.140+0000] {processor.py:176} INFO - Processing /home/airflow/.local/lib/python3.7/site-packages/airflow/example_dags/example_python_operator.py took 0.087 seconds
[2022-11-28T15:44:19.633+0000] {processor.py:154} INFO - Started process (PID=714) to work on /home/airflow/.local/lib/python3.7/site-packages/airflow/example_dags/example_python_operator.py
[2022-11-28T15:44:19.636+0000] {processor.py:756} INFO - Processing file /home/airflow/.local/lib/python3.7/site-packages/airflow/example_dags/example_python_operator.py for tasks to queue
[2022-11-28T15:44:19.638+0000] {logging_mixin.py:137} INFO - [2022-11-28T15:44:19.638+0000] {dagbag.py:537} INFO - Filling up the DagBag from /home/airflow/.local/lib/python3.7/site-packages/airflow/example_dags/example_python_operator.py
[2022-11-28T15:44:19.652+0000] {logging_mixin.py:137} INFO - [2022-11-28T15:44:19.652+0000] {taskmixin.py:205} WARNING - Dependency <Task(_PythonDecoratedOperator): print_the_context>, log_sql_query already registered for DAG: example_python_operator
[2022-11-28T15:44:19.653+0000] {logging_mixin.py:137} INFO - [2022-11-28T15:44:19.653+0000] {taskmixin.py:205} WARNING - Dependency <Task(_PythonDecoratedOperator): log_sql_query>, print_the_context already registered for DAG: example_python_operator
[2022-11-28T15:44:19.655+0000] {logging_mixin.py:137} INFO - [2022-11-28T15:44:19.655+0000] {taskmixin.py:205} WARNING - Dependency <Task(_PythonDecoratedOperator): print_the_context>, log_sql_query already registered for DAG: example_python_operator
[2022-11-28T15:44:19.655+0000] {logging_mixin.py:137} INFO - [2022-11-28T15:44:19.655+0000] {taskmixin.py:205} WARNING - Dependency <Task(_PythonDecoratedOperator): log_sql_query>, print_the_context already registered for DAG: example_python_operator
[2022-11-28T15:44:19.657+0000] {logging_mixin.py:137} INFO - [2022-11-28T15:44:19.656+0000] {taskmixin.py:205} WARNING - Dependency <Task(_PythonDecoratedOperator): print_the_context>, log_sql_query already registered for DAG: example_python_operator
[2022-11-28T15:44:19.657+0000] {logging_mixin.py:137} INFO - [2022-11-28T15:44:19.657+0000] {taskmixin.py:205} WARNING - Dependency <Task(_PythonDecoratedOperator): log_sql_query>, print_the_context already registered for DAG: example_python_operator
[2022-11-28T15:44:19.659+0000] {logging_mixin.py:137} INFO - [2022-11-28T15:44:19.658+0000] {taskmixin.py:205} WARNING - Dependency <Task(_PythonDecoratedOperator): print_the_context>, log_sql_query already registered for DAG: example_python_operator
[2022-11-28T15:44:19.659+0000] {logging_mixin.py:137} INFO - [2022-11-28T15:44:19.659+0000] {taskmixin.py:205} WARNING - Dependency <Task(_PythonDecoratedOperator): log_sql_query>, print_the_context already registered for DAG: example_python_operator
[2022-11-28T15:44:19.666+0000] {processor.py:766} INFO - DAG(s) dict_keys(['example_python_operator']) retrieved from /home/airflow/.local/lib/python3.7/site-packages/airflow/example_dags/example_python_operator.py
[2022-11-28T15:44:19.698+0000] {logging_mixin.py:137} INFO - [2022-11-28T15:44:19.698+0000] {dag.py:2585} INFO - Sync 1 DAGs
[2022-11-28T15:44:19.718+0000] {logging_mixin.py:137} INFO - [2022-11-28T15:44:19.717+0000] {dag.py:3340} INFO - Setting next_dagrun for example_python_operator to None, run_after=None
[2022-11-28T15:44:19.735+0000] {processor.py:176} INFO - Processing /home/airflow/.local/lib/python3.7/site-packages/airflow/example_dags/example_python_operator.py took 0.107 seconds
[2022-11-28T15:44:50.550+0000] {processor.py:154} INFO - Started process (PID=777) to work on /home/airflow/.local/lib/python3.7/site-packages/airflow/example_dags/example_python_operator.py
[2022-11-28T15:44:50.552+0000] {processor.py:756} INFO - Processing file /home/airflow/.local/lib/python3.7/site-packages/airflow/example_dags/example_python_operator.py for tasks to queue
[2022-11-28T15:44:50.554+0000] {logging_mixin.py:137} INFO - [2022-11-28T15:44:50.554+0000] {dagbag.py:537} INFO - Filling up the DagBag from /home/airflow/.local/lib/python3.7/site-packages/airflow/example_dags/example_python_operator.py
[2022-11-28T15:44:50.567+0000] {logging_mixin.py:137} INFO - [2022-11-28T15:44:50.567+0000] {taskmixin.py:205} WARNING - Dependency <Task(_PythonDecoratedOperator): print_the_context>, log_sql_query already registered for DAG: example_python_operator
[2022-11-28T15:44:50.569+0000] {logging_mixin.py:137} INFO - [2022-11-28T15:44:50.569+0000] {taskmixin.py:205} WARNING - Dependency <Task(_PythonDecoratedOperator): log_sql_query>, print_the_context already registered for DAG: example_python_operator
[2022-11-28T15:44:50.570+0000] {logging_mixin.py:137} INFO - [2022-11-28T15:44:50.570+0000] {taskmixin.py:205} WARNING - Dependency <Task(_PythonDecoratedOperator): print_the_context>, log_sql_query already registered for DAG: example_python_operator
[2022-11-28T15:44:50.571+0000] {logging_mixin.py:137} INFO - [2022-11-28T15:44:50.571+0000] {taskmixin.py:205} WARNING - Dependency <Task(_PythonDecoratedOperator): log_sql_query>, print_the_context already registered for DAG: example_python_operator
[2022-11-28T15:44:50.573+0000] {logging_mixin.py:137} INFO - [2022-11-28T15:44:50.573+0000] {taskmixin.py:205} WARNING - Dependency <Task(_PythonDecoratedOperator): print_the_context>, log_sql_query already registered for DAG: example_python_operator
[2022-11-28T15:44:50.574+0000] {logging_mixin.py:137} INFO - [2022-11-28T15:44:50.574+0000] {taskmixin.py:205} WARNING - Dependency <Task(_PythonDecoratedOperator): log_sql_query>, print_the_context already registered for DAG: example_python_operator
[2022-11-28T15:44:50.575+0000] {logging_mixin.py:137} INFO - [2022-11-28T15:44:50.575+0000] {taskmixin.py:205} WARNING - Dependency <Task(_PythonDecoratedOperator): print_the_context>, log_sql_query already registered for DAG: example_python_operator
[2022-11-28T15:44:50.576+0000] {logging_mixin.py:137} INFO - [2022-11-28T15:44:50.576+0000] {taskmixin.py:205} WARNING - Dependency <Task(_PythonDecoratedOperator): log_sql_query>, print_the_context already registered for DAG: example_python_operator
[2022-11-28T15:44:50.582+0000] {processor.py:766} INFO - DAG(s) dict_keys(['example_python_operator']) retrieved from /home/airflow/.local/lib/python3.7/site-packages/airflow/example_dags/example_python_operator.py
[2022-11-28T15:44:50.618+0000] {logging_mixin.py:137} INFO - [2022-11-28T15:44:50.618+0000] {dag.py:2585} INFO - Sync 1 DAGs
[2022-11-28T15:44:50.635+0000] {logging_mixin.py:137} INFO - [2022-11-28T15:44:50.635+0000] {dag.py:3340} INFO - Setting next_dagrun for example_python_operator to None, run_after=None
[2022-11-28T15:44:50.650+0000] {processor.py:176} INFO - Processing /home/airflow/.local/lib/python3.7/site-packages/airflow/example_dags/example_python_operator.py took 0.103 seconds
[2022-11-28T15:45:21.055+0000] {processor.py:154} INFO - Started process (PID=838) to work on /home/airflow/.local/lib/python3.7/site-packages/airflow/example_dags/example_python_operator.py
[2022-11-28T15:45:21.057+0000] {processor.py:756} INFO - Processing file /home/airflow/.local/lib/python3.7/site-packages/airflow/example_dags/example_python_operator.py for tasks to queue
[2022-11-28T15:45:21.059+0000] {logging_mixin.py:137} INFO - [2022-11-28T15:45:21.059+0000] {dagbag.py:537} INFO - Filling up the DagBag from /home/airflow/.local/lib/python3.7/site-packages/airflow/example_dags/example_python_operator.py
[2022-11-28T15:45:21.071+0000] {logging_mixin.py:137} INFO - [2022-11-28T15:45:21.071+0000] {taskmixin.py:205} WARNING - Dependency <Task(_PythonDecoratedOperator): print_the_context>, log_sql_query already registered for DAG: example_python_operator
[2022-11-28T15:45:21.073+0000] {logging_mixin.py:137} INFO - [2022-11-28T15:45:21.073+0000] {taskmixin.py:205} WARNING - Dependency <Task(_PythonDecoratedOperator): log_sql_query>, print_the_context already registered for DAG: example_python_operator
[2022-11-28T15:45:21.074+0000] {logging_mixin.py:137} INFO - [2022-11-28T15:45:21.074+0000] {taskmixin.py:205} WARNING - Dependency <Task(_PythonDecoratedOperator): print_the_context>, log_sql_query already registered for DAG: example_python_operator
[2022-11-28T15:45:21.076+0000] {logging_mixin.py:137} INFO - [2022-11-28T15:45:21.075+0000] {taskmixin.py:205} WARNING - Dependency <Task(_PythonDecoratedOperator): log_sql_query>, print_the_context already registered for DAG: example_python_operator
[2022-11-28T15:45:21.077+0000] {logging_mixin.py:137} INFO - [2022-11-28T15:45:21.077+0000] {taskmixin.py:205} WARNING - Dependency <Task(_PythonDecoratedOperator): print_the_context>, log_sql_query already registered for DAG: example_python_operator
[2022-11-28T15:45:21.078+0000] {logging_mixin.py:137} INFO - [2022-11-28T15:45:21.078+0000] {taskmixin.py:205} WARNING - Dependency <Task(_PythonDecoratedOperator): log_sql_query>, print_the_context already registered for DAG: example_python_operator
[2022-11-28T15:45:21.080+0000] {logging_mixin.py:137} INFO - [2022-11-28T15:45:21.080+0000] {taskmixin.py:205} WARNING - Dependency <Task(_PythonDecoratedOperator): print_the_context>, log_sql_query already registered for DAG: example_python_operator
[2022-11-28T15:45:21.081+0000] {logging_mixin.py:137} INFO - [2022-11-28T15:45:21.081+0000] {taskmixin.py:205} WARNING - Dependency <Task(_PythonDecoratedOperator): log_sql_query>, print_the_context already registered for DAG: example_python_operator
[2022-11-28T15:45:21.088+0000] {processor.py:766} INFO - DAG(s) dict_keys(['example_python_operator']) retrieved from /home/airflow/.local/lib/python3.7/site-packages/airflow/example_dags/example_python_operator.py
[2022-11-28T15:45:21.132+0000] {logging_mixin.py:137} INFO - [2022-11-28T15:45:21.131+0000] {dag.py:2585} INFO - Sync 1 DAGs
[2022-11-28T15:45:21.174+0000] {logging_mixin.py:137} INFO - [2022-11-28T15:45:21.174+0000] {dag.py:3340} INFO - Setting next_dagrun for example_python_operator to None, run_after=None
[2022-11-28T15:45:21.194+0000] {processor.py:176} INFO - Processing /home/airflow/.local/lib/python3.7/site-packages/airflow/example_dags/example_python_operator.py took 0.142 seconds
[2022-11-28T15:45:51.358+0000] {processor.py:154} INFO - Started process (PID=896) to work on /home/airflow/.local/lib/python3.7/site-packages/airflow/example_dags/example_python_operator.py
[2022-11-28T15:45:51.360+0000] {processor.py:756} INFO - Processing file /home/airflow/.local/lib/python3.7/site-packages/airflow/example_dags/example_python_operator.py for tasks to queue
[2022-11-28T15:45:51.361+0000] {logging_mixin.py:137} INFO - [2022-11-28T15:45:51.361+0000] {dagbag.py:537} INFO - Filling up the DagBag from /home/airflow/.local/lib/python3.7/site-packages/airflow/example_dags/example_python_operator.py
[2022-11-28T15:45:51.372+0000] {logging_mixin.py:137} INFO - [2022-11-28T15:45:51.372+0000] {taskmixin.py:205} WARNING - Dependency <Task(_PythonDecoratedOperator): print_the_context>, log_sql_query already registered for DAG: example_python_operator
[2022-11-28T15:45:51.374+0000] {logging_mixin.py:137} INFO - [2022-11-28T15:45:51.374+0000] {taskmixin.py:205} WARNING - Dependency <Task(_PythonDecoratedOperator): log_sql_query>, print_the_context already registered for DAG: example_python_operator
[2022-11-28T15:45:51.380+0000] {logging_mixin.py:137} INFO - [2022-11-28T15:45:51.380+0000] {taskmixin.py:205} WARNING - Dependency <Task(_PythonDecoratedOperator): print_the_context>, log_sql_query already registered for DAG: example_python_operator
[2022-11-28T15:45:51.381+0000] {logging_mixin.py:137} INFO - [2022-11-28T15:45:51.381+0000] {taskmixin.py:205} WARNING - Dependency <Task(_PythonDecoratedOperator): log_sql_query>, print_the_context already registered for DAG: example_python_operator
[2022-11-28T15:45:51.382+0000] {logging_mixin.py:137} INFO - [2022-11-28T15:45:51.382+0000] {taskmixin.py:205} WARNING - Dependency <Task(_PythonDecoratedOperator): print_the_context>, log_sql_query already registered for DAG: example_python_operator
[2022-11-28T15:45:51.383+0000] {logging_mixin.py:137} INFO - [2022-11-28T15:45:51.383+0000] {taskmixin.py:205} WARNING - Dependency <Task(_PythonDecoratedOperator): log_sql_query>, print_the_context already registered for DAG: example_python_operator
[2022-11-28T15:45:51.384+0000] {logging_mixin.py:137} INFO - [2022-11-28T15:45:51.384+0000] {taskmixin.py:205} WARNING - Dependency <Task(_PythonDecoratedOperator): print_the_context>, log_sql_query already registered for DAG: example_python_operator
[2022-11-28T15:45:51.386+0000] {logging_mixin.py:137} INFO - [2022-11-28T15:45:51.386+0000] {taskmixin.py:205} WARNING - Dependency <Task(_PythonDecoratedOperator): log_sql_query>, print_the_context already registered for DAG: example_python_operator
[2022-11-28T15:45:51.391+0000] {processor.py:766} INFO - DAG(s) dict_keys(['example_python_operator']) retrieved from /home/airflow/.local/lib/python3.7/site-packages/airflow/example_dags/example_python_operator.py
[2022-11-28T15:45:51.420+0000] {logging_mixin.py:137} INFO - [2022-11-28T15:45:51.420+0000] {dag.py:2585} INFO - Sync 1 DAGs
[2022-11-28T15:45:51.435+0000] {logging_mixin.py:137} INFO - [2022-11-28T15:45:51.435+0000] {dag.py:3340} INFO - Setting next_dagrun for example_python_operator to None, run_after=None
[2022-11-28T15:45:51.451+0000] {processor.py:176} INFO - Processing /home/airflow/.local/lib/python3.7/site-packages/airflow/example_dags/example_python_operator.py took 0.096 seconds
[2022-11-28T15:46:22.042+0000] {processor.py:154} INFO - Started process (PID=960) to work on /home/airflow/.local/lib/python3.7/site-packages/airflow/example_dags/example_python_operator.py
[2022-11-28T15:46:22.044+0000] {processor.py:756} INFO - Processing file /home/airflow/.local/lib/python3.7/site-packages/airflow/example_dags/example_python_operator.py for tasks to queue
[2022-11-28T15:46:22.045+0000] {logging_mixin.py:137} INFO - [2022-11-28T15:46:22.045+0000] {dagbag.py:537} INFO - Filling up the DagBag from /home/airflow/.local/lib/python3.7/site-packages/airflow/example_dags/example_python_operator.py
[2022-11-28T15:46:22.055+0000] {logging_mixin.py:137} INFO - [2022-11-28T15:46:22.054+0000] {taskmixin.py:205} WARNING - Dependency <Task(_PythonDecoratedOperator): print_the_context>, log_sql_query already registered for DAG: example_python_operator
[2022-11-28T15:46:22.055+0000] {logging_mixin.py:137} INFO - [2022-11-28T15:46:22.055+0000] {taskmixin.py:205} WARNING - Dependency <Task(_PythonDecoratedOperator): log_sql_query>, print_the_context already registered for DAG: example_python_operator
[2022-11-28T15:46:22.057+0000] {logging_mixin.py:137} INFO - [2022-11-28T15:46:22.057+0000] {taskmixin.py:205} WARNING - Dependency <Task(_PythonDecoratedOperator): print_the_context>, log_sql_query already registered for DAG: example_python_operator
[2022-11-28T15:46:22.058+0000] {logging_mixin.py:137} INFO - [2022-11-28T15:46:22.058+0000] {taskmixin.py:205} WARNING - Dependency <Task(_PythonDecoratedOperator): log_sql_query>, print_the_context already registered for DAG: example_python_operator
[2022-11-28T15:46:22.059+0000] {logging_mixin.py:137} INFO - [2022-11-28T15:46:22.059+0000] {taskmixin.py:205} WARNING - Dependency <Task(_PythonDecoratedOperator): print_the_context>, log_sql_query already registered for DAG: example_python_operator
[2022-11-28T15:46:22.060+0000] {logging_mixin.py:137} INFO - [2022-11-28T15:46:22.060+0000] {taskmixin.py:205} WARNING - Dependency <Task(_PythonDecoratedOperator): log_sql_query>, print_the_context already registered for DAG: example_python_operator
[2022-11-28T15:46:22.062+0000] {logging_mixin.py:137} INFO - [2022-11-28T15:46:22.062+0000] {taskmixin.py:205} WARNING - Dependency <Task(_PythonDecoratedOperator): print_the_context>, log_sql_query already registered for DAG: example_python_operator
[2022-11-28T15:46:22.063+0000] {logging_mixin.py:137} INFO - [2022-11-28T15:46:22.063+0000] {taskmixin.py:205} WARNING - Dependency <Task(_PythonDecoratedOperator): log_sql_query>, print_the_context already registered for DAG: example_python_operator
[2022-11-28T15:46:22.068+0000] {processor.py:766} INFO - DAG(s) dict_keys(['example_python_operator']) retrieved from /home/airflow/.local/lib/python3.7/site-packages/airflow/example_dags/example_python_operator.py
[2022-11-28T15:46:22.095+0000] {logging_mixin.py:137} INFO - [2022-11-28T15:46:22.095+0000] {dag.py:2585} INFO - Sync 1 DAGs
[2022-11-28T15:46:22.110+0000] {logging_mixin.py:137} INFO - [2022-11-28T15:46:22.110+0000] {dag.py:3340} INFO - Setting next_dagrun for example_python_operator to None, run_after=None
[2022-11-28T15:46:22.123+0000] {processor.py:176} INFO - Processing /home/airflow/.local/lib/python3.7/site-packages/airflow/example_dags/example_python_operator.py took 0.084 seconds
[2022-11-28T15:46:52.850+0000] {processor.py:154} INFO - Started process (PID=1023) to work on /home/airflow/.local/lib/python3.7/site-packages/airflow/example_dags/example_python_operator.py
[2022-11-28T15:46:52.852+0000] {processor.py:756} INFO - Processing file /home/airflow/.local/lib/python3.7/site-packages/airflow/example_dags/example_python_operator.py for tasks to queue
[2022-11-28T15:46:52.854+0000] {logging_mixin.py:137} INFO - [2022-11-28T15:46:52.854+0000] {dagbag.py:537} INFO - Filling up the DagBag from /home/airflow/.local/lib/python3.7/site-packages/airflow/example_dags/example_python_operator.py
[2022-11-28T15:46:52.865+0000] {logging_mixin.py:137} INFO - [2022-11-28T15:46:52.865+0000] {taskmixin.py:205} WARNING - Dependency <Task(_PythonDecoratedOperator): print_the_context>, log_sql_query already registered for DAG: example_python_operator
[2022-11-28T15:46:52.866+0000] {logging_mixin.py:137} INFO - [2022-11-28T15:46:52.866+0000] {taskmixin.py:205} WARNING - Dependency <Task(_PythonDecoratedOperator): log_sql_query>, print_the_context already registered for DAG: example_python_operator
[2022-11-28T15:46:52.867+0000] {logging_mixin.py:137} INFO - [2022-11-28T15:46:52.867+0000] {taskmixin.py:205} WARNING - Dependency <Task(_PythonDecoratedOperator): print_the_context>, log_sql_query already registered for DAG: example_python_operator
[2022-11-28T15:46:52.868+0000] {logging_mixin.py:137} INFO - [2022-11-28T15:46:52.868+0000] {taskmixin.py:205} WARNING - Dependency <Task(_PythonDecoratedOperator): log_sql_query>, print_the_context already registered for DAG: example_python_operator
[2022-11-28T15:46:52.870+0000] {logging_mixin.py:137} INFO - [2022-11-28T15:46:52.870+0000] {taskmixin.py:205} WARNING - Dependency <Task(_PythonDecoratedOperator): print_the_context>, log_sql_query already registered for DAG: example_python_operator
[2022-11-28T15:46:52.871+0000] {logging_mixin.py:137} INFO - [2022-11-28T15:46:52.870+0000] {taskmixin.py:205} WARNING - Dependency <Task(_PythonDecoratedOperator): log_sql_query>, print_the_context already registered for DAG: example_python_operator
[2022-11-28T15:46:52.872+0000] {logging_mixin.py:137} INFO - [2022-11-28T15:46:52.872+0000] {taskmixin.py:205} WARNING - Dependency <Task(_PythonDecoratedOperator): print_the_context>, log_sql_query already registered for DAG: example_python_operator
[2022-11-28T15:46:52.874+0000] {logging_mixin.py:137} INFO - [2022-11-28T15:46:52.874+0000] {taskmixin.py:205} WARNING - Dependency <Task(_PythonDecoratedOperator): log_sql_query>, print_the_context already registered for DAG: example_python_operator
[2022-11-28T15:46:52.879+0000] {processor.py:766} INFO - DAG(s) dict_keys(['example_python_operator']) retrieved from /home/airflow/.local/lib/python3.7/site-packages/airflow/example_dags/example_python_operator.py
[2022-11-28T15:46:52.909+0000] {logging_mixin.py:137} INFO - [2022-11-28T15:46:52.909+0000] {dag.py:2585} INFO - Sync 1 DAGs
[2022-11-28T15:46:52.925+0000] {logging_mixin.py:137} INFO - [2022-11-28T15:46:52.925+0000] {dag.py:3340} INFO - Setting next_dagrun for example_python_operator to None, run_after=None
[2022-11-28T15:46:52.939+0000] {processor.py:176} INFO - Processing /home/airflow/.local/lib/python3.7/site-packages/airflow/example_dags/example_python_operator.py took 0.092 seconds
[2022-11-28T15:47:23.672+0000] {processor.py:154} INFO - Started process (PID=1087) to work on /home/airflow/.local/lib/python3.7/site-packages/airflow/example_dags/example_python_operator.py
[2022-11-28T15:47:23.674+0000] {processor.py:756} INFO - Processing file /home/airflow/.local/lib/python3.7/site-packages/airflow/example_dags/example_python_operator.py for tasks to queue
[2022-11-28T15:47:23.676+0000] {logging_mixin.py:137} INFO - [2022-11-28T15:47:23.675+0000] {dagbag.py:537} INFO - Filling up the DagBag from /home/airflow/.local/lib/python3.7/site-packages/airflow/example_dags/example_python_operator.py
[2022-11-28T15:47:23.687+0000] {logging_mixin.py:137} INFO - [2022-11-28T15:47:23.687+0000] {taskmixin.py:205} WARNING - Dependency <Task(_PythonDecoratedOperator): print_the_context>, log_sql_query already registered for DAG: example_python_operator
[2022-11-28T15:47:23.688+0000] {logging_mixin.py:137} INFO - [2022-11-28T15:47:23.688+0000] {taskmixin.py:205} WARNING - Dependency <Task(_PythonDecoratedOperator): log_sql_query>, print_the_context already registered for DAG: example_python_operator
[2022-11-28T15:47:23.690+0000] {logging_mixin.py:137} INFO - [2022-11-28T15:47:23.690+0000] {taskmixin.py:205} WARNING - Dependency <Task(_PythonDecoratedOperator): print_the_context>, log_sql_query already registered for DAG: example_python_operator
[2022-11-28T15:47:23.691+0000] {logging_mixin.py:137} INFO - [2022-11-28T15:47:23.691+0000] {taskmixin.py:205} WARNING - Dependency <Task(_PythonDecoratedOperator): log_sql_query>, print_the_context already registered for DAG: example_python_operator
[2022-11-28T15:47:23.692+0000] {logging_mixin.py:137} INFO - [2022-11-28T15:47:23.692+0000] {taskmixin.py:205} WARNING - Dependency <Task(_PythonDecoratedOperator): print_the_context>, log_sql_query already registered for DAG: example_python_operator
[2022-11-28T15:47:23.694+0000] {logging_mixin.py:137} INFO - [2022-11-28T15:47:23.694+0000] {taskmixin.py:205} WARNING - Dependency <Task(_PythonDecoratedOperator): log_sql_query>, print_the_context already registered for DAG: example_python_operator
[2022-11-28T15:47:23.695+0000] {logging_mixin.py:137} INFO - [2022-11-28T15:47:23.695+0000] {taskmixin.py:205} WARNING - Dependency <Task(_PythonDecoratedOperator): print_the_context>, log_sql_query already registered for DAG: example_python_operator
[2022-11-28T15:47:23.696+0000] {logging_mixin.py:137} INFO - [2022-11-28T15:47:23.696+0000] {taskmixin.py:205} WARNING - Dependency <Task(_PythonDecoratedOperator): log_sql_query>, print_the_context already registered for DAG: example_python_operator
[2022-11-28T15:47:23.702+0000] {processor.py:766} INFO - DAG(s) dict_keys(['example_python_operator']) retrieved from /home/airflow/.local/lib/python3.7/site-packages/airflow/example_dags/example_python_operator.py
[2022-11-28T15:47:23.732+0000] {logging_mixin.py:137} INFO - [2022-11-28T15:47:23.732+0000] {dag.py:2585} INFO - Sync 1 DAGs
[2022-11-28T15:47:23.749+0000] {logging_mixin.py:137} INFO - [2022-11-28T15:47:23.749+0000] {dag.py:3340} INFO - Setting next_dagrun for example_python_operator to None, run_after=None
[2022-11-28T15:47:23.762+0000] {processor.py:176} INFO - Processing /home/airflow/.local/lib/python3.7/site-packages/airflow/example_dags/example_python_operator.py took 0.092 seconds
[2022-11-28T15:47:54.152+0000] {processor.py:154} INFO - Started process (PID=1152) to work on /home/airflow/.local/lib/python3.7/site-packages/airflow/example_dags/example_python_operator.py
[2022-11-28T15:47:54.153+0000] {processor.py:756} INFO - Processing file /home/airflow/.local/lib/python3.7/site-packages/airflow/example_dags/example_python_operator.py for tasks to queue
[2022-11-28T15:47:54.155+0000] {logging_mixin.py:137} INFO - [2022-11-28T15:47:54.155+0000] {dagbag.py:537} INFO - Filling up the DagBag from /home/airflow/.local/lib/python3.7/site-packages/airflow/example_dags/example_python_operator.py
[2022-11-28T15:47:54.165+0000] {logging_mixin.py:137} INFO - [2022-11-28T15:47:54.165+0000] {taskmixin.py:205} WARNING - Dependency <Task(_PythonDecoratedOperator): print_the_context>, log_sql_query already registered for DAG: example_python_operator
[2022-11-28T15:47:54.167+0000] {logging_mixin.py:137} INFO - [2022-11-28T15:47:54.167+0000] {taskmixin.py:205} WARNING - Dependency <Task(_PythonDecoratedOperator): log_sql_query>, print_the_context already registered for DAG: example_python_operator
[2022-11-28T15:47:54.169+0000] {logging_mixin.py:137} INFO - [2022-11-28T15:47:54.169+0000] {taskmixin.py:205} WARNING - Dependency <Task(_PythonDecoratedOperator): print_the_context>, log_sql_query already registered for DAG: example_python_operator
[2022-11-28T15:47:54.170+0000] {logging_mixin.py:137} INFO - [2022-11-28T15:47:54.170+0000] {taskmixin.py:205} WARNING - Dependency <Task(_PythonDecoratedOperator): log_sql_query>, print_the_context already registered for DAG: example_python_operator
[2022-11-28T15:47:54.172+0000] {logging_mixin.py:137} INFO - [2022-11-28T15:47:54.172+0000] {taskmixin.py:205} WARNING - Dependency <Task(_PythonDecoratedOperator): print_the_context>, log_sql_query already registered for DAG: example_python_operator
[2022-11-28T15:47:54.174+0000] {logging_mixin.py:137} INFO - [2022-11-28T15:47:54.174+0000] {taskmixin.py:205} WARNING - Dependency <Task(_PythonDecoratedOperator): log_sql_query>, print_the_context already registered for DAG: example_python_operator
[2022-11-28T15:47:54.175+0000] {logging_mixin.py:137} INFO - [2022-11-28T15:47:54.175+0000] {taskmixin.py:205} WARNING - Dependency <Task(_PythonDecoratedOperator): print_the_context>, log_sql_query already registered for DAG: example_python_operator
[2022-11-28T15:47:54.176+0000] {logging_mixin.py:137} INFO - [2022-11-28T15:47:54.176+0000] {taskmixin.py:205} WARNING - Dependency <Task(_PythonDecoratedOperator): log_sql_query>, print_the_context already registered for DAG: example_python_operator
[2022-11-28T15:47:54.181+0000] {processor.py:766} INFO - DAG(s) dict_keys(['example_python_operator']) retrieved from /home/airflow/.local/lib/python3.7/site-packages/airflow/example_dags/example_python_operator.py
[2022-11-28T15:47:54.210+0000] {logging_mixin.py:137} INFO - [2022-11-28T15:47:54.209+0000] {dag.py:2585} INFO - Sync 1 DAGs
[2022-11-28T15:47:54.229+0000] {logging_mixin.py:137} INFO - [2022-11-28T15:47:54.229+0000] {dag.py:3340} INFO - Setting next_dagrun for example_python_operator to None, run_after=None
[2022-11-28T15:47:54.241+0000] {processor.py:176} INFO - Processing /home/airflow/.local/lib/python3.7/site-packages/airflow/example_dags/example_python_operator.py took 0.092 seconds
[2022-11-28T15:48:25.001+0000] {processor.py:154} INFO - Started process (PID=1207) to work on /home/airflow/.local/lib/python3.7/site-packages/airflow/example_dags/example_python_operator.py
[2022-11-28T15:48:25.002+0000] {processor.py:756} INFO - Processing file /home/airflow/.local/lib/python3.7/site-packages/airflow/example_dags/example_python_operator.py for tasks to queue
[2022-11-28T15:48:25.005+0000] {logging_mixin.py:137} INFO - [2022-11-28T15:48:25.005+0000] {dagbag.py:537} INFO - Filling up the DagBag from /home/airflow/.local/lib/python3.7/site-packages/airflow/example_dags/example_python_operator.py
[2022-11-28T15:48:25.018+0000] {logging_mixin.py:137} INFO - [2022-11-28T15:48:25.018+0000] {taskmixin.py:205} WARNING - Dependency <Task(_PythonDecoratedOperator): print_the_context>, log_sql_query already registered for DAG: example_python_operator
[2022-11-28T15:48:25.019+0000] {logging_mixin.py:137} INFO - [2022-11-28T15:48:25.019+0000] {taskmixin.py:205} WARNING - Dependency <Task(_PythonDecoratedOperator): log_sql_query>, print_the_context already registered for DAG: example_python_operator
[2022-11-28T15:48:25.021+0000] {logging_mixin.py:137} INFO - [2022-11-28T15:48:25.021+0000] {taskmixin.py:205} WARNING - Dependency <Task(_PythonDecoratedOperator): print_the_context>, log_sql_query already registered for DAG: example_python_operator
[2022-11-28T15:48:25.022+0000] {logging_mixin.py:137} INFO - [2022-11-28T15:48:25.022+0000] {taskmixin.py:205} WARNING - Dependency <Task(_PythonDecoratedOperator): log_sql_query>, print_the_context already registered for DAG: example_python_operator
[2022-11-28T15:48:25.023+0000] {logging_mixin.py:137} INFO - [2022-11-28T15:48:25.023+0000] {taskmixin.py:205} WARNING - Dependency <Task(_PythonDecoratedOperator): print_the_context>, log_sql_query already registered for DAG: example_python_operator
[2022-11-28T15:48:25.024+0000] {logging_mixin.py:137} INFO - [2022-11-28T15:48:25.024+0000] {taskmixin.py:205} WARNING - Dependency <Task(_PythonDecoratedOperator): log_sql_query>, print_the_context already registered for DAG: example_python_operator
[2022-11-28T15:48:25.025+0000] {logging_mixin.py:137} INFO - [2022-11-28T15:48:25.025+0000] {taskmixin.py:205} WARNING - Dependency <Task(_PythonDecoratedOperator): print_the_context>, log_sql_query already registered for DAG: example_python_operator
[2022-11-28T15:48:25.027+0000] {logging_mixin.py:137} INFO - [2022-11-28T15:48:25.026+0000] {taskmixin.py:205} WARNING - Dependency <Task(_PythonDecoratedOperator): log_sql_query>, print_the_context already registered for DAG: example_python_operator
[2022-11-28T15:48:25.033+0000] {processor.py:766} INFO - DAG(s) dict_keys(['example_python_operator']) retrieved from /home/airflow/.local/lib/python3.7/site-packages/airflow/example_dags/example_python_operator.py
[2022-11-28T15:48:25.062+0000] {logging_mixin.py:137} INFO - [2022-11-28T15:48:25.062+0000] {dag.py:2585} INFO - Sync 1 DAGs
[2022-11-28T15:48:25.079+0000] {logging_mixin.py:137} INFO - [2022-11-28T15:48:25.079+0000] {dag.py:3340} INFO - Setting next_dagrun for example_python_operator to None, run_after=None
[2022-11-28T15:48:25.093+0000] {processor.py:176} INFO - Processing /home/airflow/.local/lib/python3.7/site-packages/airflow/example_dags/example_python_operator.py took 0.095 seconds
[2022-11-28T15:48:55.985+0000] {processor.py:154} INFO - Started process (PID=1270) to work on /home/airflow/.local/lib/python3.7/site-packages/airflow/example_dags/example_python_operator.py
[2022-11-28T15:48:55.987+0000] {processor.py:756} INFO - Processing file /home/airflow/.local/lib/python3.7/site-packages/airflow/example_dags/example_python_operator.py for tasks to queue
[2022-11-28T15:48:55.989+0000] {logging_mixin.py:137} INFO - [2022-11-28T15:48:55.989+0000] {dagbag.py:537} INFO - Filling up the DagBag from /home/airflow/.local/lib/python3.7/site-packages/airflow/example_dags/example_python_operator.py
[2022-11-28T15:48:56.002+0000] {logging_mixin.py:137} INFO - [2022-11-28T15:48:56.002+0000] {taskmixin.py:205} WARNING - Dependency <Task(_PythonDecoratedOperator): print_the_context>, log_sql_query already registered for DAG: example_python_operator
[2022-11-28T15:48:56.003+0000] {logging_mixin.py:137} INFO - [2022-11-28T15:48:56.003+0000] {taskmixin.py:205} WARNING - Dependency <Task(_PythonDecoratedOperator): log_sql_query>, print_the_context already registered for DAG: example_python_operator
[2022-11-28T15:48:56.008+0000] {logging_mixin.py:137} INFO - [2022-11-28T15:48:56.007+0000] {taskmixin.py:205} WARNING - Dependency <Task(_PythonDecoratedOperator): print_the_context>, log_sql_query already registered for DAG: example_python_operator
[2022-11-28T15:48:56.009+0000] {logging_mixin.py:137} INFO - [2022-11-28T15:48:56.008+0000] {taskmixin.py:205} WARNING - Dependency <Task(_PythonDecoratedOperator): log_sql_query>, print_the_context already registered for DAG: example_python_operator
[2022-11-28T15:48:56.010+0000] {logging_mixin.py:137} INFO - [2022-11-28T15:48:56.010+0000] {taskmixin.py:205} WARNING - Dependency <Task(_PythonDecoratedOperator): print_the_context>, log_sql_query already registered for DAG: example_python_operator
[2022-11-28T15:48:56.011+0000] {logging_mixin.py:137} INFO - [2022-11-28T15:48:56.011+0000] {taskmixin.py:205} WARNING - Dependency <Task(_PythonDecoratedOperator): log_sql_query>, print_the_context already registered for DAG: example_python_operator
[2022-11-28T15:48:56.013+0000] {logging_mixin.py:137} INFO - [2022-11-28T15:48:56.012+0000] {taskmixin.py:205} WARNING - Dependency <Task(_PythonDecoratedOperator): print_the_context>, log_sql_query already registered for DAG: example_python_operator
[2022-11-28T15:48:56.014+0000] {logging_mixin.py:137} INFO - [2022-11-28T15:48:56.014+0000] {taskmixin.py:205} WARNING - Dependency <Task(_PythonDecoratedOperator): log_sql_query>, print_the_context already registered for DAG: example_python_operator
[2022-11-28T15:48:56.019+0000] {processor.py:766} INFO - DAG(s) dict_keys(['example_python_operator']) retrieved from /home/airflow/.local/lib/python3.7/site-packages/airflow/example_dags/example_python_operator.py
[2022-11-28T15:48:56.049+0000] {logging_mixin.py:137} INFO - [2022-11-28T15:48:56.049+0000] {dag.py:2585} INFO - Sync 1 DAGs
[2022-11-28T15:48:56.066+0000] {logging_mixin.py:137} INFO - [2022-11-28T15:48:56.066+0000] {dag.py:3340} INFO - Setting next_dagrun for example_python_operator to None, run_after=None
[2022-11-28T15:48:56.080+0000] {processor.py:176} INFO - Processing /home/airflow/.local/lib/python3.7/site-packages/airflow/example_dags/example_python_operator.py took 0.098 seconds
[2022-11-28T15:49:26.663+0000] {processor.py:154} INFO - Started process (PID=1333) to work on /home/airflow/.local/lib/python3.7/site-packages/airflow/example_dags/example_python_operator.py
[2022-11-28T15:49:26.665+0000] {processor.py:756} INFO - Processing file /home/airflow/.local/lib/python3.7/site-packages/airflow/example_dags/example_python_operator.py for tasks to queue
[2022-11-28T15:49:26.666+0000] {logging_mixin.py:137} INFO - [2022-11-28T15:49:26.666+0000] {dagbag.py:537} INFO - Filling up the DagBag from /home/airflow/.local/lib/python3.7/site-packages/airflow/example_dags/example_python_operator.py
[2022-11-28T15:49:26.679+0000] {logging_mixin.py:137} INFO - [2022-11-28T15:49:26.679+0000] {taskmixin.py:205} WARNING - Dependency <Task(_PythonDecoratedOperator): print_the_context>, log_sql_query already registered for DAG: example_python_operator
[2022-11-28T15:49:26.681+0000] {logging_mixin.py:137} INFO - [2022-11-28T15:49:26.680+0000] {taskmixin.py:205} WARNING - Dependency <Task(_PythonDecoratedOperator): log_sql_query>, print_the_context already registered for DAG: example_python_operator
[2022-11-28T15:49:26.682+0000] {logging_mixin.py:137} INFO - [2022-11-28T15:49:26.682+0000] {taskmixin.py:205} WARNING - Dependency <Task(_PythonDecoratedOperator): print_the_context>, log_sql_query already registered for DAG: example_python_operator
[2022-11-28T15:49:26.683+0000] {logging_mixin.py:137} INFO - [2022-11-28T15:49:26.683+0000] {taskmixin.py:205} WARNING - Dependency <Task(_PythonDecoratedOperator): log_sql_query>, print_the_context already registered for DAG: example_python_operator
[2022-11-28T15:49:26.684+0000] {logging_mixin.py:137} INFO - [2022-11-28T15:49:26.684+0000] {taskmixin.py:205} WARNING - Dependency <Task(_PythonDecoratedOperator): print_the_context>, log_sql_query already registered for DAG: example_python_operator
[2022-11-28T15:49:26.686+0000] {logging_mixin.py:137} INFO - [2022-11-28T15:49:26.686+0000] {taskmixin.py:205} WARNING - Dependency <Task(_PythonDecoratedOperator): log_sql_query>, print_the_context already registered for DAG: example_python_operator
[2022-11-28T15:49:26.688+0000] {logging_mixin.py:137} INFO - [2022-11-28T15:49:26.688+0000] {taskmixin.py:205} WARNING - Dependency <Task(_PythonDecoratedOperator): print_the_context>, log_sql_query already registered for DAG: example_python_operator
[2022-11-28T15:49:26.690+0000] {logging_mixin.py:137} INFO - [2022-11-28T15:49:26.690+0000] {taskmixin.py:205} WARNING - Dependency <Task(_PythonDecoratedOperator): log_sql_query>, print_the_context already registered for DAG: example_python_operator
[2022-11-28T15:49:26.697+0000] {processor.py:766} INFO - DAG(s) dict_keys(['example_python_operator']) retrieved from /home/airflow/.local/lib/python3.7/site-packages/airflow/example_dags/example_python_operator.py
[2022-11-28T15:49:26.729+0000] {logging_mixin.py:137} INFO - [2022-11-28T15:49:26.729+0000] {dag.py:2585} INFO - Sync 1 DAGs
[2022-11-28T15:49:26.746+0000] {logging_mixin.py:137} INFO - [2022-11-28T15:49:26.746+0000] {dag.py:3340} INFO - Setting next_dagrun for example_python_operator to None, run_after=None
[2022-11-28T15:49:26.760+0000] {processor.py:176} INFO - Processing /home/airflow/.local/lib/python3.7/site-packages/airflow/example_dags/example_python_operator.py took 0.102 seconds
