[2022-11-28T15:35:19.452+0000] {processor.py:154} INFO - Started process (PID=68) to work on /home/airflow/.local/lib/python3.7/site-packages/airflow/example_dags/example_datasets.py
[2022-11-28T15:35:19.454+0000] {processor.py:756} INFO - Processing file /home/airflow/.local/lib/python3.7/site-packages/airflow/example_dags/example_datasets.py for tasks to queue
[2022-11-28T15:35:19.457+0000] {logging_mixin.py:137} INFO - [2022-11-28T15:35:19.457+0000] {dagbag.py:537} INFO - Filling up the DagBag from /home/airflow/.local/lib/python3.7/site-packages/airflow/example_dags/example_datasets.py
[2022-11-28T15:35:19.505+0000] {processor.py:766} INFO - DAG(s) dict_keys(['dataset_consumes_1_never_scheduled', 'dataset_consumes_1_and_2', 'dataset_consumes_1', 'dataset_consumes_unknown_never_scheduled', 'dataset_produces_1', 'dataset_produces_2']) retrieved from /home/airflow/.local/lib/python3.7/site-packages/airflow/example_dags/example_datasets.py
[2022-11-28T15:35:19.638+0000] {logging_mixin.py:137} INFO - [2022-11-28T15:35:19.638+0000] {dag.py:2585} INFO - Sync 6 DAGs
[2022-11-28T15:35:19.696+0000] {logging_mixin.py:137} INFO - [2022-11-28T15:35:19.696+0000] {dag.py:3340} INFO - Setting next_dagrun for dataset_consumes_1 to None, run_after=None
[2022-11-28T15:35:19.705+0000] {logging_mixin.py:137} INFO - [2022-11-28T15:35:19.705+0000] {dag.py:3340} INFO - Setting next_dagrun for dataset_consumes_1_and_2 to None, run_after=None
[2022-11-28T15:35:19.717+0000] {logging_mixin.py:137} INFO - [2022-11-28T15:35:19.717+0000] {dag.py:3340} INFO - Setting next_dagrun for dataset_consumes_1_never_scheduled to None, run_after=None
[2022-11-28T15:35:19.720+0000] {logging_mixin.py:137} INFO - [2022-11-28T15:35:19.720+0000] {dag.py:3340} INFO - Setting next_dagrun for dataset_consumes_unknown_never_scheduled to None, run_after=None
[2022-11-28T15:35:19.725+0000] {logging_mixin.py:137} INFO - [2022-11-28T15:35:19.725+0000] {dag.py:3340} INFO - Setting next_dagrun for dataset_produces_1 to 2022-11-27T00:00:00+00:00, run_after=2022-11-28T00:00:00+00:00
[2022-11-28T15:35:19.728+0000] {logging_mixin.py:137} INFO - [2022-11-28T15:35:19.728+0000] {dag.py:3340} INFO - Setting next_dagrun for dataset_produces_2 to None, run_after=None
[2022-11-28T15:35:19.753+0000] {processor.py:176} INFO - Processing /home/airflow/.local/lib/python3.7/site-packages/airflow/example_dags/example_datasets.py took 0.305 seconds
[2022-11-28T15:35:49.949+0000] {processor.py:154} INFO - Started process (PID=122) to work on /home/airflow/.local/lib/python3.7/site-packages/airflow/example_dags/example_datasets.py
[2022-11-28T15:35:49.951+0000] {processor.py:756} INFO - Processing file /home/airflow/.local/lib/python3.7/site-packages/airflow/example_dags/example_datasets.py for tasks to queue
[2022-11-28T15:35:49.953+0000] {logging_mixin.py:137} INFO - [2022-11-28T15:35:49.952+0000] {dagbag.py:537} INFO - Filling up the DagBag from /home/airflow/.local/lib/python3.7/site-packages/airflow/example_dags/example_datasets.py
[2022-11-28T15:35:49.967+0000] {processor.py:766} INFO - DAG(s) dict_keys(['dataset_produces_2', 'dataset_consumes_1_never_scheduled', 'dataset_consumes_1_and_2', 'dataset_consumes_unknown_never_scheduled', 'dataset_consumes_1', 'dataset_produces_1']) retrieved from /home/airflow/.local/lib/python3.7/site-packages/airflow/example_dags/example_datasets.py
[2022-11-28T15:35:50.036+0000] {logging_mixin.py:137} INFO - [2022-11-28T15:35:50.036+0000] {dag.py:2585} INFO - Sync 6 DAGs
[2022-11-28T15:35:50.053+0000] {logging_mixin.py:137} INFO - [2022-11-28T15:35:50.053+0000] {dag.py:3340} INFO - Setting next_dagrun for dataset_consumes_1 to None, run_after=None
[2022-11-28T15:35:50.057+0000] {logging_mixin.py:137} INFO - [2022-11-28T15:35:50.057+0000] {dag.py:3340} INFO - Setting next_dagrun for dataset_consumes_1_and_2 to None, run_after=None
[2022-11-28T15:35:50.059+0000] {logging_mixin.py:137} INFO - [2022-11-28T15:35:50.059+0000] {dag.py:3340} INFO - Setting next_dagrun for dataset_consumes_1_never_scheduled to None, run_after=None
[2022-11-28T15:35:50.062+0000] {logging_mixin.py:137} INFO - [2022-11-28T15:35:50.062+0000] {dag.py:3340} INFO - Setting next_dagrun for dataset_consumes_unknown_never_scheduled to None, run_after=None
[2022-11-28T15:35:50.071+0000] {logging_mixin.py:137} INFO - [2022-11-28T15:35:50.071+0000] {dag.py:3340} INFO - Setting next_dagrun for dataset_produces_1 to 2022-11-27T00:00:00+00:00, run_after=2022-11-28T00:00:00+00:00
[2022-11-28T15:35:50.073+0000] {logging_mixin.py:137} INFO - [2022-11-28T15:35:50.073+0000] {dag.py:3340} INFO - Setting next_dagrun for dataset_produces_2 to None, run_after=None
[2022-11-28T15:35:50.096+0000] {processor.py:176} INFO - Processing /home/airflow/.local/lib/python3.7/site-packages/airflow/example_dags/example_datasets.py took 0.150 seconds
[2022-11-28T15:36:20.231+0000] {processor.py:154} INFO - Started process (PID=186) to work on /home/airflow/.local/lib/python3.7/site-packages/airflow/example_dags/example_datasets.py
[2022-11-28T15:36:20.233+0000] {processor.py:756} INFO - Processing file /home/airflow/.local/lib/python3.7/site-packages/airflow/example_dags/example_datasets.py for tasks to queue
[2022-11-28T15:36:20.235+0000] {logging_mixin.py:137} INFO - [2022-11-28T15:36:20.235+0000] {dagbag.py:537} INFO - Filling up the DagBag from /home/airflow/.local/lib/python3.7/site-packages/airflow/example_dags/example_datasets.py
[2022-11-28T15:36:20.250+0000] {processor.py:766} INFO - DAG(s) dict_keys(['dataset_consumes_unknown_never_scheduled', 'dataset_consumes_1_never_scheduled', 'dataset_produces_2', 'dataset_consumes_1_and_2', 'dataset_consumes_1', 'dataset_produces_1']) retrieved from /home/airflow/.local/lib/python3.7/site-packages/airflow/example_dags/example_datasets.py
[2022-11-28T15:36:20.299+0000] {logging_mixin.py:137} INFO - [2022-11-28T15:36:20.299+0000] {dag.py:2585} INFO - Sync 6 DAGs
[2022-11-28T15:36:20.323+0000] {logging_mixin.py:137} INFO - [2022-11-28T15:36:20.323+0000] {dag.py:3340} INFO - Setting next_dagrun for dataset_consumes_1 to None, run_after=None
[2022-11-28T15:36:20.328+0000] {logging_mixin.py:137} INFO - [2022-11-28T15:36:20.327+0000] {dag.py:3340} INFO - Setting next_dagrun for dataset_consumes_1_and_2 to None, run_after=None
[2022-11-28T15:36:20.330+0000] {logging_mixin.py:137} INFO - [2022-11-28T15:36:20.330+0000] {dag.py:3340} INFO - Setting next_dagrun for dataset_consumes_1_never_scheduled to None, run_after=None
[2022-11-28T15:36:20.332+0000] {logging_mixin.py:137} INFO - [2022-11-28T15:36:20.332+0000] {dag.py:3340} INFO - Setting next_dagrun for dataset_consumes_unknown_never_scheduled to None, run_after=None
[2022-11-28T15:36:20.335+0000] {logging_mixin.py:137} INFO - [2022-11-28T15:36:20.335+0000] {dag.py:3340} INFO - Setting next_dagrun for dataset_produces_1 to 2022-11-27T00:00:00+00:00, run_after=2022-11-28T00:00:00+00:00
[2022-11-28T15:36:20.337+0000] {logging_mixin.py:137} INFO - [2022-11-28T15:36:20.337+0000] {dag.py:3340} INFO - Setting next_dagrun for dataset_produces_2 to None, run_after=None
[2022-11-28T15:36:20.364+0000] {processor.py:176} INFO - Processing /home/airflow/.local/lib/python3.7/site-packages/airflow/example_dags/example_datasets.py took 0.136 seconds
[2022-11-28T15:38:44.612+0000] {processor.py:154} INFO - Started process (PID=60) to work on /home/airflow/.local/lib/python3.7/site-packages/airflow/example_dags/example_datasets.py
[2022-11-28T15:38:44.614+0000] {processor.py:756} INFO - Processing file /home/airflow/.local/lib/python3.7/site-packages/airflow/example_dags/example_datasets.py for tasks to queue
[2022-11-28T15:38:44.620+0000] {logging_mixin.py:137} INFO - [2022-11-28T15:38:44.620+0000] {dagbag.py:537} INFO - Filling up the DagBag from /home/airflow/.local/lib/python3.7/site-packages/airflow/example_dags/example_datasets.py
[2022-11-28T15:38:44.632+0000] {processor.py:766} INFO - DAG(s) dict_keys(['dataset_consumes_1_never_scheduled', 'dataset_consumes_1_and_2', 'dataset_consumes_unknown_never_scheduled', 'dataset_produces_1', 'dataset_consumes_1', 'dataset_produces_2']) retrieved from /home/airflow/.local/lib/python3.7/site-packages/airflow/example_dags/example_datasets.py
[2022-11-28T15:38:44.671+0000] {logging_mixin.py:137} INFO - [2022-11-28T15:38:44.671+0000] {dag.py:2585} INFO - Sync 6 DAGs
[2022-11-28T15:38:44.698+0000] {logging_mixin.py:137} INFO - [2022-11-28T15:38:44.698+0000] {dag.py:3340} INFO - Setting next_dagrun for dataset_consumes_1 to None, run_after=None
[2022-11-28T15:38:44.702+0000] {logging_mixin.py:137} INFO - [2022-11-28T15:38:44.702+0000] {dag.py:3340} INFO - Setting next_dagrun for dataset_consumes_1_and_2 to None, run_after=None
[2022-11-28T15:38:44.704+0000] {logging_mixin.py:137} INFO - [2022-11-28T15:38:44.704+0000] {dag.py:3340} INFO - Setting next_dagrun for dataset_consumes_1_never_scheduled to None, run_after=None
[2022-11-28T15:38:44.706+0000] {logging_mixin.py:137} INFO - [2022-11-28T15:38:44.706+0000] {dag.py:3340} INFO - Setting next_dagrun for dataset_consumes_unknown_never_scheduled to None, run_after=None
[2022-11-28T15:38:44.709+0000] {logging_mixin.py:137} INFO - [2022-11-28T15:38:44.709+0000] {dag.py:3340} INFO - Setting next_dagrun for dataset_produces_1 to 2022-11-27T00:00:00+00:00, run_after=2022-11-28T00:00:00+00:00
[2022-11-28T15:38:44.713+0000] {logging_mixin.py:137} INFO - [2022-11-28T15:38:44.713+0000] {dag.py:3340} INFO - Setting next_dagrun for dataset_produces_2 to None, run_after=None
[2022-11-28T15:38:44.734+0000] {processor.py:176} INFO - Processing /home/airflow/.local/lib/python3.7/site-packages/airflow/example_dags/example_datasets.py took 0.125 seconds
[2022-11-28T15:39:15.660+0000] {processor.py:154} INFO - Started process (PID=122) to work on /home/airflow/.local/lib/python3.7/site-packages/airflow/example_dags/example_datasets.py
[2022-11-28T15:39:15.663+0000] {processor.py:756} INFO - Processing file /home/airflow/.local/lib/python3.7/site-packages/airflow/example_dags/example_datasets.py for tasks to queue
[2022-11-28T15:39:15.665+0000] {logging_mixin.py:137} INFO - [2022-11-28T15:39:15.664+0000] {dagbag.py:537} INFO - Filling up the DagBag from /home/airflow/.local/lib/python3.7/site-packages/airflow/example_dags/example_datasets.py
[2022-11-28T15:39:15.680+0000] {processor.py:766} INFO - DAG(s) dict_keys(['dataset_produces_2', 'dataset_consumes_1', 'dataset_produces_1', 'dataset_consumes_1_never_scheduled', 'dataset_consumes_unknown_never_scheduled', 'dataset_consumes_1_and_2']) retrieved from /home/airflow/.local/lib/python3.7/site-packages/airflow/example_dags/example_datasets.py
[2022-11-28T15:39:15.769+0000] {logging_mixin.py:137} INFO - [2022-11-28T15:39:15.769+0000] {dag.py:2585} INFO - Sync 6 DAGs
[2022-11-28T15:39:15.787+0000] {logging_mixin.py:137} INFO - [2022-11-28T15:39:15.787+0000] {dag.py:3340} INFO - Setting next_dagrun for dataset_consumes_1 to None, run_after=None
[2022-11-28T15:39:15.791+0000] {logging_mixin.py:137} INFO - [2022-11-28T15:39:15.791+0000] {dag.py:3340} INFO - Setting next_dagrun for dataset_consumes_1_and_2 to None, run_after=None
[2022-11-28T15:39:15.799+0000] {logging_mixin.py:137} INFO - [2022-11-28T15:39:15.799+0000] {dag.py:3340} INFO - Setting next_dagrun for dataset_consumes_1_never_scheduled to None, run_after=None
[2022-11-28T15:39:15.801+0000] {logging_mixin.py:137} INFO - [2022-11-28T15:39:15.801+0000] {dag.py:3340} INFO - Setting next_dagrun for dataset_consumes_unknown_never_scheduled to None, run_after=None
[2022-11-28T15:39:15.811+0000] {logging_mixin.py:137} INFO - [2022-11-28T15:39:15.811+0000] {dag.py:3340} INFO - Setting next_dagrun for dataset_produces_1 to 2022-11-27T00:00:00+00:00, run_after=2022-11-28T00:00:00+00:00
[2022-11-28T15:39:15.814+0000] {logging_mixin.py:137} INFO - [2022-11-28T15:39:15.813+0000] {dag.py:3340} INFO - Setting next_dagrun for dataset_produces_2 to None, run_after=None
[2022-11-28T15:39:15.840+0000] {processor.py:176} INFO - Processing /home/airflow/.local/lib/python3.7/site-packages/airflow/example_dags/example_datasets.py took 0.183 seconds
[2022-11-28T15:39:46.096+0000] {processor.py:154} INFO - Started process (PID=186) to work on /home/airflow/.local/lib/python3.7/site-packages/airflow/example_dags/example_datasets.py
[2022-11-28T15:39:46.100+0000] {processor.py:756} INFO - Processing file /home/airflow/.local/lib/python3.7/site-packages/airflow/example_dags/example_datasets.py for tasks to queue
[2022-11-28T15:39:46.101+0000] {logging_mixin.py:137} INFO - [2022-11-28T15:39:46.101+0000] {dagbag.py:537} INFO - Filling up the DagBag from /home/airflow/.local/lib/python3.7/site-packages/airflow/example_dags/example_datasets.py
[2022-11-28T15:39:46.115+0000] {processor.py:766} INFO - DAG(s) dict_keys(['dataset_consumes_unknown_never_scheduled', 'dataset_produces_2', 'dataset_produces_1', 'dataset_consumes_1_and_2', 'dataset_consumes_1_never_scheduled', 'dataset_consumes_1']) retrieved from /home/airflow/.local/lib/python3.7/site-packages/airflow/example_dags/example_datasets.py
[2022-11-28T15:39:46.150+0000] {logging_mixin.py:137} INFO - [2022-11-28T15:39:46.150+0000] {dag.py:2585} INFO - Sync 6 DAGs
[2022-11-28T15:39:46.167+0000] {logging_mixin.py:137} INFO - [2022-11-28T15:39:46.167+0000] {dag.py:3340} INFO - Setting next_dagrun for dataset_consumes_1 to None, run_after=None
[2022-11-28T15:39:46.170+0000] {logging_mixin.py:137} INFO - [2022-11-28T15:39:46.170+0000] {dag.py:3340} INFO - Setting next_dagrun for dataset_consumes_1_and_2 to None, run_after=None
[2022-11-28T15:39:46.171+0000] {logging_mixin.py:137} INFO - [2022-11-28T15:39:46.171+0000] {dag.py:3340} INFO - Setting next_dagrun for dataset_consumes_1_never_scheduled to None, run_after=None
[2022-11-28T15:39:46.173+0000] {logging_mixin.py:137} INFO - [2022-11-28T15:39:46.173+0000] {dag.py:3340} INFO - Setting next_dagrun for dataset_consumes_unknown_never_scheduled to None, run_after=None
[2022-11-28T15:39:46.175+0000] {logging_mixin.py:137} INFO - [2022-11-28T15:39:46.175+0000] {dag.py:3340} INFO - Setting next_dagrun for dataset_produces_1 to 2022-11-27T00:00:00+00:00, run_after=2022-11-28T00:00:00+00:00
[2022-11-28T15:39:46.176+0000] {logging_mixin.py:137} INFO - [2022-11-28T15:39:46.176+0000] {dag.py:3340} INFO - Setting next_dagrun for dataset_produces_2 to None, run_after=None
[2022-11-28T15:39:46.196+0000] {processor.py:176} INFO - Processing /home/airflow/.local/lib/python3.7/site-packages/airflow/example_dags/example_datasets.py took 0.102 seconds
[2022-11-28T15:40:16.286+0000] {processor.py:154} INFO - Started process (PID=249) to work on /home/airflow/.local/lib/python3.7/site-packages/airflow/example_dags/example_datasets.py
[2022-11-28T15:40:16.288+0000] {processor.py:756} INFO - Processing file /home/airflow/.local/lib/python3.7/site-packages/airflow/example_dags/example_datasets.py for tasks to queue
[2022-11-28T15:40:16.290+0000] {logging_mixin.py:137} INFO - [2022-11-28T15:40:16.289+0000] {dagbag.py:537} INFO - Filling up the DagBag from /home/airflow/.local/lib/python3.7/site-packages/airflow/example_dags/example_datasets.py
[2022-11-28T15:40:16.306+0000] {processor.py:766} INFO - DAG(s) dict_keys(['dataset_consumes_1_and_2', 'dataset_produces_2', 'dataset_produces_1', 'dataset_consumes_1_never_scheduled', 'dataset_consumes_1', 'dataset_consumes_unknown_never_scheduled']) retrieved from /home/airflow/.local/lib/python3.7/site-packages/airflow/example_dags/example_datasets.py
[2022-11-28T15:40:16.353+0000] {logging_mixin.py:137} INFO - [2022-11-28T15:40:16.353+0000] {dag.py:2585} INFO - Sync 6 DAGs
[2022-11-28T15:40:16.371+0000] {logging_mixin.py:137} INFO - [2022-11-28T15:40:16.371+0000] {dag.py:3340} INFO - Setting next_dagrun for dataset_consumes_1 to None, run_after=None
[2022-11-28T15:40:16.374+0000] {logging_mixin.py:137} INFO - [2022-11-28T15:40:16.374+0000] {dag.py:3340} INFO - Setting next_dagrun for dataset_consumes_1_and_2 to None, run_after=None
[2022-11-28T15:40:16.376+0000] {logging_mixin.py:137} INFO - [2022-11-28T15:40:16.376+0000] {dag.py:3340} INFO - Setting next_dagrun for dataset_consumes_1_never_scheduled to None, run_after=None
[2022-11-28T15:40:16.377+0000] {logging_mixin.py:137} INFO - [2022-11-28T15:40:16.377+0000] {dag.py:3340} INFO - Setting next_dagrun for dataset_consumes_unknown_never_scheduled to None, run_after=None
[2022-11-28T15:40:16.379+0000] {logging_mixin.py:137} INFO - [2022-11-28T15:40:16.379+0000] {dag.py:3340} INFO - Setting next_dagrun for dataset_produces_1 to 2022-11-27T00:00:00+00:00, run_after=2022-11-28T00:00:00+00:00
[2022-11-28T15:40:16.384+0000] {logging_mixin.py:137} INFO - [2022-11-28T15:40:16.384+0000] {dag.py:3340} INFO - Setting next_dagrun for dataset_produces_2 to None, run_after=None
[2022-11-28T15:40:16.402+0000] {processor.py:176} INFO - Processing /home/airflow/.local/lib/python3.7/site-packages/airflow/example_dags/example_datasets.py took 0.119 seconds
[2022-11-28T15:40:47.027+0000] {processor.py:154} INFO - Started process (PID=303) to work on /home/airflow/.local/lib/python3.7/site-packages/airflow/example_dags/example_datasets.py
[2022-11-28T15:40:47.029+0000] {processor.py:756} INFO - Processing file /home/airflow/.local/lib/python3.7/site-packages/airflow/example_dags/example_datasets.py for tasks to queue
[2022-11-28T15:40:47.030+0000] {logging_mixin.py:137} INFO - [2022-11-28T15:40:47.030+0000] {dagbag.py:537} INFO - Filling up the DagBag from /home/airflow/.local/lib/python3.7/site-packages/airflow/example_dags/example_datasets.py
[2022-11-28T15:40:47.044+0000] {processor.py:766} INFO - DAG(s) dict_keys(['dataset_consumes_1_and_2', 'dataset_consumes_1', 'dataset_produces_2', 'dataset_consumes_unknown_never_scheduled', 'dataset_produces_1', 'dataset_consumes_1_never_scheduled']) retrieved from /home/airflow/.local/lib/python3.7/site-packages/airflow/example_dags/example_datasets.py
[2022-11-28T15:40:47.081+0000] {logging_mixin.py:137} INFO - [2022-11-28T15:40:47.081+0000] {dag.py:2585} INFO - Sync 6 DAGs
[2022-11-28T15:40:47.098+0000] {logging_mixin.py:137} INFO - [2022-11-28T15:40:47.098+0000] {dag.py:3340} INFO - Setting next_dagrun for dataset_consumes_1 to None, run_after=None
[2022-11-28T15:40:47.101+0000] {logging_mixin.py:137} INFO - [2022-11-28T15:40:47.101+0000] {dag.py:3340} INFO - Setting next_dagrun for dataset_consumes_1_and_2 to None, run_after=None
[2022-11-28T15:40:47.104+0000] {logging_mixin.py:137} INFO - [2022-11-28T15:40:47.103+0000] {dag.py:3340} INFO - Setting next_dagrun for dataset_consumes_1_never_scheduled to None, run_after=None
[2022-11-28T15:40:47.105+0000] {logging_mixin.py:137} INFO - [2022-11-28T15:40:47.105+0000] {dag.py:3340} INFO - Setting next_dagrun for dataset_consumes_unknown_never_scheduled to None, run_after=None
[2022-11-28T15:40:47.109+0000] {logging_mixin.py:137} INFO - [2022-11-28T15:40:47.109+0000] {dag.py:3340} INFO - Setting next_dagrun for dataset_produces_1 to 2022-11-27T00:00:00+00:00, run_after=2022-11-28T00:00:00+00:00
[2022-11-28T15:40:47.110+0000] {logging_mixin.py:137} INFO - [2022-11-28T15:40:47.110+0000] {dag.py:3340} INFO - Setting next_dagrun for dataset_produces_2 to None, run_after=None
[2022-11-28T15:40:47.133+0000] {processor.py:176} INFO - Processing /home/airflow/.local/lib/python3.7/site-packages/airflow/example_dags/example_datasets.py took 0.108 seconds
[2022-11-28T15:41:18.456+0000] {processor.py:154} INFO - Started process (PID=364) to work on /home/airflow/.local/lib/python3.7/site-packages/airflow/example_dags/example_datasets.py
[2022-11-28T15:41:18.458+0000] {processor.py:756} INFO - Processing file /home/airflow/.local/lib/python3.7/site-packages/airflow/example_dags/example_datasets.py for tasks to queue
[2022-11-28T15:41:18.465+0000] {logging_mixin.py:137} INFO - [2022-11-28T15:41:18.465+0000] {dagbag.py:537} INFO - Filling up the DagBag from /home/airflow/.local/lib/python3.7/site-packages/airflow/example_dags/example_datasets.py
[2022-11-28T15:41:18.477+0000] {processor.py:766} INFO - DAG(s) dict_keys(['dataset_consumes_1', 'dataset_produces_2', 'dataset_consumes_1_never_scheduled', 'dataset_consumes_unknown_never_scheduled', 'dataset_produces_1', 'dataset_consumes_1_and_2']) retrieved from /home/airflow/.local/lib/python3.7/site-packages/airflow/example_dags/example_datasets.py
[2022-11-28T15:41:18.516+0000] {logging_mixin.py:137} INFO - [2022-11-28T15:41:18.515+0000] {dag.py:2585} INFO - Sync 6 DAGs
[2022-11-28T15:41:18.533+0000] {logging_mixin.py:137} INFO - [2022-11-28T15:41:18.533+0000] {dag.py:3340} INFO - Setting next_dagrun for dataset_consumes_1 to None, run_after=None
[2022-11-28T15:41:18.538+0000] {logging_mixin.py:137} INFO - [2022-11-28T15:41:18.538+0000] {dag.py:3340} INFO - Setting next_dagrun for dataset_consumes_1_and_2 to None, run_after=None
[2022-11-28T15:41:18.540+0000] {logging_mixin.py:137} INFO - [2022-11-28T15:41:18.540+0000] {dag.py:3340} INFO - Setting next_dagrun for dataset_consumes_1_never_scheduled to None, run_after=None
[2022-11-28T15:41:18.542+0000] {logging_mixin.py:137} INFO - [2022-11-28T15:41:18.542+0000] {dag.py:3340} INFO - Setting next_dagrun for dataset_consumes_unknown_never_scheduled to None, run_after=None
[2022-11-28T15:41:18.545+0000] {logging_mixin.py:137} INFO - [2022-11-28T15:41:18.545+0000] {dag.py:3340} INFO - Setting next_dagrun for dataset_produces_1 to 2022-11-27T00:00:00+00:00, run_after=2022-11-28T00:00:00+00:00
[2022-11-28T15:41:18.548+0000] {logging_mixin.py:137} INFO - [2022-11-28T15:41:18.548+0000] {dag.py:3340} INFO - Setting next_dagrun for dataset_produces_2 to None, run_after=None
[2022-11-28T15:41:18.571+0000] {processor.py:176} INFO - Processing /home/airflow/.local/lib/python3.7/site-packages/airflow/example_dags/example_datasets.py took 0.119 seconds
[2022-11-28T15:41:49.174+0000] {processor.py:154} INFO - Started process (PID=427) to work on /home/airflow/.local/lib/python3.7/site-packages/airflow/example_dags/example_datasets.py
[2022-11-28T15:41:49.176+0000] {processor.py:756} INFO - Processing file /home/airflow/.local/lib/python3.7/site-packages/airflow/example_dags/example_datasets.py for tasks to queue
[2022-11-28T15:41:49.177+0000] {logging_mixin.py:137} INFO - [2022-11-28T15:41:49.177+0000] {dagbag.py:537} INFO - Filling up the DagBag from /home/airflow/.local/lib/python3.7/site-packages/airflow/example_dags/example_datasets.py
[2022-11-28T15:41:49.191+0000] {processor.py:766} INFO - DAG(s) dict_keys(['dataset_produces_1', 'dataset_consumes_unknown_never_scheduled', 'dataset_consumes_1', 'dataset_produces_2', 'dataset_consumes_1_never_scheduled', 'dataset_consumes_1_and_2']) retrieved from /home/airflow/.local/lib/python3.7/site-packages/airflow/example_dags/example_datasets.py
[2022-11-28T15:41:49.242+0000] {logging_mixin.py:137} INFO - [2022-11-28T15:41:49.242+0000] {dag.py:2585} INFO - Sync 6 DAGs
[2022-11-28T15:41:49.263+0000] {logging_mixin.py:137} INFO - [2022-11-28T15:41:49.263+0000] {dag.py:3340} INFO - Setting next_dagrun for dataset_consumes_1 to None, run_after=None
[2022-11-28T15:41:49.269+0000] {logging_mixin.py:137} INFO - [2022-11-28T15:41:49.268+0000] {dag.py:3340} INFO - Setting next_dagrun for dataset_consumes_1_and_2 to None, run_after=None
[2022-11-28T15:41:49.273+0000] {logging_mixin.py:137} INFO - [2022-11-28T15:41:49.273+0000] {dag.py:3340} INFO - Setting next_dagrun for dataset_consumes_1_never_scheduled to None, run_after=None
[2022-11-28T15:41:49.275+0000] {logging_mixin.py:137} INFO - [2022-11-28T15:41:49.275+0000] {dag.py:3340} INFO - Setting next_dagrun for dataset_consumes_unknown_never_scheduled to None, run_after=None
[2022-11-28T15:41:49.278+0000] {logging_mixin.py:137} INFO - [2022-11-28T15:41:49.278+0000] {dag.py:3340} INFO - Setting next_dagrun for dataset_produces_1 to 2022-11-27T00:00:00+00:00, run_after=2022-11-28T00:00:00+00:00
[2022-11-28T15:41:49.281+0000] {logging_mixin.py:137} INFO - [2022-11-28T15:41:49.281+0000] {dag.py:3340} INFO - Setting next_dagrun for dataset_produces_2 to None, run_after=None
[2022-11-28T15:41:49.307+0000] {processor.py:176} INFO - Processing /home/airflow/.local/lib/python3.7/site-packages/airflow/example_dags/example_datasets.py took 0.136 seconds
[2022-11-28T15:42:19.803+0000] {processor.py:154} INFO - Started process (PID=490) to work on /home/airflow/.local/lib/python3.7/site-packages/airflow/example_dags/example_datasets.py
[2022-11-28T15:42:19.805+0000] {processor.py:756} INFO - Processing file /home/airflow/.local/lib/python3.7/site-packages/airflow/example_dags/example_datasets.py for tasks to queue
[2022-11-28T15:42:19.807+0000] {logging_mixin.py:137} INFO - [2022-11-28T15:42:19.807+0000] {dagbag.py:537} INFO - Filling up the DagBag from /home/airflow/.local/lib/python3.7/site-packages/airflow/example_dags/example_datasets.py
[2022-11-28T15:42:19.819+0000] {processor.py:766} INFO - DAG(s) dict_keys(['dataset_produces_2', 'dataset_consumes_unknown_never_scheduled', 'dataset_consumes_1', 'dataset_produces_1', 'dataset_consumes_1_never_scheduled', 'dataset_consumes_1_and_2']) retrieved from /home/airflow/.local/lib/python3.7/site-packages/airflow/example_dags/example_datasets.py
[2022-11-28T15:42:19.863+0000] {logging_mixin.py:137} INFO - [2022-11-28T15:42:19.863+0000] {dag.py:2585} INFO - Sync 6 DAGs
[2022-11-28T15:42:19.881+0000] {logging_mixin.py:137} INFO - [2022-11-28T15:42:19.881+0000] {dag.py:3340} INFO - Setting next_dagrun for dataset_consumes_1 to None, run_after=None
[2022-11-28T15:42:19.885+0000] {logging_mixin.py:137} INFO - [2022-11-28T15:42:19.885+0000] {dag.py:3340} INFO - Setting next_dagrun for dataset_consumes_1_and_2 to None, run_after=None
[2022-11-28T15:42:19.886+0000] {logging_mixin.py:137} INFO - [2022-11-28T15:42:19.886+0000] {dag.py:3340} INFO - Setting next_dagrun for dataset_consumes_1_never_scheduled to None, run_after=None
[2022-11-28T15:42:19.889+0000] {logging_mixin.py:137} INFO - [2022-11-28T15:42:19.888+0000] {dag.py:3340} INFO - Setting next_dagrun for dataset_consumes_unknown_never_scheduled to None, run_after=None
[2022-11-28T15:42:19.891+0000] {logging_mixin.py:137} INFO - [2022-11-28T15:42:19.891+0000] {dag.py:3340} INFO - Setting next_dagrun for dataset_produces_1 to 2022-11-27T00:00:00+00:00, run_after=2022-11-28T00:00:00+00:00
[2022-11-28T15:42:19.892+0000] {logging_mixin.py:137} INFO - [2022-11-28T15:42:19.892+0000] {dag.py:3340} INFO - Setting next_dagrun for dataset_produces_2 to None, run_after=None
[2022-11-28T15:42:19.911+0000] {processor.py:176} INFO - Processing /home/airflow/.local/lib/python3.7/site-packages/airflow/example_dags/example_datasets.py took 0.110 seconds
[2022-11-28T15:42:50.239+0000] {processor.py:154} INFO - Started process (PID=552) to work on /home/airflow/.local/lib/python3.7/site-packages/airflow/example_dags/example_datasets.py
[2022-11-28T15:42:50.241+0000] {processor.py:756} INFO - Processing file /home/airflow/.local/lib/python3.7/site-packages/airflow/example_dags/example_datasets.py for tasks to queue
[2022-11-28T15:42:50.242+0000] {logging_mixin.py:137} INFO - [2022-11-28T15:42:50.242+0000] {dagbag.py:537} INFO - Filling up the DagBag from /home/airflow/.local/lib/python3.7/site-packages/airflow/example_dags/example_datasets.py
[2022-11-28T15:42:50.256+0000] {processor.py:766} INFO - DAG(s) dict_keys(['dataset_consumes_unknown_never_scheduled', 'dataset_consumes_1_and_2', 'dataset_produces_2', 'dataset_consumes_1_never_scheduled', 'dataset_consumes_1', 'dataset_produces_1']) retrieved from /home/airflow/.local/lib/python3.7/site-packages/airflow/example_dags/example_datasets.py
[2022-11-28T15:42:50.307+0000] {logging_mixin.py:137} INFO - [2022-11-28T15:42:50.307+0000] {dag.py:2585} INFO - Sync 6 DAGs
[2022-11-28T15:42:50.331+0000] {logging_mixin.py:137} INFO - [2022-11-28T15:42:50.331+0000] {dag.py:3340} INFO - Setting next_dagrun for dataset_consumes_1 to None, run_after=None
[2022-11-28T15:42:50.335+0000] {logging_mixin.py:137} INFO - [2022-11-28T15:42:50.335+0000] {dag.py:3340} INFO - Setting next_dagrun for dataset_consumes_1_and_2 to None, run_after=None
[2022-11-28T15:42:50.337+0000] {logging_mixin.py:137} INFO - [2022-11-28T15:42:50.337+0000] {dag.py:3340} INFO - Setting next_dagrun for dataset_consumes_1_never_scheduled to None, run_after=None
[2022-11-28T15:42:50.339+0000] {logging_mixin.py:137} INFO - [2022-11-28T15:42:50.339+0000] {dag.py:3340} INFO - Setting next_dagrun for dataset_consumes_unknown_never_scheduled to None, run_after=None
[2022-11-28T15:42:50.342+0000] {logging_mixin.py:137} INFO - [2022-11-28T15:42:50.342+0000] {dag.py:3340} INFO - Setting next_dagrun for dataset_produces_1 to 2022-11-27T00:00:00+00:00, run_after=2022-11-28T00:00:00+00:00
[2022-11-28T15:42:50.345+0000] {logging_mixin.py:137} INFO - [2022-11-28T15:42:50.345+0000] {dag.py:3340} INFO - Setting next_dagrun for dataset_produces_2 to None, run_after=None
[2022-11-28T15:42:50.369+0000] {processor.py:176} INFO - Processing /home/airflow/.local/lib/python3.7/site-packages/airflow/example_dags/example_datasets.py took 0.133 seconds
[2022-11-28T15:43:21.071+0000] {processor.py:154} INFO - Started process (PID=612) to work on /home/airflow/.local/lib/python3.7/site-packages/airflow/example_dags/example_datasets.py
[2022-11-28T15:43:21.073+0000] {processor.py:756} INFO - Processing file /home/airflow/.local/lib/python3.7/site-packages/airflow/example_dags/example_datasets.py for tasks to queue
[2022-11-28T15:43:21.074+0000] {logging_mixin.py:137} INFO - [2022-11-28T15:43:21.074+0000] {dagbag.py:537} INFO - Filling up the DagBag from /home/airflow/.local/lib/python3.7/site-packages/airflow/example_dags/example_datasets.py
[2022-11-28T15:43:21.088+0000] {processor.py:766} INFO - DAG(s) dict_keys(['dataset_consumes_1_and_2', 'dataset_produces_2', 'dataset_produces_1', 'dataset_consumes_1', 'dataset_consumes_unknown_never_scheduled', 'dataset_consumes_1_never_scheduled']) retrieved from /home/airflow/.local/lib/python3.7/site-packages/airflow/example_dags/example_datasets.py
[2022-11-28T15:43:21.129+0000] {logging_mixin.py:137} INFO - [2022-11-28T15:43:21.129+0000] {dag.py:2585} INFO - Sync 6 DAGs
[2022-11-28T15:43:21.147+0000] {logging_mixin.py:137} INFO - [2022-11-28T15:43:21.147+0000] {dag.py:3340} INFO - Setting next_dagrun for dataset_consumes_1 to None, run_after=None
[2022-11-28T15:43:21.150+0000] {logging_mixin.py:137} INFO - [2022-11-28T15:43:21.150+0000] {dag.py:3340} INFO - Setting next_dagrun for dataset_consumes_1_and_2 to None, run_after=None
[2022-11-28T15:43:21.152+0000] {logging_mixin.py:137} INFO - [2022-11-28T15:43:21.152+0000] {dag.py:3340} INFO - Setting next_dagrun for dataset_consumes_1_never_scheduled to None, run_after=None
[2022-11-28T15:43:21.154+0000] {logging_mixin.py:137} INFO - [2022-11-28T15:43:21.154+0000] {dag.py:3340} INFO - Setting next_dagrun for dataset_consumes_unknown_never_scheduled to None, run_after=None
[2022-11-28T15:43:21.157+0000] {logging_mixin.py:137} INFO - [2022-11-28T15:43:21.156+0000] {dag.py:3340} INFO - Setting next_dagrun for dataset_produces_1 to 2022-11-27T00:00:00+00:00, run_after=2022-11-28T00:00:00+00:00
[2022-11-28T15:43:21.158+0000] {logging_mixin.py:137} INFO - [2022-11-28T15:43:21.158+0000] {dag.py:3340} INFO - Setting next_dagrun for dataset_produces_2 to None, run_after=None
[2022-11-28T15:43:21.186+0000] {processor.py:176} INFO - Processing /home/airflow/.local/lib/python3.7/site-packages/airflow/example_dags/example_datasets.py took 0.118 seconds
[2022-11-28T15:43:52.140+0000] {processor.py:154} INFO - Started process (PID=669) to work on /home/airflow/.local/lib/python3.7/site-packages/airflow/example_dags/example_datasets.py
[2022-11-28T15:43:52.142+0000] {processor.py:756} INFO - Processing file /home/airflow/.local/lib/python3.7/site-packages/airflow/example_dags/example_datasets.py for tasks to queue
[2022-11-28T15:43:52.143+0000] {logging_mixin.py:137} INFO - [2022-11-28T15:43:52.143+0000] {dagbag.py:537} INFO - Filling up the DagBag from /home/airflow/.local/lib/python3.7/site-packages/airflow/example_dags/example_datasets.py
[2022-11-28T15:43:52.154+0000] {processor.py:766} INFO - DAG(s) dict_keys(['dataset_consumes_unknown_never_scheduled', 'dataset_consumes_1_and_2', 'dataset_produces_1', 'dataset_consumes_1', 'dataset_produces_2', 'dataset_consumes_1_never_scheduled']) retrieved from /home/airflow/.local/lib/python3.7/site-packages/airflow/example_dags/example_datasets.py
[2022-11-28T15:43:52.190+0000] {logging_mixin.py:137} INFO - [2022-11-28T15:43:52.190+0000] {dag.py:2585} INFO - Sync 6 DAGs
[2022-11-28T15:43:52.206+0000] {logging_mixin.py:137} INFO - [2022-11-28T15:43:52.205+0000] {dag.py:3340} INFO - Setting next_dagrun for dataset_consumes_1 to None, run_after=None
[2022-11-28T15:43:52.208+0000] {logging_mixin.py:137} INFO - [2022-11-28T15:43:52.208+0000] {dag.py:3340} INFO - Setting next_dagrun for dataset_consumes_1_and_2 to None, run_after=None
[2022-11-28T15:43:52.212+0000] {logging_mixin.py:137} INFO - [2022-11-28T15:43:52.211+0000] {dag.py:3340} INFO - Setting next_dagrun for dataset_consumes_1_never_scheduled to None, run_after=None
[2022-11-28T15:43:52.214+0000] {logging_mixin.py:137} INFO - [2022-11-28T15:43:52.213+0000] {dag.py:3340} INFO - Setting next_dagrun for dataset_consumes_unknown_never_scheduled to None, run_after=None
[2022-11-28T15:43:52.216+0000] {logging_mixin.py:137} INFO - [2022-11-28T15:43:52.216+0000] {dag.py:3340} INFO - Setting next_dagrun for dataset_produces_1 to 2022-11-27T00:00:00+00:00, run_after=2022-11-28T00:00:00+00:00
[2022-11-28T15:43:52.218+0000] {logging_mixin.py:137} INFO - [2022-11-28T15:43:52.218+0000] {dag.py:3340} INFO - Setting next_dagrun for dataset_produces_2 to None, run_after=None
[2022-11-28T15:43:52.237+0000] {processor.py:176} INFO - Processing /home/airflow/.local/lib/python3.7/site-packages/airflow/example_dags/example_datasets.py took 0.099 seconds
[2022-11-28T15:44:23.120+0000] {processor.py:154} INFO - Started process (PID=732) to work on /home/airflow/.local/lib/python3.7/site-packages/airflow/example_dags/example_datasets.py
[2022-11-28T15:44:23.121+0000] {processor.py:756} INFO - Processing file /home/airflow/.local/lib/python3.7/site-packages/airflow/example_dags/example_datasets.py for tasks to queue
[2022-11-28T15:44:23.122+0000] {logging_mixin.py:137} INFO - [2022-11-28T15:44:23.122+0000] {dagbag.py:537} INFO - Filling up the DagBag from /home/airflow/.local/lib/python3.7/site-packages/airflow/example_dags/example_datasets.py
[2022-11-28T15:44:23.136+0000] {processor.py:766} INFO - DAG(s) dict_keys(['dataset_produces_2', 'dataset_consumes_unknown_never_scheduled', 'dataset_produces_1', 'dataset_consumes_1_never_scheduled', 'dataset_consumes_1', 'dataset_consumes_1_and_2']) retrieved from /home/airflow/.local/lib/python3.7/site-packages/airflow/example_dags/example_datasets.py
[2022-11-28T15:44:23.176+0000] {logging_mixin.py:137} INFO - [2022-11-28T15:44:23.176+0000] {dag.py:2585} INFO - Sync 6 DAGs
[2022-11-28T15:44:23.192+0000] {logging_mixin.py:137} INFO - [2022-11-28T15:44:23.192+0000] {dag.py:3340} INFO - Setting next_dagrun for dataset_consumes_1 to None, run_after=None
[2022-11-28T15:44:23.195+0000] {logging_mixin.py:137} INFO - [2022-11-28T15:44:23.195+0000] {dag.py:3340} INFO - Setting next_dagrun for dataset_consumes_1_and_2 to None, run_after=None
[2022-11-28T15:44:23.197+0000] {logging_mixin.py:137} INFO - [2022-11-28T15:44:23.197+0000] {dag.py:3340} INFO - Setting next_dagrun for dataset_consumes_1_never_scheduled to None, run_after=None
[2022-11-28T15:44:23.198+0000] {logging_mixin.py:137} INFO - [2022-11-28T15:44:23.198+0000] {dag.py:3340} INFO - Setting next_dagrun for dataset_consumes_unknown_never_scheduled to None, run_after=None
[2022-11-28T15:44:23.202+0000] {logging_mixin.py:137} INFO - [2022-11-28T15:44:23.202+0000] {dag.py:3340} INFO - Setting next_dagrun for dataset_produces_1 to 2022-11-27T00:00:00+00:00, run_after=2022-11-28T00:00:00+00:00
[2022-11-28T15:44:23.203+0000] {logging_mixin.py:137} INFO - [2022-11-28T15:44:23.203+0000] {dag.py:3340} INFO - Setting next_dagrun for dataset_produces_2 to None, run_after=None
[2022-11-28T15:44:23.227+0000] {processor.py:176} INFO - Processing /home/airflow/.local/lib/python3.7/site-packages/airflow/example_dags/example_datasets.py took 0.109 seconds
[2022-11-28T15:44:53.713+0000] {processor.py:154} INFO - Started process (PID=795) to work on /home/airflow/.local/lib/python3.7/site-packages/airflow/example_dags/example_datasets.py
[2022-11-28T15:44:53.715+0000] {processor.py:756} INFO - Processing file /home/airflow/.local/lib/python3.7/site-packages/airflow/example_dags/example_datasets.py for tasks to queue
[2022-11-28T15:44:53.716+0000] {logging_mixin.py:137} INFO - [2022-11-28T15:44:53.716+0000] {dagbag.py:537} INFO - Filling up the DagBag from /home/airflow/.local/lib/python3.7/site-packages/airflow/example_dags/example_datasets.py
[2022-11-28T15:44:53.729+0000] {processor.py:766} INFO - DAG(s) dict_keys(['dataset_consumes_1_never_scheduled', 'dataset_produces_1', 'dataset_produces_2', 'dataset_consumes_unknown_never_scheduled', 'dataset_consumes_1_and_2', 'dataset_consumes_1']) retrieved from /home/airflow/.local/lib/python3.7/site-packages/airflow/example_dags/example_datasets.py
[2022-11-28T15:44:53.765+0000] {logging_mixin.py:137} INFO - [2022-11-28T15:44:53.765+0000] {dag.py:2585} INFO - Sync 6 DAGs
[2022-11-28T15:44:53.782+0000] {logging_mixin.py:137} INFO - [2022-11-28T15:44:53.782+0000] {dag.py:3340} INFO - Setting next_dagrun for dataset_consumes_1 to None, run_after=None
[2022-11-28T15:44:53.785+0000] {logging_mixin.py:137} INFO - [2022-11-28T15:44:53.785+0000] {dag.py:3340} INFO - Setting next_dagrun for dataset_consumes_1_and_2 to None, run_after=None
[2022-11-28T15:44:53.787+0000] {logging_mixin.py:137} INFO - [2022-11-28T15:44:53.787+0000] {dag.py:3340} INFO - Setting next_dagrun for dataset_consumes_1_never_scheduled to None, run_after=None
[2022-11-28T15:44:53.789+0000] {logging_mixin.py:137} INFO - [2022-11-28T15:44:53.789+0000] {dag.py:3340} INFO - Setting next_dagrun for dataset_consumes_unknown_never_scheduled to None, run_after=None
[2022-11-28T15:44:53.792+0000] {logging_mixin.py:137} INFO - [2022-11-28T15:44:53.791+0000] {dag.py:3340} INFO - Setting next_dagrun for dataset_produces_1 to 2022-11-27T00:00:00+00:00, run_after=2022-11-28T00:00:00+00:00
[2022-11-28T15:44:53.793+0000] {logging_mixin.py:137} INFO - [2022-11-28T15:44:53.793+0000] {dag.py:3340} INFO - Setting next_dagrun for dataset_produces_2 to None, run_after=None
[2022-11-28T15:44:53.813+0000] {processor.py:176} INFO - Processing /home/airflow/.local/lib/python3.7/site-packages/airflow/example_dags/example_datasets.py took 0.102 seconds
[2022-11-28T15:45:24.729+0000] {processor.py:154} INFO - Started process (PID=858) to work on /home/airflow/.local/lib/python3.7/site-packages/airflow/example_dags/example_datasets.py
[2022-11-28T15:45:24.732+0000] {processor.py:756} INFO - Processing file /home/airflow/.local/lib/python3.7/site-packages/airflow/example_dags/example_datasets.py for tasks to queue
[2022-11-28T15:45:24.734+0000] {logging_mixin.py:137} INFO - [2022-11-28T15:45:24.734+0000] {dagbag.py:537} INFO - Filling up the DagBag from /home/airflow/.local/lib/python3.7/site-packages/airflow/example_dags/example_datasets.py
[2022-11-28T15:45:24.748+0000] {processor.py:766} INFO - DAG(s) dict_keys(['dataset_produces_2', 'dataset_consumes_1', 'dataset_produces_1', 'dataset_consumes_unknown_never_scheduled', 'dataset_consumes_1_and_2', 'dataset_consumes_1_never_scheduled']) retrieved from /home/airflow/.local/lib/python3.7/site-packages/airflow/example_dags/example_datasets.py
[2022-11-28T15:45:24.795+0000] {logging_mixin.py:137} INFO - [2022-11-28T15:45:24.794+0000] {dag.py:2585} INFO - Sync 6 DAGs
[2022-11-28T15:45:24.815+0000] {logging_mixin.py:137} INFO - [2022-11-28T15:45:24.815+0000] {dag.py:3340} INFO - Setting next_dagrun for dataset_consumes_1 to None, run_after=None
[2022-11-28T15:45:24.819+0000] {logging_mixin.py:137} INFO - [2022-11-28T15:45:24.819+0000] {dag.py:3340} INFO - Setting next_dagrun for dataset_consumes_1_and_2 to None, run_after=None
[2022-11-28T15:45:24.820+0000] {logging_mixin.py:137} INFO - [2022-11-28T15:45:24.820+0000] {dag.py:3340} INFO - Setting next_dagrun for dataset_consumes_1_never_scheduled to None, run_after=None
[2022-11-28T15:45:24.823+0000] {logging_mixin.py:137} INFO - [2022-11-28T15:45:24.823+0000] {dag.py:3340} INFO - Setting next_dagrun for dataset_consumes_unknown_never_scheduled to None, run_after=None
[2022-11-28T15:45:24.826+0000] {logging_mixin.py:137} INFO - [2022-11-28T15:45:24.826+0000] {dag.py:3340} INFO - Setting next_dagrun for dataset_produces_1 to 2022-11-27T00:00:00+00:00, run_after=2022-11-28T00:00:00+00:00
[2022-11-28T15:45:24.828+0000] {logging_mixin.py:137} INFO - [2022-11-28T15:45:24.828+0000] {dag.py:3340} INFO - Setting next_dagrun for dataset_produces_2 to None, run_after=None
[2022-11-28T15:45:24.852+0000] {processor.py:176} INFO - Processing /home/airflow/.local/lib/python3.7/site-packages/airflow/example_dags/example_datasets.py took 0.126 seconds
[2022-11-28T15:45:55.416+0000] {processor.py:154} INFO - Started process (PID=923) to work on /home/airflow/.local/lib/python3.7/site-packages/airflow/example_dags/example_datasets.py
[2022-11-28T15:45:55.418+0000] {processor.py:756} INFO - Processing file /home/airflow/.local/lib/python3.7/site-packages/airflow/example_dags/example_datasets.py for tasks to queue
[2022-11-28T15:45:55.419+0000] {logging_mixin.py:137} INFO - [2022-11-28T15:45:55.419+0000] {dagbag.py:537} INFO - Filling up the DagBag from /home/airflow/.local/lib/python3.7/site-packages/airflow/example_dags/example_datasets.py
[2022-11-28T15:45:55.432+0000] {processor.py:766} INFO - DAG(s) dict_keys(['dataset_consumes_1_never_scheduled', 'dataset_consumes_unknown_never_scheduled', 'dataset_produces_2', 'dataset_consumes_1', 'dataset_produces_1', 'dataset_consumes_1_and_2']) retrieved from /home/airflow/.local/lib/python3.7/site-packages/airflow/example_dags/example_datasets.py
[2022-11-28T15:45:55.473+0000] {logging_mixin.py:137} INFO - [2022-11-28T15:45:55.473+0000] {dag.py:2585} INFO - Sync 6 DAGs
[2022-11-28T15:45:55.491+0000] {logging_mixin.py:137} INFO - [2022-11-28T15:45:55.491+0000] {dag.py:3340} INFO - Setting next_dagrun for dataset_consumes_1 to None, run_after=None
[2022-11-28T15:45:55.495+0000] {logging_mixin.py:137} INFO - [2022-11-28T15:45:55.495+0000] {dag.py:3340} INFO - Setting next_dagrun for dataset_consumes_1_and_2 to None, run_after=None
[2022-11-28T15:45:55.497+0000] {logging_mixin.py:137} INFO - [2022-11-28T15:45:55.497+0000] {dag.py:3340} INFO - Setting next_dagrun for dataset_consumes_1_never_scheduled to None, run_after=None
[2022-11-28T15:45:55.499+0000] {logging_mixin.py:137} INFO - [2022-11-28T15:45:55.499+0000] {dag.py:3340} INFO - Setting next_dagrun for dataset_consumes_unknown_never_scheduled to None, run_after=None
[2022-11-28T15:45:55.501+0000] {logging_mixin.py:137} INFO - [2022-11-28T15:45:55.501+0000] {dag.py:3340} INFO - Setting next_dagrun for dataset_produces_1 to 2022-11-27T00:00:00+00:00, run_after=2022-11-28T00:00:00+00:00
[2022-11-28T15:45:55.502+0000] {logging_mixin.py:137} INFO - [2022-11-28T15:45:55.502+0000] {dag.py:3340} INFO - Setting next_dagrun for dataset_produces_2 to None, run_after=None
[2022-11-28T15:45:55.524+0000] {processor.py:176} INFO - Processing /home/airflow/.local/lib/python3.7/site-packages/airflow/example_dags/example_datasets.py took 0.110 seconds
[2022-11-28T15:46:26.147+0000] {processor.py:154} INFO - Started process (PID=984) to work on /home/airflow/.local/lib/python3.7/site-packages/airflow/example_dags/example_datasets.py
[2022-11-28T15:46:26.150+0000] {processor.py:756} INFO - Processing file /home/airflow/.local/lib/python3.7/site-packages/airflow/example_dags/example_datasets.py for tasks to queue
[2022-11-28T15:46:26.152+0000] {logging_mixin.py:137} INFO - [2022-11-28T15:46:26.152+0000] {dagbag.py:537} INFO - Filling up the DagBag from /home/airflow/.local/lib/python3.7/site-packages/airflow/example_dags/example_datasets.py
[2022-11-28T15:46:26.163+0000] {processor.py:766} INFO - DAG(s) dict_keys(['dataset_consumes_unknown_never_scheduled', 'dataset_produces_1', 'dataset_produces_2', 'dataset_consumes_1_and_2', 'dataset_consumes_1', 'dataset_consumes_1_never_scheduled']) retrieved from /home/airflow/.local/lib/python3.7/site-packages/airflow/example_dags/example_datasets.py
[2022-11-28T15:46:26.201+0000] {logging_mixin.py:137} INFO - [2022-11-28T15:46:26.201+0000] {dag.py:2585} INFO - Sync 6 DAGs
[2022-11-28T15:46:26.222+0000] {logging_mixin.py:137} INFO - [2022-11-28T15:46:26.222+0000] {dag.py:3340} INFO - Setting next_dagrun for dataset_consumes_1 to None, run_after=None
[2022-11-28T15:46:26.226+0000] {logging_mixin.py:137} INFO - [2022-11-28T15:46:26.226+0000] {dag.py:3340} INFO - Setting next_dagrun for dataset_consumes_1_and_2 to None, run_after=None
[2022-11-28T15:46:26.230+0000] {logging_mixin.py:137} INFO - [2022-11-28T15:46:26.230+0000] {dag.py:3340} INFO - Setting next_dagrun for dataset_consumes_1_never_scheduled to None, run_after=None
[2022-11-28T15:46:26.232+0000] {logging_mixin.py:137} INFO - [2022-11-28T15:46:26.232+0000] {dag.py:3340} INFO - Setting next_dagrun for dataset_consumes_unknown_never_scheduled to None, run_after=None
[2022-11-28T15:46:26.235+0000] {logging_mixin.py:137} INFO - [2022-11-28T15:46:26.235+0000] {dag.py:3340} INFO - Setting next_dagrun for dataset_produces_1 to 2022-11-27T00:00:00+00:00, run_after=2022-11-28T00:00:00+00:00
[2022-11-28T15:46:26.239+0000] {logging_mixin.py:137} INFO - [2022-11-28T15:46:26.239+0000] {dag.py:3340} INFO - Setting next_dagrun for dataset_produces_2 to None, run_after=None
[2022-11-28T15:46:26.260+0000] {processor.py:176} INFO - Processing /home/airflow/.local/lib/python3.7/site-packages/airflow/example_dags/example_datasets.py took 0.115 seconds
[2022-11-28T15:46:57.016+0000] {processor.py:154} INFO - Started process (PID=1041) to work on /home/airflow/.local/lib/python3.7/site-packages/airflow/example_dags/example_datasets.py
[2022-11-28T15:46:57.018+0000] {processor.py:756} INFO - Processing file /home/airflow/.local/lib/python3.7/site-packages/airflow/example_dags/example_datasets.py for tasks to queue
[2022-11-28T15:46:57.019+0000] {logging_mixin.py:137} INFO - [2022-11-28T15:46:57.019+0000] {dagbag.py:537} INFO - Filling up the DagBag from /home/airflow/.local/lib/python3.7/site-packages/airflow/example_dags/example_datasets.py
[2022-11-28T15:46:57.031+0000] {processor.py:766} INFO - DAG(s) dict_keys(['dataset_consumes_1_never_scheduled', 'dataset_consumes_unknown_never_scheduled', 'dataset_consumes_1_and_2', 'dataset_consumes_1', 'dataset_produces_2', 'dataset_produces_1']) retrieved from /home/airflow/.local/lib/python3.7/site-packages/airflow/example_dags/example_datasets.py
[2022-11-28T15:46:57.072+0000] {logging_mixin.py:137} INFO - [2022-11-28T15:46:57.072+0000] {dag.py:2585} INFO - Sync 6 DAGs
[2022-11-28T15:46:57.091+0000] {logging_mixin.py:137} INFO - [2022-11-28T15:46:57.090+0000] {dag.py:3340} INFO - Setting next_dagrun for dataset_consumes_1 to None, run_after=None
[2022-11-28T15:46:57.094+0000] {logging_mixin.py:137} INFO - [2022-11-28T15:46:57.094+0000] {dag.py:3340} INFO - Setting next_dagrun for dataset_consumes_1_and_2 to None, run_after=None
[2022-11-28T15:46:57.096+0000] {logging_mixin.py:137} INFO - [2022-11-28T15:46:57.096+0000] {dag.py:3340} INFO - Setting next_dagrun for dataset_consumes_1_never_scheduled to None, run_after=None
[2022-11-28T15:46:57.099+0000] {logging_mixin.py:137} INFO - [2022-11-28T15:46:57.099+0000] {dag.py:3340} INFO - Setting next_dagrun for dataset_consumes_unknown_never_scheduled to None, run_after=None
[2022-11-28T15:46:57.102+0000] {logging_mixin.py:137} INFO - [2022-11-28T15:46:57.102+0000] {dag.py:3340} INFO - Setting next_dagrun for dataset_produces_1 to 2022-11-27T00:00:00+00:00, run_after=2022-11-28T00:00:00+00:00
[2022-11-28T15:46:57.104+0000] {logging_mixin.py:137} INFO - [2022-11-28T15:46:57.104+0000] {dag.py:3340} INFO - Setting next_dagrun for dataset_produces_2 to None, run_after=None
[2022-11-28T15:46:57.183+0000] {processor.py:176} INFO - Processing /home/airflow/.local/lib/python3.7/site-packages/airflow/example_dags/example_datasets.py took 0.170 seconds
[2022-11-28T15:47:27.747+0000] {processor.py:154} INFO - Started process (PID=1105) to work on /home/airflow/.local/lib/python3.7/site-packages/airflow/example_dags/example_datasets.py
[2022-11-28T15:47:27.749+0000] {processor.py:756} INFO - Processing file /home/airflow/.local/lib/python3.7/site-packages/airflow/example_dags/example_datasets.py for tasks to queue
[2022-11-28T15:47:27.750+0000] {logging_mixin.py:137} INFO - [2022-11-28T15:47:27.750+0000] {dagbag.py:537} INFO - Filling up the DagBag from /home/airflow/.local/lib/python3.7/site-packages/airflow/example_dags/example_datasets.py
[2022-11-28T15:47:27.763+0000] {processor.py:766} INFO - DAG(s) dict_keys(['dataset_consumes_1_and_2', 'dataset_consumes_1_never_scheduled', 'dataset_consumes_1', 'dataset_produces_2', 'dataset_consumes_unknown_never_scheduled', 'dataset_produces_1']) retrieved from /home/airflow/.local/lib/python3.7/site-packages/airflow/example_dags/example_datasets.py
[2022-11-28T15:47:27.798+0000] {logging_mixin.py:137} INFO - [2022-11-28T15:47:27.798+0000] {dag.py:2585} INFO - Sync 6 DAGs
[2022-11-28T15:47:27.814+0000] {logging_mixin.py:137} INFO - [2022-11-28T15:47:27.814+0000] {dag.py:3340} INFO - Setting next_dagrun for dataset_consumes_1 to None, run_after=None
[2022-11-28T15:47:27.817+0000] {logging_mixin.py:137} INFO - [2022-11-28T15:47:27.817+0000] {dag.py:3340} INFO - Setting next_dagrun for dataset_consumes_1_and_2 to None, run_after=None
[2022-11-28T15:47:27.819+0000] {logging_mixin.py:137} INFO - [2022-11-28T15:47:27.819+0000] {dag.py:3340} INFO - Setting next_dagrun for dataset_consumes_1_never_scheduled to None, run_after=None
[2022-11-28T15:47:27.822+0000] {logging_mixin.py:137} INFO - [2022-11-28T15:47:27.822+0000] {dag.py:3340} INFO - Setting next_dagrun for dataset_consumes_unknown_never_scheduled to None, run_after=None
[2022-11-28T15:47:27.825+0000] {logging_mixin.py:137} INFO - [2022-11-28T15:47:27.825+0000] {dag.py:3340} INFO - Setting next_dagrun for dataset_produces_1 to 2022-11-27T00:00:00+00:00, run_after=2022-11-28T00:00:00+00:00
[2022-11-28T15:47:27.827+0000] {logging_mixin.py:137} INFO - [2022-11-28T15:47:27.826+0000] {dag.py:3340} INFO - Setting next_dagrun for dataset_produces_2 to None, run_after=None
[2022-11-28T15:47:27.856+0000] {processor.py:176} INFO - Processing /home/airflow/.local/lib/python3.7/site-packages/airflow/example_dags/example_datasets.py took 0.110 seconds
[2022-11-28T15:47:58.327+0000] {processor.py:154} INFO - Started process (PID=1170) to work on /home/airflow/.local/lib/python3.7/site-packages/airflow/example_dags/example_datasets.py
[2022-11-28T15:47:58.328+0000] {processor.py:756} INFO - Processing file /home/airflow/.local/lib/python3.7/site-packages/airflow/example_dags/example_datasets.py for tasks to queue
[2022-11-28T15:47:58.330+0000] {logging_mixin.py:137} INFO - [2022-11-28T15:47:58.329+0000] {dagbag.py:537} INFO - Filling up the DagBag from /home/airflow/.local/lib/python3.7/site-packages/airflow/example_dags/example_datasets.py
[2022-11-28T15:47:58.340+0000] {processor.py:766} INFO - DAG(s) dict_keys(['dataset_produces_2', 'dataset_consumes_unknown_never_scheduled', 'dataset_consumes_1', 'dataset_consumes_1_never_scheduled', 'dataset_consumes_1_and_2', 'dataset_produces_1']) retrieved from /home/airflow/.local/lib/python3.7/site-packages/airflow/example_dags/example_datasets.py
[2022-11-28T15:47:58.380+0000] {logging_mixin.py:137} INFO - [2022-11-28T15:47:58.380+0000] {dag.py:2585} INFO - Sync 6 DAGs
[2022-11-28T15:47:58.397+0000] {logging_mixin.py:137} INFO - [2022-11-28T15:47:58.397+0000] {dag.py:3340} INFO - Setting next_dagrun for dataset_consumes_1 to None, run_after=None
[2022-11-28T15:47:58.400+0000] {logging_mixin.py:137} INFO - [2022-11-28T15:47:58.400+0000] {dag.py:3340} INFO - Setting next_dagrun for dataset_consumes_1_and_2 to None, run_after=None
[2022-11-28T15:47:58.402+0000] {logging_mixin.py:137} INFO - [2022-11-28T15:47:58.402+0000] {dag.py:3340} INFO - Setting next_dagrun for dataset_consumes_1_never_scheduled to None, run_after=None
[2022-11-28T15:47:58.403+0000] {logging_mixin.py:137} INFO - [2022-11-28T15:47:58.403+0000] {dag.py:3340} INFO - Setting next_dagrun for dataset_consumes_unknown_never_scheduled to None, run_after=None
[2022-11-28T15:47:58.405+0000] {logging_mixin.py:137} INFO - [2022-11-28T15:47:58.405+0000] {dag.py:3340} INFO - Setting next_dagrun for dataset_produces_1 to 2022-11-27T00:00:00+00:00, run_after=2022-11-28T00:00:00+00:00
[2022-11-28T15:47:58.407+0000] {logging_mixin.py:137} INFO - [2022-11-28T15:47:58.407+0000] {dag.py:3340} INFO - Setting next_dagrun for dataset_produces_2 to None, run_after=None
[2022-11-28T15:47:58.426+0000] {processor.py:176} INFO - Processing /home/airflow/.local/lib/python3.7/site-packages/airflow/example_dags/example_datasets.py took 0.102 seconds
[2022-11-28T15:48:29.521+0000] {processor.py:154} INFO - Started process (PID=1234) to work on /home/airflow/.local/lib/python3.7/site-packages/airflow/example_dags/example_datasets.py
[2022-11-28T15:48:29.524+0000] {processor.py:756} INFO - Processing file /home/airflow/.local/lib/python3.7/site-packages/airflow/example_dags/example_datasets.py for tasks to queue
[2022-11-28T15:48:29.526+0000] {logging_mixin.py:137} INFO - [2022-11-28T15:48:29.526+0000] {dagbag.py:537} INFO - Filling up the DagBag from /home/airflow/.local/lib/python3.7/site-packages/airflow/example_dags/example_datasets.py
[2022-11-28T15:48:29.538+0000] {processor.py:766} INFO - DAG(s) dict_keys(['dataset_consumes_1_and_2', 'dataset_consumes_1_never_scheduled', 'dataset_consumes_unknown_never_scheduled', 'dataset_produces_2', 'dataset_consumes_1', 'dataset_produces_1']) retrieved from /home/airflow/.local/lib/python3.7/site-packages/airflow/example_dags/example_datasets.py
[2022-11-28T15:48:29.575+0000] {logging_mixin.py:137} INFO - [2022-11-28T15:48:29.575+0000] {dag.py:2585} INFO - Sync 6 DAGs
[2022-11-28T15:48:29.592+0000] {logging_mixin.py:137} INFO - [2022-11-28T15:48:29.592+0000] {dag.py:3340} INFO - Setting next_dagrun for dataset_consumes_1 to None, run_after=None
[2022-11-28T15:48:29.595+0000] {logging_mixin.py:137} INFO - [2022-11-28T15:48:29.595+0000] {dag.py:3340} INFO - Setting next_dagrun for dataset_consumes_1_and_2 to None, run_after=None
[2022-11-28T15:48:29.597+0000] {logging_mixin.py:137} INFO - [2022-11-28T15:48:29.597+0000] {dag.py:3340} INFO - Setting next_dagrun for dataset_consumes_1_never_scheduled to None, run_after=None
[2022-11-28T15:48:29.599+0000] {logging_mixin.py:137} INFO - [2022-11-28T15:48:29.598+0000] {dag.py:3340} INFO - Setting next_dagrun for dataset_consumes_unknown_never_scheduled to None, run_after=None
[2022-11-28T15:48:29.601+0000] {logging_mixin.py:137} INFO - [2022-11-28T15:48:29.601+0000] {dag.py:3340} INFO - Setting next_dagrun for dataset_produces_1 to 2022-11-27T00:00:00+00:00, run_after=2022-11-28T00:00:00+00:00
[2022-11-28T15:48:29.603+0000] {logging_mixin.py:137} INFO - [2022-11-28T15:48:29.603+0000] {dag.py:3340} INFO - Setting next_dagrun for dataset_produces_2 to None, run_after=None
[2022-11-28T15:48:29.625+0000] {processor.py:176} INFO - Processing /home/airflow/.local/lib/python3.7/site-packages/airflow/example_dags/example_datasets.py took 0.108 seconds
[2022-11-28T15:49:00.168+0000] {processor.py:154} INFO - Started process (PID=1296) to work on /home/airflow/.local/lib/python3.7/site-packages/airflow/example_dags/example_datasets.py
[2022-11-28T15:49:00.170+0000] {processor.py:756} INFO - Processing file /home/airflow/.local/lib/python3.7/site-packages/airflow/example_dags/example_datasets.py for tasks to queue
[2022-11-28T15:49:00.171+0000] {logging_mixin.py:137} INFO - [2022-11-28T15:49:00.171+0000] {dagbag.py:537} INFO - Filling up the DagBag from /home/airflow/.local/lib/python3.7/site-packages/airflow/example_dags/example_datasets.py
[2022-11-28T15:49:00.183+0000] {processor.py:766} INFO - DAG(s) dict_keys(['dataset_produces_1', 'dataset_consumes_1', 'dataset_consumes_unknown_never_scheduled', 'dataset_produces_2', 'dataset_consumes_1_never_scheduled', 'dataset_consumes_1_and_2']) retrieved from /home/airflow/.local/lib/python3.7/site-packages/airflow/example_dags/example_datasets.py
[2022-11-28T15:49:00.217+0000] {logging_mixin.py:137} INFO - [2022-11-28T15:49:00.217+0000] {dag.py:2585} INFO - Sync 6 DAGs
[2022-11-28T15:49:00.232+0000] {logging_mixin.py:137} INFO - [2022-11-28T15:49:00.232+0000] {dag.py:3340} INFO - Setting next_dagrun for dataset_consumes_1 to None, run_after=None
[2022-11-28T15:49:00.235+0000] {logging_mixin.py:137} INFO - [2022-11-28T15:49:00.235+0000] {dag.py:3340} INFO - Setting next_dagrun for dataset_consumes_1_and_2 to None, run_after=None
[2022-11-28T15:49:00.237+0000] {logging_mixin.py:137} INFO - [2022-11-28T15:49:00.237+0000] {dag.py:3340} INFO - Setting next_dagrun for dataset_consumes_1_never_scheduled to None, run_after=None
[2022-11-28T15:49:00.239+0000] {logging_mixin.py:137} INFO - [2022-11-28T15:49:00.239+0000] {dag.py:3340} INFO - Setting next_dagrun for dataset_consumes_unknown_never_scheduled to None, run_after=None
[2022-11-28T15:49:00.242+0000] {logging_mixin.py:137} INFO - [2022-11-28T15:49:00.242+0000] {dag.py:3340} INFO - Setting next_dagrun for dataset_produces_1 to 2022-11-27T00:00:00+00:00, run_after=2022-11-28T00:00:00+00:00
[2022-11-28T15:49:00.243+0000] {logging_mixin.py:137} INFO - [2022-11-28T15:49:00.243+0000] {dag.py:3340} INFO - Setting next_dagrun for dataset_produces_2 to None, run_after=None
[2022-11-28T15:49:00.264+0000] {processor.py:176} INFO - Processing /home/airflow/.local/lib/python3.7/site-packages/airflow/example_dags/example_datasets.py took 0.098 seconds
[2022-11-28T15:49:30.786+0000] {processor.py:154} INFO - Started process (PID=1351) to work on /home/airflow/.local/lib/python3.7/site-packages/airflow/example_dags/example_datasets.py
[2022-11-28T15:49:30.788+0000] {processor.py:756} INFO - Processing file /home/airflow/.local/lib/python3.7/site-packages/airflow/example_dags/example_datasets.py for tasks to queue
[2022-11-28T15:49:30.790+0000] {logging_mixin.py:137} INFO - [2022-11-28T15:49:30.790+0000] {dagbag.py:537} INFO - Filling up the DagBag from /home/airflow/.local/lib/python3.7/site-packages/airflow/example_dags/example_datasets.py
[2022-11-28T15:49:30.803+0000] {processor.py:766} INFO - DAG(s) dict_keys(['dataset_consumes_1_and_2', 'dataset_consumes_1_never_scheduled', 'dataset_consumes_unknown_never_scheduled', 'dataset_consumes_1', 'dataset_produces_1', 'dataset_produces_2']) retrieved from /home/airflow/.local/lib/python3.7/site-packages/airflow/example_dags/example_datasets.py
[2022-11-28T15:49:30.845+0000] {logging_mixin.py:137} INFO - [2022-11-28T15:49:30.845+0000] {dag.py:2585} INFO - Sync 6 DAGs
[2022-11-28T15:49:30.870+0000] {logging_mixin.py:137} INFO - [2022-11-28T15:49:30.870+0000] {dag.py:3340} INFO - Setting next_dagrun for dataset_consumes_1 to None, run_after=None
[2022-11-28T15:49:30.875+0000] {logging_mixin.py:137} INFO - [2022-11-28T15:49:30.875+0000] {dag.py:3340} INFO - Setting next_dagrun for dataset_consumes_1_and_2 to None, run_after=None
[2022-11-28T15:49:30.878+0000] {logging_mixin.py:137} INFO - [2022-11-28T15:49:30.878+0000] {dag.py:3340} INFO - Setting next_dagrun for dataset_consumes_1_never_scheduled to None, run_after=None
[2022-11-28T15:49:30.881+0000] {logging_mixin.py:137} INFO - [2022-11-28T15:49:30.880+0000] {dag.py:3340} INFO - Setting next_dagrun for dataset_consumes_unknown_never_scheduled to None, run_after=None
[2022-11-28T15:49:30.888+0000] {logging_mixin.py:137} INFO - [2022-11-28T15:49:30.888+0000] {dag.py:3340} INFO - Setting next_dagrun for dataset_produces_1 to 2022-11-27T00:00:00+00:00, run_after=2022-11-28T00:00:00+00:00
[2022-11-28T15:49:30.892+0000] {logging_mixin.py:137} INFO - [2022-11-28T15:49:30.891+0000] {dag.py:3340} INFO - Setting next_dagrun for dataset_produces_2 to None, run_after=None
[2022-11-28T15:49:30.915+0000] {processor.py:176} INFO - Processing /home/airflow/.local/lib/python3.7/site-packages/airflow/example_dags/example_datasets.py took 0.132 seconds
