[2022-11-28T15:35:18.506+0000] {processor.py:154} INFO - Started process (PID=64) to work on /home/airflow/.local/lib/python3.7/site-packages/airflow/example_dags/example_sla_dag.py
[2022-11-28T15:35:18.509+0000] {processor.py:756} INFO - Processing file /home/airflow/.local/lib/python3.7/site-packages/airflow/example_dags/example_sla_dag.py for tasks to queue
[2022-11-28T15:35:18.512+0000] {logging_mixin.py:137} INFO - [2022-11-28T15:35:18.512+0000] {dagbag.py:537} INFO - Filling up the DagBag from /home/airflow/.local/lib/python3.7/site-packages/airflow/example_dags/example_sla_dag.py
[2022-11-28T15:35:18.556+0000] {processor.py:766} INFO - DAG(s) dict_keys(['example_sla_dag']) retrieved from /home/airflow/.local/lib/python3.7/site-packages/airflow/example_dags/example_sla_dag.py
[2022-11-28T15:35:18.639+0000] {logging_mixin.py:137} INFO - [2022-11-28T15:35:18.639+0000] {dag.py:2585} INFO - Sync 1 DAGs
[2022-11-28T15:35:18.731+0000] {logging_mixin.py:137} INFO - [2022-11-28T15:35:18.731+0000] {dag.py:3340} INFO - Setting next_dagrun for example_sla_dag to 2022-11-28T15:32:00+00:00, run_after=2022-11-28T15:34:00+00:00
[2022-11-28T15:35:18.827+0000] {processor.py:176} INFO - Processing /home/airflow/.local/lib/python3.7/site-packages/airflow/example_dags/example_sla_dag.py took 0.324 seconds
[2022-11-28T15:35:49.632+0000] {processor.py:154} INFO - Started process (PID=118) to work on /home/airflow/.local/lib/python3.7/site-packages/airflow/example_dags/example_sla_dag.py
[2022-11-28T15:35:49.634+0000] {processor.py:756} INFO - Processing file /home/airflow/.local/lib/python3.7/site-packages/airflow/example_dags/example_sla_dag.py for tasks to queue
[2022-11-28T15:35:49.640+0000] {logging_mixin.py:137} INFO - [2022-11-28T15:35:49.640+0000] {dagbag.py:537} INFO - Filling up the DagBag from /home/airflow/.local/lib/python3.7/site-packages/airflow/example_dags/example_sla_dag.py
[2022-11-28T15:35:49.664+0000] {processor.py:766} INFO - DAG(s) dict_keys(['example_sla_dag']) retrieved from /home/airflow/.local/lib/python3.7/site-packages/airflow/example_dags/example_sla_dag.py
[2022-11-28T15:35:49.700+0000] {logging_mixin.py:137} INFO - [2022-11-28T15:35:49.700+0000] {dag.py:2585} INFO - Sync 1 DAGs
[2022-11-28T15:35:49.729+0000] {logging_mixin.py:137} INFO - [2022-11-28T15:35:49.729+0000] {dag.py:3340} INFO - Setting next_dagrun for example_sla_dag to 2022-11-28T15:32:00+00:00, run_after=2022-11-28T15:34:00+00:00
[2022-11-28T15:35:49.752+0000] {processor.py:176} INFO - Processing /home/airflow/.local/lib/python3.7/site-packages/airflow/example_dags/example_sla_dag.py took 0.125 seconds
[2022-11-28T15:36:19.944+0000] {processor.py:154} INFO - Started process (PID=182) to work on /home/airflow/.local/lib/python3.7/site-packages/airflow/example_dags/example_sla_dag.py
[2022-11-28T15:36:19.948+0000] {processor.py:756} INFO - Processing file /home/airflow/.local/lib/python3.7/site-packages/airflow/example_dags/example_sla_dag.py for tasks to queue
[2022-11-28T15:36:19.950+0000] {logging_mixin.py:137} INFO - [2022-11-28T15:36:19.950+0000] {dagbag.py:537} INFO - Filling up the DagBag from /home/airflow/.local/lib/python3.7/site-packages/airflow/example_dags/example_sla_dag.py
[2022-11-28T15:36:19.969+0000] {processor.py:766} INFO - DAG(s) dict_keys(['example_sla_dag']) retrieved from /home/airflow/.local/lib/python3.7/site-packages/airflow/example_dags/example_sla_dag.py
[2022-11-28T15:36:20.002+0000] {logging_mixin.py:137} INFO - [2022-11-28T15:36:20.002+0000] {dag.py:2585} INFO - Sync 1 DAGs
[2022-11-28T15:36:20.025+0000] {logging_mixin.py:137} INFO - [2022-11-28T15:36:20.025+0000] {dag.py:3340} INFO - Setting next_dagrun for example_sla_dag to 2022-11-28T15:34:00+00:00, run_after=2022-11-28T15:36:00+00:00
[2022-11-28T15:36:20.045+0000] {processor.py:176} INFO - Processing /home/airflow/.local/lib/python3.7/site-packages/airflow/example_dags/example_sla_dag.py took 0.104 seconds
[2022-11-28T15:38:44.075+0000] {processor.py:154} INFO - Started process (PID=56) to work on /home/airflow/.local/lib/python3.7/site-packages/airflow/example_dags/example_sla_dag.py
[2022-11-28T15:38:44.081+0000] {processor.py:756} INFO - Processing file /home/airflow/.local/lib/python3.7/site-packages/airflow/example_dags/example_sla_dag.py for tasks to queue
[2022-11-28T15:38:44.088+0000] {logging_mixin.py:137} INFO - [2022-11-28T15:38:44.088+0000] {dagbag.py:537} INFO - Filling up the DagBag from /home/airflow/.local/lib/python3.7/site-packages/airflow/example_dags/example_sla_dag.py
[2022-11-28T15:38:44.145+0000] {processor.py:766} INFO - DAG(s) dict_keys(['example_sla_dag']) retrieved from /home/airflow/.local/lib/python3.7/site-packages/airflow/example_dags/example_sla_dag.py
[2022-11-28T15:38:44.190+0000] {logging_mixin.py:137} INFO - [2022-11-28T15:38:44.189+0000] {dag.py:2585} INFO - Sync 1 DAGs
[2022-11-28T15:38:44.225+0000] {logging_mixin.py:137} INFO - [2022-11-28T15:38:44.225+0000] {dag.py:3340} INFO - Setting next_dagrun for example_sla_dag to 2022-11-28T15:36:00+00:00, run_after=2022-11-28T15:38:00+00:00
[2022-11-28T15:38:44.252+0000] {processor.py:176} INFO - Processing /home/airflow/.local/lib/python3.7/site-packages/airflow/example_dags/example_sla_dag.py took 0.180 seconds
[2022-11-28T15:39:14.316+0000] {processor.py:154} INFO - Started process (PID=118) to work on /home/airflow/.local/lib/python3.7/site-packages/airflow/example_dags/example_sla_dag.py
[2022-11-28T15:39:14.317+0000] {processor.py:756} INFO - Processing file /home/airflow/.local/lib/python3.7/site-packages/airflow/example_dags/example_sla_dag.py for tasks to queue
[2022-11-28T15:39:14.319+0000] {logging_mixin.py:137} INFO - [2022-11-28T15:39:14.319+0000] {dagbag.py:537} INFO - Filling up the DagBag from /home/airflow/.local/lib/python3.7/site-packages/airflow/example_dags/example_sla_dag.py
[2022-11-28T15:39:14.334+0000] {processor.py:766} INFO - DAG(s) dict_keys(['example_sla_dag']) retrieved from /home/airflow/.local/lib/python3.7/site-packages/airflow/example_dags/example_sla_dag.py
[2022-11-28T15:39:14.363+0000] {logging_mixin.py:137} INFO - [2022-11-28T15:39:14.363+0000] {dag.py:2585} INFO - Sync 1 DAGs
[2022-11-28T15:39:14.385+0000] {logging_mixin.py:137} INFO - [2022-11-28T15:39:14.385+0000] {dag.py:3340} INFO - Setting next_dagrun for example_sla_dag to 2022-11-28T15:36:00+00:00, run_after=2022-11-28T15:38:00+00:00
[2022-11-28T15:39:14.398+0000] {processor.py:176} INFO - Processing /home/airflow/.local/lib/python3.7/site-packages/airflow/example_dags/example_sla_dag.py took 0.086 seconds
[2022-11-28T15:39:44.871+0000] {processor.py:154} INFO - Started process (PID=182) to work on /home/airflow/.local/lib/python3.7/site-packages/airflow/example_dags/example_sla_dag.py
[2022-11-28T15:39:44.873+0000] {processor.py:756} INFO - Processing file /home/airflow/.local/lib/python3.7/site-packages/airflow/example_dags/example_sla_dag.py for tasks to queue
[2022-11-28T15:39:44.874+0000] {logging_mixin.py:137} INFO - [2022-11-28T15:39:44.874+0000] {dagbag.py:537} INFO - Filling up the DagBag from /home/airflow/.local/lib/python3.7/site-packages/airflow/example_dags/example_sla_dag.py
[2022-11-28T15:39:44.890+0000] {processor.py:766} INFO - DAG(s) dict_keys(['example_sla_dag']) retrieved from /home/airflow/.local/lib/python3.7/site-packages/airflow/example_dags/example_sla_dag.py
[2022-11-28T15:39:44.919+0000] {logging_mixin.py:137} INFO - [2022-11-28T15:39:44.919+0000] {dag.py:2585} INFO - Sync 1 DAGs
[2022-11-28T15:39:44.939+0000] {logging_mixin.py:137} INFO - [2022-11-28T15:39:44.939+0000] {dag.py:3340} INFO - Setting next_dagrun for example_sla_dag to 2022-11-28T15:36:00+00:00, run_after=2022-11-28T15:38:00+00:00
[2022-11-28T15:39:44.952+0000] {processor.py:176} INFO - Processing /home/airflow/.local/lib/python3.7/site-packages/airflow/example_dags/example_sla_dag.py took 0.085 seconds
[2022-11-28T15:40:15.935+0000] {processor.py:154} INFO - Started process (PID=245) to work on /home/airflow/.local/lib/python3.7/site-packages/airflow/example_dags/example_sla_dag.py
[2022-11-28T15:40:15.937+0000] {processor.py:756} INFO - Processing file /home/airflow/.local/lib/python3.7/site-packages/airflow/example_dags/example_sla_dag.py for tasks to queue
[2022-11-28T15:40:15.940+0000] {logging_mixin.py:137} INFO - [2022-11-28T15:40:15.940+0000] {dagbag.py:537} INFO - Filling up the DagBag from /home/airflow/.local/lib/python3.7/site-packages/airflow/example_dags/example_sla_dag.py
[2022-11-28T15:40:15.955+0000] {processor.py:766} INFO - DAG(s) dict_keys(['example_sla_dag']) retrieved from /home/airflow/.local/lib/python3.7/site-packages/airflow/example_dags/example_sla_dag.py
[2022-11-28T15:40:15.982+0000] {logging_mixin.py:137} INFO - [2022-11-28T15:40:15.982+0000] {dag.py:2585} INFO - Sync 1 DAGs
[2022-11-28T15:40:16.000+0000] {logging_mixin.py:137} INFO - [2022-11-28T15:40:16.000+0000] {dag.py:3340} INFO - Setting next_dagrun for example_sla_dag to 2022-11-28T15:38:00+00:00, run_after=2022-11-28T15:40:00+00:00
[2022-11-28T15:40:16.013+0000] {processor.py:176} INFO - Processing /home/airflow/.local/lib/python3.7/site-packages/airflow/example_dags/example_sla_dag.py took 0.080 seconds
[2022-11-28T15:40:46.733+0000] {processor.py:154} INFO - Started process (PID=299) to work on /home/airflow/.local/lib/python3.7/site-packages/airflow/example_dags/example_sla_dag.py
[2022-11-28T15:40:46.735+0000] {processor.py:756} INFO - Processing file /home/airflow/.local/lib/python3.7/site-packages/airflow/example_dags/example_sla_dag.py for tasks to queue
[2022-11-28T15:40:46.736+0000] {logging_mixin.py:137} INFO - [2022-11-28T15:40:46.736+0000] {dagbag.py:537} INFO - Filling up the DagBag from /home/airflow/.local/lib/python3.7/site-packages/airflow/example_dags/example_sla_dag.py
[2022-11-28T15:40:46.750+0000] {processor.py:766} INFO - DAG(s) dict_keys(['example_sla_dag']) retrieved from /home/airflow/.local/lib/python3.7/site-packages/airflow/example_dags/example_sla_dag.py
[2022-11-28T15:40:46.777+0000] {logging_mixin.py:137} INFO - [2022-11-28T15:40:46.777+0000] {dag.py:2585} INFO - Sync 1 DAGs
[2022-11-28T15:40:46.796+0000] {logging_mixin.py:137} INFO - [2022-11-28T15:40:46.796+0000] {dag.py:3340} INFO - Setting next_dagrun for example_sla_dag to 2022-11-28T15:38:00+00:00, run_after=2022-11-28T15:40:00+00:00
[2022-11-28T15:40:46.810+0000] {processor.py:176} INFO - Processing /home/airflow/.local/lib/python3.7/site-packages/airflow/example_dags/example_sla_dag.py took 0.080 seconds
[2022-11-28T15:41:18.196+0000] {processor.py:154} INFO - Started process (PID=360) to work on /home/airflow/.local/lib/python3.7/site-packages/airflow/example_dags/example_sla_dag.py
[2022-11-28T15:41:18.198+0000] {processor.py:756} INFO - Processing file /home/airflow/.local/lib/python3.7/site-packages/airflow/example_dags/example_sla_dag.py for tasks to queue
[2022-11-28T15:41:18.200+0000] {logging_mixin.py:137} INFO - [2022-11-28T15:41:18.200+0000] {dagbag.py:537} INFO - Filling up the DagBag from /home/airflow/.local/lib/python3.7/site-packages/airflow/example_dags/example_sla_dag.py
[2022-11-28T15:41:18.216+0000] {processor.py:766} INFO - DAG(s) dict_keys(['example_sla_dag']) retrieved from /home/airflow/.local/lib/python3.7/site-packages/airflow/example_dags/example_sla_dag.py
[2022-11-28T15:41:18.244+0000] {logging_mixin.py:137} INFO - [2022-11-28T15:41:18.244+0000] {dag.py:2585} INFO - Sync 1 DAGs
[2022-11-28T15:41:18.267+0000] {logging_mixin.py:137} INFO - [2022-11-28T15:41:18.267+0000] {dag.py:3340} INFO - Setting next_dagrun for example_sla_dag to 2022-11-28T15:38:00+00:00, run_after=2022-11-28T15:40:00+00:00
[2022-11-28T15:41:18.286+0000] {processor.py:176} INFO - Processing /home/airflow/.local/lib/python3.7/site-packages/airflow/example_dags/example_sla_dag.py took 0.093 seconds
[2022-11-28T15:41:48.926+0000] {processor.py:154} INFO - Started process (PID=423) to work on /home/airflow/.local/lib/python3.7/site-packages/airflow/example_dags/example_sla_dag.py
[2022-11-28T15:41:48.928+0000] {processor.py:756} INFO - Processing file /home/airflow/.local/lib/python3.7/site-packages/airflow/example_dags/example_sla_dag.py for tasks to queue
[2022-11-28T15:41:48.930+0000] {logging_mixin.py:137} INFO - [2022-11-28T15:41:48.930+0000] {dagbag.py:537} INFO - Filling up the DagBag from /home/airflow/.local/lib/python3.7/site-packages/airflow/example_dags/example_sla_dag.py
[2022-11-28T15:41:48.947+0000] {processor.py:766} INFO - DAG(s) dict_keys(['example_sla_dag']) retrieved from /home/airflow/.local/lib/python3.7/site-packages/airflow/example_dags/example_sla_dag.py
[2022-11-28T15:41:48.975+0000] {logging_mixin.py:137} INFO - [2022-11-28T15:41:48.975+0000] {dag.py:2585} INFO - Sync 1 DAGs
[2022-11-28T15:41:48.996+0000] {logging_mixin.py:137} INFO - [2022-11-28T15:41:48.996+0000] {dag.py:3340} INFO - Setting next_dagrun for example_sla_dag to 2022-11-28T15:38:00+00:00, run_after=2022-11-28T15:40:00+00:00
[2022-11-28T15:41:49.016+0000] {processor.py:176} INFO - Processing /home/airflow/.local/lib/python3.7/site-packages/airflow/example_dags/example_sla_dag.py took 0.092 seconds
[2022-11-28T15:42:19.578+0000] {processor.py:154} INFO - Started process (PID=486) to work on /home/airflow/.local/lib/python3.7/site-packages/airflow/example_dags/example_sla_dag.py
[2022-11-28T15:42:19.580+0000] {processor.py:756} INFO - Processing file /home/airflow/.local/lib/python3.7/site-packages/airflow/example_dags/example_sla_dag.py for tasks to queue
[2022-11-28T15:42:19.581+0000] {logging_mixin.py:137} INFO - [2022-11-28T15:42:19.581+0000] {dagbag.py:537} INFO - Filling up the DagBag from /home/airflow/.local/lib/python3.7/site-packages/airflow/example_dags/example_sla_dag.py
[2022-11-28T15:42:19.597+0000] {processor.py:766} INFO - DAG(s) dict_keys(['example_sla_dag']) retrieved from /home/airflow/.local/lib/python3.7/site-packages/airflow/example_dags/example_sla_dag.py
[2022-11-28T15:42:19.634+0000] {logging_mixin.py:137} INFO - [2022-11-28T15:42:19.634+0000] {dag.py:2585} INFO - Sync 1 DAGs
[2022-11-28T15:42:19.653+0000] {logging_mixin.py:137} INFO - [2022-11-28T15:42:19.653+0000] {dag.py:3340} INFO - Setting next_dagrun for example_sla_dag to 2022-11-28T15:40:00+00:00, run_after=2022-11-28T15:42:00+00:00
[2022-11-28T15:42:19.666+0000] {processor.py:176} INFO - Processing /home/airflow/.local/lib/python3.7/site-packages/airflow/example_dags/example_sla_dag.py took 0.090 seconds
[2022-11-28T15:42:49.776+0000] {processor.py:154} INFO - Started process (PID=548) to work on /home/airflow/.local/lib/python3.7/site-packages/airflow/example_dags/example_sla_dag.py
[2022-11-28T15:42:49.778+0000] {processor.py:756} INFO - Processing file /home/airflow/.local/lib/python3.7/site-packages/airflow/example_dags/example_sla_dag.py for tasks to queue
[2022-11-28T15:42:49.779+0000] {logging_mixin.py:137} INFO - [2022-11-28T15:42:49.779+0000] {dagbag.py:537} INFO - Filling up the DagBag from /home/airflow/.local/lib/python3.7/site-packages/airflow/example_dags/example_sla_dag.py
[2022-11-28T15:42:49.797+0000] {processor.py:766} INFO - DAG(s) dict_keys(['example_sla_dag']) retrieved from /home/airflow/.local/lib/python3.7/site-packages/airflow/example_dags/example_sla_dag.py
[2022-11-28T15:42:49.830+0000] {logging_mixin.py:137} INFO - [2022-11-28T15:42:49.830+0000] {dag.py:2585} INFO - Sync 1 DAGs
[2022-11-28T15:42:49.863+0000] {logging_mixin.py:137} INFO - [2022-11-28T15:42:49.863+0000] {dag.py:3340} INFO - Setting next_dagrun for example_sla_dag to 2022-11-28T15:40:00+00:00, run_after=2022-11-28T15:42:00+00:00
[2022-11-28T15:42:49.895+0000] {processor.py:176} INFO - Processing /home/airflow/.local/lib/python3.7/site-packages/airflow/example_dags/example_sla_dag.py took 0.120 seconds
[2022-11-28T15:43:20.837+0000] {processor.py:154} INFO - Started process (PID=602) to work on /home/airflow/.local/lib/python3.7/site-packages/airflow/example_dags/example_sla_dag.py
[2022-11-28T15:43:20.839+0000] {processor.py:756} INFO - Processing file /home/airflow/.local/lib/python3.7/site-packages/airflow/example_dags/example_sla_dag.py for tasks to queue
[2022-11-28T15:43:20.840+0000] {logging_mixin.py:137} INFO - [2022-11-28T15:43:20.840+0000] {dagbag.py:537} INFO - Filling up the DagBag from /home/airflow/.local/lib/python3.7/site-packages/airflow/example_dags/example_sla_dag.py
[2022-11-28T15:43:20.857+0000] {processor.py:766} INFO - DAG(s) dict_keys(['example_sla_dag']) retrieved from /home/airflow/.local/lib/python3.7/site-packages/airflow/example_dags/example_sla_dag.py
[2022-11-28T15:43:20.890+0000] {logging_mixin.py:137} INFO - [2022-11-28T15:43:20.890+0000] {dag.py:2585} INFO - Sync 1 DAGs
[2022-11-28T15:43:20.910+0000] {logging_mixin.py:137} INFO - [2022-11-28T15:43:20.910+0000] {dag.py:3340} INFO - Setting next_dagrun for example_sla_dag to 2022-11-28T15:40:00+00:00, run_after=2022-11-28T15:42:00+00:00
[2022-11-28T15:43:20.923+0000] {processor.py:176} INFO - Processing /home/airflow/.local/lib/python3.7/site-packages/airflow/example_dags/example_sla_dag.py took 0.088 seconds
[2022-11-28T15:43:51.938+0000] {processor.py:154} INFO - Started process (PID=665) to work on /home/airflow/.local/lib/python3.7/site-packages/airflow/example_dags/example_sla_dag.py
[2022-11-28T15:43:51.940+0000] {processor.py:756} INFO - Processing file /home/airflow/.local/lib/python3.7/site-packages/airflow/example_dags/example_sla_dag.py for tasks to queue
[2022-11-28T15:43:51.941+0000] {logging_mixin.py:137} INFO - [2022-11-28T15:43:51.941+0000] {dagbag.py:537} INFO - Filling up the DagBag from /home/airflow/.local/lib/python3.7/site-packages/airflow/example_dags/example_sla_dag.py
[2022-11-28T15:43:51.954+0000] {processor.py:766} INFO - DAG(s) dict_keys(['example_sla_dag']) retrieved from /home/airflow/.local/lib/python3.7/site-packages/airflow/example_dags/example_sla_dag.py
[2022-11-28T15:43:51.979+0000] {logging_mixin.py:137} INFO - [2022-11-28T15:43:51.979+0000] {dag.py:2585} INFO - Sync 1 DAGs
[2022-11-28T15:43:51.996+0000] {logging_mixin.py:137} INFO - [2022-11-28T15:43:51.996+0000] {dag.py:3340} INFO - Setting next_dagrun for example_sla_dag to 2022-11-28T15:40:00+00:00, run_after=2022-11-28T15:42:00+00:00
[2022-11-28T15:43:52.008+0000] {processor.py:176} INFO - Processing /home/airflow/.local/lib/python3.7/site-packages/airflow/example_dags/example_sla_dag.py took 0.072 seconds
[2022-11-28T15:44:22.911+0000] {processor.py:154} INFO - Started process (PID=728) to work on /home/airflow/.local/lib/python3.7/site-packages/airflow/example_dags/example_sla_dag.py
[2022-11-28T15:44:22.913+0000] {processor.py:756} INFO - Processing file /home/airflow/.local/lib/python3.7/site-packages/airflow/example_dags/example_sla_dag.py for tasks to queue
[2022-11-28T15:44:22.914+0000] {logging_mixin.py:137} INFO - [2022-11-28T15:44:22.914+0000] {dagbag.py:537} INFO - Filling up the DagBag from /home/airflow/.local/lib/python3.7/site-packages/airflow/example_dags/example_sla_dag.py
[2022-11-28T15:44:22.927+0000] {processor.py:766} INFO - DAG(s) dict_keys(['example_sla_dag']) retrieved from /home/airflow/.local/lib/python3.7/site-packages/airflow/example_dags/example_sla_dag.py
[2022-11-28T15:44:22.954+0000] {logging_mixin.py:137} INFO - [2022-11-28T15:44:22.954+0000] {dag.py:2585} INFO - Sync 1 DAGs
[2022-11-28T15:44:22.970+0000] {logging_mixin.py:137} INFO - [2022-11-28T15:44:22.970+0000] {dag.py:3340} INFO - Setting next_dagrun for example_sla_dag to 2022-11-28T15:42:00+00:00, run_after=2022-11-28T15:44:00+00:00
[2022-11-28T15:44:22.982+0000] {processor.py:176} INFO - Processing /home/airflow/.local/lib/python3.7/site-packages/airflow/example_dags/example_sla_dag.py took 0.073 seconds
[2022-11-28T15:44:53.472+0000] {processor.py:154} INFO - Started process (PID=791) to work on /home/airflow/.local/lib/python3.7/site-packages/airflow/example_dags/example_sla_dag.py
[2022-11-28T15:44:53.474+0000] {processor.py:756} INFO - Processing file /home/airflow/.local/lib/python3.7/site-packages/airflow/example_dags/example_sla_dag.py for tasks to queue
[2022-11-28T15:44:53.475+0000] {logging_mixin.py:137} INFO - [2022-11-28T15:44:53.475+0000] {dagbag.py:537} INFO - Filling up the DagBag from /home/airflow/.local/lib/python3.7/site-packages/airflow/example_dags/example_sla_dag.py
[2022-11-28T15:44:53.489+0000] {processor.py:766} INFO - DAG(s) dict_keys(['example_sla_dag']) retrieved from /home/airflow/.local/lib/python3.7/site-packages/airflow/example_dags/example_sla_dag.py
[2022-11-28T15:44:53.518+0000] {logging_mixin.py:137} INFO - [2022-11-28T15:44:53.518+0000] {dag.py:2585} INFO - Sync 1 DAGs
[2022-11-28T15:44:53.535+0000] {logging_mixin.py:137} INFO - [2022-11-28T15:44:53.535+0000] {dag.py:3340} INFO - Setting next_dagrun for example_sla_dag to 2022-11-28T15:42:00+00:00, run_after=2022-11-28T15:44:00+00:00
[2022-11-28T15:44:53.549+0000] {processor.py:176} INFO - Processing /home/airflow/.local/lib/python3.7/site-packages/airflow/example_dags/example_sla_dag.py took 0.079 seconds
[2022-11-28T15:45:24.515+0000] {processor.py:154} INFO - Started process (PID=854) to work on /home/airflow/.local/lib/python3.7/site-packages/airflow/example_dags/example_sla_dag.py
[2022-11-28T15:45:24.517+0000] {processor.py:756} INFO - Processing file /home/airflow/.local/lib/python3.7/site-packages/airflow/example_dags/example_sla_dag.py for tasks to queue
[2022-11-28T15:45:24.521+0000] {logging_mixin.py:137} INFO - [2022-11-28T15:45:24.521+0000] {dagbag.py:537} INFO - Filling up the DagBag from /home/airflow/.local/lib/python3.7/site-packages/airflow/example_dags/example_sla_dag.py
[2022-11-28T15:45:24.535+0000] {processor.py:766} INFO - DAG(s) dict_keys(['example_sla_dag']) retrieved from /home/airflow/.local/lib/python3.7/site-packages/airflow/example_dags/example_sla_dag.py
[2022-11-28T15:45:24.562+0000] {logging_mixin.py:137} INFO - [2022-11-28T15:45:24.562+0000] {dag.py:2585} INFO - Sync 1 DAGs
[2022-11-28T15:45:24.579+0000] {logging_mixin.py:137} INFO - [2022-11-28T15:45:24.579+0000] {dag.py:3340} INFO - Setting next_dagrun for example_sla_dag to 2022-11-28T15:42:00+00:00, run_after=2022-11-28T15:44:00+00:00
[2022-11-28T15:45:24.591+0000] {processor.py:176} INFO - Processing /home/airflow/.local/lib/python3.7/site-packages/airflow/example_dags/example_sla_dag.py took 0.078 seconds
[2022-11-28T15:45:55.190+0000] {processor.py:154} INFO - Started process (PID=919) to work on /home/airflow/.local/lib/python3.7/site-packages/airflow/example_dags/example_sla_dag.py
[2022-11-28T15:45:55.192+0000] {processor.py:756} INFO - Processing file /home/airflow/.local/lib/python3.7/site-packages/airflow/example_dags/example_sla_dag.py for tasks to queue
[2022-11-28T15:45:55.193+0000] {logging_mixin.py:137} INFO - [2022-11-28T15:45:55.193+0000] {dagbag.py:537} INFO - Filling up the DagBag from /home/airflow/.local/lib/python3.7/site-packages/airflow/example_dags/example_sla_dag.py
[2022-11-28T15:45:55.214+0000] {processor.py:766} INFO - DAG(s) dict_keys(['example_sla_dag']) retrieved from /home/airflow/.local/lib/python3.7/site-packages/airflow/example_dags/example_sla_dag.py
[2022-11-28T15:45:55.242+0000] {logging_mixin.py:137} INFO - [2022-11-28T15:45:55.242+0000] {dag.py:2585} INFO - Sync 1 DAGs
[2022-11-28T15:45:55.263+0000] {logging_mixin.py:137} INFO - [2022-11-28T15:45:55.263+0000] {dag.py:3340} INFO - Setting next_dagrun for example_sla_dag to 2022-11-28T15:42:00+00:00, run_after=2022-11-28T15:44:00+00:00
[2022-11-28T15:45:55.278+0000] {processor.py:176} INFO - Processing /home/airflow/.local/lib/python3.7/site-packages/airflow/example_dags/example_sla_dag.py took 0.091 seconds
[2022-11-28T15:46:25.913+0000] {processor.py:154} INFO - Started process (PID=974) to work on /home/airflow/.local/lib/python3.7/site-packages/airflow/example_dags/example_sla_dag.py
[2022-11-28T15:46:25.915+0000] {processor.py:756} INFO - Processing file /home/airflow/.local/lib/python3.7/site-packages/airflow/example_dags/example_sla_dag.py for tasks to queue
[2022-11-28T15:46:25.916+0000] {logging_mixin.py:137} INFO - [2022-11-28T15:46:25.916+0000] {dagbag.py:537} INFO - Filling up the DagBag from /home/airflow/.local/lib/python3.7/site-packages/airflow/example_dags/example_sla_dag.py
[2022-11-28T15:46:25.930+0000] {processor.py:766} INFO - DAG(s) dict_keys(['example_sla_dag']) retrieved from /home/airflow/.local/lib/python3.7/site-packages/airflow/example_dags/example_sla_dag.py
[2022-11-28T15:46:25.958+0000] {logging_mixin.py:137} INFO - [2022-11-28T15:46:25.957+0000] {dag.py:2585} INFO - Sync 1 DAGs
[2022-11-28T15:46:25.974+0000] {logging_mixin.py:137} INFO - [2022-11-28T15:46:25.974+0000] {dag.py:3340} INFO - Setting next_dagrun for example_sla_dag to 2022-11-28T15:44:00+00:00, run_after=2022-11-28T15:46:00+00:00
[2022-11-28T15:46:25.989+0000] {processor.py:176} INFO - Processing /home/airflow/.local/lib/python3.7/site-packages/airflow/example_dags/example_sla_dag.py took 0.078 seconds
[2022-11-28T15:46:56.795+0000] {processor.py:154} INFO - Started process (PID=1037) to work on /home/airflow/.local/lib/python3.7/site-packages/airflow/example_dags/example_sla_dag.py
[2022-11-28T15:46:56.797+0000] {processor.py:756} INFO - Processing file /home/airflow/.local/lib/python3.7/site-packages/airflow/example_dags/example_sla_dag.py for tasks to queue
[2022-11-28T15:46:56.799+0000] {logging_mixin.py:137} INFO - [2022-11-28T15:46:56.799+0000] {dagbag.py:537} INFO - Filling up the DagBag from /home/airflow/.local/lib/python3.7/site-packages/airflow/example_dags/example_sla_dag.py
[2022-11-28T15:46:56.818+0000] {processor.py:766} INFO - DAG(s) dict_keys(['example_sla_dag']) retrieved from /home/airflow/.local/lib/python3.7/site-packages/airflow/example_dags/example_sla_dag.py
[2022-11-28T15:46:56.853+0000] {logging_mixin.py:137} INFO - [2022-11-28T15:46:56.853+0000] {dag.py:2585} INFO - Sync 1 DAGs
[2022-11-28T15:46:56.872+0000] {logging_mixin.py:137} INFO - [2022-11-28T15:46:56.872+0000] {dag.py:3340} INFO - Setting next_dagrun for example_sla_dag to 2022-11-28T15:44:00+00:00, run_after=2022-11-28T15:46:00+00:00
[2022-11-28T15:46:56.888+0000] {processor.py:176} INFO - Processing /home/airflow/.local/lib/python3.7/site-packages/airflow/example_dags/example_sla_dag.py took 0.095 seconds
[2022-11-28T15:47:27.543+0000] {processor.py:154} INFO - Started process (PID=1101) to work on /home/airflow/.local/lib/python3.7/site-packages/airflow/example_dags/example_sla_dag.py
[2022-11-28T15:47:27.545+0000] {processor.py:756} INFO - Processing file /home/airflow/.local/lib/python3.7/site-packages/airflow/example_dags/example_sla_dag.py for tasks to queue
[2022-11-28T15:47:27.546+0000] {logging_mixin.py:137} INFO - [2022-11-28T15:47:27.546+0000] {dagbag.py:537} INFO - Filling up the DagBag from /home/airflow/.local/lib/python3.7/site-packages/airflow/example_dags/example_sla_dag.py
[2022-11-28T15:47:27.562+0000] {processor.py:766} INFO - DAG(s) dict_keys(['example_sla_dag']) retrieved from /home/airflow/.local/lib/python3.7/site-packages/airflow/example_dags/example_sla_dag.py
[2022-11-28T15:47:27.587+0000] {logging_mixin.py:137} INFO - [2022-11-28T15:47:27.587+0000] {dag.py:2585} INFO - Sync 1 DAGs
[2022-11-28T15:47:27.604+0000] {logging_mixin.py:137} INFO - [2022-11-28T15:47:27.604+0000] {dag.py:3340} INFO - Setting next_dagrun for example_sla_dag to 2022-11-28T15:44:00+00:00, run_after=2022-11-28T15:46:00+00:00
[2022-11-28T15:47:27.615+0000] {processor.py:176} INFO - Processing /home/airflow/.local/lib/python3.7/site-packages/airflow/example_dags/example_sla_dag.py took 0.074 seconds
[2022-11-28T15:47:58.119+0000] {processor.py:154} INFO - Started process (PID=1166) to work on /home/airflow/.local/lib/python3.7/site-packages/airflow/example_dags/example_sla_dag.py
[2022-11-28T15:47:58.121+0000] {processor.py:756} INFO - Processing file /home/airflow/.local/lib/python3.7/site-packages/airflow/example_dags/example_sla_dag.py for tasks to queue
[2022-11-28T15:47:58.122+0000] {logging_mixin.py:137} INFO - [2022-11-28T15:47:58.122+0000] {dagbag.py:537} INFO - Filling up the DagBag from /home/airflow/.local/lib/python3.7/site-packages/airflow/example_dags/example_sla_dag.py
[2022-11-28T15:47:58.136+0000] {processor.py:766} INFO - DAG(s) dict_keys(['example_sla_dag']) retrieved from /home/airflow/.local/lib/python3.7/site-packages/airflow/example_dags/example_sla_dag.py
[2022-11-28T15:47:58.163+0000] {logging_mixin.py:137} INFO - [2022-11-28T15:47:58.163+0000] {dag.py:2585} INFO - Sync 1 DAGs
[2022-11-28T15:47:58.180+0000] {logging_mixin.py:137} INFO - [2022-11-28T15:47:58.180+0000] {dag.py:3340} INFO - Setting next_dagrun for example_sla_dag to 2022-11-28T15:44:00+00:00, run_after=2022-11-28T15:46:00+00:00
[2022-11-28T15:47:58.193+0000] {processor.py:176} INFO - Processing /home/airflow/.local/lib/python3.7/site-packages/airflow/example_dags/example_sla_dag.py took 0.077 seconds
[2022-11-28T15:48:29.175+0000] {processor.py:154} INFO - Started process (PID=1230) to work on /home/airflow/.local/lib/python3.7/site-packages/airflow/example_dags/example_sla_dag.py
[2022-11-28T15:48:29.179+0000] {processor.py:756} INFO - Processing file /home/airflow/.local/lib/python3.7/site-packages/airflow/example_dags/example_sla_dag.py for tasks to queue
[2022-11-28T15:48:29.180+0000] {logging_mixin.py:137} INFO - [2022-11-28T15:48:29.180+0000] {dagbag.py:537} INFO - Filling up the DagBag from /home/airflow/.local/lib/python3.7/site-packages/airflow/example_dags/example_sla_dag.py
[2022-11-28T15:48:29.198+0000] {processor.py:766} INFO - DAG(s) dict_keys(['example_sla_dag']) retrieved from /home/airflow/.local/lib/python3.7/site-packages/airflow/example_dags/example_sla_dag.py
[2022-11-28T15:48:29.231+0000] {logging_mixin.py:137} INFO - [2022-11-28T15:48:29.231+0000] {dag.py:2585} INFO - Sync 1 DAGs
[2022-11-28T15:48:29.251+0000] {logging_mixin.py:137} INFO - [2022-11-28T15:48:29.251+0000] {dag.py:3340} INFO - Setting next_dagrun for example_sla_dag to 2022-11-28T15:46:00+00:00, run_after=2022-11-28T15:48:00+00:00
[2022-11-28T15:48:29.270+0000] {processor.py:176} INFO - Processing /home/airflow/.local/lib/python3.7/site-packages/airflow/example_dags/example_sla_dag.py took 0.098 seconds
[2022-11-28T15:48:59.877+0000] {processor.py:154} INFO - Started process (PID=1292) to work on /home/airflow/.local/lib/python3.7/site-packages/airflow/example_dags/example_sla_dag.py
[2022-11-28T15:48:59.879+0000] {processor.py:756} INFO - Processing file /home/airflow/.local/lib/python3.7/site-packages/airflow/example_dags/example_sla_dag.py for tasks to queue
[2022-11-28T15:48:59.880+0000] {logging_mixin.py:137} INFO - [2022-11-28T15:48:59.880+0000] {dagbag.py:537} INFO - Filling up the DagBag from /home/airflow/.local/lib/python3.7/site-packages/airflow/example_dags/example_sla_dag.py
[2022-11-28T15:48:59.893+0000] {processor.py:766} INFO - DAG(s) dict_keys(['example_sla_dag']) retrieved from /home/airflow/.local/lib/python3.7/site-packages/airflow/example_dags/example_sla_dag.py
[2022-11-28T15:48:59.919+0000] {logging_mixin.py:137} INFO - [2022-11-28T15:48:59.919+0000] {dag.py:2585} INFO - Sync 1 DAGs
[2022-11-28T15:48:59.936+0000] {logging_mixin.py:137} INFO - [2022-11-28T15:48:59.936+0000] {dag.py:3340} INFO - Setting next_dagrun for example_sla_dag to 2022-11-28T15:46:00+00:00, run_after=2022-11-28T15:48:00+00:00
[2022-11-28T15:48:59.946+0000] {processor.py:176} INFO - Processing /home/airflow/.local/lib/python3.7/site-packages/airflow/example_dags/example_sla_dag.py took 0.072 seconds
[2022-11-28T15:49:30.565+0000] {processor.py:154} INFO - Started process (PID=1347) to work on /home/airflow/.local/lib/python3.7/site-packages/airflow/example_dags/example_sla_dag.py
[2022-11-28T15:49:30.567+0000] {processor.py:756} INFO - Processing file /home/airflow/.local/lib/python3.7/site-packages/airflow/example_dags/example_sla_dag.py for tasks to queue
[2022-11-28T15:49:30.568+0000] {logging_mixin.py:137} INFO - [2022-11-28T15:49:30.568+0000] {dagbag.py:537} INFO - Filling up the DagBag from /home/airflow/.local/lib/python3.7/site-packages/airflow/example_dags/example_sla_dag.py
[2022-11-28T15:49:30.583+0000] {processor.py:766} INFO - DAG(s) dict_keys(['example_sla_dag']) retrieved from /home/airflow/.local/lib/python3.7/site-packages/airflow/example_dags/example_sla_dag.py
[2022-11-28T15:49:30.612+0000] {logging_mixin.py:137} INFO - [2022-11-28T15:49:30.612+0000] {dag.py:2585} INFO - Sync 1 DAGs
[2022-11-28T15:49:30.630+0000] {logging_mixin.py:137} INFO - [2022-11-28T15:49:30.630+0000] {dag.py:3340} INFO - Setting next_dagrun for example_sla_dag to 2022-11-28T15:46:00+00:00, run_after=2022-11-28T15:48:00+00:00
[2022-11-28T15:49:30.643+0000] {processor.py:176} INFO - Processing /home/airflow/.local/lib/python3.7/site-packages/airflow/example_dags/example_sla_dag.py took 0.080 seconds
