[2022-11-28T15:35:19.910+0000] {processor.py:154} INFO - Started process (PID=71) to work on /home/airflow/.local/lib/python3.7/site-packages/airflow/example_dags/example_trigger_target_dag.py
[2022-11-28T15:35:19.916+0000] {processor.py:756} INFO - Processing file /home/airflow/.local/lib/python3.7/site-packages/airflow/example_dags/example_trigger_target_dag.py for tasks to queue
[2022-11-28T15:35:19.926+0000] {logging_mixin.py:137} INFO - [2022-11-28T15:35:19.926+0000] {dagbag.py:537} INFO - Filling up the DagBag from /home/airflow/.local/lib/python3.7/site-packages/airflow/example_dags/example_trigger_target_dag.py
[2022-11-28T15:35:19.956+0000] {processor.py:766} INFO - DAG(s) dict_keys(['example_trigger_target_dag']) retrieved from /home/airflow/.local/lib/python3.7/site-packages/airflow/example_dags/example_trigger_target_dag.py
[2022-11-28T15:35:19.997+0000] {logging_mixin.py:137} INFO - [2022-11-28T15:35:19.997+0000] {dag.py:2585} INFO - Sync 1 DAGs
[2022-11-28T15:35:20.022+0000] {logging_mixin.py:137} INFO - [2022-11-28T15:35:20.021+0000] {dag.py:3340} INFO - Setting next_dagrun for example_trigger_target_dag to None, run_after=None
[2022-11-28T15:35:20.044+0000] {processor.py:176} INFO - Processing /home/airflow/.local/lib/python3.7/site-packages/airflow/example_dags/example_trigger_target_dag.py took 0.138 seconds
[2022-11-28T15:35:50.247+0000] {processor.py:154} INFO - Started process (PID=125) to work on /home/airflow/.local/lib/python3.7/site-packages/airflow/example_dags/example_trigger_target_dag.py
[2022-11-28T15:35:50.248+0000] {processor.py:756} INFO - Processing file /home/airflow/.local/lib/python3.7/site-packages/airflow/example_dags/example_trigger_target_dag.py for tasks to queue
[2022-11-28T15:35:50.249+0000] {logging_mixin.py:137} INFO - [2022-11-28T15:35:50.249+0000] {dagbag.py:537} INFO - Filling up the DagBag from /home/airflow/.local/lib/python3.7/site-packages/airflow/example_dags/example_trigger_target_dag.py
[2022-11-28T15:35:50.265+0000] {processor.py:766} INFO - DAG(s) dict_keys(['example_trigger_target_dag']) retrieved from /home/airflow/.local/lib/python3.7/site-packages/airflow/example_dags/example_trigger_target_dag.py
[2022-11-28T15:35:50.292+0000] {logging_mixin.py:137} INFO - [2022-11-28T15:35:50.291+0000] {dag.py:2585} INFO - Sync 1 DAGs
[2022-11-28T15:35:50.308+0000] {logging_mixin.py:137} INFO - [2022-11-28T15:35:50.308+0000] {dag.py:3340} INFO - Setting next_dagrun for example_trigger_target_dag to None, run_after=None
[2022-11-28T15:35:50.323+0000] {processor.py:176} INFO - Processing /home/airflow/.local/lib/python3.7/site-packages/airflow/example_dags/example_trigger_target_dag.py took 0.079 seconds
[2022-11-28T15:36:20.531+0000] {processor.py:154} INFO - Started process (PID=189) to work on /home/airflow/.local/lib/python3.7/site-packages/airflow/example_dags/example_trigger_target_dag.py
[2022-11-28T15:36:20.535+0000] {processor.py:756} INFO - Processing file /home/airflow/.local/lib/python3.7/site-packages/airflow/example_dags/example_trigger_target_dag.py for tasks to queue
[2022-11-28T15:36:20.537+0000] {logging_mixin.py:137} INFO - [2022-11-28T15:36:20.537+0000] {dagbag.py:537} INFO - Filling up the DagBag from /home/airflow/.local/lib/python3.7/site-packages/airflow/example_dags/example_trigger_target_dag.py
[2022-11-28T15:36:20.553+0000] {processor.py:766} INFO - DAG(s) dict_keys(['example_trigger_target_dag']) retrieved from /home/airflow/.local/lib/python3.7/site-packages/airflow/example_dags/example_trigger_target_dag.py
[2022-11-28T15:36:20.589+0000] {logging_mixin.py:137} INFO - [2022-11-28T15:36:20.589+0000] {dag.py:2585} INFO - Sync 1 DAGs
[2022-11-28T15:36:20.607+0000] {logging_mixin.py:137} INFO - [2022-11-28T15:36:20.607+0000] {dag.py:3340} INFO - Setting next_dagrun for example_trigger_target_dag to None, run_after=None
[2022-11-28T15:36:20.630+0000] {processor.py:176} INFO - Processing /home/airflow/.local/lib/python3.7/site-packages/airflow/example_dags/example_trigger_target_dag.py took 0.102 seconds
[2022-11-28T15:38:44.789+0000] {processor.py:154} INFO - Started process (PID=63) to work on /home/airflow/.local/lib/python3.7/site-packages/airflow/example_dags/example_trigger_target_dag.py
[2022-11-28T15:38:44.793+0000] {processor.py:756} INFO - Processing file /home/airflow/.local/lib/python3.7/site-packages/airflow/example_dags/example_trigger_target_dag.py for tasks to queue
[2022-11-28T15:38:44.794+0000] {logging_mixin.py:137} INFO - [2022-11-28T15:38:44.794+0000] {dagbag.py:537} INFO - Filling up the DagBag from /home/airflow/.local/lib/python3.7/site-packages/airflow/example_dags/example_trigger_target_dag.py
[2022-11-28T15:38:44.811+0000] {processor.py:766} INFO - DAG(s) dict_keys(['example_trigger_target_dag']) retrieved from /home/airflow/.local/lib/python3.7/site-packages/airflow/example_dags/example_trigger_target_dag.py
[2022-11-28T15:38:44.835+0000] {logging_mixin.py:137} INFO - [2022-11-28T15:38:44.835+0000] {dag.py:2585} INFO - Sync 1 DAGs
[2022-11-28T15:38:44.852+0000] {logging_mixin.py:137} INFO - [2022-11-28T15:38:44.852+0000] {dag.py:3340} INFO - Setting next_dagrun for example_trigger_target_dag to None, run_after=None
[2022-11-28T15:38:44.868+0000] {processor.py:176} INFO - Processing /home/airflow/.local/lib/python3.7/site-packages/airflow/example_dags/example_trigger_target_dag.py took 0.082 seconds
[2022-11-28T15:39:15.880+0000] {processor.py:154} INFO - Started process (PID=125) to work on /home/airflow/.local/lib/python3.7/site-packages/airflow/example_dags/example_trigger_target_dag.py
[2022-11-28T15:39:15.884+0000] {processor.py:756} INFO - Processing file /home/airflow/.local/lib/python3.7/site-packages/airflow/example_dags/example_trigger_target_dag.py for tasks to queue
[2022-11-28T15:39:15.885+0000] {logging_mixin.py:137} INFO - [2022-11-28T15:39:15.885+0000] {dagbag.py:537} INFO - Filling up the DagBag from /home/airflow/.local/lib/python3.7/site-packages/airflow/example_dags/example_trigger_target_dag.py
[2022-11-28T15:39:15.904+0000] {processor.py:766} INFO - DAG(s) dict_keys(['example_trigger_target_dag']) retrieved from /home/airflow/.local/lib/python3.7/site-packages/airflow/example_dags/example_trigger_target_dag.py
[2022-11-28T15:39:15.939+0000] {logging_mixin.py:137} INFO - [2022-11-28T15:39:15.939+0000] {dag.py:2585} INFO - Sync 1 DAGs
[2022-11-28T15:39:15.960+0000] {logging_mixin.py:137} INFO - [2022-11-28T15:39:15.960+0000] {dag.py:3340} INFO - Setting next_dagrun for example_trigger_target_dag to None, run_after=None
[2022-11-28T15:39:15.977+0000] {processor.py:176} INFO - Processing /home/airflow/.local/lib/python3.7/site-packages/airflow/example_dags/example_trigger_target_dag.py took 0.099 seconds
[2022-11-28T15:39:46.225+0000] {processor.py:154} INFO - Started process (PID=189) to work on /home/airflow/.local/lib/python3.7/site-packages/airflow/example_dags/example_trigger_target_dag.py
[2022-11-28T15:39:46.226+0000] {processor.py:756} INFO - Processing file /home/airflow/.local/lib/python3.7/site-packages/airflow/example_dags/example_trigger_target_dag.py for tasks to queue
[2022-11-28T15:39:46.227+0000] {logging_mixin.py:137} INFO - [2022-11-28T15:39:46.227+0000] {dagbag.py:537} INFO - Filling up the DagBag from /home/airflow/.local/lib/python3.7/site-packages/airflow/example_dags/example_trigger_target_dag.py
[2022-11-28T15:39:46.241+0000] {processor.py:766} INFO - DAG(s) dict_keys(['example_trigger_target_dag']) retrieved from /home/airflow/.local/lib/python3.7/site-packages/airflow/example_dags/example_trigger_target_dag.py
[2022-11-28T15:39:46.267+0000] {logging_mixin.py:137} INFO - [2022-11-28T15:39:46.267+0000] {dag.py:2585} INFO - Sync 1 DAGs
[2022-11-28T15:39:46.282+0000] {logging_mixin.py:137} INFO - [2022-11-28T15:39:46.282+0000] {dag.py:3340} INFO - Setting next_dagrun for example_trigger_target_dag to None, run_after=None
[2022-11-28T15:39:46.295+0000] {processor.py:176} INFO - Processing /home/airflow/.local/lib/python3.7/site-packages/airflow/example_dags/example_trigger_target_dag.py took 0.073 seconds
[2022-11-28T15:40:16.532+0000] {processor.py:154} INFO - Started process (PID=252) to work on /home/airflow/.local/lib/python3.7/site-packages/airflow/example_dags/example_trigger_target_dag.py
[2022-11-28T15:40:16.535+0000] {processor.py:756} INFO - Processing file /home/airflow/.local/lib/python3.7/site-packages/airflow/example_dags/example_trigger_target_dag.py for tasks to queue
[2022-11-28T15:40:16.537+0000] {logging_mixin.py:137} INFO - [2022-11-28T15:40:16.537+0000] {dagbag.py:537} INFO - Filling up the DagBag from /home/airflow/.local/lib/python3.7/site-packages/airflow/example_dags/example_trigger_target_dag.py
[2022-11-28T15:40:16.551+0000] {processor.py:766} INFO - DAG(s) dict_keys(['example_trigger_target_dag']) retrieved from /home/airflow/.local/lib/python3.7/site-packages/airflow/example_dags/example_trigger_target_dag.py
[2022-11-28T15:40:16.581+0000] {logging_mixin.py:137} INFO - [2022-11-28T15:40:16.581+0000] {dag.py:2585} INFO - Sync 1 DAGs
[2022-11-28T15:40:16.599+0000] {logging_mixin.py:137} INFO - [2022-11-28T15:40:16.599+0000] {dag.py:3340} INFO - Setting next_dagrun for example_trigger_target_dag to None, run_after=None
[2022-11-28T15:40:16.621+0000] {processor.py:176} INFO - Processing /home/airflow/.local/lib/python3.7/site-packages/airflow/example_dags/example_trigger_target_dag.py took 0.091 seconds
[2022-11-28T15:40:47.252+0000] {processor.py:154} INFO - Started process (PID=306) to work on /home/airflow/.local/lib/python3.7/site-packages/airflow/example_dags/example_trigger_target_dag.py
[2022-11-28T15:40:47.253+0000] {processor.py:756} INFO - Processing file /home/airflow/.local/lib/python3.7/site-packages/airflow/example_dags/example_trigger_target_dag.py for tasks to queue
[2022-11-28T15:40:47.254+0000] {logging_mixin.py:137} INFO - [2022-11-28T15:40:47.254+0000] {dagbag.py:537} INFO - Filling up the DagBag from /home/airflow/.local/lib/python3.7/site-packages/airflow/example_dags/example_trigger_target_dag.py
[2022-11-28T15:40:47.269+0000] {processor.py:766} INFO - DAG(s) dict_keys(['example_trigger_target_dag']) retrieved from /home/airflow/.local/lib/python3.7/site-packages/airflow/example_dags/example_trigger_target_dag.py
[2022-11-28T15:40:47.296+0000] {logging_mixin.py:137} INFO - [2022-11-28T15:40:47.296+0000] {dag.py:2585} INFO - Sync 1 DAGs
[2022-11-28T15:40:47.312+0000] {logging_mixin.py:137} INFO - [2022-11-28T15:40:47.312+0000] {dag.py:3340} INFO - Setting next_dagrun for example_trigger_target_dag to None, run_after=None
[2022-11-28T15:40:47.326+0000] {processor.py:176} INFO - Processing /home/airflow/.local/lib/python3.7/site-packages/airflow/example_dags/example_trigger_target_dag.py took 0.077 seconds
[2022-11-28T15:41:18.682+0000] {processor.py:154} INFO - Started process (PID=367) to work on /home/airflow/.local/lib/python3.7/site-packages/airflow/example_dags/example_trigger_target_dag.py
[2022-11-28T15:41:18.685+0000] {processor.py:756} INFO - Processing file /home/airflow/.local/lib/python3.7/site-packages/airflow/example_dags/example_trigger_target_dag.py for tasks to queue
[2022-11-28T15:41:18.686+0000] {logging_mixin.py:137} INFO - [2022-11-28T15:41:18.685+0000] {dagbag.py:537} INFO - Filling up the DagBag from /home/airflow/.local/lib/python3.7/site-packages/airflow/example_dags/example_trigger_target_dag.py
[2022-11-28T15:41:18.701+0000] {processor.py:766} INFO - DAG(s) dict_keys(['example_trigger_target_dag']) retrieved from /home/airflow/.local/lib/python3.7/site-packages/airflow/example_dags/example_trigger_target_dag.py
[2022-11-28T15:41:18.729+0000] {logging_mixin.py:137} INFO - [2022-11-28T15:41:18.729+0000] {dag.py:2585} INFO - Sync 1 DAGs
[2022-11-28T15:41:18.746+0000] {logging_mixin.py:137} INFO - [2022-11-28T15:41:18.746+0000] {dag.py:3340} INFO - Setting next_dagrun for example_trigger_target_dag to None, run_after=None
[2022-11-28T15:41:18.759+0000] {processor.py:176} INFO - Processing /home/airflow/.local/lib/python3.7/site-packages/airflow/example_dags/example_trigger_target_dag.py took 0.079 seconds
[2022-11-28T15:41:49.436+0000] {processor.py:154} INFO - Started process (PID=430) to work on /home/airflow/.local/lib/python3.7/site-packages/airflow/example_dags/example_trigger_target_dag.py
[2022-11-28T15:41:49.439+0000] {processor.py:756} INFO - Processing file /home/airflow/.local/lib/python3.7/site-packages/airflow/example_dags/example_trigger_target_dag.py for tasks to queue
[2022-11-28T15:41:49.444+0000] {logging_mixin.py:137} INFO - [2022-11-28T15:41:49.444+0000] {dagbag.py:537} INFO - Filling up the DagBag from /home/airflow/.local/lib/python3.7/site-packages/airflow/example_dags/example_trigger_target_dag.py
[2022-11-28T15:41:49.459+0000] {processor.py:766} INFO - DAG(s) dict_keys(['example_trigger_target_dag']) retrieved from /home/airflow/.local/lib/python3.7/site-packages/airflow/example_dags/example_trigger_target_dag.py
[2022-11-28T15:41:49.493+0000] {logging_mixin.py:137} INFO - [2022-11-28T15:41:49.493+0000] {dag.py:2585} INFO - Sync 1 DAGs
[2022-11-28T15:41:49.511+0000] {logging_mixin.py:137} INFO - [2022-11-28T15:41:49.510+0000] {dag.py:3340} INFO - Setting next_dagrun for example_trigger_target_dag to None, run_after=None
[2022-11-28T15:41:49.524+0000] {processor.py:176} INFO - Processing /home/airflow/.local/lib/python3.7/site-packages/airflow/example_dags/example_trigger_target_dag.py took 0.091 seconds
[2022-11-28T15:42:19.972+0000] {processor.py:154} INFO - Started process (PID=493) to work on /home/airflow/.local/lib/python3.7/site-packages/airflow/example_dags/example_trigger_target_dag.py
[2022-11-28T15:42:19.973+0000] {processor.py:756} INFO - Processing file /home/airflow/.local/lib/python3.7/site-packages/airflow/example_dags/example_trigger_target_dag.py for tasks to queue
[2022-11-28T15:42:19.975+0000] {logging_mixin.py:137} INFO - [2022-11-28T15:42:19.975+0000] {dagbag.py:537} INFO - Filling up the DagBag from /home/airflow/.local/lib/python3.7/site-packages/airflow/example_dags/example_trigger_target_dag.py
[2022-11-28T15:42:19.989+0000] {processor.py:766} INFO - DAG(s) dict_keys(['example_trigger_target_dag']) retrieved from /home/airflow/.local/lib/python3.7/site-packages/airflow/example_dags/example_trigger_target_dag.py
[2022-11-28T15:42:20.016+0000] {logging_mixin.py:137} INFO - [2022-11-28T15:42:20.016+0000] {dag.py:2585} INFO - Sync 1 DAGs
[2022-11-28T15:42:20.033+0000] {logging_mixin.py:137} INFO - [2022-11-28T15:42:20.033+0000] {dag.py:3340} INFO - Setting next_dagrun for example_trigger_target_dag to None, run_after=None
[2022-11-28T15:42:20.047+0000] {processor.py:176} INFO - Processing /home/airflow/.local/lib/python3.7/site-packages/airflow/example_dags/example_trigger_target_dag.py took 0.078 seconds
[2022-11-28T15:42:50.418+0000] {processor.py:154} INFO - Started process (PID=555) to work on /home/airflow/.local/lib/python3.7/site-packages/airflow/example_dags/example_trigger_target_dag.py
[2022-11-28T15:42:50.420+0000] {processor.py:756} INFO - Processing file /home/airflow/.local/lib/python3.7/site-packages/airflow/example_dags/example_trigger_target_dag.py for tasks to queue
[2022-11-28T15:42:50.422+0000] {logging_mixin.py:137} INFO - [2022-11-28T15:42:50.421+0000] {dagbag.py:537} INFO - Filling up the DagBag from /home/airflow/.local/lib/python3.7/site-packages/airflow/example_dags/example_trigger_target_dag.py
[2022-11-28T15:42:50.439+0000] {processor.py:766} INFO - DAG(s) dict_keys(['example_trigger_target_dag']) retrieved from /home/airflow/.local/lib/python3.7/site-packages/airflow/example_dags/example_trigger_target_dag.py
[2022-11-28T15:42:50.474+0000] {logging_mixin.py:137} INFO - [2022-11-28T15:42:50.474+0000] {dag.py:2585} INFO - Sync 1 DAGs
[2022-11-28T15:42:50.492+0000] {logging_mixin.py:137} INFO - [2022-11-28T15:42:50.492+0000] {dag.py:3340} INFO - Setting next_dagrun for example_trigger_target_dag to None, run_after=None
[2022-11-28T15:42:50.508+0000] {processor.py:176} INFO - Processing /home/airflow/.local/lib/python3.7/site-packages/airflow/example_dags/example_trigger_target_dag.py took 0.092 seconds
[2022-11-28T15:43:21.313+0000] {processor.py:154} INFO - Started process (PID=617) to work on /home/airflow/.local/lib/python3.7/site-packages/airflow/example_dags/example_trigger_target_dag.py
[2022-11-28T15:43:21.315+0000] {processor.py:756} INFO - Processing file /home/airflow/.local/lib/python3.7/site-packages/airflow/example_dags/example_trigger_target_dag.py for tasks to queue
[2022-11-28T15:43:21.317+0000] {logging_mixin.py:137} INFO - [2022-11-28T15:43:21.317+0000] {dagbag.py:537} INFO - Filling up the DagBag from /home/airflow/.local/lib/python3.7/site-packages/airflow/example_dags/example_trigger_target_dag.py
[2022-11-28T15:43:21.332+0000] {processor.py:766} INFO - DAG(s) dict_keys(['example_trigger_target_dag']) retrieved from /home/airflow/.local/lib/python3.7/site-packages/airflow/example_dags/example_trigger_target_dag.py
[2022-11-28T15:43:21.358+0000] {logging_mixin.py:137} INFO - [2022-11-28T15:43:21.358+0000] {dag.py:2585} INFO - Sync 1 DAGs
[2022-11-28T15:43:21.376+0000] {logging_mixin.py:137} INFO - [2022-11-28T15:43:21.376+0000] {dag.py:3340} INFO - Setting next_dagrun for example_trigger_target_dag to None, run_after=None
[2022-11-28T15:43:21.391+0000] {processor.py:176} INFO - Processing /home/airflow/.local/lib/python3.7/site-packages/airflow/example_dags/example_trigger_target_dag.py took 0.081 seconds
[2022-11-28T15:43:52.332+0000] {processor.py:154} INFO - Started process (PID=672) to work on /home/airflow/.local/lib/python3.7/site-packages/airflow/example_dags/example_trigger_target_dag.py
[2022-11-28T15:43:52.333+0000] {processor.py:756} INFO - Processing file /home/airflow/.local/lib/python3.7/site-packages/airflow/example_dags/example_trigger_target_dag.py for tasks to queue
[2022-11-28T15:43:52.334+0000] {logging_mixin.py:137} INFO - [2022-11-28T15:43:52.334+0000] {dagbag.py:537} INFO - Filling up the DagBag from /home/airflow/.local/lib/python3.7/site-packages/airflow/example_dags/example_trigger_target_dag.py
[2022-11-28T15:43:52.348+0000] {processor.py:766} INFO - DAG(s) dict_keys(['example_trigger_target_dag']) retrieved from /home/airflow/.local/lib/python3.7/site-packages/airflow/example_dags/example_trigger_target_dag.py
[2022-11-28T15:43:52.375+0000] {logging_mixin.py:137} INFO - [2022-11-28T15:43:52.375+0000] {dag.py:2585} INFO - Sync 1 DAGs
[2022-11-28T15:43:52.391+0000] {logging_mixin.py:137} INFO - [2022-11-28T15:43:52.391+0000] {dag.py:3340} INFO - Setting next_dagrun for example_trigger_target_dag to None, run_after=None
[2022-11-28T15:43:52.407+0000] {processor.py:176} INFO - Processing /home/airflow/.local/lib/python3.7/site-packages/airflow/example_dags/example_trigger_target_dag.py took 0.078 seconds
[2022-11-28T15:44:23.324+0000] {processor.py:154} INFO - Started process (PID=735) to work on /home/airflow/.local/lib/python3.7/site-packages/airflow/example_dags/example_trigger_target_dag.py
[2022-11-28T15:44:23.325+0000] {processor.py:756} INFO - Processing file /home/airflow/.local/lib/python3.7/site-packages/airflow/example_dags/example_trigger_target_dag.py for tasks to queue
[2022-11-28T15:44:23.327+0000] {logging_mixin.py:137} INFO - [2022-11-28T15:44:23.327+0000] {dagbag.py:537} INFO - Filling up the DagBag from /home/airflow/.local/lib/python3.7/site-packages/airflow/example_dags/example_trigger_target_dag.py
[2022-11-28T15:44:23.340+0000] {processor.py:766} INFO - DAG(s) dict_keys(['example_trigger_target_dag']) retrieved from /home/airflow/.local/lib/python3.7/site-packages/airflow/example_dags/example_trigger_target_dag.py
[2022-11-28T15:44:23.369+0000] {logging_mixin.py:137} INFO - [2022-11-28T15:44:23.369+0000] {dag.py:2585} INFO - Sync 1 DAGs
[2022-11-28T15:44:23.385+0000] {logging_mixin.py:137} INFO - [2022-11-28T15:44:23.384+0000] {dag.py:3340} INFO - Setting next_dagrun for example_trigger_target_dag to None, run_after=None
[2022-11-28T15:44:23.398+0000] {processor.py:176} INFO - Processing /home/airflow/.local/lib/python3.7/site-packages/airflow/example_dags/example_trigger_target_dag.py took 0.077 seconds
[2022-11-28T15:44:53.914+0000] {processor.py:154} INFO - Started process (PID=798) to work on /home/airflow/.local/lib/python3.7/site-packages/airflow/example_dags/example_trigger_target_dag.py
[2022-11-28T15:44:53.916+0000] {processor.py:756} INFO - Processing file /home/airflow/.local/lib/python3.7/site-packages/airflow/example_dags/example_trigger_target_dag.py for tasks to queue
[2022-11-28T15:44:53.920+0000] {logging_mixin.py:137} INFO - [2022-11-28T15:44:53.920+0000] {dagbag.py:537} INFO - Filling up the DagBag from /home/airflow/.local/lib/python3.7/site-packages/airflow/example_dags/example_trigger_target_dag.py
[2022-11-28T15:44:53.938+0000] {processor.py:766} INFO - DAG(s) dict_keys(['example_trigger_target_dag']) retrieved from /home/airflow/.local/lib/python3.7/site-packages/airflow/example_dags/example_trigger_target_dag.py
[2022-11-28T15:44:53.975+0000] {logging_mixin.py:137} INFO - [2022-11-28T15:44:53.975+0000] {dag.py:2585} INFO - Sync 1 DAGs
[2022-11-28T15:44:53.994+0000] {logging_mixin.py:137} INFO - [2022-11-28T15:44:53.994+0000] {dag.py:3340} INFO - Setting next_dagrun for example_trigger_target_dag to None, run_after=None
[2022-11-28T15:44:54.013+0000] {processor.py:176} INFO - Processing /home/airflow/.local/lib/python3.7/site-packages/airflow/example_dags/example_trigger_target_dag.py took 0.102 seconds
[2022-11-28T15:45:24.974+0000] {processor.py:154} INFO - Started process (PID=861) to work on /home/airflow/.local/lib/python3.7/site-packages/airflow/example_dags/example_trigger_target_dag.py
[2022-11-28T15:45:24.976+0000] {processor.py:756} INFO - Processing file /home/airflow/.local/lib/python3.7/site-packages/airflow/example_dags/example_trigger_target_dag.py for tasks to queue
[2022-11-28T15:45:24.977+0000] {logging_mixin.py:137} INFO - [2022-11-28T15:45:24.977+0000] {dagbag.py:537} INFO - Filling up the DagBag from /home/airflow/.local/lib/python3.7/site-packages/airflow/example_dags/example_trigger_target_dag.py
[2022-11-28T15:45:24.992+0000] {processor.py:766} INFO - DAG(s) dict_keys(['example_trigger_target_dag']) retrieved from /home/airflow/.local/lib/python3.7/site-packages/airflow/example_dags/example_trigger_target_dag.py
[2022-11-28T15:45:25.024+0000] {logging_mixin.py:137} INFO - [2022-11-28T15:45:25.023+0000] {dag.py:2585} INFO - Sync 1 DAGs
[2022-11-28T15:45:25.042+0000] {logging_mixin.py:137} INFO - [2022-11-28T15:45:25.042+0000] {dag.py:3340} INFO - Setting next_dagrun for example_trigger_target_dag to None, run_after=None
[2022-11-28T15:45:25.056+0000] {processor.py:176} INFO - Processing /home/airflow/.local/lib/python3.7/site-packages/airflow/example_dags/example_trigger_target_dag.py took 0.084 seconds
[2022-11-28T15:45:55.666+0000] {processor.py:154} INFO - Started process (PID=926) to work on /home/airflow/.local/lib/python3.7/site-packages/airflow/example_dags/example_trigger_target_dag.py
[2022-11-28T15:45:55.668+0000] {processor.py:756} INFO - Processing file /home/airflow/.local/lib/python3.7/site-packages/airflow/example_dags/example_trigger_target_dag.py for tasks to queue
[2022-11-28T15:45:55.671+0000] {logging_mixin.py:137} INFO - [2022-11-28T15:45:55.670+0000] {dagbag.py:537} INFO - Filling up the DagBag from /home/airflow/.local/lib/python3.7/site-packages/airflow/example_dags/example_trigger_target_dag.py
[2022-11-28T15:45:55.687+0000] {processor.py:766} INFO - DAG(s) dict_keys(['example_trigger_target_dag']) retrieved from /home/airflow/.local/lib/python3.7/site-packages/airflow/example_dags/example_trigger_target_dag.py
[2022-11-28T15:45:55.716+0000] {logging_mixin.py:137} INFO - [2022-11-28T15:45:55.716+0000] {dag.py:2585} INFO - Sync 1 DAGs
[2022-11-28T15:45:55.736+0000] {logging_mixin.py:137} INFO - [2022-11-28T15:45:55.735+0000] {dag.py:3340} INFO - Setting next_dagrun for example_trigger_target_dag to None, run_after=None
[2022-11-28T15:45:55.750+0000] {processor.py:176} INFO - Processing /home/airflow/.local/lib/python3.7/site-packages/airflow/example_dags/example_trigger_target_dag.py took 0.089 seconds
[2022-11-28T15:46:26.369+0000] {processor.py:154} INFO - Started process (PID=989) to work on /home/airflow/.local/lib/python3.7/site-packages/airflow/example_dags/example_trigger_target_dag.py
[2022-11-28T15:46:26.371+0000] {processor.py:756} INFO - Processing file /home/airflow/.local/lib/python3.7/site-packages/airflow/example_dags/example_trigger_target_dag.py for tasks to queue
[2022-11-28T15:46:26.373+0000] {logging_mixin.py:137} INFO - [2022-11-28T15:46:26.373+0000] {dagbag.py:537} INFO - Filling up the DagBag from /home/airflow/.local/lib/python3.7/site-packages/airflow/example_dags/example_trigger_target_dag.py
[2022-11-28T15:46:26.388+0000] {processor.py:766} INFO - DAG(s) dict_keys(['example_trigger_target_dag']) retrieved from /home/airflow/.local/lib/python3.7/site-packages/airflow/example_dags/example_trigger_target_dag.py
[2022-11-28T15:46:26.425+0000] {logging_mixin.py:137} INFO - [2022-11-28T15:46:26.425+0000] {dag.py:2585} INFO - Sync 1 DAGs
[2022-11-28T15:46:26.444+0000] {logging_mixin.py:137} INFO - [2022-11-28T15:46:26.444+0000] {dag.py:3340} INFO - Setting next_dagrun for example_trigger_target_dag to None, run_after=None
[2022-11-28T15:46:26.471+0000] {processor.py:176} INFO - Processing /home/airflow/.local/lib/python3.7/site-packages/airflow/example_dags/example_trigger_target_dag.py took 0.105 seconds
[2022-11-28T15:46:57.313+0000] {processor.py:154} INFO - Started process (PID=1044) to work on /home/airflow/.local/lib/python3.7/site-packages/airflow/example_dags/example_trigger_target_dag.py
[2022-11-28T15:46:57.316+0000] {processor.py:756} INFO - Processing file /home/airflow/.local/lib/python3.7/site-packages/airflow/example_dags/example_trigger_target_dag.py for tasks to queue
[2022-11-28T15:46:57.318+0000] {logging_mixin.py:137} INFO - [2022-11-28T15:46:57.318+0000] {dagbag.py:537} INFO - Filling up the DagBag from /home/airflow/.local/lib/python3.7/site-packages/airflow/example_dags/example_trigger_target_dag.py
[2022-11-28T15:46:57.342+0000] {processor.py:766} INFO - DAG(s) dict_keys(['example_trigger_target_dag']) retrieved from /home/airflow/.local/lib/python3.7/site-packages/airflow/example_dags/example_trigger_target_dag.py
[2022-11-28T15:46:57.370+0000] {logging_mixin.py:137} INFO - [2022-11-28T15:46:57.370+0000] {dag.py:2585} INFO - Sync 1 DAGs
[2022-11-28T15:46:57.388+0000] {logging_mixin.py:137} INFO - [2022-11-28T15:46:57.388+0000] {dag.py:3340} INFO - Setting next_dagrun for example_trigger_target_dag to None, run_after=None
[2022-11-28T15:46:57.401+0000] {processor.py:176} INFO - Processing /home/airflow/.local/lib/python3.7/site-packages/airflow/example_dags/example_trigger_target_dag.py took 0.092 seconds
[2022-11-28T15:47:27.957+0000] {processor.py:154} INFO - Started process (PID=1108) to work on /home/airflow/.local/lib/python3.7/site-packages/airflow/example_dags/example_trigger_target_dag.py
[2022-11-28T15:47:27.959+0000] {processor.py:756} INFO - Processing file /home/airflow/.local/lib/python3.7/site-packages/airflow/example_dags/example_trigger_target_dag.py for tasks to queue
[2022-11-28T15:47:27.960+0000] {logging_mixin.py:137} INFO - [2022-11-28T15:47:27.960+0000] {dagbag.py:537} INFO - Filling up the DagBag from /home/airflow/.local/lib/python3.7/site-packages/airflow/example_dags/example_trigger_target_dag.py
[2022-11-28T15:47:27.974+0000] {processor.py:766} INFO - DAG(s) dict_keys(['example_trigger_target_dag']) retrieved from /home/airflow/.local/lib/python3.7/site-packages/airflow/example_dags/example_trigger_target_dag.py
[2022-11-28T15:47:28.002+0000] {logging_mixin.py:137} INFO - [2022-11-28T15:47:28.002+0000] {dag.py:2585} INFO - Sync 1 DAGs
[2022-11-28T15:47:28.017+0000] {logging_mixin.py:137} INFO - [2022-11-28T15:47:28.017+0000] {dag.py:3340} INFO - Setting next_dagrun for example_trigger_target_dag to None, run_after=None
[2022-11-28T15:47:28.030+0000] {processor.py:176} INFO - Processing /home/airflow/.local/lib/python3.7/site-packages/airflow/example_dags/example_trigger_target_dag.py took 0.076 seconds
[2022-11-28T15:47:58.540+0000] {processor.py:154} INFO - Started process (PID=1173) to work on /home/airflow/.local/lib/python3.7/site-packages/airflow/example_dags/example_trigger_target_dag.py
[2022-11-28T15:47:58.541+0000] {processor.py:756} INFO - Processing file /home/airflow/.local/lib/python3.7/site-packages/airflow/example_dags/example_trigger_target_dag.py for tasks to queue
[2022-11-28T15:47:58.543+0000] {logging_mixin.py:137} INFO - [2022-11-28T15:47:58.543+0000] {dagbag.py:537} INFO - Filling up the DagBag from /home/airflow/.local/lib/python3.7/site-packages/airflow/example_dags/example_trigger_target_dag.py
[2022-11-28T15:47:58.558+0000] {processor.py:766} INFO - DAG(s) dict_keys(['example_trigger_target_dag']) retrieved from /home/airflow/.local/lib/python3.7/site-packages/airflow/example_dags/example_trigger_target_dag.py
[2022-11-28T15:47:58.586+0000] {logging_mixin.py:137} INFO - [2022-11-28T15:47:58.586+0000] {dag.py:2585} INFO - Sync 1 DAGs
[2022-11-28T15:47:58.603+0000] {logging_mixin.py:137} INFO - [2022-11-28T15:47:58.603+0000] {dag.py:3340} INFO - Setting next_dagrun for example_trigger_target_dag to None, run_after=None
[2022-11-28T15:47:58.618+0000] {processor.py:176} INFO - Processing /home/airflow/.local/lib/python3.7/site-packages/airflow/example_dags/example_trigger_target_dag.py took 0.082 seconds
[2022-11-28T15:48:29.649+0000] {processor.py:154} INFO - Started process (PID=1237) to work on /home/airflow/.local/lib/python3.7/site-packages/airflow/example_dags/example_trigger_target_dag.py
[2022-11-28T15:48:29.652+0000] {processor.py:756} INFO - Processing file /home/airflow/.local/lib/python3.7/site-packages/airflow/example_dags/example_trigger_target_dag.py for tasks to queue
[2022-11-28T15:48:29.654+0000] {logging_mixin.py:137} INFO - [2022-11-28T15:48:29.654+0000] {dagbag.py:537} INFO - Filling up the DagBag from /home/airflow/.local/lib/python3.7/site-packages/airflow/example_dags/example_trigger_target_dag.py
[2022-11-28T15:48:29.668+0000] {processor.py:766} INFO - DAG(s) dict_keys(['example_trigger_target_dag']) retrieved from /home/airflow/.local/lib/python3.7/site-packages/airflow/example_dags/example_trigger_target_dag.py
[2022-11-28T15:48:29.697+0000] {logging_mixin.py:137} INFO - [2022-11-28T15:48:29.697+0000] {dag.py:2585} INFO - Sync 1 DAGs
[2022-11-28T15:48:29.714+0000] {logging_mixin.py:137} INFO - [2022-11-28T15:48:29.714+0000] {dag.py:3340} INFO - Setting next_dagrun for example_trigger_target_dag to None, run_after=None
[2022-11-28T15:48:29.730+0000] {processor.py:176} INFO - Processing /home/airflow/.local/lib/python3.7/site-packages/airflow/example_dags/example_trigger_target_dag.py took 0.082 seconds
[2022-11-28T15:49:00.291+0000] {processor.py:154} INFO - Started process (PID=1299) to work on /home/airflow/.local/lib/python3.7/site-packages/airflow/example_dags/example_trigger_target_dag.py
[2022-11-28T15:49:00.297+0000] {processor.py:756} INFO - Processing file /home/airflow/.local/lib/python3.7/site-packages/airflow/example_dags/example_trigger_target_dag.py for tasks to queue
[2022-11-28T15:49:00.299+0000] {logging_mixin.py:137} INFO - [2022-11-28T15:49:00.299+0000] {dagbag.py:537} INFO - Filling up the DagBag from /home/airflow/.local/lib/python3.7/site-packages/airflow/example_dags/example_trigger_target_dag.py
[2022-11-28T15:49:00.313+0000] {processor.py:766} INFO - DAG(s) dict_keys(['example_trigger_target_dag']) retrieved from /home/airflow/.local/lib/python3.7/site-packages/airflow/example_dags/example_trigger_target_dag.py
[2022-11-28T15:49:00.340+0000] {logging_mixin.py:137} INFO - [2022-11-28T15:49:00.340+0000] {dag.py:2585} INFO - Sync 1 DAGs
[2022-11-28T15:49:00.355+0000] {logging_mixin.py:137} INFO - [2022-11-28T15:49:00.355+0000] {dag.py:3340} INFO - Setting next_dagrun for example_trigger_target_dag to None, run_after=None
[2022-11-28T15:49:00.367+0000] {processor.py:176} INFO - Processing /home/airflow/.local/lib/python3.7/site-packages/airflow/example_dags/example_trigger_target_dag.py took 0.079 seconds
[2022-11-28T15:49:31.030+0000] {processor.py:154} INFO - Started process (PID=1354) to work on /home/airflow/.local/lib/python3.7/site-packages/airflow/example_dags/example_trigger_target_dag.py
[2022-11-28T15:49:31.032+0000] {processor.py:756} INFO - Processing file /home/airflow/.local/lib/python3.7/site-packages/airflow/example_dags/example_trigger_target_dag.py for tasks to queue
[2022-11-28T15:49:31.034+0000] {logging_mixin.py:137} INFO - [2022-11-28T15:49:31.034+0000] {dagbag.py:537} INFO - Filling up the DagBag from /home/airflow/.local/lib/python3.7/site-packages/airflow/example_dags/example_trigger_target_dag.py
[2022-11-28T15:49:31.050+0000] {processor.py:766} INFO - DAG(s) dict_keys(['example_trigger_target_dag']) retrieved from /home/airflow/.local/lib/python3.7/site-packages/airflow/example_dags/example_trigger_target_dag.py
[2022-11-28T15:49:31.082+0000] {logging_mixin.py:137} INFO - [2022-11-28T15:49:31.082+0000] {dag.py:2585} INFO - Sync 1 DAGs
[2022-11-28T15:49:31.102+0000] {logging_mixin.py:137} INFO - [2022-11-28T15:49:31.102+0000] {dag.py:3340} INFO - Setting next_dagrun for example_trigger_target_dag to None, run_after=None
[2022-11-28T15:49:31.123+0000] {processor.py:176} INFO - Processing /home/airflow/.local/lib/python3.7/site-packages/airflow/example_dags/example_trigger_target_dag.py took 0.095 seconds
