[2022-11-28T15:35:15.291+0000] {processor.py:154} INFO - Started process (PID=39) to work on /home/airflow/.local/lib/python3.7/site-packages/airflow/example_dags/example_branch_python_dop_operator_3.py
[2022-11-28T15:35:15.302+0000] {processor.py:756} INFO - Processing file /home/airflow/.local/lib/python3.7/site-packages/airflow/example_dags/example_branch_python_dop_operator_3.py for tasks to queue
[2022-11-28T15:35:15.305+0000] {logging_mixin.py:137} INFO - [2022-11-28T15:35:15.305+0000] {dagbag.py:537} INFO - Filling up the DagBag from /home/airflow/.local/lib/python3.7/site-packages/airflow/example_dags/example_branch_python_dop_operator_3.py
[2022-11-28T15:35:15.386+0000] {processor.py:766} INFO - DAG(s) dict_keys(['example_branch_dop_operator_v3']) retrieved from /home/airflow/.local/lib/python3.7/site-packages/airflow/example_dags/example_branch_python_dop_operator_3.py
[2022-11-28T15:35:15.423+0000] {logging_mixin.py:137} INFO - [2022-11-28T15:35:15.423+0000] {dag.py:2585} INFO - Sync 1 DAGs
[2022-11-28T15:35:15.486+0000] {logging_mixin.py:137} INFO - [2022-11-28T15:35:15.485+0000] {dag.py:3340} INFO - Setting next_dagrun for example_branch_dop_operator_v3 to 2022-11-28T15:34:00+00:00, run_after=2022-11-28T15:35:00+00:00
[2022-11-28T15:35:15.518+0000] {processor.py:176} INFO - Processing /home/airflow/.local/lib/python3.7/site-packages/airflow/example_dags/example_branch_python_dop_operator_3.py took 0.233 seconds
[2022-11-28T15:35:46.036+0000] {processor.py:154} INFO - Started process (PID=101) to work on /home/airflow/.local/lib/python3.7/site-packages/airflow/example_dags/example_branch_python_dop_operator_3.py
[2022-11-28T15:35:46.038+0000] {processor.py:756} INFO - Processing file /home/airflow/.local/lib/python3.7/site-packages/airflow/example_dags/example_branch_python_dop_operator_3.py for tasks to queue
[2022-11-28T15:35:46.041+0000] {logging_mixin.py:137} INFO - [2022-11-28T15:35:46.040+0000] {dagbag.py:537} INFO - Filling up the DagBag from /home/airflow/.local/lib/python3.7/site-packages/airflow/example_dags/example_branch_python_dop_operator_3.py
[2022-11-28T15:35:46.060+0000] {processor.py:766} INFO - DAG(s) dict_keys(['example_branch_dop_operator_v3']) retrieved from /home/airflow/.local/lib/python3.7/site-packages/airflow/example_dags/example_branch_python_dop_operator_3.py
[2022-11-28T15:35:46.094+0000] {logging_mixin.py:137} INFO - [2022-11-28T15:35:46.094+0000] {dag.py:2585} INFO - Sync 1 DAGs
[2022-11-28T15:35:46.116+0000] {logging_mixin.py:137} INFO - [2022-11-28T15:35:46.116+0000] {dag.py:3340} INFO - Setting next_dagrun for example_branch_dop_operator_v3 to 2022-11-28T15:34:00+00:00, run_after=2022-11-28T15:35:00+00:00
[2022-11-28T15:35:46.131+0000] {processor.py:176} INFO - Processing /home/airflow/.local/lib/python3.7/site-packages/airflow/example_dags/example_branch_python_dop_operator_3.py took 0.098 seconds
[2022-11-28T15:36:16.421+0000] {processor.py:154} INFO - Started process (PID=165) to work on /home/airflow/.local/lib/python3.7/site-packages/airflow/example_dags/example_branch_python_dop_operator_3.py
[2022-11-28T15:36:16.424+0000] {processor.py:756} INFO - Processing file /home/airflow/.local/lib/python3.7/site-packages/airflow/example_dags/example_branch_python_dop_operator_3.py for tasks to queue
[2022-11-28T15:36:16.426+0000] {logging_mixin.py:137} INFO - [2022-11-28T15:36:16.425+0000] {dagbag.py:537} INFO - Filling up the DagBag from /home/airflow/.local/lib/python3.7/site-packages/airflow/example_dags/example_branch_python_dop_operator_3.py
[2022-11-28T15:36:16.448+0000] {processor.py:766} INFO - DAG(s) dict_keys(['example_branch_dop_operator_v3']) retrieved from /home/airflow/.local/lib/python3.7/site-packages/airflow/example_dags/example_branch_python_dop_operator_3.py
[2022-11-28T15:36:16.490+0000] {logging_mixin.py:137} INFO - [2022-11-28T15:36:16.490+0000] {dag.py:2585} INFO - Sync 1 DAGs
[2022-11-28T15:36:16.515+0000] {logging_mixin.py:137} INFO - [2022-11-28T15:36:16.515+0000] {dag.py:3340} INFO - Setting next_dagrun for example_branch_dop_operator_v3 to 2022-11-28T15:35:00+00:00, run_after=2022-11-28T15:36:00+00:00
[2022-11-28T15:36:16.538+0000] {processor.py:176} INFO - Processing /home/airflow/.local/lib/python3.7/site-packages/airflow/example_dags/example_branch_python_dop_operator_3.py took 0.120 seconds
[2022-11-28T15:38:42.176+0000] {processor.py:154} INFO - Started process (PID=39) to work on /home/airflow/.local/lib/python3.7/site-packages/airflow/example_dags/example_branch_python_dop_operator_3.py
[2022-11-28T15:38:42.178+0000] {processor.py:756} INFO - Processing file /home/airflow/.local/lib/python3.7/site-packages/airflow/example_dags/example_branch_python_dop_operator_3.py for tasks to queue
[2022-11-28T15:38:42.179+0000] {logging_mixin.py:137} INFO - [2022-11-28T15:38:42.179+0000] {dagbag.py:537} INFO - Filling up the DagBag from /home/airflow/.local/lib/python3.7/site-packages/airflow/example_dags/example_branch_python_dop_operator_3.py
[2022-11-28T15:38:42.208+0000] {processor.py:766} INFO - DAG(s) dict_keys(['example_branch_dop_operator_v3']) retrieved from /home/airflow/.local/lib/python3.7/site-packages/airflow/example_dags/example_branch_python_dop_operator_3.py
[2022-11-28T15:38:42.280+0000] {logging_mixin.py:137} INFO - [2022-11-28T15:38:42.279+0000] {dag.py:2585} INFO - Sync 1 DAGs
[2022-11-28T15:38:42.312+0000] {logging_mixin.py:137} INFO - [2022-11-28T15:38:42.312+0000] {dag.py:3340} INFO - Setting next_dagrun for example_branch_dop_operator_v3 to 2022-11-28T15:37:00+00:00, run_after=2022-11-28T15:38:00+00:00
[2022-11-28T15:38:42.339+0000] {processor.py:176} INFO - Processing /home/airflow/.local/lib/python3.7/site-packages/airflow/example_dags/example_branch_python_dop_operator_3.py took 0.167 seconds
[2022-11-28T15:39:13.061+0000] {processor.py:154} INFO - Started process (PID=101) to work on /home/airflow/.local/lib/python3.7/site-packages/airflow/example_dags/example_branch_python_dop_operator_3.py
[2022-11-28T15:39:13.063+0000] {processor.py:756} INFO - Processing file /home/airflow/.local/lib/python3.7/site-packages/airflow/example_dags/example_branch_python_dop_operator_3.py for tasks to queue
[2022-11-28T15:39:13.064+0000] {logging_mixin.py:137} INFO - [2022-11-28T15:39:13.064+0000] {dagbag.py:537} INFO - Filling up the DagBag from /home/airflow/.local/lib/python3.7/site-packages/airflow/example_dags/example_branch_python_dop_operator_3.py
[2022-11-28T15:39:13.079+0000] {processor.py:766} INFO - DAG(s) dict_keys(['example_branch_dop_operator_v3']) retrieved from /home/airflow/.local/lib/python3.7/site-packages/airflow/example_dags/example_branch_python_dop_operator_3.py
[2022-11-28T15:39:13.108+0000] {logging_mixin.py:137} INFO - [2022-11-28T15:39:13.107+0000] {dag.py:2585} INFO - Sync 1 DAGs
[2022-11-28T15:39:13.127+0000] {logging_mixin.py:137} INFO - [2022-11-28T15:39:13.126+0000] {dag.py:3340} INFO - Setting next_dagrun for example_branch_dop_operator_v3 to 2022-11-28T15:38:00+00:00, run_after=2022-11-28T15:39:00+00:00
[2022-11-28T15:39:13.139+0000] {processor.py:176} INFO - Processing /home/airflow/.local/lib/python3.7/site-packages/airflow/example_dags/example_branch_python_dop_operator_3.py took 0.080 seconds
[2022-11-28T15:39:43.859+0000] {processor.py:154} INFO - Started process (PID=165) to work on /home/airflow/.local/lib/python3.7/site-packages/airflow/example_dags/example_branch_python_dop_operator_3.py
[2022-11-28T15:39:43.861+0000] {processor.py:756} INFO - Processing file /home/airflow/.local/lib/python3.7/site-packages/airflow/example_dags/example_branch_python_dop_operator_3.py for tasks to queue
[2022-11-28T15:39:43.862+0000] {logging_mixin.py:137} INFO - [2022-11-28T15:39:43.862+0000] {dagbag.py:537} INFO - Filling up the DagBag from /home/airflow/.local/lib/python3.7/site-packages/airflow/example_dags/example_branch_python_dop_operator_3.py
[2022-11-28T15:39:43.879+0000] {processor.py:766} INFO - DAG(s) dict_keys(['example_branch_dop_operator_v3']) retrieved from /home/airflow/.local/lib/python3.7/site-packages/airflow/example_dags/example_branch_python_dop_operator_3.py
[2022-11-28T15:39:43.904+0000] {logging_mixin.py:137} INFO - [2022-11-28T15:39:43.904+0000] {dag.py:2585} INFO - Sync 1 DAGs
[2022-11-28T15:39:43.923+0000] {logging_mixin.py:137} INFO - [2022-11-28T15:39:43.923+0000] {dag.py:3340} INFO - Setting next_dagrun for example_branch_dop_operator_v3 to 2022-11-28T15:38:00+00:00, run_after=2022-11-28T15:39:00+00:00
[2022-11-28T15:39:43.935+0000] {processor.py:176} INFO - Processing /home/airflow/.local/lib/python3.7/site-packages/airflow/example_dags/example_branch_python_dop_operator_3.py took 0.078 seconds
[2022-11-28T15:40:14.375+0000] {processor.py:154} INFO - Started process (PID=219) to work on /home/airflow/.local/lib/python3.7/site-packages/airflow/example_dags/example_branch_python_dop_operator_3.py
[2022-11-28T15:40:14.377+0000] {processor.py:756} INFO - Processing file /home/airflow/.local/lib/python3.7/site-packages/airflow/example_dags/example_branch_python_dop_operator_3.py for tasks to queue
[2022-11-28T15:40:14.378+0000] {logging_mixin.py:137} INFO - [2022-11-28T15:40:14.378+0000] {dagbag.py:537} INFO - Filling up the DagBag from /home/airflow/.local/lib/python3.7/site-packages/airflow/example_dags/example_branch_python_dop_operator_3.py
[2022-11-28T15:40:14.397+0000] {processor.py:766} INFO - DAG(s) dict_keys(['example_branch_dop_operator_v3']) retrieved from /home/airflow/.local/lib/python3.7/site-packages/airflow/example_dags/example_branch_python_dop_operator_3.py
[2022-11-28T15:40:14.424+0000] {logging_mixin.py:137} INFO - [2022-11-28T15:40:14.424+0000] {dag.py:2585} INFO - Sync 1 DAGs
[2022-11-28T15:40:14.443+0000] {logging_mixin.py:137} INFO - [2022-11-28T15:40:14.443+0000] {dag.py:3340} INFO - Setting next_dagrun for example_branch_dop_operator_v3 to 2022-11-28T15:39:00+00:00, run_after=2022-11-28T15:40:00+00:00
[2022-11-28T15:40:14.458+0000] {processor.py:176} INFO - Processing /home/airflow/.local/lib/python3.7/site-packages/airflow/example_dags/example_branch_python_dop_operator_3.py took 0.086 seconds
[2022-11-28T15:40:44.584+0000] {processor.py:154} INFO - Started process (PID=282) to work on /home/airflow/.local/lib/python3.7/site-packages/airflow/example_dags/example_branch_python_dop_operator_3.py
[2022-11-28T15:40:44.586+0000] {processor.py:756} INFO - Processing file /home/airflow/.local/lib/python3.7/site-packages/airflow/example_dags/example_branch_python_dop_operator_3.py for tasks to queue
[2022-11-28T15:40:44.587+0000] {logging_mixin.py:137} INFO - [2022-11-28T15:40:44.587+0000] {dagbag.py:537} INFO - Filling up the DagBag from /home/airflow/.local/lib/python3.7/site-packages/airflow/example_dags/example_branch_python_dop_operator_3.py
[2022-11-28T15:40:44.601+0000] {processor.py:766} INFO - DAG(s) dict_keys(['example_branch_dop_operator_v3']) retrieved from /home/airflow/.local/lib/python3.7/site-packages/airflow/example_dags/example_branch_python_dop_operator_3.py
[2022-11-28T15:40:44.628+0000] {logging_mixin.py:137} INFO - [2022-11-28T15:40:44.628+0000] {dag.py:2585} INFO - Sync 1 DAGs
[2022-11-28T15:40:44.647+0000] {logging_mixin.py:137} INFO - [2022-11-28T15:40:44.647+0000] {dag.py:3340} INFO - Setting next_dagrun for example_branch_dop_operator_v3 to 2022-11-28T15:39:00+00:00, run_after=2022-11-28T15:40:00+00:00
[2022-11-28T15:40:44.661+0000] {processor.py:176} INFO - Processing /home/airflow/.local/lib/python3.7/site-packages/airflow/example_dags/example_branch_python_dop_operator_3.py took 0.080 seconds
[2022-11-28T15:41:15.093+0000] {processor.py:154} INFO - Started process (PID=342) to work on /home/airflow/.local/lib/python3.7/site-packages/airflow/example_dags/example_branch_python_dop_operator_3.py
[2022-11-28T15:41:15.095+0000] {processor.py:756} INFO - Processing file /home/airflow/.local/lib/python3.7/site-packages/airflow/example_dags/example_branch_python_dop_operator_3.py for tasks to queue
[2022-11-28T15:41:15.098+0000] {logging_mixin.py:137} INFO - [2022-11-28T15:41:15.097+0000] {dagbag.py:537} INFO - Filling up the DagBag from /home/airflow/.local/lib/python3.7/site-packages/airflow/example_dags/example_branch_python_dop_operator_3.py
[2022-11-28T15:41:15.120+0000] {processor.py:766} INFO - DAG(s) dict_keys(['example_branch_dop_operator_v3']) retrieved from /home/airflow/.local/lib/python3.7/site-packages/airflow/example_dags/example_branch_python_dop_operator_3.py
[2022-11-28T15:41:15.149+0000] {logging_mixin.py:137} INFO - [2022-11-28T15:41:15.149+0000] {dag.py:2585} INFO - Sync 1 DAGs
[2022-11-28T15:41:15.175+0000] {logging_mixin.py:137} INFO - [2022-11-28T15:41:15.175+0000] {dag.py:3340} INFO - Setting next_dagrun for example_branch_dop_operator_v3 to 2022-11-28T15:40:00+00:00, run_after=2022-11-28T15:41:00+00:00
[2022-11-28T15:41:15.201+0000] {processor.py:176} INFO - Processing /home/airflow/.local/lib/python3.7/site-packages/airflow/example_dags/example_branch_python_dop_operator_3.py took 0.110 seconds
[2022-11-28T15:41:45.672+0000] {processor.py:154} INFO - Started process (PID=405) to work on /home/airflow/.local/lib/python3.7/site-packages/airflow/example_dags/example_branch_python_dop_operator_3.py
[2022-11-28T15:41:45.673+0000] {processor.py:756} INFO - Processing file /home/airflow/.local/lib/python3.7/site-packages/airflow/example_dags/example_branch_python_dop_operator_3.py for tasks to queue
[2022-11-28T15:41:45.677+0000] {logging_mixin.py:137} INFO - [2022-11-28T15:41:45.677+0000] {dagbag.py:537} INFO - Filling up the DagBag from /home/airflow/.local/lib/python3.7/site-packages/airflow/example_dags/example_branch_python_dop_operator_3.py
[2022-11-28T15:41:45.694+0000] {processor.py:766} INFO - DAG(s) dict_keys(['example_branch_dop_operator_v3']) retrieved from /home/airflow/.local/lib/python3.7/site-packages/airflow/example_dags/example_branch_python_dop_operator_3.py
[2022-11-28T15:41:45.721+0000] {logging_mixin.py:137} INFO - [2022-11-28T15:41:45.721+0000] {dag.py:2585} INFO - Sync 1 DAGs
[2022-11-28T15:41:45.740+0000] {logging_mixin.py:137} INFO - [2022-11-28T15:41:45.740+0000] {dag.py:3340} INFO - Setting next_dagrun for example_branch_dop_operator_v3 to 2022-11-28T15:40:00+00:00, run_after=2022-11-28T15:41:00+00:00
[2022-11-28T15:41:45.755+0000] {processor.py:176} INFO - Processing /home/airflow/.local/lib/python3.7/site-packages/airflow/example_dags/example_branch_python_dop_operator_3.py took 0.087 seconds
[2022-11-28T15:42:17.112+0000] {processor.py:154} INFO - Started process (PID=469) to work on /home/airflow/.local/lib/python3.7/site-packages/airflow/example_dags/example_branch_python_dop_operator_3.py
[2022-11-28T15:42:17.120+0000] {processor.py:756} INFO - Processing file /home/airflow/.local/lib/python3.7/site-packages/airflow/example_dags/example_branch_python_dop_operator_3.py for tasks to queue
[2022-11-28T15:42:17.126+0000] {logging_mixin.py:137} INFO - [2022-11-28T15:42:17.126+0000] {dagbag.py:537} INFO - Filling up the DagBag from /home/airflow/.local/lib/python3.7/site-packages/airflow/example_dags/example_branch_python_dop_operator_3.py
[2022-11-28T15:42:17.159+0000] {processor.py:766} INFO - DAG(s) dict_keys(['example_branch_dop_operator_v3']) retrieved from /home/airflow/.local/lib/python3.7/site-packages/airflow/example_dags/example_branch_python_dop_operator_3.py
[2022-11-28T15:42:17.219+0000] {logging_mixin.py:137} INFO - [2022-11-28T15:42:17.219+0000] {dag.py:2585} INFO - Sync 1 DAGs
[2022-11-28T15:42:17.248+0000] {logging_mixin.py:137} INFO - [2022-11-28T15:42:17.248+0000] {dag.py:3340} INFO - Setting next_dagrun for example_branch_dop_operator_v3 to 2022-11-28T15:41:00+00:00, run_after=2022-11-28T15:42:00+00:00
[2022-11-28T15:42:17.265+0000] {processor.py:176} INFO - Processing /home/airflow/.local/lib/python3.7/site-packages/airflow/example_dags/example_branch_python_dop_operator_3.py took 0.158 seconds
[2022-11-28T15:42:48.128+0000] {processor.py:154} INFO - Started process (PID=531) to work on /home/airflow/.local/lib/python3.7/site-packages/airflow/example_dags/example_branch_python_dop_operator_3.py
[2022-11-28T15:42:48.139+0000] {processor.py:756} INFO - Processing file /home/airflow/.local/lib/python3.7/site-packages/airflow/example_dags/example_branch_python_dop_operator_3.py for tasks to queue
[2022-11-28T15:42:48.141+0000] {logging_mixin.py:137} INFO - [2022-11-28T15:42:48.141+0000] {dagbag.py:537} INFO - Filling up the DagBag from /home/airflow/.local/lib/python3.7/site-packages/airflow/example_dags/example_branch_python_dop_operator_3.py
[2022-11-28T15:42:48.162+0000] {processor.py:766} INFO - DAG(s) dict_keys(['example_branch_dop_operator_v3']) retrieved from /home/airflow/.local/lib/python3.7/site-packages/airflow/example_dags/example_branch_python_dop_operator_3.py
[2022-11-28T15:42:48.225+0000] {logging_mixin.py:137} INFO - [2022-11-28T15:42:48.224+0000] {dag.py:2585} INFO - Sync 1 DAGs
[2022-11-28T15:42:48.260+0000] {logging_mixin.py:137} INFO - [2022-11-28T15:42:48.260+0000] {dag.py:3340} INFO - Setting next_dagrun for example_branch_dop_operator_v3 to 2022-11-28T15:41:00+00:00, run_after=2022-11-28T15:42:00+00:00
[2022-11-28T15:42:48.309+0000] {processor.py:176} INFO - Processing /home/airflow/.local/lib/python3.7/site-packages/airflow/example_dags/example_branch_python_dop_operator_3.py took 0.184 seconds
[2022-11-28T15:43:18.578+0000] {processor.py:154} INFO - Started process (PID=585) to work on /home/airflow/.local/lib/python3.7/site-packages/airflow/example_dags/example_branch_python_dop_operator_3.py
[2022-11-28T15:43:18.582+0000] {processor.py:756} INFO - Processing file /home/airflow/.local/lib/python3.7/site-packages/airflow/example_dags/example_branch_python_dop_operator_3.py for tasks to queue
[2022-11-28T15:43:18.585+0000] {logging_mixin.py:137} INFO - [2022-11-28T15:43:18.585+0000] {dagbag.py:537} INFO - Filling up the DagBag from /home/airflow/.local/lib/python3.7/site-packages/airflow/example_dags/example_branch_python_dop_operator_3.py
[2022-11-28T15:43:18.606+0000] {processor.py:766} INFO - DAG(s) dict_keys(['example_branch_dop_operator_v3']) retrieved from /home/airflow/.local/lib/python3.7/site-packages/airflow/example_dags/example_branch_python_dop_operator_3.py
[2022-11-28T15:43:18.634+0000] {logging_mixin.py:137} INFO - [2022-11-28T15:43:18.633+0000] {dag.py:2585} INFO - Sync 1 DAGs
[2022-11-28T15:43:18.653+0000] {logging_mixin.py:137} INFO - [2022-11-28T15:43:18.652+0000] {dag.py:3340} INFO - Setting next_dagrun for example_branch_dop_operator_v3 to 2022-11-28T15:42:00+00:00, run_after=2022-11-28T15:43:00+00:00
[2022-11-28T15:43:18.671+0000] {processor.py:176} INFO - Processing /home/airflow/.local/lib/python3.7/site-packages/airflow/example_dags/example_branch_python_dop_operator_3.py took 0.097 seconds
[2022-11-28T15:43:48.829+0000] {processor.py:154} INFO - Started process (PID=648) to work on /home/airflow/.local/lib/python3.7/site-packages/airflow/example_dags/example_branch_python_dop_operator_3.py
[2022-11-28T15:43:48.831+0000] {processor.py:756} INFO - Processing file /home/airflow/.local/lib/python3.7/site-packages/airflow/example_dags/example_branch_python_dop_operator_3.py for tasks to queue
[2022-11-28T15:43:48.832+0000] {logging_mixin.py:137} INFO - [2022-11-28T15:43:48.832+0000] {dagbag.py:537} INFO - Filling up the DagBag from /home/airflow/.local/lib/python3.7/site-packages/airflow/example_dags/example_branch_python_dop_operator_3.py
[2022-11-28T15:43:48.848+0000] {processor.py:766} INFO - DAG(s) dict_keys(['example_branch_dop_operator_v3']) retrieved from /home/airflow/.local/lib/python3.7/site-packages/airflow/example_dags/example_branch_python_dop_operator_3.py
[2022-11-28T15:43:48.875+0000] {logging_mixin.py:137} INFO - [2022-11-28T15:43:48.875+0000] {dag.py:2585} INFO - Sync 1 DAGs
[2022-11-28T15:43:48.895+0000] {logging_mixin.py:137} INFO - [2022-11-28T15:43:48.894+0000] {dag.py:3340} INFO - Setting next_dagrun for example_branch_dop_operator_v3 to 2022-11-28T15:42:00+00:00, run_after=2022-11-28T15:43:00+00:00
[2022-11-28T15:43:48.907+0000] {processor.py:176} INFO - Processing /home/airflow/.local/lib/python3.7/site-packages/airflow/example_dags/example_branch_python_dop_operator_3.py took 0.081 seconds
[2022-11-28T15:44:19.423+0000] {processor.py:154} INFO - Started process (PID=711) to work on /home/airflow/.local/lib/python3.7/site-packages/airflow/example_dags/example_branch_python_dop_operator_3.py
[2022-11-28T15:44:19.425+0000] {processor.py:756} INFO - Processing file /home/airflow/.local/lib/python3.7/site-packages/airflow/example_dags/example_branch_python_dop_operator_3.py for tasks to queue
[2022-11-28T15:44:19.426+0000] {logging_mixin.py:137} INFO - [2022-11-28T15:44:19.426+0000] {dagbag.py:537} INFO - Filling up the DagBag from /home/airflow/.local/lib/python3.7/site-packages/airflow/example_dags/example_branch_python_dop_operator_3.py
[2022-11-28T15:44:19.441+0000] {processor.py:766} INFO - DAG(s) dict_keys(['example_branch_dop_operator_v3']) retrieved from /home/airflow/.local/lib/python3.7/site-packages/airflow/example_dags/example_branch_python_dop_operator_3.py
[2022-11-28T15:44:19.469+0000] {logging_mixin.py:137} INFO - [2022-11-28T15:44:19.469+0000] {dag.py:2585} INFO - Sync 1 DAGs
[2022-11-28T15:44:19.487+0000] {logging_mixin.py:137} INFO - [2022-11-28T15:44:19.487+0000] {dag.py:3340} INFO - Setting next_dagrun for example_branch_dop_operator_v3 to 2022-11-28T15:43:00+00:00, run_after=2022-11-28T15:44:00+00:00
[2022-11-28T15:44:19.500+0000] {processor.py:176} INFO - Processing /home/airflow/.local/lib/python3.7/site-packages/airflow/example_dags/example_branch_python_dop_operator_3.py took 0.080 seconds
[2022-11-28T15:44:50.342+0000] {processor.py:154} INFO - Started process (PID=774) to work on /home/airflow/.local/lib/python3.7/site-packages/airflow/example_dags/example_branch_python_dop_operator_3.py
[2022-11-28T15:44:50.344+0000] {processor.py:756} INFO - Processing file /home/airflow/.local/lib/python3.7/site-packages/airflow/example_dags/example_branch_python_dop_operator_3.py for tasks to queue
[2022-11-28T15:44:50.345+0000] {logging_mixin.py:137} INFO - [2022-11-28T15:44:50.345+0000] {dagbag.py:537} INFO - Filling up the DagBag from /home/airflow/.local/lib/python3.7/site-packages/airflow/example_dags/example_branch_python_dop_operator_3.py
[2022-11-28T15:44:50.361+0000] {processor.py:766} INFO - DAG(s) dict_keys(['example_branch_dop_operator_v3']) retrieved from /home/airflow/.local/lib/python3.7/site-packages/airflow/example_dags/example_branch_python_dop_operator_3.py
[2022-11-28T15:44:50.389+0000] {logging_mixin.py:137} INFO - [2022-11-28T15:44:50.389+0000] {dag.py:2585} INFO - Sync 1 DAGs
[2022-11-28T15:44:50.412+0000] {logging_mixin.py:137} INFO - [2022-11-28T15:44:50.412+0000] {dag.py:3340} INFO - Setting next_dagrun for example_branch_dop_operator_v3 to 2022-11-28T15:43:00+00:00, run_after=2022-11-28T15:44:00+00:00
[2022-11-28T15:44:50.431+0000] {processor.py:176} INFO - Processing /home/airflow/.local/lib/python3.7/site-packages/airflow/example_dags/example_branch_python_dop_operator_3.py took 0.092 seconds
[2022-11-28T15:45:20.817+0000] {processor.py:154} INFO - Started process (PID=829) to work on /home/airflow/.local/lib/python3.7/site-packages/airflow/example_dags/example_branch_python_dop_operator_3.py
[2022-11-28T15:45:20.819+0000] {processor.py:756} INFO - Processing file /home/airflow/.local/lib/python3.7/site-packages/airflow/example_dags/example_branch_python_dop_operator_3.py for tasks to queue
[2022-11-28T15:45:20.820+0000] {logging_mixin.py:137} INFO - [2022-11-28T15:45:20.820+0000] {dagbag.py:537} INFO - Filling up the DagBag from /home/airflow/.local/lib/python3.7/site-packages/airflow/example_dags/example_branch_python_dop_operator_3.py
[2022-11-28T15:45:20.835+0000] {processor.py:766} INFO - DAG(s) dict_keys(['example_branch_dop_operator_v3']) retrieved from /home/airflow/.local/lib/python3.7/site-packages/airflow/example_dags/example_branch_python_dop_operator_3.py
[2022-11-28T15:45:20.864+0000] {logging_mixin.py:137} INFO - [2022-11-28T15:45:20.864+0000] {dag.py:2585} INFO - Sync 1 DAGs
[2022-11-28T15:45:20.884+0000] {logging_mixin.py:137} INFO - [2022-11-28T15:45:20.884+0000] {dag.py:3340} INFO - Setting next_dagrun for example_branch_dop_operator_v3 to 2022-11-28T15:44:00+00:00, run_after=2022-11-28T15:45:00+00:00
[2022-11-28T15:45:20.911+0000] {processor.py:176} INFO - Processing /home/airflow/.local/lib/python3.7/site-packages/airflow/example_dags/example_branch_python_dop_operator_3.py took 0.097 seconds
[2022-11-28T15:45:51.105+0000] {processor.py:154} INFO - Started process (PID=893) to work on /home/airflow/.local/lib/python3.7/site-packages/airflow/example_dags/example_branch_python_dop_operator_3.py
[2022-11-28T15:45:51.107+0000] {processor.py:756} INFO - Processing file /home/airflow/.local/lib/python3.7/site-packages/airflow/example_dags/example_branch_python_dop_operator_3.py for tasks to queue
[2022-11-28T15:45:51.109+0000] {logging_mixin.py:137} INFO - [2022-11-28T15:45:51.109+0000] {dagbag.py:537} INFO - Filling up the DagBag from /home/airflow/.local/lib/python3.7/site-packages/airflow/example_dags/example_branch_python_dop_operator_3.py
[2022-11-28T15:45:51.125+0000] {processor.py:766} INFO - DAG(s) dict_keys(['example_branch_dop_operator_v3']) retrieved from /home/airflow/.local/lib/python3.7/site-packages/airflow/example_dags/example_branch_python_dop_operator_3.py
[2022-11-28T15:45:51.153+0000] {logging_mixin.py:137} INFO - [2022-11-28T15:45:51.153+0000] {dag.py:2585} INFO - Sync 1 DAGs
[2022-11-28T15:45:51.174+0000] {logging_mixin.py:137} INFO - [2022-11-28T15:45:51.174+0000] {dag.py:3340} INFO - Setting next_dagrun for example_branch_dop_operator_v3 to 2022-11-28T15:44:00+00:00, run_after=2022-11-28T15:45:00+00:00
[2022-11-28T15:45:51.190+0000] {processor.py:176} INFO - Processing /home/airflow/.local/lib/python3.7/site-packages/airflow/example_dags/example_branch_python_dop_operator_3.py took 0.090 seconds
[2022-11-28T15:46:21.822+0000] {processor.py:154} INFO - Started process (PID=957) to work on /home/airflow/.local/lib/python3.7/site-packages/airflow/example_dags/example_branch_python_dop_operator_3.py
[2022-11-28T15:46:21.824+0000] {processor.py:756} INFO - Processing file /home/airflow/.local/lib/python3.7/site-packages/airflow/example_dags/example_branch_python_dop_operator_3.py for tasks to queue
[2022-11-28T15:46:21.825+0000] {logging_mixin.py:137} INFO - [2022-11-28T15:46:21.825+0000] {dagbag.py:537} INFO - Filling up the DagBag from /home/airflow/.local/lib/python3.7/site-packages/airflow/example_dags/example_branch_python_dop_operator_3.py
[2022-11-28T15:46:21.846+0000] {processor.py:766} INFO - DAG(s) dict_keys(['example_branch_dop_operator_v3']) retrieved from /home/airflow/.local/lib/python3.7/site-packages/airflow/example_dags/example_branch_python_dop_operator_3.py
[2022-11-28T15:46:21.872+0000] {logging_mixin.py:137} INFO - [2022-11-28T15:46:21.872+0000] {dag.py:2585} INFO - Sync 1 DAGs
[2022-11-28T15:46:21.890+0000] {logging_mixin.py:137} INFO - [2022-11-28T15:46:21.890+0000] {dag.py:3340} INFO - Setting next_dagrun for example_branch_dop_operator_v3 to 2022-11-28T15:45:00+00:00, run_after=2022-11-28T15:46:00+00:00
[2022-11-28T15:46:21.902+0000] {processor.py:176} INFO - Processing /home/airflow/.local/lib/python3.7/site-packages/airflow/example_dags/example_branch_python_dop_operator_3.py took 0.082 seconds
[2022-11-28T15:46:52.743+0000] {processor.py:154} INFO - Started process (PID=1021) to work on /home/airflow/.local/lib/python3.7/site-packages/airflow/example_dags/example_branch_python_dop_operator_3.py
[2022-11-28T15:46:52.745+0000] {processor.py:756} INFO - Processing file /home/airflow/.local/lib/python3.7/site-packages/airflow/example_dags/example_branch_python_dop_operator_3.py for tasks to queue
[2022-11-28T15:46:52.748+0000] {logging_mixin.py:137} INFO - [2022-11-28T15:46:52.747+0000] {dagbag.py:537} INFO - Filling up the DagBag from /home/airflow/.local/lib/python3.7/site-packages/airflow/example_dags/example_branch_python_dop_operator_3.py
[2022-11-28T15:46:52.766+0000] {processor.py:766} INFO - DAG(s) dict_keys(['example_branch_dop_operator_v3']) retrieved from /home/airflow/.local/lib/python3.7/site-packages/airflow/example_dags/example_branch_python_dop_operator_3.py
[2022-11-28T15:46:52.794+0000] {logging_mixin.py:137} INFO - [2022-11-28T15:46:52.794+0000] {dag.py:2585} INFO - Sync 1 DAGs
[2022-11-28T15:46:52.812+0000] {logging_mixin.py:137} INFO - [2022-11-28T15:46:52.812+0000] {dag.py:3340} INFO - Setting next_dagrun for example_branch_dop_operator_v3 to 2022-11-28T15:45:00+00:00, run_after=2022-11-28T15:46:00+00:00
[2022-11-28T15:46:52.826+0000] {processor.py:176} INFO - Processing /home/airflow/.local/lib/python3.7/site-packages/airflow/example_dags/example_branch_python_dop_operator_3.py took 0.086 seconds
[2022-11-28T15:47:23.463+0000] {processor.py:154} INFO - Started process (PID=1084) to work on /home/airflow/.local/lib/python3.7/site-packages/airflow/example_dags/example_branch_python_dop_operator_3.py
[2022-11-28T15:47:23.465+0000] {processor.py:756} INFO - Processing file /home/airflow/.local/lib/python3.7/site-packages/airflow/example_dags/example_branch_python_dop_operator_3.py for tasks to queue
[2022-11-28T15:47:23.466+0000] {logging_mixin.py:137} INFO - [2022-11-28T15:47:23.466+0000] {dagbag.py:537} INFO - Filling up the DagBag from /home/airflow/.local/lib/python3.7/site-packages/airflow/example_dags/example_branch_python_dop_operator_3.py
[2022-11-28T15:47:23.480+0000] {processor.py:766} INFO - DAG(s) dict_keys(['example_branch_dop_operator_v3']) retrieved from /home/airflow/.local/lib/python3.7/site-packages/airflow/example_dags/example_branch_python_dop_operator_3.py
[2022-11-28T15:47:23.508+0000] {logging_mixin.py:137} INFO - [2022-11-28T15:47:23.508+0000] {dag.py:2585} INFO - Sync 1 DAGs
[2022-11-28T15:47:23.526+0000] {logging_mixin.py:137} INFO - [2022-11-28T15:47:23.526+0000] {dag.py:3340} INFO - Setting next_dagrun for example_branch_dop_operator_v3 to 2022-11-28T15:46:00+00:00, run_after=2022-11-28T15:47:00+00:00
[2022-11-28T15:47:23.540+0000] {processor.py:176} INFO - Processing /home/airflow/.local/lib/python3.7/site-packages/airflow/example_dags/example_branch_python_dop_operator_3.py took 0.079 seconds
[2022-11-28T15:47:53.977+0000] {processor.py:154} INFO - Started process (PID=1149) to work on /home/airflow/.local/lib/python3.7/site-packages/airflow/example_dags/example_branch_python_dop_operator_3.py
[2022-11-28T15:47:53.979+0000] {processor.py:756} INFO - Processing file /home/airflow/.local/lib/python3.7/site-packages/airflow/example_dags/example_branch_python_dop_operator_3.py for tasks to queue
[2022-11-28T15:47:53.980+0000] {logging_mixin.py:137} INFO - [2022-11-28T15:47:53.980+0000] {dagbag.py:537} INFO - Filling up the DagBag from /home/airflow/.local/lib/python3.7/site-packages/airflow/example_dags/example_branch_python_dop_operator_3.py
[2022-11-28T15:47:53.997+0000] {processor.py:766} INFO - DAG(s) dict_keys(['example_branch_dop_operator_v3']) retrieved from /home/airflow/.local/lib/python3.7/site-packages/airflow/example_dags/example_branch_python_dop_operator_3.py
[2022-11-28T15:47:54.028+0000] {logging_mixin.py:137} INFO - [2022-11-28T15:47:54.028+0000] {dag.py:2585} INFO - Sync 1 DAGs
[2022-11-28T15:47:54.052+0000] {logging_mixin.py:137} INFO - [2022-11-28T15:47:54.052+0000] {dag.py:3340} INFO - Setting next_dagrun for example_branch_dop_operator_v3 to 2022-11-28T15:46:00+00:00, run_after=2022-11-28T15:47:00+00:00
[2022-11-28T15:47:54.066+0000] {processor.py:176} INFO - Processing /home/airflow/.local/lib/python3.7/site-packages/airflow/example_dags/example_branch_python_dop_operator_3.py took 0.091 seconds
[2022-11-28T15:48:24.759+0000] {processor.py:154} INFO - Started process (PID=1204) to work on /home/airflow/.local/lib/python3.7/site-packages/airflow/example_dags/example_branch_python_dop_operator_3.py
[2022-11-28T15:48:24.761+0000] {processor.py:756} INFO - Processing file /home/airflow/.local/lib/python3.7/site-packages/airflow/example_dags/example_branch_python_dop_operator_3.py for tasks to queue
[2022-11-28T15:48:24.763+0000] {logging_mixin.py:137} INFO - [2022-11-28T15:48:24.763+0000] {dagbag.py:537} INFO - Filling up the DagBag from /home/airflow/.local/lib/python3.7/site-packages/airflow/example_dags/example_branch_python_dop_operator_3.py
[2022-11-28T15:48:24.783+0000] {processor.py:766} INFO - DAG(s) dict_keys(['example_branch_dop_operator_v3']) retrieved from /home/airflow/.local/lib/python3.7/site-packages/airflow/example_dags/example_branch_python_dop_operator_3.py
[2022-11-28T15:48:24.811+0000] {logging_mixin.py:137} INFO - [2022-11-28T15:48:24.811+0000] {dag.py:2585} INFO - Sync 1 DAGs
[2022-11-28T15:48:24.830+0000] {logging_mixin.py:137} INFO - [2022-11-28T15:48:24.830+0000] {dag.py:3340} INFO - Setting next_dagrun for example_branch_dop_operator_v3 to 2022-11-28T15:47:00+00:00, run_after=2022-11-28T15:48:00+00:00
[2022-11-28T15:48:24.843+0000] {processor.py:176} INFO - Processing /home/airflow/.local/lib/python3.7/site-packages/airflow/example_dags/example_branch_python_dop_operator_3.py took 0.086 seconds
[2022-11-28T15:48:55.751+0000] {processor.py:154} INFO - Started process (PID=1267) to work on /home/airflow/.local/lib/python3.7/site-packages/airflow/example_dags/example_branch_python_dop_operator_3.py
[2022-11-28T15:48:55.753+0000] {processor.py:756} INFO - Processing file /home/airflow/.local/lib/python3.7/site-packages/airflow/example_dags/example_branch_python_dop_operator_3.py for tasks to queue
[2022-11-28T15:48:55.754+0000] {logging_mixin.py:137} INFO - [2022-11-28T15:48:55.754+0000] {dagbag.py:537} INFO - Filling up the DagBag from /home/airflow/.local/lib/python3.7/site-packages/airflow/example_dags/example_branch_python_dop_operator_3.py
[2022-11-28T15:48:55.769+0000] {processor.py:766} INFO - DAG(s) dict_keys(['example_branch_dop_operator_v3']) retrieved from /home/airflow/.local/lib/python3.7/site-packages/airflow/example_dags/example_branch_python_dop_operator_3.py
[2022-11-28T15:48:55.795+0000] {logging_mixin.py:137} INFO - [2022-11-28T15:48:55.795+0000] {dag.py:2585} INFO - Sync 1 DAGs
[2022-11-28T15:48:55.814+0000] {logging_mixin.py:137} INFO - [2022-11-28T15:48:55.814+0000] {dag.py:3340} INFO - Setting next_dagrun for example_branch_dop_operator_v3 to 2022-11-28T15:47:00+00:00, run_after=2022-11-28T15:48:00+00:00
[2022-11-28T15:48:55.827+0000] {processor.py:176} INFO - Processing /home/airflow/.local/lib/python3.7/site-packages/airflow/example_dags/example_branch_python_dop_operator_3.py took 0.078 seconds
[2022-11-28T15:49:26.372+0000] {processor.py:154} INFO - Started process (PID=1330) to work on /home/airflow/.local/lib/python3.7/site-packages/airflow/example_dags/example_branch_python_dop_operator_3.py
[2022-11-28T15:49:26.374+0000] {processor.py:756} INFO - Processing file /home/airflow/.local/lib/python3.7/site-packages/airflow/example_dags/example_branch_python_dop_operator_3.py for tasks to queue
[2022-11-28T15:49:26.384+0000] {logging_mixin.py:137} INFO - [2022-11-28T15:49:26.383+0000] {dagbag.py:537} INFO - Filling up the DagBag from /home/airflow/.local/lib/python3.7/site-packages/airflow/example_dags/example_branch_python_dop_operator_3.py
[2022-11-28T15:49:26.409+0000] {processor.py:766} INFO - DAG(s) dict_keys(['example_branch_dop_operator_v3']) retrieved from /home/airflow/.local/lib/python3.7/site-packages/airflow/example_dags/example_branch_python_dop_operator_3.py
[2022-11-28T15:49:26.448+0000] {logging_mixin.py:137} INFO - [2022-11-28T15:49:26.448+0000] {dag.py:2585} INFO - Sync 1 DAGs
[2022-11-28T15:49:26.470+0000] {logging_mixin.py:137} INFO - [2022-11-28T15:49:26.470+0000] {dag.py:3340} INFO - Setting next_dagrun for example_branch_dop_operator_v3 to 2022-11-28T15:48:00+00:00, run_after=2022-11-28T15:49:00+00:00
[2022-11-28T15:49:26.485+0000] {processor.py:176} INFO - Processing /home/airflow/.local/lib/python3.7/site-packages/airflow/example_dags/example_branch_python_dop_operator_3.py took 0.147 seconds
