[2022-11-28T15:35:15.535+0000] {processor.py:154} INFO - Started process (PID=40) to work on /home/airflow/.local/lib/python3.7/site-packages/airflow/example_dags/example_branch_labels.py
[2022-11-28T15:35:15.540+0000] {processor.py:756} INFO - Processing file /home/airflow/.local/lib/python3.7/site-packages/airflow/example_dags/example_branch_labels.py for tasks to queue
[2022-11-28T15:35:15.546+0000] {logging_mixin.py:137} INFO - [2022-11-28T15:35:15.546+0000] {dagbag.py:537} INFO - Filling up the DagBag from /home/airflow/.local/lib/python3.7/site-packages/airflow/example_dags/example_branch_labels.py
[2022-11-28T15:35:15.573+0000] {processor.py:766} INFO - DAG(s) dict_keys(['example_branch_labels']) retrieved from /home/airflow/.local/lib/python3.7/site-packages/airflow/example_dags/example_branch_labels.py
[2022-11-28T15:35:15.647+0000] {logging_mixin.py:137} INFO - [2022-11-28T15:35:15.647+0000] {dag.py:2585} INFO - Sync 1 DAGs
[2022-11-28T15:35:15.712+0000] {logging_mixin.py:137} INFO - [2022-11-28T15:35:15.711+0000] {dag.py:3340} INFO - Setting next_dagrun for example_branch_labels to 2022-11-27T00:00:00+00:00, run_after=2022-11-28T00:00:00+00:00
[2022-11-28T15:35:15.830+0000] {processor.py:176} INFO - Processing /home/airflow/.local/lib/python3.7/site-packages/airflow/example_dags/example_branch_labels.py took 0.299 seconds
[2022-11-28T15:35:46.057+0000] {processor.py:154} INFO - Started process (PID=102) to work on /home/airflow/.local/lib/python3.7/site-packages/airflow/example_dags/example_branch_labels.py
[2022-11-28T15:35:46.059+0000] {processor.py:756} INFO - Processing file /home/airflow/.local/lib/python3.7/site-packages/airflow/example_dags/example_branch_labels.py for tasks to queue
[2022-11-28T15:35:46.061+0000] {logging_mixin.py:137} INFO - [2022-11-28T15:35:46.061+0000] {dagbag.py:537} INFO - Filling up the DagBag from /home/airflow/.local/lib/python3.7/site-packages/airflow/example_dags/example_branch_labels.py
[2022-11-28T15:35:46.076+0000] {processor.py:766} INFO - DAG(s) dict_keys(['example_branch_labels']) retrieved from /home/airflow/.local/lib/python3.7/site-packages/airflow/example_dags/example_branch_labels.py
[2022-11-28T15:35:46.108+0000] {logging_mixin.py:137} INFO - [2022-11-28T15:35:46.108+0000] {dag.py:2585} INFO - Sync 1 DAGs
[2022-11-28T15:35:46.126+0000] {logging_mixin.py:137} INFO - [2022-11-28T15:35:46.126+0000] {dag.py:3340} INFO - Setting next_dagrun for example_branch_labels to 2022-11-27T00:00:00+00:00, run_after=2022-11-28T00:00:00+00:00
[2022-11-28T15:35:46.142+0000] {processor.py:176} INFO - Processing /home/airflow/.local/lib/python3.7/site-packages/airflow/example_dags/example_branch_labels.py took 0.088 seconds
[2022-11-28T15:36:16.428+0000] {processor.py:154} INFO - Started process (PID=166) to work on /home/airflow/.local/lib/python3.7/site-packages/airflow/example_dags/example_branch_labels.py
[2022-11-28T15:36:16.437+0000] {processor.py:756} INFO - Processing file /home/airflow/.local/lib/python3.7/site-packages/airflow/example_dags/example_branch_labels.py for tasks to queue
[2022-11-28T15:36:16.441+0000] {logging_mixin.py:137} INFO - [2022-11-28T15:36:16.441+0000] {dagbag.py:537} INFO - Filling up the DagBag from /home/airflow/.local/lib/python3.7/site-packages/airflow/example_dags/example_branch_labels.py
[2022-11-28T15:36:16.453+0000] {processor.py:766} INFO - DAG(s) dict_keys(['example_branch_labels']) retrieved from /home/airflow/.local/lib/python3.7/site-packages/airflow/example_dags/example_branch_labels.py
[2022-11-28T15:36:16.497+0000] {logging_mixin.py:137} INFO - [2022-11-28T15:36:16.496+0000] {dag.py:2585} INFO - Sync 1 DAGs
[2022-11-28T15:36:16.526+0000] {logging_mixin.py:137} INFO - [2022-11-28T15:36:16.526+0000] {dag.py:3340} INFO - Setting next_dagrun for example_branch_labels to 2022-11-27T00:00:00+00:00, run_after=2022-11-28T00:00:00+00:00
[2022-11-28T15:36:16.544+0000] {processor.py:176} INFO - Processing /home/airflow/.local/lib/python3.7/site-packages/airflow/example_dags/example_branch_labels.py took 0.120 seconds
[2022-11-28T15:38:42.354+0000] {processor.py:154} INFO - Started process (PID=40) to work on /home/airflow/.local/lib/python3.7/site-packages/airflow/example_dags/example_branch_labels.py
[2022-11-28T15:38:42.362+0000] {processor.py:756} INFO - Processing file /home/airflow/.local/lib/python3.7/site-packages/airflow/example_dags/example_branch_labels.py for tasks to queue
[2022-11-28T15:38:42.373+0000] {logging_mixin.py:137} INFO - [2022-11-28T15:38:42.373+0000] {dagbag.py:537} INFO - Filling up the DagBag from /home/airflow/.local/lib/python3.7/site-packages/airflow/example_dags/example_branch_labels.py
[2022-11-28T15:38:42.388+0000] {processor.py:766} INFO - DAG(s) dict_keys(['example_branch_labels']) retrieved from /home/airflow/.local/lib/python3.7/site-packages/airflow/example_dags/example_branch_labels.py
[2022-11-28T15:38:42.425+0000] {logging_mixin.py:137} INFO - [2022-11-28T15:38:42.425+0000] {dag.py:2585} INFO - Sync 1 DAGs
[2022-11-28T15:38:42.478+0000] {logging_mixin.py:137} INFO - [2022-11-28T15:38:42.478+0000] {dag.py:3340} INFO - Setting next_dagrun for example_branch_labels to 2022-11-27T00:00:00+00:00, run_after=2022-11-28T00:00:00+00:00
[2022-11-28T15:38:42.531+0000] {processor.py:176} INFO - Processing /home/airflow/.local/lib/python3.7/site-packages/airflow/example_dags/example_branch_labels.py took 0.181 seconds
[2022-11-28T15:39:13.091+0000] {processor.py:154} INFO - Started process (PID=102) to work on /home/airflow/.local/lib/python3.7/site-packages/airflow/example_dags/example_branch_labels.py
[2022-11-28T15:39:13.093+0000] {processor.py:756} INFO - Processing file /home/airflow/.local/lib/python3.7/site-packages/airflow/example_dags/example_branch_labels.py for tasks to queue
[2022-11-28T15:39:13.096+0000] {logging_mixin.py:137} INFO - [2022-11-28T15:39:13.096+0000] {dagbag.py:537} INFO - Filling up the DagBag from /home/airflow/.local/lib/python3.7/site-packages/airflow/example_dags/example_branch_labels.py
[2022-11-28T15:39:13.107+0000] {processor.py:766} INFO - DAG(s) dict_keys(['example_branch_labels']) retrieved from /home/airflow/.local/lib/python3.7/site-packages/airflow/example_dags/example_branch_labels.py
[2022-11-28T15:39:13.136+0000] {logging_mixin.py:137} INFO - [2022-11-28T15:39:13.136+0000] {dag.py:2585} INFO - Sync 1 DAGs
[2022-11-28T15:39:13.152+0000] {logging_mixin.py:137} INFO - [2022-11-28T15:39:13.152+0000] {dag.py:3340} INFO - Setting next_dagrun for example_branch_labels to 2022-11-27T00:00:00+00:00, run_after=2022-11-28T00:00:00+00:00
[2022-11-28T15:39:13.167+0000] {processor.py:176} INFO - Processing /home/airflow/.local/lib/python3.7/site-packages/airflow/example_dags/example_branch_labels.py took 0.078 seconds
[2022-11-28T15:39:43.957+0000] {processor.py:154} INFO - Started process (PID=166) to work on /home/airflow/.local/lib/python3.7/site-packages/airflow/example_dags/example_branch_labels.py
[2022-11-28T15:39:43.959+0000] {processor.py:756} INFO - Processing file /home/airflow/.local/lib/python3.7/site-packages/airflow/example_dags/example_branch_labels.py for tasks to queue
[2022-11-28T15:39:43.960+0000] {logging_mixin.py:137} INFO - [2022-11-28T15:39:43.960+0000] {dagbag.py:537} INFO - Filling up the DagBag from /home/airflow/.local/lib/python3.7/site-packages/airflow/example_dags/example_branch_labels.py
[2022-11-28T15:39:43.971+0000] {processor.py:766} INFO - DAG(s) dict_keys(['example_branch_labels']) retrieved from /home/airflow/.local/lib/python3.7/site-packages/airflow/example_dags/example_branch_labels.py
[2022-11-28T15:39:43.998+0000] {logging_mixin.py:137} INFO - [2022-11-28T15:39:43.998+0000] {dag.py:2585} INFO - Sync 1 DAGs
[2022-11-28T15:39:44.015+0000] {logging_mixin.py:137} INFO - [2022-11-28T15:39:44.015+0000] {dag.py:3340} INFO - Setting next_dagrun for example_branch_labels to 2022-11-27T00:00:00+00:00, run_after=2022-11-28T00:00:00+00:00
[2022-11-28T15:39:44.029+0000] {processor.py:176} INFO - Processing /home/airflow/.local/lib/python3.7/site-packages/airflow/example_dags/example_branch_labels.py took 0.074 seconds
[2022-11-28T15:40:14.483+0000] {processor.py:154} INFO - Started process (PID=220) to work on /home/airflow/.local/lib/python3.7/site-packages/airflow/example_dags/example_branch_labels.py
[2022-11-28T15:40:14.486+0000] {processor.py:756} INFO - Processing file /home/airflow/.local/lib/python3.7/site-packages/airflow/example_dags/example_branch_labels.py for tasks to queue
[2022-11-28T15:40:14.487+0000] {logging_mixin.py:137} INFO - [2022-11-28T15:40:14.487+0000] {dagbag.py:537} INFO - Filling up the DagBag from /home/airflow/.local/lib/python3.7/site-packages/airflow/example_dags/example_branch_labels.py
[2022-11-28T15:40:14.497+0000] {processor.py:766} INFO - DAG(s) dict_keys(['example_branch_labels']) retrieved from /home/airflow/.local/lib/python3.7/site-packages/airflow/example_dags/example_branch_labels.py
[2022-11-28T15:40:14.524+0000] {logging_mixin.py:137} INFO - [2022-11-28T15:40:14.524+0000] {dag.py:2585} INFO - Sync 1 DAGs
[2022-11-28T15:40:14.539+0000] {logging_mixin.py:137} INFO - [2022-11-28T15:40:14.539+0000] {dag.py:3340} INFO - Setting next_dagrun for example_branch_labels to 2022-11-27T00:00:00+00:00, run_after=2022-11-28T00:00:00+00:00
[2022-11-28T15:40:14.552+0000] {processor.py:176} INFO - Processing /home/airflow/.local/lib/python3.7/site-packages/airflow/example_dags/example_branch_labels.py took 0.071 seconds
[2022-11-28T15:40:44.683+0000] {processor.py:154} INFO - Started process (PID=283) to work on /home/airflow/.local/lib/python3.7/site-packages/airflow/example_dags/example_branch_labels.py
[2022-11-28T15:40:44.684+0000] {processor.py:756} INFO - Processing file /home/airflow/.local/lib/python3.7/site-packages/airflow/example_dags/example_branch_labels.py for tasks to queue
[2022-11-28T15:40:44.685+0000] {logging_mixin.py:137} INFO - [2022-11-28T15:40:44.685+0000] {dagbag.py:537} INFO - Filling up the DagBag from /home/airflow/.local/lib/python3.7/site-packages/airflow/example_dags/example_branch_labels.py
[2022-11-28T15:40:44.696+0000] {processor.py:766} INFO - DAG(s) dict_keys(['example_branch_labels']) retrieved from /home/airflow/.local/lib/python3.7/site-packages/airflow/example_dags/example_branch_labels.py
[2022-11-28T15:40:44.724+0000] {logging_mixin.py:137} INFO - [2022-11-28T15:40:44.724+0000] {dag.py:2585} INFO - Sync 1 DAGs
[2022-11-28T15:40:44.743+0000] {logging_mixin.py:137} INFO - [2022-11-28T15:40:44.743+0000] {dag.py:3340} INFO - Setting next_dagrun for example_branch_labels to 2022-11-27T00:00:00+00:00, run_after=2022-11-28T00:00:00+00:00
[2022-11-28T15:40:44.756+0000] {processor.py:176} INFO - Processing /home/airflow/.local/lib/python3.7/site-packages/airflow/example_dags/example_branch_labels.py took 0.075 seconds
[2022-11-28T15:41:15.286+0000] {processor.py:154} INFO - Started process (PID=344) to work on /home/airflow/.local/lib/python3.7/site-packages/airflow/example_dags/example_branch_labels.py
[2022-11-28T15:41:15.298+0000] {processor.py:756} INFO - Processing file /home/airflow/.local/lib/python3.7/site-packages/airflow/example_dags/example_branch_labels.py for tasks to queue
[2022-11-28T15:41:15.300+0000] {logging_mixin.py:137} INFO - [2022-11-28T15:41:15.300+0000] {dagbag.py:537} INFO - Filling up the DagBag from /home/airflow/.local/lib/python3.7/site-packages/airflow/example_dags/example_branch_labels.py
[2022-11-28T15:41:15.319+0000] {processor.py:766} INFO - DAG(s) dict_keys(['example_branch_labels']) retrieved from /home/airflow/.local/lib/python3.7/site-packages/airflow/example_dags/example_branch_labels.py
[2022-11-28T15:41:15.359+0000] {logging_mixin.py:137} INFO - [2022-11-28T15:41:15.359+0000] {dag.py:2585} INFO - Sync 1 DAGs
[2022-11-28T15:41:15.386+0000] {logging_mixin.py:137} INFO - [2022-11-28T15:41:15.386+0000] {dag.py:3340} INFO - Setting next_dagrun for example_branch_labels to 2022-11-27T00:00:00+00:00, run_after=2022-11-28T00:00:00+00:00
[2022-11-28T15:41:15.406+0000] {processor.py:176} INFO - Processing /home/airflow/.local/lib/python3.7/site-packages/airflow/example_dags/example_branch_labels.py took 0.124 seconds
[2022-11-28T15:41:45.782+0000] {processor.py:154} INFO - Started process (PID=407) to work on /home/airflow/.local/lib/python3.7/site-packages/airflow/example_dags/example_branch_labels.py
[2022-11-28T15:41:45.785+0000] {processor.py:756} INFO - Processing file /home/airflow/.local/lib/python3.7/site-packages/airflow/example_dags/example_branch_labels.py for tasks to queue
[2022-11-28T15:41:45.786+0000] {logging_mixin.py:137} INFO - [2022-11-28T15:41:45.786+0000] {dagbag.py:537} INFO - Filling up the DagBag from /home/airflow/.local/lib/python3.7/site-packages/airflow/example_dags/example_branch_labels.py
[2022-11-28T15:41:45.796+0000] {processor.py:766} INFO - DAG(s) dict_keys(['example_branch_labels']) retrieved from /home/airflow/.local/lib/python3.7/site-packages/airflow/example_dags/example_branch_labels.py
[2022-11-28T15:41:45.823+0000] {logging_mixin.py:137} INFO - [2022-11-28T15:41:45.823+0000] {dag.py:2585} INFO - Sync 1 DAGs
[2022-11-28T15:41:45.840+0000] {logging_mixin.py:137} INFO - [2022-11-28T15:41:45.840+0000] {dag.py:3340} INFO - Setting next_dagrun for example_branch_labels to 2022-11-27T00:00:00+00:00, run_after=2022-11-28T00:00:00+00:00
[2022-11-28T15:41:45.856+0000] {processor.py:176} INFO - Processing /home/airflow/.local/lib/python3.7/site-packages/airflow/example_dags/example_branch_labels.py took 0.077 seconds
[2022-11-28T15:42:17.300+0000] {processor.py:154} INFO - Started process (PID=470) to work on /home/airflow/.local/lib/python3.7/site-packages/airflow/example_dags/example_branch_labels.py
[2022-11-28T15:42:17.303+0000] {processor.py:756} INFO - Processing file /home/airflow/.local/lib/python3.7/site-packages/airflow/example_dags/example_branch_labels.py for tasks to queue
[2022-11-28T15:42:17.305+0000] {logging_mixin.py:137} INFO - [2022-11-28T15:42:17.304+0000] {dagbag.py:537} INFO - Filling up the DagBag from /home/airflow/.local/lib/python3.7/site-packages/airflow/example_dags/example_branch_labels.py
[2022-11-28T15:42:17.326+0000] {processor.py:766} INFO - DAG(s) dict_keys(['example_branch_labels']) retrieved from /home/airflow/.local/lib/python3.7/site-packages/airflow/example_dags/example_branch_labels.py
[2022-11-28T15:42:17.359+0000] {logging_mixin.py:137} INFO - [2022-11-28T15:42:17.359+0000] {dag.py:2585} INFO - Sync 1 DAGs
[2022-11-28T15:42:17.378+0000] {logging_mixin.py:137} INFO - [2022-11-28T15:42:17.378+0000] {dag.py:3340} INFO - Setting next_dagrun for example_branch_labels to 2022-11-27T00:00:00+00:00, run_after=2022-11-28T00:00:00+00:00
[2022-11-28T15:42:17.393+0000] {processor.py:176} INFO - Processing /home/airflow/.local/lib/python3.7/site-packages/airflow/example_dags/example_branch_labels.py took 0.096 seconds
[2022-11-28T15:42:48.340+0000] {processor.py:154} INFO - Started process (PID=532) to work on /home/airflow/.local/lib/python3.7/site-packages/airflow/example_dags/example_branch_labels.py
[2022-11-28T15:42:48.346+0000] {processor.py:756} INFO - Processing file /home/airflow/.local/lib/python3.7/site-packages/airflow/example_dags/example_branch_labels.py for tasks to queue
[2022-11-28T15:42:48.351+0000] {logging_mixin.py:137} INFO - [2022-11-28T15:42:48.351+0000] {dagbag.py:537} INFO - Filling up the DagBag from /home/airflow/.local/lib/python3.7/site-packages/airflow/example_dags/example_branch_labels.py
[2022-11-28T15:42:48.371+0000] {processor.py:766} INFO - DAG(s) dict_keys(['example_branch_labels']) retrieved from /home/airflow/.local/lib/python3.7/site-packages/airflow/example_dags/example_branch_labels.py
[2022-11-28T15:42:48.415+0000] {logging_mixin.py:137} INFO - [2022-11-28T15:42:48.415+0000] {dag.py:2585} INFO - Sync 1 DAGs
[2022-11-28T15:42:48.434+0000] {logging_mixin.py:137} INFO - [2022-11-28T15:42:48.434+0000] {dag.py:3340} INFO - Setting next_dagrun for example_branch_labels to 2022-11-27T00:00:00+00:00, run_after=2022-11-28T00:00:00+00:00
[2022-11-28T15:42:48.453+0000] {processor.py:176} INFO - Processing /home/airflow/.local/lib/python3.7/site-packages/airflow/example_dags/example_branch_labels.py took 0.116 seconds
[2022-11-28T15:43:18.588+0000] {processor.py:154} INFO - Started process (PID=586) to work on /home/airflow/.local/lib/python3.7/site-packages/airflow/example_dags/example_branch_labels.py
[2022-11-28T15:43:18.590+0000] {processor.py:756} INFO - Processing file /home/airflow/.local/lib/python3.7/site-packages/airflow/example_dags/example_branch_labels.py for tasks to queue
[2022-11-28T15:43:18.592+0000] {logging_mixin.py:137} INFO - [2022-11-28T15:43:18.592+0000] {dagbag.py:537} INFO - Filling up the DagBag from /home/airflow/.local/lib/python3.7/site-packages/airflow/example_dags/example_branch_labels.py
[2022-11-28T15:43:18.603+0000] {processor.py:766} INFO - DAG(s) dict_keys(['example_branch_labels']) retrieved from /home/airflow/.local/lib/python3.7/site-packages/airflow/example_dags/example_branch_labels.py
[2022-11-28T15:43:18.634+0000] {logging_mixin.py:137} INFO - [2022-11-28T15:43:18.633+0000] {dag.py:2585} INFO - Sync 1 DAGs
[2022-11-28T15:43:18.651+0000] {logging_mixin.py:137} INFO - [2022-11-28T15:43:18.651+0000] {dag.py:3340} INFO - Setting next_dagrun for example_branch_labels to 2022-11-27T00:00:00+00:00, run_after=2022-11-28T00:00:00+00:00
[2022-11-28T15:43:18.667+0000] {processor.py:176} INFO - Processing /home/airflow/.local/lib/python3.7/site-packages/airflow/example_dags/example_branch_labels.py took 0.082 seconds
[2022-11-28T15:43:48.835+0000] {processor.py:154} INFO - Started process (PID=649) to work on /home/airflow/.local/lib/python3.7/site-packages/airflow/example_dags/example_branch_labels.py
[2022-11-28T15:43:48.837+0000] {processor.py:756} INFO - Processing file /home/airflow/.local/lib/python3.7/site-packages/airflow/example_dags/example_branch_labels.py for tasks to queue
[2022-11-28T15:43:48.838+0000] {logging_mixin.py:137} INFO - [2022-11-28T15:43:48.838+0000] {dagbag.py:537} INFO - Filling up the DagBag from /home/airflow/.local/lib/python3.7/site-packages/airflow/example_dags/example_branch_labels.py
[2022-11-28T15:43:48.848+0000] {processor.py:766} INFO - DAG(s) dict_keys(['example_branch_labels']) retrieved from /home/airflow/.local/lib/python3.7/site-packages/airflow/example_dags/example_branch_labels.py
[2022-11-28T15:43:48.876+0000] {logging_mixin.py:137} INFO - [2022-11-28T15:43:48.875+0000] {dag.py:2585} INFO - Sync 1 DAGs
[2022-11-28T15:43:48.893+0000] {logging_mixin.py:137} INFO - [2022-11-28T15:43:48.893+0000] {dag.py:3340} INFO - Setting next_dagrun for example_branch_labels to 2022-11-27T00:00:00+00:00, run_after=2022-11-28T00:00:00+00:00
[2022-11-28T15:43:48.905+0000] {processor.py:176} INFO - Processing /home/airflow/.local/lib/python3.7/site-packages/airflow/example_dags/example_branch_labels.py took 0.073 seconds
[2022-11-28T15:44:19.521+0000] {processor.py:154} INFO - Started process (PID=712) to work on /home/airflow/.local/lib/python3.7/site-packages/airflow/example_dags/example_branch_labels.py
[2022-11-28T15:44:19.523+0000] {processor.py:756} INFO - Processing file /home/airflow/.local/lib/python3.7/site-packages/airflow/example_dags/example_branch_labels.py for tasks to queue
[2022-11-28T15:44:19.526+0000] {logging_mixin.py:137} INFO - [2022-11-28T15:44:19.526+0000] {dagbag.py:537} INFO - Filling up the DagBag from /home/airflow/.local/lib/python3.7/site-packages/airflow/example_dags/example_branch_labels.py
[2022-11-28T15:44:19.536+0000] {processor.py:766} INFO - DAG(s) dict_keys(['example_branch_labels']) retrieved from /home/airflow/.local/lib/python3.7/site-packages/airflow/example_dags/example_branch_labels.py
[2022-11-28T15:44:19.565+0000] {logging_mixin.py:137} INFO - [2022-11-28T15:44:19.564+0000] {dag.py:2585} INFO - Sync 1 DAGs
[2022-11-28T15:44:19.582+0000] {logging_mixin.py:137} INFO - [2022-11-28T15:44:19.582+0000] {dag.py:3340} INFO - Setting next_dagrun for example_branch_labels to 2022-11-27T00:00:00+00:00, run_after=2022-11-28T00:00:00+00:00
[2022-11-28T15:44:19.597+0000] {processor.py:176} INFO - Processing /home/airflow/.local/lib/python3.7/site-packages/airflow/example_dags/example_branch_labels.py took 0.078 seconds
[2022-11-28T15:44:50.434+0000] {processor.py:154} INFO - Started process (PID=775) to work on /home/airflow/.local/lib/python3.7/site-packages/airflow/example_dags/example_branch_labels.py
[2022-11-28T15:44:50.438+0000] {processor.py:756} INFO - Processing file /home/airflow/.local/lib/python3.7/site-packages/airflow/example_dags/example_branch_labels.py for tasks to queue
[2022-11-28T15:44:50.439+0000] {logging_mixin.py:137} INFO - [2022-11-28T15:44:50.439+0000] {dagbag.py:537} INFO - Filling up the DagBag from /home/airflow/.local/lib/python3.7/site-packages/airflow/example_dags/example_branch_labels.py
[2022-11-28T15:44:50.451+0000] {processor.py:766} INFO - DAG(s) dict_keys(['example_branch_labels']) retrieved from /home/airflow/.local/lib/python3.7/site-packages/airflow/example_dags/example_branch_labels.py
[2022-11-28T15:44:50.485+0000] {logging_mixin.py:137} INFO - [2022-11-28T15:44:50.485+0000] {dag.py:2585} INFO - Sync 1 DAGs
[2022-11-28T15:44:50.504+0000] {logging_mixin.py:137} INFO - [2022-11-28T15:44:50.504+0000] {dag.py:3340} INFO - Setting next_dagrun for example_branch_labels to 2022-11-27T00:00:00+00:00, run_after=2022-11-28T00:00:00+00:00
[2022-11-28T15:44:50.520+0000] {processor.py:176} INFO - Processing /home/airflow/.local/lib/python3.7/site-packages/airflow/example_dags/example_branch_labels.py took 0.090 seconds
[2022-11-28T15:45:20.909+0000] {processor.py:154} INFO - Started process (PID=830) to work on /home/airflow/.local/lib/python3.7/site-packages/airflow/example_dags/example_branch_labels.py
[2022-11-28T15:45:20.911+0000] {processor.py:756} INFO - Processing file /home/airflow/.local/lib/python3.7/site-packages/airflow/example_dags/example_branch_labels.py for tasks to queue
[2022-11-28T15:45:20.913+0000] {logging_mixin.py:137} INFO - [2022-11-28T15:45:20.912+0000] {dagbag.py:537} INFO - Filling up the DagBag from /home/airflow/.local/lib/python3.7/site-packages/airflow/example_dags/example_branch_labels.py
[2022-11-28T15:45:20.935+0000] {processor.py:766} INFO - DAG(s) dict_keys(['example_branch_labels']) retrieved from /home/airflow/.local/lib/python3.7/site-packages/airflow/example_dags/example_branch_labels.py
[2022-11-28T15:45:20.996+0000] {logging_mixin.py:137} INFO - [2022-11-28T15:45:20.995+0000] {dag.py:2585} INFO - Sync 1 DAGs
[2022-11-28T15:45:21.013+0000] {logging_mixin.py:137} INFO - [2022-11-28T15:45:21.013+0000] {dag.py:3340} INFO - Setting next_dagrun for example_branch_labels to 2022-11-27T00:00:00+00:00, run_after=2022-11-28T00:00:00+00:00
[2022-11-28T15:45:21.026+0000] {processor.py:176} INFO - Processing /home/airflow/.local/lib/python3.7/site-packages/airflow/example_dags/example_branch_labels.py took 0.121 seconds
[2022-11-28T15:45:51.105+0000] {processor.py:154} INFO - Started process (PID=894) to work on /home/airflow/.local/lib/python3.7/site-packages/airflow/example_dags/example_branch_labels.py
[2022-11-28T15:45:51.107+0000] {processor.py:756} INFO - Processing file /home/airflow/.local/lib/python3.7/site-packages/airflow/example_dags/example_branch_labels.py for tasks to queue
[2022-11-28T15:45:51.108+0000] {logging_mixin.py:137} INFO - [2022-11-28T15:45:51.108+0000] {dagbag.py:537} INFO - Filling up the DagBag from /home/airflow/.local/lib/python3.7/site-packages/airflow/example_dags/example_branch_labels.py
[2022-11-28T15:45:51.119+0000] {processor.py:766} INFO - DAG(s) dict_keys(['example_branch_labels']) retrieved from /home/airflow/.local/lib/python3.7/site-packages/airflow/example_dags/example_branch_labels.py
[2022-11-28T15:45:51.151+0000] {logging_mixin.py:137} INFO - [2022-11-28T15:45:51.151+0000] {dag.py:2585} INFO - Sync 1 DAGs
[2022-11-28T15:45:51.169+0000] {logging_mixin.py:137} INFO - [2022-11-28T15:45:51.169+0000] {dag.py:3340} INFO - Setting next_dagrun for example_branch_labels to 2022-11-27T00:00:00+00:00, run_after=2022-11-28T00:00:00+00:00
[2022-11-28T15:45:51.183+0000] {processor.py:176} INFO - Processing /home/airflow/.local/lib/python3.7/site-packages/airflow/example_dags/example_branch_labels.py took 0.081 seconds
[2022-11-28T15:46:21.833+0000] {processor.py:154} INFO - Started process (PID=958) to work on /home/airflow/.local/lib/python3.7/site-packages/airflow/example_dags/example_branch_labels.py
[2022-11-28T15:46:21.836+0000] {processor.py:756} INFO - Processing file /home/airflow/.local/lib/python3.7/site-packages/airflow/example_dags/example_branch_labels.py for tasks to queue
[2022-11-28T15:46:21.837+0000] {logging_mixin.py:137} INFO - [2022-11-28T15:46:21.837+0000] {dagbag.py:537} INFO - Filling up the DagBag from /home/airflow/.local/lib/python3.7/site-packages/airflow/example_dags/example_branch_labels.py
[2022-11-28T15:46:21.846+0000] {processor.py:766} INFO - DAG(s) dict_keys(['example_branch_labels']) retrieved from /home/airflow/.local/lib/python3.7/site-packages/airflow/example_dags/example_branch_labels.py
[2022-11-28T15:46:21.872+0000] {logging_mixin.py:137} INFO - [2022-11-28T15:46:21.872+0000] {dag.py:2585} INFO - Sync 1 DAGs
[2022-11-28T15:46:21.888+0000] {logging_mixin.py:137} INFO - [2022-11-28T15:46:21.888+0000] {dag.py:3340} INFO - Setting next_dagrun for example_branch_labels to 2022-11-27T00:00:00+00:00, run_after=2022-11-28T00:00:00+00:00
[2022-11-28T15:46:21.902+0000] {processor.py:176} INFO - Processing /home/airflow/.local/lib/python3.7/site-packages/airflow/example_dags/example_branch_labels.py took 0.071 seconds
[2022-11-28T15:46:52.617+0000] {processor.py:154} INFO - Started process (PID=1020) to work on /home/airflow/.local/lib/python3.7/site-packages/airflow/example_dags/example_branch_labels.py
[2022-11-28T15:46:52.620+0000] {processor.py:756} INFO - Processing file /home/airflow/.local/lib/python3.7/site-packages/airflow/example_dags/example_branch_labels.py for tasks to queue
[2022-11-28T15:46:52.621+0000] {logging_mixin.py:137} INFO - [2022-11-28T15:46:52.621+0000] {dagbag.py:537} INFO - Filling up the DagBag from /home/airflow/.local/lib/python3.7/site-packages/airflow/example_dags/example_branch_labels.py
[2022-11-28T15:46:52.636+0000] {processor.py:766} INFO - DAG(s) dict_keys(['example_branch_labels']) retrieved from /home/airflow/.local/lib/python3.7/site-packages/airflow/example_dags/example_branch_labels.py
[2022-11-28T15:46:52.675+0000] {logging_mixin.py:137} INFO - [2022-11-28T15:46:52.675+0000] {dag.py:2585} INFO - Sync 1 DAGs
[2022-11-28T15:46:52.695+0000] {logging_mixin.py:137} INFO - [2022-11-28T15:46:52.695+0000] {dag.py:3340} INFO - Setting next_dagrun for example_branch_labels to 2022-11-27T00:00:00+00:00, run_after=2022-11-28T00:00:00+00:00
[2022-11-28T15:46:52.711+0000] {processor.py:176} INFO - Processing /home/airflow/.local/lib/python3.7/site-packages/airflow/example_dags/example_branch_labels.py took 0.097 seconds
[2022-11-28T15:47:23.569+0000] {processor.py:154} INFO - Started process (PID=1085) to work on /home/airflow/.local/lib/python3.7/site-packages/airflow/example_dags/example_branch_labels.py
[2022-11-28T15:47:23.571+0000] {processor.py:756} INFO - Processing file /home/airflow/.local/lib/python3.7/site-packages/airflow/example_dags/example_branch_labels.py for tasks to queue
[2022-11-28T15:47:23.572+0000] {logging_mixin.py:137} INFO - [2022-11-28T15:47:23.572+0000] {dagbag.py:537} INFO - Filling up the DagBag from /home/airflow/.local/lib/python3.7/site-packages/airflow/example_dags/example_branch_labels.py
[2022-11-28T15:47:23.583+0000] {processor.py:766} INFO - DAG(s) dict_keys(['example_branch_labels']) retrieved from /home/airflow/.local/lib/python3.7/site-packages/airflow/example_dags/example_branch_labels.py
[2022-11-28T15:47:23.612+0000] {logging_mixin.py:137} INFO - [2022-11-28T15:47:23.612+0000] {dag.py:2585} INFO - Sync 1 DAGs
[2022-11-28T15:47:23.629+0000] {logging_mixin.py:137} INFO - [2022-11-28T15:47:23.629+0000] {dag.py:3340} INFO - Setting next_dagrun for example_branch_labels to 2022-11-27T00:00:00+00:00, run_after=2022-11-28T00:00:00+00:00
[2022-11-28T15:47:23.645+0000] {processor.py:176} INFO - Processing /home/airflow/.local/lib/python3.7/site-packages/airflow/example_dags/example_branch_labels.py took 0.078 seconds
[2022-11-28T15:47:54.051+0000] {processor.py:154} INFO - Started process (PID=1150) to work on /home/airflow/.local/lib/python3.7/site-packages/airflow/example_dags/example_branch_labels.py
[2022-11-28T15:47:54.053+0000] {processor.py:756} INFO - Processing file /home/airflow/.local/lib/python3.7/site-packages/airflow/example_dags/example_branch_labels.py for tasks to queue
[2022-11-28T15:47:54.055+0000] {logging_mixin.py:137} INFO - [2022-11-28T15:47:54.055+0000] {dagbag.py:537} INFO - Filling up the DagBag from /home/airflow/.local/lib/python3.7/site-packages/airflow/example_dags/example_branch_labels.py
[2022-11-28T15:47:54.066+0000] {processor.py:766} INFO - DAG(s) dict_keys(['example_branch_labels']) retrieved from /home/airflow/.local/lib/python3.7/site-packages/airflow/example_dags/example_branch_labels.py
[2022-11-28T15:47:54.095+0000] {logging_mixin.py:137} INFO - [2022-11-28T15:47:54.095+0000] {dag.py:2585} INFO - Sync 1 DAGs
[2022-11-28T15:47:54.112+0000] {logging_mixin.py:137} INFO - [2022-11-28T15:47:54.112+0000] {dag.py:3340} INFO - Setting next_dagrun for example_branch_labels to 2022-11-27T00:00:00+00:00, run_after=2022-11-28T00:00:00+00:00
[2022-11-28T15:47:54.126+0000] {processor.py:176} INFO - Processing /home/airflow/.local/lib/python3.7/site-packages/airflow/example_dags/example_branch_labels.py took 0.079 seconds
[2022-11-28T15:48:24.770+0000] {processor.py:154} INFO - Started process (PID=1205) to work on /home/airflow/.local/lib/python3.7/site-packages/airflow/example_dags/example_branch_labels.py
[2022-11-28T15:48:24.772+0000] {processor.py:756} INFO - Processing file /home/airflow/.local/lib/python3.7/site-packages/airflow/example_dags/example_branch_labels.py for tasks to queue
[2022-11-28T15:48:24.773+0000] {logging_mixin.py:137} INFO - [2022-11-28T15:48:24.773+0000] {dagbag.py:537} INFO - Filling up the DagBag from /home/airflow/.local/lib/python3.7/site-packages/airflow/example_dags/example_branch_labels.py
[2022-11-28T15:48:24.783+0000] {processor.py:766} INFO - DAG(s) dict_keys(['example_branch_labels']) retrieved from /home/airflow/.local/lib/python3.7/site-packages/airflow/example_dags/example_branch_labels.py
[2022-11-28T15:48:24.811+0000] {logging_mixin.py:137} INFO - [2022-11-28T15:48:24.811+0000] {dag.py:2585} INFO - Sync 1 DAGs
[2022-11-28T15:48:24.827+0000] {logging_mixin.py:137} INFO - [2022-11-28T15:48:24.827+0000] {dag.py:3340} INFO - Setting next_dagrun for example_branch_labels to 2022-11-27T00:00:00+00:00, run_after=2022-11-28T00:00:00+00:00
[2022-11-28T15:48:24.842+0000] {processor.py:176} INFO - Processing /home/airflow/.local/lib/python3.7/site-packages/airflow/example_dags/example_branch_labels.py took 0.074 seconds
[2022-11-28T15:48:55.756+0000] {processor.py:154} INFO - Started process (PID=1268) to work on /home/airflow/.local/lib/python3.7/site-packages/airflow/example_dags/example_branch_labels.py
[2022-11-28T15:48:55.757+0000] {processor.py:756} INFO - Processing file /home/airflow/.local/lib/python3.7/site-packages/airflow/example_dags/example_branch_labels.py for tasks to queue
[2022-11-28T15:48:55.758+0000] {logging_mixin.py:137} INFO - [2022-11-28T15:48:55.758+0000] {dagbag.py:537} INFO - Filling up the DagBag from /home/airflow/.local/lib/python3.7/site-packages/airflow/example_dags/example_branch_labels.py
[2022-11-28T15:48:55.768+0000] {processor.py:766} INFO - DAG(s) dict_keys(['example_branch_labels']) retrieved from /home/airflow/.local/lib/python3.7/site-packages/airflow/example_dags/example_branch_labels.py
[2022-11-28T15:48:55.795+0000] {logging_mixin.py:137} INFO - [2022-11-28T15:48:55.795+0000] {dag.py:2585} INFO - Sync 1 DAGs
[2022-11-28T15:48:55.812+0000] {logging_mixin.py:137} INFO - [2022-11-28T15:48:55.812+0000] {dag.py:3340} INFO - Setting next_dagrun for example_branch_labels to 2022-11-27T00:00:00+00:00, run_after=2022-11-28T00:00:00+00:00
[2022-11-28T15:48:55.826+0000] {processor.py:176} INFO - Processing /home/airflow/.local/lib/python3.7/site-packages/airflow/example_dags/example_branch_labels.py took 0.073 seconds
[2022-11-28T15:49:26.393+0000] {processor.py:154} INFO - Started process (PID=1331) to work on /home/airflow/.local/lib/python3.7/site-packages/airflow/example_dags/example_branch_labels.py
[2022-11-28T15:49:26.395+0000] {processor.py:756} INFO - Processing file /home/airflow/.local/lib/python3.7/site-packages/airflow/example_dags/example_branch_labels.py for tasks to queue
[2022-11-28T15:49:26.397+0000] {logging_mixin.py:137} INFO - [2022-11-28T15:49:26.397+0000] {dagbag.py:537} INFO - Filling up the DagBag from /home/airflow/.local/lib/python3.7/site-packages/airflow/example_dags/example_branch_labels.py
[2022-11-28T15:49:26.410+0000] {processor.py:766} INFO - DAG(s) dict_keys(['example_branch_labels']) retrieved from /home/airflow/.local/lib/python3.7/site-packages/airflow/example_dags/example_branch_labels.py
[2022-11-28T15:49:26.448+0000] {logging_mixin.py:137} INFO - [2022-11-28T15:49:26.448+0000] {dag.py:2585} INFO - Sync 1 DAGs
[2022-11-28T15:49:26.469+0000] {logging_mixin.py:137} INFO - [2022-11-28T15:49:26.468+0000] {dag.py:3340} INFO - Setting next_dagrun for example_branch_labels to 2022-11-27T00:00:00+00:00, run_after=2022-11-28T00:00:00+00:00
[2022-11-28T15:49:26.484+0000] {processor.py:176} INFO - Processing /home/airflow/.local/lib/python3.7/site-packages/airflow/example_dags/example_branch_labels.py took 0.095 seconds
