[2022-11-28T15:35:20.078+0000] {processor.py:154} INFO - Started process (PID=73) to work on /home/airflow/.local/lib/python3.7/site-packages/airflow/example_dags/example_task_group.py
[2022-11-28T15:35:20.080+0000] {processor.py:756} INFO - Processing file /home/airflow/.local/lib/python3.7/site-packages/airflow/example_dags/example_task_group.py for tasks to queue
[2022-11-28T15:35:20.081+0000] {logging_mixin.py:137} INFO - [2022-11-28T15:35:20.081+0000] {dagbag.py:537} INFO - Filling up the DagBag from /home/airflow/.local/lib/python3.7/site-packages/airflow/example_dags/example_task_group.py
[2022-11-28T15:35:20.104+0000] {processor.py:766} INFO - DAG(s) dict_keys(['example_task_group']) retrieved from /home/airflow/.local/lib/python3.7/site-packages/airflow/example_dags/example_task_group.py
[2022-11-28T15:35:20.144+0000] {logging_mixin.py:137} INFO - [2022-11-28T15:35:20.143+0000] {dag.py:2585} INFO - Sync 1 DAGs
[2022-11-28T15:35:20.168+0000] {logging_mixin.py:137} INFO - [2022-11-28T15:35:20.168+0000] {dag.py:3340} INFO - Setting next_dagrun for example_task_group to 2022-11-27T15:35:20.167526+00:00, run_after=2022-11-28T15:35:20.167526+00:00
[2022-11-28T15:35:20.188+0000] {processor.py:176} INFO - Processing /home/airflow/.local/lib/python3.7/site-packages/airflow/example_dags/example_task_group.py took 0.113 seconds
[2022-11-28T15:35:50.354+0000] {processor.py:154} INFO - Started process (PID=127) to work on /home/airflow/.local/lib/python3.7/site-packages/airflow/example_dags/example_task_group.py
[2022-11-28T15:35:50.356+0000] {processor.py:756} INFO - Processing file /home/airflow/.local/lib/python3.7/site-packages/airflow/example_dags/example_task_group.py for tasks to queue
[2022-11-28T15:35:50.357+0000] {logging_mixin.py:137} INFO - [2022-11-28T15:35:50.357+0000] {dagbag.py:537} INFO - Filling up the DagBag from /home/airflow/.local/lib/python3.7/site-packages/airflow/example_dags/example_task_group.py
[2022-11-28T15:35:50.370+0000] {processor.py:766} INFO - DAG(s) dict_keys(['example_task_group']) retrieved from /home/airflow/.local/lib/python3.7/site-packages/airflow/example_dags/example_task_group.py
[2022-11-28T15:35:50.402+0000] {logging_mixin.py:137} INFO - [2022-11-28T15:35:50.402+0000] {dag.py:2585} INFO - Sync 1 DAGs
[2022-11-28T15:35:50.420+0000] {logging_mixin.py:137} INFO - [2022-11-28T15:35:50.420+0000] {dag.py:3340} INFO - Setting next_dagrun for example_task_group to 2022-11-27T15:35:50.419982+00:00, run_after=2022-11-28T15:35:50.419982+00:00
[2022-11-28T15:35:50.435+0000] {processor.py:176} INFO - Processing /home/airflow/.local/lib/python3.7/site-packages/airflow/example_dags/example_task_group.py took 0.084 seconds
[2022-11-28T15:36:20.651+0000] {processor.py:154} INFO - Started process (PID=191) to work on /home/airflow/.local/lib/python3.7/site-packages/airflow/example_dags/example_task_group.py
[2022-11-28T15:36:20.653+0000] {processor.py:756} INFO - Processing file /home/airflow/.local/lib/python3.7/site-packages/airflow/example_dags/example_task_group.py for tasks to queue
[2022-11-28T15:36:20.655+0000] {logging_mixin.py:137} INFO - [2022-11-28T15:36:20.654+0000] {dagbag.py:537} INFO - Filling up the DagBag from /home/airflow/.local/lib/python3.7/site-packages/airflow/example_dags/example_task_group.py
[2022-11-28T15:36:20.667+0000] {processor.py:766} INFO - DAG(s) dict_keys(['example_task_group']) retrieved from /home/airflow/.local/lib/python3.7/site-packages/airflow/example_dags/example_task_group.py
[2022-11-28T15:36:20.697+0000] {logging_mixin.py:137} INFO - [2022-11-28T15:36:20.697+0000] {dag.py:2585} INFO - Sync 1 DAGs
[2022-11-28T15:36:20.715+0000] {logging_mixin.py:137} INFO - [2022-11-28T15:36:20.715+0000] {dag.py:3340} INFO - Setting next_dagrun for example_task_group to 2022-11-27T15:36:20.714921+00:00, run_after=2022-11-28T15:36:20.714921+00:00
[2022-11-28T15:36:20.730+0000] {processor.py:176} INFO - Processing /home/airflow/.local/lib/python3.7/site-packages/airflow/example_dags/example_task_group.py took 0.081 seconds
[2022-11-28T15:38:45.000+0000] {processor.py:154} INFO - Started process (PID=65) to work on /home/airflow/.local/lib/python3.7/site-packages/airflow/example_dags/example_task_group.py
[2022-11-28T15:38:45.003+0000] {processor.py:756} INFO - Processing file /home/airflow/.local/lib/python3.7/site-packages/airflow/example_dags/example_task_group.py for tasks to queue
[2022-11-28T15:38:45.004+0000] {logging_mixin.py:137} INFO - [2022-11-28T15:38:45.004+0000] {dagbag.py:537} INFO - Filling up the DagBag from /home/airflow/.local/lib/python3.7/site-packages/airflow/example_dags/example_task_group.py
[2022-11-28T15:38:45.015+0000] {processor.py:766} INFO - DAG(s) dict_keys(['example_task_group']) retrieved from /home/airflow/.local/lib/python3.7/site-packages/airflow/example_dags/example_task_group.py
[2022-11-28T15:38:45.047+0000] {logging_mixin.py:137} INFO - [2022-11-28T15:38:45.047+0000] {dag.py:2585} INFO - Sync 1 DAGs
[2022-11-28T15:38:45.065+0000] {logging_mixin.py:137} INFO - [2022-11-28T15:38:45.065+0000] {dag.py:3340} INFO - Setting next_dagrun for example_task_group to 2022-11-27T15:38:45.065217+00:00, run_after=2022-11-28T15:38:45.065217+00:00
[2022-11-28T15:38:45.095+0000] {processor.py:176} INFO - Processing /home/airflow/.local/lib/python3.7/site-packages/airflow/example_dags/example_task_group.py took 0.096 seconds
[2022-11-28T15:39:16.007+0000] {processor.py:154} INFO - Started process (PID=127) to work on /home/airflow/.local/lib/python3.7/site-packages/airflow/example_dags/example_task_group.py
[2022-11-28T15:39:16.010+0000] {processor.py:756} INFO - Processing file /home/airflow/.local/lib/python3.7/site-packages/airflow/example_dags/example_task_group.py for tasks to queue
[2022-11-28T15:39:16.012+0000] {logging_mixin.py:137} INFO - [2022-11-28T15:39:16.012+0000] {dagbag.py:537} INFO - Filling up the DagBag from /home/airflow/.local/lib/python3.7/site-packages/airflow/example_dags/example_task_group.py
[2022-11-28T15:39:16.026+0000] {processor.py:766} INFO - DAG(s) dict_keys(['example_task_group']) retrieved from /home/airflow/.local/lib/python3.7/site-packages/airflow/example_dags/example_task_group.py
[2022-11-28T15:39:16.055+0000] {logging_mixin.py:137} INFO - [2022-11-28T15:39:16.055+0000] {dag.py:2585} INFO - Sync 1 DAGs
[2022-11-28T15:39:16.071+0000] {logging_mixin.py:137} INFO - [2022-11-28T15:39:16.071+0000] {dag.py:3340} INFO - Setting next_dagrun for example_task_group to 2022-11-27T15:39:16.071700+00:00, run_after=2022-11-28T15:39:16.071700+00:00
[2022-11-28T15:39:16.084+0000] {processor.py:176} INFO - Processing /home/airflow/.local/lib/python3.7/site-packages/airflow/example_dags/example_task_group.py took 0.079 seconds
[2022-11-28T15:39:46.412+0000] {processor.py:154} INFO - Started process (PID=191) to work on /home/airflow/.local/lib/python3.7/site-packages/airflow/example_dags/example_task_group.py
[2022-11-28T15:39:46.415+0000] {processor.py:756} INFO - Processing file /home/airflow/.local/lib/python3.7/site-packages/airflow/example_dags/example_task_group.py for tasks to queue
[2022-11-28T15:39:46.417+0000] {logging_mixin.py:137} INFO - [2022-11-28T15:39:46.416+0000] {dagbag.py:537} INFO - Filling up the DagBag from /home/airflow/.local/lib/python3.7/site-packages/airflow/example_dags/example_task_group.py
[2022-11-28T15:39:46.427+0000] {processor.py:766} INFO - DAG(s) dict_keys(['example_task_group']) retrieved from /home/airflow/.local/lib/python3.7/site-packages/airflow/example_dags/example_task_group.py
[2022-11-28T15:39:46.455+0000] {logging_mixin.py:137} INFO - [2022-11-28T15:39:46.455+0000] {dag.py:2585} INFO - Sync 1 DAGs
[2022-11-28T15:39:46.471+0000] {logging_mixin.py:137} INFO - [2022-11-28T15:39:46.471+0000] {dag.py:3340} INFO - Setting next_dagrun for example_task_group to 2022-11-27T15:39:46.471113+00:00, run_after=2022-11-28T15:39:46.471113+00:00
[2022-11-28T15:39:46.483+0000] {processor.py:176} INFO - Processing /home/airflow/.local/lib/python3.7/site-packages/airflow/example_dags/example_task_group.py took 0.073 seconds
[2022-11-28T15:40:16.654+0000] {processor.py:154} INFO - Started process (PID=254) to work on /home/airflow/.local/lib/python3.7/site-packages/airflow/example_dags/example_task_group.py
[2022-11-28T15:40:16.656+0000] {processor.py:756} INFO - Processing file /home/airflow/.local/lib/python3.7/site-packages/airflow/example_dags/example_task_group.py for tasks to queue
[2022-11-28T15:40:16.658+0000] {logging_mixin.py:137} INFO - [2022-11-28T15:40:16.658+0000] {dagbag.py:537} INFO - Filling up the DagBag from /home/airflow/.local/lib/python3.7/site-packages/airflow/example_dags/example_task_group.py
[2022-11-28T15:40:16.670+0000] {processor.py:766} INFO - DAG(s) dict_keys(['example_task_group']) retrieved from /home/airflow/.local/lib/python3.7/site-packages/airflow/example_dags/example_task_group.py
[2022-11-28T15:40:16.698+0000] {logging_mixin.py:137} INFO - [2022-11-28T15:40:16.698+0000] {dag.py:2585} INFO - Sync 1 DAGs
[2022-11-28T15:40:16.714+0000] {logging_mixin.py:137} INFO - [2022-11-28T15:40:16.714+0000] {dag.py:3340} INFO - Setting next_dagrun for example_task_group to 2022-11-27T15:40:16.714695+00:00, run_after=2022-11-28T15:40:16.714695+00:00
[2022-11-28T15:40:16.728+0000] {processor.py:176} INFO - Processing /home/airflow/.local/lib/python3.7/site-packages/airflow/example_dags/example_task_group.py took 0.077 seconds
[2022-11-28T15:40:47.348+0000] {processor.py:154} INFO - Started process (PID=308) to work on /home/airflow/.local/lib/python3.7/site-packages/airflow/example_dags/example_task_group.py
[2022-11-28T15:40:47.350+0000] {processor.py:756} INFO - Processing file /home/airflow/.local/lib/python3.7/site-packages/airflow/example_dags/example_task_group.py for tasks to queue
[2022-11-28T15:40:47.351+0000] {logging_mixin.py:137} INFO - [2022-11-28T15:40:47.351+0000] {dagbag.py:537} INFO - Filling up the DagBag from /home/airflow/.local/lib/python3.7/site-packages/airflow/example_dags/example_task_group.py
[2022-11-28T15:40:47.361+0000] {processor.py:766} INFO - DAG(s) dict_keys(['example_task_group']) retrieved from /home/airflow/.local/lib/python3.7/site-packages/airflow/example_dags/example_task_group.py
[2022-11-28T15:40:47.388+0000] {logging_mixin.py:137} INFO - [2022-11-28T15:40:47.388+0000] {dag.py:2585} INFO - Sync 1 DAGs
[2022-11-28T15:40:47.402+0000] {logging_mixin.py:137} INFO - [2022-11-28T15:40:47.402+0000] {dag.py:3340} INFO - Setting next_dagrun for example_task_group to 2022-11-27T15:40:47.402259+00:00, run_after=2022-11-28T15:40:47.402259+00:00
[2022-11-28T15:40:47.414+0000] {processor.py:176} INFO - Processing /home/airflow/.local/lib/python3.7/site-packages/airflow/example_dags/example_task_group.py took 0.067 seconds
[2022-11-28T15:41:18.783+0000] {processor.py:154} INFO - Started process (PID=369) to work on /home/airflow/.local/lib/python3.7/site-packages/airflow/example_dags/example_task_group.py
[2022-11-28T15:41:18.785+0000] {processor.py:756} INFO - Processing file /home/airflow/.local/lib/python3.7/site-packages/airflow/example_dags/example_task_group.py for tasks to queue
[2022-11-28T15:41:18.786+0000] {logging_mixin.py:137} INFO - [2022-11-28T15:41:18.786+0000] {dagbag.py:537} INFO - Filling up the DagBag from /home/airflow/.local/lib/python3.7/site-packages/airflow/example_dags/example_task_group.py
[2022-11-28T15:41:18.801+0000] {processor.py:766} INFO - DAG(s) dict_keys(['example_task_group']) retrieved from /home/airflow/.local/lib/python3.7/site-packages/airflow/example_dags/example_task_group.py
[2022-11-28T15:41:18.831+0000] {logging_mixin.py:137} INFO - [2022-11-28T15:41:18.831+0000] {dag.py:2585} INFO - Sync 1 DAGs
[2022-11-28T15:41:18.847+0000] {logging_mixin.py:137} INFO - [2022-11-28T15:41:18.847+0000] {dag.py:3340} INFO - Setting next_dagrun for example_task_group to 2022-11-27T15:41:18.847412+00:00, run_after=2022-11-28T15:41:18.847412+00:00
[2022-11-28T15:41:18.862+0000] {processor.py:176} INFO - Processing /home/airflow/.local/lib/python3.7/site-packages/airflow/example_dags/example_task_group.py took 0.081 seconds
[2022-11-28T15:41:49.551+0000] {processor.py:154} INFO - Started process (PID=432) to work on /home/airflow/.local/lib/python3.7/site-packages/airflow/example_dags/example_task_group.py
[2022-11-28T15:41:49.553+0000] {processor.py:756} INFO - Processing file /home/airflow/.local/lib/python3.7/site-packages/airflow/example_dags/example_task_group.py for tasks to queue
[2022-11-28T15:41:49.555+0000] {logging_mixin.py:137} INFO - [2022-11-28T15:41:49.555+0000] {dagbag.py:537} INFO - Filling up the DagBag from /home/airflow/.local/lib/python3.7/site-packages/airflow/example_dags/example_task_group.py
[2022-11-28T15:41:49.566+0000] {processor.py:766} INFO - DAG(s) dict_keys(['example_task_group']) retrieved from /home/airflow/.local/lib/python3.7/site-packages/airflow/example_dags/example_task_group.py
[2022-11-28T15:41:49.603+0000] {logging_mixin.py:137} INFO - [2022-11-28T15:41:49.603+0000] {dag.py:2585} INFO - Sync 1 DAGs
[2022-11-28T15:41:49.625+0000] {logging_mixin.py:137} INFO - [2022-11-28T15:41:49.625+0000] {dag.py:3340} INFO - Setting next_dagrun for example_task_group to 2022-11-27T15:41:49.625716+00:00, run_after=2022-11-28T15:41:49.625716+00:00
[2022-11-28T15:41:49.640+0000] {processor.py:176} INFO - Processing /home/airflow/.local/lib/python3.7/site-packages/airflow/example_dags/example_task_group.py took 0.091 seconds
[2022-11-28T15:42:20.070+0000] {processor.py:154} INFO - Started process (PID=495) to work on /home/airflow/.local/lib/python3.7/site-packages/airflow/example_dags/example_task_group.py
[2022-11-28T15:42:20.071+0000] {processor.py:756} INFO - Processing file /home/airflow/.local/lib/python3.7/site-packages/airflow/example_dags/example_task_group.py for tasks to queue
[2022-11-28T15:42:20.073+0000] {logging_mixin.py:137} INFO - [2022-11-28T15:42:20.073+0000] {dagbag.py:537} INFO - Filling up the DagBag from /home/airflow/.local/lib/python3.7/site-packages/airflow/example_dags/example_task_group.py
[2022-11-28T15:42:20.085+0000] {processor.py:766} INFO - DAG(s) dict_keys(['example_task_group']) retrieved from /home/airflow/.local/lib/python3.7/site-packages/airflow/example_dags/example_task_group.py
[2022-11-28T15:42:20.114+0000] {logging_mixin.py:137} INFO - [2022-11-28T15:42:20.113+0000] {dag.py:2585} INFO - Sync 1 DAGs
[2022-11-28T15:42:20.129+0000] {logging_mixin.py:137} INFO - [2022-11-28T15:42:20.129+0000] {dag.py:3340} INFO - Setting next_dagrun for example_task_group to 2022-11-27T15:42:20.129479+00:00, run_after=2022-11-28T15:42:20.129479+00:00
[2022-11-28T15:42:20.142+0000] {processor.py:176} INFO - Processing /home/airflow/.local/lib/python3.7/site-packages/airflow/example_dags/example_task_group.py took 0.075 seconds
[2022-11-28T15:42:50.539+0000] {processor.py:154} INFO - Started process (PID=557) to work on /home/airflow/.local/lib/python3.7/site-packages/airflow/example_dags/example_task_group.py
[2022-11-28T15:42:50.541+0000] {processor.py:756} INFO - Processing file /home/airflow/.local/lib/python3.7/site-packages/airflow/example_dags/example_task_group.py for tasks to queue
[2022-11-28T15:42:50.542+0000] {logging_mixin.py:137} INFO - [2022-11-28T15:42:50.542+0000] {dagbag.py:537} INFO - Filling up the DagBag from /home/airflow/.local/lib/python3.7/site-packages/airflow/example_dags/example_task_group.py
[2022-11-28T15:42:50.552+0000] {processor.py:766} INFO - DAG(s) dict_keys(['example_task_group']) retrieved from /home/airflow/.local/lib/python3.7/site-packages/airflow/example_dags/example_task_group.py
[2022-11-28T15:42:50.582+0000] {logging_mixin.py:137} INFO - [2022-11-28T15:42:50.581+0000] {dag.py:2585} INFO - Sync 1 DAGs
[2022-11-28T15:42:50.597+0000] {logging_mixin.py:137} INFO - [2022-11-28T15:42:50.597+0000] {dag.py:3340} INFO - Setting next_dagrun for example_task_group to 2022-11-27T15:42:50.597635+00:00, run_after=2022-11-28T15:42:50.597635+00:00
[2022-11-28T15:42:50.612+0000] {processor.py:176} INFO - Processing /home/airflow/.local/lib/python3.7/site-packages/airflow/example_dags/example_task_group.py took 0.075 seconds
[2022-11-28T15:43:21.417+0000] {processor.py:154} INFO - Started process (PID=619) to work on /home/airflow/.local/lib/python3.7/site-packages/airflow/example_dags/example_task_group.py
[2022-11-28T15:43:21.419+0000] {processor.py:756} INFO - Processing file /home/airflow/.local/lib/python3.7/site-packages/airflow/example_dags/example_task_group.py for tasks to queue
[2022-11-28T15:43:21.421+0000] {logging_mixin.py:137} INFO - [2022-11-28T15:43:21.421+0000] {dagbag.py:537} INFO - Filling up the DagBag from /home/airflow/.local/lib/python3.7/site-packages/airflow/example_dags/example_task_group.py
[2022-11-28T15:43:21.432+0000] {processor.py:766} INFO - DAG(s) dict_keys(['example_task_group']) retrieved from /home/airflow/.local/lib/python3.7/site-packages/airflow/example_dags/example_task_group.py
[2022-11-28T15:43:21.463+0000] {logging_mixin.py:137} INFO - [2022-11-28T15:43:21.463+0000] {dag.py:2585} INFO - Sync 1 DAGs
[2022-11-28T15:43:21.483+0000] {logging_mixin.py:137} INFO - [2022-11-28T15:43:21.483+0000] {dag.py:3340} INFO - Setting next_dagrun for example_task_group to 2022-11-27T15:43:21.483395+00:00, run_after=2022-11-28T15:43:21.483395+00:00
[2022-11-28T15:43:21.499+0000] {processor.py:176} INFO - Processing /home/airflow/.local/lib/python3.7/site-packages/airflow/example_dags/example_task_group.py took 0.084 seconds
[2022-11-28T15:43:52.433+0000] {processor.py:154} INFO - Started process (PID=674) to work on /home/airflow/.local/lib/python3.7/site-packages/airflow/example_dags/example_task_group.py
[2022-11-28T15:43:52.434+0000] {processor.py:756} INFO - Processing file /home/airflow/.local/lib/python3.7/site-packages/airflow/example_dags/example_task_group.py for tasks to queue
[2022-11-28T15:43:52.435+0000] {logging_mixin.py:137} INFO - [2022-11-28T15:43:52.435+0000] {dagbag.py:537} INFO - Filling up the DagBag from /home/airflow/.local/lib/python3.7/site-packages/airflow/example_dags/example_task_group.py
[2022-11-28T15:43:52.446+0000] {processor.py:766} INFO - DAG(s) dict_keys(['example_task_group']) retrieved from /home/airflow/.local/lib/python3.7/site-packages/airflow/example_dags/example_task_group.py
[2022-11-28T15:43:52.474+0000] {logging_mixin.py:137} INFO - [2022-11-28T15:43:52.473+0000] {dag.py:2585} INFO - Sync 1 DAGs
[2022-11-28T15:43:52.496+0000] {logging_mixin.py:137} INFO - [2022-11-28T15:43:52.496+0000] {dag.py:3340} INFO - Setting next_dagrun for example_task_group to 2022-11-27T15:43:52.496425+00:00, run_after=2022-11-28T15:43:52.496425+00:00
[2022-11-28T15:43:52.511+0000] {processor.py:176} INFO - Processing /home/airflow/.local/lib/python3.7/site-packages/airflow/example_dags/example_task_group.py took 0.080 seconds
[2022-11-28T15:44:23.422+0000] {processor.py:154} INFO - Started process (PID=737) to work on /home/airflow/.local/lib/python3.7/site-packages/airflow/example_dags/example_task_group.py
[2022-11-28T15:44:23.424+0000] {processor.py:756} INFO - Processing file /home/airflow/.local/lib/python3.7/site-packages/airflow/example_dags/example_task_group.py for tasks to queue
[2022-11-28T15:44:23.426+0000] {logging_mixin.py:137} INFO - [2022-11-28T15:44:23.425+0000] {dagbag.py:537} INFO - Filling up the DagBag from /home/airflow/.local/lib/python3.7/site-packages/airflow/example_dags/example_task_group.py
[2022-11-28T15:44:23.437+0000] {processor.py:766} INFO - DAG(s) dict_keys(['example_task_group']) retrieved from /home/airflow/.local/lib/python3.7/site-packages/airflow/example_dags/example_task_group.py
[2022-11-28T15:44:23.469+0000] {logging_mixin.py:137} INFO - [2022-11-28T15:44:23.469+0000] {dag.py:2585} INFO - Sync 1 DAGs
[2022-11-28T15:44:23.485+0000] {logging_mixin.py:137} INFO - [2022-11-28T15:44:23.485+0000] {dag.py:3340} INFO - Setting next_dagrun for example_task_group to 2022-11-27T15:44:23.485520+00:00, run_after=2022-11-28T15:44:23.485520+00:00
[2022-11-28T15:44:23.498+0000] {processor.py:176} INFO - Processing /home/airflow/.local/lib/python3.7/site-packages/airflow/example_dags/example_task_group.py took 0.079 seconds
[2022-11-28T15:44:54.041+0000] {processor.py:154} INFO - Started process (PID=800) to work on /home/airflow/.local/lib/python3.7/site-packages/airflow/example_dags/example_task_group.py
[2022-11-28T15:44:54.043+0000] {processor.py:756} INFO - Processing file /home/airflow/.local/lib/python3.7/site-packages/airflow/example_dags/example_task_group.py for tasks to queue
[2022-11-28T15:44:54.046+0000] {logging_mixin.py:137} INFO - [2022-11-28T15:44:54.046+0000] {dagbag.py:537} INFO - Filling up the DagBag from /home/airflow/.local/lib/python3.7/site-packages/airflow/example_dags/example_task_group.py
[2022-11-28T15:44:54.060+0000] {processor.py:766} INFO - DAG(s) dict_keys(['example_task_group']) retrieved from /home/airflow/.local/lib/python3.7/site-packages/airflow/example_dags/example_task_group.py
[2022-11-28T15:44:54.097+0000] {logging_mixin.py:137} INFO - [2022-11-28T15:44:54.097+0000] {dag.py:2585} INFO - Sync 1 DAGs
[2022-11-28T15:44:54.115+0000] {logging_mixin.py:137} INFO - [2022-11-28T15:44:54.114+0000] {dag.py:3340} INFO - Setting next_dagrun for example_task_group to 2022-11-27T15:44:54.114824+00:00, run_after=2022-11-28T15:44:54.114824+00:00
[2022-11-28T15:44:54.128+0000] {processor.py:176} INFO - Processing /home/airflow/.local/lib/python3.7/site-packages/airflow/example_dags/example_task_group.py took 0.090 seconds
[2022-11-28T15:45:25.081+0000] {processor.py:154} INFO - Started process (PID=863) to work on /home/airflow/.local/lib/python3.7/site-packages/airflow/example_dags/example_task_group.py
[2022-11-28T15:45:25.083+0000] {processor.py:756} INFO - Processing file /home/airflow/.local/lib/python3.7/site-packages/airflow/example_dags/example_task_group.py for tasks to queue
[2022-11-28T15:45:25.084+0000] {logging_mixin.py:137} INFO - [2022-11-28T15:45:25.084+0000] {dagbag.py:537} INFO - Filling up the DagBag from /home/airflow/.local/lib/python3.7/site-packages/airflow/example_dags/example_task_group.py
[2022-11-28T15:45:25.096+0000] {processor.py:766} INFO - DAG(s) dict_keys(['example_task_group']) retrieved from /home/airflow/.local/lib/python3.7/site-packages/airflow/example_dags/example_task_group.py
[2022-11-28T15:45:25.126+0000] {logging_mixin.py:137} INFO - [2022-11-28T15:45:25.126+0000] {dag.py:2585} INFO - Sync 1 DAGs
[2022-11-28T15:45:25.142+0000] {logging_mixin.py:137} INFO - [2022-11-28T15:45:25.142+0000] {dag.py:3340} INFO - Setting next_dagrun for example_task_group to 2022-11-27T15:45:25.142630+00:00, run_after=2022-11-28T15:45:25.142630+00:00
[2022-11-28T15:45:25.156+0000] {processor.py:176} INFO - Processing /home/airflow/.local/lib/python3.7/site-packages/airflow/example_dags/example_task_group.py took 0.077 seconds
[2022-11-28T15:45:55.779+0000] {processor.py:154} INFO - Started process (PID=928) to work on /home/airflow/.local/lib/python3.7/site-packages/airflow/example_dags/example_task_group.py
[2022-11-28T15:45:55.781+0000] {processor.py:756} INFO - Processing file /home/airflow/.local/lib/python3.7/site-packages/airflow/example_dags/example_task_group.py for tasks to queue
[2022-11-28T15:45:55.782+0000] {logging_mixin.py:137} INFO - [2022-11-28T15:45:55.782+0000] {dagbag.py:537} INFO - Filling up the DagBag from /home/airflow/.local/lib/python3.7/site-packages/airflow/example_dags/example_task_group.py
[2022-11-28T15:45:55.794+0000] {processor.py:766} INFO - DAG(s) dict_keys(['example_task_group']) retrieved from /home/airflow/.local/lib/python3.7/site-packages/airflow/example_dags/example_task_group.py
[2022-11-28T15:45:55.821+0000] {logging_mixin.py:137} INFO - [2022-11-28T15:45:55.821+0000] {dag.py:2585} INFO - Sync 1 DAGs
[2022-11-28T15:45:55.843+0000] {logging_mixin.py:137} INFO - [2022-11-28T15:45:55.843+0000] {dag.py:3340} INFO - Setting next_dagrun for example_task_group to 2022-11-27T15:45:55.843346+00:00, run_after=2022-11-28T15:45:55.843346+00:00
[2022-11-28T15:45:55.860+0000] {processor.py:176} INFO - Processing /home/airflow/.local/lib/python3.7/site-packages/airflow/example_dags/example_task_group.py took 0.084 seconds
[2022-11-28T15:46:26.504+0000] {processor.py:154} INFO - Started process (PID=991) to work on /home/airflow/.local/lib/python3.7/site-packages/airflow/example_dags/example_task_group.py
[2022-11-28T15:46:26.505+0000] {processor.py:756} INFO - Processing file /home/airflow/.local/lib/python3.7/site-packages/airflow/example_dags/example_task_group.py for tasks to queue
[2022-11-28T15:46:26.507+0000] {logging_mixin.py:137} INFO - [2022-11-28T15:46:26.507+0000] {dagbag.py:537} INFO - Filling up the DagBag from /home/airflow/.local/lib/python3.7/site-packages/airflow/example_dags/example_task_group.py
[2022-11-28T15:46:26.520+0000] {processor.py:766} INFO - DAG(s) dict_keys(['example_task_group']) retrieved from /home/airflow/.local/lib/python3.7/site-packages/airflow/example_dags/example_task_group.py
[2022-11-28T15:46:26.560+0000] {logging_mixin.py:137} INFO - [2022-11-28T15:46:26.560+0000] {dag.py:2585} INFO - Sync 1 DAGs
[2022-11-28T15:46:26.580+0000] {logging_mixin.py:137} INFO - [2022-11-28T15:46:26.579+0000] {dag.py:3340} INFO - Setting next_dagrun for example_task_group to 2022-11-27T15:46:26.579796+00:00, run_after=2022-11-28T15:46:26.579796+00:00
[2022-11-28T15:46:26.607+0000] {processor.py:176} INFO - Processing /home/airflow/.local/lib/python3.7/site-packages/airflow/example_dags/example_task_group.py took 0.108 seconds
[2022-11-28T15:46:57.526+0000] {processor.py:154} INFO - Started process (PID=1046) to work on /home/airflow/.local/lib/python3.7/site-packages/airflow/example_dags/example_task_group.py
[2022-11-28T15:46:57.528+0000] {processor.py:756} INFO - Processing file /home/airflow/.local/lib/python3.7/site-packages/airflow/example_dags/example_task_group.py for tasks to queue
[2022-11-28T15:46:57.529+0000] {logging_mixin.py:137} INFO - [2022-11-28T15:46:57.529+0000] {dagbag.py:537} INFO - Filling up the DagBag from /home/airflow/.local/lib/python3.7/site-packages/airflow/example_dags/example_task_group.py
[2022-11-28T15:46:57.540+0000] {processor.py:766} INFO - DAG(s) dict_keys(['example_task_group']) retrieved from /home/airflow/.local/lib/python3.7/site-packages/airflow/example_dags/example_task_group.py
[2022-11-28T15:46:57.568+0000] {logging_mixin.py:137} INFO - [2022-11-28T15:46:57.567+0000] {dag.py:2585} INFO - Sync 1 DAGs
[2022-11-28T15:46:57.583+0000] {logging_mixin.py:137} INFO - [2022-11-28T15:46:57.583+0000] {dag.py:3340} INFO - Setting next_dagrun for example_task_group to 2022-11-27T15:46:57.583425+00:00, run_after=2022-11-28T15:46:57.583425+00:00
[2022-11-28T15:46:57.597+0000] {processor.py:176} INFO - Processing /home/airflow/.local/lib/python3.7/site-packages/airflow/example_dags/example_task_group.py took 0.074 seconds
[2022-11-28T15:47:28.055+0000] {processor.py:154} INFO - Started process (PID=1110) to work on /home/airflow/.local/lib/python3.7/site-packages/airflow/example_dags/example_task_group.py
[2022-11-28T15:47:28.057+0000] {processor.py:756} INFO - Processing file /home/airflow/.local/lib/python3.7/site-packages/airflow/example_dags/example_task_group.py for tasks to queue
[2022-11-28T15:47:28.058+0000] {logging_mixin.py:137} INFO - [2022-11-28T15:47:28.058+0000] {dagbag.py:537} INFO - Filling up the DagBag from /home/airflow/.local/lib/python3.7/site-packages/airflow/example_dags/example_task_group.py
[2022-11-28T15:47:28.069+0000] {processor.py:766} INFO - DAG(s) dict_keys(['example_task_group']) retrieved from /home/airflow/.local/lib/python3.7/site-packages/airflow/example_dags/example_task_group.py
[2022-11-28T15:47:28.099+0000] {logging_mixin.py:137} INFO - [2022-11-28T15:47:28.099+0000] {dag.py:2585} INFO - Sync 1 DAGs
[2022-11-28T15:47:28.114+0000] {logging_mixin.py:137} INFO - [2022-11-28T15:47:28.114+0000] {dag.py:3340} INFO - Setting next_dagrun for example_task_group to 2022-11-27T15:47:28.114250+00:00, run_after=2022-11-28T15:47:28.114250+00:00
[2022-11-28T15:47:28.128+0000] {processor.py:176} INFO - Processing /home/airflow/.local/lib/python3.7/site-packages/airflow/example_dags/example_task_group.py took 0.075 seconds
[2022-11-28T15:47:58.645+0000] {processor.py:154} INFO - Started process (PID=1175) to work on /home/airflow/.local/lib/python3.7/site-packages/airflow/example_dags/example_task_group.py
[2022-11-28T15:47:58.647+0000] {processor.py:756} INFO - Processing file /home/airflow/.local/lib/python3.7/site-packages/airflow/example_dags/example_task_group.py for tasks to queue
[2022-11-28T15:47:58.649+0000] {logging_mixin.py:137} INFO - [2022-11-28T15:47:58.649+0000] {dagbag.py:537} INFO - Filling up the DagBag from /home/airflow/.local/lib/python3.7/site-packages/airflow/example_dags/example_task_group.py
[2022-11-28T15:47:58.661+0000] {processor.py:766} INFO - DAG(s) dict_keys(['example_task_group']) retrieved from /home/airflow/.local/lib/python3.7/site-packages/airflow/example_dags/example_task_group.py
[2022-11-28T15:47:58.689+0000] {logging_mixin.py:137} INFO - [2022-11-28T15:47:58.689+0000] {dag.py:2585} INFO - Sync 1 DAGs
[2022-11-28T15:47:58.704+0000] {logging_mixin.py:137} INFO - [2022-11-28T15:47:58.704+0000] {dag.py:3340} INFO - Setting next_dagrun for example_task_group to 2022-11-27T15:47:58.704447+00:00, run_after=2022-11-28T15:47:58.704447+00:00
[2022-11-28T15:47:58.716+0000] {processor.py:176} INFO - Processing /home/airflow/.local/lib/python3.7/site-packages/airflow/example_dags/example_task_group.py took 0.073 seconds
[2022-11-28T15:48:29.759+0000] {processor.py:154} INFO - Started process (PID=1239) to work on /home/airflow/.local/lib/python3.7/site-packages/airflow/example_dags/example_task_group.py
[2022-11-28T15:48:29.761+0000] {processor.py:756} INFO - Processing file /home/airflow/.local/lib/python3.7/site-packages/airflow/example_dags/example_task_group.py for tasks to queue
[2022-11-28T15:48:29.763+0000] {logging_mixin.py:137} INFO - [2022-11-28T15:48:29.763+0000] {dagbag.py:537} INFO - Filling up the DagBag from /home/airflow/.local/lib/python3.7/site-packages/airflow/example_dags/example_task_group.py
[2022-11-28T15:48:29.775+0000] {processor.py:766} INFO - DAG(s) dict_keys(['example_task_group']) retrieved from /home/airflow/.local/lib/python3.7/site-packages/airflow/example_dags/example_task_group.py
[2022-11-28T15:48:29.808+0000] {logging_mixin.py:137} INFO - [2022-11-28T15:48:29.808+0000] {dag.py:2585} INFO - Sync 1 DAGs
[2022-11-28T15:48:29.825+0000] {logging_mixin.py:137} INFO - [2022-11-28T15:48:29.825+0000] {dag.py:3340} INFO - Setting next_dagrun for example_task_group to 2022-11-27T15:48:29.825343+00:00, run_after=2022-11-28T15:48:29.825343+00:00
[2022-11-28T15:48:29.841+0000] {processor.py:176} INFO - Processing /home/airflow/.local/lib/python3.7/site-packages/airflow/example_dags/example_task_group.py took 0.085 seconds
[2022-11-28T15:49:00.391+0000] {processor.py:154} INFO - Started process (PID=1301) to work on /home/airflow/.local/lib/python3.7/site-packages/airflow/example_dags/example_task_group.py
[2022-11-28T15:49:00.392+0000] {processor.py:756} INFO - Processing file /home/airflow/.local/lib/python3.7/site-packages/airflow/example_dags/example_task_group.py for tasks to queue
[2022-11-28T15:49:00.393+0000] {logging_mixin.py:137} INFO - [2022-11-28T15:49:00.393+0000] {dagbag.py:537} INFO - Filling up the DagBag from /home/airflow/.local/lib/python3.7/site-packages/airflow/example_dags/example_task_group.py
[2022-11-28T15:49:00.404+0000] {processor.py:766} INFO - DAG(s) dict_keys(['example_task_group']) retrieved from /home/airflow/.local/lib/python3.7/site-packages/airflow/example_dags/example_task_group.py
[2022-11-28T15:49:00.430+0000] {logging_mixin.py:137} INFO - [2022-11-28T15:49:00.430+0000] {dag.py:2585} INFO - Sync 1 DAGs
[2022-11-28T15:49:00.445+0000] {logging_mixin.py:137} INFO - [2022-11-28T15:49:00.445+0000] {dag.py:3340} INFO - Setting next_dagrun for example_task_group to 2022-11-27T15:49:00.445613+00:00, run_after=2022-11-28T15:49:00.445613+00:00
[2022-11-28T15:49:00.457+0000] {processor.py:176} INFO - Processing /home/airflow/.local/lib/python3.7/site-packages/airflow/example_dags/example_task_group.py took 0.069 seconds
[2022-11-28T15:49:31.170+0000] {processor.py:154} INFO - Started process (PID=1362) to work on /home/airflow/.local/lib/python3.7/site-packages/airflow/example_dags/example_task_group.py
[2022-11-28T15:49:31.173+0000] {processor.py:756} INFO - Processing file /home/airflow/.local/lib/python3.7/site-packages/airflow/example_dags/example_task_group.py for tasks to queue
[2022-11-28T15:49:31.179+0000] {logging_mixin.py:137} INFO - [2022-11-28T15:49:31.178+0000] {dagbag.py:537} INFO - Filling up the DagBag from /home/airflow/.local/lib/python3.7/site-packages/airflow/example_dags/example_task_group.py
[2022-11-28T15:49:31.195+0000] {processor.py:766} INFO - DAG(s) dict_keys(['example_task_group']) retrieved from /home/airflow/.local/lib/python3.7/site-packages/airflow/example_dags/example_task_group.py
[2022-11-28T15:49:31.234+0000] {logging_mixin.py:137} INFO - [2022-11-28T15:49:31.234+0000] {dag.py:2585} INFO - Sync 1 DAGs
[2022-11-28T15:49:31.256+0000] {logging_mixin.py:137} INFO - [2022-11-28T15:49:31.255+0000] {dag.py:3340} INFO - Setting next_dagrun for example_task_group to 2022-11-27T15:49:31.255767+00:00, run_after=2022-11-28T15:49:31.255767+00:00
[2022-11-28T15:49:31.270+0000] {processor.py:176} INFO - Processing /home/airflow/.local/lib/python3.7/site-packages/airflow/example_dags/example_task_group.py took 0.111 seconds
