[2022-11-28T15:35:16.198+0000] {processor.py:154} INFO - Started process (PID=44) to work on /home/airflow/.local/lib/python3.7/site-packages/airflow/example_dags/example_skip_dag.py
[2022-11-28T15:35:16.200+0000] {processor.py:756} INFO - Processing file /home/airflow/.local/lib/python3.7/site-packages/airflow/example_dags/example_skip_dag.py for tasks to queue
[2022-11-28T15:35:16.204+0000] {logging_mixin.py:137} INFO - [2022-11-28T15:35:16.204+0000] {dagbag.py:537} INFO - Filling up the DagBag from /home/airflow/.local/lib/python3.7/site-packages/airflow/example_dags/example_skip_dag.py
[2022-11-28T15:35:16.236+0000] {processor.py:766} INFO - DAG(s) dict_keys(['example_skip_dag']) retrieved from /home/airflow/.local/lib/python3.7/site-packages/airflow/example_dags/example_skip_dag.py
[2022-11-28T15:35:16.270+0000] {logging_mixin.py:137} INFO - [2022-11-28T15:35:16.270+0000] {dag.py:2585} INFO - Sync 1 DAGs
[2022-11-28T15:35:16.319+0000] {logging_mixin.py:137} INFO - [2022-11-28T15:35:16.318+0000] {dag.py:3340} INFO - Setting next_dagrun for example_skip_dag to 2022-11-27T15:35:16.318679+00:00, run_after=2022-11-28T15:35:16.318679+00:00
[2022-11-28T15:35:16.355+0000] {processor.py:176} INFO - Processing /home/airflow/.local/lib/python3.7/site-packages/airflow/example_dags/example_skip_dag.py took 0.160 seconds
[2022-11-28T15:35:46.402+0000] {processor.py:154} INFO - Started process (PID=106) to work on /home/airflow/.local/lib/python3.7/site-packages/airflow/example_dags/example_skip_dag.py
[2022-11-28T15:35:46.405+0000] {processor.py:756} INFO - Processing file /home/airflow/.local/lib/python3.7/site-packages/airflow/example_dags/example_skip_dag.py for tasks to queue
[2022-11-28T15:35:46.406+0000] {logging_mixin.py:137} INFO - [2022-11-28T15:35:46.406+0000] {dagbag.py:537} INFO - Filling up the DagBag from /home/airflow/.local/lib/python3.7/site-packages/airflow/example_dags/example_skip_dag.py
[2022-11-28T15:35:46.416+0000] {processor.py:766} INFO - DAG(s) dict_keys(['example_skip_dag']) retrieved from /home/airflow/.local/lib/python3.7/site-packages/airflow/example_dags/example_skip_dag.py
[2022-11-28T15:35:46.444+0000] {logging_mixin.py:137} INFO - [2022-11-28T15:35:46.444+0000] {dag.py:2585} INFO - Sync 1 DAGs
[2022-11-28T15:35:46.460+0000] {logging_mixin.py:137} INFO - [2022-11-28T15:35:46.460+0000] {dag.py:3340} INFO - Setting next_dagrun for example_skip_dag to 2022-11-27T15:35:46.460179+00:00, run_after=2022-11-28T15:35:46.460179+00:00
[2022-11-28T15:35:46.471+0000] {processor.py:176} INFO - Processing /home/airflow/.local/lib/python3.7/site-packages/airflow/example_dags/example_skip_dag.py took 0.071 seconds
[2022-11-28T15:36:16.886+0000] {processor.py:154} INFO - Started process (PID=170) to work on /home/airflow/.local/lib/python3.7/site-packages/airflow/example_dags/example_skip_dag.py
[2022-11-28T15:36:16.889+0000] {processor.py:756} INFO - Processing file /home/airflow/.local/lib/python3.7/site-packages/airflow/example_dags/example_skip_dag.py for tasks to queue
[2022-11-28T15:36:16.891+0000] {logging_mixin.py:137} INFO - [2022-11-28T15:36:16.891+0000] {dagbag.py:537} INFO - Filling up the DagBag from /home/airflow/.local/lib/python3.7/site-packages/airflow/example_dags/example_skip_dag.py
[2022-11-28T15:36:16.903+0000] {processor.py:766} INFO - DAG(s) dict_keys(['example_skip_dag']) retrieved from /home/airflow/.local/lib/python3.7/site-packages/airflow/example_dags/example_skip_dag.py
[2022-11-28T15:36:16.940+0000] {logging_mixin.py:137} INFO - [2022-11-28T15:36:16.940+0000] {dag.py:2585} INFO - Sync 1 DAGs
[2022-11-28T15:36:16.974+0000] {logging_mixin.py:137} INFO - [2022-11-28T15:36:16.973+0000] {dag.py:3340} INFO - Setting next_dagrun for example_skip_dag to 2022-11-27T15:36:16.972390+00:00, run_after=2022-11-28T15:36:16.972390+00:00
[2022-11-28T15:36:16.998+0000] {processor.py:176} INFO - Processing /home/airflow/.local/lib/python3.7/site-packages/airflow/example_dags/example_skip_dag.py took 0.115 seconds
[2022-11-28T15:38:42.792+0000] {processor.py:154} INFO - Started process (PID=44) to work on /home/airflow/.local/lib/python3.7/site-packages/airflow/example_dags/example_skip_dag.py
[2022-11-28T15:38:42.794+0000] {processor.py:756} INFO - Processing file /home/airflow/.local/lib/python3.7/site-packages/airflow/example_dags/example_skip_dag.py for tasks to queue
[2022-11-28T15:38:42.795+0000] {logging_mixin.py:137} INFO - [2022-11-28T15:38:42.795+0000] {dagbag.py:537} INFO - Filling up the DagBag from /home/airflow/.local/lib/python3.7/site-packages/airflow/example_dags/example_skip_dag.py
[2022-11-28T15:38:42.808+0000] {processor.py:766} INFO - DAG(s) dict_keys(['example_skip_dag']) retrieved from /home/airflow/.local/lib/python3.7/site-packages/airflow/example_dags/example_skip_dag.py
[2022-11-28T15:38:42.846+0000] {logging_mixin.py:137} INFO - [2022-11-28T15:38:42.846+0000] {dag.py:2585} INFO - Sync 1 DAGs
[2022-11-28T15:38:42.886+0000] {logging_mixin.py:137} INFO - [2022-11-28T15:38:42.886+0000] {dag.py:3340} INFO - Setting next_dagrun for example_skip_dag to 2022-11-27T15:38:42.885671+00:00, run_after=2022-11-28T15:38:42.885671+00:00
[2022-11-28T15:38:42.907+0000] {processor.py:176} INFO - Processing /home/airflow/.local/lib/python3.7/site-packages/airflow/example_dags/example_skip_dag.py took 0.118 seconds
[2022-11-28T15:39:13.407+0000] {processor.py:154} INFO - Started process (PID=106) to work on /home/airflow/.local/lib/python3.7/site-packages/airflow/example_dags/example_skip_dag.py
[2022-11-28T15:39:13.410+0000] {processor.py:756} INFO - Processing file /home/airflow/.local/lib/python3.7/site-packages/airflow/example_dags/example_skip_dag.py for tasks to queue
[2022-11-28T15:39:13.411+0000] {logging_mixin.py:137} INFO - [2022-11-28T15:39:13.411+0000] {dagbag.py:537} INFO - Filling up the DagBag from /home/airflow/.local/lib/python3.7/site-packages/airflow/example_dags/example_skip_dag.py
[2022-11-28T15:39:13.421+0000] {processor.py:766} INFO - DAG(s) dict_keys(['example_skip_dag']) retrieved from /home/airflow/.local/lib/python3.7/site-packages/airflow/example_dags/example_skip_dag.py
[2022-11-28T15:39:13.446+0000] {logging_mixin.py:137} INFO - [2022-11-28T15:39:13.446+0000] {dag.py:2585} INFO - Sync 1 DAGs
[2022-11-28T15:39:13.463+0000] {logging_mixin.py:137} INFO - [2022-11-28T15:39:13.463+0000] {dag.py:3340} INFO - Setting next_dagrun for example_skip_dag to 2022-11-27T15:39:13.462782+00:00, run_after=2022-11-28T15:39:13.462782+00:00
[2022-11-28T15:39:13.480+0000] {processor.py:176} INFO - Processing /home/airflow/.local/lib/python3.7/site-packages/airflow/example_dags/example_skip_dag.py took 0.075 seconds
[2022-11-28T15:39:44.156+0000] {processor.py:154} INFO - Started process (PID=170) to work on /home/airflow/.local/lib/python3.7/site-packages/airflow/example_dags/example_skip_dag.py
[2022-11-28T15:39:44.158+0000] {processor.py:756} INFO - Processing file /home/airflow/.local/lib/python3.7/site-packages/airflow/example_dags/example_skip_dag.py for tasks to queue
[2022-11-28T15:39:44.160+0000] {logging_mixin.py:137} INFO - [2022-11-28T15:39:44.160+0000] {dagbag.py:537} INFO - Filling up the DagBag from /home/airflow/.local/lib/python3.7/site-packages/airflow/example_dags/example_skip_dag.py
[2022-11-28T15:39:44.175+0000] {processor.py:766} INFO - DAG(s) dict_keys(['example_skip_dag']) retrieved from /home/airflow/.local/lib/python3.7/site-packages/airflow/example_dags/example_skip_dag.py
[2022-11-28T15:39:44.202+0000] {logging_mixin.py:137} INFO - [2022-11-28T15:39:44.201+0000] {dag.py:2585} INFO - Sync 1 DAGs
[2022-11-28T15:39:44.222+0000] {logging_mixin.py:137} INFO - [2022-11-28T15:39:44.222+0000] {dag.py:3340} INFO - Setting next_dagrun for example_skip_dag to 2022-11-27T15:39:44.222335+00:00, run_after=2022-11-28T15:39:44.222335+00:00
[2022-11-28T15:39:44.234+0000] {processor.py:176} INFO - Processing /home/airflow/.local/lib/python3.7/site-packages/airflow/example_dags/example_skip_dag.py took 0.080 seconds
[2022-11-28T15:40:14.729+0000] {processor.py:154} INFO - Started process (PID=224) to work on /home/airflow/.local/lib/python3.7/site-packages/airflow/example_dags/example_skip_dag.py
[2022-11-28T15:40:14.731+0000] {processor.py:756} INFO - Processing file /home/airflow/.local/lib/python3.7/site-packages/airflow/example_dags/example_skip_dag.py for tasks to queue
[2022-11-28T15:40:14.732+0000] {logging_mixin.py:137} INFO - [2022-11-28T15:40:14.732+0000] {dagbag.py:537} INFO - Filling up the DagBag from /home/airflow/.local/lib/python3.7/site-packages/airflow/example_dags/example_skip_dag.py
[2022-11-28T15:40:14.749+0000] {processor.py:766} INFO - DAG(s) dict_keys(['example_skip_dag']) retrieved from /home/airflow/.local/lib/python3.7/site-packages/airflow/example_dags/example_skip_dag.py
[2022-11-28T15:40:14.801+0000] {logging_mixin.py:137} INFO - [2022-11-28T15:40:14.801+0000] {dag.py:2585} INFO - Sync 1 DAGs
[2022-11-28T15:40:14.829+0000] {logging_mixin.py:137} INFO - [2022-11-28T15:40:14.828+0000] {dag.py:3340} INFO - Setting next_dagrun for example_skip_dag to 2022-11-27T15:40:14.828770+00:00, run_after=2022-11-28T15:40:14.828770+00:00
[2022-11-28T15:40:14.847+0000] {processor.py:176} INFO - Processing /home/airflow/.local/lib/python3.7/site-packages/airflow/example_dags/example_skip_dag.py took 0.119 seconds
[2022-11-28T15:40:44.924+0000] {processor.py:154} INFO - Started process (PID=287) to work on /home/airflow/.local/lib/python3.7/site-packages/airflow/example_dags/example_skip_dag.py
[2022-11-28T15:40:44.926+0000] {processor.py:756} INFO - Processing file /home/airflow/.local/lib/python3.7/site-packages/airflow/example_dags/example_skip_dag.py for tasks to queue
[2022-11-28T15:40:44.928+0000] {logging_mixin.py:137} INFO - [2022-11-28T15:40:44.928+0000] {dagbag.py:537} INFO - Filling up the DagBag from /home/airflow/.local/lib/python3.7/site-packages/airflow/example_dags/example_skip_dag.py
[2022-11-28T15:40:44.939+0000] {processor.py:766} INFO - DAG(s) dict_keys(['example_skip_dag']) retrieved from /home/airflow/.local/lib/python3.7/site-packages/airflow/example_dags/example_skip_dag.py
[2022-11-28T15:40:44.965+0000] {logging_mixin.py:137} INFO - [2022-11-28T15:40:44.965+0000] {dag.py:2585} INFO - Sync 1 DAGs
[2022-11-28T15:40:44.981+0000] {logging_mixin.py:137} INFO - [2022-11-28T15:40:44.981+0000] {dag.py:3340} INFO - Setting next_dagrun for example_skip_dag to 2022-11-27T15:40:44.981155+00:00, run_after=2022-11-28T15:40:44.981155+00:00
[2022-11-28T15:40:44.995+0000] {processor.py:176} INFO - Processing /home/airflow/.local/lib/python3.7/site-packages/airflow/example_dags/example_skip_dag.py took 0.073 seconds
[2022-11-28T15:41:15.675+0000] {processor.py:154} INFO - Started process (PID=348) to work on /home/airflow/.local/lib/python3.7/site-packages/airflow/example_dags/example_skip_dag.py
[2022-11-28T15:41:15.678+0000] {processor.py:756} INFO - Processing file /home/airflow/.local/lib/python3.7/site-packages/airflow/example_dags/example_skip_dag.py for tasks to queue
[2022-11-28T15:41:15.680+0000] {logging_mixin.py:137} INFO - [2022-11-28T15:41:15.680+0000] {dagbag.py:537} INFO - Filling up the DagBag from /home/airflow/.local/lib/python3.7/site-packages/airflow/example_dags/example_skip_dag.py
[2022-11-28T15:41:15.696+0000] {processor.py:766} INFO - DAG(s) dict_keys(['example_skip_dag']) retrieved from /home/airflow/.local/lib/python3.7/site-packages/airflow/example_dags/example_skip_dag.py
[2022-11-28T15:41:15.736+0000] {logging_mixin.py:137} INFO - [2022-11-28T15:41:15.736+0000] {dag.py:2585} INFO - Sync 1 DAGs
[2022-11-28T15:41:15.761+0000] {logging_mixin.py:137} INFO - [2022-11-28T15:41:15.761+0000] {dag.py:3340} INFO - Setting next_dagrun for example_skip_dag to 2022-11-27T15:41:15.760983+00:00, run_after=2022-11-28T15:41:15.760983+00:00
[2022-11-28T15:41:15.780+0000] {processor.py:176} INFO - Processing /home/airflow/.local/lib/python3.7/site-packages/airflow/example_dags/example_skip_dag.py took 0.108 seconds
[2022-11-28T15:41:46.032+0000] {processor.py:154} INFO - Started process (PID=411) to work on /home/airflow/.local/lib/python3.7/site-packages/airflow/example_dags/example_skip_dag.py
[2022-11-28T15:41:46.034+0000] {processor.py:756} INFO - Processing file /home/airflow/.local/lib/python3.7/site-packages/airflow/example_dags/example_skip_dag.py for tasks to queue
[2022-11-28T15:41:46.037+0000] {logging_mixin.py:137} INFO - [2022-11-28T15:41:46.037+0000] {dagbag.py:537} INFO - Filling up the DagBag from /home/airflow/.local/lib/python3.7/site-packages/airflow/example_dags/example_skip_dag.py
[2022-11-28T15:41:46.049+0000] {processor.py:766} INFO - DAG(s) dict_keys(['example_skip_dag']) retrieved from /home/airflow/.local/lib/python3.7/site-packages/airflow/example_dags/example_skip_dag.py
[2022-11-28T15:41:46.076+0000] {logging_mixin.py:137} INFO - [2022-11-28T15:41:46.076+0000] {dag.py:2585} INFO - Sync 1 DAGs
[2022-11-28T15:41:46.095+0000] {logging_mixin.py:137} INFO - [2022-11-28T15:41:46.094+0000] {dag.py:3340} INFO - Setting next_dagrun for example_skip_dag to 2022-11-27T15:41:46.094754+00:00, run_after=2022-11-28T15:41:46.094754+00:00
[2022-11-28T15:41:46.108+0000] {processor.py:176} INFO - Processing /home/airflow/.local/lib/python3.7/site-packages/airflow/example_dags/example_skip_dag.py took 0.078 seconds
[2022-11-28T15:42:17.719+0000] {processor.py:154} INFO - Started process (PID=474) to work on /home/airflow/.local/lib/python3.7/site-packages/airflow/example_dags/example_skip_dag.py
[2022-11-28T15:42:17.722+0000] {processor.py:756} INFO - Processing file /home/airflow/.local/lib/python3.7/site-packages/airflow/example_dags/example_skip_dag.py for tasks to queue
[2022-11-28T15:42:17.723+0000] {logging_mixin.py:137} INFO - [2022-11-28T15:42:17.723+0000] {dagbag.py:537} INFO - Filling up the DagBag from /home/airflow/.local/lib/python3.7/site-packages/airflow/example_dags/example_skip_dag.py
[2022-11-28T15:42:17.738+0000] {processor.py:766} INFO - DAG(s) dict_keys(['example_skip_dag']) retrieved from /home/airflow/.local/lib/python3.7/site-packages/airflow/example_dags/example_skip_dag.py
[2022-11-28T15:42:17.775+0000] {logging_mixin.py:137} INFO - [2022-11-28T15:42:17.775+0000] {dag.py:2585} INFO - Sync 1 DAGs
[2022-11-28T15:42:17.797+0000] {logging_mixin.py:137} INFO - [2022-11-28T15:42:17.797+0000] {dag.py:3340} INFO - Setting next_dagrun for example_skip_dag to 2022-11-27T15:42:17.796915+00:00, run_after=2022-11-28T15:42:17.796915+00:00
[2022-11-28T15:42:17.811+0000] {processor.py:176} INFO - Processing /home/airflow/.local/lib/python3.7/site-packages/airflow/example_dags/example_skip_dag.py took 0.095 seconds
[2022-11-28T15:42:48.684+0000] {processor.py:154} INFO - Started process (PID=536) to work on /home/airflow/.local/lib/python3.7/site-packages/airflow/example_dags/example_skip_dag.py
[2022-11-28T15:42:48.692+0000] {processor.py:756} INFO - Processing file /home/airflow/.local/lib/python3.7/site-packages/airflow/example_dags/example_skip_dag.py for tasks to queue
[2022-11-28T15:42:48.705+0000] {logging_mixin.py:137} INFO - [2022-11-28T15:42:48.704+0000] {dagbag.py:537} INFO - Filling up the DagBag from /home/airflow/.local/lib/python3.7/site-packages/airflow/example_dags/example_skip_dag.py
[2022-11-28T15:42:48.719+0000] {processor.py:766} INFO - DAG(s) dict_keys(['example_skip_dag']) retrieved from /home/airflow/.local/lib/python3.7/site-packages/airflow/example_dags/example_skip_dag.py
[2022-11-28T15:42:48.767+0000] {logging_mixin.py:137} INFO - [2022-11-28T15:42:48.767+0000] {dag.py:2585} INFO - Sync 1 DAGs
[2022-11-28T15:42:48.790+0000] {logging_mixin.py:137} INFO - [2022-11-28T15:42:48.790+0000] {dag.py:3340} INFO - Setting next_dagrun for example_skip_dag to 2022-11-27T15:42:48.789912+00:00, run_after=2022-11-28T15:42:48.789912+00:00
[2022-11-28T15:42:48.812+0000] {processor.py:176} INFO - Processing /home/airflow/.local/lib/python3.7/site-packages/airflow/example_dags/example_skip_dag.py took 0.132 seconds
[2022-11-28T15:43:18.954+0000] {processor.py:154} INFO - Started process (PID=590) to work on /home/airflow/.local/lib/python3.7/site-packages/airflow/example_dags/example_skip_dag.py
[2022-11-28T15:43:18.956+0000] {processor.py:756} INFO - Processing file /home/airflow/.local/lib/python3.7/site-packages/airflow/example_dags/example_skip_dag.py for tasks to queue
[2022-11-28T15:43:18.957+0000] {logging_mixin.py:137} INFO - [2022-11-28T15:43:18.957+0000] {dagbag.py:537} INFO - Filling up the DagBag from /home/airflow/.local/lib/python3.7/site-packages/airflow/example_dags/example_skip_dag.py
[2022-11-28T15:43:18.966+0000] {processor.py:766} INFO - DAG(s) dict_keys(['example_skip_dag']) retrieved from /home/airflow/.local/lib/python3.7/site-packages/airflow/example_dags/example_skip_dag.py
[2022-11-28T15:43:18.999+0000] {logging_mixin.py:137} INFO - [2022-11-28T15:43:18.999+0000] {dag.py:2585} INFO - Sync 1 DAGs
[2022-11-28T15:43:19.019+0000] {logging_mixin.py:137} INFO - [2022-11-28T15:43:19.019+0000] {dag.py:3340} INFO - Setting next_dagrun for example_skip_dag to 2022-11-27T15:43:19.019150+00:00, run_after=2022-11-28T15:43:19.019150+00:00
[2022-11-28T15:43:19.035+0000] {processor.py:176} INFO - Processing /home/airflow/.local/lib/python3.7/site-packages/airflow/example_dags/example_skip_dag.py took 0.083 seconds
[2022-11-28T15:43:49.168+0000] {processor.py:154} INFO - Started process (PID=653) to work on /home/airflow/.local/lib/python3.7/site-packages/airflow/example_dags/example_skip_dag.py
[2022-11-28T15:43:49.170+0000] {processor.py:756} INFO - Processing file /home/airflow/.local/lib/python3.7/site-packages/airflow/example_dags/example_skip_dag.py for tasks to queue
[2022-11-28T15:43:49.171+0000] {logging_mixin.py:137} INFO - [2022-11-28T15:43:49.171+0000] {dagbag.py:537} INFO - Filling up the DagBag from /home/airflow/.local/lib/python3.7/site-packages/airflow/example_dags/example_skip_dag.py
[2022-11-28T15:43:49.182+0000] {processor.py:766} INFO - DAG(s) dict_keys(['example_skip_dag']) retrieved from /home/airflow/.local/lib/python3.7/site-packages/airflow/example_dags/example_skip_dag.py
[2022-11-28T15:43:49.214+0000] {logging_mixin.py:137} INFO - [2022-11-28T15:43:49.214+0000] {dag.py:2585} INFO - Sync 1 DAGs
[2022-11-28T15:43:49.234+0000] {logging_mixin.py:137} INFO - [2022-11-28T15:43:49.234+0000] {dag.py:3340} INFO - Setting next_dagrun for example_skip_dag to 2022-11-27T15:43:49.233862+00:00, run_after=2022-11-28T15:43:49.233862+00:00
[2022-11-28T15:43:49.254+0000] {processor.py:176} INFO - Processing /home/airflow/.local/lib/python3.7/site-packages/airflow/example_dags/example_skip_dag.py took 0.088 seconds
[2022-11-28T15:44:19.791+0000] {processor.py:154} INFO - Started process (PID=716) to work on /home/airflow/.local/lib/python3.7/site-packages/airflow/example_dags/example_skip_dag.py
[2022-11-28T15:44:19.794+0000] {processor.py:756} INFO - Processing file /home/airflow/.local/lib/python3.7/site-packages/airflow/example_dags/example_skip_dag.py for tasks to queue
[2022-11-28T15:44:19.795+0000] {logging_mixin.py:137} INFO - [2022-11-28T15:44:19.795+0000] {dagbag.py:537} INFO - Filling up the DagBag from /home/airflow/.local/lib/python3.7/site-packages/airflow/example_dags/example_skip_dag.py
[2022-11-28T15:44:19.805+0000] {processor.py:766} INFO - DAG(s) dict_keys(['example_skip_dag']) retrieved from /home/airflow/.local/lib/python3.7/site-packages/airflow/example_dags/example_skip_dag.py
[2022-11-28T15:44:19.833+0000] {logging_mixin.py:137} INFO - [2022-11-28T15:44:19.833+0000] {dag.py:2585} INFO - Sync 1 DAGs
[2022-11-28T15:44:19.852+0000] {logging_mixin.py:137} INFO - [2022-11-28T15:44:19.851+0000] {dag.py:3340} INFO - Setting next_dagrun for example_skip_dag to 2022-11-27T15:44:19.851836+00:00, run_after=2022-11-28T15:44:19.851836+00:00
[2022-11-28T15:44:19.869+0000] {processor.py:176} INFO - Processing /home/airflow/.local/lib/python3.7/site-packages/airflow/example_dags/example_skip_dag.py took 0.080 seconds
[2022-11-28T15:44:50.673+0000] {processor.py:154} INFO - Started process (PID=779) to work on /home/airflow/.local/lib/python3.7/site-packages/airflow/example_dags/example_skip_dag.py
[2022-11-28T15:44:50.675+0000] {processor.py:756} INFO - Processing file /home/airflow/.local/lib/python3.7/site-packages/airflow/example_dags/example_skip_dag.py for tasks to queue
[2022-11-28T15:44:50.677+0000] {logging_mixin.py:137} INFO - [2022-11-28T15:44:50.677+0000] {dagbag.py:537} INFO - Filling up the DagBag from /home/airflow/.local/lib/python3.7/site-packages/airflow/example_dags/example_skip_dag.py
[2022-11-28T15:44:50.688+0000] {processor.py:766} INFO - DAG(s) dict_keys(['example_skip_dag']) retrieved from /home/airflow/.local/lib/python3.7/site-packages/airflow/example_dags/example_skip_dag.py
[2022-11-28T15:44:50.722+0000] {logging_mixin.py:137} INFO - [2022-11-28T15:44:50.722+0000] {dag.py:2585} INFO - Sync 1 DAGs
[2022-11-28T15:44:50.742+0000] {logging_mixin.py:137} INFO - [2022-11-28T15:44:50.741+0000] {dag.py:3340} INFO - Setting next_dagrun for example_skip_dag to 2022-11-27T15:44:50.741772+00:00, run_after=2022-11-28T15:44:50.741772+00:00
[2022-11-28T15:44:50.757+0000] {processor.py:176} INFO - Processing /home/airflow/.local/lib/python3.7/site-packages/airflow/example_dags/example_skip_dag.py took 0.086 seconds
[2022-11-28T15:45:21.236+0000] {processor.py:154} INFO - Started process (PID=842) to work on /home/airflow/.local/lib/python3.7/site-packages/airflow/example_dags/example_skip_dag.py
[2022-11-28T15:45:21.239+0000] {processor.py:756} INFO - Processing file /home/airflow/.local/lib/python3.7/site-packages/airflow/example_dags/example_skip_dag.py for tasks to queue
[2022-11-28T15:45:21.241+0000] {logging_mixin.py:137} INFO - [2022-11-28T15:45:21.241+0000] {dagbag.py:537} INFO - Filling up the DagBag from /home/airflow/.local/lib/python3.7/site-packages/airflow/example_dags/example_skip_dag.py
[2022-11-28T15:45:21.261+0000] {processor.py:766} INFO - DAG(s) dict_keys(['example_skip_dag']) retrieved from /home/airflow/.local/lib/python3.7/site-packages/airflow/example_dags/example_skip_dag.py
[2022-11-28T15:45:21.293+0000] {logging_mixin.py:137} INFO - [2022-11-28T15:45:21.293+0000] {dag.py:2585} INFO - Sync 1 DAGs
[2022-11-28T15:45:21.311+0000] {logging_mixin.py:137} INFO - [2022-11-28T15:45:21.311+0000] {dag.py:3340} INFO - Setting next_dagrun for example_skip_dag to 2022-11-27T15:45:21.311384+00:00, run_after=2022-11-28T15:45:21.311384+00:00
[2022-11-28T15:45:21.328+0000] {processor.py:176} INFO - Processing /home/airflow/.local/lib/python3.7/site-packages/airflow/example_dags/example_skip_dag.py took 0.096 seconds
[2022-11-28T15:45:51.458+0000] {processor.py:154} INFO - Started process (PID=898) to work on /home/airflow/.local/lib/python3.7/site-packages/airflow/example_dags/example_skip_dag.py
[2022-11-28T15:45:51.460+0000] {processor.py:756} INFO - Processing file /home/airflow/.local/lib/python3.7/site-packages/airflow/example_dags/example_skip_dag.py for tasks to queue
[2022-11-28T15:45:51.461+0000] {logging_mixin.py:137} INFO - [2022-11-28T15:45:51.461+0000] {dagbag.py:537} INFO - Filling up the DagBag from /home/airflow/.local/lib/python3.7/site-packages/airflow/example_dags/example_skip_dag.py
[2022-11-28T15:45:51.472+0000] {processor.py:766} INFO - DAG(s) dict_keys(['example_skip_dag']) retrieved from /home/airflow/.local/lib/python3.7/site-packages/airflow/example_dags/example_skip_dag.py
[2022-11-28T15:45:51.499+0000] {logging_mixin.py:137} INFO - [2022-11-28T15:45:51.499+0000] {dag.py:2585} INFO - Sync 1 DAGs
[2022-11-28T15:45:51.515+0000] {logging_mixin.py:137} INFO - [2022-11-28T15:45:51.515+0000] {dag.py:3340} INFO - Setting next_dagrun for example_skip_dag to 2022-11-27T15:45:51.515429+00:00, run_after=2022-11-28T15:45:51.515429+00:00
[2022-11-28T15:45:51.529+0000] {processor.py:176} INFO - Processing /home/airflow/.local/lib/python3.7/site-packages/airflow/example_dags/example_skip_dag.py took 0.073 seconds
[2022-11-28T15:46:22.136+0000] {processor.py:154} INFO - Started process (PID=962) to work on /home/airflow/.local/lib/python3.7/site-packages/airflow/example_dags/example_skip_dag.py
[2022-11-28T15:46:22.138+0000] {processor.py:756} INFO - Processing file /home/airflow/.local/lib/python3.7/site-packages/airflow/example_dags/example_skip_dag.py for tasks to queue
[2022-11-28T15:46:22.139+0000] {logging_mixin.py:137} INFO - [2022-11-28T15:46:22.138+0000] {dagbag.py:537} INFO - Filling up the DagBag from /home/airflow/.local/lib/python3.7/site-packages/airflow/example_dags/example_skip_dag.py
[2022-11-28T15:46:22.149+0000] {processor.py:766} INFO - DAG(s) dict_keys(['example_skip_dag']) retrieved from /home/airflow/.local/lib/python3.7/site-packages/airflow/example_dags/example_skip_dag.py
[2022-11-28T15:46:22.175+0000] {logging_mixin.py:137} INFO - [2022-11-28T15:46:22.175+0000] {dag.py:2585} INFO - Sync 1 DAGs
[2022-11-28T15:46:22.192+0000] {logging_mixin.py:137} INFO - [2022-11-28T15:46:22.192+0000] {dag.py:3340} INFO - Setting next_dagrun for example_skip_dag to 2022-11-27T15:46:22.192113+00:00, run_after=2022-11-28T15:46:22.192113+00:00
[2022-11-28T15:46:22.205+0000] {processor.py:176} INFO - Processing /home/airflow/.local/lib/python3.7/site-packages/airflow/example_dags/example_skip_dag.py took 0.071 seconds
[2022-11-28T15:46:52.966+0000] {processor.py:154} INFO - Started process (PID=1025) to work on /home/airflow/.local/lib/python3.7/site-packages/airflow/example_dags/example_skip_dag.py
[2022-11-28T15:46:52.969+0000] {processor.py:756} INFO - Processing file /home/airflow/.local/lib/python3.7/site-packages/airflow/example_dags/example_skip_dag.py for tasks to queue
[2022-11-28T15:46:52.970+0000] {logging_mixin.py:137} INFO - [2022-11-28T15:46:52.970+0000] {dagbag.py:537} INFO - Filling up the DagBag from /home/airflow/.local/lib/python3.7/site-packages/airflow/example_dags/example_skip_dag.py
[2022-11-28T15:46:52.983+0000] {processor.py:766} INFO - DAG(s) dict_keys(['example_skip_dag']) retrieved from /home/airflow/.local/lib/python3.7/site-packages/airflow/example_dags/example_skip_dag.py
[2022-11-28T15:46:53.011+0000] {logging_mixin.py:137} INFO - [2022-11-28T15:46:53.011+0000] {dag.py:2585} INFO - Sync 1 DAGs
[2022-11-28T15:46:53.026+0000] {logging_mixin.py:137} INFO - [2022-11-28T15:46:53.026+0000] {dag.py:3340} INFO - Setting next_dagrun for example_skip_dag to 2022-11-27T15:46:53.026587+00:00, run_after=2022-11-28T15:46:53.026587+00:00
[2022-11-28T15:46:53.039+0000] {processor.py:176} INFO - Processing /home/airflow/.local/lib/python3.7/site-packages/airflow/example_dags/example_skip_dag.py took 0.076 seconds
[2022-11-28T15:47:23.786+0000] {processor.py:154} INFO - Started process (PID=1089) to work on /home/airflow/.local/lib/python3.7/site-packages/airflow/example_dags/example_skip_dag.py
[2022-11-28T15:47:23.789+0000] {processor.py:756} INFO - Processing file /home/airflow/.local/lib/python3.7/site-packages/airflow/example_dags/example_skip_dag.py for tasks to queue
[2022-11-28T15:47:23.790+0000] {logging_mixin.py:137} INFO - [2022-11-28T15:47:23.790+0000] {dagbag.py:537} INFO - Filling up the DagBag from /home/airflow/.local/lib/python3.7/site-packages/airflow/example_dags/example_skip_dag.py
[2022-11-28T15:47:23.800+0000] {processor.py:766} INFO - DAG(s) dict_keys(['example_skip_dag']) retrieved from /home/airflow/.local/lib/python3.7/site-packages/airflow/example_dags/example_skip_dag.py
[2022-11-28T15:47:23.826+0000] {logging_mixin.py:137} INFO - [2022-11-28T15:47:23.826+0000] {dag.py:2585} INFO - Sync 1 DAGs
[2022-11-28T15:47:23.841+0000] {logging_mixin.py:137} INFO - [2022-11-28T15:47:23.841+0000] {dag.py:3340} INFO - Setting next_dagrun for example_skip_dag to 2022-11-27T15:47:23.841751+00:00, run_after=2022-11-28T15:47:23.841751+00:00
[2022-11-28T15:47:23.855+0000] {processor.py:176} INFO - Processing /home/airflow/.local/lib/python3.7/site-packages/airflow/example_dags/example_skip_dag.py took 0.071 seconds
[2022-11-28T15:47:54.268+0000] {processor.py:154} INFO - Started process (PID=1154) to work on /home/airflow/.local/lib/python3.7/site-packages/airflow/example_dags/example_skip_dag.py
[2022-11-28T15:47:54.271+0000] {processor.py:756} INFO - Processing file /home/airflow/.local/lib/python3.7/site-packages/airflow/example_dags/example_skip_dag.py for tasks to queue
[2022-11-28T15:47:54.272+0000] {logging_mixin.py:137} INFO - [2022-11-28T15:47:54.272+0000] {dagbag.py:537} INFO - Filling up the DagBag from /home/airflow/.local/lib/python3.7/site-packages/airflow/example_dags/example_skip_dag.py
[2022-11-28T15:47:54.282+0000] {processor.py:766} INFO - DAG(s) dict_keys(['example_skip_dag']) retrieved from /home/airflow/.local/lib/python3.7/site-packages/airflow/example_dags/example_skip_dag.py
[2022-11-28T15:47:54.317+0000] {logging_mixin.py:137} INFO - [2022-11-28T15:47:54.317+0000] {dag.py:2585} INFO - Sync 1 DAGs
[2022-11-28T15:47:54.343+0000] {logging_mixin.py:137} INFO - [2022-11-28T15:47:54.343+0000] {dag.py:3340} INFO - Setting next_dagrun for example_skip_dag to 2022-11-27T15:47:54.343226+00:00, run_after=2022-11-28T15:47:54.343226+00:00
[2022-11-28T15:47:54.359+0000] {processor.py:176} INFO - Processing /home/airflow/.local/lib/python3.7/site-packages/airflow/example_dags/example_skip_dag.py took 0.094 seconds
[2022-11-28T15:48:25.110+0000] {processor.py:154} INFO - Started process (PID=1209) to work on /home/airflow/.local/lib/python3.7/site-packages/airflow/example_dags/example_skip_dag.py
[2022-11-28T15:48:25.112+0000] {processor.py:756} INFO - Processing file /home/airflow/.local/lib/python3.7/site-packages/airflow/example_dags/example_skip_dag.py for tasks to queue
[2022-11-28T15:48:25.114+0000] {logging_mixin.py:137} INFO - [2022-11-28T15:48:25.114+0000] {dagbag.py:537} INFO - Filling up the DagBag from /home/airflow/.local/lib/python3.7/site-packages/airflow/example_dags/example_skip_dag.py
[2022-11-28T15:48:25.130+0000] {processor.py:766} INFO - DAG(s) dict_keys(['example_skip_dag']) retrieved from /home/airflow/.local/lib/python3.7/site-packages/airflow/example_dags/example_skip_dag.py
[2022-11-28T15:48:25.165+0000] {logging_mixin.py:137} INFO - [2022-11-28T15:48:25.165+0000] {dag.py:2585} INFO - Sync 1 DAGs
[2022-11-28T15:48:25.185+0000] {logging_mixin.py:137} INFO - [2022-11-28T15:48:25.184+0000] {dag.py:3340} INFO - Setting next_dagrun for example_skip_dag to 2022-11-27T15:48:25.184809+00:00, run_after=2022-11-28T15:48:25.184809+00:00
[2022-11-28T15:48:25.211+0000] {processor.py:176} INFO - Processing /home/airflow/.local/lib/python3.7/site-packages/airflow/example_dags/example_skip_dag.py took 0.104 seconds
[2022-11-28T15:48:56.102+0000] {processor.py:154} INFO - Started process (PID=1272) to work on /home/airflow/.local/lib/python3.7/site-packages/airflow/example_dags/example_skip_dag.py
[2022-11-28T15:48:56.104+0000] {processor.py:756} INFO - Processing file /home/airflow/.local/lib/python3.7/site-packages/airflow/example_dags/example_skip_dag.py for tasks to queue
[2022-11-28T15:48:56.105+0000] {logging_mixin.py:137} INFO - [2022-11-28T15:48:56.105+0000] {dagbag.py:537} INFO - Filling up the DagBag from /home/airflow/.local/lib/python3.7/site-packages/airflow/example_dags/example_skip_dag.py
[2022-11-28T15:48:56.115+0000] {processor.py:766} INFO - DAG(s) dict_keys(['example_skip_dag']) retrieved from /home/airflow/.local/lib/python3.7/site-packages/airflow/example_dags/example_skip_dag.py
[2022-11-28T15:48:56.143+0000] {logging_mixin.py:137} INFO - [2022-11-28T15:48:56.143+0000] {dag.py:2585} INFO - Sync 1 DAGs
[2022-11-28T15:48:56.157+0000] {logging_mixin.py:137} INFO - [2022-11-28T15:48:56.157+0000] {dag.py:3340} INFO - Setting next_dagrun for example_skip_dag to 2022-11-27T15:48:56.157376+00:00, run_after=2022-11-28T15:48:56.157376+00:00
[2022-11-28T15:48:56.170+0000] {processor.py:176} INFO - Processing /home/airflow/.local/lib/python3.7/site-packages/airflow/example_dags/example_skip_dag.py took 0.071 seconds
[2022-11-28T15:49:26.767+0000] {processor.py:154} INFO - Started process (PID=1335) to work on /home/airflow/.local/lib/python3.7/site-packages/airflow/example_dags/example_skip_dag.py
[2022-11-28T15:49:26.768+0000] {processor.py:756} INFO - Processing file /home/airflow/.local/lib/python3.7/site-packages/airflow/example_dags/example_skip_dag.py for tasks to queue
[2022-11-28T15:49:26.770+0000] {logging_mixin.py:137} INFO - [2022-11-28T15:49:26.770+0000] {dagbag.py:537} INFO - Filling up the DagBag from /home/airflow/.local/lib/python3.7/site-packages/airflow/example_dags/example_skip_dag.py
[2022-11-28T15:49:26.783+0000] {processor.py:766} INFO - DAG(s) dict_keys(['example_skip_dag']) retrieved from /home/airflow/.local/lib/python3.7/site-packages/airflow/example_dags/example_skip_dag.py
[2022-11-28T15:49:26.811+0000] {logging_mixin.py:137} INFO - [2022-11-28T15:49:26.811+0000] {dag.py:2585} INFO - Sync 1 DAGs
[2022-11-28T15:49:26.827+0000] {logging_mixin.py:137} INFO - [2022-11-28T15:49:26.827+0000] {dag.py:3340} INFO - Setting next_dagrun for example_skip_dag to 2022-11-27T15:49:26.827211+00:00, run_after=2022-11-28T15:49:26.827211+00:00
[2022-11-28T15:49:26.841+0000] {processor.py:176} INFO - Processing /home/airflow/.local/lib/python3.7/site-packages/airflow/example_dags/example_skip_dag.py took 0.077 seconds
