[2022-11-28T15:35:17.694+0000] {processor.py:154} INFO - Started process (PID=58) to work on /home/airflow/.local/lib/python3.7/site-packages/airflow/example_dags/example_branch_operator.py
[2022-11-28T15:35:17.706+0000] {processor.py:756} INFO - Processing file /home/airflow/.local/lib/python3.7/site-packages/airflow/example_dags/example_branch_operator.py for tasks to queue
[2022-11-28T15:35:17.717+0000] {logging_mixin.py:137} INFO - [2022-11-28T15:35:17.717+0000] {dagbag.py:537} INFO - Filling up the DagBag from /home/airflow/.local/lib/python3.7/site-packages/airflow/example_dags/example_branch_operator.py
[2022-11-28T15:35:17.782+0000] {processor.py:766} INFO - DAG(s) dict_keys(['example_branch_operator']) retrieved from /home/airflow/.local/lib/python3.7/site-packages/airflow/example_dags/example_branch_operator.py
[2022-11-28T15:35:17.847+0000] {logging_mixin.py:137} INFO - [2022-11-28T15:35:17.847+0000] {dag.py:2585} INFO - Sync 1 DAGs
[2022-11-28T15:35:17.928+0000] {logging_mixin.py:137} INFO - [2022-11-28T15:35:17.928+0000] {dag.py:3340} INFO - Setting next_dagrun for example_branch_operator to 2022-11-27T00:00:00+00:00, run_after=2022-11-28T00:00:00+00:00
[2022-11-28T15:35:18.000+0000] {processor.py:176} INFO - Processing /home/airflow/.local/lib/python3.7/site-packages/airflow/example_dags/example_branch_operator.py took 0.333 seconds
[2022-11-28T15:35:48.891+0000] {processor.py:154} INFO - Started process (PID=114) to work on /home/airflow/.local/lib/python3.7/site-packages/airflow/example_dags/example_branch_operator.py
[2022-11-28T15:35:48.898+0000] {processor.py:756} INFO - Processing file /home/airflow/.local/lib/python3.7/site-packages/airflow/example_dags/example_branch_operator.py for tasks to queue
[2022-11-28T15:35:48.900+0000] {logging_mixin.py:137} INFO - [2022-11-28T15:35:48.900+0000] {dagbag.py:537} INFO - Filling up the DagBag from /home/airflow/.local/lib/python3.7/site-packages/airflow/example_dags/example_branch_operator.py
[2022-11-28T15:35:48.921+0000] {processor.py:766} INFO - DAG(s) dict_keys(['example_branch_operator']) retrieved from /home/airflow/.local/lib/python3.7/site-packages/airflow/example_dags/example_branch_operator.py
[2022-11-28T15:35:48.961+0000] {logging_mixin.py:137} INFO - [2022-11-28T15:35:48.961+0000] {dag.py:2585} INFO - Sync 1 DAGs
[2022-11-28T15:35:48.981+0000] {logging_mixin.py:137} INFO - [2022-11-28T15:35:48.980+0000] {dag.py:3340} INFO - Setting next_dagrun for example_branch_operator to 2022-11-27T00:00:00+00:00, run_after=2022-11-28T00:00:00+00:00
[2022-11-28T15:35:49.002+0000] {processor.py:176} INFO - Processing /home/airflow/.local/lib/python3.7/site-packages/airflow/example_dags/example_branch_operator.py took 0.120 seconds
[2022-11-28T15:36:19.445+0000] {processor.py:154} INFO - Started process (PID=178) to work on /home/airflow/.local/lib/python3.7/site-packages/airflow/example_dags/example_branch_operator.py
[2022-11-28T15:36:19.447+0000] {processor.py:756} INFO - Processing file /home/airflow/.local/lib/python3.7/site-packages/airflow/example_dags/example_branch_operator.py for tasks to queue
[2022-11-28T15:36:19.450+0000] {logging_mixin.py:137} INFO - [2022-11-28T15:36:19.450+0000] {dagbag.py:537} INFO - Filling up the DagBag from /home/airflow/.local/lib/python3.7/site-packages/airflow/example_dags/example_branch_operator.py
[2022-11-28T15:36:19.464+0000] {processor.py:766} INFO - DAG(s) dict_keys(['example_branch_operator']) retrieved from /home/airflow/.local/lib/python3.7/site-packages/airflow/example_dags/example_branch_operator.py
[2022-11-28T15:36:19.500+0000] {logging_mixin.py:137} INFO - [2022-11-28T15:36:19.500+0000] {dag.py:2585} INFO - Sync 1 DAGs
[2022-11-28T15:36:19.521+0000] {logging_mixin.py:137} INFO - [2022-11-28T15:36:19.521+0000] {dag.py:3340} INFO - Setting next_dagrun for example_branch_operator to 2022-11-27T00:00:00+00:00, run_after=2022-11-28T00:00:00+00:00
[2022-11-28T15:36:19.538+0000] {processor.py:176} INFO - Processing /home/airflow/.local/lib/python3.7/site-packages/airflow/example_dags/example_branch_operator.py took 0.096 seconds
[2022-11-28T15:38:43.636+0000] {processor.py:154} INFO - Started process (PID=52) to work on /home/airflow/.local/lib/python3.7/site-packages/airflow/example_dags/example_branch_operator.py
[2022-11-28T15:38:43.643+0000] {processor.py:756} INFO - Processing file /home/airflow/.local/lib/python3.7/site-packages/airflow/example_dags/example_branch_operator.py for tasks to queue
[2022-11-28T15:38:43.644+0000] {logging_mixin.py:137} INFO - [2022-11-28T15:38:43.644+0000] {dagbag.py:537} INFO - Filling up the DagBag from /home/airflow/.local/lib/python3.7/site-packages/airflow/example_dags/example_branch_operator.py
[2022-11-28T15:38:43.666+0000] {processor.py:766} INFO - DAG(s) dict_keys(['example_branch_operator']) retrieved from /home/airflow/.local/lib/python3.7/site-packages/airflow/example_dags/example_branch_operator.py
[2022-11-28T15:38:43.704+0000] {logging_mixin.py:137} INFO - [2022-11-28T15:38:43.704+0000] {dag.py:2585} INFO - Sync 1 DAGs
[2022-11-28T15:38:43.739+0000] {logging_mixin.py:137} INFO - [2022-11-28T15:38:43.739+0000] {dag.py:3340} INFO - Setting next_dagrun for example_branch_operator to 2022-11-27T00:00:00+00:00, run_after=2022-11-28T00:00:00+00:00
[2022-11-28T15:38:43.771+0000] {processor.py:176} INFO - Processing /home/airflow/.local/lib/python3.7/site-packages/airflow/example_dags/example_branch_operator.py took 0.139 seconds
[2022-11-28T15:39:13.967+0000] {processor.py:154} INFO - Started process (PID=114) to work on /home/airflow/.local/lib/python3.7/site-packages/airflow/example_dags/example_branch_operator.py
[2022-11-28T15:39:13.969+0000] {processor.py:756} INFO - Processing file /home/airflow/.local/lib/python3.7/site-packages/airflow/example_dags/example_branch_operator.py for tasks to queue
[2022-11-28T15:39:13.970+0000] {logging_mixin.py:137} INFO - [2022-11-28T15:39:13.970+0000] {dagbag.py:537} INFO - Filling up the DagBag from /home/airflow/.local/lib/python3.7/site-packages/airflow/example_dags/example_branch_operator.py
[2022-11-28T15:39:13.981+0000] {processor.py:766} INFO - DAG(s) dict_keys(['example_branch_operator']) retrieved from /home/airflow/.local/lib/python3.7/site-packages/airflow/example_dags/example_branch_operator.py
[2022-11-28T15:39:14.007+0000] {logging_mixin.py:137} INFO - [2022-11-28T15:39:14.007+0000] {dag.py:2585} INFO - Sync 1 DAGs
[2022-11-28T15:39:14.022+0000] {logging_mixin.py:137} INFO - [2022-11-28T15:39:14.022+0000] {dag.py:3340} INFO - Setting next_dagrun for example_branch_operator to 2022-11-27T00:00:00+00:00, run_after=2022-11-28T00:00:00+00:00
[2022-11-28T15:39:14.034+0000] {processor.py:176} INFO - Processing /home/airflow/.local/lib/python3.7/site-packages/airflow/example_dags/example_branch_operator.py took 0.069 seconds
[2022-11-28T15:39:44.570+0000] {processor.py:154} INFO - Started process (PID=178) to work on /home/airflow/.local/lib/python3.7/site-packages/airflow/example_dags/example_branch_operator.py
[2022-11-28T15:39:44.572+0000] {processor.py:756} INFO - Processing file /home/airflow/.local/lib/python3.7/site-packages/airflow/example_dags/example_branch_operator.py for tasks to queue
[2022-11-28T15:39:44.574+0000] {logging_mixin.py:137} INFO - [2022-11-28T15:39:44.574+0000] {dagbag.py:537} INFO - Filling up the DagBag from /home/airflow/.local/lib/python3.7/site-packages/airflow/example_dags/example_branch_operator.py
[2022-11-28T15:39:44.587+0000] {processor.py:766} INFO - DAG(s) dict_keys(['example_branch_operator']) retrieved from /home/airflow/.local/lib/python3.7/site-packages/airflow/example_dags/example_branch_operator.py
[2022-11-28T15:39:44.619+0000] {logging_mixin.py:137} INFO - [2022-11-28T15:39:44.619+0000] {dag.py:2585} INFO - Sync 1 DAGs
[2022-11-28T15:39:44.637+0000] {logging_mixin.py:137} INFO - [2022-11-28T15:39:44.637+0000] {dag.py:3340} INFO - Setting next_dagrun for example_branch_operator to 2022-11-27T00:00:00+00:00, run_after=2022-11-28T00:00:00+00:00
[2022-11-28T15:39:44.650+0000] {processor.py:176} INFO - Processing /home/airflow/.local/lib/python3.7/site-packages/airflow/example_dags/example_branch_operator.py took 0.083 seconds
[2022-11-28T15:40:15.378+0000] {processor.py:154} INFO - Started process (PID=241) to work on /home/airflow/.local/lib/python3.7/site-packages/airflow/example_dags/example_branch_operator.py
[2022-11-28T15:40:15.381+0000] {processor.py:756} INFO - Processing file /home/airflow/.local/lib/python3.7/site-packages/airflow/example_dags/example_branch_operator.py for tasks to queue
[2022-11-28T15:40:15.383+0000] {logging_mixin.py:137} INFO - [2022-11-28T15:40:15.383+0000] {dagbag.py:537} INFO - Filling up the DagBag from /home/airflow/.local/lib/python3.7/site-packages/airflow/example_dags/example_branch_operator.py
[2022-11-28T15:40:15.401+0000] {processor.py:766} INFO - DAG(s) dict_keys(['example_branch_operator']) retrieved from /home/airflow/.local/lib/python3.7/site-packages/airflow/example_dags/example_branch_operator.py
[2022-11-28T15:40:15.475+0000] {logging_mixin.py:137} INFO - [2022-11-28T15:40:15.475+0000] {dag.py:2585} INFO - Sync 1 DAGs
[2022-11-28T15:40:15.520+0000] {logging_mixin.py:137} INFO - [2022-11-28T15:40:15.520+0000] {dag.py:3340} INFO - Setting next_dagrun for example_branch_operator to 2022-11-27T00:00:00+00:00, run_after=2022-11-28T00:00:00+00:00
[2022-11-28T15:40:15.549+0000] {processor.py:176} INFO - Processing /home/airflow/.local/lib/python3.7/site-packages/airflow/example_dags/example_branch_operator.py took 0.183 seconds
[2022-11-28T15:40:46.464+0000] {processor.py:154} INFO - Started process (PID=295) to work on /home/airflow/.local/lib/python3.7/site-packages/airflow/example_dags/example_branch_operator.py
[2022-11-28T15:40:46.466+0000] {processor.py:756} INFO - Processing file /home/airflow/.local/lib/python3.7/site-packages/airflow/example_dags/example_branch_operator.py for tasks to queue
[2022-11-28T15:40:46.469+0000] {logging_mixin.py:137} INFO - [2022-11-28T15:40:46.469+0000] {dagbag.py:537} INFO - Filling up the DagBag from /home/airflow/.local/lib/python3.7/site-packages/airflow/example_dags/example_branch_operator.py
[2022-11-28T15:40:46.480+0000] {processor.py:766} INFO - DAG(s) dict_keys(['example_branch_operator']) retrieved from /home/airflow/.local/lib/python3.7/site-packages/airflow/example_dags/example_branch_operator.py
[2022-11-28T15:40:46.508+0000] {logging_mixin.py:137} INFO - [2022-11-28T15:40:46.508+0000] {dag.py:2585} INFO - Sync 1 DAGs
[2022-11-28T15:40:46.522+0000] {logging_mixin.py:137} INFO - [2022-11-28T15:40:46.522+0000] {dag.py:3340} INFO - Setting next_dagrun for example_branch_operator to 2022-11-27T00:00:00+00:00, run_after=2022-11-28T00:00:00+00:00
[2022-11-28T15:40:46.533+0000] {processor.py:176} INFO - Processing /home/airflow/.local/lib/python3.7/site-packages/airflow/example_dags/example_branch_operator.py took 0.070 seconds
[2022-11-28T15:41:17.746+0000] {processor.py:154} INFO - Started process (PID=356) to work on /home/airflow/.local/lib/python3.7/site-packages/airflow/example_dags/example_branch_operator.py
[2022-11-28T15:41:17.748+0000] {processor.py:756} INFO - Processing file /home/airflow/.local/lib/python3.7/site-packages/airflow/example_dags/example_branch_operator.py for tasks to queue
[2022-11-28T15:41:17.749+0000] {logging_mixin.py:137} INFO - [2022-11-28T15:41:17.749+0000] {dagbag.py:537} INFO - Filling up the DagBag from /home/airflow/.local/lib/python3.7/site-packages/airflow/example_dags/example_branch_operator.py
[2022-11-28T15:41:17.761+0000] {processor.py:766} INFO - DAG(s) dict_keys(['example_branch_operator']) retrieved from /home/airflow/.local/lib/python3.7/site-packages/airflow/example_dags/example_branch_operator.py
[2022-11-28T15:41:17.792+0000] {logging_mixin.py:137} INFO - [2022-11-28T15:41:17.792+0000] {dag.py:2585} INFO - Sync 1 DAGs
[2022-11-28T15:41:17.812+0000] {logging_mixin.py:137} INFO - [2022-11-28T15:41:17.811+0000] {dag.py:3340} INFO - Setting next_dagrun for example_branch_operator to 2022-11-27T00:00:00+00:00, run_after=2022-11-28T00:00:00+00:00
[2022-11-28T15:41:17.836+0000] {processor.py:176} INFO - Processing /home/airflow/.local/lib/python3.7/site-packages/airflow/example_dags/example_branch_operator.py took 0.092 seconds
[2022-11-28T15:41:48.630+0000] {processor.py:154} INFO - Started process (PID=419) to work on /home/airflow/.local/lib/python3.7/site-packages/airflow/example_dags/example_branch_operator.py
[2022-11-28T15:41:48.633+0000] {processor.py:756} INFO - Processing file /home/airflow/.local/lib/python3.7/site-packages/airflow/example_dags/example_branch_operator.py for tasks to queue
[2022-11-28T15:41:48.634+0000] {logging_mixin.py:137} INFO - [2022-11-28T15:41:48.634+0000] {dagbag.py:537} INFO - Filling up the DagBag from /home/airflow/.local/lib/python3.7/site-packages/airflow/example_dags/example_branch_operator.py
[2022-11-28T15:41:48.648+0000] {processor.py:766} INFO - DAG(s) dict_keys(['example_branch_operator']) retrieved from /home/airflow/.local/lib/python3.7/site-packages/airflow/example_dags/example_branch_operator.py
[2022-11-28T15:41:48.681+0000] {logging_mixin.py:137} INFO - [2022-11-28T15:41:48.681+0000] {dag.py:2585} INFO - Sync 1 DAGs
[2022-11-28T15:41:48.700+0000] {logging_mixin.py:137} INFO - [2022-11-28T15:41:48.700+0000] {dag.py:3340} INFO - Setting next_dagrun for example_branch_operator to 2022-11-27T00:00:00+00:00, run_after=2022-11-28T00:00:00+00:00
[2022-11-28T15:41:48.713+0000] {processor.py:176} INFO - Processing /home/airflow/.local/lib/python3.7/site-packages/airflow/example_dags/example_branch_operator.py took 0.085 seconds
[2022-11-28T15:42:19.178+0000] {processor.py:154} INFO - Started process (PID=482) to work on /home/airflow/.local/lib/python3.7/site-packages/airflow/example_dags/example_branch_operator.py
[2022-11-28T15:42:19.181+0000] {processor.py:756} INFO - Processing file /home/airflow/.local/lib/python3.7/site-packages/airflow/example_dags/example_branch_operator.py for tasks to queue
[2022-11-28T15:42:19.182+0000] {logging_mixin.py:137} INFO - [2022-11-28T15:42:19.182+0000] {dagbag.py:537} INFO - Filling up the DagBag from /home/airflow/.local/lib/python3.7/site-packages/airflow/example_dags/example_branch_operator.py
[2022-11-28T15:42:19.193+0000] {processor.py:766} INFO - DAG(s) dict_keys(['example_branch_operator']) retrieved from /home/airflow/.local/lib/python3.7/site-packages/airflow/example_dags/example_branch_operator.py
[2022-11-28T15:42:19.220+0000] {logging_mixin.py:137} INFO - [2022-11-28T15:42:19.220+0000] {dag.py:2585} INFO - Sync 1 DAGs
[2022-11-28T15:42:19.236+0000] {logging_mixin.py:137} INFO - [2022-11-28T15:42:19.236+0000] {dag.py:3340} INFO - Setting next_dagrun for example_branch_operator to 2022-11-27T00:00:00+00:00, run_after=2022-11-28T00:00:00+00:00
[2022-11-28T15:42:19.248+0000] {processor.py:176} INFO - Processing /home/airflow/.local/lib/python3.7/site-packages/airflow/example_dags/example_branch_operator.py took 0.072 seconds
[2022-11-28T15:42:49.358+0000] {processor.py:154} INFO - Started process (PID=544) to work on /home/airflow/.local/lib/python3.7/site-packages/airflow/example_dags/example_branch_operator.py
[2022-11-28T15:42:49.360+0000] {processor.py:756} INFO - Processing file /home/airflow/.local/lib/python3.7/site-packages/airflow/example_dags/example_branch_operator.py for tasks to queue
[2022-11-28T15:42:49.361+0000] {logging_mixin.py:137} INFO - [2022-11-28T15:42:49.361+0000] {dagbag.py:537} INFO - Filling up the DagBag from /home/airflow/.local/lib/python3.7/site-packages/airflow/example_dags/example_branch_operator.py
[2022-11-28T15:42:49.374+0000] {processor.py:766} INFO - DAG(s) dict_keys(['example_branch_operator']) retrieved from /home/airflow/.local/lib/python3.7/site-packages/airflow/example_dags/example_branch_operator.py
[2022-11-28T15:42:49.402+0000] {logging_mixin.py:137} INFO - [2022-11-28T15:42:49.402+0000] {dag.py:2585} INFO - Sync 1 DAGs
[2022-11-28T15:42:49.419+0000] {logging_mixin.py:137} INFO - [2022-11-28T15:42:49.419+0000] {dag.py:3340} INFO - Setting next_dagrun for example_branch_operator to 2022-11-27T00:00:00+00:00, run_after=2022-11-28T00:00:00+00:00
[2022-11-28T15:42:49.435+0000] {processor.py:176} INFO - Processing /home/airflow/.local/lib/python3.7/site-packages/airflow/example_dags/example_branch_operator.py took 0.079 seconds
[2022-11-28T15:43:19.591+0000] {processor.py:154} INFO - Started process (PID=598) to work on /home/airflow/.local/lib/python3.7/site-packages/airflow/example_dags/example_branch_operator.py
[2022-11-28T15:43:19.593+0000] {processor.py:756} INFO - Processing file /home/airflow/.local/lib/python3.7/site-packages/airflow/example_dags/example_branch_operator.py for tasks to queue
[2022-11-28T15:43:19.594+0000] {logging_mixin.py:137} INFO - [2022-11-28T15:43:19.594+0000] {dagbag.py:537} INFO - Filling up the DagBag from /home/airflow/.local/lib/python3.7/site-packages/airflow/example_dags/example_branch_operator.py
[2022-11-28T15:43:19.606+0000] {processor.py:766} INFO - DAG(s) dict_keys(['example_branch_operator']) retrieved from /home/airflow/.local/lib/python3.7/site-packages/airflow/example_dags/example_branch_operator.py
[2022-11-28T15:43:19.635+0000] {logging_mixin.py:137} INFO - [2022-11-28T15:43:19.635+0000] {dag.py:2585} INFO - Sync 1 DAGs
[2022-11-28T15:43:19.652+0000] {logging_mixin.py:137} INFO - [2022-11-28T15:43:19.652+0000] {dag.py:3340} INFO - Setting next_dagrun for example_branch_operator to 2022-11-27T00:00:00+00:00, run_after=2022-11-28T00:00:00+00:00
[2022-11-28T15:43:19.665+0000] {processor.py:176} INFO - Processing /home/airflow/.local/lib/python3.7/site-packages/airflow/example_dags/example_branch_operator.py took 0.077 seconds
[2022-11-28T15:43:49.707+0000] {processor.py:154} INFO - Started process (PID=661) to work on /home/airflow/.local/lib/python3.7/site-packages/airflow/example_dags/example_branch_operator.py
[2022-11-28T15:43:49.708+0000] {processor.py:756} INFO - Processing file /home/airflow/.local/lib/python3.7/site-packages/airflow/example_dags/example_branch_operator.py for tasks to queue
[2022-11-28T15:43:49.710+0000] {logging_mixin.py:137} INFO - [2022-11-28T15:43:49.709+0000] {dagbag.py:537} INFO - Filling up the DagBag from /home/airflow/.local/lib/python3.7/site-packages/airflow/example_dags/example_branch_operator.py
[2022-11-28T15:43:49.722+0000] {processor.py:766} INFO - DAG(s) dict_keys(['example_branch_operator']) retrieved from /home/airflow/.local/lib/python3.7/site-packages/airflow/example_dags/example_branch_operator.py
[2022-11-28T15:43:49.750+0000] {logging_mixin.py:137} INFO - [2022-11-28T15:43:49.750+0000] {dag.py:2585} INFO - Sync 1 DAGs
[2022-11-28T15:43:49.768+0000] {logging_mixin.py:137} INFO - [2022-11-28T15:43:49.768+0000] {dag.py:3340} INFO - Setting next_dagrun for example_branch_operator to 2022-11-27T00:00:00+00:00, run_after=2022-11-28T00:00:00+00:00
[2022-11-28T15:43:49.781+0000] {processor.py:176} INFO - Processing /home/airflow/.local/lib/python3.7/site-packages/airflow/example_dags/example_branch_operator.py took 0.077 seconds
[2022-11-28T15:44:20.392+0000] {processor.py:154} INFO - Started process (PID=724) to work on /home/airflow/.local/lib/python3.7/site-packages/airflow/example_dags/example_branch_operator.py
[2022-11-28T15:44:20.398+0000] {processor.py:756} INFO - Processing file /home/airflow/.local/lib/python3.7/site-packages/airflow/example_dags/example_branch_operator.py for tasks to queue
[2022-11-28T15:44:20.399+0000] {logging_mixin.py:137} INFO - [2022-11-28T15:44:20.399+0000] {dagbag.py:537} INFO - Filling up the DagBag from /home/airflow/.local/lib/python3.7/site-packages/airflow/example_dags/example_branch_operator.py
[2022-11-28T15:44:20.448+0000] {processor.py:766} INFO - DAG(s) dict_keys(['example_branch_operator']) retrieved from /home/airflow/.local/lib/python3.7/site-packages/airflow/example_dags/example_branch_operator.py
[2022-11-28T15:44:20.581+0000] {logging_mixin.py:137} INFO - [2022-11-28T15:44:20.581+0000] {dag.py:2585} INFO - Sync 1 DAGs
[2022-11-28T15:44:20.625+0000] {logging_mixin.py:137} INFO - [2022-11-28T15:44:20.625+0000] {dag.py:3340} INFO - Setting next_dagrun for example_branch_operator to 2022-11-27T00:00:00+00:00, run_after=2022-11-28T00:00:00+00:00
[2022-11-28T15:44:20.667+0000] {processor.py:176} INFO - Processing /home/airflow/.local/lib/python3.7/site-packages/airflow/example_dags/example_branch_operator.py took 0.279 seconds
[2022-11-28T15:44:51.129+0000] {processor.py:154} INFO - Started process (PID=787) to work on /home/airflow/.local/lib/python3.7/site-packages/airflow/example_dags/example_branch_operator.py
[2022-11-28T15:44:51.131+0000] {processor.py:756} INFO - Processing file /home/airflow/.local/lib/python3.7/site-packages/airflow/example_dags/example_branch_operator.py for tasks to queue
[2022-11-28T15:44:51.132+0000] {logging_mixin.py:137} INFO - [2022-11-28T15:44:51.132+0000] {dagbag.py:537} INFO - Filling up the DagBag from /home/airflow/.local/lib/python3.7/site-packages/airflow/example_dags/example_branch_operator.py
[2022-11-28T15:44:51.145+0000] {processor.py:766} INFO - DAG(s) dict_keys(['example_branch_operator']) retrieved from /home/airflow/.local/lib/python3.7/site-packages/airflow/example_dags/example_branch_operator.py
[2022-11-28T15:44:51.180+0000] {logging_mixin.py:137} INFO - [2022-11-28T15:44:51.180+0000] {dag.py:2585} INFO - Sync 1 DAGs
[2022-11-28T15:44:51.199+0000] {logging_mixin.py:137} INFO - [2022-11-28T15:44:51.199+0000] {dag.py:3340} INFO - Setting next_dagrun for example_branch_operator to 2022-11-27T00:00:00+00:00, run_after=2022-11-28T00:00:00+00:00
[2022-11-28T15:44:51.214+0000] {processor.py:176} INFO - Processing /home/airflow/.local/lib/python3.7/site-packages/airflow/example_dags/example_branch_operator.py took 0.087 seconds
[2022-11-28T15:45:22.159+0000] {processor.py:154} INFO - Started process (PID=850) to work on /home/airflow/.local/lib/python3.7/site-packages/airflow/example_dags/example_branch_operator.py
[2022-11-28T15:45:22.160+0000] {processor.py:756} INFO - Processing file /home/airflow/.local/lib/python3.7/site-packages/airflow/example_dags/example_branch_operator.py for tasks to queue
[2022-11-28T15:45:22.162+0000] {logging_mixin.py:137} INFO - [2022-11-28T15:45:22.162+0000] {dagbag.py:537} INFO - Filling up the DagBag from /home/airflow/.local/lib/python3.7/site-packages/airflow/example_dags/example_branch_operator.py
[2022-11-28T15:45:22.176+0000] {processor.py:766} INFO - DAG(s) dict_keys(['example_branch_operator']) retrieved from /home/airflow/.local/lib/python3.7/site-packages/airflow/example_dags/example_branch_operator.py
[2022-11-28T15:45:22.216+0000] {logging_mixin.py:137} INFO - [2022-11-28T15:45:22.215+0000] {dag.py:2585} INFO - Sync 1 DAGs
[2022-11-28T15:45:22.235+0000] {logging_mixin.py:137} INFO - [2022-11-28T15:45:22.235+0000] {dag.py:3340} INFO - Setting next_dagrun for example_branch_operator to 2022-11-27T00:00:00+00:00, run_after=2022-11-28T00:00:00+00:00
[2022-11-28T15:45:22.253+0000] {processor.py:176} INFO - Processing /home/airflow/.local/lib/python3.7/site-packages/airflow/example_dags/example_branch_operator.py took 0.097 seconds
[2022-11-28T15:45:52.882+0000] {processor.py:154} INFO - Started process (PID=906) to work on /home/airflow/.local/lib/python3.7/site-packages/airflow/example_dags/example_branch_operator.py
[2022-11-28T15:45:52.883+0000] {processor.py:756} INFO - Processing file /home/airflow/.local/lib/python3.7/site-packages/airflow/example_dags/example_branch_operator.py for tasks to queue
[2022-11-28T15:45:52.885+0000] {logging_mixin.py:137} INFO - [2022-11-28T15:45:52.885+0000] {dagbag.py:537} INFO - Filling up the DagBag from /home/airflow/.local/lib/python3.7/site-packages/airflow/example_dags/example_branch_operator.py
[2022-11-28T15:45:52.897+0000] {processor.py:766} INFO - DAG(s) dict_keys(['example_branch_operator']) retrieved from /home/airflow/.local/lib/python3.7/site-packages/airflow/example_dags/example_branch_operator.py
[2022-11-28T15:45:52.930+0000] {logging_mixin.py:137} INFO - [2022-11-28T15:45:52.930+0000] {dag.py:2585} INFO - Sync 1 DAGs
[2022-11-28T15:45:52.947+0000] {logging_mixin.py:137} INFO - [2022-11-28T15:45:52.947+0000] {dag.py:3340} INFO - Setting next_dagrun for example_branch_operator to 2022-11-27T00:00:00+00:00, run_after=2022-11-28T00:00:00+00:00
[2022-11-28T15:45:52.960+0000] {processor.py:176} INFO - Processing /home/airflow/.local/lib/python3.7/site-packages/airflow/example_dags/example_branch_operator.py took 0.081 seconds
[2022-11-28T15:46:23.592+0000] {processor.py:154} INFO - Started process (PID=970) to work on /home/airflow/.local/lib/python3.7/site-packages/airflow/example_dags/example_branch_operator.py
[2022-11-28T15:46:23.594+0000] {processor.py:756} INFO - Processing file /home/airflow/.local/lib/python3.7/site-packages/airflow/example_dags/example_branch_operator.py for tasks to queue
[2022-11-28T15:46:23.595+0000] {logging_mixin.py:137} INFO - [2022-11-28T15:46:23.595+0000] {dagbag.py:537} INFO - Filling up the DagBag from /home/airflow/.local/lib/python3.7/site-packages/airflow/example_dags/example_branch_operator.py
[2022-11-28T15:46:23.608+0000] {processor.py:766} INFO - DAG(s) dict_keys(['example_branch_operator']) retrieved from /home/airflow/.local/lib/python3.7/site-packages/airflow/example_dags/example_branch_operator.py
[2022-11-28T15:46:23.636+0000] {logging_mixin.py:137} INFO - [2022-11-28T15:46:23.636+0000] {dag.py:2585} INFO - Sync 1 DAGs
[2022-11-28T15:46:23.652+0000] {logging_mixin.py:137} INFO - [2022-11-28T15:46:23.652+0000] {dag.py:3340} INFO - Setting next_dagrun for example_branch_operator to 2022-11-27T00:00:00+00:00, run_after=2022-11-28T00:00:00+00:00
[2022-11-28T15:46:23.663+0000] {processor.py:176} INFO - Processing /home/airflow/.local/lib/python3.7/site-packages/airflow/example_dags/example_branch_operator.py took 0.074 seconds
[2022-11-28T15:46:54.436+0000] {processor.py:154} INFO - Started process (PID=1033) to work on /home/airflow/.local/lib/python3.7/site-packages/airflow/example_dags/example_branch_operator.py
[2022-11-28T15:46:54.438+0000] {processor.py:756} INFO - Processing file /home/airflow/.local/lib/python3.7/site-packages/airflow/example_dags/example_branch_operator.py for tasks to queue
[2022-11-28T15:46:54.439+0000] {logging_mixin.py:137} INFO - [2022-11-28T15:46:54.439+0000] {dagbag.py:537} INFO - Filling up the DagBag from /home/airflow/.local/lib/python3.7/site-packages/airflow/example_dags/example_branch_operator.py
[2022-11-28T15:46:54.452+0000] {processor.py:766} INFO - DAG(s) dict_keys(['example_branch_operator']) retrieved from /home/airflow/.local/lib/python3.7/site-packages/airflow/example_dags/example_branch_operator.py
[2022-11-28T15:46:54.484+0000] {logging_mixin.py:137} INFO - [2022-11-28T15:46:54.484+0000] {dag.py:2585} INFO - Sync 1 DAGs
[2022-11-28T15:46:54.503+0000] {logging_mixin.py:137} INFO - [2022-11-28T15:46:54.503+0000] {dag.py:3340} INFO - Setting next_dagrun for example_branch_operator to 2022-11-27T00:00:00+00:00, run_after=2022-11-28T00:00:00+00:00
[2022-11-28T15:46:54.516+0000] {processor.py:176} INFO - Processing /home/airflow/.local/lib/python3.7/site-packages/airflow/example_dags/example_branch_operator.py took 0.083 seconds
[2022-11-28T15:47:25.203+0000] {processor.py:154} INFO - Started process (PID=1097) to work on /home/airflow/.local/lib/python3.7/site-packages/airflow/example_dags/example_branch_operator.py
[2022-11-28T15:47:25.205+0000] {processor.py:756} INFO - Processing file /home/airflow/.local/lib/python3.7/site-packages/airflow/example_dags/example_branch_operator.py for tasks to queue
[2022-11-28T15:47:25.206+0000] {logging_mixin.py:137} INFO - [2022-11-28T15:47:25.206+0000] {dagbag.py:537} INFO - Filling up the DagBag from /home/airflow/.local/lib/python3.7/site-packages/airflow/example_dags/example_branch_operator.py
[2022-11-28T15:47:25.217+0000] {processor.py:766} INFO - DAG(s) dict_keys(['example_branch_operator']) retrieved from /home/airflow/.local/lib/python3.7/site-packages/airflow/example_dags/example_branch_operator.py
[2022-11-28T15:47:25.243+0000] {logging_mixin.py:137} INFO - [2022-11-28T15:47:25.243+0000] {dag.py:2585} INFO - Sync 1 DAGs
[2022-11-28T15:47:25.259+0000] {logging_mixin.py:137} INFO - [2022-11-28T15:47:25.259+0000] {dag.py:3340} INFO - Setting next_dagrun for example_branch_operator to 2022-11-27T00:00:00+00:00, run_after=2022-11-28T00:00:00+00:00
[2022-11-28T15:47:25.273+0000] {processor.py:176} INFO - Processing /home/airflow/.local/lib/python3.7/site-packages/airflow/example_dags/example_branch_operator.py took 0.073 seconds
[2022-11-28T15:47:55.722+0000] {processor.py:154} INFO - Started process (PID=1162) to work on /home/airflow/.local/lib/python3.7/site-packages/airflow/example_dags/example_branch_operator.py
[2022-11-28T15:47:55.725+0000] {processor.py:756} INFO - Processing file /home/airflow/.local/lib/python3.7/site-packages/airflow/example_dags/example_branch_operator.py for tasks to queue
[2022-11-28T15:47:55.727+0000] {logging_mixin.py:137} INFO - [2022-11-28T15:47:55.727+0000] {dagbag.py:537} INFO - Filling up the DagBag from /home/airflow/.local/lib/python3.7/site-packages/airflow/example_dags/example_branch_operator.py
[2022-11-28T15:47:55.752+0000] {processor.py:766} INFO - DAG(s) dict_keys(['example_branch_operator']) retrieved from /home/airflow/.local/lib/python3.7/site-packages/airflow/example_dags/example_branch_operator.py
[2022-11-28T15:47:55.788+0000] {logging_mixin.py:137} INFO - [2022-11-28T15:47:55.788+0000] {dag.py:2585} INFO - Sync 1 DAGs
[2022-11-28T15:47:55.812+0000] {logging_mixin.py:137} INFO - [2022-11-28T15:47:55.812+0000] {dag.py:3340} INFO - Setting next_dagrun for example_branch_operator to 2022-11-27T00:00:00+00:00, run_after=2022-11-28T00:00:00+00:00
[2022-11-28T15:47:55.831+0000] {processor.py:176} INFO - Processing /home/airflow/.local/lib/python3.7/site-packages/airflow/example_dags/example_branch_operator.py took 0.111 seconds
[2022-11-28T15:48:26.731+0000] {processor.py:154} INFO - Started process (PID=1226) to work on /home/airflow/.local/lib/python3.7/site-packages/airflow/example_dags/example_branch_operator.py
[2022-11-28T15:48:26.733+0000] {processor.py:756} INFO - Processing file /home/airflow/.local/lib/python3.7/site-packages/airflow/example_dags/example_branch_operator.py for tasks to queue
[2022-11-28T15:48:26.734+0000] {logging_mixin.py:137} INFO - [2022-11-28T15:48:26.734+0000] {dagbag.py:537} INFO - Filling up the DagBag from /home/airflow/.local/lib/python3.7/site-packages/airflow/example_dags/example_branch_operator.py
[2022-11-28T15:48:26.750+0000] {processor.py:766} INFO - DAG(s) dict_keys(['example_branch_operator']) retrieved from /home/airflow/.local/lib/python3.7/site-packages/airflow/example_dags/example_branch_operator.py
[2022-11-28T15:48:26.791+0000] {logging_mixin.py:137} INFO - [2022-11-28T15:48:26.791+0000] {dag.py:2585} INFO - Sync 1 DAGs
[2022-11-28T15:48:26.809+0000] {logging_mixin.py:137} INFO - [2022-11-28T15:48:26.809+0000] {dag.py:3340} INFO - Setting next_dagrun for example_branch_operator to 2022-11-27T00:00:00+00:00, run_after=2022-11-28T00:00:00+00:00
[2022-11-28T15:48:26.823+0000] {processor.py:176} INFO - Processing /home/airflow/.local/lib/python3.7/site-packages/airflow/example_dags/example_branch_operator.py took 0.095 seconds
[2022-11-28T15:48:57.583+0000] {processor.py:154} INFO - Started process (PID=1280) to work on /home/airflow/.local/lib/python3.7/site-packages/airflow/example_dags/example_branch_operator.py
[2022-11-28T15:48:57.585+0000] {processor.py:756} INFO - Processing file /home/airflow/.local/lib/python3.7/site-packages/airflow/example_dags/example_branch_operator.py for tasks to queue
[2022-11-28T15:48:57.586+0000] {logging_mixin.py:137} INFO - [2022-11-28T15:48:57.586+0000] {dagbag.py:537} INFO - Filling up the DagBag from /home/airflow/.local/lib/python3.7/site-packages/airflow/example_dags/example_branch_operator.py
[2022-11-28T15:48:57.599+0000] {processor.py:766} INFO - DAG(s) dict_keys(['example_branch_operator']) retrieved from /home/airflow/.local/lib/python3.7/site-packages/airflow/example_dags/example_branch_operator.py
[2022-11-28T15:48:57.628+0000] {logging_mixin.py:137} INFO - [2022-11-28T15:48:57.628+0000] {dag.py:2585} INFO - Sync 1 DAGs
[2022-11-28T15:48:57.648+0000] {logging_mixin.py:137} INFO - [2022-11-28T15:48:57.648+0000] {dag.py:3340} INFO - Setting next_dagrun for example_branch_operator to 2022-11-27T00:00:00+00:00, run_after=2022-11-28T00:00:00+00:00
[2022-11-28T15:48:57.663+0000] {processor.py:176} INFO - Processing /home/airflow/.local/lib/python3.7/site-packages/airflow/example_dags/example_branch_operator.py took 0.082 seconds
[2022-11-28T15:49:28.248+0000] {processor.py:154} INFO - Started process (PID=1343) to work on /home/airflow/.local/lib/python3.7/site-packages/airflow/example_dags/example_branch_operator.py
[2022-11-28T15:49:28.250+0000] {processor.py:756} INFO - Processing file /home/airflow/.local/lib/python3.7/site-packages/airflow/example_dags/example_branch_operator.py for tasks to queue
[2022-11-28T15:49:28.251+0000] {logging_mixin.py:137} INFO - [2022-11-28T15:49:28.251+0000] {dagbag.py:537} INFO - Filling up the DagBag from /home/airflow/.local/lib/python3.7/site-packages/airflow/example_dags/example_branch_operator.py
[2022-11-28T15:49:28.263+0000] {processor.py:766} INFO - DAG(s) dict_keys(['example_branch_operator']) retrieved from /home/airflow/.local/lib/python3.7/site-packages/airflow/example_dags/example_branch_operator.py
[2022-11-28T15:49:28.297+0000] {logging_mixin.py:137} INFO - [2022-11-28T15:49:28.296+0000] {dag.py:2585} INFO - Sync 1 DAGs
[2022-11-28T15:49:28.312+0000] {logging_mixin.py:137} INFO - [2022-11-28T15:49:28.312+0000] {dag.py:3340} INFO - Setting next_dagrun for example_branch_operator to 2022-11-27T00:00:00+00:00, run_after=2022-11-28T00:00:00+00:00
[2022-11-28T15:49:28.325+0000] {processor.py:176} INFO - Processing /home/airflow/.local/lib/python3.7/site-packages/airflow/example_dags/example_branch_operator.py took 0.080 seconds
