[2022-11-28T15:35:19.695+0000] {processor.py:154} INFO - Started process (PID=69) to work on /home/airflow/.local/lib/python3.7/site-packages/airflow/example_dags/example_nested_branch_dag.py
[2022-11-28T15:35:19.701+0000] {processor.py:756} INFO - Processing file /home/airflow/.local/lib/python3.7/site-packages/airflow/example_dags/example_nested_branch_dag.py for tasks to queue
[2022-11-28T15:35:19.704+0000] {logging_mixin.py:137} INFO - [2022-11-28T15:35:19.704+0000] {dagbag.py:537} INFO - Filling up the DagBag from /home/airflow/.local/lib/python3.7/site-packages/airflow/example_dags/example_nested_branch_dag.py
[2022-11-28T15:35:19.735+0000] {processor.py:766} INFO - DAG(s) dict_keys(['example_nested_branch_dag']) retrieved from /home/airflow/.local/lib/python3.7/site-packages/airflow/example_dags/example_nested_branch_dag.py
[2022-11-28T15:35:19.775+0000] {logging_mixin.py:137} INFO - [2022-11-28T15:35:19.775+0000] {dag.py:2585} INFO - Sync 1 DAGs
[2022-11-28T15:35:19.812+0000] {logging_mixin.py:137} INFO - [2022-11-28T15:35:19.812+0000] {dag.py:3340} INFO - Setting next_dagrun for example_nested_branch_dag to 2022-11-27T00:00:00+00:00, run_after=2022-11-28T00:00:00+00:00
[2022-11-28T15:35:19.855+0000] {processor.py:176} INFO - Processing /home/airflow/.local/lib/python3.7/site-packages/airflow/example_dags/example_nested_branch_dag.py took 0.163 seconds
[2022-11-28T15:35:50.126+0000] {processor.py:154} INFO - Started process (PID=123) to work on /home/airflow/.local/lib/python3.7/site-packages/airflow/example_dags/example_nested_branch_dag.py
[2022-11-28T15:35:50.128+0000] {processor.py:756} INFO - Processing file /home/airflow/.local/lib/python3.7/site-packages/airflow/example_dags/example_nested_branch_dag.py for tasks to queue
[2022-11-28T15:35:50.130+0000] {logging_mixin.py:137} INFO - [2022-11-28T15:35:50.130+0000] {dagbag.py:537} INFO - Filling up the DagBag from /home/airflow/.local/lib/python3.7/site-packages/airflow/example_dags/example_nested_branch_dag.py
[2022-11-28T15:35:50.154+0000] {processor.py:766} INFO - DAG(s) dict_keys(['example_nested_branch_dag']) retrieved from /home/airflow/.local/lib/python3.7/site-packages/airflow/example_dags/example_nested_branch_dag.py
[2022-11-28T15:35:50.188+0000] {logging_mixin.py:137} INFO - [2022-11-28T15:35:50.188+0000] {dag.py:2585} INFO - Sync 1 DAGs
[2022-11-28T15:35:50.206+0000] {logging_mixin.py:137} INFO - [2022-11-28T15:35:50.206+0000] {dag.py:3340} INFO - Setting next_dagrun for example_nested_branch_dag to 2022-11-27T00:00:00+00:00, run_after=2022-11-28T00:00:00+00:00
[2022-11-28T15:35:50.220+0000] {processor.py:176} INFO - Processing /home/airflow/.local/lib/python3.7/site-packages/airflow/example_dags/example_nested_branch_dag.py took 0.097 seconds
[2022-11-28T15:36:20.257+0000] {processor.py:154} INFO - Started process (PID=187) to work on /home/airflow/.local/lib/python3.7/site-packages/airflow/example_dags/example_nested_branch_dag.py
[2022-11-28T15:36:20.260+0000] {processor.py:756} INFO - Processing file /home/airflow/.local/lib/python3.7/site-packages/airflow/example_dags/example_nested_branch_dag.py for tasks to queue
[2022-11-28T15:36:20.261+0000] {logging_mixin.py:137} INFO - [2022-11-28T15:36:20.261+0000] {dagbag.py:537} INFO - Filling up the DagBag from /home/airflow/.local/lib/python3.7/site-packages/airflow/example_dags/example_nested_branch_dag.py
[2022-11-28T15:36:20.282+0000] {processor.py:766} INFO - DAG(s) dict_keys(['example_nested_branch_dag']) retrieved from /home/airflow/.local/lib/python3.7/site-packages/airflow/example_dags/example_nested_branch_dag.py
[2022-11-28T15:36:20.318+0000] {logging_mixin.py:137} INFO - [2022-11-28T15:36:20.318+0000] {dag.py:2585} INFO - Sync 1 DAGs
[2022-11-28T15:36:20.341+0000] {logging_mixin.py:137} INFO - [2022-11-28T15:36:20.341+0000] {dag.py:3340} INFO - Setting next_dagrun for example_nested_branch_dag to 2022-11-27T00:00:00+00:00, run_after=2022-11-28T00:00:00+00:00
[2022-11-28T15:36:20.356+0000] {processor.py:176} INFO - Processing /home/airflow/.local/lib/python3.7/site-packages/airflow/example_dags/example_nested_branch_dag.py took 0.101 seconds
[2022-11-28T15:38:44.676+0000] {processor.py:154} INFO - Started process (PID=61) to work on /home/airflow/.local/lib/python3.7/site-packages/airflow/example_dags/example_nested_branch_dag.py
[2022-11-28T15:38:44.678+0000] {processor.py:756} INFO - Processing file /home/airflow/.local/lib/python3.7/site-packages/airflow/example_dags/example_nested_branch_dag.py for tasks to queue
[2022-11-28T15:38:44.680+0000] {logging_mixin.py:137} INFO - [2022-11-28T15:38:44.680+0000] {dagbag.py:537} INFO - Filling up the DagBag from /home/airflow/.local/lib/python3.7/site-packages/airflow/example_dags/example_nested_branch_dag.py
[2022-11-28T15:38:44.696+0000] {processor.py:766} INFO - DAG(s) dict_keys(['example_nested_branch_dag']) retrieved from /home/airflow/.local/lib/python3.7/site-packages/airflow/example_dags/example_nested_branch_dag.py
[2022-11-28T15:38:44.718+0000] {logging_mixin.py:137} INFO - [2022-11-28T15:38:44.718+0000] {dag.py:2585} INFO - Sync 1 DAGs
[2022-11-28T15:38:44.739+0000] {logging_mixin.py:137} INFO - [2022-11-28T15:38:44.739+0000] {dag.py:3340} INFO - Setting next_dagrun for example_nested_branch_dag to 2022-11-27T00:00:00+00:00, run_after=2022-11-28T00:00:00+00:00
[2022-11-28T15:38:44.764+0000] {processor.py:176} INFO - Processing /home/airflow/.local/lib/python3.7/site-packages/airflow/example_dags/example_nested_branch_dag.py took 0.089 seconds
[2022-11-28T15:39:15.685+0000] {processor.py:154} INFO - Started process (PID=123) to work on /home/airflow/.local/lib/python3.7/site-packages/airflow/example_dags/example_nested_branch_dag.py
[2022-11-28T15:39:15.687+0000] {processor.py:756} INFO - Processing file /home/airflow/.local/lib/python3.7/site-packages/airflow/example_dags/example_nested_branch_dag.py for tasks to queue
[2022-11-28T15:39:15.690+0000] {logging_mixin.py:137} INFO - [2022-11-28T15:39:15.690+0000] {dagbag.py:537} INFO - Filling up the DagBag from /home/airflow/.local/lib/python3.7/site-packages/airflow/example_dags/example_nested_branch_dag.py
[2022-11-28T15:39:15.711+0000] {processor.py:766} INFO - DAG(s) dict_keys(['example_nested_branch_dag']) retrieved from /home/airflow/.local/lib/python3.7/site-packages/airflow/example_dags/example_nested_branch_dag.py
[2022-11-28T15:39:15.747+0000] {logging_mixin.py:137} INFO - [2022-11-28T15:39:15.747+0000] {dag.py:2585} INFO - Sync 1 DAGs
[2022-11-28T15:39:15.767+0000] {logging_mixin.py:137} INFO - [2022-11-28T15:39:15.767+0000] {dag.py:3340} INFO - Setting next_dagrun for example_nested_branch_dag to 2022-11-27T00:00:00+00:00, run_after=2022-11-28T00:00:00+00:00
[2022-11-28T15:39:15.785+0000] {processor.py:176} INFO - Processing /home/airflow/.local/lib/python3.7/site-packages/airflow/example_dags/example_nested_branch_dag.py took 0.103 seconds
[2022-11-28T15:39:46.114+0000] {processor.py:154} INFO - Started process (PID=187) to work on /home/airflow/.local/lib/python3.7/site-packages/airflow/example_dags/example_nested_branch_dag.py
[2022-11-28T15:39:46.115+0000] {processor.py:756} INFO - Processing file /home/airflow/.local/lib/python3.7/site-packages/airflow/example_dags/example_nested_branch_dag.py for tasks to queue
[2022-11-28T15:39:46.117+0000] {logging_mixin.py:137} INFO - [2022-11-28T15:39:46.116+0000] {dagbag.py:537} INFO - Filling up the DagBag from /home/airflow/.local/lib/python3.7/site-packages/airflow/example_dags/example_nested_branch_dag.py
[2022-11-28T15:39:46.132+0000] {processor.py:766} INFO - DAG(s) dict_keys(['example_nested_branch_dag']) retrieved from /home/airflow/.local/lib/python3.7/site-packages/airflow/example_dags/example_nested_branch_dag.py
[2022-11-28T15:39:46.158+0000] {logging_mixin.py:137} INFO - [2022-11-28T15:39:46.158+0000] {dag.py:2585} INFO - Sync 1 DAGs
[2022-11-28T15:39:46.174+0000] {logging_mixin.py:137} INFO - [2022-11-28T15:39:46.174+0000] {dag.py:3340} INFO - Setting next_dagrun for example_nested_branch_dag to 2022-11-27T00:00:00+00:00, run_after=2022-11-28T00:00:00+00:00
[2022-11-28T15:39:46.187+0000] {processor.py:176} INFO - Processing /home/airflow/.local/lib/python3.7/site-packages/airflow/example_dags/example_nested_branch_dag.py took 0.075 seconds
[2022-11-28T15:40:16.309+0000] {processor.py:154} INFO - Started process (PID=250) to work on /home/airflow/.local/lib/python3.7/site-packages/airflow/example_dags/example_nested_branch_dag.py
[2022-11-28T15:40:16.316+0000] {processor.py:756} INFO - Processing file /home/airflow/.local/lib/python3.7/site-packages/airflow/example_dags/example_nested_branch_dag.py for tasks to queue
[2022-11-28T15:40:16.317+0000] {logging_mixin.py:137} INFO - [2022-11-28T15:40:16.317+0000] {dagbag.py:537} INFO - Filling up the DagBag from /home/airflow/.local/lib/python3.7/site-packages/airflow/example_dags/example_nested_branch_dag.py
[2022-11-28T15:40:16.337+0000] {processor.py:766} INFO - DAG(s) dict_keys(['example_nested_branch_dag']) retrieved from /home/airflow/.local/lib/python3.7/site-packages/airflow/example_dags/example_nested_branch_dag.py
[2022-11-28T15:40:16.374+0000] {logging_mixin.py:137} INFO - [2022-11-28T15:40:16.374+0000] {dag.py:2585} INFO - Sync 1 DAGs
[2022-11-28T15:40:16.391+0000] {logging_mixin.py:137} INFO - [2022-11-28T15:40:16.391+0000] {dag.py:3340} INFO - Setting next_dagrun for example_nested_branch_dag to 2022-11-27T00:00:00+00:00, run_after=2022-11-28T00:00:00+00:00
[2022-11-28T15:40:16.403+0000] {processor.py:176} INFO - Processing /home/airflow/.local/lib/python3.7/site-packages/airflow/example_dags/example_nested_branch_dag.py took 0.098 seconds
[2022-11-28T15:40:47.049+0000] {processor.py:154} INFO - Started process (PID=304) to work on /home/airflow/.local/lib/python3.7/site-packages/airflow/example_dags/example_nested_branch_dag.py
[2022-11-28T15:40:47.052+0000] {processor.py:756} INFO - Processing file /home/airflow/.local/lib/python3.7/site-packages/airflow/example_dags/example_nested_branch_dag.py for tasks to queue
[2022-11-28T15:40:47.053+0000] {logging_mixin.py:137} INFO - [2022-11-28T15:40:47.053+0000] {dagbag.py:537} INFO - Filling up the DagBag from /home/airflow/.local/lib/python3.7/site-packages/airflow/example_dags/example_nested_branch_dag.py
[2022-11-28T15:40:47.068+0000] {processor.py:766} INFO - DAG(s) dict_keys(['example_nested_branch_dag']) retrieved from /home/airflow/.local/lib/python3.7/site-packages/airflow/example_dags/example_nested_branch_dag.py
[2022-11-28T15:40:47.096+0000] {logging_mixin.py:137} INFO - [2022-11-28T15:40:47.096+0000] {dag.py:2585} INFO - Sync 1 DAGs
[2022-11-28T15:40:47.115+0000] {logging_mixin.py:137} INFO - [2022-11-28T15:40:47.115+0000] {dag.py:3340} INFO - Setting next_dagrun for example_nested_branch_dag to 2022-11-27T00:00:00+00:00, run_after=2022-11-28T00:00:00+00:00
[2022-11-28T15:40:47.127+0000] {processor.py:176} INFO - Processing /home/airflow/.local/lib/python3.7/site-packages/airflow/example_dags/example_nested_branch_dag.py took 0.081 seconds
[2022-11-28T15:41:18.568+0000] {processor.py:154} INFO - Started process (PID=365) to work on /home/airflow/.local/lib/python3.7/site-packages/airflow/example_dags/example_nested_branch_dag.py
[2022-11-28T15:41:18.570+0000] {processor.py:756} INFO - Processing file /home/airflow/.local/lib/python3.7/site-packages/airflow/example_dags/example_nested_branch_dag.py for tasks to queue
[2022-11-28T15:41:18.572+0000] {logging_mixin.py:137} INFO - [2022-11-28T15:41:18.571+0000] {dagbag.py:537} INFO - Filling up the DagBag from /home/airflow/.local/lib/python3.7/site-packages/airflow/example_dags/example_nested_branch_dag.py
[2022-11-28T15:41:18.590+0000] {processor.py:766} INFO - DAG(s) dict_keys(['example_nested_branch_dag']) retrieved from /home/airflow/.local/lib/python3.7/site-packages/airflow/example_dags/example_nested_branch_dag.py
[2022-11-28T15:41:18.624+0000] {logging_mixin.py:137} INFO - [2022-11-28T15:41:18.624+0000] {dag.py:2585} INFO - Sync 1 DAGs
[2022-11-28T15:41:18.642+0000] {logging_mixin.py:137} INFO - [2022-11-28T15:41:18.642+0000] {dag.py:3340} INFO - Setting next_dagrun for example_nested_branch_dag to 2022-11-27T00:00:00+00:00, run_after=2022-11-28T00:00:00+00:00
[2022-11-28T15:41:18.656+0000] {processor.py:176} INFO - Processing /home/airflow/.local/lib/python3.7/site-packages/airflow/example_dags/example_nested_branch_dag.py took 0.091 seconds
[2022-11-28T15:41:49.293+0000] {processor.py:154} INFO - Started process (PID=428) to work on /home/airflow/.local/lib/python3.7/site-packages/airflow/example_dags/example_nested_branch_dag.py
[2022-11-28T15:41:49.295+0000] {processor.py:756} INFO - Processing file /home/airflow/.local/lib/python3.7/site-packages/airflow/example_dags/example_nested_branch_dag.py for tasks to queue
[2022-11-28T15:41:49.297+0000] {logging_mixin.py:137} INFO - [2022-11-28T15:41:49.297+0000] {dagbag.py:537} INFO - Filling up the DagBag from /home/airflow/.local/lib/python3.7/site-packages/airflow/example_dags/example_nested_branch_dag.py
[2022-11-28T15:41:49.315+0000] {processor.py:766} INFO - DAG(s) dict_keys(['example_nested_branch_dag']) retrieved from /home/airflow/.local/lib/python3.7/site-packages/airflow/example_dags/example_nested_branch_dag.py
[2022-11-28T15:41:49.355+0000] {logging_mixin.py:137} INFO - [2022-11-28T15:41:49.354+0000] {dag.py:2585} INFO - Sync 1 DAGs
[2022-11-28T15:41:49.386+0000] {logging_mixin.py:137} INFO - [2022-11-28T15:41:49.386+0000] {dag.py:3340} INFO - Setting next_dagrun for example_nested_branch_dag to 2022-11-27T00:00:00+00:00, run_after=2022-11-28T00:00:00+00:00
[2022-11-28T15:41:49.401+0000] {processor.py:176} INFO - Processing /home/airflow/.local/lib/python3.7/site-packages/airflow/example_dags/example_nested_branch_dag.py took 0.110 seconds
[2022-11-28T15:42:19.867+0000] {processor.py:154} INFO - Started process (PID=491) to work on /home/airflow/.local/lib/python3.7/site-packages/airflow/example_dags/example_nested_branch_dag.py
[2022-11-28T15:42:19.869+0000] {processor.py:756} INFO - Processing file /home/airflow/.local/lib/python3.7/site-packages/airflow/example_dags/example_nested_branch_dag.py for tasks to queue
[2022-11-28T15:42:19.870+0000] {logging_mixin.py:137} INFO - [2022-11-28T15:42:19.870+0000] {dagbag.py:537} INFO - Filling up the DagBag from /home/airflow/.local/lib/python3.7/site-packages/airflow/example_dags/example_nested_branch_dag.py
[2022-11-28T15:42:19.886+0000] {processor.py:766} INFO - DAG(s) dict_keys(['example_nested_branch_dag']) retrieved from /home/airflow/.local/lib/python3.7/site-packages/airflow/example_dags/example_nested_branch_dag.py
[2022-11-28T15:42:19.915+0000] {logging_mixin.py:137} INFO - [2022-11-28T15:42:19.915+0000] {dag.py:2585} INFO - Sync 1 DAGs
[2022-11-28T15:42:19.932+0000] {logging_mixin.py:137} INFO - [2022-11-28T15:42:19.932+0000] {dag.py:3340} INFO - Setting next_dagrun for example_nested_branch_dag to 2022-11-27T00:00:00+00:00, run_after=2022-11-28T00:00:00+00:00
[2022-11-28T15:42:19.946+0000] {processor.py:176} INFO - Processing /home/airflow/.local/lib/python3.7/site-packages/airflow/example_dags/example_nested_branch_dag.py took 0.081 seconds
[2022-11-28T15:42:50.298+0000] {processor.py:154} INFO - Started process (PID=553) to work on /home/airflow/.local/lib/python3.7/site-packages/airflow/example_dags/example_nested_branch_dag.py
[2022-11-28T15:42:50.300+0000] {processor.py:756} INFO - Processing file /home/airflow/.local/lib/python3.7/site-packages/airflow/example_dags/example_nested_branch_dag.py for tasks to queue
[2022-11-28T15:42:50.302+0000] {logging_mixin.py:137} INFO - [2022-11-28T15:42:50.301+0000] {dagbag.py:537} INFO - Filling up the DagBag from /home/airflow/.local/lib/python3.7/site-packages/airflow/example_dags/example_nested_branch_dag.py
[2022-11-28T15:42:50.320+0000] {processor.py:766} INFO - DAG(s) dict_keys(['example_nested_branch_dag']) retrieved from /home/airflow/.local/lib/python3.7/site-packages/airflow/example_dags/example_nested_branch_dag.py
[2022-11-28T15:42:50.357+0000] {logging_mixin.py:137} INFO - [2022-11-28T15:42:50.357+0000] {dag.py:2585} INFO - Sync 1 DAGs
[2022-11-28T15:42:50.376+0000] {logging_mixin.py:137} INFO - [2022-11-28T15:42:50.376+0000] {dag.py:3340} INFO - Setting next_dagrun for example_nested_branch_dag to 2022-11-27T00:00:00+00:00, run_after=2022-11-28T00:00:00+00:00
[2022-11-28T15:42:50.393+0000] {processor.py:176} INFO - Processing /home/airflow/.local/lib/python3.7/site-packages/airflow/example_dags/example_nested_branch_dag.py took 0.098 seconds
[2022-11-28T15:43:21.090+0000] {processor.py:154} INFO - Started process (PID=613) to work on /home/airflow/.local/lib/python3.7/site-packages/airflow/example_dags/example_nested_branch_dag.py
[2022-11-28T15:43:21.091+0000] {processor.py:756} INFO - Processing file /home/airflow/.local/lib/python3.7/site-packages/airflow/example_dags/example_nested_branch_dag.py for tasks to queue
[2022-11-28T15:43:21.092+0000] {logging_mixin.py:137} INFO - [2022-11-28T15:43:21.092+0000] {dagbag.py:537} INFO - Filling up the DagBag from /home/airflow/.local/lib/python3.7/site-packages/airflow/example_dags/example_nested_branch_dag.py
[2022-11-28T15:43:21.110+0000] {processor.py:766} INFO - DAG(s) dict_keys(['example_nested_branch_dag']) retrieved from /home/airflow/.local/lib/python3.7/site-packages/airflow/example_dags/example_nested_branch_dag.py
[2022-11-28T15:43:21.141+0000] {logging_mixin.py:137} INFO - [2022-11-28T15:43:21.141+0000] {dag.py:2585} INFO - Sync 1 DAGs
[2022-11-28T15:43:21.162+0000] {logging_mixin.py:137} INFO - [2022-11-28T15:43:21.162+0000] {dag.py:3340} INFO - Setting next_dagrun for example_nested_branch_dag to 2022-11-27T00:00:00+00:00, run_after=2022-11-28T00:00:00+00:00
[2022-11-28T15:43:21.180+0000] {processor.py:176} INFO - Processing /home/airflow/.local/lib/python3.7/site-packages/airflow/example_dags/example_nested_branch_dag.py took 0.093 seconds
[2022-11-28T15:43:52.233+0000] {processor.py:154} INFO - Started process (PID=670) to work on /home/airflow/.local/lib/python3.7/site-packages/airflow/example_dags/example_nested_branch_dag.py
[2022-11-28T15:43:52.234+0000] {processor.py:756} INFO - Processing file /home/airflow/.local/lib/python3.7/site-packages/airflow/example_dags/example_nested_branch_dag.py for tasks to queue
[2022-11-28T15:43:52.235+0000] {logging_mixin.py:137} INFO - [2022-11-28T15:43:52.235+0000] {dagbag.py:537} INFO - Filling up the DagBag from /home/airflow/.local/lib/python3.7/site-packages/airflow/example_dags/example_nested_branch_dag.py
[2022-11-28T15:43:52.251+0000] {processor.py:766} INFO - DAG(s) dict_keys(['example_nested_branch_dag']) retrieved from /home/airflow/.local/lib/python3.7/site-packages/airflow/example_dags/example_nested_branch_dag.py
[2022-11-28T15:43:52.279+0000] {logging_mixin.py:137} INFO - [2022-11-28T15:43:52.278+0000] {dag.py:2585} INFO - Sync 1 DAGs
[2022-11-28T15:43:52.296+0000] {logging_mixin.py:137} INFO - [2022-11-28T15:43:52.296+0000] {dag.py:3340} INFO - Setting next_dagrun for example_nested_branch_dag to 2022-11-27T00:00:00+00:00, run_after=2022-11-28T00:00:00+00:00
[2022-11-28T15:43:52.307+0000] {processor.py:176} INFO - Processing /home/airflow/.local/lib/python3.7/site-packages/airflow/example_dags/example_nested_branch_dag.py took 0.078 seconds
[2022-11-28T15:44:23.224+0000] {processor.py:154} INFO - Started process (PID=733) to work on /home/airflow/.local/lib/python3.7/site-packages/airflow/example_dags/example_nested_branch_dag.py
[2022-11-28T15:44:23.226+0000] {processor.py:756} INFO - Processing file /home/airflow/.local/lib/python3.7/site-packages/airflow/example_dags/example_nested_branch_dag.py for tasks to queue
[2022-11-28T15:44:23.227+0000] {logging_mixin.py:137} INFO - [2022-11-28T15:44:23.227+0000] {dagbag.py:537} INFO - Filling up the DagBag from /home/airflow/.local/lib/python3.7/site-packages/airflow/example_dags/example_nested_branch_dag.py
[2022-11-28T15:44:23.243+0000] {processor.py:766} INFO - DAG(s) dict_keys(['example_nested_branch_dag']) retrieved from /home/airflow/.local/lib/python3.7/site-packages/airflow/example_dags/example_nested_branch_dag.py
[2022-11-28T15:44:23.272+0000] {logging_mixin.py:137} INFO - [2022-11-28T15:44:23.272+0000] {dag.py:2585} INFO - Sync 1 DAGs
[2022-11-28T15:44:23.288+0000] {logging_mixin.py:137} INFO - [2022-11-28T15:44:23.288+0000] {dag.py:3340} INFO - Setting next_dagrun for example_nested_branch_dag to 2022-11-27T00:00:00+00:00, run_after=2022-11-28T00:00:00+00:00
[2022-11-28T15:44:23.301+0000] {processor.py:176} INFO - Processing /home/airflow/.local/lib/python3.7/site-packages/airflow/example_dags/example_nested_branch_dag.py took 0.079 seconds
[2022-11-28T15:44:53.809+0000] {processor.py:154} INFO - Started process (PID=796) to work on /home/airflow/.local/lib/python3.7/site-packages/airflow/example_dags/example_nested_branch_dag.py
[2022-11-28T15:44:53.810+0000] {processor.py:756} INFO - Processing file /home/airflow/.local/lib/python3.7/site-packages/airflow/example_dags/example_nested_branch_dag.py for tasks to queue
[2022-11-28T15:44:53.811+0000] {logging_mixin.py:137} INFO - [2022-11-28T15:44:53.811+0000] {dagbag.py:537} INFO - Filling up the DagBag from /home/airflow/.local/lib/python3.7/site-packages/airflow/example_dags/example_nested_branch_dag.py
[2022-11-28T15:44:53.827+0000] {processor.py:766} INFO - DAG(s) dict_keys(['example_nested_branch_dag']) retrieved from /home/airflow/.local/lib/python3.7/site-packages/airflow/example_dags/example_nested_branch_dag.py
[2022-11-28T15:44:53.855+0000] {logging_mixin.py:137} INFO - [2022-11-28T15:44:53.855+0000] {dag.py:2585} INFO - Sync 1 DAGs
[2022-11-28T15:44:53.871+0000] {logging_mixin.py:137} INFO - [2022-11-28T15:44:53.871+0000] {dag.py:3340} INFO - Setting next_dagrun for example_nested_branch_dag to 2022-11-27T00:00:00+00:00, run_after=2022-11-28T00:00:00+00:00
[2022-11-28T15:44:53.884+0000] {processor.py:176} INFO - Processing /home/airflow/.local/lib/python3.7/site-packages/airflow/example_dags/example_nested_branch_dag.py took 0.078 seconds
[2022-11-28T15:45:24.839+0000] {processor.py:154} INFO - Started process (PID=859) to work on /home/airflow/.local/lib/python3.7/site-packages/airflow/example_dags/example_nested_branch_dag.py
[2022-11-28T15:45:24.840+0000] {processor.py:756} INFO - Processing file /home/airflow/.local/lib/python3.7/site-packages/airflow/example_dags/example_nested_branch_dag.py for tasks to queue
[2022-11-28T15:45:24.842+0000] {logging_mixin.py:137} INFO - [2022-11-28T15:45:24.842+0000] {dagbag.py:537} INFO - Filling up the DagBag from /home/airflow/.local/lib/python3.7/site-packages/airflow/example_dags/example_nested_branch_dag.py
[2022-11-28T15:45:24.860+0000] {processor.py:766} INFO - DAG(s) dict_keys(['example_nested_branch_dag']) retrieved from /home/airflow/.local/lib/python3.7/site-packages/airflow/example_dags/example_nested_branch_dag.py
[2022-11-28T15:45:24.900+0000] {logging_mixin.py:137} INFO - [2022-11-28T15:45:24.900+0000] {dag.py:2585} INFO - Sync 1 DAGs
[2022-11-28T15:45:24.920+0000] {logging_mixin.py:137} INFO - [2022-11-28T15:45:24.920+0000] {dag.py:3340} INFO - Setting next_dagrun for example_nested_branch_dag to 2022-11-27T00:00:00+00:00, run_after=2022-11-28T00:00:00+00:00
[2022-11-28T15:45:24.942+0000] {processor.py:176} INFO - Processing /home/airflow/.local/lib/python3.7/site-packages/airflow/example_dags/example_nested_branch_dag.py took 0.107 seconds
[2022-11-28T15:45:55.445+0000] {processor.py:154} INFO - Started process (PID=924) to work on /home/airflow/.local/lib/python3.7/site-packages/airflow/example_dags/example_nested_branch_dag.py
[2022-11-28T15:45:55.447+0000] {processor.py:756} INFO - Processing file /home/airflow/.local/lib/python3.7/site-packages/airflow/example_dags/example_nested_branch_dag.py for tasks to queue
[2022-11-28T15:45:55.449+0000] {logging_mixin.py:137} INFO - [2022-11-28T15:45:55.449+0000] {dagbag.py:537} INFO - Filling up the DagBag from /home/airflow/.local/lib/python3.7/site-packages/airflow/example_dags/example_nested_branch_dag.py
[2022-11-28T15:45:55.466+0000] {processor.py:766} INFO - DAG(s) dict_keys(['example_nested_branch_dag']) retrieved from /home/airflow/.local/lib/python3.7/site-packages/airflow/example_dags/example_nested_branch_dag.py
[2022-11-28T15:45:55.494+0000] {logging_mixin.py:137} INFO - [2022-11-28T15:45:55.494+0000] {dag.py:2585} INFO - Sync 1 DAGs
[2022-11-28T15:45:55.513+0000] {logging_mixin.py:137} INFO - [2022-11-28T15:45:55.513+0000] {dag.py:3340} INFO - Setting next_dagrun for example_nested_branch_dag to 2022-11-27T00:00:00+00:00, run_after=2022-11-28T00:00:00+00:00
[2022-11-28T15:45:55.530+0000] {processor.py:176} INFO - Processing /home/airflow/.local/lib/python3.7/site-packages/airflow/example_dags/example_nested_branch_dag.py took 0.087 seconds
[2022-11-28T15:46:26.250+0000] {processor.py:154} INFO - Started process (PID=987) to work on /home/airflow/.local/lib/python3.7/site-packages/airflow/example_dags/example_nested_branch_dag.py
[2022-11-28T15:46:26.252+0000] {processor.py:756} INFO - Processing file /home/airflow/.local/lib/python3.7/site-packages/airflow/example_dags/example_nested_branch_dag.py for tasks to queue
[2022-11-28T15:46:26.253+0000] {logging_mixin.py:137} INFO - [2022-11-28T15:46:26.253+0000] {dagbag.py:537} INFO - Filling up the DagBag from /home/airflow/.local/lib/python3.7/site-packages/airflow/example_dags/example_nested_branch_dag.py
[2022-11-28T15:46:26.273+0000] {processor.py:766} INFO - DAG(s) dict_keys(['example_nested_branch_dag']) retrieved from /home/airflow/.local/lib/python3.7/site-packages/airflow/example_dags/example_nested_branch_dag.py
[2022-11-28T15:46:26.308+0000] {logging_mixin.py:137} INFO - [2022-11-28T15:46:26.308+0000] {dag.py:2585} INFO - Sync 1 DAGs
[2022-11-28T15:46:26.326+0000] {logging_mixin.py:137} INFO - [2022-11-28T15:46:26.326+0000] {dag.py:3340} INFO - Setting next_dagrun for example_nested_branch_dag to 2022-11-27T00:00:00+00:00, run_after=2022-11-28T00:00:00+00:00
[2022-11-28T15:46:26.340+0000] {processor.py:176} INFO - Processing /home/airflow/.local/lib/python3.7/site-packages/airflow/example_dags/example_nested_branch_dag.py took 0.092 seconds
[2022-11-28T15:46:57.062+0000] {processor.py:154} INFO - Started process (PID=1042) to work on /home/airflow/.local/lib/python3.7/site-packages/airflow/example_dags/example_nested_branch_dag.py
[2022-11-28T15:46:57.063+0000] {processor.py:756} INFO - Processing file /home/airflow/.local/lib/python3.7/site-packages/airflow/example_dags/example_nested_branch_dag.py for tasks to queue
[2022-11-28T15:46:57.065+0000] {logging_mixin.py:137} INFO - [2022-11-28T15:46:57.065+0000] {dagbag.py:537} INFO - Filling up the DagBag from /home/airflow/.local/lib/python3.7/site-packages/airflow/example_dags/example_nested_branch_dag.py
[2022-11-28T15:46:57.083+0000] {processor.py:766} INFO - DAG(s) dict_keys(['example_nested_branch_dag']) retrieved from /home/airflow/.local/lib/python3.7/site-packages/airflow/example_dags/example_nested_branch_dag.py
[2022-11-28T15:46:57.120+0000] {logging_mixin.py:137} INFO - [2022-11-28T15:46:57.120+0000] {dag.py:2585} INFO - Sync 1 DAGs
[2022-11-28T15:46:57.212+0000] {logging_mixin.py:137} INFO - [2022-11-28T15:46:57.212+0000] {dag.py:3340} INFO - Setting next_dagrun for example_nested_branch_dag to 2022-11-27T00:00:00+00:00, run_after=2022-11-28T00:00:00+00:00
[2022-11-28T15:46:57.273+0000] {processor.py:176} INFO - Processing /home/airflow/.local/lib/python3.7/site-packages/airflow/example_dags/example_nested_branch_dag.py took 0.214 seconds
[2022-11-28T15:47:27.838+0000] {processor.py:154} INFO - Started process (PID=1106) to work on /home/airflow/.local/lib/python3.7/site-packages/airflow/example_dags/example_nested_branch_dag.py
[2022-11-28T15:47:27.841+0000] {processor.py:756} INFO - Processing file /home/airflow/.local/lib/python3.7/site-packages/airflow/example_dags/example_nested_branch_dag.py for tasks to queue
[2022-11-28T15:47:27.842+0000] {logging_mixin.py:137} INFO - [2022-11-28T15:47:27.842+0000] {dagbag.py:537} INFO - Filling up the DagBag from /home/airflow/.local/lib/python3.7/site-packages/airflow/example_dags/example_nested_branch_dag.py
[2022-11-28T15:47:27.861+0000] {processor.py:766} INFO - DAG(s) dict_keys(['example_nested_branch_dag']) retrieved from /home/airflow/.local/lib/python3.7/site-packages/airflow/example_dags/example_nested_branch_dag.py
[2022-11-28T15:47:27.900+0000] {logging_mixin.py:137} INFO - [2022-11-28T15:47:27.900+0000] {dag.py:2585} INFO - Sync 1 DAGs
[2022-11-28T15:47:27.920+0000] {logging_mixin.py:137} INFO - [2022-11-28T15:47:27.919+0000] {dag.py:3340} INFO - Setting next_dagrun for example_nested_branch_dag to 2022-11-27T00:00:00+00:00, run_after=2022-11-28T00:00:00+00:00
[2022-11-28T15:47:27.933+0000] {processor.py:176} INFO - Processing /home/airflow/.local/lib/python3.7/site-packages/airflow/example_dags/example_nested_branch_dag.py took 0.098 seconds
[2022-11-28T15:47:58.431+0000] {processor.py:154} INFO - Started process (PID=1171) to work on /home/airflow/.local/lib/python3.7/site-packages/airflow/example_dags/example_nested_branch_dag.py
[2022-11-28T15:47:58.432+0000] {processor.py:756} INFO - Processing file /home/airflow/.local/lib/python3.7/site-packages/airflow/example_dags/example_nested_branch_dag.py for tasks to queue
[2022-11-28T15:47:58.434+0000] {logging_mixin.py:137} INFO - [2022-11-28T15:47:58.434+0000] {dagbag.py:537} INFO - Filling up the DagBag from /home/airflow/.local/lib/python3.7/site-packages/airflow/example_dags/example_nested_branch_dag.py
[2022-11-28T15:47:58.455+0000] {processor.py:766} INFO - DAG(s) dict_keys(['example_nested_branch_dag']) retrieved from /home/airflow/.local/lib/python3.7/site-packages/airflow/example_dags/example_nested_branch_dag.py
[2022-11-28T15:47:58.486+0000] {logging_mixin.py:137} INFO - [2022-11-28T15:47:58.486+0000] {dag.py:2585} INFO - Sync 1 DAGs
[2022-11-28T15:47:58.503+0000] {logging_mixin.py:137} INFO - [2022-11-28T15:47:58.503+0000] {dag.py:3340} INFO - Setting next_dagrun for example_nested_branch_dag to 2022-11-27T00:00:00+00:00, run_after=2022-11-28T00:00:00+00:00
[2022-11-28T15:47:58.516+0000] {processor.py:176} INFO - Processing /home/airflow/.local/lib/python3.7/site-packages/airflow/example_dags/example_nested_branch_dag.py took 0.087 seconds
[2022-11-28T15:48:29.522+0000] {processor.py:154} INFO - Started process (PID=1235) to work on /home/airflow/.local/lib/python3.7/site-packages/airflow/example_dags/example_nested_branch_dag.py
[2022-11-28T15:48:29.524+0000] {processor.py:756} INFO - Processing file /home/airflow/.local/lib/python3.7/site-packages/airflow/example_dags/example_nested_branch_dag.py for tasks to queue
[2022-11-28T15:48:29.525+0000] {logging_mixin.py:137} INFO - [2022-11-28T15:48:29.525+0000] {dagbag.py:537} INFO - Filling up the DagBag from /home/airflow/.local/lib/python3.7/site-packages/airflow/example_dags/example_nested_branch_dag.py
[2022-11-28T15:48:29.541+0000] {processor.py:766} INFO - DAG(s) dict_keys(['example_nested_branch_dag']) retrieved from /home/airflow/.local/lib/python3.7/site-packages/airflow/example_dags/example_nested_branch_dag.py
[2022-11-28T15:48:29.566+0000] {logging_mixin.py:137} INFO - [2022-11-28T15:48:29.566+0000] {dag.py:2585} INFO - Sync 1 DAGs
[2022-11-28T15:48:29.582+0000] {logging_mixin.py:137} INFO - [2022-11-28T15:48:29.582+0000] {dag.py:3340} INFO - Setting next_dagrun for example_nested_branch_dag to 2022-11-27T00:00:00+00:00, run_after=2022-11-28T00:00:00+00:00
[2022-11-28T15:48:29.597+0000] {processor.py:176} INFO - Processing /home/airflow/.local/lib/python3.7/site-packages/airflow/example_dags/example_nested_branch_dag.py took 0.077 seconds
[2022-11-28T15:49:00.172+0000] {processor.py:154} INFO - Started process (PID=1297) to work on /home/airflow/.local/lib/python3.7/site-packages/airflow/example_dags/example_nested_branch_dag.py
[2022-11-28T15:49:00.173+0000] {processor.py:756} INFO - Processing file /home/airflow/.local/lib/python3.7/site-packages/airflow/example_dags/example_nested_branch_dag.py for tasks to queue
[2022-11-28T15:49:00.174+0000] {logging_mixin.py:137} INFO - [2022-11-28T15:49:00.174+0000] {dagbag.py:537} INFO - Filling up the DagBag from /home/airflow/.local/lib/python3.7/site-packages/airflow/example_dags/example_nested_branch_dag.py
[2022-11-28T15:49:00.189+0000] {processor.py:766} INFO - DAG(s) dict_keys(['example_nested_branch_dag']) retrieved from /home/airflow/.local/lib/python3.7/site-packages/airflow/example_dags/example_nested_branch_dag.py
[2022-11-28T15:49:00.216+0000] {logging_mixin.py:137} INFO - [2022-11-28T15:49:00.216+0000] {dag.py:2585} INFO - Sync 1 DAGs
[2022-11-28T15:49:00.232+0000] {logging_mixin.py:137} INFO - [2022-11-28T15:49:00.232+0000] {dag.py:3340} INFO - Setting next_dagrun for example_nested_branch_dag to 2022-11-27T00:00:00+00:00, run_after=2022-11-28T00:00:00+00:00
[2022-11-28T15:49:00.246+0000] {processor.py:176} INFO - Processing /home/airflow/.local/lib/python3.7/site-packages/airflow/example_dags/example_nested_branch_dag.py took 0.076 seconds
[2022-11-28T15:49:30.899+0000] {processor.py:154} INFO - Started process (PID=1352) to work on /home/airflow/.local/lib/python3.7/site-packages/airflow/example_dags/example_nested_branch_dag.py
[2022-11-28T15:49:30.902+0000] {processor.py:756} INFO - Processing file /home/airflow/.local/lib/python3.7/site-packages/airflow/example_dags/example_nested_branch_dag.py for tasks to queue
[2022-11-28T15:49:30.903+0000] {logging_mixin.py:137} INFO - [2022-11-28T15:49:30.903+0000] {dagbag.py:537} INFO - Filling up the DagBag from /home/airflow/.local/lib/python3.7/site-packages/airflow/example_dags/example_nested_branch_dag.py
[2022-11-28T15:49:30.927+0000] {processor.py:766} INFO - DAG(s) dict_keys(['example_nested_branch_dag']) retrieved from /home/airflow/.local/lib/python3.7/site-packages/airflow/example_dags/example_nested_branch_dag.py
[2022-11-28T15:49:30.967+0000] {logging_mixin.py:137} INFO - [2022-11-28T15:49:30.966+0000] {dag.py:2585} INFO - Sync 1 DAGs
[2022-11-28T15:49:30.987+0000] {logging_mixin.py:137} INFO - [2022-11-28T15:49:30.987+0000] {dag.py:3340} INFO - Setting next_dagrun for example_nested_branch_dag to 2022-11-27T00:00:00+00:00, run_after=2022-11-28T00:00:00+00:00
[2022-11-28T15:49:31.001+0000] {processor.py:176} INFO - Processing /home/airflow/.local/lib/python3.7/site-packages/airflow/example_dags/example_nested_branch_dag.py took 0.104 seconds
