[2022-11-28T15:35:15.918+0000] {processor.py:154} INFO - Started process (PID=43) to work on /home/airflow/.local/lib/python3.7/site-packages/airflow/example_dags/tutorial.py
[2022-11-28T15:35:15.921+0000] {processor.py:756} INFO - Processing file /home/airflow/.local/lib/python3.7/site-packages/airflow/example_dags/tutorial.py for tasks to queue
[2022-11-28T15:35:15.935+0000] {logging_mixin.py:137} INFO - [2022-11-28T15:35:15.935+0000] {dagbag.py:537} INFO - Filling up the DagBag from /home/airflow/.local/lib/python3.7/site-packages/airflow/example_dags/tutorial.py
[2022-11-28T15:35:15.987+0000] {processor.py:766} INFO - DAG(s) dict_keys(['tutorial']) retrieved from /home/airflow/.local/lib/python3.7/site-packages/airflow/example_dags/tutorial.py
[2022-11-28T15:35:16.046+0000] {logging_mixin.py:137} INFO - [2022-11-28T15:35:16.046+0000] {dag.py:2585} INFO - Sync 1 DAGs
[2022-11-28T15:35:16.100+0000] {logging_mixin.py:137} INFO - [2022-11-28T15:35:16.100+0000] {dag.py:3340} INFO - Setting next_dagrun for tutorial to 2022-11-27T15:35:16.100206+00:00, run_after=2022-11-28T15:35:16.100206+00:00
[2022-11-28T15:35:16.120+0000] {processor.py:176} INFO - Processing /home/airflow/.local/lib/python3.7/site-packages/airflow/example_dags/tutorial.py took 0.208 seconds
[2022-11-28T15:35:46.300+0000] {processor.py:154} INFO - Started process (PID=105) to work on /home/airflow/.local/lib/python3.7/site-packages/airflow/example_dags/tutorial.py
[2022-11-28T15:35:46.302+0000] {processor.py:756} INFO - Processing file /home/airflow/.local/lib/python3.7/site-packages/airflow/example_dags/tutorial.py for tasks to queue
[2022-11-28T15:35:46.303+0000] {logging_mixin.py:137} INFO - [2022-11-28T15:35:46.303+0000] {dagbag.py:537} INFO - Filling up the DagBag from /home/airflow/.local/lib/python3.7/site-packages/airflow/example_dags/tutorial.py
[2022-11-28T15:35:46.315+0000] {processor.py:766} INFO - DAG(s) dict_keys(['tutorial']) retrieved from /home/airflow/.local/lib/python3.7/site-packages/airflow/example_dags/tutorial.py
[2022-11-28T15:35:46.346+0000] {logging_mixin.py:137} INFO - [2022-11-28T15:35:46.346+0000] {dag.py:2585} INFO - Sync 1 DAGs
[2022-11-28T15:35:46.362+0000] {logging_mixin.py:137} INFO - [2022-11-28T15:35:46.361+0000] {dag.py:3340} INFO - Setting next_dagrun for tutorial to 2022-11-27T15:35:46.361693+00:00, run_after=2022-11-28T15:35:46.361693+00:00
[2022-11-28T15:35:46.375+0000] {processor.py:176} INFO - Processing /home/airflow/.local/lib/python3.7/site-packages/airflow/example_dags/tutorial.py took 0.078 seconds
[2022-11-28T15:36:16.750+0000] {processor.py:154} INFO - Started process (PID=169) to work on /home/airflow/.local/lib/python3.7/site-packages/airflow/example_dags/tutorial.py
[2022-11-28T15:36:16.753+0000] {processor.py:756} INFO - Processing file /home/airflow/.local/lib/python3.7/site-packages/airflow/example_dags/tutorial.py for tasks to queue
[2022-11-28T15:36:16.755+0000] {logging_mixin.py:137} INFO - [2022-11-28T15:36:16.755+0000] {dagbag.py:537} INFO - Filling up the DagBag from /home/airflow/.local/lib/python3.7/site-packages/airflow/example_dags/tutorial.py
[2022-11-28T15:36:16.771+0000] {processor.py:766} INFO - DAG(s) dict_keys(['tutorial']) retrieved from /home/airflow/.local/lib/python3.7/site-packages/airflow/example_dags/tutorial.py
[2022-11-28T15:36:16.803+0000] {logging_mixin.py:137} INFO - [2022-11-28T15:36:16.803+0000] {dag.py:2585} INFO - Sync 1 DAGs
[2022-11-28T15:36:16.829+0000] {logging_mixin.py:137} INFO - [2022-11-28T15:36:16.829+0000] {dag.py:3340} INFO - Setting next_dagrun for tutorial to 2022-11-27T15:36:16.829267+00:00, run_after=2022-11-28T15:36:16.829267+00:00
[2022-11-28T15:36:16.848+0000] {processor.py:176} INFO - Processing /home/airflow/.local/lib/python3.7/site-packages/airflow/example_dags/tutorial.py took 0.101 seconds
[2022-11-28T15:38:42.618+0000] {processor.py:154} INFO - Started process (PID=43) to work on /home/airflow/.local/lib/python3.7/site-packages/airflow/example_dags/tutorial.py
[2022-11-28T15:38:42.623+0000] {processor.py:756} INFO - Processing file /home/airflow/.local/lib/python3.7/site-packages/airflow/example_dags/tutorial.py for tasks to queue
[2022-11-28T15:38:42.633+0000] {logging_mixin.py:137} INFO - [2022-11-28T15:38:42.633+0000] {dagbag.py:537} INFO - Filling up the DagBag from /home/airflow/.local/lib/python3.7/site-packages/airflow/example_dags/tutorial.py
[2022-11-28T15:38:42.660+0000] {processor.py:766} INFO - DAG(s) dict_keys(['tutorial']) retrieved from /home/airflow/.local/lib/python3.7/site-packages/airflow/example_dags/tutorial.py
[2022-11-28T15:38:42.704+0000] {logging_mixin.py:137} INFO - [2022-11-28T15:38:42.704+0000] {dag.py:2585} INFO - Sync 1 DAGs
[2022-11-28T15:38:42.767+0000] {logging_mixin.py:137} INFO - [2022-11-28T15:38:42.766+0000] {dag.py:3340} INFO - Setting next_dagrun for tutorial to 2022-11-27T15:38:42.766640+00:00, run_after=2022-11-28T15:38:42.766640+00:00
[2022-11-28T15:38:42.794+0000] {processor.py:176} INFO - Processing /home/airflow/.local/lib/python3.7/site-packages/airflow/example_dags/tutorial.py took 0.181 seconds
[2022-11-28T15:39:13.319+0000] {processor.py:154} INFO - Started process (PID=105) to work on /home/airflow/.local/lib/python3.7/site-packages/airflow/example_dags/tutorial.py
[2022-11-28T15:39:13.320+0000] {processor.py:756} INFO - Processing file /home/airflow/.local/lib/python3.7/site-packages/airflow/example_dags/tutorial.py for tasks to queue
[2022-11-28T15:39:13.321+0000] {logging_mixin.py:137} INFO - [2022-11-28T15:39:13.321+0000] {dagbag.py:537} INFO - Filling up the DagBag from /home/airflow/.local/lib/python3.7/site-packages/airflow/example_dags/tutorial.py
[2022-11-28T15:39:13.331+0000] {processor.py:766} INFO - DAG(s) dict_keys(['tutorial']) retrieved from /home/airflow/.local/lib/python3.7/site-packages/airflow/example_dags/tutorial.py
[2022-11-28T15:39:13.360+0000] {logging_mixin.py:137} INFO - [2022-11-28T15:39:13.360+0000] {dag.py:2585} INFO - Sync 1 DAGs
[2022-11-28T15:39:13.374+0000] {logging_mixin.py:137} INFO - [2022-11-28T15:39:13.374+0000] {dag.py:3340} INFO - Setting next_dagrun for tutorial to 2022-11-27T15:39:13.374397+00:00, run_after=2022-11-28T15:39:13.374397+00:00
[2022-11-28T15:39:13.386+0000] {processor.py:176} INFO - Processing /home/airflow/.local/lib/python3.7/site-packages/airflow/example_dags/tutorial.py took 0.070 seconds
[2022-11-28T15:39:44.087+0000] {processor.py:154} INFO - Started process (PID=169) to work on /home/airflow/.local/lib/python3.7/site-packages/airflow/example_dags/tutorial.py
[2022-11-28T15:39:44.089+0000] {processor.py:756} INFO - Processing file /home/airflow/.local/lib/python3.7/site-packages/airflow/example_dags/tutorial.py for tasks to queue
[2022-11-28T15:39:44.090+0000] {logging_mixin.py:137} INFO - [2022-11-28T15:39:44.090+0000] {dagbag.py:537} INFO - Filling up the DagBag from /home/airflow/.local/lib/python3.7/site-packages/airflow/example_dags/tutorial.py
[2022-11-28T15:39:44.102+0000] {processor.py:766} INFO - DAG(s) dict_keys(['tutorial']) retrieved from /home/airflow/.local/lib/python3.7/site-packages/airflow/example_dags/tutorial.py
[2022-11-28T15:39:44.128+0000] {logging_mixin.py:137} INFO - [2022-11-28T15:39:44.128+0000] {dag.py:2585} INFO - Sync 1 DAGs
[2022-11-28T15:39:44.145+0000] {logging_mixin.py:137} INFO - [2022-11-28T15:39:44.145+0000] {dag.py:3340} INFO - Setting next_dagrun for tutorial to 2022-11-27T15:39:44.145064+00:00, run_after=2022-11-28T15:39:44.145064+00:00
[2022-11-28T15:39:44.159+0000] {processor.py:176} INFO - Processing /home/airflow/.local/lib/python3.7/site-packages/airflow/example_dags/tutorial.py took 0.074 seconds
[2022-11-28T15:40:14.698+0000] {processor.py:154} INFO - Started process (PID=223) to work on /home/airflow/.local/lib/python3.7/site-packages/airflow/example_dags/tutorial.py
[2022-11-28T15:40:14.700+0000] {processor.py:756} INFO - Processing file /home/airflow/.local/lib/python3.7/site-packages/airflow/example_dags/tutorial.py for tasks to queue
[2022-11-28T15:40:14.703+0000] {logging_mixin.py:137} INFO - [2022-11-28T15:40:14.703+0000] {dagbag.py:537} INFO - Filling up the DagBag from /home/airflow/.local/lib/python3.7/site-packages/airflow/example_dags/tutorial.py
[2022-11-28T15:40:14.721+0000] {processor.py:766} INFO - DAG(s) dict_keys(['tutorial']) retrieved from /home/airflow/.local/lib/python3.7/site-packages/airflow/example_dags/tutorial.py
[2022-11-28T15:40:14.763+0000] {logging_mixin.py:137} INFO - [2022-11-28T15:40:14.763+0000] {dag.py:2585} INFO - Sync 1 DAGs
[2022-11-28T15:40:14.787+0000] {logging_mixin.py:137} INFO - [2022-11-28T15:40:14.787+0000] {dag.py:3340} INFO - Setting next_dagrun for tutorial to 2022-11-27T15:40:14.786725+00:00, run_after=2022-11-28T15:40:14.786725+00:00
[2022-11-28T15:40:14.814+0000] {processor.py:176} INFO - Processing /home/airflow/.local/lib/python3.7/site-packages/airflow/example_dags/tutorial.py took 0.118 seconds
[2022-11-28T15:40:44.913+0000] {processor.py:154} INFO - Started process (PID=286) to work on /home/airflow/.local/lib/python3.7/site-packages/airflow/example_dags/tutorial.py
[2022-11-28T15:40:44.915+0000] {processor.py:756} INFO - Processing file /home/airflow/.local/lib/python3.7/site-packages/airflow/example_dags/tutorial.py for tasks to queue
[2022-11-28T15:40:44.916+0000] {logging_mixin.py:137} INFO - [2022-11-28T15:40:44.916+0000] {dagbag.py:537} INFO - Filling up the DagBag from /home/airflow/.local/lib/python3.7/site-packages/airflow/example_dags/tutorial.py
[2022-11-28T15:40:44.927+0000] {processor.py:766} INFO - DAG(s) dict_keys(['tutorial']) retrieved from /home/airflow/.local/lib/python3.7/site-packages/airflow/example_dags/tutorial.py
[2022-11-28T15:40:44.953+0000] {logging_mixin.py:137} INFO - [2022-11-28T15:40:44.953+0000] {dag.py:2585} INFO - Sync 1 DAGs
[2022-11-28T15:40:44.969+0000] {logging_mixin.py:137} INFO - [2022-11-28T15:40:44.969+0000] {dag.py:3340} INFO - Setting next_dagrun for tutorial to 2022-11-27T15:40:44.969488+00:00, run_after=2022-11-28T15:40:44.969488+00:00
[2022-11-28T15:40:44.981+0000] {processor.py:176} INFO - Processing /home/airflow/.local/lib/python3.7/site-packages/airflow/example_dags/tutorial.py took 0.071 seconds
[2022-11-28T15:41:15.572+0000] {processor.py:154} INFO - Started process (PID=347) to work on /home/airflow/.local/lib/python3.7/site-packages/airflow/example_dags/tutorial.py
[2022-11-28T15:41:15.574+0000] {processor.py:756} INFO - Processing file /home/airflow/.local/lib/python3.7/site-packages/airflow/example_dags/tutorial.py for tasks to queue
[2022-11-28T15:41:15.575+0000] {logging_mixin.py:137} INFO - [2022-11-28T15:41:15.575+0000] {dagbag.py:537} INFO - Filling up the DagBag from /home/airflow/.local/lib/python3.7/site-packages/airflow/example_dags/tutorial.py
[2022-11-28T15:41:15.585+0000] {processor.py:766} INFO - DAG(s) dict_keys(['tutorial']) retrieved from /home/airflow/.local/lib/python3.7/site-packages/airflow/example_dags/tutorial.py
[2022-11-28T15:41:15.614+0000] {logging_mixin.py:137} INFO - [2022-11-28T15:41:15.614+0000] {dag.py:2585} INFO - Sync 1 DAGs
[2022-11-28T15:41:15.632+0000] {logging_mixin.py:137} INFO - [2022-11-28T15:41:15.631+0000] {dag.py:3340} INFO - Setting next_dagrun for tutorial to 2022-11-27T15:41:15.631759+00:00, run_after=2022-11-28T15:41:15.631759+00:00
[2022-11-28T15:41:15.647+0000] {processor.py:176} INFO - Processing /home/airflow/.local/lib/python3.7/site-packages/airflow/example_dags/tutorial.py took 0.077 seconds
[2022-11-28T15:41:45.900+0000] {processor.py:154} INFO - Started process (PID=409) to work on /home/airflow/.local/lib/python3.7/site-packages/airflow/example_dags/tutorial.py
[2022-11-28T15:41:45.902+0000] {processor.py:756} INFO - Processing file /home/airflow/.local/lib/python3.7/site-packages/airflow/example_dags/tutorial.py for tasks to queue
[2022-11-28T15:41:45.905+0000] {logging_mixin.py:137} INFO - [2022-11-28T15:41:45.905+0000] {dagbag.py:537} INFO - Filling up the DagBag from /home/airflow/.local/lib/python3.7/site-packages/airflow/example_dags/tutorial.py
[2022-11-28T15:41:45.915+0000] {processor.py:766} INFO - DAG(s) dict_keys(['tutorial']) retrieved from /home/airflow/.local/lib/python3.7/site-packages/airflow/example_dags/tutorial.py
[2022-11-28T15:41:45.956+0000] {logging_mixin.py:137} INFO - [2022-11-28T15:41:45.956+0000] {dag.py:2585} INFO - Sync 1 DAGs
[2022-11-28T15:41:45.980+0000] {logging_mixin.py:137} INFO - [2022-11-28T15:41:45.980+0000] {dag.py:3340} INFO - Setting next_dagrun for tutorial to 2022-11-27T15:41:45.980400+00:00, run_after=2022-11-28T15:41:45.980400+00:00
[2022-11-28T15:41:45.993+0000] {processor.py:176} INFO - Processing /home/airflow/.local/lib/python3.7/site-packages/airflow/example_dags/tutorial.py took 0.095 seconds
[2022-11-28T15:42:17.625+0000] {processor.py:154} INFO - Started process (PID=473) to work on /home/airflow/.local/lib/python3.7/site-packages/airflow/example_dags/tutorial.py
[2022-11-28T15:42:17.627+0000] {processor.py:756} INFO - Processing file /home/airflow/.local/lib/python3.7/site-packages/airflow/example_dags/tutorial.py for tasks to queue
[2022-11-28T15:42:17.629+0000] {logging_mixin.py:137} INFO - [2022-11-28T15:42:17.628+0000] {dagbag.py:537} INFO - Filling up the DagBag from /home/airflow/.local/lib/python3.7/site-packages/airflow/example_dags/tutorial.py
[2022-11-28T15:42:17.639+0000] {processor.py:766} INFO - DAG(s) dict_keys(['tutorial']) retrieved from /home/airflow/.local/lib/python3.7/site-packages/airflow/example_dags/tutorial.py
[2022-11-28T15:42:17.666+0000] {logging_mixin.py:137} INFO - [2022-11-28T15:42:17.666+0000] {dag.py:2585} INFO - Sync 1 DAGs
[2022-11-28T15:42:17.680+0000] {logging_mixin.py:137} INFO - [2022-11-28T15:42:17.680+0000] {dag.py:3340} INFO - Setting next_dagrun for tutorial to 2022-11-27T15:42:17.680682+00:00, run_after=2022-11-28T15:42:17.680682+00:00
[2022-11-28T15:42:17.692+0000] {processor.py:176} INFO - Processing /home/airflow/.local/lib/python3.7/site-packages/airflow/example_dags/tutorial.py took 0.070 seconds
[2022-11-28T15:42:48.614+0000] {processor.py:154} INFO - Started process (PID=535) to work on /home/airflow/.local/lib/python3.7/site-packages/airflow/example_dags/tutorial.py
[2022-11-28T15:42:48.616+0000] {processor.py:756} INFO - Processing file /home/airflow/.local/lib/python3.7/site-packages/airflow/example_dags/tutorial.py for tasks to queue
[2022-11-28T15:42:48.619+0000] {logging_mixin.py:137} INFO - [2022-11-28T15:42:48.619+0000] {dagbag.py:537} INFO - Filling up the DagBag from /home/airflow/.local/lib/python3.7/site-packages/airflow/example_dags/tutorial.py
[2022-11-28T15:42:48.633+0000] {processor.py:766} INFO - DAG(s) dict_keys(['tutorial']) retrieved from /home/airflow/.local/lib/python3.7/site-packages/airflow/example_dags/tutorial.py
[2022-11-28T15:42:48.691+0000] {logging_mixin.py:137} INFO - [2022-11-28T15:42:48.691+0000] {dag.py:2585} INFO - Sync 1 DAGs
[2022-11-28T15:42:48.714+0000] {logging_mixin.py:137} INFO - [2022-11-28T15:42:48.714+0000] {dag.py:3340} INFO - Setting next_dagrun for tutorial to 2022-11-27T15:42:48.714225+00:00, run_after=2022-11-28T15:42:48.714225+00:00
[2022-11-28T15:42:48.753+0000] {processor.py:176} INFO - Processing /home/airflow/.local/lib/python3.7/site-packages/airflow/example_dags/tutorial.py took 0.144 seconds
[2022-11-28T15:43:18.948+0000] {processor.py:154} INFO - Started process (PID=589) to work on /home/airflow/.local/lib/python3.7/site-packages/airflow/example_dags/tutorial.py
[2022-11-28T15:43:18.950+0000] {processor.py:756} INFO - Processing file /home/airflow/.local/lib/python3.7/site-packages/airflow/example_dags/tutorial.py for tasks to queue
[2022-11-28T15:43:18.952+0000] {logging_mixin.py:137} INFO - [2022-11-28T15:43:18.952+0000] {dagbag.py:537} INFO - Filling up the DagBag from /home/airflow/.local/lib/python3.7/site-packages/airflow/example_dags/tutorial.py
[2022-11-28T15:43:18.963+0000] {processor.py:766} INFO - DAG(s) dict_keys(['tutorial']) retrieved from /home/airflow/.local/lib/python3.7/site-packages/airflow/example_dags/tutorial.py
[2022-11-28T15:43:18.995+0000] {logging_mixin.py:137} INFO - [2022-11-28T15:43:18.995+0000] {dag.py:2585} INFO - Sync 1 DAGs
[2022-11-28T15:43:19.017+0000] {logging_mixin.py:137} INFO - [2022-11-28T15:43:19.017+0000] {dag.py:3340} INFO - Setting next_dagrun for tutorial to 2022-11-27T15:43:19.017442+00:00, run_after=2022-11-28T15:43:19.017442+00:00
[2022-11-28T15:43:19.036+0000] {processor.py:176} INFO - Processing /home/airflow/.local/lib/python3.7/site-packages/airflow/example_dags/tutorial.py took 0.090 seconds
[2022-11-28T15:43:49.163+0000] {processor.py:154} INFO - Started process (PID=652) to work on /home/airflow/.local/lib/python3.7/site-packages/airflow/example_dags/tutorial.py
[2022-11-28T15:43:49.164+0000] {processor.py:756} INFO - Processing file /home/airflow/.local/lib/python3.7/site-packages/airflow/example_dags/tutorial.py for tasks to queue
[2022-11-28T15:43:49.166+0000] {logging_mixin.py:137} INFO - [2022-11-28T15:43:49.166+0000] {dagbag.py:537} INFO - Filling up the DagBag from /home/airflow/.local/lib/python3.7/site-packages/airflow/example_dags/tutorial.py
[2022-11-28T15:43:49.176+0000] {processor.py:766} INFO - DAG(s) dict_keys(['tutorial']) retrieved from /home/airflow/.local/lib/python3.7/site-packages/airflow/example_dags/tutorial.py
[2022-11-28T15:43:49.204+0000] {logging_mixin.py:137} INFO - [2022-11-28T15:43:49.204+0000] {dag.py:2585} INFO - Sync 1 DAGs
[2022-11-28T15:43:49.223+0000] {logging_mixin.py:137} INFO - [2022-11-28T15:43:49.223+0000] {dag.py:3340} INFO - Setting next_dagrun for tutorial to 2022-11-27T15:43:49.223486+00:00, run_after=2022-11-28T15:43:49.223486+00:00
[2022-11-28T15:43:49.239+0000] {processor.py:176} INFO - Processing /home/airflow/.local/lib/python3.7/site-packages/airflow/example_dags/tutorial.py took 0.079 seconds
[2022-11-28T15:44:19.763+0000] {processor.py:154} INFO - Started process (PID=715) to work on /home/airflow/.local/lib/python3.7/site-packages/airflow/example_dags/tutorial.py
[2022-11-28T15:44:19.765+0000] {processor.py:756} INFO - Processing file /home/airflow/.local/lib/python3.7/site-packages/airflow/example_dags/tutorial.py for tasks to queue
[2022-11-28T15:44:19.766+0000] {logging_mixin.py:137} INFO - [2022-11-28T15:44:19.766+0000] {dagbag.py:537} INFO - Filling up the DagBag from /home/airflow/.local/lib/python3.7/site-packages/airflow/example_dags/tutorial.py
[2022-11-28T15:44:19.778+0000] {processor.py:766} INFO - DAG(s) dict_keys(['tutorial']) retrieved from /home/airflow/.local/lib/python3.7/site-packages/airflow/example_dags/tutorial.py
[2022-11-28T15:44:19.805+0000] {logging_mixin.py:137} INFO - [2022-11-28T15:44:19.805+0000] {dag.py:2585} INFO - Sync 1 DAGs
[2022-11-28T15:44:19.823+0000] {logging_mixin.py:137} INFO - [2022-11-28T15:44:19.823+0000] {dag.py:3340} INFO - Setting next_dagrun for tutorial to 2022-11-27T15:44:19.823475+00:00, run_after=2022-11-28T15:44:19.823475+00:00
[2022-11-28T15:44:19.836+0000] {processor.py:176} INFO - Processing /home/airflow/.local/lib/python3.7/site-packages/airflow/example_dags/tutorial.py took 0.076 seconds
[2022-11-28T15:44:50.613+0000] {processor.py:154} INFO - Started process (PID=778) to work on /home/airflow/.local/lib/python3.7/site-packages/airflow/example_dags/tutorial.py
[2022-11-28T15:44:50.614+0000] {processor.py:756} INFO - Processing file /home/airflow/.local/lib/python3.7/site-packages/airflow/example_dags/tutorial.py for tasks to queue
[2022-11-28T15:44:50.616+0000] {logging_mixin.py:137} INFO - [2022-11-28T15:44:50.616+0000] {dagbag.py:537} INFO - Filling up the DagBag from /home/airflow/.local/lib/python3.7/site-packages/airflow/example_dags/tutorial.py
[2022-11-28T15:44:50.626+0000] {processor.py:766} INFO - DAG(s) dict_keys(['tutorial']) retrieved from /home/airflow/.local/lib/python3.7/site-packages/airflow/example_dags/tutorial.py
[2022-11-28T15:44:50.655+0000] {logging_mixin.py:137} INFO - [2022-11-28T15:44:50.655+0000] {dag.py:2585} INFO - Sync 1 DAGs
[2022-11-28T15:44:50.674+0000] {logging_mixin.py:137} INFO - [2022-11-28T15:44:50.674+0000] {dag.py:3340} INFO - Setting next_dagrun for tutorial to 2022-11-27T15:44:50.674223+00:00, run_after=2022-11-28T15:44:50.674223+00:00
[2022-11-28T15:44:50.687+0000] {processor.py:176} INFO - Processing /home/airflow/.local/lib/python3.7/site-packages/airflow/example_dags/tutorial.py took 0.077 seconds
[2022-11-28T15:45:21.141+0000] {processor.py:154} INFO - Started process (PID=839) to work on /home/airflow/.local/lib/python3.7/site-packages/airflow/example_dags/tutorial.py
[2022-11-28T15:45:21.148+0000] {processor.py:756} INFO - Processing file /home/airflow/.local/lib/python3.7/site-packages/airflow/example_dags/tutorial.py for tasks to queue
[2022-11-28T15:45:21.149+0000] {logging_mixin.py:137} INFO - [2022-11-28T15:45:21.149+0000] {dagbag.py:537} INFO - Filling up the DagBag from /home/airflow/.local/lib/python3.7/site-packages/airflow/example_dags/tutorial.py
[2022-11-28T15:45:21.169+0000] {processor.py:766} INFO - DAG(s) dict_keys(['tutorial']) retrieved from /home/airflow/.local/lib/python3.7/site-packages/airflow/example_dags/tutorial.py
[2022-11-28T15:45:21.223+0000] {logging_mixin.py:137} INFO - [2022-11-28T15:45:21.223+0000] {dag.py:2585} INFO - Sync 1 DAGs
[2022-11-28T15:45:21.252+0000] {logging_mixin.py:137} INFO - [2022-11-28T15:45:21.251+0000] {dag.py:3340} INFO - Setting next_dagrun for tutorial to 2022-11-27T15:45:21.251735+00:00, run_after=2022-11-28T15:45:21.251735+00:00
[2022-11-28T15:45:21.280+0000] {processor.py:176} INFO - Processing /home/airflow/.local/lib/python3.7/site-packages/airflow/example_dags/tutorial.py took 0.142 seconds
[2022-11-28T15:45:51.361+0000] {processor.py:154} INFO - Started process (PID=897) to work on /home/airflow/.local/lib/python3.7/site-packages/airflow/example_dags/tutorial.py
[2022-11-28T15:45:51.363+0000] {processor.py:756} INFO - Processing file /home/airflow/.local/lib/python3.7/site-packages/airflow/example_dags/tutorial.py for tasks to queue
[2022-11-28T15:45:51.364+0000] {logging_mixin.py:137} INFO - [2022-11-28T15:45:51.364+0000] {dagbag.py:537} INFO - Filling up the DagBag from /home/airflow/.local/lib/python3.7/site-packages/airflow/example_dags/tutorial.py
[2022-11-28T15:45:51.374+0000] {processor.py:766} INFO - DAG(s) dict_keys(['tutorial']) retrieved from /home/airflow/.local/lib/python3.7/site-packages/airflow/example_dags/tutorial.py
[2022-11-28T15:45:51.402+0000] {logging_mixin.py:137} INFO - [2022-11-28T15:45:51.402+0000] {dag.py:2585} INFO - Sync 1 DAGs
[2022-11-28T15:45:51.418+0000] {logging_mixin.py:137} INFO - [2022-11-28T15:45:51.418+0000] {dag.py:3340} INFO - Setting next_dagrun for tutorial to 2022-11-27T15:45:51.417961+00:00, run_after=2022-11-28T15:45:51.417961+00:00
[2022-11-28T15:45:51.432+0000] {processor.py:176} INFO - Processing /home/airflow/.local/lib/python3.7/site-packages/airflow/example_dags/tutorial.py took 0.073 seconds
[2022-11-28T15:46:22.045+0000] {processor.py:154} INFO - Started process (PID=961) to work on /home/airflow/.local/lib/python3.7/site-packages/airflow/example_dags/tutorial.py
[2022-11-28T15:46:22.047+0000] {processor.py:756} INFO - Processing file /home/airflow/.local/lib/python3.7/site-packages/airflow/example_dags/tutorial.py for tasks to queue
[2022-11-28T15:46:22.048+0000] {logging_mixin.py:137} INFO - [2022-11-28T15:46:22.048+0000] {dagbag.py:537} INFO - Filling up the DagBag from /home/airflow/.local/lib/python3.7/site-packages/airflow/example_dags/tutorial.py
[2022-11-28T15:46:22.057+0000] {processor.py:766} INFO - DAG(s) dict_keys(['tutorial']) retrieved from /home/airflow/.local/lib/python3.7/site-packages/airflow/example_dags/tutorial.py
[2022-11-28T15:46:22.084+0000] {logging_mixin.py:137} INFO - [2022-11-28T15:46:22.084+0000] {dag.py:2585} INFO - Sync 1 DAGs
[2022-11-28T15:46:22.102+0000] {logging_mixin.py:137} INFO - [2022-11-28T15:46:22.102+0000] {dag.py:3340} INFO - Setting next_dagrun for tutorial to 2022-11-27T15:46:22.101982+00:00, run_after=2022-11-28T15:46:22.101982+00:00
[2022-11-28T15:46:22.114+0000] {processor.py:176} INFO - Processing /home/airflow/.local/lib/python3.7/site-packages/airflow/example_dags/tutorial.py took 0.071 seconds
[2022-11-28T15:46:52.889+0000] {processor.py:154} INFO - Started process (PID=1024) to work on /home/airflow/.local/lib/python3.7/site-packages/airflow/example_dags/tutorial.py
[2022-11-28T15:46:52.890+0000] {processor.py:756} INFO - Processing file /home/airflow/.local/lib/python3.7/site-packages/airflow/example_dags/tutorial.py for tasks to queue
[2022-11-28T15:46:52.893+0000] {logging_mixin.py:137} INFO - [2022-11-28T15:46:52.893+0000] {dagbag.py:537} INFO - Filling up the DagBag from /home/airflow/.local/lib/python3.7/site-packages/airflow/example_dags/tutorial.py
[2022-11-28T15:46:52.903+0000] {processor.py:766} INFO - DAG(s) dict_keys(['tutorial']) retrieved from /home/airflow/.local/lib/python3.7/site-packages/airflow/example_dags/tutorial.py
[2022-11-28T15:46:52.932+0000] {logging_mixin.py:137} INFO - [2022-11-28T15:46:52.932+0000] {dag.py:2585} INFO - Sync 1 DAGs
[2022-11-28T15:46:52.949+0000] {logging_mixin.py:137} INFO - [2022-11-28T15:46:52.949+0000] {dag.py:3340} INFO - Setting next_dagrun for tutorial to 2022-11-27T15:46:52.949264+00:00, run_after=2022-11-28T15:46:52.949264+00:00
[2022-11-28T15:46:52.966+0000] {processor.py:176} INFO - Processing /home/airflow/.local/lib/python3.7/site-packages/airflow/example_dags/tutorial.py took 0.080 seconds
[2022-11-28T15:47:23.709+0000] {processor.py:154} INFO - Started process (PID=1088) to work on /home/airflow/.local/lib/python3.7/site-packages/airflow/example_dags/tutorial.py
[2022-11-28T15:47:23.710+0000] {processor.py:756} INFO - Processing file /home/airflow/.local/lib/python3.7/site-packages/airflow/example_dags/tutorial.py for tasks to queue
[2022-11-28T15:47:23.711+0000] {logging_mixin.py:137} INFO - [2022-11-28T15:47:23.711+0000] {dagbag.py:537} INFO - Filling up the DagBag from /home/airflow/.local/lib/python3.7/site-packages/airflow/example_dags/tutorial.py
[2022-11-28T15:47:23.721+0000] {processor.py:766} INFO - DAG(s) dict_keys(['tutorial']) retrieved from /home/airflow/.local/lib/python3.7/site-packages/airflow/example_dags/tutorial.py
[2022-11-28T15:47:23.749+0000] {logging_mixin.py:137} INFO - [2022-11-28T15:47:23.749+0000] {dag.py:2585} INFO - Sync 1 DAGs
[2022-11-28T15:47:23.765+0000] {logging_mixin.py:137} INFO - [2022-11-28T15:47:23.765+0000] {dag.py:3340} INFO - Setting next_dagrun for tutorial to 2022-11-27T15:47:23.764863+00:00, run_after=2022-11-28T15:47:23.764863+00:00
[2022-11-28T15:47:23.778+0000] {processor.py:176} INFO - Processing /home/airflow/.local/lib/python3.7/site-packages/airflow/example_dags/tutorial.py took 0.072 seconds
[2022-11-28T15:47:54.226+0000] {processor.py:154} INFO - Started process (PID=1153) to work on /home/airflow/.local/lib/python3.7/site-packages/airflow/example_dags/tutorial.py
[2022-11-28T15:47:54.228+0000] {processor.py:756} INFO - Processing file /home/airflow/.local/lib/python3.7/site-packages/airflow/example_dags/tutorial.py for tasks to queue
[2022-11-28T15:47:54.229+0000] {logging_mixin.py:137} INFO - [2022-11-28T15:47:54.229+0000] {dagbag.py:537} INFO - Filling up the DagBag from /home/airflow/.local/lib/python3.7/site-packages/airflow/example_dags/tutorial.py
[2022-11-28T15:47:54.240+0000] {processor.py:766} INFO - DAG(s) dict_keys(['tutorial']) retrieved from /home/airflow/.local/lib/python3.7/site-packages/airflow/example_dags/tutorial.py
[2022-11-28T15:47:54.269+0000] {logging_mixin.py:137} INFO - [2022-11-28T15:47:54.269+0000] {dag.py:2585} INFO - Sync 1 DAGs
[2022-11-28T15:47:54.287+0000] {logging_mixin.py:137} INFO - [2022-11-28T15:47:54.287+0000] {dag.py:3340} INFO - Setting next_dagrun for tutorial to 2022-11-27T15:47:54.286966+00:00, run_after=2022-11-28T15:47:54.286966+00:00
[2022-11-28T15:47:54.301+0000] {processor.py:176} INFO - Processing /home/airflow/.local/lib/python3.7/site-packages/airflow/example_dags/tutorial.py took 0.077 seconds
[2022-11-28T15:48:25.007+0000] {processor.py:154} INFO - Started process (PID=1208) to work on /home/airflow/.local/lib/python3.7/site-packages/airflow/example_dags/tutorial.py
[2022-11-28T15:48:25.009+0000] {processor.py:756} INFO - Processing file /home/airflow/.local/lib/python3.7/site-packages/airflow/example_dags/tutorial.py for tasks to queue
[2022-11-28T15:48:25.010+0000] {logging_mixin.py:137} INFO - [2022-11-28T15:48:25.010+0000] {dagbag.py:537} INFO - Filling up the DagBag from /home/airflow/.local/lib/python3.7/site-packages/airflow/example_dags/tutorial.py
[2022-11-28T15:48:25.021+0000] {processor.py:766} INFO - DAG(s) dict_keys(['tutorial']) retrieved from /home/airflow/.local/lib/python3.7/site-packages/airflow/example_dags/tutorial.py
[2022-11-28T15:48:25.051+0000] {logging_mixin.py:137} INFO - [2022-11-28T15:48:25.051+0000] {dag.py:2585} INFO - Sync 1 DAGs
[2022-11-28T15:48:25.068+0000] {logging_mixin.py:137} INFO - [2022-11-28T15:48:25.068+0000] {dag.py:3340} INFO - Setting next_dagrun for tutorial to 2022-11-27T15:48:25.068088+00:00, run_after=2022-11-28T15:48:25.068088+00:00
[2022-11-28T15:48:25.082+0000] {processor.py:176} INFO - Processing /home/airflow/.local/lib/python3.7/site-packages/airflow/example_dags/tutorial.py took 0.079 seconds
[2022-11-28T15:48:55.991+0000] {processor.py:154} INFO - Started process (PID=1271) to work on /home/airflow/.local/lib/python3.7/site-packages/airflow/example_dags/tutorial.py
[2022-11-28T15:48:55.993+0000] {processor.py:756} INFO - Processing file /home/airflow/.local/lib/python3.7/site-packages/airflow/example_dags/tutorial.py for tasks to queue
[2022-11-28T15:48:55.994+0000] {logging_mixin.py:137} INFO - [2022-11-28T15:48:55.994+0000] {dagbag.py:537} INFO - Filling up the DagBag from /home/airflow/.local/lib/python3.7/site-packages/airflow/example_dags/tutorial.py
[2022-11-28T15:48:56.006+0000] {processor.py:766} INFO - DAG(s) dict_keys(['tutorial']) retrieved from /home/airflow/.local/lib/python3.7/site-packages/airflow/example_dags/tutorial.py
[2022-11-28T15:48:56.042+0000] {logging_mixin.py:137} INFO - [2022-11-28T15:48:56.042+0000] {dag.py:2585} INFO - Sync 1 DAGs
[2022-11-28T15:48:56.061+0000] {logging_mixin.py:137} INFO - [2022-11-28T15:48:56.061+0000] {dag.py:3340} INFO - Setting next_dagrun for tutorial to 2022-11-27T15:48:56.060948+00:00, run_after=2022-11-28T15:48:56.060948+00:00
[2022-11-28T15:48:56.076+0000] {processor.py:176} INFO - Processing /home/airflow/.local/lib/python3.7/site-packages/airflow/example_dags/tutorial.py took 0.086 seconds
[2022-11-28T15:49:26.664+0000] {processor.py:154} INFO - Started process (PID=1334) to work on /home/airflow/.local/lib/python3.7/site-packages/airflow/example_dags/tutorial.py
[2022-11-28T15:49:26.666+0000] {processor.py:756} INFO - Processing file /home/airflow/.local/lib/python3.7/site-packages/airflow/example_dags/tutorial.py for tasks to queue
[2022-11-28T15:49:26.667+0000] {logging_mixin.py:137} INFO - [2022-11-28T15:49:26.667+0000] {dagbag.py:537} INFO - Filling up the DagBag from /home/airflow/.local/lib/python3.7/site-packages/airflow/example_dags/tutorial.py
[2022-11-28T15:49:26.679+0000] {processor.py:766} INFO - DAG(s) dict_keys(['tutorial']) retrieved from /home/airflow/.local/lib/python3.7/site-packages/airflow/example_dags/tutorial.py
[2022-11-28T15:49:26.710+0000] {logging_mixin.py:137} INFO - [2022-11-28T15:49:26.710+0000] {dag.py:2585} INFO - Sync 1 DAGs
[2022-11-28T15:49:26.729+0000] {logging_mixin.py:137} INFO - [2022-11-28T15:49:26.729+0000] {dag.py:3340} INFO - Setting next_dagrun for tutorial to 2022-11-27T15:49:26.728971+00:00, run_after=2022-11-28T15:49:26.728971+00:00
[2022-11-28T15:49:26.743+0000] {processor.py:176} INFO - Processing /home/airflow/.local/lib/python3.7/site-packages/airflow/example_dags/tutorial.py took 0.082 seconds
