[2022-11-28T15:35:17.913+0000] {processor.py:154} INFO - Started process (PID=59) to work on /home/airflow/.local/lib/python3.7/site-packages/airflow/example_dags/tutorial_dag.py
[2022-11-28T15:35:17.929+0000] {processor.py:756} INFO - Processing file /home/airflow/.local/lib/python3.7/site-packages/airflow/example_dags/tutorial_dag.py for tasks to queue
[2022-11-28T15:35:17.932+0000] {logging_mixin.py:137} INFO - [2022-11-28T15:35:17.932+0000] {dagbag.py:537} INFO - Filling up the DagBag from /home/airflow/.local/lib/python3.7/site-packages/airflow/example_dags/tutorial_dag.py
[2022-11-28T15:35:17.998+0000] {processor.py:766} INFO - DAG(s) dict_keys(['tutorial_dag']) retrieved from /home/airflow/.local/lib/python3.7/site-packages/airflow/example_dags/tutorial_dag.py
[2022-11-28T15:35:18.122+0000] {logging_mixin.py:137} INFO - [2022-11-28T15:35:18.122+0000] {dag.py:2585} INFO - Sync 1 DAGs
[2022-11-28T15:35:18.217+0000] {logging_mixin.py:137} INFO - [2022-11-28T15:35:18.217+0000] {dag.py:3340} INFO - Setting next_dagrun for tutorial_dag to None, run_after=None
[2022-11-28T15:35:18.262+0000] {processor.py:176} INFO - Processing /home/airflow/.local/lib/python3.7/site-packages/airflow/example_dags/tutorial_dag.py took 0.363 seconds
[2022-11-28T15:35:48.896+0000] {processor.py:154} INFO - Started process (PID=115) to work on /home/airflow/.local/lib/python3.7/site-packages/airflow/example_dags/tutorial_dag.py
[2022-11-28T15:35:48.899+0000] {processor.py:756} INFO - Processing file /home/airflow/.local/lib/python3.7/site-packages/airflow/example_dags/tutorial_dag.py for tasks to queue
[2022-11-28T15:35:48.901+0000] {logging_mixin.py:137} INFO - [2022-11-28T15:35:48.901+0000] {dagbag.py:537} INFO - Filling up the DagBag from /home/airflow/.local/lib/python3.7/site-packages/airflow/example_dags/tutorial_dag.py
[2022-11-28T15:35:48.914+0000] {processor.py:766} INFO - DAG(s) dict_keys(['tutorial_dag']) retrieved from /home/airflow/.local/lib/python3.7/site-packages/airflow/example_dags/tutorial_dag.py
[2022-11-28T15:35:48.955+0000] {logging_mixin.py:137} INFO - [2022-11-28T15:35:48.955+0000] {dag.py:2585} INFO - Sync 1 DAGs
[2022-11-28T15:35:48.974+0000] {logging_mixin.py:137} INFO - [2022-11-28T15:35:48.974+0000] {dag.py:3340} INFO - Setting next_dagrun for tutorial_dag to None, run_after=None
[2022-11-28T15:35:49.000+0000] {processor.py:176} INFO - Processing /home/airflow/.local/lib/python3.7/site-packages/airflow/example_dags/tutorial_dag.py took 0.109 seconds
[2022-11-28T15:36:19.451+0000] {processor.py:154} INFO - Started process (PID=179) to work on /home/airflow/.local/lib/python3.7/site-packages/airflow/example_dags/tutorial_dag.py
[2022-11-28T15:36:19.453+0000] {processor.py:756} INFO - Processing file /home/airflow/.local/lib/python3.7/site-packages/airflow/example_dags/tutorial_dag.py for tasks to queue
[2022-11-28T15:36:19.456+0000] {logging_mixin.py:137} INFO - [2022-11-28T15:36:19.456+0000] {dagbag.py:537} INFO - Filling up the DagBag from /home/airflow/.local/lib/python3.7/site-packages/airflow/example_dags/tutorial_dag.py
[2022-11-28T15:36:19.468+0000] {processor.py:766} INFO - DAG(s) dict_keys(['tutorial_dag']) retrieved from /home/airflow/.local/lib/python3.7/site-packages/airflow/example_dags/tutorial_dag.py
[2022-11-28T15:36:19.503+0000] {logging_mixin.py:137} INFO - [2022-11-28T15:36:19.503+0000] {dag.py:2585} INFO - Sync 1 DAGs
[2022-11-28T15:36:19.524+0000] {logging_mixin.py:137} INFO - [2022-11-28T15:36:19.524+0000] {dag.py:3340} INFO - Setting next_dagrun for tutorial_dag to None, run_after=None
[2022-11-28T15:36:19.541+0000] {processor.py:176} INFO - Processing /home/airflow/.local/lib/python3.7/site-packages/airflow/example_dags/tutorial_dag.py took 0.094 seconds
[2022-11-28T15:38:43.758+0000] {processor.py:154} INFO - Started process (PID=53) to work on /home/airflow/.local/lib/python3.7/site-packages/airflow/example_dags/tutorial_dag.py
[2022-11-28T15:38:43.766+0000] {processor.py:756} INFO - Processing file /home/airflow/.local/lib/python3.7/site-packages/airflow/example_dags/tutorial_dag.py for tasks to queue
[2022-11-28T15:38:43.769+0000] {logging_mixin.py:137} INFO - [2022-11-28T15:38:43.769+0000] {dagbag.py:537} INFO - Filling up the DagBag from /home/airflow/.local/lib/python3.7/site-packages/airflow/example_dags/tutorial_dag.py
[2022-11-28T15:38:43.790+0000] {processor.py:766} INFO - DAG(s) dict_keys(['tutorial_dag']) retrieved from /home/airflow/.local/lib/python3.7/site-packages/airflow/example_dags/tutorial_dag.py
[2022-11-28T15:38:43.849+0000] {logging_mixin.py:137} INFO - [2022-11-28T15:38:43.849+0000] {dag.py:2585} INFO - Sync 1 DAGs
[2022-11-28T15:38:43.883+0000] {logging_mixin.py:137} INFO - [2022-11-28T15:38:43.882+0000] {dag.py:3340} INFO - Setting next_dagrun for tutorial_dag to None, run_after=None
[2022-11-28T15:38:43.916+0000] {processor.py:176} INFO - Processing /home/airflow/.local/lib/python3.7/site-packages/airflow/example_dags/tutorial_dag.py took 0.166 seconds
[2022-11-28T15:39:14.058+0000] {processor.py:154} INFO - Started process (PID=115) to work on /home/airflow/.local/lib/python3.7/site-packages/airflow/example_dags/tutorial_dag.py
[2022-11-28T15:39:14.060+0000] {processor.py:756} INFO - Processing file /home/airflow/.local/lib/python3.7/site-packages/airflow/example_dags/tutorial_dag.py for tasks to queue
[2022-11-28T15:39:14.061+0000] {logging_mixin.py:137} INFO - [2022-11-28T15:39:14.061+0000] {dagbag.py:537} INFO - Filling up the DagBag from /home/airflow/.local/lib/python3.7/site-packages/airflow/example_dags/tutorial_dag.py
[2022-11-28T15:39:14.070+0000] {processor.py:766} INFO - DAG(s) dict_keys(['tutorial_dag']) retrieved from /home/airflow/.local/lib/python3.7/site-packages/airflow/example_dags/tutorial_dag.py
[2022-11-28T15:39:14.101+0000] {logging_mixin.py:137} INFO - [2022-11-28T15:39:14.101+0000] {dag.py:2585} INFO - Sync 1 DAGs
[2022-11-28T15:39:14.115+0000] {logging_mixin.py:137} INFO - [2022-11-28T15:39:14.115+0000] {dag.py:3340} INFO - Setting next_dagrun for tutorial_dag to None, run_after=None
[2022-11-28T15:39:14.127+0000] {processor.py:176} INFO - Processing /home/airflow/.local/lib/python3.7/site-packages/airflow/example_dags/tutorial_dag.py took 0.071 seconds
[2022-11-28T15:39:44.607+0000] {processor.py:154} INFO - Started process (PID=179) to work on /home/airflow/.local/lib/python3.7/site-packages/airflow/example_dags/tutorial_dag.py
[2022-11-28T15:39:44.609+0000] {processor.py:756} INFO - Processing file /home/airflow/.local/lib/python3.7/site-packages/airflow/example_dags/tutorial_dag.py for tasks to queue
[2022-11-28T15:39:44.611+0000] {logging_mixin.py:137} INFO - [2022-11-28T15:39:44.611+0000] {dagbag.py:537} INFO - Filling up the DagBag from /home/airflow/.local/lib/python3.7/site-packages/airflow/example_dags/tutorial_dag.py
[2022-11-28T15:39:44.619+0000] {processor.py:766} INFO - DAG(s) dict_keys(['tutorial_dag']) retrieved from /home/airflow/.local/lib/python3.7/site-packages/airflow/example_dags/tutorial_dag.py
[2022-11-28T15:39:44.646+0000] {logging_mixin.py:137} INFO - [2022-11-28T15:39:44.646+0000] {dag.py:2585} INFO - Sync 1 DAGs
[2022-11-28T15:39:44.662+0000] {logging_mixin.py:137} INFO - [2022-11-28T15:39:44.662+0000] {dag.py:3340} INFO - Setting next_dagrun for tutorial_dag to None, run_after=None
[2022-11-28T15:39:44.676+0000] {processor.py:176} INFO - Processing /home/airflow/.local/lib/python3.7/site-packages/airflow/example_dags/tutorial_dag.py took 0.072 seconds
[2022-11-28T15:40:15.605+0000] {processor.py:154} INFO - Started process (PID=242) to work on /home/airflow/.local/lib/python3.7/site-packages/airflow/example_dags/tutorial_dag.py
[2022-11-28T15:40:15.609+0000] {processor.py:756} INFO - Processing file /home/airflow/.local/lib/python3.7/site-packages/airflow/example_dags/tutorial_dag.py for tasks to queue
[2022-11-28T15:40:15.611+0000] {logging_mixin.py:137} INFO - [2022-11-28T15:40:15.611+0000] {dagbag.py:537} INFO - Filling up the DagBag from /home/airflow/.local/lib/python3.7/site-packages/airflow/example_dags/tutorial_dag.py
[2022-11-28T15:40:15.645+0000] {processor.py:766} INFO - DAG(s) dict_keys(['tutorial_dag']) retrieved from /home/airflow/.local/lib/python3.7/site-packages/airflow/example_dags/tutorial_dag.py
[2022-11-28T15:40:15.712+0000] {logging_mixin.py:137} INFO - [2022-11-28T15:40:15.712+0000] {dag.py:2585} INFO - Sync 1 DAGs
[2022-11-28T15:40:15.733+0000] {logging_mixin.py:137} INFO - [2022-11-28T15:40:15.733+0000] {dag.py:3340} INFO - Setting next_dagrun for tutorial_dag to None, run_after=None
[2022-11-28T15:40:15.771+0000] {processor.py:176} INFO - Processing /home/airflow/.local/lib/python3.7/site-packages/airflow/example_dags/tutorial_dag.py took 0.168 seconds
[2022-11-28T15:40:46.556+0000] {processor.py:154} INFO - Started process (PID=296) to work on /home/airflow/.local/lib/python3.7/site-packages/airflow/example_dags/tutorial_dag.py
[2022-11-28T15:40:46.558+0000] {processor.py:756} INFO - Processing file /home/airflow/.local/lib/python3.7/site-packages/airflow/example_dags/tutorial_dag.py for tasks to queue
[2022-11-28T15:40:46.562+0000] {logging_mixin.py:137} INFO - [2022-11-28T15:40:46.562+0000] {dagbag.py:537} INFO - Filling up the DagBag from /home/airflow/.local/lib/python3.7/site-packages/airflow/example_dags/tutorial_dag.py
[2022-11-28T15:40:46.573+0000] {processor.py:766} INFO - DAG(s) dict_keys(['tutorial_dag']) retrieved from /home/airflow/.local/lib/python3.7/site-packages/airflow/example_dags/tutorial_dag.py
[2022-11-28T15:40:46.600+0000] {logging_mixin.py:137} INFO - [2022-11-28T15:40:46.600+0000] {dag.py:2585} INFO - Sync 1 DAGs
[2022-11-28T15:40:46.614+0000] {logging_mixin.py:137} INFO - [2022-11-28T15:40:46.614+0000] {dag.py:3340} INFO - Setting next_dagrun for tutorial_dag to None, run_after=None
[2022-11-28T15:40:46.627+0000] {processor.py:176} INFO - Processing /home/airflow/.local/lib/python3.7/site-packages/airflow/example_dags/tutorial_dag.py took 0.073 seconds
[2022-11-28T15:41:17.891+0000] {processor.py:154} INFO - Started process (PID=357) to work on /home/airflow/.local/lib/python3.7/site-packages/airflow/example_dags/tutorial_dag.py
[2022-11-28T15:41:17.894+0000] {processor.py:756} INFO - Processing file /home/airflow/.local/lib/python3.7/site-packages/airflow/example_dags/tutorial_dag.py for tasks to queue
[2022-11-28T15:41:17.897+0000] {logging_mixin.py:137} INFO - [2022-11-28T15:41:17.897+0000] {dagbag.py:537} INFO - Filling up the DagBag from /home/airflow/.local/lib/python3.7/site-packages/airflow/example_dags/tutorial_dag.py
[2022-11-28T15:41:17.916+0000] {processor.py:766} INFO - DAG(s) dict_keys(['tutorial_dag']) retrieved from /home/airflow/.local/lib/python3.7/site-packages/airflow/example_dags/tutorial_dag.py
[2022-11-28T15:41:17.995+0000] {logging_mixin.py:137} INFO - [2022-11-28T15:41:17.995+0000] {dag.py:2585} INFO - Sync 1 DAGs
[2022-11-28T15:41:18.035+0000] {logging_mixin.py:137} INFO - [2022-11-28T15:41:18.035+0000] {dag.py:3340} INFO - Setting next_dagrun for tutorial_dag to None, run_after=None
[2022-11-28T15:41:18.053+0000] {processor.py:176} INFO - Processing /home/airflow/.local/lib/python3.7/site-packages/airflow/example_dags/tutorial_dag.py took 0.168 seconds
[2022-11-28T15:41:48.738+0000] {processor.py:154} INFO - Started process (PID=420) to work on /home/airflow/.local/lib/python3.7/site-packages/airflow/example_dags/tutorial_dag.py
[2022-11-28T15:41:48.740+0000] {processor.py:756} INFO - Processing file /home/airflow/.local/lib/python3.7/site-packages/airflow/example_dags/tutorial_dag.py for tasks to queue
[2022-11-28T15:41:48.741+0000] {logging_mixin.py:137} INFO - [2022-11-28T15:41:48.741+0000] {dagbag.py:537} INFO - Filling up the DagBag from /home/airflow/.local/lib/python3.7/site-packages/airflow/example_dags/tutorial_dag.py
[2022-11-28T15:41:48.753+0000] {processor.py:766} INFO - DAG(s) dict_keys(['tutorial_dag']) retrieved from /home/airflow/.local/lib/python3.7/site-packages/airflow/example_dags/tutorial_dag.py
[2022-11-28T15:41:48.784+0000] {logging_mixin.py:137} INFO - [2022-11-28T15:41:48.783+0000] {dag.py:2585} INFO - Sync 1 DAGs
[2022-11-28T15:41:48.800+0000] {logging_mixin.py:137} INFO - [2022-11-28T15:41:48.800+0000] {dag.py:3340} INFO - Setting next_dagrun for tutorial_dag to None, run_after=None
[2022-11-28T15:41:48.817+0000] {processor.py:176} INFO - Processing /home/airflow/.local/lib/python3.7/site-packages/airflow/example_dags/tutorial_dag.py took 0.082 seconds
[2022-11-28T15:42:19.271+0000] {processor.py:154} INFO - Started process (PID=483) to work on /home/airflow/.local/lib/python3.7/site-packages/airflow/example_dags/tutorial_dag.py
[2022-11-28T15:42:19.273+0000] {processor.py:756} INFO - Processing file /home/airflow/.local/lib/python3.7/site-packages/airflow/example_dags/tutorial_dag.py for tasks to queue
[2022-11-28T15:42:19.275+0000] {logging_mixin.py:137} INFO - [2022-11-28T15:42:19.275+0000] {dagbag.py:537} INFO - Filling up the DagBag from /home/airflow/.local/lib/python3.7/site-packages/airflow/example_dags/tutorial_dag.py
[2022-11-28T15:42:19.285+0000] {processor.py:766} INFO - DAG(s) dict_keys(['tutorial_dag']) retrieved from /home/airflow/.local/lib/python3.7/site-packages/airflow/example_dags/tutorial_dag.py
[2022-11-28T15:42:19.320+0000] {logging_mixin.py:137} INFO - [2022-11-28T15:42:19.319+0000] {dag.py:2585} INFO - Sync 1 DAGs
[2022-11-28T15:42:19.338+0000] {logging_mixin.py:137} INFO - [2022-11-28T15:42:19.338+0000] {dag.py:3340} INFO - Setting next_dagrun for tutorial_dag to None, run_after=None
[2022-11-28T15:42:19.355+0000] {processor.py:176} INFO - Processing /home/airflow/.local/lib/python3.7/site-packages/airflow/example_dags/tutorial_dag.py took 0.086 seconds
[2022-11-28T15:42:49.463+0000] {processor.py:154} INFO - Started process (PID=545) to work on /home/airflow/.local/lib/python3.7/site-packages/airflow/example_dags/tutorial_dag.py
[2022-11-28T15:42:49.465+0000] {processor.py:756} INFO - Processing file /home/airflow/.local/lib/python3.7/site-packages/airflow/example_dags/tutorial_dag.py for tasks to queue
[2022-11-28T15:42:49.467+0000] {logging_mixin.py:137} INFO - [2022-11-28T15:42:49.467+0000] {dagbag.py:537} INFO - Filling up the DagBag from /home/airflow/.local/lib/python3.7/site-packages/airflow/example_dags/tutorial_dag.py
[2022-11-28T15:42:49.477+0000] {processor.py:766} INFO - DAG(s) dict_keys(['tutorial_dag']) retrieved from /home/airflow/.local/lib/python3.7/site-packages/airflow/example_dags/tutorial_dag.py
[2022-11-28T15:42:49.511+0000] {logging_mixin.py:137} INFO - [2022-11-28T15:42:49.511+0000] {dag.py:2585} INFO - Sync 1 DAGs
[2022-11-28T15:42:49.531+0000] {logging_mixin.py:137} INFO - [2022-11-28T15:42:49.531+0000] {dag.py:3340} INFO - Setting next_dagrun for tutorial_dag to None, run_after=None
[2022-11-28T15:42:49.546+0000] {processor.py:176} INFO - Processing /home/airflow/.local/lib/python3.7/site-packages/airflow/example_dags/tutorial_dag.py took 0.086 seconds
[2022-11-28T15:43:19.596+0000] {processor.py:154} INFO - Started process (PID=599) to work on /home/airflow/.local/lib/python3.7/site-packages/airflow/example_dags/tutorial_dag.py
[2022-11-28T15:43:19.598+0000] {processor.py:756} INFO - Processing file /home/airflow/.local/lib/python3.7/site-packages/airflow/example_dags/tutorial_dag.py for tasks to queue
[2022-11-28T15:43:19.599+0000] {logging_mixin.py:137} INFO - [2022-11-28T15:43:19.599+0000] {dagbag.py:537} INFO - Filling up the DagBag from /home/airflow/.local/lib/python3.7/site-packages/airflow/example_dags/tutorial_dag.py
[2022-11-28T15:43:19.608+0000] {processor.py:766} INFO - DAG(s) dict_keys(['tutorial_dag']) retrieved from /home/airflow/.local/lib/python3.7/site-packages/airflow/example_dags/tutorial_dag.py
[2022-11-28T15:43:19.635+0000] {logging_mixin.py:137} INFO - [2022-11-28T15:43:19.635+0000] {dag.py:2585} INFO - Sync 1 DAGs
[2022-11-28T15:43:19.651+0000] {logging_mixin.py:137} INFO - [2022-11-28T15:43:19.651+0000] {dag.py:3340} INFO - Setting next_dagrun for tutorial_dag to None, run_after=None
[2022-11-28T15:43:19.664+0000] {processor.py:176} INFO - Processing /home/airflow/.local/lib/python3.7/site-packages/airflow/example_dags/tutorial_dag.py took 0.070 seconds
[2022-11-28T15:43:49.712+0000] {processor.py:154} INFO - Started process (PID=662) to work on /home/airflow/.local/lib/python3.7/site-packages/airflow/example_dags/tutorial_dag.py
[2022-11-28T15:43:49.714+0000] {processor.py:756} INFO - Processing file /home/airflow/.local/lib/python3.7/site-packages/airflow/example_dags/tutorial_dag.py for tasks to queue
[2022-11-28T15:43:49.715+0000] {logging_mixin.py:137} INFO - [2022-11-28T15:43:49.715+0000] {dagbag.py:537} INFO - Filling up the DagBag from /home/airflow/.local/lib/python3.7/site-packages/airflow/example_dags/tutorial_dag.py
[2022-11-28T15:43:49.724+0000] {processor.py:766} INFO - DAG(s) dict_keys(['tutorial_dag']) retrieved from /home/airflow/.local/lib/python3.7/site-packages/airflow/example_dags/tutorial_dag.py
[2022-11-28T15:43:49.750+0000] {logging_mixin.py:137} INFO - [2022-11-28T15:43:49.750+0000] {dag.py:2585} INFO - Sync 1 DAGs
[2022-11-28T15:43:49.768+0000] {logging_mixin.py:137} INFO - [2022-11-28T15:43:49.767+0000] {dag.py:3340} INFO - Setting next_dagrun for tutorial_dag to None, run_after=None
[2022-11-28T15:43:49.781+0000] {processor.py:176} INFO - Processing /home/airflow/.local/lib/python3.7/site-packages/airflow/example_dags/tutorial_dag.py took 0.072 seconds
[2022-11-28T15:44:20.612+0000] {processor.py:154} INFO - Started process (PID=725) to work on /home/airflow/.local/lib/python3.7/site-packages/airflow/example_dags/tutorial_dag.py
[2022-11-28T15:44:20.616+0000] {processor.py:756} INFO - Processing file /home/airflow/.local/lib/python3.7/site-packages/airflow/example_dags/tutorial_dag.py for tasks to queue
[2022-11-28T15:44:20.619+0000] {logging_mixin.py:137} INFO - [2022-11-28T15:44:20.618+0000] {dagbag.py:537} INFO - Filling up the DagBag from /home/airflow/.local/lib/python3.7/site-packages/airflow/example_dags/tutorial_dag.py
[2022-11-28T15:44:20.647+0000] {processor.py:766} INFO - DAG(s) dict_keys(['tutorial_dag']) retrieved from /home/airflow/.local/lib/python3.7/site-packages/airflow/example_dags/tutorial_dag.py
[2022-11-28T15:44:20.710+0000] {logging_mixin.py:137} INFO - [2022-11-28T15:44:20.710+0000] {dag.py:2585} INFO - Sync 1 DAGs
[2022-11-28T15:44:20.731+0000] {logging_mixin.py:137} INFO - [2022-11-28T15:44:20.731+0000] {dag.py:3340} INFO - Setting next_dagrun for tutorial_dag to None, run_after=None
[2022-11-28T15:44:20.754+0000] {processor.py:176} INFO - Processing /home/airflow/.local/lib/python3.7/site-packages/airflow/example_dags/tutorial_dag.py took 0.153 seconds
[2022-11-28T15:44:51.175+0000] {processor.py:154} INFO - Started process (PID=788) to work on /home/airflow/.local/lib/python3.7/site-packages/airflow/example_dags/tutorial_dag.py
[2022-11-28T15:44:51.177+0000] {processor.py:756} INFO - Processing file /home/airflow/.local/lib/python3.7/site-packages/airflow/example_dags/tutorial_dag.py for tasks to queue
[2022-11-28T15:44:51.179+0000] {logging_mixin.py:137} INFO - [2022-11-28T15:44:51.179+0000] {dagbag.py:537} INFO - Filling up the DagBag from /home/airflow/.local/lib/python3.7/site-packages/airflow/example_dags/tutorial_dag.py
[2022-11-28T15:44:51.188+0000] {processor.py:766} INFO - DAG(s) dict_keys(['tutorial_dag']) retrieved from /home/airflow/.local/lib/python3.7/site-packages/airflow/example_dags/tutorial_dag.py
[2022-11-28T15:44:51.220+0000] {logging_mixin.py:137} INFO - [2022-11-28T15:44:51.220+0000] {dag.py:2585} INFO - Sync 1 DAGs
[2022-11-28T15:44:51.238+0000] {logging_mixin.py:137} INFO - [2022-11-28T15:44:51.238+0000] {dag.py:3340} INFO - Setting next_dagrun for tutorial_dag to None, run_after=None
[2022-11-28T15:44:51.251+0000] {processor.py:176} INFO - Processing /home/airflow/.local/lib/python3.7/site-packages/airflow/example_dags/tutorial_dag.py took 0.078 seconds
[2022-11-28T15:45:22.222+0000] {processor.py:154} INFO - Started process (PID=851) to work on /home/airflow/.local/lib/python3.7/site-packages/airflow/example_dags/tutorial_dag.py
[2022-11-28T15:45:22.224+0000] {processor.py:756} INFO - Processing file /home/airflow/.local/lib/python3.7/site-packages/airflow/example_dags/tutorial_dag.py for tasks to queue
[2022-11-28T15:45:22.226+0000] {logging_mixin.py:137} INFO - [2022-11-28T15:45:22.226+0000] {dagbag.py:537} INFO - Filling up the DagBag from /home/airflow/.local/lib/python3.7/site-packages/airflow/example_dags/tutorial_dag.py
[2022-11-28T15:45:22.238+0000] {processor.py:766} INFO - DAG(s) dict_keys(['tutorial_dag']) retrieved from /home/airflow/.local/lib/python3.7/site-packages/airflow/example_dags/tutorial_dag.py
[2022-11-28T15:45:22.274+0000] {logging_mixin.py:137} INFO - [2022-11-28T15:45:22.274+0000] {dag.py:2585} INFO - Sync 1 DAGs
[2022-11-28T15:45:22.290+0000] {logging_mixin.py:137} INFO - [2022-11-28T15:45:22.290+0000] {dag.py:3340} INFO - Setting next_dagrun for tutorial_dag to None, run_after=None
[2022-11-28T15:45:22.302+0000] {processor.py:176} INFO - Processing /home/airflow/.local/lib/python3.7/site-packages/airflow/example_dags/tutorial_dag.py took 0.083 seconds
[2022-11-28T15:45:52.895+0000] {processor.py:154} INFO - Started process (PID=907) to work on /home/airflow/.local/lib/python3.7/site-packages/airflow/example_dags/tutorial_dag.py
[2022-11-28T15:45:52.897+0000] {processor.py:756} INFO - Processing file /home/airflow/.local/lib/python3.7/site-packages/airflow/example_dags/tutorial_dag.py for tasks to queue
[2022-11-28T15:45:52.898+0000] {logging_mixin.py:137} INFO - [2022-11-28T15:45:52.898+0000] {dagbag.py:537} INFO - Filling up the DagBag from /home/airflow/.local/lib/python3.7/site-packages/airflow/example_dags/tutorial_dag.py
[2022-11-28T15:45:52.908+0000] {processor.py:766} INFO - DAG(s) dict_keys(['tutorial_dag']) retrieved from /home/airflow/.local/lib/python3.7/site-packages/airflow/example_dags/tutorial_dag.py
[2022-11-28T15:45:52.936+0000] {logging_mixin.py:137} INFO - [2022-11-28T15:45:52.936+0000] {dag.py:2585} INFO - Sync 1 DAGs
[2022-11-28T15:45:52.952+0000] {logging_mixin.py:137} INFO - [2022-11-28T15:45:52.952+0000] {dag.py:3340} INFO - Setting next_dagrun for tutorial_dag to None, run_after=None
[2022-11-28T15:45:52.966+0000] {processor.py:176} INFO - Processing /home/airflow/.local/lib/python3.7/site-packages/airflow/example_dags/tutorial_dag.py took 0.073 seconds
[2022-11-28T15:46:23.687+0000] {processor.py:154} INFO - Started process (PID=971) to work on /home/airflow/.local/lib/python3.7/site-packages/airflow/example_dags/tutorial_dag.py
[2022-11-28T15:46:23.689+0000] {processor.py:756} INFO - Processing file /home/airflow/.local/lib/python3.7/site-packages/airflow/example_dags/tutorial_dag.py for tasks to queue
[2022-11-28T15:46:23.690+0000] {logging_mixin.py:137} INFO - [2022-11-28T15:46:23.690+0000] {dagbag.py:537} INFO - Filling up the DagBag from /home/airflow/.local/lib/python3.7/site-packages/airflow/example_dags/tutorial_dag.py
[2022-11-28T15:46:23.699+0000] {processor.py:766} INFO - DAG(s) dict_keys(['tutorial_dag']) retrieved from /home/airflow/.local/lib/python3.7/site-packages/airflow/example_dags/tutorial_dag.py
[2022-11-28T15:46:23.728+0000] {logging_mixin.py:137} INFO - [2022-11-28T15:46:23.728+0000] {dag.py:2585} INFO - Sync 1 DAGs
[2022-11-28T15:46:23.743+0000] {logging_mixin.py:137} INFO - [2022-11-28T15:46:23.743+0000] {dag.py:3340} INFO - Setting next_dagrun for tutorial_dag to None, run_after=None
[2022-11-28T15:46:23.757+0000] {processor.py:176} INFO - Processing /home/airflow/.local/lib/python3.7/site-packages/airflow/example_dags/tutorial_dag.py took 0.072 seconds
[2022-11-28T15:46:54.447+0000] {processor.py:154} INFO - Started process (PID=1034) to work on /home/airflow/.local/lib/python3.7/site-packages/airflow/example_dags/tutorial_dag.py
[2022-11-28T15:46:54.449+0000] {processor.py:756} INFO - Processing file /home/airflow/.local/lib/python3.7/site-packages/airflow/example_dags/tutorial_dag.py for tasks to queue
[2022-11-28T15:46:54.450+0000] {logging_mixin.py:137} INFO - [2022-11-28T15:46:54.450+0000] {dagbag.py:537} INFO - Filling up the DagBag from /home/airflow/.local/lib/python3.7/site-packages/airflow/example_dags/tutorial_dag.py
[2022-11-28T15:46:54.461+0000] {processor.py:766} INFO - DAG(s) dict_keys(['tutorial_dag']) retrieved from /home/airflow/.local/lib/python3.7/site-packages/airflow/example_dags/tutorial_dag.py
[2022-11-28T15:46:54.493+0000] {logging_mixin.py:137} INFO - [2022-11-28T15:46:54.493+0000] {dag.py:2585} INFO - Sync 1 DAGs
[2022-11-28T15:46:54.511+0000] {logging_mixin.py:137} INFO - [2022-11-28T15:46:54.510+0000] {dag.py:3340} INFO - Setting next_dagrun for tutorial_dag to None, run_after=None
[2022-11-28T15:46:54.525+0000] {processor.py:176} INFO - Processing /home/airflow/.local/lib/python3.7/site-packages/airflow/example_dags/tutorial_dag.py took 0.080 seconds
[2022-11-28T15:47:25.299+0000] {processor.py:154} INFO - Started process (PID=1098) to work on /home/airflow/.local/lib/python3.7/site-packages/airflow/example_dags/tutorial_dag.py
[2022-11-28T15:47:25.301+0000] {processor.py:756} INFO - Processing file /home/airflow/.local/lib/python3.7/site-packages/airflow/example_dags/tutorial_dag.py for tasks to queue
[2022-11-28T15:47:25.302+0000] {logging_mixin.py:137} INFO - [2022-11-28T15:47:25.302+0000] {dagbag.py:537} INFO - Filling up the DagBag from /home/airflow/.local/lib/python3.7/site-packages/airflow/example_dags/tutorial_dag.py
[2022-11-28T15:47:25.311+0000] {processor.py:766} INFO - DAG(s) dict_keys(['tutorial_dag']) retrieved from /home/airflow/.local/lib/python3.7/site-packages/airflow/example_dags/tutorial_dag.py
[2022-11-28T15:47:25.338+0000] {logging_mixin.py:137} INFO - [2022-11-28T15:47:25.338+0000] {dag.py:2585} INFO - Sync 1 DAGs
[2022-11-28T15:47:25.352+0000] {logging_mixin.py:137} INFO - [2022-11-28T15:47:25.352+0000] {dag.py:3340} INFO - Setting next_dagrun for tutorial_dag to None, run_after=None
[2022-11-28T15:47:25.364+0000] {processor.py:176} INFO - Processing /home/airflow/.local/lib/python3.7/site-packages/airflow/example_dags/tutorial_dag.py took 0.068 seconds
[2022-11-28T15:47:55.741+0000] {processor.py:154} INFO - Started process (PID=1163) to work on /home/airflow/.local/lib/python3.7/site-packages/airflow/example_dags/tutorial_dag.py
[2022-11-28T15:47:55.746+0000] {processor.py:756} INFO - Processing file /home/airflow/.local/lib/python3.7/site-packages/airflow/example_dags/tutorial_dag.py for tasks to queue
[2022-11-28T15:47:55.748+0000] {logging_mixin.py:137} INFO - [2022-11-28T15:47:55.747+0000] {dagbag.py:537} INFO - Filling up the DagBag from /home/airflow/.local/lib/python3.7/site-packages/airflow/example_dags/tutorial_dag.py
[2022-11-28T15:47:55.761+0000] {processor.py:766} INFO - DAG(s) dict_keys(['tutorial_dag']) retrieved from /home/airflow/.local/lib/python3.7/site-packages/airflow/example_dags/tutorial_dag.py
[2022-11-28T15:47:55.796+0000] {logging_mixin.py:137} INFO - [2022-11-28T15:47:55.796+0000] {dag.py:2585} INFO - Sync 1 DAGs
[2022-11-28T15:47:55.823+0000] {logging_mixin.py:137} INFO - [2022-11-28T15:47:55.823+0000] {dag.py:3340} INFO - Setting next_dagrun for tutorial_dag to None, run_after=None
[2022-11-28T15:47:55.848+0000] {processor.py:176} INFO - Processing /home/airflow/.local/lib/python3.7/site-packages/airflow/example_dags/tutorial_dag.py took 0.115 seconds
[2022-11-28T15:48:26.789+0000] {processor.py:154} INFO - Started process (PID=1227) to work on /home/airflow/.local/lib/python3.7/site-packages/airflow/example_dags/tutorial_dag.py
[2022-11-28T15:48:26.791+0000] {processor.py:756} INFO - Processing file /home/airflow/.local/lib/python3.7/site-packages/airflow/example_dags/tutorial_dag.py for tasks to queue
[2022-11-28T15:48:26.792+0000] {logging_mixin.py:137} INFO - [2022-11-28T15:48:26.792+0000] {dagbag.py:537} INFO - Filling up the DagBag from /home/airflow/.local/lib/python3.7/site-packages/airflow/example_dags/tutorial_dag.py
[2022-11-28T15:48:26.803+0000] {processor.py:766} INFO - DAG(s) dict_keys(['tutorial_dag']) retrieved from /home/airflow/.local/lib/python3.7/site-packages/airflow/example_dags/tutorial_dag.py
[2022-11-28T15:48:26.833+0000] {logging_mixin.py:137} INFO - [2022-11-28T15:48:26.833+0000] {dag.py:2585} INFO - Sync 1 DAGs
[2022-11-28T15:48:26.849+0000] {logging_mixin.py:137} INFO - [2022-11-28T15:48:26.849+0000] {dag.py:3340} INFO - Setting next_dagrun for tutorial_dag to None, run_after=None
[2022-11-28T15:48:26.864+0000] {processor.py:176} INFO - Processing /home/airflow/.local/lib/python3.7/site-packages/airflow/example_dags/tutorial_dag.py took 0.078 seconds
[2022-11-28T15:48:57.597+0000] {processor.py:154} INFO - Started process (PID=1281) to work on /home/airflow/.local/lib/python3.7/site-packages/airflow/example_dags/tutorial_dag.py
[2022-11-28T15:48:57.599+0000] {processor.py:756} INFO - Processing file /home/airflow/.local/lib/python3.7/site-packages/airflow/example_dags/tutorial_dag.py for tasks to queue
[2022-11-28T15:48:57.600+0000] {logging_mixin.py:137} INFO - [2022-11-28T15:48:57.600+0000] {dagbag.py:537} INFO - Filling up the DagBag from /home/airflow/.local/lib/python3.7/site-packages/airflow/example_dags/tutorial_dag.py
[2022-11-28T15:48:57.611+0000] {processor.py:766} INFO - DAG(s) dict_keys(['tutorial_dag']) retrieved from /home/airflow/.local/lib/python3.7/site-packages/airflow/example_dags/tutorial_dag.py
[2022-11-28T15:48:57.641+0000] {logging_mixin.py:137} INFO - [2022-11-28T15:48:57.640+0000] {dag.py:2585} INFO - Sync 1 DAGs
[2022-11-28T15:48:57.658+0000] {logging_mixin.py:137} INFO - [2022-11-28T15:48:57.658+0000] {dag.py:3340} INFO - Setting next_dagrun for tutorial_dag to None, run_after=None
[2022-11-28T15:48:57.672+0000] {processor.py:176} INFO - Processing /home/airflow/.local/lib/python3.7/site-packages/airflow/example_dags/tutorial_dag.py took 0.077 seconds
[2022-11-28T15:49:28.341+0000] {processor.py:154} INFO - Started process (PID=1344) to work on /home/airflow/.local/lib/python3.7/site-packages/airflow/example_dags/tutorial_dag.py
[2022-11-28T15:49:28.343+0000] {processor.py:756} INFO - Processing file /home/airflow/.local/lib/python3.7/site-packages/airflow/example_dags/tutorial_dag.py for tasks to queue
[2022-11-28T15:49:28.344+0000] {logging_mixin.py:137} INFO - [2022-11-28T15:49:28.344+0000] {dagbag.py:537} INFO - Filling up the DagBag from /home/airflow/.local/lib/python3.7/site-packages/airflow/example_dags/tutorial_dag.py
[2022-11-28T15:49:28.353+0000] {processor.py:766} INFO - DAG(s) dict_keys(['tutorial_dag']) retrieved from /home/airflow/.local/lib/python3.7/site-packages/airflow/example_dags/tutorial_dag.py
[2022-11-28T15:49:28.380+0000] {logging_mixin.py:137} INFO - [2022-11-28T15:49:28.379+0000] {dag.py:2585} INFO - Sync 1 DAGs
[2022-11-28T15:49:28.394+0000] {logging_mixin.py:137} INFO - [2022-11-28T15:49:28.394+0000] {dag.py:3340} INFO - Setting next_dagrun for tutorial_dag to None, run_after=None
[2022-11-28T15:49:28.406+0000] {processor.py:176} INFO - Processing /home/airflow/.local/lib/python3.7/site-packages/airflow/example_dags/tutorial_dag.py took 0.067 seconds
