[2023-03-10T19:50:29.707+0000] {processor.py:154} INFO - Started process (PID=33) to work on /opt/airflow/dags/example.py
[2023-03-10T19:50:29.710+0000] {processor.py:756} INFO - Processing file /opt/airflow/dags/example.py for tasks to queue
[2023-03-10T19:50:29.712+0000] {logging_mixin.py:137} INFO - [2023-03-10T19:50:29.712+0000] {dagbag.py:537} INFO - Filling up the DagBag from /opt/airflow/dags/example.py
[2023-03-10T19:50:29.752+0000] {processor.py:766} INFO - DAG(s) dict_keys(['daily_dag']) retrieved from /opt/airflow/dags/example.py
[2023-03-10T19:50:29.802+0000] {logging_mixin.py:137} INFO - [2023-03-10T19:50:29.802+0000] {dag.py:2585} INFO - Sync 1 DAGs
[2023-03-10T19:50:29.827+0000] {logging_mixin.py:137} INFO - [2023-03-10T19:50:29.827+0000] {dag.py:3340} INFO - Setting next_dagrun for daily_dag to 2023-03-09T00:00:00+00:00, run_after=2023-03-10T00:00:00+00:00
[2023-03-10T19:50:29.845+0000] {processor.py:176} INFO - Processing /opt/airflow/dags/example.py took 0.147 seconds
[2023-03-10T19:51:00.673+0000] {processor.py:154} INFO - Started process (PID=97) to work on /opt/airflow/dags/example.py
[2023-03-10T19:51:00.677+0000] {processor.py:756} INFO - Processing file /opt/airflow/dags/example.py for tasks to queue
[2023-03-10T19:51:00.679+0000] {logging_mixin.py:137} INFO - [2023-03-10T19:51:00.679+0000] {dagbag.py:537} INFO - Filling up the DagBag from /opt/airflow/dags/example.py
[2023-03-10T19:51:00.712+0000] {processor.py:766} INFO - DAG(s) dict_keys(['daily_dag']) retrieved from /opt/airflow/dags/example.py
[2023-03-10T19:51:00.750+0000] {logging_mixin.py:137} INFO - [2023-03-10T19:51:00.750+0000] {dag.py:2585} INFO - Sync 1 DAGs
[2023-03-10T19:51:00.767+0000] {logging_mixin.py:137} INFO - [2023-03-10T19:51:00.767+0000] {dag.py:3340} INFO - Setting next_dagrun for daily_dag to 2023-03-09T00:00:00+00:00, run_after=2023-03-10T00:00:00+00:00
[2023-03-10T19:51:00.780+0000] {processor.py:176} INFO - Processing /opt/airflow/dags/example.py took 0.113 seconds
[2023-03-10T19:51:31.306+0000] {processor.py:154} INFO - Started process (PID=162) to work on /opt/airflow/dags/example.py
[2023-03-10T19:51:31.310+0000] {processor.py:756} INFO - Processing file /opt/airflow/dags/example.py for tasks to queue
[2023-03-10T19:51:31.312+0000] {logging_mixin.py:137} INFO - [2023-03-10T19:51:31.312+0000] {dagbag.py:537} INFO - Filling up the DagBag from /opt/airflow/dags/example.py
[2023-03-10T19:51:31.348+0000] {processor.py:766} INFO - DAG(s) dict_keys(['daily_dag']) retrieved from /opt/airflow/dags/example.py
[2023-03-10T19:51:31.391+0000] {logging_mixin.py:137} INFO - [2023-03-10T19:51:31.391+0000] {dag.py:2585} INFO - Sync 1 DAGs
[2023-03-10T19:51:31.415+0000] {logging_mixin.py:137} INFO - [2023-03-10T19:51:31.415+0000] {dag.py:3340} INFO - Setting next_dagrun for daily_dag to 2023-03-09T00:00:00+00:00, run_after=2023-03-10T00:00:00+00:00
[2023-03-10T19:51:31.428+0000] {processor.py:176} INFO - Processing /opt/airflow/dags/example.py took 0.131 seconds
[2023-03-10T19:52:01.862+0000] {processor.py:154} INFO - Started process (PID=226) to work on /opt/airflow/dags/example.py
[2023-03-10T19:52:01.865+0000] {processor.py:756} INFO - Processing file /opt/airflow/dags/example.py for tasks to queue
[2023-03-10T19:52:01.866+0000] {logging_mixin.py:137} INFO - [2023-03-10T19:52:01.866+0000] {dagbag.py:537} INFO - Filling up the DagBag from /opt/airflow/dags/example.py
[2023-03-10T19:52:01.899+0000] {processor.py:766} INFO - DAG(s) dict_keys(['daily_dag']) retrieved from /opt/airflow/dags/example.py
[2023-03-10T19:52:01.932+0000] {logging_mixin.py:137} INFO - [2023-03-10T19:52:01.932+0000] {dag.py:2585} INFO - Sync 1 DAGs
[2023-03-10T19:52:01.949+0000] {logging_mixin.py:137} INFO - [2023-03-10T19:52:01.949+0000] {dag.py:3340} INFO - Setting next_dagrun for daily_dag to 2023-03-09T00:00:00+00:00, run_after=2023-03-10T00:00:00+00:00
[2023-03-10T19:52:01.961+0000] {processor.py:176} INFO - Processing /opt/airflow/dags/example.py took 0.103 seconds
[2023-03-10T19:52:32.948+0000] {processor.py:154} INFO - Started process (PID=282) to work on /opt/airflow/dags/example.py
[2023-03-10T19:52:32.952+0000] {processor.py:756} INFO - Processing file /opt/airflow/dags/example.py for tasks to queue
[2023-03-10T19:52:32.954+0000] {logging_mixin.py:137} INFO - [2023-03-10T19:52:32.954+0000] {dagbag.py:537} INFO - Filling up the DagBag from /opt/airflow/dags/example.py
[2023-03-10T19:52:32.993+0000] {processor.py:766} INFO - DAG(s) dict_keys(['daily_dag']) retrieved from /opt/airflow/dags/example.py
[2023-03-10T19:52:33.037+0000] {logging_mixin.py:137} INFO - [2023-03-10T19:52:33.037+0000] {dag.py:2585} INFO - Sync 1 DAGs
[2023-03-10T19:52:33.057+0000] {logging_mixin.py:137} INFO - [2023-03-10T19:52:33.057+0000] {dag.py:3340} INFO - Setting next_dagrun for daily_dag to 2023-03-09T00:00:00+00:00, run_after=2023-03-10T00:00:00+00:00
[2023-03-10T19:52:33.075+0000] {processor.py:176} INFO - Processing /opt/airflow/dags/example.py took 0.132 seconds
[2023-03-10T19:53:03.647+0000] {processor.py:154} INFO - Started process (PID=347) to work on /opt/airflow/dags/example.py
[2023-03-10T19:53:03.650+0000] {processor.py:756} INFO - Processing file /opt/airflow/dags/example.py for tasks to queue
[2023-03-10T19:53:03.652+0000] {logging_mixin.py:137} INFO - [2023-03-10T19:53:03.652+0000] {dagbag.py:537} INFO - Filling up the DagBag from /opt/airflow/dags/example.py
[2023-03-10T19:53:03.689+0000] {processor.py:766} INFO - DAG(s) dict_keys(['daily_dag']) retrieved from /opt/airflow/dags/example.py
[2023-03-10T19:53:03.726+0000] {logging_mixin.py:137} INFO - [2023-03-10T19:53:03.726+0000] {dag.py:2585} INFO - Sync 1 DAGs
[2023-03-10T19:53:03.748+0000] {logging_mixin.py:137} INFO - [2023-03-10T19:53:03.748+0000] {dag.py:3340} INFO - Setting next_dagrun for daily_dag to 2023-03-09T00:00:00+00:00, run_after=2023-03-10T00:00:00+00:00
[2023-03-10T19:53:03.763+0000] {processor.py:176} INFO - Processing /opt/airflow/dags/example.py took 0.122 seconds
[2023-03-10T19:53:33.893+0000] {processor.py:154} INFO - Started process (PID=410) to work on /opt/airflow/dags/example.py
[2023-03-10T19:53:33.895+0000] {processor.py:756} INFO - Processing file /opt/airflow/dags/example.py for tasks to queue
[2023-03-10T19:53:33.897+0000] {logging_mixin.py:137} INFO - [2023-03-10T19:53:33.897+0000] {dagbag.py:537} INFO - Filling up the DagBag from /opt/airflow/dags/example.py
[2023-03-10T19:53:33.925+0000] {processor.py:766} INFO - DAG(s) dict_keys(['daily_dag']) retrieved from /opt/airflow/dags/example.py
[2023-03-10T19:53:33.962+0000] {logging_mixin.py:137} INFO - [2023-03-10T19:53:33.962+0000] {dag.py:2585} INFO - Sync 1 DAGs
[2023-03-10T19:53:33.985+0000] {logging_mixin.py:137} INFO - [2023-03-10T19:53:33.985+0000] {dag.py:3340} INFO - Setting next_dagrun for daily_dag to 2023-03-09T00:00:00+00:00, run_after=2023-03-10T00:00:00+00:00
[2023-03-10T19:53:34.002+0000] {processor.py:176} INFO - Processing /opt/airflow/dags/example.py took 0.113 seconds
[2023-03-10T19:54:04.602+0000] {processor.py:154} INFO - Started process (PID=474) to work on /opt/airflow/dags/example.py
[2023-03-10T19:54:04.606+0000] {processor.py:756} INFO - Processing file /opt/airflow/dags/example.py for tasks to queue
[2023-03-10T19:54:04.608+0000] {logging_mixin.py:137} INFO - [2023-03-10T19:54:04.608+0000] {dagbag.py:537} INFO - Filling up the DagBag from /opt/airflow/dags/example.py
[2023-03-10T19:54:04.635+0000] {processor.py:766} INFO - DAG(s) dict_keys(['daily_dag']) retrieved from /opt/airflow/dags/example.py
[2023-03-10T19:54:04.675+0000] {logging_mixin.py:137} INFO - [2023-03-10T19:54:04.675+0000] {dag.py:2585} INFO - Sync 1 DAGs
[2023-03-10T19:54:04.712+0000] {logging_mixin.py:137} INFO - [2023-03-10T19:54:04.711+0000] {dag.py:3340} INFO - Setting next_dagrun for daily_dag to 2023-03-09T00:00:00+00:00, run_after=2023-03-10T00:00:00+00:00
[2023-03-10T19:54:04.735+0000] {processor.py:176} INFO - Processing /opt/airflow/dags/example.py took 0.138 seconds
[2023-03-10T19:54:35.383+0000] {processor.py:154} INFO - Started process (PID=538) to work on /opt/airflow/dags/example.py
[2023-03-10T19:54:35.388+0000] {processor.py:756} INFO - Processing file /opt/airflow/dags/example.py for tasks to queue
[2023-03-10T19:54:35.392+0000] {logging_mixin.py:137} INFO - [2023-03-10T19:54:35.392+0000] {dagbag.py:537} INFO - Filling up the DagBag from /opt/airflow/dags/example.py
[2023-03-10T19:54:35.420+0000] {processor.py:766} INFO - DAG(s) dict_keys(['daily_dag']) retrieved from /opt/airflow/dags/example.py
[2023-03-10T19:54:35.453+0000] {logging_mixin.py:137} INFO - [2023-03-10T19:54:35.453+0000] {dag.py:2585} INFO - Sync 1 DAGs
[2023-03-10T19:54:35.472+0000] {logging_mixin.py:137} INFO - [2023-03-10T19:54:35.472+0000] {dag.py:3340} INFO - Setting next_dagrun for daily_dag to 2023-03-09T00:00:00+00:00, run_after=2023-03-10T00:00:00+00:00
[2023-03-10T19:54:35.484+0000] {processor.py:176} INFO - Processing /opt/airflow/dags/example.py took 0.106 seconds
[2023-03-10T19:55:06.190+0000] {processor.py:154} INFO - Started process (PID=593) to work on /opt/airflow/dags/example.py
[2023-03-10T19:55:06.192+0000] {processor.py:756} INFO - Processing file /opt/airflow/dags/example.py for tasks to queue
[2023-03-10T19:55:06.194+0000] {logging_mixin.py:137} INFO - [2023-03-10T19:55:06.194+0000] {dagbag.py:537} INFO - Filling up the DagBag from /opt/airflow/dags/example.py
[2023-03-10T19:55:06.228+0000] {processor.py:766} INFO - DAG(s) dict_keys(['daily_dag']) retrieved from /opt/airflow/dags/example.py
[2023-03-10T19:55:06.287+0000] {logging_mixin.py:137} INFO - [2023-03-10T19:55:06.287+0000] {dag.py:2585} INFO - Sync 1 DAGs
[2023-03-10T19:55:06.310+0000] {logging_mixin.py:137} INFO - [2023-03-10T19:55:06.310+0000] {dag.py:3340} INFO - Setting next_dagrun for daily_dag to 2023-03-09T00:00:00+00:00, run_after=2023-03-10T00:00:00+00:00
[2023-03-10T19:55:06.324+0000] {processor.py:176} INFO - Processing /opt/airflow/dags/example.py took 0.140 seconds
[2023-03-10T19:55:37.322+0000] {processor.py:154} INFO - Started process (PID=655) to work on /opt/airflow/dags/example.py
[2023-03-10T19:55:37.325+0000] {processor.py:756} INFO - Processing file /opt/airflow/dags/example.py for tasks to queue
[2023-03-10T19:55:37.326+0000] {logging_mixin.py:137} INFO - [2023-03-10T19:55:37.326+0000] {dagbag.py:537} INFO - Filling up the DagBag from /opt/airflow/dags/example.py
[2023-03-10T19:55:37.352+0000] {processor.py:766} INFO - DAG(s) dict_keys(['daily_dag']) retrieved from /opt/airflow/dags/example.py
[2023-03-10T19:55:37.383+0000] {logging_mixin.py:137} INFO - [2023-03-10T19:55:37.382+0000] {dag.py:2585} INFO - Sync 1 DAGs
[2023-03-10T19:55:37.400+0000] {logging_mixin.py:137} INFO - [2023-03-10T19:55:37.400+0000] {dag.py:3340} INFO - Setting next_dagrun for daily_dag to 2023-03-09T00:00:00+00:00, run_after=2023-03-10T00:00:00+00:00
[2023-03-10T19:55:37.424+0000] {processor.py:176} INFO - Processing /opt/airflow/dags/example.py took 0.113 seconds
[2023-03-10T19:56:07.817+0000] {processor.py:154} INFO - Started process (PID=719) to work on /opt/airflow/dags/example.py
[2023-03-10T19:56:07.820+0000] {processor.py:756} INFO - Processing file /opt/airflow/dags/example.py for tasks to queue
[2023-03-10T19:56:07.822+0000] {logging_mixin.py:137} INFO - [2023-03-10T19:56:07.822+0000] {dagbag.py:537} INFO - Filling up the DagBag from /opt/airflow/dags/example.py
[2023-03-10T19:56:07.847+0000] {processor.py:766} INFO - DAG(s) dict_keys(['daily_dag']) retrieved from /opt/airflow/dags/example.py
[2023-03-10T19:56:07.882+0000] {logging_mixin.py:137} INFO - [2023-03-10T19:56:07.882+0000] {dag.py:2585} INFO - Sync 1 DAGs
[2023-03-10T19:56:07.917+0000] {logging_mixin.py:137} INFO - [2023-03-10T19:56:07.917+0000] {dag.py:3340} INFO - Setting next_dagrun for daily_dag to 2023-03-09T00:00:00+00:00, run_after=2023-03-10T00:00:00+00:00
[2023-03-10T19:56:07.930+0000] {processor.py:176} INFO - Processing /opt/airflow/dags/example.py took 0.119 seconds
[2023-03-10T19:56:38.559+0000] {processor.py:154} INFO - Started process (PID=783) to work on /opt/airflow/dags/example.py
[2023-03-10T19:56:38.563+0000] {processor.py:756} INFO - Processing file /opt/airflow/dags/example.py for tasks to queue
[2023-03-10T19:56:38.565+0000] {logging_mixin.py:137} INFO - [2023-03-10T19:56:38.565+0000] {dagbag.py:537} INFO - Filling up the DagBag from /opt/airflow/dags/example.py
[2023-03-10T19:56:38.597+0000] {processor.py:766} INFO - DAG(s) dict_keys(['daily_dag']) retrieved from /opt/airflow/dags/example.py
[2023-03-10T19:56:38.680+0000] {logging_mixin.py:137} INFO - [2023-03-10T19:56:38.680+0000] {dag.py:2585} INFO - Sync 1 DAGs
[2023-03-10T19:56:38.704+0000] {logging_mixin.py:137} INFO - [2023-03-10T19:56:38.704+0000] {dag.py:3340} INFO - Setting next_dagrun for daily_dag to 2023-03-09T00:00:00+00:00, run_after=2023-03-10T00:00:00+00:00
[2023-03-10T19:56:38.721+0000] {processor.py:176} INFO - Processing /opt/airflow/dags/example.py took 0.166 seconds
[2023-03-10T19:57:09.206+0000] {processor.py:154} INFO - Started process (PID=846) to work on /opt/airflow/dags/example.py
[2023-03-10T19:57:09.210+0000] {processor.py:756} INFO - Processing file /opt/airflow/dags/example.py for tasks to queue
[2023-03-10T19:57:09.218+0000] {logging_mixin.py:137} INFO - [2023-03-10T19:57:09.218+0000] {dagbag.py:537} INFO - Filling up the DagBag from /opt/airflow/dags/example.py
[2023-03-10T19:57:09.253+0000] {processor.py:766} INFO - DAG(s) dict_keys(['daily_dag']) retrieved from /opt/airflow/dags/example.py
[2023-03-10T19:57:09.302+0000] {logging_mixin.py:137} INFO - [2023-03-10T19:57:09.301+0000] {dag.py:2585} INFO - Sync 1 DAGs
[2023-03-10T19:57:09.320+0000] {logging_mixin.py:137} INFO - [2023-03-10T19:57:09.320+0000] {dag.py:3340} INFO - Setting next_dagrun for daily_dag to 2023-03-09T00:00:00+00:00, run_after=2023-03-10T00:00:00+00:00
[2023-03-10T19:57:09.335+0000] {processor.py:176} INFO - Processing /opt/airflow/dags/example.py took 0.134 seconds
[2023-03-10T19:57:40.129+0000] {processor.py:154} INFO - Started process (PID=909) to work on /opt/airflow/dags/example.py
[2023-03-10T19:57:40.131+0000] {processor.py:756} INFO - Processing file /opt/airflow/dags/example.py for tasks to queue
[2023-03-10T19:57:40.133+0000] {logging_mixin.py:137} INFO - [2023-03-10T19:57:40.133+0000] {dagbag.py:537} INFO - Filling up the DagBag from /opt/airflow/dags/example.py
[2023-03-10T19:57:40.164+0000] {processor.py:766} INFO - DAG(s) dict_keys(['daily_dag']) retrieved from /opt/airflow/dags/example.py
[2023-03-10T19:57:40.209+0000] {logging_mixin.py:137} INFO - [2023-03-10T19:57:40.209+0000] {dag.py:2585} INFO - Sync 1 DAGs
[2023-03-10T19:57:40.232+0000] {logging_mixin.py:137} INFO - [2023-03-10T19:57:40.232+0000] {dag.py:3340} INFO - Setting next_dagrun for daily_dag to 2023-03-09T00:00:00+00:00, run_after=2023-03-10T00:00:00+00:00
[2023-03-10T19:57:40.248+0000] {processor.py:176} INFO - Processing /opt/airflow/dags/example.py took 0.124 seconds
[2023-03-10T19:58:11.268+0000] {processor.py:154} INFO - Started process (PID=964) to work on /opt/airflow/dags/example.py
[2023-03-10T19:58:11.270+0000] {processor.py:756} INFO - Processing file /opt/airflow/dags/example.py for tasks to queue
[2023-03-10T19:58:11.273+0000] {logging_mixin.py:137} INFO - [2023-03-10T19:58:11.273+0000] {dagbag.py:537} INFO - Filling up the DagBag from /opt/airflow/dags/example.py
[2023-03-10T19:58:11.302+0000] {processor.py:766} INFO - DAG(s) dict_keys(['daily_dag']) retrieved from /opt/airflow/dags/example.py
[2023-03-10T19:58:11.343+0000] {logging_mixin.py:137} INFO - [2023-03-10T19:58:11.342+0000] {dag.py:2585} INFO - Sync 1 DAGs
[2023-03-10T19:58:11.360+0000] {logging_mixin.py:137} INFO - [2023-03-10T19:58:11.360+0000] {dag.py:3340} INFO - Setting next_dagrun for daily_dag to 2023-03-09T00:00:00+00:00, run_after=2023-03-10T00:00:00+00:00
[2023-03-10T19:58:11.374+0000] {processor.py:176} INFO - Processing /opt/airflow/dags/example.py took 0.111 seconds
[2023-03-10T19:58:42.209+0000] {processor.py:154} INFO - Started process (PID=1028) to work on /opt/airflow/dags/example.py
[2023-03-10T19:58:42.211+0000] {processor.py:756} INFO - Processing file /opt/airflow/dags/example.py for tasks to queue
[2023-03-10T19:58:42.213+0000] {logging_mixin.py:137} INFO - [2023-03-10T19:58:42.213+0000] {dagbag.py:537} INFO - Filling up the DagBag from /opt/airflow/dags/example.py
[2023-03-10T19:58:42.241+0000] {processor.py:766} INFO - DAG(s) dict_keys(['daily_dag']) retrieved from /opt/airflow/dags/example.py
[2023-03-10T19:58:42.272+0000] {logging_mixin.py:137} INFO - [2023-03-10T19:58:42.272+0000] {dag.py:2585} INFO - Sync 1 DAGs
[2023-03-10T19:58:42.288+0000] {logging_mixin.py:137} INFO - [2023-03-10T19:58:42.288+0000] {dag.py:3340} INFO - Setting next_dagrun for daily_dag to 2023-03-09T00:00:00+00:00, run_after=2023-03-10T00:00:00+00:00
[2023-03-10T19:58:42.301+0000] {processor.py:176} INFO - Processing /opt/airflow/dags/example.py took 0.096 seconds
[2023-03-10T19:59:13.021+0000] {processor.py:154} INFO - Started process (PID=1092) to work on /opt/airflow/dags/example.py
[2023-03-10T19:59:13.024+0000] {processor.py:756} INFO - Processing file /opt/airflow/dags/example.py for tasks to queue
[2023-03-10T19:59:13.025+0000] {logging_mixin.py:137} INFO - [2023-03-10T19:59:13.025+0000] {dagbag.py:537} INFO - Filling up the DagBag from /opt/airflow/dags/example.py
[2023-03-10T19:59:13.059+0000] {processor.py:766} INFO - DAG(s) dict_keys(['daily_dag']) retrieved from /opt/airflow/dags/example.py
[2023-03-10T19:59:13.093+0000] {logging_mixin.py:137} INFO - [2023-03-10T19:59:13.093+0000] {dag.py:2585} INFO - Sync 1 DAGs
[2023-03-10T19:59:13.111+0000] {logging_mixin.py:137} INFO - [2023-03-10T19:59:13.111+0000] {dag.py:3340} INFO - Setting next_dagrun for daily_dag to 2023-03-09T00:00:00+00:00, run_after=2023-03-10T00:00:00+00:00
[2023-03-10T19:59:13.126+0000] {processor.py:176} INFO - Processing /opt/airflow/dags/example.py took 0.108 seconds
[2023-03-10T19:59:43.381+0000] {processor.py:154} INFO - Started process (PID=1156) to work on /opt/airflow/dags/example.py
[2023-03-10T19:59:43.389+0000] {processor.py:756} INFO - Processing file /opt/airflow/dags/example.py for tasks to queue
[2023-03-10T19:59:43.392+0000] {logging_mixin.py:137} INFO - [2023-03-10T19:59:43.392+0000] {dagbag.py:537} INFO - Filling up the DagBag from /opt/airflow/dags/example.py
[2023-03-10T19:59:43.436+0000] {processor.py:766} INFO - DAG(s) dict_keys(['daily_dag']) retrieved from /opt/airflow/dags/example.py
[2023-03-10T19:59:43.516+0000] {logging_mixin.py:137} INFO - [2023-03-10T19:59:43.516+0000] {dag.py:2585} INFO - Sync 1 DAGs
[2023-03-10T19:59:43.539+0000] {logging_mixin.py:137} INFO - [2023-03-10T19:59:43.539+0000] {dag.py:3340} INFO - Setting next_dagrun for daily_dag to 2023-03-09T00:00:00+00:00, run_after=2023-03-10T00:00:00+00:00
[2023-03-10T19:59:43.556+0000] {processor.py:176} INFO - Processing /opt/airflow/dags/example.py took 0.181 seconds
[2023-03-10T20:00:14.464+0000] {processor.py:154} INFO - Started process (PID=1220) to work on /opt/airflow/dags/example.py
[2023-03-10T20:00:14.466+0000] {processor.py:756} INFO - Processing file /opt/airflow/dags/example.py for tasks to queue
[2023-03-10T20:00:14.468+0000] {logging_mixin.py:137} INFO - [2023-03-10T20:00:14.468+0000] {dagbag.py:537} INFO - Filling up the DagBag from /opt/airflow/dags/example.py
[2023-03-10T20:00:14.490+0000] {processor.py:766} INFO - DAG(s) dict_keys(['daily_dag']) retrieved from /opt/airflow/dags/example.py
[2023-03-10T20:00:14.527+0000] {logging_mixin.py:137} INFO - [2023-03-10T20:00:14.526+0000] {dag.py:2585} INFO - Sync 1 DAGs
[2023-03-10T20:00:14.550+0000] {logging_mixin.py:137} INFO - [2023-03-10T20:00:14.550+0000] {dag.py:3340} INFO - Setting next_dagrun for daily_dag to 2023-03-09T00:00:00+00:00, run_after=2023-03-10T00:00:00+00:00
[2023-03-10T20:00:14.564+0000] {processor.py:176} INFO - Processing /opt/airflow/dags/example.py took 0.104 seconds
[2023-03-10T20:00:45.552+0000] {processor.py:154} INFO - Started process (PID=1284) to work on /opt/airflow/dags/example.py
[2023-03-10T20:00:45.555+0000] {processor.py:756} INFO - Processing file /opt/airflow/dags/example.py for tasks to queue
[2023-03-10T20:00:45.557+0000] {logging_mixin.py:137} INFO - [2023-03-10T20:00:45.557+0000] {dagbag.py:537} INFO - Filling up the DagBag from /opt/airflow/dags/example.py
[2023-03-10T20:00:45.589+0000] {processor.py:766} INFO - DAG(s) dict_keys(['daily_dag']) retrieved from /opt/airflow/dags/example.py
[2023-03-10T20:00:45.631+0000] {logging_mixin.py:137} INFO - [2023-03-10T20:00:45.631+0000] {dag.py:2585} INFO - Sync 1 DAGs
[2023-03-10T20:00:45.652+0000] {logging_mixin.py:137} INFO - [2023-03-10T20:00:45.651+0000] {dag.py:3340} INFO - Setting next_dagrun for daily_dag to 2023-03-09T00:00:00+00:00, run_after=2023-03-10T00:00:00+00:00
[2023-03-10T20:00:45.667+0000] {processor.py:176} INFO - Processing /opt/airflow/dags/example.py took 0.119 seconds
[2023-03-10T20:01:16.144+0000] {processor.py:154} INFO - Started process (PID=1339) to work on /opt/airflow/dags/example.py
[2023-03-10T20:01:16.147+0000] {processor.py:756} INFO - Processing file /opt/airflow/dags/example.py for tasks to queue
[2023-03-10T20:01:16.149+0000] {logging_mixin.py:137} INFO - [2023-03-10T20:01:16.149+0000] {dagbag.py:537} INFO - Filling up the DagBag from /opt/airflow/dags/example.py
[2023-03-10T20:01:16.188+0000] {processor.py:766} INFO - DAG(s) dict_keys(['daily_dag']) retrieved from /opt/airflow/dags/example.py
[2023-03-10T20:01:16.232+0000] {logging_mixin.py:137} INFO - [2023-03-10T20:01:16.232+0000] {dag.py:2585} INFO - Sync 1 DAGs
[2023-03-10T20:01:16.259+0000] {logging_mixin.py:137} INFO - [2023-03-10T20:01:16.259+0000] {dag.py:3340} INFO - Setting next_dagrun for daily_dag to 2023-03-09T00:00:00+00:00, run_after=2023-03-10T00:00:00+00:00
[2023-03-10T20:01:16.322+0000] {processor.py:176} INFO - Processing /opt/airflow/dags/example.py took 0.182 seconds
[2023-03-10T20:01:46.886+0000] {processor.py:154} INFO - Started process (PID=1404) to work on /opt/airflow/dags/example.py
[2023-03-10T20:01:46.890+0000] {processor.py:756} INFO - Processing file /opt/airflow/dags/example.py for tasks to queue
[2023-03-10T20:01:46.891+0000] {logging_mixin.py:137} INFO - [2023-03-10T20:01:46.891+0000] {dagbag.py:537} INFO - Filling up the DagBag from /opt/airflow/dags/example.py
[2023-03-10T20:01:46.921+0000] {processor.py:766} INFO - DAG(s) dict_keys(['daily_dag']) retrieved from /opt/airflow/dags/example.py
[2023-03-10T20:01:46.973+0000] {logging_mixin.py:137} INFO - [2023-03-10T20:01:46.973+0000] {dag.py:2585} INFO - Sync 1 DAGs
[2023-03-10T20:01:46.997+0000] {logging_mixin.py:137} INFO - [2023-03-10T20:01:46.997+0000] {dag.py:3340} INFO - Setting next_dagrun for daily_dag to 2023-03-09T00:00:00+00:00, run_after=2023-03-10T00:00:00+00:00
[2023-03-10T20:01:47.011+0000] {processor.py:176} INFO - Processing /opt/airflow/dags/example.py took 0.130 seconds
[2023-03-10T20:02:17.697+0000] {processor.py:154} INFO - Started process (PID=1469) to work on /opt/airflow/dags/example.py
[2023-03-10T20:02:17.700+0000] {processor.py:756} INFO - Processing file /opt/airflow/dags/example.py for tasks to queue
[2023-03-10T20:02:17.704+0000] {logging_mixin.py:137} INFO - [2023-03-10T20:02:17.704+0000] {dagbag.py:537} INFO - Filling up the DagBag from /opt/airflow/dags/example.py
[2023-03-10T20:02:17.745+0000] {processor.py:766} INFO - DAG(s) dict_keys(['daily_dag']) retrieved from /opt/airflow/dags/example.py
[2023-03-10T20:02:17.810+0000] {logging_mixin.py:137} INFO - [2023-03-10T20:02:17.810+0000] {dag.py:2585} INFO - Sync 1 DAGs
[2023-03-10T20:02:17.836+0000] {logging_mixin.py:137} INFO - [2023-03-10T20:02:17.835+0000] {dag.py:3340} INFO - Setting next_dagrun for daily_dag to 2023-03-09T00:00:00+00:00, run_after=2023-03-10T00:00:00+00:00
[2023-03-10T20:02:17.853+0000] {processor.py:176} INFO - Processing /opt/airflow/dags/example.py took 0.165 seconds
[2023-03-10T20:02:48.556+0000] {processor.py:154} INFO - Started process (PID=1532) to work on /opt/airflow/dags/example.py
[2023-03-10T20:02:48.559+0000] {processor.py:756} INFO - Processing file /opt/airflow/dags/example.py for tasks to queue
[2023-03-10T20:02:48.562+0000] {logging_mixin.py:137} INFO - [2023-03-10T20:02:48.562+0000] {dagbag.py:537} INFO - Filling up the DagBag from /opt/airflow/dags/example.py
[2023-03-10T20:02:48.597+0000] {processor.py:766} INFO - DAG(s) dict_keys(['daily_dag']) retrieved from /opt/airflow/dags/example.py
[2023-03-10T20:02:48.634+0000] {logging_mixin.py:137} INFO - [2023-03-10T20:02:48.634+0000] {dag.py:2585} INFO - Sync 1 DAGs
[2023-03-10T20:02:48.652+0000] {logging_mixin.py:137} INFO - [2023-03-10T20:02:48.652+0000] {dag.py:3340} INFO - Setting next_dagrun for daily_dag to 2023-03-09T00:00:00+00:00, run_after=2023-03-10T00:00:00+00:00
[2023-03-10T20:02:48.666+0000] {processor.py:176} INFO - Processing /opt/airflow/dags/example.py took 0.116 seconds
[2023-03-10T20:03:19.192+0000] {processor.py:154} INFO - Started process (PID=1594) to work on /opt/airflow/dags/example.py
[2023-03-10T20:03:19.195+0000] {processor.py:756} INFO - Processing file /opt/airflow/dags/example.py for tasks to queue
[2023-03-10T20:03:19.198+0000] {logging_mixin.py:137} INFO - [2023-03-10T20:03:19.198+0000] {dagbag.py:537} INFO - Filling up the DagBag from /opt/airflow/dags/example.py
[2023-03-10T20:03:19.222+0000] {processor.py:766} INFO - DAG(s) dict_keys(['daily_dag']) retrieved from /opt/airflow/dags/example.py
[2023-03-10T20:03:19.262+0000] {logging_mixin.py:137} INFO - [2023-03-10T20:03:19.262+0000] {dag.py:2585} INFO - Sync 1 DAGs
[2023-03-10T20:03:19.281+0000] {logging_mixin.py:137} INFO - [2023-03-10T20:03:19.281+0000] {dag.py:3340} INFO - Setting next_dagrun for daily_dag to 2023-03-09T00:00:00+00:00, run_after=2023-03-10T00:00:00+00:00
[2023-03-10T20:03:19.296+0000] {processor.py:176} INFO - Processing /opt/airflow/dags/example.py took 0.107 seconds
[2023-03-10T20:03:50.118+0000] {processor.py:154} INFO - Started process (PID=1658) to work on /opt/airflow/dags/example.py
[2023-03-10T20:03:50.121+0000] {processor.py:756} INFO - Processing file /opt/airflow/dags/example.py for tasks to queue
[2023-03-10T20:03:50.124+0000] {logging_mixin.py:137} INFO - [2023-03-10T20:03:50.123+0000] {dagbag.py:537} INFO - Filling up the DagBag from /opt/airflow/dags/example.py
[2023-03-10T20:03:50.153+0000] {processor.py:766} INFO - DAG(s) dict_keys(['daily_dag']) retrieved from /opt/airflow/dags/example.py
[2023-03-10T20:03:50.191+0000] {logging_mixin.py:137} INFO - [2023-03-10T20:03:50.191+0000] {dag.py:2585} INFO - Sync 1 DAGs
[2023-03-10T20:03:50.212+0000] {logging_mixin.py:137} INFO - [2023-03-10T20:03:50.212+0000] {dag.py:3340} INFO - Setting next_dagrun for daily_dag to 2023-03-09T00:00:00+00:00, run_after=2023-03-10T00:00:00+00:00
[2023-03-10T20:03:50.226+0000] {processor.py:176} INFO - Processing /opt/airflow/dags/example.py took 0.123 seconds
[2023-03-10T20:04:20.774+0000] {processor.py:154} INFO - Started process (PID=1712) to work on /opt/airflow/dags/example.py
[2023-03-10T20:04:20.778+0000] {processor.py:756} INFO - Processing file /opt/airflow/dags/example.py for tasks to queue
[2023-03-10T20:04:20.780+0000] {logging_mixin.py:137} INFO - [2023-03-10T20:04:20.779+0000] {dagbag.py:537} INFO - Filling up the DagBag from /opt/airflow/dags/example.py
[2023-03-10T20:04:20.815+0000] {processor.py:766} INFO - DAG(s) dict_keys(['daily_dag']) retrieved from /opt/airflow/dags/example.py
[2023-03-10T20:04:20.859+0000] {logging_mixin.py:137} INFO - [2023-03-10T20:04:20.859+0000] {dag.py:2585} INFO - Sync 1 DAGs
[2023-03-10T20:04:20.880+0000] {logging_mixin.py:137} INFO - [2023-03-10T20:04:20.880+0000] {dag.py:3340} INFO - Setting next_dagrun for daily_dag to 2023-03-09T00:00:00+00:00, run_after=2023-03-10T00:00:00+00:00
[2023-03-10T20:04:20.896+0000] {processor.py:176} INFO - Processing /opt/airflow/dags/example.py took 0.126 seconds
[2023-03-10T20:04:51.555+0000] {processor.py:154} INFO - Started process (PID=1776) to work on /opt/airflow/dags/example.py
[2023-03-10T20:04:51.558+0000] {processor.py:756} INFO - Processing file /opt/airflow/dags/example.py for tasks to queue
[2023-03-10T20:04:51.560+0000] {logging_mixin.py:137} INFO - [2023-03-10T20:04:51.560+0000] {dagbag.py:537} INFO - Filling up the DagBag from /opt/airflow/dags/example.py
[2023-03-10T20:04:51.589+0000] {processor.py:766} INFO - DAG(s) dict_keys(['daily_dag']) retrieved from /opt/airflow/dags/example.py
[2023-03-10T20:04:51.624+0000] {logging_mixin.py:137} INFO - [2023-03-10T20:04:51.624+0000] {dag.py:2585} INFO - Sync 1 DAGs
[2023-03-10T20:04:51.642+0000] {logging_mixin.py:137} INFO - [2023-03-10T20:04:51.641+0000] {dag.py:3340} INFO - Setting next_dagrun for daily_dag to 2023-03-09T00:00:00+00:00, run_after=2023-03-10T00:00:00+00:00
[2023-03-10T20:04:51.656+0000] {processor.py:176} INFO - Processing /opt/airflow/dags/example.py took 0.109 seconds
[2023-03-10T20:05:22.298+0000] {processor.py:154} INFO - Started process (PID=1840) to work on /opt/airflow/dags/example.py
[2023-03-10T20:05:22.301+0000] {processor.py:756} INFO - Processing file /opt/airflow/dags/example.py for tasks to queue
[2023-03-10T20:05:22.304+0000] {logging_mixin.py:137} INFO - [2023-03-10T20:05:22.304+0000] {dagbag.py:537} INFO - Filling up the DagBag from /opt/airflow/dags/example.py
[2023-03-10T20:05:22.338+0000] {processor.py:766} INFO - DAG(s) dict_keys(['daily_dag']) retrieved from /opt/airflow/dags/example.py
[2023-03-10T20:05:22.376+0000] {logging_mixin.py:137} INFO - [2023-03-10T20:05:22.376+0000] {dag.py:2585} INFO - Sync 1 DAGs
[2023-03-10T20:05:22.393+0000] {logging_mixin.py:137} INFO - [2023-03-10T20:05:22.393+0000] {dag.py:3340} INFO - Setting next_dagrun for daily_dag to 2023-03-09T00:00:00+00:00, run_after=2023-03-10T00:00:00+00:00
[2023-03-10T20:05:22.407+0000] {processor.py:176} INFO - Processing /opt/airflow/dags/example.py took 0.114 seconds
[2023-03-10T20:05:53.295+0000] {processor.py:154} INFO - Started process (PID=1904) to work on /opt/airflow/dags/example.py
[2023-03-10T20:05:53.301+0000] {processor.py:756} INFO - Processing file /opt/airflow/dags/example.py for tasks to queue
[2023-03-10T20:05:53.304+0000] {logging_mixin.py:137} INFO - [2023-03-10T20:05:53.304+0000] {dagbag.py:537} INFO - Filling up the DagBag from /opt/airflow/dags/example.py
[2023-03-10T20:05:53.334+0000] {processor.py:766} INFO - DAG(s) dict_keys(['daily_dag']) retrieved from /opt/airflow/dags/example.py
[2023-03-10T20:05:53.384+0000] {logging_mixin.py:137} INFO - [2023-03-10T20:05:53.384+0000] {dag.py:2585} INFO - Sync 1 DAGs
[2023-03-10T20:05:53.413+0000] {logging_mixin.py:137} INFO - [2023-03-10T20:05:53.413+0000] {dag.py:3340} INFO - Setting next_dagrun for daily_dag to 2023-03-09T00:00:00+00:00, run_after=2023-03-10T00:00:00+00:00
[2023-03-10T20:05:53.432+0000] {processor.py:176} INFO - Processing /opt/airflow/dags/example.py took 0.141 seconds
[2023-03-10T20:06:23.932+0000] {processor.py:154} INFO - Started process (PID=1968) to work on /opt/airflow/dags/example.py
[2023-03-10T20:06:23.934+0000] {processor.py:756} INFO - Processing file /opt/airflow/dags/example.py for tasks to queue
[2023-03-10T20:06:23.936+0000] {logging_mixin.py:137} INFO - [2023-03-10T20:06:23.936+0000] {dagbag.py:537} INFO - Filling up the DagBag from /opt/airflow/dags/example.py
[2023-03-10T20:06:23.960+0000] {processor.py:766} INFO - DAG(s) dict_keys(['daily_dag']) retrieved from /opt/airflow/dags/example.py
[2023-03-10T20:06:23.993+0000] {logging_mixin.py:137} INFO - [2023-03-10T20:06:23.993+0000] {dag.py:2585} INFO - Sync 1 DAGs
[2023-03-10T20:06:24.012+0000] {logging_mixin.py:137} INFO - [2023-03-10T20:06:24.011+0000] {dag.py:3340} INFO - Setting next_dagrun for daily_dag to 2023-03-09T00:00:00+00:00, run_after=2023-03-10T00:00:00+00:00
[2023-03-10T20:06:24.025+0000] {processor.py:176} INFO - Processing /opt/airflow/dags/example.py took 0.096 seconds
[2023-03-10T20:06:54.352+0000] {processor.py:154} INFO - Started process (PID=2032) to work on /opt/airflow/dags/example.py
[2023-03-10T20:06:54.354+0000] {processor.py:756} INFO - Processing file /opt/airflow/dags/example.py for tasks to queue
[2023-03-10T20:06:54.356+0000] {logging_mixin.py:137} INFO - [2023-03-10T20:06:54.356+0000] {dagbag.py:537} INFO - Filling up the DagBag from /opt/airflow/dags/example.py
[2023-03-10T20:06:54.381+0000] {processor.py:766} INFO - DAG(s) dict_keys(['daily_dag']) retrieved from /opt/airflow/dags/example.py
[2023-03-10T20:06:54.418+0000] {logging_mixin.py:137} INFO - [2023-03-10T20:06:54.418+0000] {dag.py:2585} INFO - Sync 1 DAGs
[2023-03-10T20:06:54.438+0000] {logging_mixin.py:137} INFO - [2023-03-10T20:06:54.438+0000] {dag.py:3340} INFO - Setting next_dagrun for daily_dag to 2023-03-09T00:00:00+00:00, run_after=2023-03-10T00:00:00+00:00
[2023-03-10T20:06:54.453+0000] {processor.py:176} INFO - Processing /opt/airflow/dags/example.py took 0.104 seconds
[2023-03-10T20:07:25.232+0000] {processor.py:154} INFO - Started process (PID=2086) to work on /opt/airflow/dags/example.py
[2023-03-10T20:07:25.234+0000] {processor.py:756} INFO - Processing file /opt/airflow/dags/example.py for tasks to queue
[2023-03-10T20:07:25.236+0000] {logging_mixin.py:137} INFO - [2023-03-10T20:07:25.236+0000] {dagbag.py:537} INFO - Filling up the DagBag from /opt/airflow/dags/example.py
[2023-03-10T20:07:25.267+0000] {processor.py:766} INFO - DAG(s) dict_keys(['daily_dag']) retrieved from /opt/airflow/dags/example.py
[2023-03-10T20:07:25.312+0000] {logging_mixin.py:137} INFO - [2023-03-10T20:07:25.312+0000] {dag.py:2585} INFO - Sync 1 DAGs
[2023-03-10T20:07:25.331+0000] {logging_mixin.py:137} INFO - [2023-03-10T20:07:25.331+0000] {dag.py:3340} INFO - Setting next_dagrun for daily_dag to 2023-03-09T00:00:00+00:00, run_after=2023-03-10T00:00:00+00:00
[2023-03-10T20:07:25.352+0000] {processor.py:176} INFO - Processing /opt/airflow/dags/example.py took 0.125 seconds
[2023-03-10T20:07:55.836+0000] {processor.py:154} INFO - Started process (PID=2150) to work on /opt/airflow/dags/example.py
[2023-03-10T20:07:55.838+0000] {processor.py:756} INFO - Processing file /opt/airflow/dags/example.py for tasks to queue
[2023-03-10T20:07:55.840+0000] {logging_mixin.py:137} INFO - [2023-03-10T20:07:55.840+0000] {dagbag.py:537} INFO - Filling up the DagBag from /opt/airflow/dags/example.py
[2023-03-10T20:07:55.871+0000] {processor.py:766} INFO - DAG(s) dict_keys(['daily_dag']) retrieved from /opt/airflow/dags/example.py
[2023-03-10T20:07:55.908+0000] {logging_mixin.py:137} INFO - [2023-03-10T20:07:55.908+0000] {dag.py:2585} INFO - Sync 1 DAGs
[2023-03-10T20:07:55.926+0000] {logging_mixin.py:137} INFO - [2023-03-10T20:07:55.926+0000] {dag.py:3340} INFO - Setting next_dagrun for daily_dag to 2023-03-09T00:00:00+00:00, run_after=2023-03-10T00:00:00+00:00
[2023-03-10T20:07:55.938+0000] {processor.py:176} INFO - Processing /opt/airflow/dags/example.py took 0.107 seconds
[2023-03-10T20:08:26.502+0000] {processor.py:154} INFO - Started process (PID=2213) to work on /opt/airflow/dags/example.py
[2023-03-10T20:08:26.505+0000] {processor.py:756} INFO - Processing file /opt/airflow/dags/example.py for tasks to queue
[2023-03-10T20:08:26.507+0000] {logging_mixin.py:137} INFO - [2023-03-10T20:08:26.507+0000] {dagbag.py:537} INFO - Filling up the DagBag from /opt/airflow/dags/example.py
[2023-03-10T20:08:26.535+0000] {processor.py:766} INFO - DAG(s) dict_keys(['daily_dag']) retrieved from /opt/airflow/dags/example.py
[2023-03-10T20:08:26.574+0000] {logging_mixin.py:137} INFO - [2023-03-10T20:08:26.574+0000] {dag.py:2585} INFO - Sync 1 DAGs
[2023-03-10T20:08:26.594+0000] {logging_mixin.py:137} INFO - [2023-03-10T20:08:26.594+0000] {dag.py:3340} INFO - Setting next_dagrun for daily_dag to 2023-03-09T00:00:00+00:00, run_after=2023-03-10T00:00:00+00:00
[2023-03-10T20:08:26.608+0000] {processor.py:176} INFO - Processing /opt/airflow/dags/example.py took 0.111 seconds
[2023-03-10T20:08:57.069+0000] {processor.py:154} INFO - Started process (PID=2278) to work on /opt/airflow/dags/example.py
[2023-03-10T20:08:57.073+0000] {processor.py:756} INFO - Processing file /opt/airflow/dags/example.py for tasks to queue
[2023-03-10T20:08:57.075+0000] {logging_mixin.py:137} INFO - [2023-03-10T20:08:57.075+0000] {dagbag.py:537} INFO - Filling up the DagBag from /opt/airflow/dags/example.py
[2023-03-10T20:08:57.099+0000] {processor.py:766} INFO - DAG(s) dict_keys(['daily_dag']) retrieved from /opt/airflow/dags/example.py
[2023-03-10T20:08:57.131+0000] {logging_mixin.py:137} INFO - [2023-03-10T20:08:57.131+0000] {dag.py:2585} INFO - Sync 1 DAGs
[2023-03-10T20:08:57.153+0000] {logging_mixin.py:137} INFO - [2023-03-10T20:08:57.153+0000] {dag.py:3340} INFO - Setting next_dagrun for daily_dag to 2023-03-09T00:00:00+00:00, run_after=2023-03-10T00:00:00+00:00
[2023-03-10T20:08:57.168+0000] {processor.py:176} INFO - Processing /opt/airflow/dags/example.py took 0.103 seconds
[2023-03-10T20:09:28.031+0000] {processor.py:154} INFO - Started process (PID=2341) to work on /opt/airflow/dags/example.py
[2023-03-10T20:09:28.034+0000] {processor.py:756} INFO - Processing file /opt/airflow/dags/example.py for tasks to queue
[2023-03-10T20:09:28.035+0000] {logging_mixin.py:137} INFO - [2023-03-10T20:09:28.035+0000] {dagbag.py:537} INFO - Filling up the DagBag from /opt/airflow/dags/example.py
[2023-03-10T20:09:28.063+0000] {processor.py:766} INFO - DAG(s) dict_keys(['daily_dag']) retrieved from /opt/airflow/dags/example.py
[2023-03-10T20:09:28.095+0000] {logging_mixin.py:137} INFO - [2023-03-10T20:09:28.095+0000] {dag.py:2585} INFO - Sync 1 DAGs
[2023-03-10T20:09:28.112+0000] {logging_mixin.py:137} INFO - [2023-03-10T20:09:28.112+0000] {dag.py:3340} INFO - Setting next_dagrun for daily_dag to 2023-03-09T00:00:00+00:00, run_after=2023-03-10T00:00:00+00:00
[2023-03-10T20:09:28.126+0000] {processor.py:176} INFO - Processing /opt/airflow/dags/example.py took 0.103 seconds
[2023-03-10T20:09:58.625+0000] {processor.py:154} INFO - Started process (PID=2396) to work on /opt/airflow/dags/example.py
[2023-03-10T20:09:58.629+0000] {processor.py:756} INFO - Processing file /opt/airflow/dags/example.py for tasks to queue
[2023-03-10T20:09:58.631+0000] {logging_mixin.py:137} INFO - [2023-03-10T20:09:58.631+0000] {dagbag.py:537} INFO - Filling up the DagBag from /opt/airflow/dags/example.py
[2023-03-10T20:09:58.657+0000] {processor.py:766} INFO - DAG(s) dict_keys(['daily_dag']) retrieved from /opt/airflow/dags/example.py
[2023-03-10T20:09:58.692+0000] {logging_mixin.py:137} INFO - [2023-03-10T20:09:58.692+0000] {dag.py:2585} INFO - Sync 1 DAGs
[2023-03-10T20:09:58.711+0000] {logging_mixin.py:137} INFO - [2023-03-10T20:09:58.711+0000] {dag.py:3340} INFO - Setting next_dagrun for daily_dag to 2023-03-09T00:00:00+00:00, run_after=2023-03-10T00:00:00+00:00
[2023-03-10T20:09:58.726+0000] {processor.py:176} INFO - Processing /opt/airflow/dags/example.py took 0.106 seconds
[2023-03-10T20:10:29.486+0000] {processor.py:154} INFO - Started process (PID=2461) to work on /opt/airflow/dags/example.py
[2023-03-10T20:10:29.489+0000] {processor.py:756} INFO - Processing file /opt/airflow/dags/example.py for tasks to queue
[2023-03-10T20:10:29.490+0000] {logging_mixin.py:137} INFO - [2023-03-10T20:10:29.490+0000] {dagbag.py:537} INFO - Filling up the DagBag from /opt/airflow/dags/example.py
[2023-03-10T20:10:29.519+0000] {processor.py:766} INFO - DAG(s) dict_keys(['daily_dag']) retrieved from /opt/airflow/dags/example.py
[2023-03-10T20:10:29.564+0000] {logging_mixin.py:137} INFO - [2023-03-10T20:10:29.564+0000] {dag.py:2585} INFO - Sync 1 DAGs
[2023-03-10T20:10:29.582+0000] {logging_mixin.py:137} INFO - [2023-03-10T20:10:29.582+0000] {dag.py:3340} INFO - Setting next_dagrun for daily_dag to 2023-03-09T00:00:00+00:00, run_after=2023-03-10T00:00:00+00:00
[2023-03-10T20:10:29.596+0000] {processor.py:176} INFO - Processing /opt/airflow/dags/example.py took 0.114 seconds
[2023-03-10T20:11:00.083+0000] {processor.py:154} INFO - Started process (PID=2525) to work on /opt/airflow/dags/example.py
[2023-03-10T20:11:00.087+0000] {processor.py:756} INFO - Processing file /opt/airflow/dags/example.py for tasks to queue
[2023-03-10T20:11:00.089+0000] {logging_mixin.py:137} INFO - [2023-03-10T20:11:00.089+0000] {dagbag.py:537} INFO - Filling up the DagBag from /opt/airflow/dags/example.py
[2023-03-10T20:11:00.117+0000] {processor.py:766} INFO - DAG(s) dict_keys(['daily_dag']) retrieved from /opt/airflow/dags/example.py
[2023-03-10T20:11:00.154+0000] {logging_mixin.py:137} INFO - [2023-03-10T20:11:00.154+0000] {dag.py:2585} INFO - Sync 1 DAGs
[2023-03-10T20:11:00.172+0000] {logging_mixin.py:137} INFO - [2023-03-10T20:11:00.172+0000] {dag.py:3340} INFO - Setting next_dagrun for daily_dag to 2023-03-09T00:00:00+00:00, run_after=2023-03-10T00:00:00+00:00
[2023-03-10T20:11:00.186+0000] {processor.py:176} INFO - Processing /opt/airflow/dags/example.py took 0.108 seconds
[2023-03-10T20:11:30.592+0000] {processor.py:154} INFO - Started process (PID=2588) to work on /opt/airflow/dags/example.py
[2023-03-10T20:11:30.596+0000] {processor.py:756} INFO - Processing file /opt/airflow/dags/example.py for tasks to queue
[2023-03-10T20:11:30.598+0000] {logging_mixin.py:137} INFO - [2023-03-10T20:11:30.597+0000] {dagbag.py:537} INFO - Filling up the DagBag from /opt/airflow/dags/example.py
[2023-03-10T20:11:30.619+0000] {processor.py:766} INFO - DAG(s) dict_keys(['daily_dag']) retrieved from /opt/airflow/dags/example.py
[2023-03-10T20:11:30.646+0000] {logging_mixin.py:137} INFO - [2023-03-10T20:11:30.646+0000] {dag.py:2585} INFO - Sync 1 DAGs
[2023-03-10T20:11:30.664+0000] {logging_mixin.py:137} INFO - [2023-03-10T20:11:30.664+0000] {dag.py:3340} INFO - Setting next_dagrun for daily_dag to 2023-03-09T00:00:00+00:00, run_after=2023-03-10T00:00:00+00:00
[2023-03-10T20:11:30.680+0000] {processor.py:176} INFO - Processing /opt/airflow/dags/example.py took 0.091 seconds
[2023-03-10T20:12:01.180+0000] {processor.py:154} INFO - Started process (PID=2650) to work on /opt/airflow/dags/example.py
[2023-03-10T20:12:01.183+0000] {processor.py:756} INFO - Processing file /opt/airflow/dags/example.py for tasks to queue
[2023-03-10T20:12:01.186+0000] {logging_mixin.py:137} INFO - [2023-03-10T20:12:01.186+0000] {dagbag.py:537} INFO - Filling up the DagBag from /opt/airflow/dags/example.py
[2023-03-10T20:12:01.217+0000] {processor.py:766} INFO - DAG(s) dict_keys(['daily_dag']) retrieved from /opt/airflow/dags/example.py
[2023-03-10T20:12:01.258+0000] {logging_mixin.py:137} INFO - [2023-03-10T20:12:01.258+0000] {dag.py:2585} INFO - Sync 1 DAGs
[2023-03-10T20:12:01.276+0000] {logging_mixin.py:137} INFO - [2023-03-10T20:12:01.276+0000] {dag.py:3340} INFO - Setting next_dagrun for daily_dag to 2023-03-09T00:00:00+00:00, run_after=2023-03-10T00:00:00+00:00
[2023-03-10T20:12:01.289+0000] {processor.py:176} INFO - Processing /opt/airflow/dags/example.py took 0.112 seconds
[2023-03-10T20:12:31.975+0000] {processor.py:154} INFO - Started process (PID=2714) to work on /opt/airflow/dags/example.py
[2023-03-10T20:12:31.979+0000] {processor.py:756} INFO - Processing file /opt/airflow/dags/example.py for tasks to queue
[2023-03-10T20:12:31.981+0000] {logging_mixin.py:137} INFO - [2023-03-10T20:12:31.981+0000] {dagbag.py:537} INFO - Filling up the DagBag from /opt/airflow/dags/example.py
[2023-03-10T20:12:32.013+0000] {processor.py:766} INFO - DAG(s) dict_keys(['daily_dag']) retrieved from /opt/airflow/dags/example.py
[2023-03-10T20:12:32.046+0000] {logging_mixin.py:137} INFO - [2023-03-10T20:12:32.046+0000] {dag.py:2585} INFO - Sync 1 DAGs
[2023-03-10T20:12:32.065+0000] {logging_mixin.py:137} INFO - [2023-03-10T20:12:32.065+0000] {dag.py:3340} INFO - Setting next_dagrun for daily_dag to 2023-03-09T00:00:00+00:00, run_after=2023-03-10T00:00:00+00:00
[2023-03-10T20:12:32.078+0000] {processor.py:176} INFO - Processing /opt/airflow/dags/example.py took 0.109 seconds
[2023-03-10T20:13:02.593+0000] {processor.py:154} INFO - Started process (PID=2768) to work on /opt/airflow/dags/example.py
[2023-03-10T20:13:02.597+0000] {processor.py:756} INFO - Processing file /opt/airflow/dags/example.py for tasks to queue
[2023-03-10T20:13:02.601+0000] {logging_mixin.py:137} INFO - [2023-03-10T20:13:02.601+0000] {dagbag.py:537} INFO - Filling up the DagBag from /opt/airflow/dags/example.py
[2023-03-10T20:13:02.638+0000] {processor.py:766} INFO - DAG(s) dict_keys(['daily_dag']) retrieved from /opt/airflow/dags/example.py
[2023-03-10T20:13:02.719+0000] {logging_mixin.py:137} INFO - [2023-03-10T20:13:02.719+0000] {dag.py:2585} INFO - Sync 1 DAGs
[2023-03-10T20:13:02.759+0000] {logging_mixin.py:137} INFO - [2023-03-10T20:13:02.759+0000] {dag.py:3340} INFO - Setting next_dagrun for daily_dag to 2023-03-09T00:00:00+00:00, run_after=2023-03-10T00:00:00+00:00
[2023-03-10T20:13:02.777+0000] {processor.py:176} INFO - Processing /opt/airflow/dags/example.py took 0.196 seconds
[2023-03-10T20:13:33.436+0000] {processor.py:154} INFO - Started process (PID=2832) to work on /opt/airflow/dags/example.py
[2023-03-10T20:13:33.438+0000] {processor.py:756} INFO - Processing file /opt/airflow/dags/example.py for tasks to queue
[2023-03-10T20:13:33.440+0000] {logging_mixin.py:137} INFO - [2023-03-10T20:13:33.440+0000] {dagbag.py:537} INFO - Filling up the DagBag from /opt/airflow/dags/example.py
[2023-03-10T20:13:33.466+0000] {processor.py:766} INFO - DAG(s) dict_keys(['daily_dag']) retrieved from /opt/airflow/dags/example.py
[2023-03-10T20:13:33.503+0000] {logging_mixin.py:137} INFO - [2023-03-10T20:13:33.503+0000] {dag.py:2585} INFO - Sync 1 DAGs
[2023-03-10T20:13:33.521+0000] {logging_mixin.py:137} INFO - [2023-03-10T20:13:33.521+0000] {dag.py:3340} INFO - Setting next_dagrun for daily_dag to 2023-03-09T00:00:00+00:00, run_after=2023-03-10T00:00:00+00:00
[2023-03-10T20:13:33.533+0000] {processor.py:176} INFO - Processing /opt/airflow/dags/example.py took 0.102 seconds
[2023-03-10T20:14:03.940+0000] {processor.py:154} INFO - Started process (PID=2896) to work on /opt/airflow/dags/example.py
[2023-03-10T20:14:03.943+0000] {processor.py:756} INFO - Processing file /opt/airflow/dags/example.py for tasks to queue
[2023-03-10T20:14:03.944+0000] {logging_mixin.py:137} INFO - [2023-03-10T20:14:03.944+0000] {dagbag.py:537} INFO - Filling up the DagBag from /opt/airflow/dags/example.py
[2023-03-10T20:14:03.977+0000] {processor.py:766} INFO - DAG(s) dict_keys(['daily_dag']) retrieved from /opt/airflow/dags/example.py
[2023-03-10T20:14:04.011+0000] {logging_mixin.py:137} INFO - [2023-03-10T20:14:04.011+0000] {dag.py:2585} INFO - Sync 1 DAGs
[2023-03-10T20:14:04.033+0000] {logging_mixin.py:137} INFO - [2023-03-10T20:14:04.033+0000] {dag.py:3340} INFO - Setting next_dagrun for daily_dag to 2023-03-09T00:00:00+00:00, run_after=2023-03-10T00:00:00+00:00
[2023-03-10T20:14:04.052+0000] {processor.py:176} INFO - Processing /opt/airflow/dags/example.py took 0.117 seconds
[2023-03-10T20:14:34.894+0000] {processor.py:154} INFO - Started process (PID=2960) to work on /opt/airflow/dags/example.py
[2023-03-10T20:14:34.897+0000] {processor.py:756} INFO - Processing file /opt/airflow/dags/example.py for tasks to queue
[2023-03-10T20:14:34.899+0000] {logging_mixin.py:137} INFO - [2023-03-10T20:14:34.898+0000] {dagbag.py:537} INFO - Filling up the DagBag from /opt/airflow/dags/example.py
[2023-03-10T20:14:34.922+0000] {processor.py:766} INFO - DAG(s) dict_keys(['daily_dag']) retrieved from /opt/airflow/dags/example.py
[2023-03-10T20:14:34.953+0000] {logging_mixin.py:137} INFO - [2023-03-10T20:14:34.952+0000] {dag.py:2585} INFO - Sync 1 DAGs
[2023-03-10T20:14:34.969+0000] {logging_mixin.py:137} INFO - [2023-03-10T20:14:34.969+0000] {dag.py:3340} INFO - Setting next_dagrun for daily_dag to 2023-03-09T00:00:00+00:00, run_after=2023-03-10T00:00:00+00:00
[2023-03-10T20:14:34.982+0000] {processor.py:176} INFO - Processing /opt/airflow/dags/example.py took 0.092 seconds
[2023-03-10T20:15:05.312+0000] {processor.py:154} INFO - Started process (PID=3024) to work on /opt/airflow/dags/example.py
[2023-03-10T20:15:05.314+0000] {processor.py:756} INFO - Processing file /opt/airflow/dags/example.py for tasks to queue
[2023-03-10T20:15:05.316+0000] {logging_mixin.py:137} INFO - [2023-03-10T20:15:05.316+0000] {dagbag.py:537} INFO - Filling up the DagBag from /opt/airflow/dags/example.py
[2023-03-10T20:15:05.344+0000] {processor.py:766} INFO - DAG(s) dict_keys(['daily_dag']) retrieved from /opt/airflow/dags/example.py
[2023-03-10T20:15:05.376+0000] {logging_mixin.py:137} INFO - [2023-03-10T20:15:05.376+0000] {dag.py:2585} INFO - Sync 1 DAGs
[2023-03-10T20:15:05.393+0000] {logging_mixin.py:137} INFO - [2023-03-10T20:15:05.393+0000] {dag.py:3340} INFO - Setting next_dagrun for daily_dag to 2023-03-09T00:00:00+00:00, run_after=2023-03-10T00:00:00+00:00
[2023-03-10T20:15:05.405+0000] {processor.py:176} INFO - Processing /opt/airflow/dags/example.py took 0.096 seconds
[2023-03-10T20:15:35.929+0000] {processor.py:154} INFO - Started process (PID=3088) to work on /opt/airflow/dags/example.py
[2023-03-10T20:15:35.933+0000] {processor.py:756} INFO - Processing file /opt/airflow/dags/example.py for tasks to queue
[2023-03-10T20:15:35.935+0000] {logging_mixin.py:137} INFO - [2023-03-10T20:15:35.935+0000] {dagbag.py:537} INFO - Filling up the DagBag from /opt/airflow/dags/example.py
[2023-03-10T20:15:35.960+0000] {processor.py:766} INFO - DAG(s) dict_keys(['daily_dag']) retrieved from /opt/airflow/dags/example.py
[2023-03-10T20:15:35.989+0000] {logging_mixin.py:137} INFO - [2023-03-10T20:15:35.989+0000] {dag.py:2585} INFO - Sync 1 DAGs
[2023-03-10T20:15:36.005+0000] {logging_mixin.py:137} INFO - [2023-03-10T20:15:36.005+0000] {dag.py:3340} INFO - Setting next_dagrun for daily_dag to 2023-03-09T00:00:00+00:00, run_after=2023-03-10T00:00:00+00:00
[2023-03-10T20:15:36.017+0000] {processor.py:176} INFO - Processing /opt/airflow/dags/example.py took 0.093 seconds
[2023-03-10T20:16:06.247+0000] {processor.py:154} INFO - Started process (PID=3143) to work on /opt/airflow/dags/example.py
[2023-03-10T20:16:06.251+0000] {processor.py:756} INFO - Processing file /opt/airflow/dags/example.py for tasks to queue
[2023-03-10T20:16:06.254+0000] {logging_mixin.py:137} INFO - [2023-03-10T20:16:06.253+0000] {dagbag.py:537} INFO - Filling up the DagBag from /opt/airflow/dags/example.py
[2023-03-10T20:16:06.273+0000] {processor.py:766} INFO - DAG(s) dict_keys(['daily_dag']) retrieved from /opt/airflow/dags/example.py
[2023-03-10T20:16:06.300+0000] {logging_mixin.py:137} INFO - [2023-03-10T20:16:06.300+0000] {dag.py:2585} INFO - Sync 1 DAGs
[2023-03-10T20:16:06.317+0000] {logging_mixin.py:137} INFO - [2023-03-10T20:16:06.316+0000] {dag.py:3340} INFO - Setting next_dagrun for daily_dag to 2023-03-09T00:00:00+00:00, run_after=2023-03-10T00:00:00+00:00
[2023-03-10T20:16:06.329+0000] {processor.py:176} INFO - Processing /opt/airflow/dags/example.py took 0.087 seconds
[2023-03-10T20:16:36.868+0000] {processor.py:154} INFO - Started process (PID=3206) to work on /opt/airflow/dags/example.py
[2023-03-10T20:16:36.871+0000] {processor.py:756} INFO - Processing file /opt/airflow/dags/example.py for tasks to queue
[2023-03-10T20:16:36.872+0000] {logging_mixin.py:137} INFO - [2023-03-10T20:16:36.872+0000] {dagbag.py:537} INFO - Filling up the DagBag from /opt/airflow/dags/example.py
[2023-03-10T20:16:36.893+0000] {processor.py:766} INFO - DAG(s) dict_keys(['daily_dag']) retrieved from /opt/airflow/dags/example.py
[2023-03-10T20:16:36.918+0000] {logging_mixin.py:137} INFO - [2023-03-10T20:16:36.918+0000] {dag.py:2585} INFO - Sync 1 DAGs
[2023-03-10T20:16:36.933+0000] {logging_mixin.py:137} INFO - [2023-03-10T20:16:36.933+0000] {dag.py:3340} INFO - Setting next_dagrun for daily_dag to 2023-03-09T00:00:00+00:00, run_after=2023-03-10T00:00:00+00:00
[2023-03-10T20:16:36.945+0000] {processor.py:176} INFO - Processing /opt/airflow/dags/example.py took 0.080 seconds
[2023-03-10T20:17:07.125+0000] {processor.py:154} INFO - Started process (PID=3270) to work on /opt/airflow/dags/example.py
[2023-03-10T20:17:07.128+0000] {processor.py:756} INFO - Processing file /opt/airflow/dags/example.py for tasks to queue
[2023-03-10T20:17:07.130+0000] {logging_mixin.py:137} INFO - [2023-03-10T20:17:07.130+0000] {dagbag.py:537} INFO - Filling up the DagBag from /opt/airflow/dags/example.py
[2023-03-10T20:17:07.154+0000] {processor.py:766} INFO - DAG(s) dict_keys(['daily_dag']) retrieved from /opt/airflow/dags/example.py
[2023-03-10T20:17:07.186+0000] {logging_mixin.py:137} INFO - [2023-03-10T20:17:07.186+0000] {dag.py:2585} INFO - Sync 1 DAGs
[2023-03-10T20:17:07.204+0000] {logging_mixin.py:137} INFO - [2023-03-10T20:17:07.203+0000] {dag.py:3340} INFO - Setting next_dagrun for daily_dag to 2023-03-09T00:00:00+00:00, run_after=2023-03-10T00:00:00+00:00
[2023-03-10T20:17:07.215+0000] {processor.py:176} INFO - Processing /opt/airflow/dags/example.py took 0.101 seconds
[2023-03-10T20:17:37.508+0000] {processor.py:154} INFO - Started process (PID=3334) to work on /opt/airflow/dags/example.py
[2023-03-10T20:17:37.514+0000] {processor.py:756} INFO - Processing file /opt/airflow/dags/example.py for tasks to queue
[2023-03-10T20:17:37.517+0000] {logging_mixin.py:137} INFO - [2023-03-10T20:17:37.517+0000] {dagbag.py:537} INFO - Filling up the DagBag from /opt/airflow/dags/example.py
[2023-03-10T20:17:37.543+0000] {processor.py:766} INFO - DAG(s) dict_keys(['daily_dag']) retrieved from /opt/airflow/dags/example.py
[2023-03-10T20:17:37.567+0000] {logging_mixin.py:137} INFO - [2023-03-10T20:17:37.567+0000] {dag.py:2585} INFO - Sync 1 DAGs
[2023-03-10T20:17:37.583+0000] {logging_mixin.py:137} INFO - [2023-03-10T20:17:37.583+0000] {dag.py:3340} INFO - Setting next_dagrun for daily_dag to 2023-03-09T00:00:00+00:00, run_after=2023-03-10T00:00:00+00:00
[2023-03-10T20:17:37.594+0000] {processor.py:176} INFO - Processing /opt/airflow/dags/example.py took 0.095 seconds
[2023-03-10T20:18:07.940+0000] {processor.py:154} INFO - Started process (PID=3399) to work on /opt/airflow/dags/example.py
[2023-03-10T20:18:07.942+0000] {processor.py:756} INFO - Processing file /opt/airflow/dags/example.py for tasks to queue
[2023-03-10T20:18:07.943+0000] {logging_mixin.py:137} INFO - [2023-03-10T20:18:07.943+0000] {dagbag.py:537} INFO - Filling up the DagBag from /opt/airflow/dags/example.py
[2023-03-10T20:18:07.959+0000] {processor.py:766} INFO - DAG(s) dict_keys(['daily_dag']) retrieved from /opt/airflow/dags/example.py
[2023-03-10T20:18:07.988+0000] {logging_mixin.py:137} INFO - [2023-03-10T20:18:07.988+0000] {dag.py:2585} INFO - Sync 1 DAGs
[2023-03-10T20:18:08.005+0000] {logging_mixin.py:137} INFO - [2023-03-10T20:18:08.005+0000] {dag.py:3340} INFO - Setting next_dagrun for daily_dag to 2023-03-09T00:00:00+00:00, run_after=2023-03-10T00:00:00+00:00
[2023-03-10T20:18:08.018+0000] {processor.py:176} INFO - Processing /opt/airflow/dags/example.py took 0.080 seconds
[2023-03-10T20:18:38.309+0000] {processor.py:154} INFO - Started process (PID=3463) to work on /opt/airflow/dags/example.py
[2023-03-10T20:18:38.312+0000] {processor.py:756} INFO - Processing file /opt/airflow/dags/example.py for tasks to queue
[2023-03-10T20:18:38.314+0000] {logging_mixin.py:137} INFO - [2023-03-10T20:18:38.314+0000] {dagbag.py:537} INFO - Filling up the DagBag from /opt/airflow/dags/example.py
[2023-03-10T20:18:38.356+0000] {processor.py:766} INFO - DAG(s) dict_keys(['daily_dag']) retrieved from /opt/airflow/dags/example.py
[2023-03-10T20:18:38.435+0000] {logging_mixin.py:137} INFO - [2023-03-10T20:18:38.434+0000] {dag.py:2585} INFO - Sync 1 DAGs
[2023-03-10T20:18:38.463+0000] {logging_mixin.py:137} INFO - [2023-03-10T20:18:38.463+0000] {dag.py:3340} INFO - Setting next_dagrun for daily_dag to 2023-03-09T00:00:00+00:00, run_after=2023-03-10T00:00:00+00:00
[2023-03-10T20:18:38.485+0000] {processor.py:176} INFO - Processing /opt/airflow/dags/example.py took 0.183 seconds
[2023-03-10T20:19:09.195+0000] {processor.py:154} INFO - Started process (PID=3518) to work on /opt/airflow/dags/example.py
[2023-03-10T20:19:09.198+0000] {processor.py:756} INFO - Processing file /opt/airflow/dags/example.py for tasks to queue
[2023-03-10T20:19:09.200+0000] {logging_mixin.py:137} INFO - [2023-03-10T20:19:09.200+0000] {dagbag.py:537} INFO - Filling up the DagBag from /opt/airflow/dags/example.py
[2023-03-10T20:19:09.228+0000] {processor.py:766} INFO - DAG(s) dict_keys(['daily_dag']) retrieved from /opt/airflow/dags/example.py
[2023-03-10T20:19:09.268+0000] {logging_mixin.py:137} INFO - [2023-03-10T20:19:09.268+0000] {dag.py:2585} INFO - Sync 1 DAGs
[2023-03-10T20:19:09.288+0000] {logging_mixin.py:137} INFO - [2023-03-10T20:19:09.288+0000] {dag.py:3340} INFO - Setting next_dagrun for daily_dag to 2023-03-09T00:00:00+00:00, run_after=2023-03-10T00:00:00+00:00
[2023-03-10T20:19:09.305+0000] {processor.py:176} INFO - Processing /opt/airflow/dags/example.py took 0.114 seconds
[2023-03-10T20:19:39.687+0000] {processor.py:154} INFO - Started process (PID=3580) to work on /opt/airflow/dags/example.py
[2023-03-10T20:19:39.689+0000] {processor.py:756} INFO - Processing file /opt/airflow/dags/example.py for tasks to queue
[2023-03-10T20:19:39.693+0000] {logging_mixin.py:137} INFO - [2023-03-10T20:19:39.693+0000] {dagbag.py:537} INFO - Filling up the DagBag from /opt/airflow/dags/example.py
[2023-03-10T20:19:39.720+0000] {processor.py:766} INFO - DAG(s) dict_keys(['daily_dag']) retrieved from /opt/airflow/dags/example.py
[2023-03-10T20:19:39.771+0000] {logging_mixin.py:137} INFO - [2023-03-10T20:19:39.771+0000] {dag.py:2585} INFO - Sync 1 DAGs
[2023-03-10T20:19:39.792+0000] {logging_mixin.py:137} INFO - [2023-03-10T20:19:39.792+0000] {dag.py:3340} INFO - Setting next_dagrun for daily_dag to 2023-03-09T00:00:00+00:00, run_after=2023-03-10T00:00:00+00:00
[2023-03-10T20:19:39.813+0000] {processor.py:176} INFO - Processing /opt/airflow/dags/example.py took 0.137 seconds
[2023-03-10T20:20:10.725+0000] {processor.py:154} INFO - Started process (PID=3644) to work on /opt/airflow/dags/example.py
[2023-03-10T20:20:10.728+0000] {processor.py:756} INFO - Processing file /opt/airflow/dags/example.py for tasks to queue
[2023-03-10T20:20:10.730+0000] {logging_mixin.py:137} INFO - [2023-03-10T20:20:10.730+0000] {dagbag.py:537} INFO - Filling up the DagBag from /opt/airflow/dags/example.py
[2023-03-10T20:20:10.756+0000] {processor.py:766} INFO - DAG(s) dict_keys(['daily_dag']) retrieved from /opt/airflow/dags/example.py
[2023-03-10T20:20:10.798+0000] {logging_mixin.py:137} INFO - [2023-03-10T20:20:10.798+0000] {dag.py:2585} INFO - Sync 1 DAGs
[2023-03-10T20:20:10.818+0000] {logging_mixin.py:137} INFO - [2023-03-10T20:20:10.818+0000] {dag.py:3340} INFO - Setting next_dagrun for daily_dag to 2023-03-09T00:00:00+00:00, run_after=2023-03-10T00:00:00+00:00
[2023-03-10T20:20:10.835+0000] {processor.py:176} INFO - Processing /opt/airflow/dags/example.py took 0.113 seconds
[2023-03-10T20:20:41.314+0000] {processor.py:154} INFO - Started process (PID=3708) to work on /opt/airflow/dags/example.py
[2023-03-10T20:20:41.316+0000] {processor.py:756} INFO - Processing file /opt/airflow/dags/example.py for tasks to queue
[2023-03-10T20:20:41.319+0000] {logging_mixin.py:137} INFO - [2023-03-10T20:20:41.319+0000] {dagbag.py:537} INFO - Filling up the DagBag from /opt/airflow/dags/example.py
[2023-03-10T20:20:41.347+0000] {processor.py:766} INFO - DAG(s) dict_keys(['daily_dag']) retrieved from /opt/airflow/dags/example.py
[2023-03-10T20:20:41.394+0000] {logging_mixin.py:137} INFO - [2023-03-10T20:20:41.394+0000] {dag.py:2585} INFO - Sync 1 DAGs
[2023-03-10T20:20:41.412+0000] {logging_mixin.py:137} INFO - [2023-03-10T20:20:41.411+0000] {dag.py:3340} INFO - Setting next_dagrun for daily_dag to 2023-03-09T00:00:00+00:00, run_after=2023-03-10T00:00:00+00:00
[2023-03-10T20:20:41.424+0000] {processor.py:176} INFO - Processing /opt/airflow/dags/example.py took 0.114 seconds
[2023-03-10T20:21:11.947+0000] {processor.py:154} INFO - Started process (PID=3764) to work on /opt/airflow/dags/example.py
[2023-03-10T20:21:11.950+0000] {processor.py:756} INFO - Processing file /opt/airflow/dags/example.py for tasks to queue
[2023-03-10T20:21:11.954+0000] {logging_mixin.py:137} INFO - [2023-03-10T20:21:11.954+0000] {dagbag.py:537} INFO - Filling up the DagBag from /opt/airflow/dags/example.py
[2023-03-10T20:21:11.986+0000] {processor.py:766} INFO - DAG(s) dict_keys(['daily_dag']) retrieved from /opt/airflow/dags/example.py
[2023-03-10T20:21:12.034+0000] {logging_mixin.py:137} INFO - [2023-03-10T20:21:12.034+0000] {dag.py:2585} INFO - Sync 1 DAGs
[2023-03-10T20:21:12.065+0000] {logging_mixin.py:137} INFO - [2023-03-10T20:21:12.065+0000] {dag.py:3340} INFO - Setting next_dagrun for daily_dag to 2023-03-09T00:00:00+00:00, run_after=2023-03-10T00:00:00+00:00
[2023-03-10T20:21:12.082+0000] {processor.py:176} INFO - Processing /opt/airflow/dags/example.py took 0.139 seconds
[2023-03-10T20:21:42.648+0000] {processor.py:154} INFO - Started process (PID=3828) to work on /opt/airflow/dags/example.py
[2023-03-10T20:21:42.652+0000] {processor.py:756} INFO - Processing file /opt/airflow/dags/example.py for tasks to queue
[2023-03-10T20:21:42.654+0000] {logging_mixin.py:137} INFO - [2023-03-10T20:21:42.654+0000] {dagbag.py:537} INFO - Filling up the DagBag from /opt/airflow/dags/example.py
[2023-03-10T20:21:42.687+0000] {processor.py:766} INFO - DAG(s) dict_keys(['daily_dag']) retrieved from /opt/airflow/dags/example.py
[2023-03-10T20:21:42.733+0000] {logging_mixin.py:137} INFO - [2023-03-10T20:21:42.733+0000] {dag.py:2585} INFO - Sync 1 DAGs
[2023-03-10T20:21:42.760+0000] {logging_mixin.py:137} INFO - [2023-03-10T20:21:42.760+0000] {dag.py:3340} INFO - Setting next_dagrun for daily_dag to 2023-03-09T00:00:00+00:00, run_after=2023-03-10T00:00:00+00:00
[2023-03-10T20:21:42.775+0000] {processor.py:176} INFO - Processing /opt/airflow/dags/example.py took 0.132 seconds
[2023-03-10T20:22:13.799+0000] {processor.py:154} INFO - Started process (PID=3892) to work on /opt/airflow/dags/example.py
[2023-03-10T20:22:13.802+0000] {processor.py:756} INFO - Processing file /opt/airflow/dags/example.py for tasks to queue
[2023-03-10T20:22:13.805+0000] {logging_mixin.py:137} INFO - [2023-03-10T20:22:13.805+0000] {dagbag.py:537} INFO - Filling up the DagBag from /opt/airflow/dags/example.py
[2023-03-10T20:22:13.833+0000] {processor.py:766} INFO - DAG(s) dict_keys(['daily_dag']) retrieved from /opt/airflow/dags/example.py
[2023-03-10T20:22:13.875+0000] {logging_mixin.py:137} INFO - [2023-03-10T20:22:13.875+0000] {dag.py:2585} INFO - Sync 1 DAGs
[2023-03-10T20:22:13.897+0000] {logging_mixin.py:137} INFO - [2023-03-10T20:22:13.897+0000] {dag.py:3340} INFO - Setting next_dagrun for daily_dag to 2023-03-09T00:00:00+00:00, run_after=2023-03-10T00:00:00+00:00
[2023-03-10T20:22:13.913+0000] {processor.py:176} INFO - Processing /opt/airflow/dags/example.py took 0.119 seconds
[2023-03-10T20:22:44.489+0000] {processor.py:154} INFO - Started process (PID=3955) to work on /opt/airflow/dags/example.py
[2023-03-10T20:22:44.494+0000] {processor.py:756} INFO - Processing file /opt/airflow/dags/example.py for tasks to queue
[2023-03-10T20:22:44.496+0000] {logging_mixin.py:137} INFO - [2023-03-10T20:22:44.496+0000] {dagbag.py:537} INFO - Filling up the DagBag from /opt/airflow/dags/example.py
[2023-03-10T20:22:44.519+0000] {processor.py:766} INFO - DAG(s) dict_keys(['daily_dag']) retrieved from /opt/airflow/dags/example.py
[2023-03-10T20:22:44.558+0000] {logging_mixin.py:137} INFO - [2023-03-10T20:22:44.558+0000] {dag.py:2585} INFO - Sync 1 DAGs
[2023-03-10T20:22:44.576+0000] {logging_mixin.py:137} INFO - [2023-03-10T20:22:44.576+0000] {dag.py:3340} INFO - Setting next_dagrun for daily_dag to 2023-03-09T00:00:00+00:00, run_after=2023-03-10T00:00:00+00:00
[2023-03-10T20:22:44.590+0000] {processor.py:176} INFO - Processing /opt/airflow/dags/example.py took 0.106 seconds
[2023-03-10T20:23:15.226+0000] {processor.py:154} INFO - Started process (PID=4019) to work on /opt/airflow/dags/example.py
[2023-03-10T20:23:15.231+0000] {processor.py:756} INFO - Processing file /opt/airflow/dags/example.py for tasks to queue
[2023-03-10T20:23:15.233+0000] {logging_mixin.py:137} INFO - [2023-03-10T20:23:15.233+0000] {dagbag.py:537} INFO - Filling up the DagBag from /opt/airflow/dags/example.py
[2023-03-10T20:23:15.259+0000] {processor.py:766} INFO - DAG(s) dict_keys(['daily_dag']) retrieved from /opt/airflow/dags/example.py
[2023-03-10T20:23:15.290+0000] {logging_mixin.py:137} INFO - [2023-03-10T20:23:15.290+0000] {dag.py:2585} INFO - Sync 1 DAGs
[2023-03-10T20:23:15.307+0000] {logging_mixin.py:137} INFO - [2023-03-10T20:23:15.307+0000] {dag.py:3340} INFO - Setting next_dagrun for daily_dag to 2023-03-09T00:00:00+00:00, run_after=2023-03-10T00:00:00+00:00
[2023-03-10T20:23:15.321+0000] {processor.py:176} INFO - Processing /opt/airflow/dags/example.py took 0.103 seconds
[2023-03-10T20:23:45.435+0000] {processor.py:154} INFO - Started process (PID=4082) to work on /opt/airflow/dags/example.py
[2023-03-10T20:23:45.439+0000] {processor.py:756} INFO - Processing file /opt/airflow/dags/example.py for tasks to queue
[2023-03-10T20:23:45.441+0000] {logging_mixin.py:137} INFO - [2023-03-10T20:23:45.441+0000] {dagbag.py:537} INFO - Filling up the DagBag from /opt/airflow/dags/example.py
[2023-03-10T20:23:45.461+0000] {processor.py:766} INFO - DAG(s) dict_keys(['daily_dag']) retrieved from /opt/airflow/dags/example.py
[2023-03-10T20:23:45.488+0000] {logging_mixin.py:137} INFO - [2023-03-10T20:23:45.488+0000] {dag.py:2585} INFO - Sync 1 DAGs
[2023-03-10T20:23:45.505+0000] {logging_mixin.py:137} INFO - [2023-03-10T20:23:45.505+0000] {dag.py:3340} INFO - Setting next_dagrun for daily_dag to 2023-03-09T00:00:00+00:00, run_after=2023-03-10T00:00:00+00:00
[2023-03-10T20:23:45.519+0000] {processor.py:176} INFO - Processing /opt/airflow/dags/example.py took 0.091 seconds
[2023-03-10T20:24:16.047+0000] {processor.py:154} INFO - Started process (PID=4143) to work on /opt/airflow/dags/example.py
[2023-03-10T20:24:16.050+0000] {processor.py:756} INFO - Processing file /opt/airflow/dags/example.py for tasks to queue
[2023-03-10T20:24:16.052+0000] {logging_mixin.py:137} INFO - [2023-03-10T20:24:16.052+0000] {dagbag.py:537} INFO - Filling up the DagBag from /opt/airflow/dags/example.py
[2023-03-10T20:24:16.075+0000] {processor.py:766} INFO - DAG(s) dict_keys(['daily_dag']) retrieved from /opt/airflow/dags/example.py
[2023-03-10T20:24:16.118+0000] {logging_mixin.py:137} INFO - [2023-03-10T20:24:16.117+0000] {dag.py:2585} INFO - Sync 1 DAGs
[2023-03-10T20:24:16.141+0000] {logging_mixin.py:137} INFO - [2023-03-10T20:24:16.141+0000] {dag.py:3340} INFO - Setting next_dagrun for daily_dag to 2023-03-09T00:00:00+00:00, run_after=2023-03-10T00:00:00+00:00
[2023-03-10T20:24:16.161+0000] {processor.py:176} INFO - Processing /opt/airflow/dags/example.py took 0.118 seconds
[2023-03-10T20:24:46.571+0000] {processor.py:154} INFO - Started process (PID=4200) to work on /opt/airflow/dags/example.py
[2023-03-10T20:24:46.574+0000] {processor.py:756} INFO - Processing file /opt/airflow/dags/example.py for tasks to queue
[2023-03-10T20:24:46.576+0000] {logging_mixin.py:137} INFO - [2023-03-10T20:24:46.576+0000] {dagbag.py:537} INFO - Filling up the DagBag from /opt/airflow/dags/example.py
[2023-03-10T20:24:46.596+0000] {processor.py:766} INFO - DAG(s) dict_keys(['daily_dag']) retrieved from /opt/airflow/dags/example.py
[2023-03-10T20:24:46.625+0000] {logging_mixin.py:137} INFO - [2023-03-10T20:24:46.624+0000] {dag.py:2585} INFO - Sync 1 DAGs
[2023-03-10T20:24:46.641+0000] {logging_mixin.py:137} INFO - [2023-03-10T20:24:46.641+0000] {dag.py:3340} INFO - Setting next_dagrun for daily_dag to 2023-03-09T00:00:00+00:00, run_after=2023-03-10T00:00:00+00:00
[2023-03-10T20:24:46.653+0000] {processor.py:176} INFO - Processing /opt/airflow/dags/example.py took 0.092 seconds
[2023-03-10T20:25:17.291+0000] {processor.py:154} INFO - Started process (PID=4264) to work on /opt/airflow/dags/example.py
[2023-03-10T20:25:17.293+0000] {processor.py:756} INFO - Processing file /opt/airflow/dags/example.py for tasks to queue
[2023-03-10T20:25:17.295+0000] {logging_mixin.py:137} INFO - [2023-03-10T20:25:17.295+0000] {dagbag.py:537} INFO - Filling up the DagBag from /opt/airflow/dags/example.py
[2023-03-10T20:25:17.316+0000] {processor.py:766} INFO - DAG(s) dict_keys(['daily_dag']) retrieved from /opt/airflow/dags/example.py
[2023-03-10T20:25:17.351+0000] {logging_mixin.py:137} INFO - [2023-03-10T20:25:17.351+0000] {dag.py:2585} INFO - Sync 1 DAGs
[2023-03-10T20:25:17.371+0000] {logging_mixin.py:137} INFO - [2023-03-10T20:25:17.371+0000] {dag.py:3340} INFO - Setting next_dagrun for daily_dag to 2023-03-09T00:00:00+00:00, run_after=2023-03-10T00:00:00+00:00
[2023-03-10T20:25:17.384+0000] {processor.py:176} INFO - Processing /opt/airflow/dags/example.py took 0.096 seconds
[2023-03-10T20:25:47.727+0000] {processor.py:154} INFO - Started process (PID=4326) to work on /opt/airflow/dags/example.py
[2023-03-10T20:25:47.730+0000] {processor.py:756} INFO - Processing file /opt/airflow/dags/example.py for tasks to queue
[2023-03-10T20:25:47.732+0000] {logging_mixin.py:137} INFO - [2023-03-10T20:25:47.732+0000] {dagbag.py:537} INFO - Filling up the DagBag from /opt/airflow/dags/example.py
[2023-03-10T20:25:47.768+0000] {processor.py:766} INFO - DAG(s) dict_keys(['daily_dag']) retrieved from /opt/airflow/dags/example.py
[2023-03-10T20:25:47.827+0000] {logging_mixin.py:137} INFO - [2023-03-10T20:25:47.827+0000] {dag.py:2585} INFO - Sync 1 DAGs
[2023-03-10T20:25:47.854+0000] {logging_mixin.py:137} INFO - [2023-03-10T20:25:47.854+0000] {dag.py:3340} INFO - Setting next_dagrun for daily_dag to 2023-03-09T00:00:00+00:00, run_after=2023-03-10T00:00:00+00:00
[2023-03-10T20:25:47.867+0000] {processor.py:176} INFO - Processing /opt/airflow/dags/example.py took 0.144 seconds
[2023-03-10T20:26:18.771+0000] {processor.py:154} INFO - Started process (PID=4390) to work on /opt/airflow/dags/example.py
[2023-03-10T20:26:18.774+0000] {processor.py:756} INFO - Processing file /opt/airflow/dags/example.py for tasks to queue
[2023-03-10T20:26:18.776+0000] {logging_mixin.py:137} INFO - [2023-03-10T20:26:18.776+0000] {dagbag.py:537} INFO - Filling up the DagBag from /opt/airflow/dags/example.py
[2023-03-10T20:26:18.801+0000] {processor.py:766} INFO - DAG(s) dict_keys(['daily_dag']) retrieved from /opt/airflow/dags/example.py
[2023-03-10T20:26:18.839+0000] {logging_mixin.py:137} INFO - [2023-03-10T20:26:18.839+0000] {dag.py:2585} INFO - Sync 1 DAGs
[2023-03-10T20:26:18.859+0000] {logging_mixin.py:137} INFO - [2023-03-10T20:26:18.858+0000] {dag.py:3340} INFO - Setting next_dagrun for daily_dag to 2023-03-09T00:00:00+00:00, run_after=2023-03-10T00:00:00+00:00
[2023-03-10T20:26:18.872+0000] {processor.py:176} INFO - Processing /opt/airflow/dags/example.py took 0.106 seconds
[2023-03-10T20:26:49.321+0000] {processor.py:154} INFO - Started process (PID=4453) to work on /opt/airflow/dags/example.py
[2023-03-10T20:26:49.324+0000] {processor.py:756} INFO - Processing file /opt/airflow/dags/example.py for tasks to queue
[2023-03-10T20:26:49.326+0000] {logging_mixin.py:137} INFO - [2023-03-10T20:26:49.326+0000] {dagbag.py:537} INFO - Filling up the DagBag from /opt/airflow/dags/example.py
[2023-03-10T20:26:49.348+0000] {processor.py:766} INFO - DAG(s) dict_keys(['daily_dag']) retrieved from /opt/airflow/dags/example.py
[2023-03-10T20:26:49.377+0000] {logging_mixin.py:137} INFO - [2023-03-10T20:26:49.376+0000] {dag.py:2585} INFO - Sync 1 DAGs
[2023-03-10T20:26:49.393+0000] {logging_mixin.py:137} INFO - [2023-03-10T20:26:49.393+0000] {dag.py:3340} INFO - Setting next_dagrun for daily_dag to 2023-03-09T00:00:00+00:00, run_after=2023-03-10T00:00:00+00:00
[2023-03-10T20:26:49.404+0000] {processor.py:176} INFO - Processing /opt/airflow/dags/example.py took 0.087 seconds
[2023-03-10T20:27:19.849+0000] {processor.py:154} INFO - Started process (PID=4515) to work on /opt/airflow/dags/example.py
[2023-03-10T20:27:19.851+0000] {processor.py:756} INFO - Processing file /opt/airflow/dags/example.py for tasks to queue
[2023-03-10T20:27:19.853+0000] {logging_mixin.py:137} INFO - [2023-03-10T20:27:19.853+0000] {dagbag.py:537} INFO - Filling up the DagBag from /opt/airflow/dags/example.py
[2023-03-10T20:27:19.876+0000] {processor.py:766} INFO - DAG(s) dict_keys(['daily_dag']) retrieved from /opt/airflow/dags/example.py
[2023-03-10T20:27:19.940+0000] {logging_mixin.py:137} INFO - [2023-03-10T20:27:19.939+0000] {dag.py:2585} INFO - Sync 1 DAGs
[2023-03-10T20:27:19.967+0000] {logging_mixin.py:137} INFO - [2023-03-10T20:27:19.967+0000] {dag.py:3340} INFO - Setting next_dagrun for daily_dag to 2023-03-09T00:00:00+00:00, run_after=2023-03-10T00:00:00+00:00
[2023-03-10T20:27:19.989+0000] {processor.py:176} INFO - Processing /opt/airflow/dags/example.py took 0.145 seconds
