[2023-05-10T07:34:15.522+0000] {processor.py:154} INFO - Started process (PID=33) to work on /opt/airflow/dags/example.py
[2023-05-10T07:34:15.524+0000] {processor.py:756} INFO - Processing file /opt/airflow/dags/example.py for tasks to queue
[2023-05-10T07:34:15.526+0000] {logging_mixin.py:137} INFO - [2023-05-10T07:34:15.526+0000] {dagbag.py:537} INFO - Filling up the DagBag from /opt/airflow/dags/example.py
[2023-05-10T07:34:15.583+0000] {processor.py:766} INFO - DAG(s) dict_keys(['daily_dag']) retrieved from /opt/airflow/dags/example.py
[2023-05-10T07:34:15.629+0000] {logging_mixin.py:137} INFO - [2023-05-10T07:34:15.629+0000] {dag.py:2585} INFO - Sync 1 DAGs
[2023-05-10T07:34:15.651+0000] {logging_mixin.py:137} INFO - [2023-05-10T07:34:15.651+0000] {dag.py:3340} INFO - Setting next_dagrun for daily_dag to 2023-05-09T00:00:00+00:00, run_after=2023-05-10T00:00:00+00:00
[2023-05-10T07:34:15.671+0000] {processor.py:176} INFO - Processing /opt/airflow/dags/example.py took 0.152 seconds
[2023-05-10T07:34:46.608+0000] {processor.py:154} INFO - Started process (PID=97) to work on /opt/airflow/dags/example.py
[2023-05-10T07:34:46.611+0000] {processor.py:756} INFO - Processing file /opt/airflow/dags/example.py for tasks to queue
[2023-05-10T07:34:46.613+0000] {logging_mixin.py:137} INFO - [2023-05-10T07:34:46.612+0000] {dagbag.py:537} INFO - Filling up the DagBag from /opt/airflow/dags/example.py
[2023-05-10T07:34:46.640+0000] {processor.py:766} INFO - DAG(s) dict_keys(['daily_dag']) retrieved from /opt/airflow/dags/example.py
[2023-05-10T07:34:46.683+0000] {logging_mixin.py:137} INFO - [2023-05-10T07:34:46.683+0000] {dag.py:2585} INFO - Sync 1 DAGs
[2023-05-10T07:34:46.702+0000] {logging_mixin.py:137} INFO - [2023-05-10T07:34:46.702+0000] {dag.py:3340} INFO - Setting next_dagrun for daily_dag to 2023-05-09T00:00:00+00:00, run_after=2023-05-10T00:00:00+00:00
[2023-05-10T07:34:46.722+0000] {processor.py:176} INFO - Processing /opt/airflow/dags/example.py took 0.122 seconds
[2023-05-10T07:35:17.772+0000] {processor.py:154} INFO - Started process (PID=162) to work on /opt/airflow/dags/example.py
[2023-05-10T07:35:17.775+0000] {processor.py:756} INFO - Processing file /opt/airflow/dags/example.py for tasks to queue
[2023-05-10T07:35:17.778+0000] {logging_mixin.py:137} INFO - [2023-05-10T07:35:17.778+0000] {dagbag.py:537} INFO - Filling up the DagBag from /opt/airflow/dags/example.py
[2023-05-10T07:35:17.810+0000] {processor.py:766} INFO - DAG(s) dict_keys(['daily_dag']) retrieved from /opt/airflow/dags/example.py
[2023-05-10T07:35:17.849+0000] {logging_mixin.py:137} INFO - [2023-05-10T07:35:17.849+0000] {dag.py:2585} INFO - Sync 1 DAGs
[2023-05-10T07:35:17.869+0000] {logging_mixin.py:137} INFO - [2023-05-10T07:35:17.869+0000] {dag.py:3340} INFO - Setting next_dagrun for daily_dag to 2023-05-09T00:00:00+00:00, run_after=2023-05-10T00:00:00+00:00
[2023-05-10T07:35:17.887+0000] {processor.py:176} INFO - Processing /opt/airflow/dags/example.py took 0.120 seconds
[2023-05-10T07:35:48.699+0000] {processor.py:154} INFO - Started process (PID=225) to work on /opt/airflow/dags/example.py
[2023-05-10T07:35:48.701+0000] {processor.py:756} INFO - Processing file /opt/airflow/dags/example.py for tasks to queue
[2023-05-10T07:35:48.703+0000] {logging_mixin.py:137} INFO - [2023-05-10T07:35:48.702+0000] {dagbag.py:537} INFO - Filling up the DagBag from /opt/airflow/dags/example.py
[2023-05-10T07:35:48.730+0000] {processor.py:766} INFO - DAG(s) dict_keys(['daily_dag']) retrieved from /opt/airflow/dags/example.py
[2023-05-10T07:35:48.772+0000] {logging_mixin.py:137} INFO - [2023-05-10T07:35:48.772+0000] {dag.py:2585} INFO - Sync 1 DAGs
[2023-05-10T07:35:48.795+0000] {logging_mixin.py:137} INFO - [2023-05-10T07:35:48.795+0000] {dag.py:3340} INFO - Setting next_dagrun for daily_dag to 2023-05-09T00:00:00+00:00, run_after=2023-05-10T00:00:00+00:00
[2023-05-10T07:35:48.819+0000] {processor.py:176} INFO - Processing /opt/airflow/dags/example.py took 0.124 seconds
[2023-05-10T07:36:19.345+0000] {processor.py:154} INFO - Started process (PID=279) to work on /opt/airflow/dags/example.py
[2023-05-10T07:36:19.348+0000] {processor.py:756} INFO - Processing file /opt/airflow/dags/example.py for tasks to queue
[2023-05-10T07:36:19.351+0000] {logging_mixin.py:137} INFO - [2023-05-10T07:36:19.351+0000] {dagbag.py:537} INFO - Filling up the DagBag from /opt/airflow/dags/example.py
[2023-05-10T07:36:19.392+0000] {processor.py:766} INFO - DAG(s) dict_keys(['daily_dag']) retrieved from /opt/airflow/dags/example.py
[2023-05-10T07:36:19.479+0000] {logging_mixin.py:137} INFO - [2023-05-10T07:36:19.479+0000] {dag.py:2585} INFO - Sync 1 DAGs
[2023-05-10T07:36:19.508+0000] {logging_mixin.py:137} INFO - [2023-05-10T07:36:19.508+0000] {dag.py:3340} INFO - Setting next_dagrun for daily_dag to 2023-05-09T00:00:00+00:00, run_after=2023-05-10T00:00:00+00:00
[2023-05-10T07:36:19.524+0000] {processor.py:176} INFO - Processing /opt/airflow/dags/example.py took 0.184 seconds
[2023-05-10T07:36:50.547+0000] {processor.py:154} INFO - Started process (PID=344) to work on /opt/airflow/dags/example.py
[2023-05-10T07:36:50.551+0000] {processor.py:756} INFO - Processing file /opt/airflow/dags/example.py for tasks to queue
[2023-05-10T07:36:50.554+0000] {logging_mixin.py:137} INFO - [2023-05-10T07:36:50.554+0000] {dagbag.py:537} INFO - Filling up the DagBag from /opt/airflow/dags/example.py
[2023-05-10T07:36:50.587+0000] {processor.py:766} INFO - DAG(s) dict_keys(['daily_dag']) retrieved from /opt/airflow/dags/example.py
[2023-05-10T07:36:50.627+0000] {logging_mixin.py:137} INFO - [2023-05-10T07:36:50.627+0000] {dag.py:2585} INFO - Sync 1 DAGs
[2023-05-10T07:36:50.651+0000] {logging_mixin.py:137} INFO - [2023-05-10T07:36:50.651+0000] {dag.py:3340} INFO - Setting next_dagrun for daily_dag to 2023-05-09T00:00:00+00:00, run_after=2023-05-10T00:00:00+00:00
[2023-05-10T07:36:50.666+0000] {processor.py:176} INFO - Processing /opt/airflow/dags/example.py took 0.125 seconds
[2023-05-10T07:37:21.372+0000] {processor.py:154} INFO - Started process (PID=408) to work on /opt/airflow/dags/example.py
[2023-05-10T07:37:21.376+0000] {processor.py:756} INFO - Processing file /opt/airflow/dags/example.py for tasks to queue
[2023-05-10T07:37:21.377+0000] {logging_mixin.py:137} INFO - [2023-05-10T07:37:21.377+0000] {dagbag.py:537} INFO - Filling up the DagBag from /opt/airflow/dags/example.py
[2023-05-10T07:37:21.402+0000] {processor.py:766} INFO - DAG(s) dict_keys(['daily_dag']) retrieved from /opt/airflow/dags/example.py
[2023-05-10T07:37:21.449+0000] {logging_mixin.py:137} INFO - [2023-05-10T07:37:21.449+0000] {dag.py:2585} INFO - Sync 1 DAGs
[2023-05-10T07:37:21.467+0000] {logging_mixin.py:137} INFO - [2023-05-10T07:37:21.467+0000] {dag.py:3340} INFO - Setting next_dagrun for daily_dag to 2023-05-09T00:00:00+00:00, run_after=2023-05-10T00:00:00+00:00
[2023-05-10T07:37:21.480+0000] {processor.py:176} INFO - Processing /opt/airflow/dags/example.py took 0.113 seconds
[2023-05-10T07:37:51.780+0000] {processor.py:154} INFO - Started process (PID=470) to work on /opt/airflow/dags/example.py
[2023-05-10T07:37:51.783+0000] {processor.py:756} INFO - Processing file /opt/airflow/dags/example.py for tasks to queue
[2023-05-10T07:37:51.784+0000] {logging_mixin.py:137} INFO - [2023-05-10T07:37:51.784+0000] {dagbag.py:537} INFO - Filling up the DagBag from /opt/airflow/dags/example.py
[2023-05-10T07:37:51.809+0000] {processor.py:766} INFO - DAG(s) dict_keys(['daily_dag']) retrieved from /opt/airflow/dags/example.py
[2023-05-10T07:37:51.849+0000] {logging_mixin.py:137} INFO - [2023-05-10T07:37:51.849+0000] {dag.py:2585} INFO - Sync 1 DAGs
[2023-05-10T07:37:51.869+0000] {logging_mixin.py:137} INFO - [2023-05-10T07:37:51.869+0000] {dag.py:3340} INFO - Setting next_dagrun for daily_dag to 2023-05-09T00:00:00+00:00, run_after=2023-05-10T00:00:00+00:00
[2023-05-10T07:37:51.882+0000] {processor.py:176} INFO - Processing /opt/airflow/dags/example.py took 0.107 seconds
