[2022-11-28T15:43:41.914+0000] {processor.py:154} INFO - Started process (PID=632) to work on /opt/airflow/dags/example.py
[2022-11-28T15:43:41.916+0000] {processor.py:756} INFO - Processing file /opt/airflow/dags/example.py for tasks to queue
[2022-11-28T15:43:41.917+0000] {logging_mixin.py:137} INFO - [2022-11-28T15:43:41.917+0000] {dagbag.py:537} INFO - Filling up the DagBag from /opt/airflow/dags/example.py
[2022-11-28T15:43:41.955+0000] {processor.py:766} INFO - DAG(s) dict_keys(['daily_dag']) retrieved from /opt/airflow/dags/example.py
[2022-11-28T15:43:42.108+0000] {logging_mixin.py:137} INFO - [2022-11-28T15:43:42.108+0000] {manager.py:507} INFO - Created Permission View: can read on DAG:daily_dag
[2022-11-28T15:43:42.117+0000] {logging_mixin.py:137} INFO - [2022-11-28T15:43:42.117+0000] {manager.py:507} INFO - Created Permission View: can edit on DAG:daily_dag
[2022-11-28T15:43:42.122+0000] {logging_mixin.py:137} INFO - [2022-11-28T15:43:42.122+0000] {manager.py:507} INFO - Created Permission View: can delete on DAG:daily_dag
[2022-11-28T15:43:42.123+0000] {logging_mixin.py:137} INFO - [2022-11-28T15:43:42.123+0000] {dag.py:2585} INFO - Sync 1 DAGs
[2022-11-28T15:43:42.132+0000] {logging_mixin.py:137} INFO - [2022-11-28T15:43:42.132+0000] {dag.py:2606} INFO - Creating ORM DAG for daily_dag
[2022-11-28T15:43:42.141+0000] {logging_mixin.py:137} INFO - [2022-11-28T15:43:42.141+0000] {dag.py:3340} INFO - Setting next_dagrun for daily_dag to 2022-11-27T00:00:00+00:00, run_after=2022-11-28T00:00:00+00:00
[2022-11-28T15:43:42.157+0000] {processor.py:176} INFO - Processing /opt/airflow/dags/example.py took 0.246 seconds
[2022-11-28T15:44:02.749+0000] {processor.py:154} INFO - Started process (PID=687) to work on /opt/airflow/dags/example.py
[2022-11-28T15:44:02.753+0000] {processor.py:756} INFO - Processing file /opt/airflow/dags/example.py for tasks to queue
[2022-11-28T15:44:02.755+0000] {logging_mixin.py:137} INFO - [2022-11-28T15:44:02.755+0000] {dagbag.py:537} INFO - Filling up the DagBag from /opt/airflow/dags/example.py
[2022-11-28T15:44:02.792+0000] {processor.py:766} INFO - DAG(s) dict_keys(['daily_dag']) retrieved from /opt/airflow/dags/example.py
[2022-11-28T15:44:02.811+0000] {logging_mixin.py:137} INFO - [2022-11-28T15:44:02.811+0000] {dag.py:2585} INFO - Sync 1 DAGs
[2022-11-28T15:44:02.830+0000] {logging_mixin.py:137} INFO - [2022-11-28T15:44:02.830+0000] {dag.py:3340} INFO - Setting next_dagrun for daily_dag to 2022-11-27T00:00:00+00:00, run_after=2022-11-28T00:00:00+00:00
[2022-11-28T15:44:02.844+0000] {processor.py:176} INFO - Processing /opt/airflow/dags/example.py took 0.099 seconds
[2022-11-28T15:44:33.727+0000] {processor.py:154} INFO - Started process (PID=750) to work on /opt/airflow/dags/example.py
[2022-11-28T15:44:33.731+0000] {processor.py:756} INFO - Processing file /opt/airflow/dags/example.py for tasks to queue
[2022-11-28T15:44:33.733+0000] {logging_mixin.py:137} INFO - [2022-11-28T15:44:33.733+0000] {dagbag.py:537} INFO - Filling up the DagBag from /opt/airflow/dags/example.py
[2022-11-28T15:44:33.766+0000] {processor.py:766} INFO - DAG(s) dict_keys(['daily_dag']) retrieved from /opt/airflow/dags/example.py
[2022-11-28T15:44:33.798+0000] {logging_mixin.py:137} INFO - [2022-11-28T15:44:33.798+0000] {dag.py:2585} INFO - Sync 1 DAGs
[2022-11-28T15:44:33.818+0000] {logging_mixin.py:137} INFO - [2022-11-28T15:44:33.818+0000] {dag.py:3340} INFO - Setting next_dagrun for daily_dag to 2022-11-27T00:00:00+00:00, run_after=2022-11-28T00:00:00+00:00
[2022-11-28T15:44:33.833+0000] {processor.py:176} INFO - Processing /opt/airflow/dags/example.py took 0.110 seconds
[2022-11-28T15:45:04.334+0000] {processor.py:154} INFO - Started process (PID=813) to work on /opt/airflow/dags/example.py
[2022-11-28T15:45:04.336+0000] {processor.py:756} INFO - Processing file /opt/airflow/dags/example.py for tasks to queue
[2022-11-28T15:45:04.337+0000] {logging_mixin.py:137} INFO - [2022-11-28T15:45:04.337+0000] {dagbag.py:537} INFO - Filling up the DagBag from /opt/airflow/dags/example.py
[2022-11-28T15:45:04.355+0000] {processor.py:766} INFO - DAG(s) dict_keys(['daily_dag']) retrieved from /opt/airflow/dags/example.py
[2022-11-28T15:45:04.384+0000] {logging_mixin.py:137} INFO - [2022-11-28T15:45:04.384+0000] {dag.py:2585} INFO - Sync 1 DAGs
[2022-11-28T15:45:04.400+0000] {logging_mixin.py:137} INFO - [2022-11-28T15:45:04.400+0000] {dag.py:3340} INFO - Setting next_dagrun for daily_dag to 2022-11-27T00:00:00+00:00, run_after=2022-11-28T00:00:00+00:00
[2022-11-28T15:45:04.412+0000] {processor.py:176} INFO - Processing /opt/airflow/dags/example.py took 0.081 seconds
[2022-11-28T15:45:35.344+0000] {processor.py:154} INFO - Started process (PID=876) to work on /opt/airflow/dags/example.py
[2022-11-28T15:45:35.347+0000] {processor.py:756} INFO - Processing file /opt/airflow/dags/example.py for tasks to queue
[2022-11-28T15:45:35.349+0000] {logging_mixin.py:137} INFO - [2022-11-28T15:45:35.349+0000] {dagbag.py:537} INFO - Filling up the DagBag from /opt/airflow/dags/example.py
[2022-11-28T15:45:35.367+0000] {processor.py:766} INFO - DAG(s) dict_keys(['daily_dag']) retrieved from /opt/airflow/dags/example.py
[2022-11-28T15:45:35.391+0000] {logging_mixin.py:137} INFO - [2022-11-28T15:45:35.391+0000] {dag.py:2585} INFO - Sync 1 DAGs
[2022-11-28T15:45:35.408+0000] {logging_mixin.py:137} INFO - [2022-11-28T15:45:35.408+0000] {dag.py:3340} INFO - Setting next_dagrun for daily_dag to 2022-11-27T00:00:00+00:00, run_after=2022-11-28T00:00:00+00:00
[2022-11-28T15:45:35.422+0000] {processor.py:176} INFO - Processing /opt/airflow/dags/example.py took 0.080 seconds
[2022-11-28T15:46:06.098+0000] {processor.py:154} INFO - Started process (PID=941) to work on /opt/airflow/dags/example.py
[2022-11-28T15:46:06.100+0000] {processor.py:756} INFO - Processing file /opt/airflow/dags/example.py for tasks to queue
[2022-11-28T15:46:06.101+0000] {logging_mixin.py:137} INFO - [2022-11-28T15:46:06.101+0000] {dagbag.py:537} INFO - Filling up the DagBag from /opt/airflow/dags/example.py
[2022-11-28T15:46:06.117+0000] {processor.py:766} INFO - DAG(s) dict_keys(['daily_dag']) retrieved from /opt/airflow/dags/example.py
[2022-11-28T15:46:06.143+0000] {logging_mixin.py:137} INFO - [2022-11-28T15:46:06.143+0000] {dag.py:2585} INFO - Sync 1 DAGs
[2022-11-28T15:46:06.161+0000] {logging_mixin.py:137} INFO - [2022-11-28T15:46:06.161+0000] {dag.py:3340} INFO - Setting next_dagrun for daily_dag to 2022-11-27T00:00:00+00:00, run_after=2022-11-28T00:00:00+00:00
[2022-11-28T15:46:06.173+0000] {processor.py:176} INFO - Processing /opt/airflow/dags/example.py took 0.077 seconds
[2022-11-28T15:46:36.782+0000] {processor.py:154} INFO - Started process (PID=995) to work on /opt/airflow/dags/example.py
[2022-11-28T15:46:36.786+0000] {processor.py:756} INFO - Processing file /opt/airflow/dags/example.py for tasks to queue
[2022-11-28T15:46:36.788+0000] {logging_mixin.py:137} INFO - [2022-11-28T15:46:36.787+0000] {dagbag.py:537} INFO - Filling up the DagBag from /opt/airflow/dags/example.py
[2022-11-28T15:46:36.818+0000] {processor.py:766} INFO - DAG(s) dict_keys(['daily_dag']) retrieved from /opt/airflow/dags/example.py
[2022-11-28T15:46:36.881+0000] {logging_mixin.py:137} INFO - [2022-11-28T15:46:36.881+0000] {dag.py:2585} INFO - Sync 1 DAGs
[2022-11-28T15:46:36.911+0000] {logging_mixin.py:137} INFO - [2022-11-28T15:46:36.910+0000] {dag.py:3340} INFO - Setting next_dagrun for daily_dag to 2022-11-27T00:00:00+00:00, run_after=2022-11-28T00:00:00+00:00
[2022-11-28T15:46:36.940+0000] {processor.py:176} INFO - Processing /opt/airflow/dags/example.py took 0.161 seconds
[2022-11-28T15:47:07.809+0000] {processor.py:154} INFO - Started process (PID=1059) to work on /opt/airflow/dags/example.py
[2022-11-28T15:47:07.813+0000] {processor.py:756} INFO - Processing file /opt/airflow/dags/example.py for tasks to queue
[2022-11-28T15:47:07.815+0000] {logging_mixin.py:137} INFO - [2022-11-28T15:47:07.814+0000] {dagbag.py:537} INFO - Filling up the DagBag from /opt/airflow/dags/example.py
[2022-11-28T15:47:07.845+0000] {processor.py:766} INFO - DAG(s) dict_keys(['daily_dag']) retrieved from /opt/airflow/dags/example.py
[2022-11-28T15:47:07.896+0000] {logging_mixin.py:137} INFO - [2022-11-28T15:47:07.896+0000] {dag.py:2585} INFO - Sync 1 DAGs
[2022-11-28T15:47:07.919+0000] {logging_mixin.py:137} INFO - [2022-11-28T15:47:07.919+0000] {dag.py:3340} INFO - Setting next_dagrun for daily_dag to 2022-11-27T00:00:00+00:00, run_after=2022-11-28T00:00:00+00:00
[2022-11-28T15:47:07.941+0000] {processor.py:176} INFO - Processing /opt/airflow/dags/example.py took 0.135 seconds
[2022-11-28T15:47:38.308+0000] {processor.py:154} INFO - Started process (PID=1123) to work on /opt/airflow/dags/example.py
[2022-11-28T15:47:38.311+0000] {processor.py:756} INFO - Processing file /opt/airflow/dags/example.py for tasks to queue
[2022-11-28T15:47:38.312+0000] {logging_mixin.py:137} INFO - [2022-11-28T15:47:38.312+0000] {dagbag.py:537} INFO - Filling up the DagBag from /opt/airflow/dags/example.py
[2022-11-28T15:47:38.331+0000] {processor.py:766} INFO - DAG(s) dict_keys(['daily_dag']) retrieved from /opt/airflow/dags/example.py
[2022-11-28T15:47:38.357+0000] {logging_mixin.py:137} INFO - [2022-11-28T15:47:38.357+0000] {dag.py:2585} INFO - Sync 1 DAGs
[2022-11-28T15:47:38.371+0000] {logging_mixin.py:137} INFO - [2022-11-28T15:47:38.371+0000] {dag.py:3340} INFO - Setting next_dagrun for daily_dag to 2022-11-27T00:00:00+00:00, run_after=2022-11-28T00:00:00+00:00
[2022-11-28T15:47:38.384+0000] {processor.py:176} INFO - Processing /opt/airflow/dags/example.py took 0.078 seconds
[2022-11-28T15:48:08.914+0000] {processor.py:154} INFO - Started process (PID=1188) to work on /opt/airflow/dags/example.py
[2022-11-28T15:48:08.917+0000] {processor.py:756} INFO - Processing file /opt/airflow/dags/example.py for tasks to queue
[2022-11-28T15:48:08.918+0000] {logging_mixin.py:137} INFO - [2022-11-28T15:48:08.918+0000] {dagbag.py:537} INFO - Filling up the DagBag from /opt/airflow/dags/example.py
[2022-11-28T15:48:08.938+0000] {processor.py:766} INFO - DAG(s) dict_keys(['daily_dag']) retrieved from /opt/airflow/dags/example.py
[2022-11-28T15:48:08.964+0000] {logging_mixin.py:137} INFO - [2022-11-28T15:48:08.964+0000] {dag.py:2585} INFO - Sync 1 DAGs
[2022-11-28T15:48:08.979+0000] {logging_mixin.py:137} INFO - [2022-11-28T15:48:08.979+0000] {dag.py:3340} INFO - Setting next_dagrun for daily_dag to 2022-11-27T00:00:00+00:00, run_after=2022-11-28T00:00:00+00:00
[2022-11-28T15:48:08.990+0000] {processor.py:176} INFO - Processing /opt/airflow/dags/example.py took 0.080 seconds
[2022-11-28T15:48:39.071+0000] {processor.py:154} INFO - Started process (PID=1252) to work on /opt/airflow/dags/example.py
[2022-11-28T15:48:39.074+0000] {processor.py:756} INFO - Processing file /opt/airflow/dags/example.py for tasks to queue
[2022-11-28T15:48:39.076+0000] {logging_mixin.py:137} INFO - [2022-11-28T15:48:39.076+0000] {dagbag.py:537} INFO - Filling up the DagBag from /opt/airflow/dags/example.py
[2022-11-28T15:48:39.107+0000] {processor.py:766} INFO - DAG(s) dict_keys(['daily_dag']) retrieved from /opt/airflow/dags/example.py
[2022-11-28T15:48:39.153+0000] {logging_mixin.py:137} INFO - [2022-11-28T15:48:39.153+0000] {dag.py:2585} INFO - Sync 1 DAGs
[2022-11-28T15:48:39.175+0000] {logging_mixin.py:137} INFO - [2022-11-28T15:48:39.175+0000] {dag.py:3340} INFO - Setting next_dagrun for daily_dag to 2022-11-27T00:00:00+00:00, run_after=2022-11-28T00:00:00+00:00
[2022-11-28T15:48:39.189+0000] {processor.py:176} INFO - Processing /opt/airflow/dags/example.py took 0.123 seconds
[2022-11-28T15:49:09.683+0000] {processor.py:154} INFO - Started process (PID=1315) to work on /opt/airflow/dags/example.py
[2022-11-28T15:49:09.686+0000] {processor.py:756} INFO - Processing file /opt/airflow/dags/example.py for tasks to queue
[2022-11-28T15:49:09.688+0000] {logging_mixin.py:137} INFO - [2022-11-28T15:49:09.688+0000] {dagbag.py:537} INFO - Filling up the DagBag from /opt/airflow/dags/example.py
[2022-11-28T15:49:09.714+0000] {processor.py:766} INFO - DAG(s) dict_keys(['daily_dag']) retrieved from /opt/airflow/dags/example.py
[2022-11-28T15:49:09.758+0000] {logging_mixin.py:137} INFO - [2022-11-28T15:49:09.758+0000] {dag.py:2585} INFO - Sync 1 DAGs
[2022-11-28T15:49:09.781+0000] {logging_mixin.py:137} INFO - [2022-11-28T15:49:09.781+0000] {dag.py:3340} INFO - Setting next_dagrun for daily_dag to 2022-11-27T00:00:00+00:00, run_after=2022-11-28T00:00:00+00:00
[2022-11-28T15:49:09.795+0000] {processor.py:176} INFO - Processing /opt/airflow/dags/example.py took 0.116 seconds
[2022-11-28T15:49:40.452+0000] {processor.py:154} INFO - Started process (PID=1369) to work on /opt/airflow/dags/example.py
[2022-11-28T15:49:40.455+0000] {processor.py:756} INFO - Processing file /opt/airflow/dags/example.py for tasks to queue
[2022-11-28T15:49:40.456+0000] {logging_mixin.py:137} INFO - [2022-11-28T15:49:40.456+0000] {dagbag.py:537} INFO - Filling up the DagBag from /opt/airflow/dags/example.py
[2022-11-28T15:49:40.473+0000] {processor.py:766} INFO - DAG(s) dict_keys(['daily_dag']) retrieved from /opt/airflow/dags/example.py
[2022-11-28T15:49:40.498+0000] {logging_mixin.py:137} INFO - [2022-11-28T15:49:40.498+0000] {dag.py:2585} INFO - Sync 1 DAGs
[2022-11-28T15:49:40.514+0000] {logging_mixin.py:137} INFO - [2022-11-28T15:49:40.514+0000] {dag.py:3340} INFO - Setting next_dagrun for daily_dag to 2022-11-27T00:00:00+00:00, run_after=2022-11-28T00:00:00+00:00
[2022-11-28T15:49:40.526+0000] {processor.py:176} INFO - Processing /opt/airflow/dags/example.py took 0.077 seconds
