[2023-03-11T20:16:49.422+0000] {processor.py:154} INFO - Started process (PID=63) to work on /home/airflow/.local/lib/python3.7/site-packages/airflow/example_dags/example_complex.py
[2023-03-11T20:16:49.423+0000] {processor.py:756} INFO - Processing file /home/airflow/.local/lib/python3.7/site-packages/airflow/example_dags/example_complex.py for tasks to queue
[2023-03-11T20:16:49.425+0000] {logging_mixin.py:137} INFO - [2023-03-11T20:16:49.425+0000] {dagbag.py:537} INFO - Filling up the DagBag from /home/airflow/.local/lib/python3.7/site-packages/airflow/example_dags/example_complex.py
[2023-03-11T20:16:49.435+0000] {logging_mixin.py:137} INFO - [2023-03-11T20:16:49.435+0000] {taskmixin.py:205} WARNING - Dependency <Task(BashOperator): create_entry_group>, delete_entry_group already registered for DAG: example_complex
[2023-03-11T20:16:49.436+0000] {logging_mixin.py:137} INFO - [2023-03-11T20:16:49.436+0000] {taskmixin.py:205} WARNING - Dependency <Task(BashOperator): delete_entry_group>, create_entry_group already registered for DAG: example_complex
[2023-03-11T20:16:49.437+0000] {logging_mixin.py:137} INFO - [2023-03-11T20:16:49.437+0000] {taskmixin.py:205} WARNING - Dependency <Task(BashOperator): create_entry_gcs>, delete_entry already registered for DAG: example_complex
[2023-03-11T20:16:49.438+0000] {logging_mixin.py:137} INFO - [2023-03-11T20:16:49.438+0000] {taskmixin.py:205} WARNING - Dependency <Task(BashOperator): delete_entry>, create_entry_gcs already registered for DAG: example_complex
[2023-03-11T20:16:49.442+0000] {logging_mixin.py:137} INFO - [2023-03-11T20:16:49.442+0000] {taskmixin.py:205} WARNING - Dependency <Task(BashOperator): create_tag>, delete_tag already registered for DAG: example_complex
[2023-03-11T20:16:49.444+0000] {logging_mixin.py:137} INFO - [2023-03-11T20:16:49.444+0000] {taskmixin.py:205} WARNING - Dependency <Task(BashOperator): delete_tag>, create_tag already registered for DAG: example_complex
[2023-03-11T20:16:49.450+0000] {processor.py:766} INFO - DAG(s) dict_keys(['example_complex']) retrieved from /home/airflow/.local/lib/python3.7/site-packages/airflow/example_dags/example_complex.py
[2023-03-11T20:16:49.490+0000] {logging_mixin.py:137} INFO - [2023-03-11T20:16:49.490+0000] {dag.py:2585} INFO - Sync 1 DAGs
[2023-03-11T20:16:49.506+0000] {logging_mixin.py:137} INFO - [2023-03-11T20:16:49.506+0000] {dag.py:3340} INFO - Setting next_dagrun for example_complex to None, run_after=None
[2023-03-11T20:16:49.518+0000] {processor.py:176} INFO - Processing /home/airflow/.local/lib/python3.7/site-packages/airflow/example_dags/example_complex.py took 0.099 seconds
[2023-03-11T20:17:20.142+0000] {processor.py:154} INFO - Started process (PID=129) to work on /home/airflow/.local/lib/python3.7/site-packages/airflow/example_dags/example_complex.py
[2023-03-11T20:17:20.144+0000] {processor.py:756} INFO - Processing file /home/airflow/.local/lib/python3.7/site-packages/airflow/example_dags/example_complex.py for tasks to queue
[2023-03-11T20:17:20.145+0000] {logging_mixin.py:137} INFO - [2023-03-11T20:17:20.145+0000] {dagbag.py:537} INFO - Filling up the DagBag from /home/airflow/.local/lib/python3.7/site-packages/airflow/example_dags/example_complex.py
[2023-03-11T20:17:20.152+0000] {logging_mixin.py:137} INFO - [2023-03-11T20:17:20.152+0000] {taskmixin.py:205} WARNING - Dependency <Task(BashOperator): create_entry_group>, delete_entry_group already registered for DAG: example_complex
[2023-03-11T20:17:20.153+0000] {logging_mixin.py:137} INFO - [2023-03-11T20:17:20.153+0000] {taskmixin.py:205} WARNING - Dependency <Task(BashOperator): delete_entry_group>, create_entry_group already registered for DAG: example_complex
[2023-03-11T20:17:20.154+0000] {logging_mixin.py:137} INFO - [2023-03-11T20:17:20.154+0000] {taskmixin.py:205} WARNING - Dependency <Task(BashOperator): create_entry_gcs>, delete_entry already registered for DAG: example_complex
[2023-03-11T20:17:20.155+0000] {logging_mixin.py:137} INFO - [2023-03-11T20:17:20.155+0000] {taskmixin.py:205} WARNING - Dependency <Task(BashOperator): delete_entry>, create_entry_gcs already registered for DAG: example_complex
[2023-03-11T20:17:20.157+0000] {logging_mixin.py:137} INFO - [2023-03-11T20:17:20.157+0000] {taskmixin.py:205} WARNING - Dependency <Task(BashOperator): create_tag>, delete_tag already registered for DAG: example_complex
[2023-03-11T20:17:20.157+0000] {logging_mixin.py:137} INFO - [2023-03-11T20:17:20.157+0000] {taskmixin.py:205} WARNING - Dependency <Task(BashOperator): delete_tag>, create_tag already registered for DAG: example_complex
[2023-03-11T20:17:20.163+0000] {processor.py:766} INFO - DAG(s) dict_keys(['example_complex']) retrieved from /home/airflow/.local/lib/python3.7/site-packages/airflow/example_dags/example_complex.py
[2023-03-11T20:17:20.191+0000] {logging_mixin.py:137} INFO - [2023-03-11T20:17:20.190+0000] {dag.py:2585} INFO - Sync 1 DAGs
[2023-03-11T20:17:20.204+0000] {logging_mixin.py:137} INFO - [2023-03-11T20:17:20.204+0000] {dag.py:3340} INFO - Setting next_dagrun for example_complex to None, run_after=None
[2023-03-11T20:17:20.216+0000] {processor.py:176} INFO - Processing /home/airflow/.local/lib/python3.7/site-packages/airflow/example_dags/example_complex.py took 0.076 seconds
[2023-03-11T20:17:50.639+0000] {processor.py:154} INFO - Started process (PID=193) to work on /home/airflow/.local/lib/python3.7/site-packages/airflow/example_dags/example_complex.py
[2023-03-11T20:17:50.640+0000] {processor.py:756} INFO - Processing file /home/airflow/.local/lib/python3.7/site-packages/airflow/example_dags/example_complex.py for tasks to queue
[2023-03-11T20:17:50.641+0000] {logging_mixin.py:137} INFO - [2023-03-11T20:17:50.641+0000] {dagbag.py:537} INFO - Filling up the DagBag from /home/airflow/.local/lib/python3.7/site-packages/airflow/example_dags/example_complex.py
[2023-03-11T20:17:50.648+0000] {logging_mixin.py:137} INFO - [2023-03-11T20:17:50.648+0000] {taskmixin.py:205} WARNING - Dependency <Task(BashOperator): create_entry_group>, delete_entry_group already registered for DAG: example_complex
[2023-03-11T20:17:50.650+0000] {logging_mixin.py:137} INFO - [2023-03-11T20:17:50.650+0000] {taskmixin.py:205} WARNING - Dependency <Task(BashOperator): delete_entry_group>, create_entry_group already registered for DAG: example_complex
[2023-03-11T20:17:50.651+0000] {logging_mixin.py:137} INFO - [2023-03-11T20:17:50.651+0000] {taskmixin.py:205} WARNING - Dependency <Task(BashOperator): create_entry_gcs>, delete_entry already registered for DAG: example_complex
[2023-03-11T20:17:50.652+0000] {logging_mixin.py:137} INFO - [2023-03-11T20:17:50.652+0000] {taskmixin.py:205} WARNING - Dependency <Task(BashOperator): delete_entry>, create_entry_gcs already registered for DAG: example_complex
[2023-03-11T20:17:50.653+0000] {logging_mixin.py:137} INFO - [2023-03-11T20:17:50.653+0000] {taskmixin.py:205} WARNING - Dependency <Task(BashOperator): create_tag>, delete_tag already registered for DAG: example_complex
[2023-03-11T20:17:50.653+0000] {logging_mixin.py:137} INFO - [2023-03-11T20:17:50.653+0000] {taskmixin.py:205} WARNING - Dependency <Task(BashOperator): delete_tag>, create_tag already registered for DAG: example_complex
[2023-03-11T20:17:50.659+0000] {processor.py:766} INFO - DAG(s) dict_keys(['example_complex']) retrieved from /home/airflow/.local/lib/python3.7/site-packages/airflow/example_dags/example_complex.py
[2023-03-11T20:17:50.688+0000] {logging_mixin.py:137} INFO - [2023-03-11T20:17:50.688+0000] {dag.py:2585} INFO - Sync 1 DAGs
[2023-03-11T20:17:50.704+0000] {logging_mixin.py:137} INFO - [2023-03-11T20:17:50.704+0000] {dag.py:3340} INFO - Setting next_dagrun for example_complex to None, run_after=None
[2023-03-11T20:17:50.719+0000] {processor.py:176} INFO - Processing /home/airflow/.local/lib/python3.7/site-packages/airflow/example_dags/example_complex.py took 0.082 seconds
[2023-03-11T20:18:21.415+0000] {processor.py:154} INFO - Started process (PID=257) to work on /home/airflow/.local/lib/python3.7/site-packages/airflow/example_dags/example_complex.py
[2023-03-11T20:18:21.417+0000] {processor.py:756} INFO - Processing file /home/airflow/.local/lib/python3.7/site-packages/airflow/example_dags/example_complex.py for tasks to queue
[2023-03-11T20:18:21.419+0000] {logging_mixin.py:137} INFO - [2023-03-11T20:18:21.419+0000] {dagbag.py:537} INFO - Filling up the DagBag from /home/airflow/.local/lib/python3.7/site-packages/airflow/example_dags/example_complex.py
[2023-03-11T20:18:21.431+0000] {logging_mixin.py:137} INFO - [2023-03-11T20:18:21.430+0000] {taskmixin.py:205} WARNING - Dependency <Task(BashOperator): create_entry_group>, delete_entry_group already registered for DAG: example_complex
[2023-03-11T20:18:21.432+0000] {logging_mixin.py:137} INFO - [2023-03-11T20:18:21.431+0000] {taskmixin.py:205} WARNING - Dependency <Task(BashOperator): delete_entry_group>, create_entry_group already registered for DAG: example_complex
[2023-03-11T20:18:21.432+0000] {logging_mixin.py:137} INFO - [2023-03-11T20:18:21.432+0000] {taskmixin.py:205} WARNING - Dependency <Task(BashOperator): create_entry_gcs>, delete_entry already registered for DAG: example_complex
[2023-03-11T20:18:21.433+0000] {logging_mixin.py:137} INFO - [2023-03-11T20:18:21.433+0000] {taskmixin.py:205} WARNING - Dependency <Task(BashOperator): delete_entry>, create_entry_gcs already registered for DAG: example_complex
[2023-03-11T20:18:21.434+0000] {logging_mixin.py:137} INFO - [2023-03-11T20:18:21.434+0000] {taskmixin.py:205} WARNING - Dependency <Task(BashOperator): create_tag>, delete_tag already registered for DAG: example_complex
[2023-03-11T20:18:21.435+0000] {logging_mixin.py:137} INFO - [2023-03-11T20:18:21.434+0000] {taskmixin.py:205} WARNING - Dependency <Task(BashOperator): delete_tag>, create_tag already registered for DAG: example_complex
[2023-03-11T20:18:21.440+0000] {processor.py:766} INFO - DAG(s) dict_keys(['example_complex']) retrieved from /home/airflow/.local/lib/python3.7/site-packages/airflow/example_dags/example_complex.py
[2023-03-11T20:18:21.469+0000] {logging_mixin.py:137} INFO - [2023-03-11T20:18:21.469+0000] {dag.py:2585} INFO - Sync 1 DAGs
[2023-03-11T20:18:21.482+0000] {logging_mixin.py:137} INFO - [2023-03-11T20:18:21.482+0000] {dag.py:3340} INFO - Setting next_dagrun for example_complex to None, run_after=None
[2023-03-11T20:18:21.494+0000] {processor.py:176} INFO - Processing /home/airflow/.local/lib/python3.7/site-packages/airflow/example_dags/example_complex.py took 0.080 seconds
