[2023-03-11T20:16:48.643+0000] {processor.py:154} INFO - Started process (PID=56) to work on /home/airflow/.local/lib/python3.7/site-packages/airflow/example_dags/example_external_task_marker_dag.py
[2023-03-11T20:16:48.644+0000] {processor.py:756} INFO - Processing file /home/airflow/.local/lib/python3.7/site-packages/airflow/example_dags/example_external_task_marker_dag.py for tasks to queue
[2023-03-11T20:16:48.646+0000] {logging_mixin.py:137} INFO - [2023-03-11T20:16:48.646+0000] {dagbag.py:537} INFO - Filling up the DagBag from /home/airflow/.local/lib/python3.7/site-packages/airflow/example_dags/example_external_task_marker_dag.py
[2023-03-11T20:16:48.661+0000] {processor.py:766} INFO - DAG(s) dict_keys(['example_external_task_marker_child', 'example_external_task_marker_parent']) retrieved from /home/airflow/.local/lib/python3.7/site-packages/airflow/example_dags/example_external_task_marker_dag.py
[2023-03-11T20:16:48.818+0000] {logging_mixin.py:137} INFO - [2023-03-11T20:16:48.818+0000] {dag.py:2585} INFO - Sync 2 DAGs
[2023-03-11T20:16:48.855+0000] {logging_mixin.py:137} INFO - [2023-03-11T20:16:48.855+0000] {dag.py:3340} INFO - Setting next_dagrun for example_external_task_marker_child to None, run_after=None
[2023-03-11T20:16:48.860+0000] {logging_mixin.py:137} INFO - [2023-03-11T20:16:48.860+0000] {dag.py:3340} INFO - Setting next_dagrun for example_external_task_marker_parent to None, run_after=None
[2023-03-11T20:16:48.875+0000] {processor.py:176} INFO - Processing /home/airflow/.local/lib/python3.7/site-packages/airflow/example_dags/example_external_task_marker_dag.py took 0.235 seconds
[2023-03-11T20:17:19.689+0000] {processor.py:154} INFO - Started process (PID=122) to work on /home/airflow/.local/lib/python3.7/site-packages/airflow/example_dags/example_external_task_marker_dag.py
[2023-03-11T20:17:19.692+0000] {processor.py:756} INFO - Processing file /home/airflow/.local/lib/python3.7/site-packages/airflow/example_dags/example_external_task_marker_dag.py for tasks to queue
[2023-03-11T20:17:19.695+0000] {logging_mixin.py:137} INFO - [2023-03-11T20:17:19.695+0000] {dagbag.py:537} INFO - Filling up the DagBag from /home/airflow/.local/lib/python3.7/site-packages/airflow/example_dags/example_external_task_marker_dag.py
[2023-03-11T20:17:19.706+0000] {processor.py:766} INFO - DAG(s) dict_keys(['example_external_task_marker_parent', 'example_external_task_marker_child']) retrieved from /home/airflow/.local/lib/python3.7/site-packages/airflow/example_dags/example_external_task_marker_dag.py
[2023-03-11T20:17:19.800+0000] {logging_mixin.py:137} INFO - [2023-03-11T20:17:19.800+0000] {dag.py:2585} INFO - Sync 2 DAGs
[2023-03-11T20:17:19.815+0000] {logging_mixin.py:137} INFO - [2023-03-11T20:17:19.815+0000] {dag.py:3340} INFO - Setting next_dagrun for example_external_task_marker_child to None, run_after=None
[2023-03-11T20:17:19.818+0000] {logging_mixin.py:137} INFO - [2023-03-11T20:17:19.818+0000] {dag.py:3340} INFO - Setting next_dagrun for example_external_task_marker_parent to None, run_after=None
[2023-03-11T20:17:19.828+0000] {processor.py:176} INFO - Processing /home/airflow/.local/lib/python3.7/site-packages/airflow/example_dags/example_external_task_marker_dag.py took 0.141 seconds
[2023-03-11T20:17:50.173+0000] {processor.py:154} INFO - Started process (PID=186) to work on /home/airflow/.local/lib/python3.7/site-packages/airflow/example_dags/example_external_task_marker_dag.py
[2023-03-11T20:17:50.175+0000] {processor.py:756} INFO - Processing file /home/airflow/.local/lib/python3.7/site-packages/airflow/example_dags/example_external_task_marker_dag.py for tasks to queue
[2023-03-11T20:17:50.177+0000] {logging_mixin.py:137} INFO - [2023-03-11T20:17:50.176+0000] {dagbag.py:537} INFO - Filling up the DagBag from /home/airflow/.local/lib/python3.7/site-packages/airflow/example_dags/example_external_task_marker_dag.py
[2023-03-11T20:17:50.188+0000] {processor.py:766} INFO - DAG(s) dict_keys(['example_external_task_marker_parent', 'example_external_task_marker_child']) retrieved from /home/airflow/.local/lib/python3.7/site-packages/airflow/example_dags/example_external_task_marker_dag.py
[2023-03-11T20:17:50.285+0000] {logging_mixin.py:137} INFO - [2023-03-11T20:17:50.285+0000] {dag.py:2585} INFO - Sync 2 DAGs
[2023-03-11T20:17:50.298+0000] {logging_mixin.py:137} INFO - [2023-03-11T20:17:50.298+0000] {dag.py:3340} INFO - Setting next_dagrun for example_external_task_marker_child to None, run_after=None
[2023-03-11T20:17:50.301+0000] {logging_mixin.py:137} INFO - [2023-03-11T20:17:50.301+0000] {dag.py:3340} INFO - Setting next_dagrun for example_external_task_marker_parent to None, run_after=None
[2023-03-11T20:17:50.311+0000] {processor.py:176} INFO - Processing /home/airflow/.local/lib/python3.7/site-packages/airflow/example_dags/example_external_task_marker_dag.py took 0.142 seconds
[2023-03-11T20:18:20.932+0000] {processor.py:154} INFO - Started process (PID=250) to work on /home/airflow/.local/lib/python3.7/site-packages/airflow/example_dags/example_external_task_marker_dag.py
[2023-03-11T20:18:20.934+0000] {processor.py:756} INFO - Processing file /home/airflow/.local/lib/python3.7/site-packages/airflow/example_dags/example_external_task_marker_dag.py for tasks to queue
[2023-03-11T20:18:20.936+0000] {logging_mixin.py:137} INFO - [2023-03-11T20:18:20.936+0000] {dagbag.py:537} INFO - Filling up the DagBag from /home/airflow/.local/lib/python3.7/site-packages/airflow/example_dags/example_external_task_marker_dag.py
[2023-03-11T20:18:20.949+0000] {processor.py:766} INFO - DAG(s) dict_keys(['example_external_task_marker_parent', 'example_external_task_marker_child']) retrieved from /home/airflow/.local/lib/python3.7/site-packages/airflow/example_dags/example_external_task_marker_dag.py
[2023-03-11T20:18:21.057+0000] {logging_mixin.py:137} INFO - [2023-03-11T20:18:21.057+0000] {dag.py:2585} INFO - Sync 2 DAGs
[2023-03-11T20:18:21.072+0000] {logging_mixin.py:137} INFO - [2023-03-11T20:18:21.071+0000] {dag.py:3340} INFO - Setting next_dagrun for example_external_task_marker_child to None, run_after=None
[2023-03-11T20:18:21.074+0000] {logging_mixin.py:137} INFO - [2023-03-11T20:18:21.074+0000] {dag.py:3340} INFO - Setting next_dagrun for example_external_task_marker_parent to None, run_after=None
[2023-03-11T20:18:21.085+0000] {processor.py:176} INFO - Processing /home/airflow/.local/lib/python3.7/site-packages/airflow/example_dags/example_external_task_marker_dag.py took 0.159 seconds
