[2023-03-11T20:16:47.836+0000] {processor.py:154} INFO - Started process (PID=47) to work on /home/airflow/.local/lib/python3.7/site-packages/airflow/example_dags/example_branch_day_of_week_operator.py
[2023-03-11T20:16:47.838+0000] {processor.py:756} INFO - Processing file /home/airflow/.local/lib/python3.7/site-packages/airflow/example_dags/example_branch_day_of_week_operator.py for tasks to queue
[2023-03-11T20:16:47.840+0000] {logging_mixin.py:137} INFO - [2023-03-11T20:16:47.839+0000] {dagbag.py:537} INFO - Filling up the DagBag from /home/airflow/.local/lib/python3.7/site-packages/airflow/example_dags/example_branch_day_of_week_operator.py
[2023-03-11T20:16:47.867+0000] {processor.py:766} INFO - DAG(s) dict_keys(['example_weekday_branch_operator']) retrieved from /home/airflow/.local/lib/python3.7/site-packages/airflow/example_dags/example_branch_day_of_week_operator.py
[2023-03-11T20:16:47.914+0000] {logging_mixin.py:137} INFO - [2023-03-11T20:16:47.913+0000] {dag.py:2585} INFO - Sync 1 DAGs
[2023-03-11T20:16:47.934+0000] {logging_mixin.py:137} INFO - [2023-03-11T20:16:47.934+0000] {dag.py:3340} INFO - Setting next_dagrun for example_weekday_branch_operator to 2023-03-10T00:00:00+00:00, run_after=2023-03-11T00:00:00+00:00
[2023-03-11T20:16:47.949+0000] {processor.py:176} INFO - Processing /home/airflow/.local/lib/python3.7/site-packages/airflow/example_dags/example_branch_day_of_week_operator.py took 0.124 seconds
[2023-03-11T20:17:18.036+0000] {processor.py:154} INFO - Started process (PID=113) to work on /home/airflow/.local/lib/python3.7/site-packages/airflow/example_dags/example_branch_day_of_week_operator.py
[2023-03-11T20:17:18.038+0000] {processor.py:756} INFO - Processing file /home/airflow/.local/lib/python3.7/site-packages/airflow/example_dags/example_branch_day_of_week_operator.py for tasks to queue
[2023-03-11T20:17:18.040+0000] {logging_mixin.py:137} INFO - [2023-03-11T20:17:18.040+0000] {dagbag.py:537} INFO - Filling up the DagBag from /home/airflow/.local/lib/python3.7/site-packages/airflow/example_dags/example_branch_day_of_week_operator.py
[2023-03-11T20:17:18.049+0000] {processor.py:766} INFO - DAG(s) dict_keys(['example_weekday_branch_operator']) retrieved from /home/airflow/.local/lib/python3.7/site-packages/airflow/example_dags/example_branch_day_of_week_operator.py
[2023-03-11T20:17:18.075+0000] {logging_mixin.py:137} INFO - [2023-03-11T20:17:18.075+0000] {dag.py:2585} INFO - Sync 1 DAGs
[2023-03-11T20:17:18.091+0000] {logging_mixin.py:137} INFO - [2023-03-11T20:17:18.091+0000] {dag.py:3340} INFO - Setting next_dagrun for example_weekday_branch_operator to 2023-03-10T00:00:00+00:00, run_after=2023-03-11T00:00:00+00:00
[2023-03-11T20:17:18.102+0000] {processor.py:176} INFO - Processing /home/airflow/.local/lib/python3.7/site-packages/airflow/example_dags/example_branch_day_of_week_operator.py took 0.068 seconds
[2023-03-11T20:17:48.749+0000] {processor.py:154} INFO - Started process (PID=177) to work on /home/airflow/.local/lib/python3.7/site-packages/airflow/example_dags/example_branch_day_of_week_operator.py
[2023-03-11T20:17:48.751+0000] {processor.py:756} INFO - Processing file /home/airflow/.local/lib/python3.7/site-packages/airflow/example_dags/example_branch_day_of_week_operator.py for tasks to queue
[2023-03-11T20:17:48.752+0000] {logging_mixin.py:137} INFO - [2023-03-11T20:17:48.752+0000] {dagbag.py:537} INFO - Filling up the DagBag from /home/airflow/.local/lib/python3.7/site-packages/airflow/example_dags/example_branch_day_of_week_operator.py
[2023-03-11T20:17:48.764+0000] {processor.py:766} INFO - DAG(s) dict_keys(['example_weekday_branch_operator']) retrieved from /home/airflow/.local/lib/python3.7/site-packages/airflow/example_dags/example_branch_day_of_week_operator.py
[2023-03-11T20:17:48.790+0000] {logging_mixin.py:137} INFO - [2023-03-11T20:17:48.790+0000] {dag.py:2585} INFO - Sync 1 DAGs
[2023-03-11T20:17:48.807+0000] {logging_mixin.py:137} INFO - [2023-03-11T20:17:48.807+0000] {dag.py:3340} INFO - Setting next_dagrun for example_weekday_branch_operator to 2023-03-10T00:00:00+00:00, run_after=2023-03-11T00:00:00+00:00
[2023-03-11T20:17:48.823+0000] {processor.py:176} INFO - Processing /home/airflow/.local/lib/python3.7/site-packages/airflow/example_dags/example_branch_day_of_week_operator.py took 0.076 seconds
[2023-03-11T20:18:19.474+0000] {processor.py:154} INFO - Started process (PID=241) to work on /home/airflow/.local/lib/python3.7/site-packages/airflow/example_dags/example_branch_day_of_week_operator.py
[2023-03-11T20:18:19.476+0000] {processor.py:756} INFO - Processing file /home/airflow/.local/lib/python3.7/site-packages/airflow/example_dags/example_branch_day_of_week_operator.py for tasks to queue
[2023-03-11T20:18:19.477+0000] {logging_mixin.py:137} INFO - [2023-03-11T20:18:19.477+0000] {dagbag.py:537} INFO - Filling up the DagBag from /home/airflow/.local/lib/python3.7/site-packages/airflow/example_dags/example_branch_day_of_week_operator.py
[2023-03-11T20:18:19.490+0000] {processor.py:766} INFO - DAG(s) dict_keys(['example_weekday_branch_operator']) retrieved from /home/airflow/.local/lib/python3.7/site-packages/airflow/example_dags/example_branch_day_of_week_operator.py
[2023-03-11T20:18:19.521+0000] {logging_mixin.py:137} INFO - [2023-03-11T20:18:19.521+0000] {dag.py:2585} INFO - Sync 1 DAGs
[2023-03-11T20:18:19.541+0000] {logging_mixin.py:137} INFO - [2023-03-11T20:18:19.541+0000] {dag.py:3340} INFO - Setting next_dagrun for example_weekday_branch_operator to 2023-03-10T00:00:00+00:00, run_after=2023-03-11T00:00:00+00:00
[2023-03-11T20:18:19.556+0000] {processor.py:176} INFO - Processing /home/airflow/.local/lib/python3.7/site-packages/airflow/example_dags/example_branch_day_of_week_operator.py took 0.084 seconds
