[2023-03-11T20:16:47.669+0000] {processor.py:154} INFO - Started process (PID=45) to work on /home/airflow/.local/lib/python3.7/site-packages/airflow/example_dags/example_skip_dag.py
[2023-03-11T20:16:47.682+0000] {processor.py:756} INFO - Processing file /home/airflow/.local/lib/python3.7/site-packages/airflow/example_dags/example_skip_dag.py for tasks to queue
[2023-03-11T20:16:47.685+0000] {logging_mixin.py:137} INFO - [2023-03-11T20:16:47.685+0000] {dagbag.py:537} INFO - Filling up the DagBag from /home/airflow/.local/lib/python3.7/site-packages/airflow/example_dags/example_skip_dag.py
[2023-03-11T20:16:47.707+0000] {processor.py:766} INFO - DAG(s) dict_keys(['example_skip_dag']) retrieved from /home/airflow/.local/lib/python3.7/site-packages/airflow/example_dags/example_skip_dag.py
[2023-03-11T20:16:47.750+0000] {logging_mixin.py:137} INFO - [2023-03-11T20:16:47.750+0000] {dag.py:2585} INFO - Sync 1 DAGs
[2023-03-11T20:16:47.772+0000] {logging_mixin.py:137} INFO - [2023-03-11T20:16:47.772+0000] {dag.py:3340} INFO - Setting next_dagrun for example_skip_dag to 2023-03-10T20:16:47.772682+00:00, run_after=2023-03-11T20:16:47.772682+00:00
[2023-03-11T20:16:47.787+0000] {processor.py:176} INFO - Processing /home/airflow/.local/lib/python3.7/site-packages/airflow/example_dags/example_skip_dag.py took 0.123 seconds
[2023-03-11T20:17:17.869+0000] {processor.py:154} INFO - Started process (PID=111) to work on /home/airflow/.local/lib/python3.7/site-packages/airflow/example_dags/example_skip_dag.py
[2023-03-11T20:17:17.870+0000] {processor.py:756} INFO - Processing file /home/airflow/.local/lib/python3.7/site-packages/airflow/example_dags/example_skip_dag.py for tasks to queue
[2023-03-11T20:17:17.871+0000] {logging_mixin.py:137} INFO - [2023-03-11T20:17:17.871+0000] {dagbag.py:537} INFO - Filling up the DagBag from /home/airflow/.local/lib/python3.7/site-packages/airflow/example_dags/example_skip_dag.py
[2023-03-11T20:17:17.880+0000] {processor.py:766} INFO - DAG(s) dict_keys(['example_skip_dag']) retrieved from /home/airflow/.local/lib/python3.7/site-packages/airflow/example_dags/example_skip_dag.py
[2023-03-11T20:17:17.905+0000] {logging_mixin.py:137} INFO - [2023-03-11T20:17:17.905+0000] {dag.py:2585} INFO - Sync 1 DAGs
[2023-03-11T20:17:17.920+0000] {logging_mixin.py:137} INFO - [2023-03-11T20:17:17.920+0000] {dag.py:3340} INFO - Setting next_dagrun for example_skip_dag to 2023-03-10T20:17:17.919914+00:00, run_after=2023-03-11T20:17:17.919914+00:00
[2023-03-11T20:17:17.932+0000] {processor.py:176} INFO - Processing /home/airflow/.local/lib/python3.7/site-packages/airflow/example_dags/example_skip_dag.py took 0.065 seconds
[2023-03-11T20:17:48.659+0000] {processor.py:154} INFO - Started process (PID=175) to work on /home/airflow/.local/lib/python3.7/site-packages/airflow/example_dags/example_skip_dag.py
[2023-03-11T20:17:48.660+0000] {processor.py:756} INFO - Processing file /home/airflow/.local/lib/python3.7/site-packages/airflow/example_dags/example_skip_dag.py for tasks to queue
[2023-03-11T20:17:48.661+0000] {logging_mixin.py:137} INFO - [2023-03-11T20:17:48.661+0000] {dagbag.py:537} INFO - Filling up the DagBag from /home/airflow/.local/lib/python3.7/site-packages/airflow/example_dags/example_skip_dag.py
[2023-03-11T20:17:48.671+0000] {processor.py:766} INFO - DAG(s) dict_keys(['example_skip_dag']) retrieved from /home/airflow/.local/lib/python3.7/site-packages/airflow/example_dags/example_skip_dag.py
[2023-03-11T20:17:48.696+0000] {logging_mixin.py:137} INFO - [2023-03-11T20:17:48.696+0000] {dag.py:2585} INFO - Sync 1 DAGs
[2023-03-11T20:17:48.711+0000] {logging_mixin.py:137} INFO - [2023-03-11T20:17:48.711+0000] {dag.py:3340} INFO - Setting next_dagrun for example_skip_dag to 2023-03-10T20:17:48.711343+00:00, run_after=2023-03-11T20:17:48.711343+00:00
[2023-03-11T20:17:48.725+0000] {processor.py:176} INFO - Processing /home/airflow/.local/lib/python3.7/site-packages/airflow/example_dags/example_skip_dag.py took 0.069 seconds
[2023-03-11T20:18:19.321+0000] {processor.py:154} INFO - Started process (PID=239) to work on /home/airflow/.local/lib/python3.7/site-packages/airflow/example_dags/example_skip_dag.py
[2023-03-11T20:18:19.349+0000] {processor.py:756} INFO - Processing file /home/airflow/.local/lib/python3.7/site-packages/airflow/example_dags/example_skip_dag.py for tasks to queue
[2023-03-11T20:18:19.355+0000] {logging_mixin.py:137} INFO - [2023-03-11T20:18:19.355+0000] {dagbag.py:537} INFO - Filling up the DagBag from /home/airflow/.local/lib/python3.7/site-packages/airflow/example_dags/example_skip_dag.py
[2023-03-11T20:18:19.372+0000] {processor.py:766} INFO - DAG(s) dict_keys(['example_skip_dag']) retrieved from /home/airflow/.local/lib/python3.7/site-packages/airflow/example_dags/example_skip_dag.py
[2023-03-11T20:18:19.410+0000] {logging_mixin.py:137} INFO - [2023-03-11T20:18:19.410+0000] {dag.py:2585} INFO - Sync 1 DAGs
[2023-03-11T20:18:19.432+0000] {logging_mixin.py:137} INFO - [2023-03-11T20:18:19.432+0000] {dag.py:3340} INFO - Setting next_dagrun for example_skip_dag to 2023-03-10T20:18:19.432683+00:00, run_after=2023-03-11T20:18:19.432683+00:00
[2023-03-11T20:18:19.448+0000] {processor.py:176} INFO - Processing /home/airflow/.local/lib/python3.7/site-packages/airflow/example_dags/example_skip_dag.py took 0.130 seconds
