[2023-03-11T20:16:46.768+0000] {processor.py:154} INFO - Started process (PID=36) to work on /home/airflow/.local/lib/python3.7/site-packages/airflow/example_dags/example_bash_operator.py
[2023-03-11T20:16:46.770+0000] {processor.py:756} INFO - Processing file /home/airflow/.local/lib/python3.7/site-packages/airflow/example_dags/example_bash_operator.py for tasks to queue
[2023-03-11T20:16:46.771+0000] {logging_mixin.py:137} INFO - [2023-03-11T20:16:46.770+0000] {dagbag.py:537} INFO - Filling up the DagBag from /home/airflow/.local/lib/python3.7/site-packages/airflow/example_dags/example_bash_operator.py
[2023-03-11T20:16:46.785+0000] {processor.py:766} INFO - DAG(s) dict_keys(['example_bash_operator']) retrieved from /home/airflow/.local/lib/python3.7/site-packages/airflow/example_dags/example_bash_operator.py
[2023-03-11T20:16:46.828+0000] {logging_mixin.py:137} INFO - [2023-03-11T20:16:46.827+0000] {dag.py:2585} INFO - Sync 1 DAGs
[2023-03-11T20:16:46.847+0000] {logging_mixin.py:137} INFO - [2023-03-11T20:16:46.847+0000] {dag.py:3340} INFO - Setting next_dagrun for example_bash_operator to 2023-03-10T00:00:00+00:00, run_after=2023-03-11T00:00:00+00:00
[2023-03-11T20:16:46.870+0000] {processor.py:176} INFO - Processing /home/airflow/.local/lib/python3.7/site-packages/airflow/example_dags/example_bash_operator.py took 0.105 seconds
[2023-03-11T20:17:17.345+0000] {processor.py:154} INFO - Started process (PID=102) to work on /home/airflow/.local/lib/python3.7/site-packages/airflow/example_dags/example_bash_operator.py
[2023-03-11T20:17:17.347+0000] {processor.py:756} INFO - Processing file /home/airflow/.local/lib/python3.7/site-packages/airflow/example_dags/example_bash_operator.py for tasks to queue
[2023-03-11T20:17:17.348+0000] {logging_mixin.py:137} INFO - [2023-03-11T20:17:17.348+0000] {dagbag.py:537} INFO - Filling up the DagBag from /home/airflow/.local/lib/python3.7/site-packages/airflow/example_dags/example_bash_operator.py
[2023-03-11T20:17:17.363+0000] {processor.py:766} INFO - DAG(s) dict_keys(['example_bash_operator']) retrieved from /home/airflow/.local/lib/python3.7/site-packages/airflow/example_dags/example_bash_operator.py
[2023-03-11T20:17:17.389+0000] {logging_mixin.py:137} INFO - [2023-03-11T20:17:17.389+0000] {dag.py:2585} INFO - Sync 1 DAGs
[2023-03-11T20:17:17.405+0000] {logging_mixin.py:137} INFO - [2023-03-11T20:17:17.405+0000] {dag.py:3340} INFO - Setting next_dagrun for example_bash_operator to 2023-03-10T00:00:00+00:00, run_after=2023-03-11T00:00:00+00:00
[2023-03-11T20:17:17.416+0000] {processor.py:176} INFO - Processing /home/airflow/.local/lib/python3.7/site-packages/airflow/example_dags/example_bash_operator.py took 0.074 seconds
[2023-03-11T20:17:48.090+0000] {processor.py:154} INFO - Started process (PID=166) to work on /home/airflow/.local/lib/python3.7/site-packages/airflow/example_dags/example_bash_operator.py
[2023-03-11T20:17:48.092+0000] {processor.py:756} INFO - Processing file /home/airflow/.local/lib/python3.7/site-packages/airflow/example_dags/example_bash_operator.py for tasks to queue
[2023-03-11T20:17:48.093+0000] {logging_mixin.py:137} INFO - [2023-03-11T20:17:48.093+0000] {dagbag.py:537} INFO - Filling up the DagBag from /home/airflow/.local/lib/python3.7/site-packages/airflow/example_dags/example_bash_operator.py
[2023-03-11T20:17:48.107+0000] {processor.py:766} INFO - DAG(s) dict_keys(['example_bash_operator']) retrieved from /home/airflow/.local/lib/python3.7/site-packages/airflow/example_dags/example_bash_operator.py
[2023-03-11T20:17:48.132+0000] {logging_mixin.py:137} INFO - [2023-03-11T20:17:48.132+0000] {dag.py:2585} INFO - Sync 1 DAGs
[2023-03-11T20:17:48.148+0000] {logging_mixin.py:137} INFO - [2023-03-11T20:17:48.148+0000] {dag.py:3340} INFO - Setting next_dagrun for example_bash_operator to 2023-03-10T00:00:00+00:00, run_after=2023-03-11T00:00:00+00:00
[2023-03-11T20:17:48.160+0000] {processor.py:176} INFO - Processing /home/airflow/.local/lib/python3.7/site-packages/airflow/example_dags/example_bash_operator.py took 0.073 seconds
[2023-03-11T20:18:18.584+0000] {processor.py:154} INFO - Started process (PID=230) to work on /home/airflow/.local/lib/python3.7/site-packages/airflow/example_dags/example_bash_operator.py
[2023-03-11T20:18:18.588+0000] {processor.py:756} INFO - Processing file /home/airflow/.local/lib/python3.7/site-packages/airflow/example_dags/example_bash_operator.py for tasks to queue
[2023-03-11T20:18:18.590+0000] {logging_mixin.py:137} INFO - [2023-03-11T20:18:18.590+0000] {dagbag.py:537} INFO - Filling up the DagBag from /home/airflow/.local/lib/python3.7/site-packages/airflow/example_dags/example_bash_operator.py
[2023-03-11T20:18:18.617+0000] {processor.py:766} INFO - DAG(s) dict_keys(['example_bash_operator']) retrieved from /home/airflow/.local/lib/python3.7/site-packages/airflow/example_dags/example_bash_operator.py
[2023-03-11T20:18:18.695+0000] {logging_mixin.py:137} INFO - [2023-03-11T20:18:18.695+0000] {dag.py:2585} INFO - Sync 1 DAGs
[2023-03-11T20:18:18.721+0000] {logging_mixin.py:137} INFO - [2023-03-11T20:18:18.721+0000] {dag.py:3340} INFO - Setting next_dagrun for example_bash_operator to 2023-03-10T00:00:00+00:00, run_after=2023-03-11T00:00:00+00:00
[2023-03-11T20:18:18.740+0000] {processor.py:176} INFO - Processing /home/airflow/.local/lib/python3.7/site-packages/airflow/example_dags/example_bash_operator.py took 0.159 seconds
