[2023-03-11T20:16:49.555+0000] {processor.py:154} INFO - Started process (PID=66) to work on /home/airflow/.local/lib/python3.7/site-packages/airflow/example_dags/example_task_group.py
[2023-03-11T20:16:49.557+0000] {processor.py:756} INFO - Processing file /home/airflow/.local/lib/python3.7/site-packages/airflow/example_dags/example_task_group.py for tasks to queue
[2023-03-11T20:16:49.559+0000] {logging_mixin.py:137} INFO - [2023-03-11T20:16:49.559+0000] {dagbag.py:537} INFO - Filling up the DagBag from /home/airflow/.local/lib/python3.7/site-packages/airflow/example_dags/example_task_group.py
[2023-03-11T20:16:49.573+0000] {processor.py:766} INFO - DAG(s) dict_keys(['example_task_group']) retrieved from /home/airflow/.local/lib/python3.7/site-packages/airflow/example_dags/example_task_group.py
[2023-03-11T20:16:49.600+0000] {logging_mixin.py:137} INFO - [2023-03-11T20:16:49.600+0000] {dag.py:2585} INFO - Sync 1 DAGs
[2023-03-11T20:16:49.615+0000] {logging_mixin.py:137} INFO - [2023-03-11T20:16:49.615+0000] {dag.py:3340} INFO - Setting next_dagrun for example_task_group to 2023-03-10T20:16:49.615395+00:00, run_after=2023-03-11T20:16:49.615395+00:00
[2023-03-11T20:16:49.628+0000] {processor.py:176} INFO - Processing /home/airflow/.local/lib/python3.7/site-packages/airflow/example_dags/example_task_group.py took 0.076 seconds
[2023-03-11T20:17:20.343+0000] {processor.py:154} INFO - Started process (PID=132) to work on /home/airflow/.local/lib/python3.7/site-packages/airflow/example_dags/example_task_group.py
[2023-03-11T20:17:20.345+0000] {processor.py:756} INFO - Processing file /home/airflow/.local/lib/python3.7/site-packages/airflow/example_dags/example_task_group.py for tasks to queue
[2023-03-11T20:17:20.346+0000] {logging_mixin.py:137} INFO - [2023-03-11T20:17:20.346+0000] {dagbag.py:537} INFO - Filling up the DagBag from /home/airflow/.local/lib/python3.7/site-packages/airflow/example_dags/example_task_group.py
[2023-03-11T20:17:20.363+0000] {processor.py:766} INFO - DAG(s) dict_keys(['example_task_group']) retrieved from /home/airflow/.local/lib/python3.7/site-packages/airflow/example_dags/example_task_group.py
[2023-03-11T20:17:20.390+0000] {logging_mixin.py:137} INFO - [2023-03-11T20:17:20.390+0000] {dag.py:2585} INFO - Sync 1 DAGs
[2023-03-11T20:17:20.408+0000] {logging_mixin.py:137} INFO - [2023-03-11T20:17:20.408+0000] {dag.py:3340} INFO - Setting next_dagrun for example_task_group to 2023-03-10T20:17:20.407937+00:00, run_after=2023-03-11T20:17:20.407937+00:00
[2023-03-11T20:17:20.421+0000] {processor.py:176} INFO - Processing /home/airflow/.local/lib/python3.7/site-packages/airflow/example_dags/example_task_group.py took 0.080 seconds
[2023-03-11T20:17:50.802+0000] {processor.py:154} INFO - Started process (PID=196) to work on /home/airflow/.local/lib/python3.7/site-packages/airflow/example_dags/example_task_group.py
[2023-03-11T20:17:50.804+0000] {processor.py:756} INFO - Processing file /home/airflow/.local/lib/python3.7/site-packages/airflow/example_dags/example_task_group.py for tasks to queue
[2023-03-11T20:17:50.806+0000] {logging_mixin.py:137} INFO - [2023-03-11T20:17:50.806+0000] {dagbag.py:537} INFO - Filling up the DagBag from /home/airflow/.local/lib/python3.7/site-packages/airflow/example_dags/example_task_group.py
[2023-03-11T20:17:50.817+0000] {processor.py:766} INFO - DAG(s) dict_keys(['example_task_group']) retrieved from /home/airflow/.local/lib/python3.7/site-packages/airflow/example_dags/example_task_group.py
[2023-03-11T20:17:50.845+0000] {logging_mixin.py:137} INFO - [2023-03-11T20:17:50.845+0000] {dag.py:2585} INFO - Sync 1 DAGs
[2023-03-11T20:17:50.861+0000] {logging_mixin.py:137} INFO - [2023-03-11T20:17:50.860+0000] {dag.py:3340} INFO - Setting next_dagrun for example_task_group to 2023-03-10T20:17:50.860804+00:00, run_after=2023-03-11T20:17:50.860804+00:00
[2023-03-11T20:17:50.874+0000] {processor.py:176} INFO - Processing /home/airflow/.local/lib/python3.7/site-packages/airflow/example_dags/example_task_group.py took 0.074 seconds
[2023-03-11T20:18:21.605+0000] {processor.py:154} INFO - Started process (PID=260) to work on /home/airflow/.local/lib/python3.7/site-packages/airflow/example_dags/example_task_group.py
[2023-03-11T20:18:21.607+0000] {processor.py:756} INFO - Processing file /home/airflow/.local/lib/python3.7/site-packages/airflow/example_dags/example_task_group.py for tasks to queue
[2023-03-11T20:18:21.608+0000] {logging_mixin.py:137} INFO - [2023-03-11T20:18:21.608+0000] {dagbag.py:537} INFO - Filling up the DagBag from /home/airflow/.local/lib/python3.7/site-packages/airflow/example_dags/example_task_group.py
[2023-03-11T20:18:21.619+0000] {processor.py:766} INFO - DAG(s) dict_keys(['example_task_group']) retrieved from /home/airflow/.local/lib/python3.7/site-packages/airflow/example_dags/example_task_group.py
[2023-03-11T20:18:21.644+0000] {logging_mixin.py:137} INFO - [2023-03-11T20:18:21.644+0000] {dag.py:2585} INFO - Sync 1 DAGs
[2023-03-11T20:18:21.658+0000] {logging_mixin.py:137} INFO - [2023-03-11T20:18:21.658+0000] {dag.py:3340} INFO - Setting next_dagrun for example_task_group to 2023-03-10T20:18:21.658584+00:00, run_after=2023-03-11T20:18:21.658584+00:00
[2023-03-11T20:18:21.670+0000] {processor.py:176} INFO - Processing /home/airflow/.local/lib/python3.7/site-packages/airflow/example_dags/example_task_group.py took 0.067 seconds
