[2023-03-11T20:16:48.281+0000] {processor.py:154} INFO - Started process (PID=52) to work on /home/airflow/.local/lib/python3.7/site-packages/airflow/example_dags/example_short_circuit_decorator.py
[2023-03-11T20:16:48.283+0000] {processor.py:756} INFO - Processing file /home/airflow/.local/lib/python3.7/site-packages/airflow/example_dags/example_short_circuit_decorator.py for tasks to queue
[2023-03-11T20:16:48.286+0000] {logging_mixin.py:137} INFO - [2023-03-11T20:16:48.286+0000] {dagbag.py:537} INFO - Filling up the DagBag from /home/airflow/.local/lib/python3.7/site-packages/airflow/example_dags/example_short_circuit_decorator.py
[2023-03-11T20:16:48.323+0000] {processor.py:766} INFO - DAG(s) dict_keys(['example_short_circuit_decorator']) retrieved from /home/airflow/.local/lib/python3.7/site-packages/airflow/example_dags/example_short_circuit_decorator.py
[2023-03-11T20:16:48.379+0000] {logging_mixin.py:137} INFO - [2023-03-11T20:16:48.378+0000] {dag.py:2585} INFO - Sync 1 DAGs
[2023-03-11T20:16:48.416+0000] {logging_mixin.py:137} INFO - [2023-03-11T20:16:48.416+0000] {dag.py:3340} INFO - Setting next_dagrun for example_short_circuit_decorator to 2023-03-10T20:16:48.416085+00:00, run_after=2023-03-11T20:16:48.416085+00:00
[2023-03-11T20:16:48.445+0000] {processor.py:176} INFO - Processing /home/airflow/.local/lib/python3.7/site-packages/airflow/example_dags/example_short_circuit_decorator.py took 0.168 seconds
[2023-03-11T20:17:18.483+0000] {processor.py:154} INFO - Started process (PID=118) to work on /home/airflow/.local/lib/python3.7/site-packages/airflow/example_dags/example_short_circuit_decorator.py
[2023-03-11T20:17:18.485+0000] {processor.py:756} INFO - Processing file /home/airflow/.local/lib/python3.7/site-packages/airflow/example_dags/example_short_circuit_decorator.py for tasks to queue
[2023-03-11T20:17:18.486+0000] {logging_mixin.py:137} INFO - [2023-03-11T20:17:18.486+0000] {dagbag.py:537} INFO - Filling up the DagBag from /home/airflow/.local/lib/python3.7/site-packages/airflow/example_dags/example_short_circuit_decorator.py
[2023-03-11T20:17:18.501+0000] {processor.py:766} INFO - DAG(s) dict_keys(['example_short_circuit_decorator']) retrieved from /home/airflow/.local/lib/python3.7/site-packages/airflow/example_dags/example_short_circuit_decorator.py
[2023-03-11T20:17:18.533+0000] {logging_mixin.py:137} INFO - [2023-03-11T20:17:18.533+0000] {dag.py:2585} INFO - Sync 1 DAGs
[2023-03-11T20:17:18.548+0000] {logging_mixin.py:137} INFO - [2023-03-11T20:17:18.548+0000] {dag.py:3340} INFO - Setting next_dagrun for example_short_circuit_decorator to 2023-03-10T20:17:18.548587+00:00, run_after=2023-03-11T20:17:18.548587+00:00
[2023-03-11T20:17:18.559+0000] {processor.py:176} INFO - Processing /home/airflow/.local/lib/python3.7/site-packages/airflow/example_dags/example_short_circuit_decorator.py took 0.078 seconds
[2023-03-11T20:17:49.023+0000] {processor.py:154} INFO - Started process (PID=182) to work on /home/airflow/.local/lib/python3.7/site-packages/airflow/example_dags/example_short_circuit_decorator.py
[2023-03-11T20:17:49.025+0000] {processor.py:756} INFO - Processing file /home/airflow/.local/lib/python3.7/site-packages/airflow/example_dags/example_short_circuit_decorator.py for tasks to queue
[2023-03-11T20:17:49.026+0000] {logging_mixin.py:137} INFO - [2023-03-11T20:17:49.026+0000] {dagbag.py:537} INFO - Filling up the DagBag from /home/airflow/.local/lib/python3.7/site-packages/airflow/example_dags/example_short_circuit_decorator.py
[2023-03-11T20:17:49.044+0000] {processor.py:766} INFO - DAG(s) dict_keys(['example_short_circuit_decorator']) retrieved from /home/airflow/.local/lib/python3.7/site-packages/airflow/example_dags/example_short_circuit_decorator.py
[2023-03-11T20:17:49.069+0000] {logging_mixin.py:137} INFO - [2023-03-11T20:17:49.069+0000] {dag.py:2585} INFO - Sync 1 DAGs
[2023-03-11T20:17:49.085+0000] {logging_mixin.py:137} INFO - [2023-03-11T20:17:49.085+0000] {dag.py:3340} INFO - Setting next_dagrun for example_short_circuit_decorator to 2023-03-10T20:17:49.085082+00:00, run_after=2023-03-11T20:17:49.085082+00:00
[2023-03-11T20:17:49.096+0000] {processor.py:176} INFO - Processing /home/airflow/.local/lib/python3.7/site-packages/airflow/example_dags/example_short_circuit_decorator.py took 0.075 seconds
[2023-03-11T20:18:19.769+0000] {processor.py:154} INFO - Started process (PID=246) to work on /home/airflow/.local/lib/python3.7/site-packages/airflow/example_dags/example_short_circuit_decorator.py
[2023-03-11T20:18:19.771+0000] {processor.py:756} INFO - Processing file /home/airflow/.local/lib/python3.7/site-packages/airflow/example_dags/example_short_circuit_decorator.py for tasks to queue
[2023-03-11T20:18:19.772+0000] {logging_mixin.py:137} INFO - [2023-03-11T20:18:19.772+0000] {dagbag.py:537} INFO - Filling up the DagBag from /home/airflow/.local/lib/python3.7/site-packages/airflow/example_dags/example_short_circuit_decorator.py
[2023-03-11T20:18:19.794+0000] {processor.py:766} INFO - DAG(s) dict_keys(['example_short_circuit_decorator']) retrieved from /home/airflow/.local/lib/python3.7/site-packages/airflow/example_dags/example_short_circuit_decorator.py
[2023-03-11T20:18:19.825+0000] {logging_mixin.py:137} INFO - [2023-03-11T20:18:19.825+0000] {dag.py:2585} INFO - Sync 1 DAGs
[2023-03-11T20:18:19.841+0000] {logging_mixin.py:137} INFO - [2023-03-11T20:18:19.841+0000] {dag.py:3340} INFO - Setting next_dagrun for example_short_circuit_decorator to 2023-03-10T20:18:19.841690+00:00, run_after=2023-03-11T20:18:19.841690+00:00
[2023-03-11T20:18:19.854+0000] {processor.py:176} INFO - Processing /home/airflow/.local/lib/python3.7/site-packages/airflow/example_dags/example_short_circuit_decorator.py took 0.087 seconds
