[2023-03-11T20:16:49.282+0000] {processor.py:154} INFO - Started process (PID=62) to work on /home/airflow/.local/lib/python3.7/site-packages/airflow/example_dags/example_nested_branch_dag.py
[2023-03-11T20:16:49.284+0000] {processor.py:756} INFO - Processing file /home/airflow/.local/lib/python3.7/site-packages/airflow/example_dags/example_nested_branch_dag.py for tasks to queue
[2023-03-11T20:16:49.285+0000] {logging_mixin.py:137} INFO - [2023-03-11T20:16:49.285+0000] {dagbag.py:537} INFO - Filling up the DagBag from /home/airflow/.local/lib/python3.7/site-packages/airflow/example_dags/example_nested_branch_dag.py
[2023-03-11T20:16:49.315+0000] {processor.py:766} INFO - DAG(s) dict_keys(['example_nested_branch_dag']) retrieved from /home/airflow/.local/lib/python3.7/site-packages/airflow/example_dags/example_nested_branch_dag.py
[2023-03-11T20:16:49.348+0000] {logging_mixin.py:137} INFO - [2023-03-11T20:16:49.348+0000] {dag.py:2585} INFO - Sync 1 DAGs
[2023-03-11T20:16:49.376+0000] {logging_mixin.py:137} INFO - [2023-03-11T20:16:49.376+0000] {dag.py:3340} INFO - Setting next_dagrun for example_nested_branch_dag to 2023-03-10T00:00:00+00:00, run_after=2023-03-11T00:00:00+00:00
[2023-03-11T20:16:49.390+0000] {processor.py:176} INFO - Processing /home/airflow/.local/lib/python3.7/site-packages/airflow/example_dags/example_nested_branch_dag.py took 0.114 seconds
[2023-03-11T20:17:20.044+0000] {processor.py:154} INFO - Started process (PID=128) to work on /home/airflow/.local/lib/python3.7/site-packages/airflow/example_dags/example_nested_branch_dag.py
[2023-03-11T20:17:20.046+0000] {processor.py:756} INFO - Processing file /home/airflow/.local/lib/python3.7/site-packages/airflow/example_dags/example_nested_branch_dag.py for tasks to queue
[2023-03-11T20:17:20.047+0000] {logging_mixin.py:137} INFO - [2023-03-11T20:17:20.047+0000] {dagbag.py:537} INFO - Filling up the DagBag from /home/airflow/.local/lib/python3.7/site-packages/airflow/example_dags/example_nested_branch_dag.py
[2023-03-11T20:17:20.063+0000] {processor.py:766} INFO - DAG(s) dict_keys(['example_nested_branch_dag']) retrieved from /home/airflow/.local/lib/python3.7/site-packages/airflow/example_dags/example_nested_branch_dag.py
[2023-03-11T20:17:20.089+0000] {logging_mixin.py:137} INFO - [2023-03-11T20:17:20.089+0000] {dag.py:2585} INFO - Sync 1 DAGs
[2023-03-11T20:17:20.105+0000] {logging_mixin.py:137} INFO - [2023-03-11T20:17:20.105+0000] {dag.py:3340} INFO - Setting next_dagrun for example_nested_branch_dag to 2023-03-10T00:00:00+00:00, run_after=2023-03-11T00:00:00+00:00
[2023-03-11T20:17:20.117+0000] {processor.py:176} INFO - Processing /home/airflow/.local/lib/python3.7/site-packages/airflow/example_dags/example_nested_branch_dag.py took 0.075 seconds
[2023-03-11T20:17:50.615+0000] {processor.py:154} INFO - Started process (PID=192) to work on /home/airflow/.local/lib/python3.7/site-packages/airflow/example_dags/example_nested_branch_dag.py
[2023-03-11T20:17:50.617+0000] {processor.py:756} INFO - Processing file /home/airflow/.local/lib/python3.7/site-packages/airflow/example_dags/example_nested_branch_dag.py for tasks to queue
[2023-03-11T20:17:50.618+0000] {logging_mixin.py:137} INFO - [2023-03-11T20:17:50.618+0000] {dagbag.py:537} INFO - Filling up the DagBag from /home/airflow/.local/lib/python3.7/site-packages/airflow/example_dags/example_nested_branch_dag.py
[2023-03-11T20:17:50.634+0000] {processor.py:766} INFO - DAG(s) dict_keys(['example_nested_branch_dag']) retrieved from /home/airflow/.local/lib/python3.7/site-packages/airflow/example_dags/example_nested_branch_dag.py
[2023-03-11T20:17:50.659+0000] {logging_mixin.py:137} INFO - [2023-03-11T20:17:50.659+0000] {dag.py:2585} INFO - Sync 1 DAGs
[2023-03-11T20:17:50.674+0000] {logging_mixin.py:137} INFO - [2023-03-11T20:17:50.674+0000] {dag.py:3340} INFO - Setting next_dagrun for example_nested_branch_dag to 2023-03-10T00:00:00+00:00, run_after=2023-03-11T00:00:00+00:00
[2023-03-11T20:17:50.686+0000] {processor.py:176} INFO - Processing /home/airflow/.local/lib/python3.7/site-packages/airflow/example_dags/example_nested_branch_dag.py took 0.073 seconds
[2023-03-11T20:18:21.324+0000] {processor.py:154} INFO - Started process (PID=256) to work on /home/airflow/.local/lib/python3.7/site-packages/airflow/example_dags/example_nested_branch_dag.py
[2023-03-11T20:18:21.326+0000] {processor.py:756} INFO - Processing file /home/airflow/.local/lib/python3.7/site-packages/airflow/example_dags/example_nested_branch_dag.py for tasks to queue
[2023-03-11T20:18:21.327+0000] {logging_mixin.py:137} INFO - [2023-03-11T20:18:21.327+0000] {dagbag.py:537} INFO - Filling up the DagBag from /home/airflow/.local/lib/python3.7/site-packages/airflow/example_dags/example_nested_branch_dag.py
[2023-03-11T20:18:21.342+0000] {processor.py:766} INFO - DAG(s) dict_keys(['example_nested_branch_dag']) retrieved from /home/airflow/.local/lib/python3.7/site-packages/airflow/example_dags/example_nested_branch_dag.py
[2023-03-11T20:18:21.369+0000] {logging_mixin.py:137} INFO - [2023-03-11T20:18:21.369+0000] {dag.py:2585} INFO - Sync 1 DAGs
[2023-03-11T20:18:21.387+0000] {logging_mixin.py:137} INFO - [2023-03-11T20:18:21.387+0000] {dag.py:3340} INFO - Setting next_dagrun for example_nested_branch_dag to 2023-03-10T00:00:00+00:00, run_after=2023-03-11T00:00:00+00:00
[2023-03-11T20:18:21.401+0000] {processor.py:176} INFO - Processing /home/airflow/.local/lib/python3.7/site-packages/airflow/example_dags/example_nested_branch_dag.py took 0.080 seconds
