[2023-03-11T20:16:46.668+0000] {processor.py:154} INFO - Started process (PID=35) to work on /home/airflow/.local/lib/python3.7/site-packages/airflow/example_dags/example_latest_only_with_trigger.py
[2023-03-11T20:16:46.670+0000] {processor.py:756} INFO - Processing file /home/airflow/.local/lib/python3.7/site-packages/airflow/example_dags/example_latest_only_with_trigger.py for tasks to queue
[2023-03-11T20:16:46.671+0000] {logging_mixin.py:137} INFO - [2023-03-11T20:16:46.671+0000] {dagbag.py:537} INFO - Filling up the DagBag from /home/airflow/.local/lib/python3.7/site-packages/airflow/example_dags/example_latest_only_with_trigger.py
[2023-03-11T20:16:46.682+0000] {processor.py:766} INFO - DAG(s) dict_keys(['latest_only_with_trigger']) retrieved from /home/airflow/.local/lib/python3.7/site-packages/airflow/example_dags/example_latest_only_with_trigger.py
[2023-03-11T20:16:46.714+0000] {logging_mixin.py:137} INFO - [2023-03-11T20:16:46.714+0000] {dag.py:2585} INFO - Sync 1 DAGs
[2023-03-11T20:16:46.731+0000] {logging_mixin.py:137} INFO - [2023-03-11T20:16:46.731+0000] {dag.py:3340} INFO - Setting next_dagrun for latest_only_with_trigger to 2023-03-11T16:16:46.731440+00:00, run_after=2023-03-11T20:16:46.731440+00:00
[2023-03-11T20:16:46.743+0000] {processor.py:176} INFO - Processing /home/airflow/.local/lib/python3.7/site-packages/airflow/example_dags/example_latest_only_with_trigger.py took 0.077 seconds
[2023-03-11T20:17:17.262+0000] {processor.py:154} INFO - Started process (PID=101) to work on /home/airflow/.local/lib/python3.7/site-packages/airflow/example_dags/example_latest_only_with_trigger.py
[2023-03-11T20:17:17.263+0000] {processor.py:756} INFO - Processing file /home/airflow/.local/lib/python3.7/site-packages/airflow/example_dags/example_latest_only_with_trigger.py for tasks to queue
[2023-03-11T20:17:17.265+0000] {logging_mixin.py:137} INFO - [2023-03-11T20:17:17.264+0000] {dagbag.py:537} INFO - Filling up the DagBag from /home/airflow/.local/lib/python3.7/site-packages/airflow/example_dags/example_latest_only_with_trigger.py
[2023-03-11T20:17:17.273+0000] {processor.py:766} INFO - DAG(s) dict_keys(['latest_only_with_trigger']) retrieved from /home/airflow/.local/lib/python3.7/site-packages/airflow/example_dags/example_latest_only_with_trigger.py
[2023-03-11T20:17:17.297+0000] {logging_mixin.py:137} INFO - [2023-03-11T20:17:17.297+0000] {dag.py:2585} INFO - Sync 1 DAGs
[2023-03-11T20:17:17.311+0000] {logging_mixin.py:137} INFO - [2023-03-11T20:17:17.311+0000] {dag.py:3340} INFO - Setting next_dagrun for latest_only_with_trigger to 2023-03-11T16:17:17.311237+00:00, run_after=2023-03-11T20:17:17.311237+00:00
[2023-03-11T20:17:17.322+0000] {processor.py:176} INFO - Processing /home/airflow/.local/lib/python3.7/site-packages/airflow/example_dags/example_latest_only_with_trigger.py took 0.063 seconds
[2023-03-11T20:17:48.007+0000] {processor.py:154} INFO - Started process (PID=165) to work on /home/airflow/.local/lib/python3.7/site-packages/airflow/example_dags/example_latest_only_with_trigger.py
[2023-03-11T20:17:48.009+0000] {processor.py:756} INFO - Processing file /home/airflow/.local/lib/python3.7/site-packages/airflow/example_dags/example_latest_only_with_trigger.py for tasks to queue
[2023-03-11T20:17:48.010+0000] {logging_mixin.py:137} INFO - [2023-03-11T20:17:48.010+0000] {dagbag.py:537} INFO - Filling up the DagBag from /home/airflow/.local/lib/python3.7/site-packages/airflow/example_dags/example_latest_only_with_trigger.py
[2023-03-11T20:17:48.021+0000] {processor.py:766} INFO - DAG(s) dict_keys(['latest_only_with_trigger']) retrieved from /home/airflow/.local/lib/python3.7/site-packages/airflow/example_dags/example_latest_only_with_trigger.py
[2023-03-11T20:17:48.046+0000] {logging_mixin.py:137} INFO - [2023-03-11T20:17:48.045+0000] {dag.py:2585} INFO - Sync 1 DAGs
[2023-03-11T20:17:48.060+0000] {logging_mixin.py:137} INFO - [2023-03-11T20:17:48.060+0000] {dag.py:3340} INFO - Setting next_dagrun for latest_only_with_trigger to 2023-03-11T16:17:48.059946+00:00, run_after=2023-03-11T20:17:48.059946+00:00
[2023-03-11T20:17:48.071+0000] {processor.py:176} INFO - Processing /home/airflow/.local/lib/python3.7/site-packages/airflow/example_dags/example_latest_only_with_trigger.py took 0.067 seconds
[2023-03-11T20:18:18.549+0000] {processor.py:154} INFO - Started process (PID=229) to work on /home/airflow/.local/lib/python3.7/site-packages/airflow/example_dags/example_latest_only_with_trigger.py
[2023-03-11T20:18:18.556+0000] {processor.py:756} INFO - Processing file /home/airflow/.local/lib/python3.7/site-packages/airflow/example_dags/example_latest_only_with_trigger.py for tasks to queue
[2023-03-11T20:18:18.557+0000] {logging_mixin.py:137} INFO - [2023-03-11T20:18:18.557+0000] {dagbag.py:537} INFO - Filling up the DagBag from /home/airflow/.local/lib/python3.7/site-packages/airflow/example_dags/example_latest_only_with_trigger.py
[2023-03-11T20:18:18.570+0000] {processor.py:766} INFO - DAG(s) dict_keys(['latest_only_with_trigger']) retrieved from /home/airflow/.local/lib/python3.7/site-packages/airflow/example_dags/example_latest_only_with_trigger.py
[2023-03-11T20:18:18.628+0000] {logging_mixin.py:137} INFO - [2023-03-11T20:18:18.628+0000] {dag.py:2585} INFO - Sync 1 DAGs
[2023-03-11T20:18:18.672+0000] {logging_mixin.py:137} INFO - [2023-03-11T20:18:18.672+0000] {dag.py:3340} INFO - Setting next_dagrun for latest_only_with_trigger to 2023-03-11T16:18:18.672228+00:00, run_after=2023-03-11T20:18:18.672228+00:00
[2023-03-11T20:18:18.709+0000] {processor.py:176} INFO - Processing /home/airflow/.local/lib/python3.7/site-packages/airflow/example_dags/example_latest_only_with_trigger.py took 0.164 seconds
