[2023-03-11T20:16:48.403+0000] {processor.py:154} INFO - Started process (PID=53) to work on /home/airflow/.local/lib/python3.7/site-packages/airflow/example_dags/example_branch_operator.py
[2023-03-11T20:16:48.406+0000] {processor.py:756} INFO - Processing file /home/airflow/.local/lib/python3.7/site-packages/airflow/example_dags/example_branch_operator.py for tasks to queue
[2023-03-11T20:16:48.407+0000] {logging_mixin.py:137} INFO - [2023-03-11T20:16:48.407+0000] {dagbag.py:537} INFO - Filling up the DagBag from /home/airflow/.local/lib/python3.7/site-packages/airflow/example_dags/example_branch_operator.py
[2023-03-11T20:16:48.439+0000] {processor.py:766} INFO - DAG(s) dict_keys(['example_branch_operator']) retrieved from /home/airflow/.local/lib/python3.7/site-packages/airflow/example_dags/example_branch_operator.py
[2023-03-11T20:16:48.486+0000] {logging_mixin.py:137} INFO - [2023-03-11T20:16:48.485+0000] {dag.py:2585} INFO - Sync 1 DAGs
[2023-03-11T20:16:48.508+0000] {logging_mixin.py:137} INFO - [2023-03-11T20:16:48.508+0000] {dag.py:3340} INFO - Setting next_dagrun for example_branch_operator to 2023-03-10T00:00:00+00:00, run_after=2023-03-11T00:00:00+00:00
[2023-03-11T20:16:48.526+0000] {processor.py:176} INFO - Processing /home/airflow/.local/lib/python3.7/site-packages/airflow/example_dags/example_branch_operator.py took 0.129 seconds
[2023-03-11T20:17:18.580+0000] {processor.py:154} INFO - Started process (PID=119) to work on /home/airflow/.local/lib/python3.7/site-packages/airflow/example_dags/example_branch_operator.py
[2023-03-11T20:17:18.581+0000] {processor.py:756} INFO - Processing file /home/airflow/.local/lib/python3.7/site-packages/airflow/example_dags/example_branch_operator.py for tasks to queue
[2023-03-11T20:17:18.582+0000] {logging_mixin.py:137} INFO - [2023-03-11T20:17:18.582+0000] {dagbag.py:537} INFO - Filling up the DagBag from /home/airflow/.local/lib/python3.7/site-packages/airflow/example_dags/example_branch_operator.py
[2023-03-11T20:17:18.594+0000] {processor.py:766} INFO - DAG(s) dict_keys(['example_branch_operator']) retrieved from /home/airflow/.local/lib/python3.7/site-packages/airflow/example_dags/example_branch_operator.py
[2023-03-11T20:17:18.619+0000] {logging_mixin.py:137} INFO - [2023-03-11T20:17:18.619+0000] {dag.py:2585} INFO - Sync 1 DAGs
[2023-03-11T20:17:18.634+0000] {logging_mixin.py:137} INFO - [2023-03-11T20:17:18.634+0000] {dag.py:3340} INFO - Setting next_dagrun for example_branch_operator to 2023-03-10T00:00:00+00:00, run_after=2023-03-11T00:00:00+00:00
[2023-03-11T20:17:18.645+0000] {processor.py:176} INFO - Processing /home/airflow/.local/lib/python3.7/site-packages/airflow/example_dags/example_branch_operator.py took 0.067 seconds
[2023-03-11T20:17:49.041+0000] {processor.py:154} INFO - Started process (PID=183) to work on /home/airflow/.local/lib/python3.7/site-packages/airflow/example_dags/example_branch_operator.py
[2023-03-11T20:17:49.042+0000] {processor.py:756} INFO - Processing file /home/airflow/.local/lib/python3.7/site-packages/airflow/example_dags/example_branch_operator.py for tasks to queue
[2023-03-11T20:17:49.044+0000] {logging_mixin.py:137} INFO - [2023-03-11T20:17:49.043+0000] {dagbag.py:537} INFO - Filling up the DagBag from /home/airflow/.local/lib/python3.7/site-packages/airflow/example_dags/example_branch_operator.py
[2023-03-11T20:17:49.055+0000] {processor.py:766} INFO - DAG(s) dict_keys(['example_branch_operator']) retrieved from /home/airflow/.local/lib/python3.7/site-packages/airflow/example_dags/example_branch_operator.py
[2023-03-11T20:17:49.081+0000] {logging_mixin.py:137} INFO - [2023-03-11T20:17:49.081+0000] {dag.py:2585} INFO - Sync 1 DAGs
[2023-03-11T20:17:49.096+0000] {logging_mixin.py:137} INFO - [2023-03-11T20:17:49.096+0000] {dag.py:3340} INFO - Setting next_dagrun for example_branch_operator to 2023-03-10T00:00:00+00:00, run_after=2023-03-11T00:00:00+00:00
[2023-03-11T20:17:49.109+0000] {processor.py:176} INFO - Processing /home/airflow/.local/lib/python3.7/site-packages/airflow/example_dags/example_branch_operator.py took 0.071 seconds
[2023-03-11T20:18:19.796+0000] {processor.py:154} INFO - Started process (PID=247) to work on /home/airflow/.local/lib/python3.7/site-packages/airflow/example_dags/example_branch_operator.py
[2023-03-11T20:18:19.798+0000] {processor.py:756} INFO - Processing file /home/airflow/.local/lib/python3.7/site-packages/airflow/example_dags/example_branch_operator.py for tasks to queue
[2023-03-11T20:18:19.798+0000] {logging_mixin.py:137} INFO - [2023-03-11T20:18:19.798+0000] {dagbag.py:537} INFO - Filling up the DagBag from /home/airflow/.local/lib/python3.7/site-packages/airflow/example_dags/example_branch_operator.py
[2023-03-11T20:18:19.810+0000] {processor.py:766} INFO - DAG(s) dict_keys(['example_branch_operator']) retrieved from /home/airflow/.local/lib/python3.7/site-packages/airflow/example_dags/example_branch_operator.py
[2023-03-11T20:18:19.840+0000] {logging_mixin.py:137} INFO - [2023-03-11T20:18:19.840+0000] {dag.py:2585} INFO - Sync 1 DAGs
[2023-03-11T20:18:19.857+0000] {logging_mixin.py:137} INFO - [2023-03-11T20:18:19.857+0000] {dag.py:3340} INFO - Setting next_dagrun for example_branch_operator to 2023-03-10T00:00:00+00:00, run_after=2023-03-11T00:00:00+00:00
[2023-03-11T20:18:19.872+0000] {processor.py:176} INFO - Processing /home/airflow/.local/lib/python3.7/site-packages/airflow/example_dags/example_branch_operator.py took 0.079 seconds
