[2023-03-11T20:16:47.435+0000] {processor.py:154} INFO - Started process (PID=43) to work on /home/airflow/.local/lib/python3.7/site-packages/airflow/example_dags/example_python_operator.py
[2023-03-11T20:16:47.437+0000] {processor.py:756} INFO - Processing file /home/airflow/.local/lib/python3.7/site-packages/airflow/example_dags/example_python_operator.py for tasks to queue
[2023-03-11T20:16:47.438+0000] {logging_mixin.py:137} INFO - [2023-03-11T20:16:47.438+0000] {dagbag.py:537} INFO - Filling up the DagBag from /home/airflow/.local/lib/python3.7/site-packages/airflow/example_dags/example_python_operator.py
[2023-03-11T20:16:47.463+0000] {logging_mixin.py:137} INFO - [2023-03-11T20:16:47.462+0000] {taskmixin.py:205} WARNING - Dependency <Task(_PythonDecoratedOperator): print_the_context>, log_sql_query already registered for DAG: example_python_operator
[2023-03-11T20:16:47.465+0000] {logging_mixin.py:137} INFO - [2023-03-11T20:16:47.465+0000] {taskmixin.py:205} WARNING - Dependency <Task(_PythonDecoratedOperator): log_sql_query>, print_the_context already registered for DAG: example_python_operator
[2023-03-11T20:16:47.469+0000] {logging_mixin.py:137} INFO - [2023-03-11T20:16:47.469+0000] {taskmixin.py:205} WARNING - Dependency <Task(_PythonDecoratedOperator): print_the_context>, log_sql_query already registered for DAG: example_python_operator
[2023-03-11T20:16:47.470+0000] {logging_mixin.py:137} INFO - [2023-03-11T20:16:47.470+0000] {taskmixin.py:205} WARNING - Dependency <Task(_PythonDecoratedOperator): log_sql_query>, print_the_context already registered for DAG: example_python_operator
[2023-03-11T20:16:47.473+0000] {logging_mixin.py:137} INFO - [2023-03-11T20:16:47.472+0000] {taskmixin.py:205} WARNING - Dependency <Task(_PythonDecoratedOperator): print_the_context>, log_sql_query already registered for DAG: example_python_operator
[2023-03-11T20:16:47.474+0000] {logging_mixin.py:137} INFO - [2023-03-11T20:16:47.474+0000] {taskmixin.py:205} WARNING - Dependency <Task(_PythonDecoratedOperator): log_sql_query>, print_the_context already registered for DAG: example_python_operator
[2023-03-11T20:16:47.477+0000] {logging_mixin.py:137} INFO - [2023-03-11T20:16:47.477+0000] {taskmixin.py:205} WARNING - Dependency <Task(_PythonDecoratedOperator): print_the_context>, log_sql_query already registered for DAG: example_python_operator
[2023-03-11T20:16:47.478+0000] {logging_mixin.py:137} INFO - [2023-03-11T20:16:47.478+0000] {taskmixin.py:205} WARNING - Dependency <Task(_PythonDecoratedOperator): log_sql_query>, print_the_context already registered for DAG: example_python_operator
[2023-03-11T20:16:47.485+0000] {processor.py:766} INFO - DAG(s) dict_keys(['example_python_operator']) retrieved from /home/airflow/.local/lib/python3.7/site-packages/airflow/example_dags/example_python_operator.py
[2023-03-11T20:16:47.556+0000] {logging_mixin.py:137} INFO - [2023-03-11T20:16:47.556+0000] {dag.py:2585} INFO - Sync 1 DAGs
[2023-03-11T20:16:47.602+0000] {logging_mixin.py:137} INFO - [2023-03-11T20:16:47.602+0000] {dag.py:3340} INFO - Setting next_dagrun for example_python_operator to None, run_after=None
[2023-03-11T20:16:47.621+0000] {processor.py:176} INFO - Processing /home/airflow/.local/lib/python3.7/site-packages/airflow/example_dags/example_python_operator.py took 0.193 seconds
[2023-03-11T20:17:17.757+0000] {processor.py:154} INFO - Started process (PID=109) to work on /home/airflow/.local/lib/python3.7/site-packages/airflow/example_dags/example_python_operator.py
[2023-03-11T20:17:17.758+0000] {processor.py:756} INFO - Processing file /home/airflow/.local/lib/python3.7/site-packages/airflow/example_dags/example_python_operator.py for tasks to queue
[2023-03-11T20:17:17.759+0000] {logging_mixin.py:137} INFO - [2023-03-11T20:17:17.759+0000] {dagbag.py:537} INFO - Filling up the DagBag from /home/airflow/.local/lib/python3.7/site-packages/airflow/example_dags/example_python_operator.py
[2023-03-11T20:17:17.771+0000] {logging_mixin.py:137} INFO - [2023-03-11T20:17:17.770+0000] {taskmixin.py:205} WARNING - Dependency <Task(_PythonDecoratedOperator): print_the_context>, log_sql_query already registered for DAG: example_python_operator
[2023-03-11T20:17:17.773+0000] {logging_mixin.py:137} INFO - [2023-03-11T20:17:17.772+0000] {taskmixin.py:205} WARNING - Dependency <Task(_PythonDecoratedOperator): log_sql_query>, print_the_context already registered for DAG: example_python_operator
[2023-03-11T20:17:17.774+0000] {logging_mixin.py:137} INFO - [2023-03-11T20:17:17.774+0000] {taskmixin.py:205} WARNING - Dependency <Task(_PythonDecoratedOperator): print_the_context>, log_sql_query already registered for DAG: example_python_operator
[2023-03-11T20:17:17.775+0000] {logging_mixin.py:137} INFO - [2023-03-11T20:17:17.774+0000] {taskmixin.py:205} WARNING - Dependency <Task(_PythonDecoratedOperator): log_sql_query>, print_the_context already registered for DAG: example_python_operator
[2023-03-11T20:17:17.776+0000] {logging_mixin.py:137} INFO - [2023-03-11T20:17:17.776+0000] {taskmixin.py:205} WARNING - Dependency <Task(_PythonDecoratedOperator): print_the_context>, log_sql_query already registered for DAG: example_python_operator
[2023-03-11T20:17:17.777+0000] {logging_mixin.py:137} INFO - [2023-03-11T20:17:17.777+0000] {taskmixin.py:205} WARNING - Dependency <Task(_PythonDecoratedOperator): log_sql_query>, print_the_context already registered for DAG: example_python_operator
[2023-03-11T20:17:17.778+0000] {logging_mixin.py:137} INFO - [2023-03-11T20:17:17.778+0000] {taskmixin.py:205} WARNING - Dependency <Task(_PythonDecoratedOperator): print_the_context>, log_sql_query already registered for DAG: example_python_operator
[2023-03-11T20:17:17.779+0000] {logging_mixin.py:137} INFO - [2023-03-11T20:17:17.779+0000] {taskmixin.py:205} WARNING - Dependency <Task(_PythonDecoratedOperator): log_sql_query>, print_the_context already registered for DAG: example_python_operator
[2023-03-11T20:17:17.785+0000] {processor.py:766} INFO - DAG(s) dict_keys(['example_python_operator']) retrieved from /home/airflow/.local/lib/python3.7/site-packages/airflow/example_dags/example_python_operator.py
[2023-03-11T20:17:17.810+0000] {logging_mixin.py:137} INFO - [2023-03-11T20:17:17.810+0000] {dag.py:2585} INFO - Sync 1 DAGs
[2023-03-11T20:17:17.827+0000] {logging_mixin.py:137} INFO - [2023-03-11T20:17:17.827+0000] {dag.py:3340} INFO - Setting next_dagrun for example_python_operator to None, run_after=None
[2023-03-11T20:17:17.840+0000] {processor.py:176} INFO - Processing /home/airflow/.local/lib/python3.7/site-packages/airflow/example_dags/example_python_operator.py took 0.085 seconds
[2023-03-11T20:17:48.543+0000] {processor.py:154} INFO - Started process (PID=173) to work on /home/airflow/.local/lib/python3.7/site-packages/airflow/example_dags/example_python_operator.py
[2023-03-11T20:17:48.545+0000] {processor.py:756} INFO - Processing file /home/airflow/.local/lib/python3.7/site-packages/airflow/example_dags/example_python_operator.py for tasks to queue
[2023-03-11T20:17:48.546+0000] {logging_mixin.py:137} INFO - [2023-03-11T20:17:48.546+0000] {dagbag.py:537} INFO - Filling up the DagBag from /home/airflow/.local/lib/python3.7/site-packages/airflow/example_dags/example_python_operator.py
[2023-03-11T20:17:48.555+0000] {logging_mixin.py:137} INFO - [2023-03-11T20:17:48.555+0000] {taskmixin.py:205} WARNING - Dependency <Task(_PythonDecoratedOperator): print_the_context>, log_sql_query already registered for DAG: example_python_operator
[2023-03-11T20:17:48.556+0000] {logging_mixin.py:137} INFO - [2023-03-11T20:17:48.556+0000] {taskmixin.py:205} WARNING - Dependency <Task(_PythonDecoratedOperator): log_sql_query>, print_the_context already registered for DAG: example_python_operator
[2023-03-11T20:17:48.557+0000] {logging_mixin.py:137} INFO - [2023-03-11T20:17:48.557+0000] {taskmixin.py:205} WARNING - Dependency <Task(_PythonDecoratedOperator): print_the_context>, log_sql_query already registered for DAG: example_python_operator
[2023-03-11T20:17:48.559+0000] {logging_mixin.py:137} INFO - [2023-03-11T20:17:48.559+0000] {taskmixin.py:205} WARNING - Dependency <Task(_PythonDecoratedOperator): log_sql_query>, print_the_context already registered for DAG: example_python_operator
[2023-03-11T20:17:48.561+0000] {logging_mixin.py:137} INFO - [2023-03-11T20:17:48.561+0000] {taskmixin.py:205} WARNING - Dependency <Task(_PythonDecoratedOperator): print_the_context>, log_sql_query already registered for DAG: example_python_operator
[2023-03-11T20:17:48.561+0000] {logging_mixin.py:137} INFO - [2023-03-11T20:17:48.561+0000] {taskmixin.py:205} WARNING - Dependency <Task(_PythonDecoratedOperator): log_sql_query>, print_the_context already registered for DAG: example_python_operator
[2023-03-11T20:17:48.563+0000] {logging_mixin.py:137} INFO - [2023-03-11T20:17:48.563+0000] {taskmixin.py:205} WARNING - Dependency <Task(_PythonDecoratedOperator): print_the_context>, log_sql_query already registered for DAG: example_python_operator
[2023-03-11T20:17:48.563+0000] {logging_mixin.py:137} INFO - [2023-03-11T20:17:48.563+0000] {taskmixin.py:205} WARNING - Dependency <Task(_PythonDecoratedOperator): log_sql_query>, print_the_context already registered for DAG: example_python_operator
[2023-03-11T20:17:48.568+0000] {processor.py:766} INFO - DAG(s) dict_keys(['example_python_operator']) retrieved from /home/airflow/.local/lib/python3.7/site-packages/airflow/example_dags/example_python_operator.py
[2023-03-11T20:17:48.592+0000] {logging_mixin.py:137} INFO - [2023-03-11T20:17:48.592+0000] {dag.py:2585} INFO - Sync 1 DAGs
[2023-03-11T20:17:48.607+0000] {logging_mixin.py:137} INFO - [2023-03-11T20:17:48.607+0000] {dag.py:3340} INFO - Setting next_dagrun for example_python_operator to None, run_after=None
[2023-03-11T20:17:48.619+0000] {processor.py:176} INFO - Processing /home/airflow/.local/lib/python3.7/site-packages/airflow/example_dags/example_python_operator.py took 0.079 seconds
[2023-03-11T20:18:19.117+0000] {processor.py:154} INFO - Started process (PID=237) to work on /home/airflow/.local/lib/python3.7/site-packages/airflow/example_dags/example_python_operator.py
[2023-03-11T20:18:19.120+0000] {processor.py:756} INFO - Processing file /home/airflow/.local/lib/python3.7/site-packages/airflow/example_dags/example_python_operator.py for tasks to queue
[2023-03-11T20:18:19.121+0000] {logging_mixin.py:137} INFO - [2023-03-11T20:18:19.121+0000] {dagbag.py:537} INFO - Filling up the DagBag from /home/airflow/.local/lib/python3.7/site-packages/airflow/example_dags/example_python_operator.py
[2023-03-11T20:18:19.135+0000] {logging_mixin.py:137} INFO - [2023-03-11T20:18:19.135+0000] {taskmixin.py:205} WARNING - Dependency <Task(_PythonDecoratedOperator): print_the_context>, log_sql_query already registered for DAG: example_python_operator
[2023-03-11T20:18:19.138+0000] {logging_mixin.py:137} INFO - [2023-03-11T20:18:19.138+0000] {taskmixin.py:205} WARNING - Dependency <Task(_PythonDecoratedOperator): log_sql_query>, print_the_context already registered for DAG: example_python_operator
[2023-03-11T20:18:19.143+0000] {logging_mixin.py:137} INFO - [2023-03-11T20:18:19.143+0000] {taskmixin.py:205} WARNING - Dependency <Task(_PythonDecoratedOperator): print_the_context>, log_sql_query already registered for DAG: example_python_operator
[2023-03-11T20:18:19.147+0000] {logging_mixin.py:137} INFO - [2023-03-11T20:18:19.147+0000] {taskmixin.py:205} WARNING - Dependency <Task(_PythonDecoratedOperator): log_sql_query>, print_the_context already registered for DAG: example_python_operator
[2023-03-11T20:18:19.149+0000] {logging_mixin.py:137} INFO - [2023-03-11T20:18:19.149+0000] {taskmixin.py:205} WARNING - Dependency <Task(_PythonDecoratedOperator): print_the_context>, log_sql_query already registered for DAG: example_python_operator
[2023-03-11T20:18:19.151+0000] {logging_mixin.py:137} INFO - [2023-03-11T20:18:19.151+0000] {taskmixin.py:205} WARNING - Dependency <Task(_PythonDecoratedOperator): log_sql_query>, print_the_context already registered for DAG: example_python_operator
[2023-03-11T20:18:19.153+0000] {logging_mixin.py:137} INFO - [2023-03-11T20:18:19.153+0000] {taskmixin.py:205} WARNING - Dependency <Task(_PythonDecoratedOperator): print_the_context>, log_sql_query already registered for DAG: example_python_operator
[2023-03-11T20:18:19.155+0000] {logging_mixin.py:137} INFO - [2023-03-11T20:18:19.155+0000] {taskmixin.py:205} WARNING - Dependency <Task(_PythonDecoratedOperator): log_sql_query>, print_the_context already registered for DAG: example_python_operator
[2023-03-11T20:18:19.162+0000] {processor.py:766} INFO - DAG(s) dict_keys(['example_python_operator']) retrieved from /home/airflow/.local/lib/python3.7/site-packages/airflow/example_dags/example_python_operator.py
[2023-03-11T20:18:19.230+0000] {logging_mixin.py:137} INFO - [2023-03-11T20:18:19.230+0000] {dag.py:2585} INFO - Sync 1 DAGs
[2023-03-11T20:18:19.250+0000] {logging_mixin.py:137} INFO - [2023-03-11T20:18:19.249+0000] {dag.py:3340} INFO - Setting next_dagrun for example_python_operator to None, run_after=None
[2023-03-11T20:18:19.270+0000] {processor.py:176} INFO - Processing /home/airflow/.local/lib/python3.7/site-packages/airflow/example_dags/example_python_operator.py took 0.156 seconds
