[2023-03-11T20:16:47.020+0000] {processor.py:154} INFO - Started process (PID=40) to work on /home/airflow/.local/lib/python3.7/site-packages/airflow/example_dags/example_branch_python_dop_operator_3.py
[2023-03-11T20:16:47.021+0000] {processor.py:756} INFO - Processing file /home/airflow/.local/lib/python3.7/site-packages/airflow/example_dags/example_branch_python_dop_operator_3.py for tasks to queue
[2023-03-11T20:16:47.023+0000] {logging_mixin.py:137} INFO - [2023-03-11T20:16:47.022+0000] {dagbag.py:537} INFO - Filling up the DagBag from /home/airflow/.local/lib/python3.7/site-packages/airflow/example_dags/example_branch_python_dop_operator_3.py
[2023-03-11T20:16:47.048+0000] {processor.py:766} INFO - DAG(s) dict_keys(['example_branch_dop_operator_v3']) retrieved from /home/airflow/.local/lib/python3.7/site-packages/airflow/example_dags/example_branch_python_dop_operator_3.py
[2023-03-11T20:16:47.113+0000] {logging_mixin.py:137} INFO - [2023-03-11T20:16:47.113+0000] {dag.py:2585} INFO - Sync 1 DAGs
[2023-03-11T20:16:47.138+0000] {logging_mixin.py:137} INFO - [2023-03-11T20:16:47.138+0000] {dag.py:3340} INFO - Setting next_dagrun for example_branch_dop_operator_v3 to 2023-03-11T20:15:00+00:00, run_after=2023-03-11T20:16:00+00:00
[2023-03-11T20:16:47.161+0000] {processor.py:176} INFO - Processing /home/airflow/.local/lib/python3.7/site-packages/airflow/example_dags/example_branch_python_dop_operator_3.py took 0.144 seconds
[2023-03-11T20:17:17.546+0000] {processor.py:154} INFO - Started process (PID=106) to work on /home/airflow/.local/lib/python3.7/site-packages/airflow/example_dags/example_branch_python_dop_operator_3.py
[2023-03-11T20:17:17.547+0000] {processor.py:756} INFO - Processing file /home/airflow/.local/lib/python3.7/site-packages/airflow/example_dags/example_branch_python_dop_operator_3.py for tasks to queue
[2023-03-11T20:17:17.549+0000] {logging_mixin.py:137} INFO - [2023-03-11T20:17:17.548+0000] {dagbag.py:537} INFO - Filling up the DagBag from /home/airflow/.local/lib/python3.7/site-packages/airflow/example_dags/example_branch_python_dop_operator_3.py
[2023-03-11T20:17:17.565+0000] {processor.py:766} INFO - DAG(s) dict_keys(['example_branch_dop_operator_v3']) retrieved from /home/airflow/.local/lib/python3.7/site-packages/airflow/example_dags/example_branch_python_dop_operator_3.py
[2023-03-11T20:17:17.598+0000] {logging_mixin.py:137} INFO - [2023-03-11T20:17:17.598+0000] {dag.py:2585} INFO - Sync 1 DAGs
[2023-03-11T20:17:17.617+0000] {logging_mixin.py:137} INFO - [2023-03-11T20:17:17.616+0000] {dag.py:3340} INFO - Setting next_dagrun for example_branch_dop_operator_v3 to 2023-03-11T20:16:00+00:00, run_after=2023-03-11T20:17:00+00:00
[2023-03-11T20:17:17.629+0000] {processor.py:176} INFO - Processing /home/airflow/.local/lib/python3.7/site-packages/airflow/example_dags/example_branch_python_dop_operator_3.py took 0.085 seconds
[2023-03-11T20:17:48.362+0000] {processor.py:154} INFO - Started process (PID=170) to work on /home/airflow/.local/lib/python3.7/site-packages/airflow/example_dags/example_branch_python_dop_operator_3.py
[2023-03-11T20:17:48.363+0000] {processor.py:756} INFO - Processing file /home/airflow/.local/lib/python3.7/site-packages/airflow/example_dags/example_branch_python_dop_operator_3.py for tasks to queue
[2023-03-11T20:17:48.364+0000] {logging_mixin.py:137} INFO - [2023-03-11T20:17:48.364+0000] {dagbag.py:537} INFO - Filling up the DagBag from /home/airflow/.local/lib/python3.7/site-packages/airflow/example_dags/example_branch_python_dop_operator_3.py
[2023-03-11T20:17:48.378+0000] {processor.py:766} INFO - DAG(s) dict_keys(['example_branch_dop_operator_v3']) retrieved from /home/airflow/.local/lib/python3.7/site-packages/airflow/example_dags/example_branch_python_dop_operator_3.py
[2023-03-11T20:17:48.404+0000] {logging_mixin.py:137} INFO - [2023-03-11T20:17:48.404+0000] {dag.py:2585} INFO - Sync 1 DAGs
[2023-03-11T20:17:48.421+0000] {logging_mixin.py:137} INFO - [2023-03-11T20:17:48.421+0000] {dag.py:3340} INFO - Setting next_dagrun for example_branch_dop_operator_v3 to 2023-03-11T20:16:00+00:00, run_after=2023-03-11T20:17:00+00:00
[2023-03-11T20:17:48.433+0000] {processor.py:176} INFO - Processing /home/airflow/.local/lib/python3.7/site-packages/airflow/example_dags/example_branch_python_dop_operator_3.py took 0.073 seconds
[2023-03-11T20:18:18.954+0000] {processor.py:154} INFO - Started process (PID=234) to work on /home/airflow/.local/lib/python3.7/site-packages/airflow/example_dags/example_branch_python_dop_operator_3.py
[2023-03-11T20:18:18.956+0000] {processor.py:756} INFO - Processing file /home/airflow/.local/lib/python3.7/site-packages/airflow/example_dags/example_branch_python_dop_operator_3.py for tasks to queue
[2023-03-11T20:18:18.957+0000] {logging_mixin.py:137} INFO - [2023-03-11T20:18:18.957+0000] {dagbag.py:537} INFO - Filling up the DagBag from /home/airflow/.local/lib/python3.7/site-packages/airflow/example_dags/example_branch_python_dop_operator_3.py
[2023-03-11T20:18:18.974+0000] {processor.py:766} INFO - DAG(s) dict_keys(['example_branch_dop_operator_v3']) retrieved from /home/airflow/.local/lib/python3.7/site-packages/airflow/example_dags/example_branch_python_dop_operator_3.py
[2023-03-11T20:18:19.013+0000] {logging_mixin.py:137} INFO - [2023-03-11T20:18:19.013+0000] {dag.py:2585} INFO - Sync 1 DAGs
[2023-03-11T20:18:19.032+0000] {logging_mixin.py:137} INFO - [2023-03-11T20:18:19.032+0000] {dag.py:3340} INFO - Setting next_dagrun for example_branch_dop_operator_v3 to 2023-03-11T20:17:00+00:00, run_after=2023-03-11T20:18:00+00:00
[2023-03-11T20:18:19.047+0000] {processor.py:176} INFO - Processing /home/airflow/.local/lib/python3.7/site-packages/airflow/example_dags/example_branch_python_dop_operator_3.py took 0.096 seconds
