[2023-03-11T20:16:48.911+0000] {processor.py:154} INFO - Started process (PID=58) to work on /home/airflow/.local/lib/python3.7/site-packages/airflow/example_dags/example_branch_datetime_operator.py
[2023-03-11T20:16:48.913+0000] {processor.py:756} INFO - Processing file /home/airflow/.local/lib/python3.7/site-packages/airflow/example_dags/example_branch_datetime_operator.py for tasks to queue
[2023-03-11T20:16:48.915+0000] {logging_mixin.py:137} INFO - [2023-03-11T20:16:48.915+0000] {dagbag.py:537} INFO - Filling up the DagBag from /home/airflow/.local/lib/python3.7/site-packages/airflow/example_dags/example_branch_datetime_operator.py
[2023-03-11T20:16:48.949+0000] {processor.py:766} INFO - DAG(s) dict_keys(['example_branch_datetime_operator', 'example_branch_datetime_operator_3', 'example_branch_datetime_operator_2']) retrieved from /home/airflow/.local/lib/python3.7/site-packages/airflow/example_dags/example_branch_datetime_operator.py
[2023-03-11T20:16:49.013+0000] {logging_mixin.py:137} INFO - [2023-03-11T20:16:49.013+0000] {dag.py:2585} INFO - Sync 3 DAGs
[2023-03-11T20:16:49.037+0000] {logging_mixin.py:137} INFO - [2023-03-11T20:16:49.036+0000] {dag.py:3340} INFO - Setting next_dagrun for example_branch_datetime_operator to 2023-03-10T00:00:00+00:00, run_after=2023-03-11T00:00:00+00:00
[2023-03-11T20:16:49.044+0000] {logging_mixin.py:137} INFO - [2023-03-11T20:16:49.044+0000] {dag.py:3340} INFO - Setting next_dagrun for example_branch_datetime_operator_2 to 2023-03-10T00:00:00+00:00, run_after=2023-03-11T00:00:00+00:00
[2023-03-11T20:16:49.047+0000] {logging_mixin.py:137} INFO - [2023-03-11T20:16:49.047+0000] {dag.py:3340} INFO - Setting next_dagrun for example_branch_datetime_operator_3 to 2023-03-10T00:00:00+00:00, run_after=2023-03-11T00:00:00+00:00
[2023-03-11T20:16:49.064+0000] {processor.py:176} INFO - Processing /home/airflow/.local/lib/python3.7/site-packages/airflow/example_dags/example_branch_datetime_operator.py took 0.156 seconds
[2023-03-11T20:17:19.852+0000] {processor.py:154} INFO - Started process (PID=124) to work on /home/airflow/.local/lib/python3.7/site-packages/airflow/example_dags/example_branch_datetime_operator.py
[2023-03-11T20:17:19.854+0000] {processor.py:756} INFO - Processing file /home/airflow/.local/lib/python3.7/site-packages/airflow/example_dags/example_branch_datetime_operator.py for tasks to queue
[2023-03-11T20:17:19.855+0000] {logging_mixin.py:137} INFO - [2023-03-11T20:17:19.855+0000] {dagbag.py:537} INFO - Filling up the DagBag from /home/airflow/.local/lib/python3.7/site-packages/airflow/example_dags/example_branch_datetime_operator.py
[2023-03-11T20:17:19.867+0000] {processor.py:766} INFO - DAG(s) dict_keys(['example_branch_datetime_operator', 'example_branch_datetime_operator_2', 'example_branch_datetime_operator_3']) retrieved from /home/airflow/.local/lib/python3.7/site-packages/airflow/example_dags/example_branch_datetime_operator.py
[2023-03-11T20:17:19.894+0000] {logging_mixin.py:137} INFO - [2023-03-11T20:17:19.894+0000] {dag.py:2585} INFO - Sync 3 DAGs
[2023-03-11T20:17:19.910+0000] {logging_mixin.py:137} INFO - [2023-03-11T20:17:19.909+0000] {dag.py:3340} INFO - Setting next_dagrun for example_branch_datetime_operator to 2023-03-10T00:00:00+00:00, run_after=2023-03-11T00:00:00+00:00
[2023-03-11T20:17:19.914+0000] {logging_mixin.py:137} INFO - [2023-03-11T20:17:19.914+0000] {dag.py:3340} INFO - Setting next_dagrun for example_branch_datetime_operator_2 to 2023-03-10T00:00:00+00:00, run_after=2023-03-11T00:00:00+00:00
[2023-03-11T20:17:19.916+0000] {logging_mixin.py:137} INFO - [2023-03-11T20:17:19.916+0000] {dag.py:3340} INFO - Setting next_dagrun for example_branch_datetime_operator_3 to 2023-03-10T00:00:00+00:00, run_after=2023-03-11T00:00:00+00:00
[2023-03-11T20:17:19.926+0000] {processor.py:176} INFO - Processing /home/airflow/.local/lib/python3.7/site-packages/airflow/example_dags/example_branch_datetime_operator.py took 0.076 seconds
[2023-03-11T20:17:50.428+0000] {processor.py:154} INFO - Started process (PID=188) to work on /home/airflow/.local/lib/python3.7/site-packages/airflow/example_dags/example_branch_datetime_operator.py
[2023-03-11T20:17:50.431+0000] {processor.py:756} INFO - Processing file /home/airflow/.local/lib/python3.7/site-packages/airflow/example_dags/example_branch_datetime_operator.py for tasks to queue
[2023-03-11T20:17:50.432+0000] {logging_mixin.py:137} INFO - [2023-03-11T20:17:50.432+0000] {dagbag.py:537} INFO - Filling up the DagBag from /home/airflow/.local/lib/python3.7/site-packages/airflow/example_dags/example_branch_datetime_operator.py
[2023-03-11T20:17:50.443+0000] {processor.py:766} INFO - DAG(s) dict_keys(['example_branch_datetime_operator', 'example_branch_datetime_operator_2', 'example_branch_datetime_operator_3']) retrieved from /home/airflow/.local/lib/python3.7/site-packages/airflow/example_dags/example_branch_datetime_operator.py
[2023-03-11T20:17:50.473+0000] {logging_mixin.py:137} INFO - [2023-03-11T20:17:50.473+0000] {dag.py:2585} INFO - Sync 3 DAGs
[2023-03-11T20:17:50.489+0000] {logging_mixin.py:137} INFO - [2023-03-11T20:17:50.489+0000] {dag.py:3340} INFO - Setting next_dagrun for example_branch_datetime_operator to 2023-03-10T00:00:00+00:00, run_after=2023-03-11T00:00:00+00:00
[2023-03-11T20:17:50.492+0000] {logging_mixin.py:137} INFO - [2023-03-11T20:17:50.492+0000] {dag.py:3340} INFO - Setting next_dagrun for example_branch_datetime_operator_2 to 2023-03-10T00:00:00+00:00, run_after=2023-03-11T00:00:00+00:00
[2023-03-11T20:17:50.494+0000] {logging_mixin.py:137} INFO - [2023-03-11T20:17:50.494+0000] {dag.py:3340} INFO - Setting next_dagrun for example_branch_datetime_operator_3 to 2023-03-10T00:00:00+00:00, run_after=2023-03-11T00:00:00+00:00
[2023-03-11T20:17:50.506+0000] {processor.py:176} INFO - Processing /home/airflow/.local/lib/python3.7/site-packages/airflow/example_dags/example_branch_datetime_operator.py took 0.081 seconds
[2023-03-11T20:18:21.112+0000] {processor.py:154} INFO - Started process (PID=252) to work on /home/airflow/.local/lib/python3.7/site-packages/airflow/example_dags/example_branch_datetime_operator.py
[2023-03-11T20:18:21.114+0000] {processor.py:756} INFO - Processing file /home/airflow/.local/lib/python3.7/site-packages/airflow/example_dags/example_branch_datetime_operator.py for tasks to queue
[2023-03-11T20:18:21.115+0000] {logging_mixin.py:137} INFO - [2023-03-11T20:18:21.115+0000] {dagbag.py:537} INFO - Filling up the DagBag from /home/airflow/.local/lib/python3.7/site-packages/airflow/example_dags/example_branch_datetime_operator.py
[2023-03-11T20:18:21.126+0000] {processor.py:766} INFO - DAG(s) dict_keys(['example_branch_datetime_operator_2', 'example_branch_datetime_operator', 'example_branch_datetime_operator_3']) retrieved from /home/airflow/.local/lib/python3.7/site-packages/airflow/example_dags/example_branch_datetime_operator.py
[2023-03-11T20:18:21.156+0000] {logging_mixin.py:137} INFO - [2023-03-11T20:18:21.156+0000] {dag.py:2585} INFO - Sync 3 DAGs
[2023-03-11T20:18:21.173+0000] {logging_mixin.py:137} INFO - [2023-03-11T20:18:21.173+0000] {dag.py:3340} INFO - Setting next_dagrun for example_branch_datetime_operator to 2023-03-10T00:00:00+00:00, run_after=2023-03-11T00:00:00+00:00
[2023-03-11T20:18:21.179+0000] {logging_mixin.py:137} INFO - [2023-03-11T20:18:21.179+0000] {dag.py:3340} INFO - Setting next_dagrun for example_branch_datetime_operator_2 to 2023-03-10T00:00:00+00:00, run_after=2023-03-11T00:00:00+00:00
[2023-03-11T20:18:21.182+0000] {logging_mixin.py:137} INFO - [2023-03-11T20:18:21.182+0000] {dag.py:3340} INFO - Setting next_dagrun for example_branch_datetime_operator_3 to 2023-03-10T00:00:00+00:00, run_after=2023-03-11T00:00:00+00:00
[2023-03-11T20:18:21.195+0000] {processor.py:176} INFO - Processing /home/airflow/.local/lib/python3.7/site-packages/airflow/example_dags/example_branch_datetime_operator.py took 0.085 seconds
