[2023-03-11T20:16:46.527+0000] {processor.py:154} INFO - Started process (PID=34) to work on /home/airflow/.local/lib/python3.7/site-packages/airflow/example_dags/example_branch_operator_decorator.py
[2023-03-11T20:16:46.529+0000] {processor.py:756} INFO - Processing file /home/airflow/.local/lib/python3.7/site-packages/airflow/example_dags/example_branch_operator_decorator.py for tasks to queue
[2023-03-11T20:16:46.530+0000] {logging_mixin.py:137} INFO - [2023-03-11T20:16:46.530+0000] {dagbag.py:537} INFO - Filling up the DagBag from /home/airflow/.local/lib/python3.7/site-packages/airflow/example_dags/example_branch_operator_decorator.py
[2023-03-11T20:16:46.554+0000] {processor.py:766} INFO - DAG(s) dict_keys(['example_branch_python_operator_decorator']) retrieved from /home/airflow/.local/lib/python3.7/site-packages/airflow/example_dags/example_branch_operator_decorator.py
[2023-03-11T20:16:46.595+0000] {logging_mixin.py:137} INFO - [2023-03-11T20:16:46.595+0000] {dag.py:2585} INFO - Sync 1 DAGs
[2023-03-11T20:16:46.623+0000] {logging_mixin.py:137} INFO - [2023-03-11T20:16:46.622+0000] {dag.py:3340} INFO - Setting next_dagrun for example_branch_python_operator_decorator to 2023-03-10T00:00:00+00:00, run_after=2023-03-11T00:00:00+00:00
[2023-03-11T20:16:46.640+0000] {processor.py:176} INFO - Processing /home/airflow/.local/lib/python3.7/site-packages/airflow/example_dags/example_branch_operator_decorator.py took 0.115 seconds
[2023-03-11T20:17:17.161+0000] {processor.py:154} INFO - Started process (PID=100) to work on /home/airflow/.local/lib/python3.7/site-packages/airflow/example_dags/example_branch_operator_decorator.py
[2023-03-11T20:17:17.162+0000] {processor.py:756} INFO - Processing file /home/airflow/.local/lib/python3.7/site-packages/airflow/example_dags/example_branch_operator_decorator.py for tasks to queue
[2023-03-11T20:17:17.164+0000] {logging_mixin.py:137} INFO - [2023-03-11T20:17:17.164+0000] {dagbag.py:537} INFO - Filling up the DagBag from /home/airflow/.local/lib/python3.7/site-packages/airflow/example_dags/example_branch_operator_decorator.py
[2023-03-11T20:17:17.185+0000] {processor.py:766} INFO - DAG(s) dict_keys(['example_branch_python_operator_decorator']) retrieved from /home/airflow/.local/lib/python3.7/site-packages/airflow/example_dags/example_branch_operator_decorator.py
[2023-03-11T20:17:17.212+0000] {logging_mixin.py:137} INFO - [2023-03-11T20:17:17.212+0000] {dag.py:2585} INFO - Sync 1 DAGs
[2023-03-11T20:17:17.228+0000] {logging_mixin.py:137} INFO - [2023-03-11T20:17:17.228+0000] {dag.py:3340} INFO - Setting next_dagrun for example_branch_python_operator_decorator to 2023-03-10T00:00:00+00:00, run_after=2023-03-11T00:00:00+00:00
[2023-03-11T20:17:17.241+0000] {processor.py:176} INFO - Processing /home/airflow/.local/lib/python3.7/site-packages/airflow/example_dags/example_branch_operator_decorator.py took 0.082 seconds
[2023-03-11T20:17:47.848+0000] {processor.py:154} INFO - Started process (PID=164) to work on /home/airflow/.local/lib/python3.7/site-packages/airflow/example_dags/example_branch_operator_decorator.py
[2023-03-11T20:17:47.851+0000] {processor.py:756} INFO - Processing file /home/airflow/.local/lib/python3.7/site-packages/airflow/example_dags/example_branch_operator_decorator.py for tasks to queue
[2023-03-11T20:17:47.854+0000] {logging_mixin.py:137} INFO - [2023-03-11T20:17:47.854+0000] {dagbag.py:537} INFO - Filling up the DagBag from /home/airflow/.local/lib/python3.7/site-packages/airflow/example_dags/example_branch_operator_decorator.py
[2023-03-11T20:17:47.889+0000] {processor.py:766} INFO - DAG(s) dict_keys(['example_branch_python_operator_decorator']) retrieved from /home/airflow/.local/lib/python3.7/site-packages/airflow/example_dags/example_branch_operator_decorator.py
[2023-03-11T20:17:47.945+0000] {logging_mixin.py:137} INFO - [2023-03-11T20:17:47.944+0000] {dag.py:2585} INFO - Sync 1 DAGs
[2023-03-11T20:17:47.970+0000] {logging_mixin.py:137} INFO - [2023-03-11T20:17:47.970+0000] {dag.py:3340} INFO - Setting next_dagrun for example_branch_python_operator_decorator to 2023-03-10T00:00:00+00:00, run_after=2023-03-11T00:00:00+00:00
[2023-03-11T20:17:47.986+0000] {processor.py:176} INFO - Processing /home/airflow/.local/lib/python3.7/site-packages/airflow/example_dags/example_branch_operator_decorator.py took 0.143 seconds
[2023-03-11T20:18:18.298+0000] {processor.py:154} INFO - Started process (PID=228) to work on /home/airflow/.local/lib/python3.7/site-packages/airflow/example_dags/example_branch_operator_decorator.py
[2023-03-11T20:18:18.300+0000] {processor.py:756} INFO - Processing file /home/airflow/.local/lib/python3.7/site-packages/airflow/example_dags/example_branch_operator_decorator.py for tasks to queue
[2023-03-11T20:18:18.303+0000] {logging_mixin.py:137} INFO - [2023-03-11T20:18:18.302+0000] {dagbag.py:537} INFO - Filling up the DagBag from /home/airflow/.local/lib/python3.7/site-packages/airflow/example_dags/example_branch_operator_decorator.py
[2023-03-11T20:18:18.361+0000] {processor.py:766} INFO - DAG(s) dict_keys(['example_branch_python_operator_decorator']) retrieved from /home/airflow/.local/lib/python3.7/site-packages/airflow/example_dags/example_branch_operator_decorator.py
[2023-03-11T20:18:18.432+0000] {logging_mixin.py:137} INFO - [2023-03-11T20:18:18.432+0000] {dag.py:2585} INFO - Sync 1 DAGs
[2023-03-11T20:18:18.461+0000] {logging_mixin.py:137} INFO - [2023-03-11T20:18:18.461+0000] {dag.py:3340} INFO - Setting next_dagrun for example_branch_python_operator_decorator to 2023-03-10T00:00:00+00:00, run_after=2023-03-11T00:00:00+00:00
[2023-03-11T20:18:18.505+0000] {processor.py:176} INFO - Processing /home/airflow/.local/lib/python3.7/site-packages/airflow/example_dags/example_branch_operator_decorator.py took 0.212 seconds
