[2023-03-11T20:16:49.544+0000] {processor.py:154} INFO - Started process (PID=65) to work on /home/airflow/.local/lib/python3.7/site-packages/airflow/example_dags/example_kubernetes_executor.py
[2023-03-11T20:16:49.545+0000] {processor.py:756} INFO - Processing file /home/airflow/.local/lib/python3.7/site-packages/airflow/example_dags/example_kubernetes_executor.py for tasks to queue
[2023-03-11T20:16:49.546+0000] {logging_mixin.py:137} INFO - [2023-03-11T20:16:49.546+0000] {dagbag.py:537} INFO - Filling up the DagBag from /home/airflow/.local/lib/python3.7/site-packages/airflow/example_dags/example_kubernetes_executor.py
[2023-03-11T20:16:49.570+0000] {processor.py:766} INFO - DAG(s) dict_keys(['example_kubernetes_executor']) retrieved from /home/airflow/.local/lib/python3.7/site-packages/airflow/example_dags/example_kubernetes_executor.py
[2023-03-11T20:16:49.598+0000] {logging_mixin.py:137} INFO - [2023-03-11T20:16:49.598+0000] {dag.py:2585} INFO - Sync 1 DAGs
[2023-03-11T20:16:49.615+0000] {logging_mixin.py:137} INFO - [2023-03-11T20:16:49.615+0000] {dag.py:3340} INFO - Setting next_dagrun for example_kubernetes_executor to None, run_after=None
[2023-03-11T20:16:49.629+0000] {processor.py:176} INFO - Processing /home/airflow/.local/lib/python3.7/site-packages/airflow/example_dags/example_kubernetes_executor.py took 0.087 seconds
[2023-03-11T20:17:20.243+0000] {processor.py:154} INFO - Started process (PID=131) to work on /home/airflow/.local/lib/python3.7/site-packages/airflow/example_dags/example_kubernetes_executor.py
[2023-03-11T20:17:20.245+0000] {processor.py:756} INFO - Processing file /home/airflow/.local/lib/python3.7/site-packages/airflow/example_dags/example_kubernetes_executor.py for tasks to queue
[2023-03-11T20:17:20.245+0000] {logging_mixin.py:137} INFO - [2023-03-11T20:17:20.245+0000] {dagbag.py:537} INFO - Filling up the DagBag from /home/airflow/.local/lib/python3.7/site-packages/airflow/example_dags/example_kubernetes_executor.py
[2023-03-11T20:17:20.264+0000] {processor.py:766} INFO - DAG(s) dict_keys(['example_kubernetes_executor']) retrieved from /home/airflow/.local/lib/python3.7/site-packages/airflow/example_dags/example_kubernetes_executor.py
[2023-03-11T20:17:20.297+0000] {logging_mixin.py:137} INFO - [2023-03-11T20:17:20.297+0000] {dag.py:2585} INFO - Sync 1 DAGs
[2023-03-11T20:17:20.313+0000] {logging_mixin.py:137} INFO - [2023-03-11T20:17:20.313+0000] {dag.py:3340} INFO - Setting next_dagrun for example_kubernetes_executor to None, run_after=None
[2023-03-11T20:17:20.328+0000] {processor.py:176} INFO - Processing /home/airflow/.local/lib/python3.7/site-packages/airflow/example_dags/example_kubernetes_executor.py took 0.087 seconds
[2023-03-11T20:17:50.740+0000] {processor.py:154} INFO - Started process (PID=195) to work on /home/airflow/.local/lib/python3.7/site-packages/airflow/example_dags/example_kubernetes_executor.py
[2023-03-11T20:17:50.742+0000] {processor.py:756} INFO - Processing file /home/airflow/.local/lib/python3.7/site-packages/airflow/example_dags/example_kubernetes_executor.py for tasks to queue
[2023-03-11T20:17:50.743+0000] {logging_mixin.py:137} INFO - [2023-03-11T20:17:50.743+0000] {dagbag.py:537} INFO - Filling up the DagBag from /home/airflow/.local/lib/python3.7/site-packages/airflow/example_dags/example_kubernetes_executor.py
[2023-03-11T20:17:50.760+0000] {processor.py:766} INFO - DAG(s) dict_keys(['example_kubernetes_executor']) retrieved from /home/airflow/.local/lib/python3.7/site-packages/airflow/example_dags/example_kubernetes_executor.py
[2023-03-11T20:17:50.787+0000] {logging_mixin.py:137} INFO - [2023-03-11T20:17:50.787+0000] {dag.py:2585} INFO - Sync 1 DAGs
[2023-03-11T20:17:50.803+0000] {logging_mixin.py:137} INFO - [2023-03-11T20:17:50.803+0000] {dag.py:3340} INFO - Setting next_dagrun for example_kubernetes_executor to None, run_after=None
[2023-03-11T20:17:50.814+0000] {processor.py:176} INFO - Processing /home/airflow/.local/lib/python3.7/site-packages/airflow/example_dags/example_kubernetes_executor.py took 0.076 seconds
[2023-03-11T20:18:21.516+0000] {processor.py:154} INFO - Started process (PID=259) to work on /home/airflow/.local/lib/python3.7/site-packages/airflow/example_dags/example_kubernetes_executor.py
[2023-03-11T20:18:21.518+0000] {processor.py:756} INFO - Processing file /home/airflow/.local/lib/python3.7/site-packages/airflow/example_dags/example_kubernetes_executor.py for tasks to queue
[2023-03-11T20:18:21.519+0000] {logging_mixin.py:137} INFO - [2023-03-11T20:18:21.519+0000] {dagbag.py:537} INFO - Filling up the DagBag from /home/airflow/.local/lib/python3.7/site-packages/airflow/example_dags/example_kubernetes_executor.py
[2023-03-11T20:18:21.535+0000] {processor.py:766} INFO - DAG(s) dict_keys(['example_kubernetes_executor']) retrieved from /home/airflow/.local/lib/python3.7/site-packages/airflow/example_dags/example_kubernetes_executor.py
[2023-03-11T20:18:21.560+0000] {logging_mixin.py:137} INFO - [2023-03-11T20:18:21.560+0000] {dag.py:2585} INFO - Sync 1 DAGs
[2023-03-11T20:18:21.573+0000] {logging_mixin.py:137} INFO - [2023-03-11T20:18:21.573+0000] {dag.py:3340} INFO - Setting next_dagrun for example_kubernetes_executor to None, run_after=None
[2023-03-11T20:18:21.583+0000] {processor.py:176} INFO - Processing /home/airflow/.local/lib/python3.7/site-packages/airflow/example_dags/example_kubernetes_executor.py took 0.070 seconds
