[2023-03-11T20:16:49.655+0000] {processor.py:154} INFO - Started process (PID=67) to work on /home/airflow/.local/lib/python3.7/site-packages/airflow/example_dags/example_short_circuit_operator.py
[2023-03-11T20:16:49.656+0000] {processor.py:756} INFO - Processing file /home/airflow/.local/lib/python3.7/site-packages/airflow/example_dags/example_short_circuit_operator.py for tasks to queue
[2023-03-11T20:16:49.657+0000] {logging_mixin.py:137} INFO - [2023-03-11T20:16:49.657+0000] {dagbag.py:537} INFO - Filling up the DagBag from /home/airflow/.local/lib/python3.7/site-packages/airflow/example_dags/example_short_circuit_operator.py
[2023-03-11T20:16:49.669+0000] {processor.py:766} INFO - DAG(s) dict_keys(['example_short_circuit_operator']) retrieved from /home/airflow/.local/lib/python3.7/site-packages/airflow/example_dags/example_short_circuit_operator.py
[2023-03-11T20:16:49.697+0000] {logging_mixin.py:137} INFO - [2023-03-11T20:16:49.696+0000] {dag.py:2585} INFO - Sync 1 DAGs
[2023-03-11T20:16:49.712+0000] {logging_mixin.py:137} INFO - [2023-03-11T20:16:49.712+0000] {dag.py:3340} INFO - Setting next_dagrun for example_short_circuit_operator to 2023-03-10T20:16:49.712296+00:00, run_after=2023-03-11T20:16:49.712296+00:00
[2023-03-11T20:16:49.723+0000] {processor.py:176} INFO - Processing /home/airflow/.local/lib/python3.7/site-packages/airflow/example_dags/example_short_circuit_operator.py took 0.071 seconds
[2023-03-11T20:17:20.353+0000] {processor.py:154} INFO - Started process (PID=133) to work on /home/airflow/.local/lib/python3.7/site-packages/airflow/example_dags/example_short_circuit_operator.py
[2023-03-11T20:17:20.355+0000] {processor.py:756} INFO - Processing file /home/airflow/.local/lib/python3.7/site-packages/airflow/example_dags/example_short_circuit_operator.py for tasks to queue
[2023-03-11T20:17:20.356+0000] {logging_mixin.py:137} INFO - [2023-03-11T20:17:20.356+0000] {dagbag.py:537} INFO - Filling up the DagBag from /home/airflow/.local/lib/python3.7/site-packages/airflow/example_dags/example_short_circuit_operator.py
[2023-03-11T20:17:20.369+0000] {processor.py:766} INFO - DAG(s) dict_keys(['example_short_circuit_operator']) retrieved from /home/airflow/.local/lib/python3.7/site-packages/airflow/example_dags/example_short_circuit_operator.py
[2023-03-11T20:17:20.397+0000] {logging_mixin.py:137} INFO - [2023-03-11T20:17:20.397+0000] {dag.py:2585} INFO - Sync 1 DAGs
[2023-03-11T20:17:20.414+0000] {logging_mixin.py:137} INFO - [2023-03-11T20:17:20.414+0000] {dag.py:3340} INFO - Setting next_dagrun for example_short_circuit_operator to 2023-03-10T20:17:20.414255+00:00, run_after=2023-03-11T20:17:20.414255+00:00
[2023-03-11T20:17:20.427+0000] {processor.py:176} INFO - Processing /home/airflow/.local/lib/python3.7/site-packages/airflow/example_dags/example_short_circuit_operator.py took 0.076 seconds
[2023-03-11T20:17:50.837+0000] {processor.py:154} INFO - Started process (PID=197) to work on /home/airflow/.local/lib/python3.7/site-packages/airflow/example_dags/example_short_circuit_operator.py
[2023-03-11T20:17:50.839+0000] {processor.py:756} INFO - Processing file /home/airflow/.local/lib/python3.7/site-packages/airflow/example_dags/example_short_circuit_operator.py for tasks to queue
[2023-03-11T20:17:50.840+0000] {logging_mixin.py:137} INFO - [2023-03-11T20:17:50.840+0000] {dagbag.py:537} INFO - Filling up the DagBag from /home/airflow/.local/lib/python3.7/site-packages/airflow/example_dags/example_short_circuit_operator.py
[2023-03-11T20:17:50.851+0000] {processor.py:766} INFO - DAG(s) dict_keys(['example_short_circuit_operator']) retrieved from /home/airflow/.local/lib/python3.7/site-packages/airflow/example_dags/example_short_circuit_operator.py
[2023-03-11T20:17:50.878+0000] {logging_mixin.py:137} INFO - [2023-03-11T20:17:50.878+0000] {dag.py:2585} INFO - Sync 1 DAGs
[2023-03-11T20:17:50.895+0000] {logging_mixin.py:137} INFO - [2023-03-11T20:17:50.895+0000] {dag.py:3340} INFO - Setting next_dagrun for example_short_circuit_operator to 2023-03-10T20:17:50.895446+00:00, run_after=2023-03-11T20:17:50.895446+00:00
[2023-03-11T20:17:50.908+0000] {processor.py:176} INFO - Processing /home/airflow/.local/lib/python3.7/site-packages/airflow/example_dags/example_short_circuit_operator.py took 0.074 seconds
[2023-03-11T20:18:21.694+0000] {processor.py:154} INFO - Started process (PID=261) to work on /home/airflow/.local/lib/python3.7/site-packages/airflow/example_dags/example_short_circuit_operator.py
[2023-03-11T20:18:21.696+0000] {processor.py:756} INFO - Processing file /home/airflow/.local/lib/python3.7/site-packages/airflow/example_dags/example_short_circuit_operator.py for tasks to queue
[2023-03-11T20:18:21.699+0000] {logging_mixin.py:137} INFO - [2023-03-11T20:18:21.699+0000] {dagbag.py:537} INFO - Filling up the DagBag from /home/airflow/.local/lib/python3.7/site-packages/airflow/example_dags/example_short_circuit_operator.py
[2023-03-11T20:18:21.715+0000] {processor.py:766} INFO - DAG(s) dict_keys(['example_short_circuit_operator']) retrieved from /home/airflow/.local/lib/python3.7/site-packages/airflow/example_dags/example_short_circuit_operator.py
[2023-03-11T20:18:21.753+0000] {logging_mixin.py:137} INFO - [2023-03-11T20:18:21.753+0000] {dag.py:2585} INFO - Sync 1 DAGs
[2023-03-11T20:18:21.776+0000] {logging_mixin.py:137} INFO - [2023-03-11T20:18:21.776+0000] {dag.py:3340} INFO - Setting next_dagrun for example_short_circuit_operator to 2023-03-10T20:18:21.775975+00:00, run_after=2023-03-11T20:18:21.775975+00:00
[2023-03-11T20:18:21.789+0000] {processor.py:176} INFO - Processing /home/airflow/.local/lib/python3.7/site-packages/airflow/example_dags/example_short_circuit_operator.py took 0.098 seconds
