[2023-03-11T20:16:48.485+0000] {processor.py:154} INFO - Started process (PID=54) to work on /home/airflow/.local/lib/python3.7/site-packages/airflow/example_dags/tutorial_dag.py
[2023-03-11T20:16:48.487+0000] {processor.py:756} INFO - Processing file /home/airflow/.local/lib/python3.7/site-packages/airflow/example_dags/tutorial_dag.py for tasks to queue
[2023-03-11T20:16:48.489+0000] {logging_mixin.py:137} INFO - [2023-03-11T20:16:48.489+0000] {dagbag.py:537} INFO - Filling up the DagBag from /home/airflow/.local/lib/python3.7/site-packages/airflow/example_dags/tutorial_dag.py
[2023-03-11T20:16:48.514+0000] {processor.py:766} INFO - DAG(s) dict_keys(['tutorial_dag']) retrieved from /home/airflow/.local/lib/python3.7/site-packages/airflow/example_dags/tutorial_dag.py
[2023-03-11T20:16:48.568+0000] {logging_mixin.py:137} INFO - [2023-03-11T20:16:48.568+0000] {dag.py:2585} INFO - Sync 1 DAGs
[2023-03-11T20:16:48.597+0000] {logging_mixin.py:137} INFO - [2023-03-11T20:16:48.597+0000] {dag.py:3340} INFO - Setting next_dagrun for tutorial_dag to None, run_after=None
[2023-03-11T20:16:48.613+0000] {processor.py:176} INFO - Processing /home/airflow/.local/lib/python3.7/site-packages/airflow/example_dags/tutorial_dag.py took 0.132 seconds
[2023-03-11T20:17:18.666+0000] {processor.py:154} INFO - Started process (PID=120) to work on /home/airflow/.local/lib/python3.7/site-packages/airflow/example_dags/tutorial_dag.py
[2023-03-11T20:17:18.667+0000] {processor.py:756} INFO - Processing file /home/airflow/.local/lib/python3.7/site-packages/airflow/example_dags/tutorial_dag.py for tasks to queue
[2023-03-11T20:17:18.669+0000] {logging_mixin.py:137} INFO - [2023-03-11T20:17:18.669+0000] {dagbag.py:537} INFO - Filling up the DagBag from /home/airflow/.local/lib/python3.7/site-packages/airflow/example_dags/tutorial_dag.py
[2023-03-11T20:17:18.678+0000] {processor.py:766} INFO - DAG(s) dict_keys(['tutorial_dag']) retrieved from /home/airflow/.local/lib/python3.7/site-packages/airflow/example_dags/tutorial_dag.py
[2023-03-11T20:17:18.702+0000] {logging_mixin.py:137} INFO - [2023-03-11T20:17:18.702+0000] {dag.py:2585} INFO - Sync 1 DAGs
[2023-03-11T20:17:18.715+0000] {logging_mixin.py:137} INFO - [2023-03-11T20:17:18.715+0000] {dag.py:3340} INFO - Setting next_dagrun for tutorial_dag to None, run_after=None
[2023-03-11T20:17:18.727+0000] {processor.py:176} INFO - Processing /home/airflow/.local/lib/python3.7/site-packages/airflow/example_dags/tutorial_dag.py took 0.063 seconds
[2023-03-11T20:17:49.118+0000] {processor.py:154} INFO - Started process (PID=184) to work on /home/airflow/.local/lib/python3.7/site-packages/airflow/example_dags/tutorial_dag.py
[2023-03-11T20:17:49.120+0000] {processor.py:756} INFO - Processing file /home/airflow/.local/lib/python3.7/site-packages/airflow/example_dags/tutorial_dag.py for tasks to queue
[2023-03-11T20:17:49.122+0000] {logging_mixin.py:137} INFO - [2023-03-11T20:17:49.122+0000] {dagbag.py:537} INFO - Filling up the DagBag from /home/airflow/.local/lib/python3.7/site-packages/airflow/example_dags/tutorial_dag.py
[2023-03-11T20:17:49.131+0000] {processor.py:766} INFO - DAG(s) dict_keys(['tutorial_dag']) retrieved from /home/airflow/.local/lib/python3.7/site-packages/airflow/example_dags/tutorial_dag.py
[2023-03-11T20:17:49.156+0000] {logging_mixin.py:137} INFO - [2023-03-11T20:17:49.155+0000] {dag.py:2585} INFO - Sync 1 DAGs
[2023-03-11T20:17:49.169+0000] {logging_mixin.py:137} INFO - [2023-03-11T20:17:49.169+0000] {dag.py:3340} INFO - Setting next_dagrun for tutorial_dag to None, run_after=None
[2023-03-11T20:17:49.180+0000] {processor.py:176} INFO - Processing /home/airflow/.local/lib/python3.7/site-packages/airflow/example_dags/tutorial_dag.py took 0.064 seconds
[2023-03-11T20:18:19.879+0000] {processor.py:154} INFO - Started process (PID=248) to work on /home/airflow/.local/lib/python3.7/site-packages/airflow/example_dags/tutorial_dag.py
[2023-03-11T20:18:19.881+0000] {processor.py:756} INFO - Processing file /home/airflow/.local/lib/python3.7/site-packages/airflow/example_dags/tutorial_dag.py for tasks to queue
[2023-03-11T20:18:19.883+0000] {logging_mixin.py:137} INFO - [2023-03-11T20:18:19.883+0000] {dagbag.py:537} INFO - Filling up the DagBag from /home/airflow/.local/lib/python3.7/site-packages/airflow/example_dags/tutorial_dag.py
[2023-03-11T20:18:19.893+0000] {processor.py:766} INFO - DAG(s) dict_keys(['tutorial_dag']) retrieved from /home/airflow/.local/lib/python3.7/site-packages/airflow/example_dags/tutorial_dag.py
[2023-03-11T20:18:19.920+0000] {logging_mixin.py:137} INFO - [2023-03-11T20:18:19.920+0000] {dag.py:2585} INFO - Sync 1 DAGs
[2023-03-11T20:18:19.934+0000] {logging_mixin.py:137} INFO - [2023-03-11T20:18:19.933+0000] {dag.py:3340} INFO - Setting next_dagrun for tutorial_dag to None, run_after=None
[2023-03-11T20:18:19.944+0000] {processor.py:176} INFO - Processing /home/airflow/.local/lib/python3.7/site-packages/airflow/example_dags/tutorial_dag.py took 0.069 seconds
