[2023-05-10T07:34:16.141+0000] {processor.py:154} INFO - Started process (PID=40) to work on /home/airflow/.local/lib/python3.7/site-packages/airflow/example_dags/example_branch_python_dop_operator_3.py
[2023-05-10T07:34:16.143+0000] {processor.py:756} INFO - Processing file /home/airflow/.local/lib/python3.7/site-packages/airflow/example_dags/example_branch_python_dop_operator_3.py for tasks to queue
[2023-05-10T07:34:16.145+0000] {logging_mixin.py:137} INFO - [2023-05-10T07:34:16.145+0000] {dagbag.py:537} INFO - Filling up the DagBag from /home/airflow/.local/lib/python3.7/site-packages/airflow/example_dags/example_branch_python_dop_operator_3.py
[2023-05-10T07:34:16.176+0000] {processor.py:766} INFO - DAG(s) dict_keys(['example_branch_dop_operator_v3']) retrieved from /home/airflow/.local/lib/python3.7/site-packages/airflow/example_dags/example_branch_python_dop_operator_3.py
[2023-05-10T07:34:16.253+0000] {logging_mixin.py:137} INFO - [2023-05-10T07:34:16.253+0000] {dag.py:2585} INFO - Sync 1 DAGs
[2023-05-10T07:34:16.286+0000] {logging_mixin.py:137} INFO - [2023-05-10T07:34:16.286+0000] {dag.py:3340} INFO - Setting next_dagrun for example_branch_dop_operator_v3 to 2023-05-10T07:33:00+00:00, run_after=2023-05-10T07:34:00+00:00
[2023-05-10T07:34:16.303+0000] {processor.py:176} INFO - Processing /home/airflow/.local/lib/python3.7/site-packages/airflow/example_dags/example_branch_python_dop_operator_3.py took 0.165 seconds
[2023-05-10T07:34:47.155+0000] {processor.py:154} INFO - Started process (PID=104) to work on /home/airflow/.local/lib/python3.7/site-packages/airflow/example_dags/example_branch_python_dop_operator_3.py
[2023-05-10T07:34:47.156+0000] {processor.py:756} INFO - Processing file /home/airflow/.local/lib/python3.7/site-packages/airflow/example_dags/example_branch_python_dop_operator_3.py for tasks to queue
[2023-05-10T07:34:47.158+0000] {logging_mixin.py:137} INFO - [2023-05-10T07:34:47.158+0000] {dagbag.py:537} INFO - Filling up the DagBag from /home/airflow/.local/lib/python3.7/site-packages/airflow/example_dags/example_branch_python_dop_operator_3.py
[2023-05-10T07:34:47.179+0000] {processor.py:766} INFO - DAG(s) dict_keys(['example_branch_dop_operator_v3']) retrieved from /home/airflow/.local/lib/python3.7/site-packages/airflow/example_dags/example_branch_python_dop_operator_3.py
[2023-05-10T07:34:47.217+0000] {logging_mixin.py:137} INFO - [2023-05-10T07:34:47.217+0000] {dag.py:2585} INFO - Sync 1 DAGs
[2023-05-10T07:34:47.243+0000] {logging_mixin.py:137} INFO - [2023-05-10T07:34:47.242+0000] {dag.py:3340} INFO - Setting next_dagrun for example_branch_dop_operator_v3 to 2023-05-10T07:33:00+00:00, run_after=2023-05-10T07:34:00+00:00
[2023-05-10T07:34:47.272+0000] {processor.py:176} INFO - Processing /home/airflow/.local/lib/python3.7/site-packages/airflow/example_dags/example_branch_python_dop_operator_3.py took 0.120 seconds
[2023-05-10T07:35:18.297+0000] {processor.py:154} INFO - Started process (PID=169) to work on /home/airflow/.local/lib/python3.7/site-packages/airflow/example_dags/example_branch_python_dop_operator_3.py
[2023-05-10T07:35:18.298+0000] {processor.py:756} INFO - Processing file /home/airflow/.local/lib/python3.7/site-packages/airflow/example_dags/example_branch_python_dop_operator_3.py for tasks to queue
[2023-05-10T07:35:18.299+0000] {logging_mixin.py:137} INFO - [2023-05-10T07:35:18.299+0000] {dagbag.py:537} INFO - Filling up the DagBag from /home/airflow/.local/lib/python3.7/site-packages/airflow/example_dags/example_branch_python_dop_operator_3.py
[2023-05-10T07:35:18.314+0000] {processor.py:766} INFO - DAG(s) dict_keys(['example_branch_dop_operator_v3']) retrieved from /home/airflow/.local/lib/python3.7/site-packages/airflow/example_dags/example_branch_python_dop_operator_3.py
[2023-05-10T07:35:18.341+0000] {logging_mixin.py:137} INFO - [2023-05-10T07:35:18.341+0000] {dag.py:2585} INFO - Sync 1 DAGs
[2023-05-10T07:35:18.359+0000] {logging_mixin.py:137} INFO - [2023-05-10T07:35:18.359+0000] {dag.py:3340} INFO - Setting next_dagrun for example_branch_dop_operator_v3 to 2023-05-10T07:34:00+00:00, run_after=2023-05-10T07:35:00+00:00
[2023-05-10T07:35:18.372+0000] {processor.py:176} INFO - Processing /home/airflow/.local/lib/python3.7/site-packages/airflow/example_dags/example_branch_python_dop_operator_3.py took 0.078 seconds
[2023-05-10T07:35:49.274+0000] {processor.py:154} INFO - Started process (PID=232) to work on /home/airflow/.local/lib/python3.7/site-packages/airflow/example_dags/example_branch_python_dop_operator_3.py
[2023-05-10T07:35:49.276+0000] {processor.py:756} INFO - Processing file /home/airflow/.local/lib/python3.7/site-packages/airflow/example_dags/example_branch_python_dop_operator_3.py for tasks to queue
[2023-05-10T07:35:49.277+0000] {logging_mixin.py:137} INFO - [2023-05-10T07:35:49.277+0000] {dagbag.py:537} INFO - Filling up the DagBag from /home/airflow/.local/lib/python3.7/site-packages/airflow/example_dags/example_branch_python_dop_operator_3.py
[2023-05-10T07:35:49.295+0000] {processor.py:766} INFO - DAG(s) dict_keys(['example_branch_dop_operator_v3']) retrieved from /home/airflow/.local/lib/python3.7/site-packages/airflow/example_dags/example_branch_python_dop_operator_3.py
[2023-05-10T07:35:49.326+0000] {logging_mixin.py:137} INFO - [2023-05-10T07:35:49.326+0000] {dag.py:2585} INFO - Sync 1 DAGs
[2023-05-10T07:35:49.345+0000] {logging_mixin.py:137} INFO - [2023-05-10T07:35:49.345+0000] {dag.py:3340} INFO - Setting next_dagrun for example_branch_dop_operator_v3 to 2023-05-10T07:34:00+00:00, run_after=2023-05-10T07:35:00+00:00
[2023-05-10T07:35:49.362+0000] {processor.py:176} INFO - Processing /home/airflow/.local/lib/python3.7/site-packages/airflow/example_dags/example_branch_python_dop_operator_3.py took 0.090 seconds
[2023-05-10T07:36:19.864+0000] {processor.py:154} INFO - Started process (PID=286) to work on /home/airflow/.local/lib/python3.7/site-packages/airflow/example_dags/example_branch_python_dop_operator_3.py
[2023-05-10T07:36:19.867+0000] {processor.py:756} INFO - Processing file /home/airflow/.local/lib/python3.7/site-packages/airflow/example_dags/example_branch_python_dop_operator_3.py for tasks to queue
[2023-05-10T07:36:19.870+0000] {logging_mixin.py:137} INFO - [2023-05-10T07:36:19.870+0000] {dagbag.py:537} INFO - Filling up the DagBag from /home/airflow/.local/lib/python3.7/site-packages/airflow/example_dags/example_branch_python_dop_operator_3.py
[2023-05-10T07:36:19.892+0000] {processor.py:766} INFO - DAG(s) dict_keys(['example_branch_dop_operator_v3']) retrieved from /home/airflow/.local/lib/python3.7/site-packages/airflow/example_dags/example_branch_python_dop_operator_3.py
[2023-05-10T07:36:19.925+0000] {logging_mixin.py:137} INFO - [2023-05-10T07:36:19.925+0000] {dag.py:2585} INFO - Sync 1 DAGs
[2023-05-10T07:36:19.942+0000] {logging_mixin.py:137} INFO - [2023-05-10T07:36:19.942+0000] {dag.py:3340} INFO - Setting next_dagrun for example_branch_dop_operator_v3 to 2023-05-10T07:35:00+00:00, run_after=2023-05-10T07:36:00+00:00
[2023-05-10T07:36:19.956+0000] {processor.py:176} INFO - Processing /home/airflow/.local/lib/python3.7/site-packages/airflow/example_dags/example_branch_python_dop_operator_3.py took 0.094 seconds
[2023-05-10T07:36:51.051+0000] {processor.py:154} INFO - Started process (PID=351) to work on /home/airflow/.local/lib/python3.7/site-packages/airflow/example_dags/example_branch_python_dop_operator_3.py
[2023-05-10T07:36:51.053+0000] {processor.py:756} INFO - Processing file /home/airflow/.local/lib/python3.7/site-packages/airflow/example_dags/example_branch_python_dop_operator_3.py for tasks to queue
[2023-05-10T07:36:51.054+0000] {logging_mixin.py:137} INFO - [2023-05-10T07:36:51.054+0000] {dagbag.py:537} INFO - Filling up the DagBag from /home/airflow/.local/lib/python3.7/site-packages/airflow/example_dags/example_branch_python_dop_operator_3.py
[2023-05-10T07:36:51.068+0000] {processor.py:766} INFO - DAG(s) dict_keys(['example_branch_dop_operator_v3']) retrieved from /home/airflow/.local/lib/python3.7/site-packages/airflow/example_dags/example_branch_python_dop_operator_3.py
[2023-05-10T07:36:51.094+0000] {logging_mixin.py:137} INFO - [2023-05-10T07:36:51.094+0000] {dag.py:2585} INFO - Sync 1 DAGs
[2023-05-10T07:36:51.113+0000] {logging_mixin.py:137} INFO - [2023-05-10T07:36:51.113+0000] {dag.py:3340} INFO - Setting next_dagrun for example_branch_dop_operator_v3 to 2023-05-10T07:35:00+00:00, run_after=2023-05-10T07:36:00+00:00
[2023-05-10T07:36:51.125+0000] {processor.py:176} INFO - Processing /home/airflow/.local/lib/python3.7/site-packages/airflow/example_dags/example_branch_python_dop_operator_3.py took 0.076 seconds
[2023-05-10T07:37:21.793+0000] {processor.py:154} INFO - Started process (PID=415) to work on /home/airflow/.local/lib/python3.7/site-packages/airflow/example_dags/example_branch_python_dop_operator_3.py
[2023-05-10T07:37:21.795+0000] {processor.py:756} INFO - Processing file /home/airflow/.local/lib/python3.7/site-packages/airflow/example_dags/example_branch_python_dop_operator_3.py for tasks to queue
[2023-05-10T07:37:21.796+0000] {logging_mixin.py:137} INFO - [2023-05-10T07:37:21.796+0000] {dagbag.py:537} INFO - Filling up the DagBag from /home/airflow/.local/lib/python3.7/site-packages/airflow/example_dags/example_branch_python_dop_operator_3.py
[2023-05-10T07:37:21.811+0000] {processor.py:766} INFO - DAG(s) dict_keys(['example_branch_dop_operator_v3']) retrieved from /home/airflow/.local/lib/python3.7/site-packages/airflow/example_dags/example_branch_python_dop_operator_3.py
[2023-05-10T07:37:21.838+0000] {logging_mixin.py:137} INFO - [2023-05-10T07:37:21.837+0000] {dag.py:2585} INFO - Sync 1 DAGs
[2023-05-10T07:37:21.855+0000] {logging_mixin.py:137} INFO - [2023-05-10T07:37:21.855+0000] {dag.py:3340} INFO - Setting next_dagrun for example_branch_dop_operator_v3 to 2023-05-10T07:36:00+00:00, run_after=2023-05-10T07:37:00+00:00
[2023-05-10T07:37:21.869+0000] {processor.py:176} INFO - Processing /home/airflow/.local/lib/python3.7/site-packages/airflow/example_dags/example_branch_python_dop_operator_3.py took 0.078 seconds
[2023-05-10T07:37:52.312+0000] {processor.py:154} INFO - Started process (PID=477) to work on /home/airflow/.local/lib/python3.7/site-packages/airflow/example_dags/example_branch_python_dop_operator_3.py
[2023-05-10T07:37:52.313+0000] {processor.py:756} INFO - Processing file /home/airflow/.local/lib/python3.7/site-packages/airflow/example_dags/example_branch_python_dop_operator_3.py for tasks to queue
[2023-05-10T07:37:52.314+0000] {logging_mixin.py:137} INFO - [2023-05-10T07:37:52.314+0000] {dagbag.py:537} INFO - Filling up the DagBag from /home/airflow/.local/lib/python3.7/site-packages/airflow/example_dags/example_branch_python_dop_operator_3.py
[2023-05-10T07:37:52.329+0000] {processor.py:766} INFO - DAG(s) dict_keys(['example_branch_dop_operator_v3']) retrieved from /home/airflow/.local/lib/python3.7/site-packages/airflow/example_dags/example_branch_python_dop_operator_3.py
[2023-05-10T07:37:52.355+0000] {logging_mixin.py:137} INFO - [2023-05-10T07:37:52.355+0000] {dag.py:2585} INFO - Sync 1 DAGs
[2023-05-10T07:37:52.373+0000] {logging_mixin.py:137} INFO - [2023-05-10T07:37:52.373+0000] {dag.py:3340} INFO - Setting next_dagrun for example_branch_dop_operator_v3 to 2023-05-10T07:36:00+00:00, run_after=2023-05-10T07:37:00+00:00
[2023-05-10T07:37:52.384+0000] {processor.py:176} INFO - Processing /home/airflow/.local/lib/python3.7/site-packages/airflow/example_dags/example_branch_python_dop_operator_3.py took 0.075 seconds
