[2023-05-10T07:34:18.703+0000] {processor.py:154} INFO - Started process (PID=63) to work on /home/airflow/.local/lib/python3.7/site-packages/airflow/example_dags/example_complex.py
[2023-05-10T07:34:18.708+0000] {processor.py:756} INFO - Processing file /home/airflow/.local/lib/python3.7/site-packages/airflow/example_dags/example_complex.py for tasks to queue
[2023-05-10T07:34:18.711+0000] {logging_mixin.py:137} INFO - [2023-05-10T07:34:18.710+0000] {dagbag.py:537} INFO - Filling up the DagBag from /home/airflow/.local/lib/python3.7/site-packages/airflow/example_dags/example_complex.py
[2023-05-10T07:34:18.722+0000] {logging_mixin.py:137} INFO - [2023-05-10T07:34:18.722+0000] {taskmixin.py:205} WARNING - Dependency <Task(BashOperator): create_entry_group>, delete_entry_group already registered for DAG: example_complex
[2023-05-10T07:34:18.723+0000] {logging_mixin.py:137} INFO - [2023-05-10T07:34:18.723+0000] {taskmixin.py:205} WARNING - Dependency <Task(BashOperator): delete_entry_group>, create_entry_group already registered for DAG: example_complex
[2023-05-10T07:34:18.725+0000] {logging_mixin.py:137} INFO - [2023-05-10T07:34:18.725+0000] {taskmixin.py:205} WARNING - Dependency <Task(BashOperator): create_entry_gcs>, delete_entry already registered for DAG: example_complex
[2023-05-10T07:34:18.727+0000] {logging_mixin.py:137} INFO - [2023-05-10T07:34:18.727+0000] {taskmixin.py:205} WARNING - Dependency <Task(BashOperator): delete_entry>, create_entry_gcs already registered for DAG: example_complex
[2023-05-10T07:34:18.728+0000] {logging_mixin.py:137} INFO - [2023-05-10T07:34:18.728+0000] {taskmixin.py:205} WARNING - Dependency <Task(BashOperator): create_tag>, delete_tag already registered for DAG: example_complex
[2023-05-10T07:34:18.731+0000] {logging_mixin.py:137} INFO - [2023-05-10T07:34:18.731+0000] {taskmixin.py:205} WARNING - Dependency <Task(BashOperator): delete_tag>, create_tag already registered for DAG: example_complex
[2023-05-10T07:34:18.757+0000] {processor.py:766} INFO - DAG(s) dict_keys(['example_complex']) retrieved from /home/airflow/.local/lib/python3.7/site-packages/airflow/example_dags/example_complex.py
[2023-05-10T07:34:18.863+0000] {logging_mixin.py:137} INFO - [2023-05-10T07:34:18.863+0000] {dag.py:2585} INFO - Sync 1 DAGs
[2023-05-10T07:34:18.880+0000] {logging_mixin.py:137} INFO - [2023-05-10T07:34:18.880+0000] {dag.py:3340} INFO - Setting next_dagrun for example_complex to None, run_after=None
[2023-05-10T07:34:18.893+0000] {processor.py:176} INFO - Processing /home/airflow/.local/lib/python3.7/site-packages/airflow/example_dags/example_complex.py took 0.194 seconds
[2023-05-10T07:34:48.954+0000] {processor.py:154} INFO - Started process (PID=127) to work on /home/airflow/.local/lib/python3.7/site-packages/airflow/example_dags/example_complex.py
[2023-05-10T07:34:48.956+0000] {processor.py:756} INFO - Processing file /home/airflow/.local/lib/python3.7/site-packages/airflow/example_dags/example_complex.py for tasks to queue
[2023-05-10T07:34:48.957+0000] {logging_mixin.py:137} INFO - [2023-05-10T07:34:48.957+0000] {dagbag.py:537} INFO - Filling up the DagBag from /home/airflow/.local/lib/python3.7/site-packages/airflow/example_dags/example_complex.py
[2023-05-10T07:34:48.964+0000] {logging_mixin.py:137} INFO - [2023-05-10T07:34:48.964+0000] {taskmixin.py:205} WARNING - Dependency <Task(BashOperator): create_entry_group>, delete_entry_group already registered for DAG: example_complex
[2023-05-10T07:34:48.965+0000] {logging_mixin.py:137} INFO - [2023-05-10T07:34:48.965+0000] {taskmixin.py:205} WARNING - Dependency <Task(BashOperator): delete_entry_group>, create_entry_group already registered for DAG: example_complex
[2023-05-10T07:34:48.967+0000] {logging_mixin.py:137} INFO - [2023-05-10T07:34:48.966+0000] {taskmixin.py:205} WARNING - Dependency <Task(BashOperator): create_entry_gcs>, delete_entry already registered for DAG: example_complex
[2023-05-10T07:34:48.968+0000] {logging_mixin.py:137} INFO - [2023-05-10T07:34:48.968+0000] {taskmixin.py:205} WARNING - Dependency <Task(BashOperator): delete_entry>, create_entry_gcs already registered for DAG: example_complex
[2023-05-10T07:34:48.971+0000] {logging_mixin.py:137} INFO - [2023-05-10T07:34:48.971+0000] {taskmixin.py:205} WARNING - Dependency <Task(BashOperator): create_tag>, delete_tag already registered for DAG: example_complex
[2023-05-10T07:34:48.972+0000] {logging_mixin.py:137} INFO - [2023-05-10T07:34:48.972+0000] {taskmixin.py:205} WARNING - Dependency <Task(BashOperator): delete_tag>, create_tag already registered for DAG: example_complex
[2023-05-10T07:34:48.978+0000] {processor.py:766} INFO - DAG(s) dict_keys(['example_complex']) retrieved from /home/airflow/.local/lib/python3.7/site-packages/airflow/example_dags/example_complex.py
[2023-05-10T07:34:49.010+0000] {logging_mixin.py:137} INFO - [2023-05-10T07:34:49.010+0000] {dag.py:2585} INFO - Sync 1 DAGs
[2023-05-10T07:34:49.026+0000] {logging_mixin.py:137} INFO - [2023-05-10T07:34:49.026+0000] {dag.py:3340} INFO - Setting next_dagrun for example_complex to None, run_after=None
[2023-05-10T07:34:49.039+0000] {processor.py:176} INFO - Processing /home/airflow/.local/lib/python3.7/site-packages/airflow/example_dags/example_complex.py took 0.088 seconds
[2023-05-10T07:35:20.001+0000] {processor.py:154} INFO - Started process (PID=192) to work on /home/airflow/.local/lib/python3.7/site-packages/airflow/example_dags/example_complex.py
[2023-05-10T07:35:20.005+0000] {processor.py:756} INFO - Processing file /home/airflow/.local/lib/python3.7/site-packages/airflow/example_dags/example_complex.py for tasks to queue
[2023-05-10T07:35:20.007+0000] {logging_mixin.py:137} INFO - [2023-05-10T07:35:20.006+0000] {dagbag.py:537} INFO - Filling up the DagBag from /home/airflow/.local/lib/python3.7/site-packages/airflow/example_dags/example_complex.py
[2023-05-10T07:35:20.015+0000] {logging_mixin.py:137} INFO - [2023-05-10T07:35:20.015+0000] {taskmixin.py:205} WARNING - Dependency <Task(BashOperator): create_entry_group>, delete_entry_group already registered for DAG: example_complex
[2023-05-10T07:35:20.017+0000] {logging_mixin.py:137} INFO - [2023-05-10T07:35:20.017+0000] {taskmixin.py:205} WARNING - Dependency <Task(BashOperator): delete_entry_group>, create_entry_group already registered for DAG: example_complex
[2023-05-10T07:35:20.018+0000] {logging_mixin.py:137} INFO - [2023-05-10T07:35:20.018+0000] {taskmixin.py:205} WARNING - Dependency <Task(BashOperator): create_entry_gcs>, delete_entry already registered for DAG: example_complex
[2023-05-10T07:35:20.019+0000] {logging_mixin.py:137} INFO - [2023-05-10T07:35:20.019+0000] {taskmixin.py:205} WARNING - Dependency <Task(BashOperator): delete_entry>, create_entry_gcs already registered for DAG: example_complex
[2023-05-10T07:35:20.020+0000] {logging_mixin.py:137} INFO - [2023-05-10T07:35:20.020+0000] {taskmixin.py:205} WARNING - Dependency <Task(BashOperator): create_tag>, delete_tag already registered for DAG: example_complex
[2023-05-10T07:35:20.021+0000] {logging_mixin.py:137} INFO - [2023-05-10T07:35:20.021+0000] {taskmixin.py:205} WARNING - Dependency <Task(BashOperator): delete_tag>, create_tag already registered for DAG: example_complex
[2023-05-10T07:35:20.027+0000] {processor.py:766} INFO - DAG(s) dict_keys(['example_complex']) retrieved from /home/airflow/.local/lib/python3.7/site-packages/airflow/example_dags/example_complex.py
[2023-05-10T07:35:20.061+0000] {logging_mixin.py:137} INFO - [2023-05-10T07:35:20.060+0000] {dag.py:2585} INFO - Sync 1 DAGs
[2023-05-10T07:35:20.079+0000] {logging_mixin.py:137} INFO - [2023-05-10T07:35:20.079+0000] {dag.py:3340} INFO - Setting next_dagrun for example_complex to None, run_after=None
[2023-05-10T07:35:20.091+0000] {processor.py:176} INFO - Processing /home/airflow/.local/lib/python3.7/site-packages/airflow/example_dags/example_complex.py took 0.093 seconds
[2023-05-10T07:35:50.646+0000] {processor.py:154} INFO - Started process (PID=255) to work on /home/airflow/.local/lib/python3.7/site-packages/airflow/example_dags/example_complex.py
[2023-05-10T07:35:50.648+0000] {processor.py:756} INFO - Processing file /home/airflow/.local/lib/python3.7/site-packages/airflow/example_dags/example_complex.py for tasks to queue
[2023-05-10T07:35:50.650+0000] {logging_mixin.py:137} INFO - [2023-05-10T07:35:50.650+0000] {dagbag.py:537} INFO - Filling up the DagBag from /home/airflow/.local/lib/python3.7/site-packages/airflow/example_dags/example_complex.py
[2023-05-10T07:35:50.657+0000] {logging_mixin.py:137} INFO - [2023-05-10T07:35:50.657+0000] {taskmixin.py:205} WARNING - Dependency <Task(BashOperator): create_entry_group>, delete_entry_group already registered for DAG: example_complex
[2023-05-10T07:35:50.659+0000] {logging_mixin.py:137} INFO - [2023-05-10T07:35:50.659+0000] {taskmixin.py:205} WARNING - Dependency <Task(BashOperator): delete_entry_group>, create_entry_group already registered for DAG: example_complex
[2023-05-10T07:35:50.660+0000] {logging_mixin.py:137} INFO - [2023-05-10T07:35:50.660+0000] {taskmixin.py:205} WARNING - Dependency <Task(BashOperator): create_entry_gcs>, delete_entry already registered for DAG: example_complex
[2023-05-10T07:35:50.662+0000] {logging_mixin.py:137} INFO - [2023-05-10T07:35:50.661+0000] {taskmixin.py:205} WARNING - Dependency <Task(BashOperator): delete_entry>, create_entry_gcs already registered for DAG: example_complex
[2023-05-10T07:35:50.662+0000] {logging_mixin.py:137} INFO - [2023-05-10T07:35:50.662+0000] {taskmixin.py:205} WARNING - Dependency <Task(BashOperator): create_tag>, delete_tag already registered for DAG: example_complex
[2023-05-10T07:35:50.663+0000] {logging_mixin.py:137} INFO - [2023-05-10T07:35:50.663+0000] {taskmixin.py:205} WARNING - Dependency <Task(BashOperator): delete_tag>, create_tag already registered for DAG: example_complex
[2023-05-10T07:35:50.669+0000] {processor.py:766} INFO - DAG(s) dict_keys(['example_complex']) retrieved from /home/airflow/.local/lib/python3.7/site-packages/airflow/example_dags/example_complex.py
[2023-05-10T07:35:50.707+0000] {logging_mixin.py:137} INFO - [2023-05-10T07:35:50.707+0000] {dag.py:2585} INFO - Sync 1 DAGs
[2023-05-10T07:35:50.722+0000] {logging_mixin.py:137} INFO - [2023-05-10T07:35:50.722+0000] {dag.py:3340} INFO - Setting next_dagrun for example_complex to None, run_after=None
[2023-05-10T07:35:50.734+0000] {processor.py:176} INFO - Processing /home/airflow/.local/lib/python3.7/site-packages/airflow/example_dags/example_complex.py took 0.090 seconds
[2023-05-10T07:36:21.809+0000] {processor.py:154} INFO - Started process (PID=318) to work on /home/airflow/.local/lib/python3.7/site-packages/airflow/example_dags/example_complex.py
[2023-05-10T07:36:21.810+0000] {processor.py:756} INFO - Processing file /home/airflow/.local/lib/python3.7/site-packages/airflow/example_dags/example_complex.py for tasks to queue
[2023-05-10T07:36:21.811+0000] {logging_mixin.py:137} INFO - [2023-05-10T07:36:21.811+0000] {dagbag.py:537} INFO - Filling up the DagBag from /home/airflow/.local/lib/python3.7/site-packages/airflow/example_dags/example_complex.py
[2023-05-10T07:36:21.820+0000] {logging_mixin.py:137} INFO - [2023-05-10T07:36:21.820+0000] {taskmixin.py:205} WARNING - Dependency <Task(BashOperator): create_entry_group>, delete_entry_group already registered for DAG: example_complex
[2023-05-10T07:36:21.822+0000] {logging_mixin.py:137} INFO - [2023-05-10T07:36:21.822+0000] {taskmixin.py:205} WARNING - Dependency <Task(BashOperator): delete_entry_group>, create_entry_group already registered for DAG: example_complex
[2023-05-10T07:36:21.823+0000] {logging_mixin.py:137} INFO - [2023-05-10T07:36:21.823+0000] {taskmixin.py:205} WARNING - Dependency <Task(BashOperator): create_entry_gcs>, delete_entry already registered for DAG: example_complex
[2023-05-10T07:36:21.824+0000] {logging_mixin.py:137} INFO - [2023-05-10T07:36:21.824+0000] {taskmixin.py:205} WARNING - Dependency <Task(BashOperator): delete_entry>, create_entry_gcs already registered for DAG: example_complex
[2023-05-10T07:36:21.826+0000] {logging_mixin.py:137} INFO - [2023-05-10T07:36:21.825+0000] {taskmixin.py:205} WARNING - Dependency <Task(BashOperator): create_tag>, delete_tag already registered for DAG: example_complex
[2023-05-10T07:36:21.827+0000] {logging_mixin.py:137} INFO - [2023-05-10T07:36:21.827+0000] {taskmixin.py:205} WARNING - Dependency <Task(BashOperator): delete_tag>, create_tag already registered for DAG: example_complex
[2023-05-10T07:36:21.833+0000] {processor.py:766} INFO - DAG(s) dict_keys(['example_complex']) retrieved from /home/airflow/.local/lib/python3.7/site-packages/airflow/example_dags/example_complex.py
[2023-05-10T07:36:21.868+0000] {logging_mixin.py:137} INFO - [2023-05-10T07:36:21.868+0000] {dag.py:2585} INFO - Sync 1 DAGs
[2023-05-10T07:36:21.885+0000] {logging_mixin.py:137} INFO - [2023-05-10T07:36:21.885+0000] {dag.py:3340} INFO - Setting next_dagrun for example_complex to None, run_after=None
[2023-05-10T07:36:21.902+0000] {processor.py:176} INFO - Processing /home/airflow/.local/lib/python3.7/site-packages/airflow/example_dags/example_complex.py took 0.096 seconds
[2023-05-10T07:36:52.636+0000] {processor.py:154} INFO - Started process (PID=374) to work on /home/airflow/.local/lib/python3.7/site-packages/airflow/example_dags/example_complex.py
[2023-05-10T07:36:52.639+0000] {processor.py:756} INFO - Processing file /home/airflow/.local/lib/python3.7/site-packages/airflow/example_dags/example_complex.py for tasks to queue
[2023-05-10T07:36:52.640+0000] {logging_mixin.py:137} INFO - [2023-05-10T07:36:52.640+0000] {dagbag.py:537} INFO - Filling up the DagBag from /home/airflow/.local/lib/python3.7/site-packages/airflow/example_dags/example_complex.py
[2023-05-10T07:36:52.652+0000] {logging_mixin.py:137} INFO - [2023-05-10T07:36:52.651+0000] {taskmixin.py:205} WARNING - Dependency <Task(BashOperator): create_entry_group>, delete_entry_group already registered for DAG: example_complex
[2023-05-10T07:36:52.653+0000] {logging_mixin.py:137} INFO - [2023-05-10T07:36:52.653+0000] {taskmixin.py:205} WARNING - Dependency <Task(BashOperator): delete_entry_group>, create_entry_group already registered for DAG: example_complex
[2023-05-10T07:36:52.655+0000] {logging_mixin.py:137} INFO - [2023-05-10T07:36:52.655+0000] {taskmixin.py:205} WARNING - Dependency <Task(BashOperator): create_entry_gcs>, delete_entry already registered for DAG: example_complex
[2023-05-10T07:36:52.657+0000] {logging_mixin.py:137} INFO - [2023-05-10T07:36:52.657+0000] {taskmixin.py:205} WARNING - Dependency <Task(BashOperator): delete_entry>, create_entry_gcs already registered for DAG: example_complex
[2023-05-10T07:36:52.660+0000] {logging_mixin.py:137} INFO - [2023-05-10T07:36:52.659+0000] {taskmixin.py:205} WARNING - Dependency <Task(BashOperator): create_tag>, delete_tag already registered for DAG: example_complex
[2023-05-10T07:36:52.661+0000] {logging_mixin.py:137} INFO - [2023-05-10T07:36:52.661+0000] {taskmixin.py:205} WARNING - Dependency <Task(BashOperator): delete_tag>, create_tag already registered for DAG: example_complex
[2023-05-10T07:36:52.670+0000] {processor.py:766} INFO - DAG(s) dict_keys(['example_complex']) retrieved from /home/airflow/.local/lib/python3.7/site-packages/airflow/example_dags/example_complex.py
[2023-05-10T07:36:52.704+0000] {logging_mixin.py:137} INFO - [2023-05-10T07:36:52.704+0000] {dag.py:2585} INFO - Sync 1 DAGs
[2023-05-10T07:36:52.723+0000] {logging_mixin.py:137} INFO - [2023-05-10T07:36:52.723+0000] {dag.py:3340} INFO - Setting next_dagrun for example_complex to None, run_after=None
[2023-05-10T07:36:52.735+0000] {processor.py:176} INFO - Processing /home/airflow/.local/lib/python3.7/site-packages/airflow/example_dags/example_complex.py took 0.101 seconds
[2023-05-10T07:37:23.071+0000] {processor.py:154} INFO - Started process (PID=438) to work on /home/airflow/.local/lib/python3.7/site-packages/airflow/example_dags/example_complex.py
[2023-05-10T07:37:23.073+0000] {processor.py:756} INFO - Processing file /home/airflow/.local/lib/python3.7/site-packages/airflow/example_dags/example_complex.py for tasks to queue
[2023-05-10T07:37:23.074+0000] {logging_mixin.py:137} INFO - [2023-05-10T07:37:23.074+0000] {dagbag.py:537} INFO - Filling up the DagBag from /home/airflow/.local/lib/python3.7/site-packages/airflow/example_dags/example_complex.py
[2023-05-10T07:37:23.083+0000] {logging_mixin.py:137} INFO - [2023-05-10T07:37:23.082+0000] {taskmixin.py:205} WARNING - Dependency <Task(BashOperator): create_entry_group>, delete_entry_group already registered for DAG: example_complex
[2023-05-10T07:37:23.083+0000] {logging_mixin.py:137} INFO - [2023-05-10T07:37:23.083+0000] {taskmixin.py:205} WARNING - Dependency <Task(BashOperator): delete_entry_group>, create_entry_group already registered for DAG: example_complex
[2023-05-10T07:37:23.085+0000] {logging_mixin.py:137} INFO - [2023-05-10T07:37:23.085+0000] {taskmixin.py:205} WARNING - Dependency <Task(BashOperator): create_entry_gcs>, delete_entry already registered for DAG: example_complex
[2023-05-10T07:37:23.086+0000] {logging_mixin.py:137} INFO - [2023-05-10T07:37:23.086+0000] {taskmixin.py:205} WARNING - Dependency <Task(BashOperator): delete_entry>, create_entry_gcs already registered for DAG: example_complex
[2023-05-10T07:37:23.087+0000] {logging_mixin.py:137} INFO - [2023-05-10T07:37:23.087+0000] {taskmixin.py:205} WARNING - Dependency <Task(BashOperator): create_tag>, delete_tag already registered for DAG: example_complex
[2023-05-10T07:37:23.088+0000] {logging_mixin.py:137} INFO - [2023-05-10T07:37:23.088+0000] {taskmixin.py:205} WARNING - Dependency <Task(BashOperator): delete_tag>, create_tag already registered for DAG: example_complex
[2023-05-10T07:37:23.095+0000] {processor.py:766} INFO - DAG(s) dict_keys(['example_complex']) retrieved from /home/airflow/.local/lib/python3.7/site-packages/airflow/example_dags/example_complex.py
[2023-05-10T07:37:23.126+0000] {logging_mixin.py:137} INFO - [2023-05-10T07:37:23.125+0000] {dag.py:2585} INFO - Sync 1 DAGs
[2023-05-10T07:37:23.141+0000] {logging_mixin.py:137} INFO - [2023-05-10T07:37:23.141+0000] {dag.py:3340} INFO - Setting next_dagrun for example_complex to None, run_after=None
[2023-05-10T07:37:23.156+0000] {processor.py:176} INFO - Processing /home/airflow/.local/lib/python3.7/site-packages/airflow/example_dags/example_complex.py took 0.087 seconds
[2023-05-10T07:37:53.675+0000] {processor.py:154} INFO - Started process (PID=500) to work on /home/airflow/.local/lib/python3.7/site-packages/airflow/example_dags/example_complex.py
[2023-05-10T07:37:53.677+0000] {processor.py:756} INFO - Processing file /home/airflow/.local/lib/python3.7/site-packages/airflow/example_dags/example_complex.py for tasks to queue
[2023-05-10T07:37:53.679+0000] {logging_mixin.py:137} INFO - [2023-05-10T07:37:53.679+0000] {dagbag.py:537} INFO - Filling up the DagBag from /home/airflow/.local/lib/python3.7/site-packages/airflow/example_dags/example_complex.py
[2023-05-10T07:37:53.686+0000] {logging_mixin.py:137} INFO - [2023-05-10T07:37:53.686+0000] {taskmixin.py:205} WARNING - Dependency <Task(BashOperator): create_entry_group>, delete_entry_group already registered for DAG: example_complex
[2023-05-10T07:37:53.687+0000] {logging_mixin.py:137} INFO - [2023-05-10T07:37:53.687+0000] {taskmixin.py:205} WARNING - Dependency <Task(BashOperator): delete_entry_group>, create_entry_group already registered for DAG: example_complex
[2023-05-10T07:37:53.688+0000] {logging_mixin.py:137} INFO - [2023-05-10T07:37:53.688+0000] {taskmixin.py:205} WARNING - Dependency <Task(BashOperator): create_entry_gcs>, delete_entry already registered for DAG: example_complex
[2023-05-10T07:37:53.690+0000] {logging_mixin.py:137} INFO - [2023-05-10T07:37:53.689+0000] {taskmixin.py:205} WARNING - Dependency <Task(BashOperator): delete_entry>, create_entry_gcs already registered for DAG: example_complex
[2023-05-10T07:37:53.693+0000] {logging_mixin.py:137} INFO - [2023-05-10T07:37:53.693+0000] {taskmixin.py:205} WARNING - Dependency <Task(BashOperator): create_tag>, delete_tag already registered for DAG: example_complex
[2023-05-10T07:37:53.694+0000] {logging_mixin.py:137} INFO - [2023-05-10T07:37:53.694+0000] {taskmixin.py:205} WARNING - Dependency <Task(BashOperator): delete_tag>, create_tag already registered for DAG: example_complex
[2023-05-10T07:37:53.700+0000] {processor.py:766} INFO - DAG(s) dict_keys(['example_complex']) retrieved from /home/airflow/.local/lib/python3.7/site-packages/airflow/example_dags/example_complex.py
[2023-05-10T07:37:53.730+0000] {logging_mixin.py:137} INFO - [2023-05-10T07:37:53.730+0000] {dag.py:2585} INFO - Sync 1 DAGs
[2023-05-10T07:37:53.744+0000] {logging_mixin.py:137} INFO - [2023-05-10T07:37:53.744+0000] {dag.py:3340} INFO - Setting next_dagrun for example_complex to None, run_after=None
[2023-05-10T07:37:53.755+0000] {processor.py:176} INFO - Processing /home/airflow/.local/lib/python3.7/site-packages/airflow/example_dags/example_complex.py took 0.081 seconds
