[2023-05-10T07:34:17.581+0000] {processor.py:154} INFO - Started process (PID=53) to work on /home/airflow/.local/lib/python3.7/site-packages/airflow/example_dags/example_branch_operator.py
[2023-05-10T07:34:17.586+0000] {processor.py:756} INFO - Processing file /home/airflow/.local/lib/python3.7/site-packages/airflow/example_dags/example_branch_operator.py for tasks to queue
[2023-05-10T07:34:17.588+0000] {logging_mixin.py:137} INFO - [2023-05-10T07:34:17.588+0000] {dagbag.py:537} INFO - Filling up the DagBag from /home/airflow/.local/lib/python3.7/site-packages/airflow/example_dags/example_branch_operator.py
[2023-05-10T07:34:17.635+0000] {processor.py:766} INFO - DAG(s) dict_keys(['example_branch_operator']) retrieved from /home/airflow/.local/lib/python3.7/site-packages/airflow/example_dags/example_branch_operator.py
[2023-05-10T07:34:17.685+0000] {logging_mixin.py:137} INFO - [2023-05-10T07:34:17.684+0000] {dag.py:2585} INFO - Sync 1 DAGs
[2023-05-10T07:34:17.708+0000] {logging_mixin.py:137} INFO - [2023-05-10T07:34:17.707+0000] {dag.py:3340} INFO - Setting next_dagrun for example_branch_operator to 2023-05-09T00:00:00+00:00, run_after=2023-05-10T00:00:00+00:00
[2023-05-10T07:34:17.733+0000] {processor.py:176} INFO - Processing /home/airflow/.local/lib/python3.7/site-packages/airflow/example_dags/example_branch_operator.py took 0.156 seconds
[2023-05-10T07:34:48.049+0000] {processor.py:154} INFO - Started process (PID=117) to work on /home/airflow/.local/lib/python3.7/site-packages/airflow/example_dags/example_branch_operator.py
[2023-05-10T07:34:48.051+0000] {processor.py:756} INFO - Processing file /home/airflow/.local/lib/python3.7/site-packages/airflow/example_dags/example_branch_operator.py for tasks to queue
[2023-05-10T07:34:48.053+0000] {logging_mixin.py:137} INFO - [2023-05-10T07:34:48.053+0000] {dagbag.py:537} INFO - Filling up the DagBag from /home/airflow/.local/lib/python3.7/site-packages/airflow/example_dags/example_branch_operator.py
[2023-05-10T07:34:48.067+0000] {processor.py:766} INFO - DAG(s) dict_keys(['example_branch_operator']) retrieved from /home/airflow/.local/lib/python3.7/site-packages/airflow/example_dags/example_branch_operator.py
[2023-05-10T07:34:48.102+0000] {logging_mixin.py:137} INFO - [2023-05-10T07:34:48.102+0000] {dag.py:2585} INFO - Sync 1 DAGs
[2023-05-10T07:34:48.120+0000] {logging_mixin.py:137} INFO - [2023-05-10T07:34:48.120+0000] {dag.py:3340} INFO - Setting next_dagrun for example_branch_operator to 2023-05-09T00:00:00+00:00, run_after=2023-05-10T00:00:00+00:00
[2023-05-10T07:34:48.135+0000] {processor.py:176} INFO - Processing /home/airflow/.local/lib/python3.7/site-packages/airflow/example_dags/example_branch_operator.py took 0.089 seconds
[2023-05-10T07:35:19.134+0000] {processor.py:154} INFO - Started process (PID=182) to work on /home/airflow/.local/lib/python3.7/site-packages/airflow/example_dags/example_branch_operator.py
[2023-05-10T07:35:19.136+0000] {processor.py:756} INFO - Processing file /home/airflow/.local/lib/python3.7/site-packages/airflow/example_dags/example_branch_operator.py for tasks to queue
[2023-05-10T07:35:19.138+0000] {logging_mixin.py:137} INFO - [2023-05-10T07:35:19.138+0000] {dagbag.py:537} INFO - Filling up the DagBag from /home/airflow/.local/lib/python3.7/site-packages/airflow/example_dags/example_branch_operator.py
[2023-05-10T07:35:19.148+0000] {processor.py:766} INFO - DAG(s) dict_keys(['example_branch_operator']) retrieved from /home/airflow/.local/lib/python3.7/site-packages/airflow/example_dags/example_branch_operator.py
[2023-05-10T07:35:19.176+0000] {logging_mixin.py:137} INFO - [2023-05-10T07:35:19.176+0000] {dag.py:2585} INFO - Sync 1 DAGs
[2023-05-10T07:35:19.194+0000] {logging_mixin.py:137} INFO - [2023-05-10T07:35:19.194+0000] {dag.py:3340} INFO - Setting next_dagrun for example_branch_operator to 2023-05-09T00:00:00+00:00, run_after=2023-05-10T00:00:00+00:00
[2023-05-10T07:35:19.206+0000] {processor.py:176} INFO - Processing /home/airflow/.local/lib/python3.7/site-packages/airflow/example_dags/example_branch_operator.py took 0.075 seconds
[2023-05-10T07:35:50.051+0000] {processor.py:154} INFO - Started process (PID=245) to work on /home/airflow/.local/lib/python3.7/site-packages/airflow/example_dags/example_branch_operator.py
[2023-05-10T07:35:50.053+0000] {processor.py:756} INFO - Processing file /home/airflow/.local/lib/python3.7/site-packages/airflow/example_dags/example_branch_operator.py for tasks to queue
[2023-05-10T07:35:50.054+0000] {logging_mixin.py:137} INFO - [2023-05-10T07:35:50.054+0000] {dagbag.py:537} INFO - Filling up the DagBag from /home/airflow/.local/lib/python3.7/site-packages/airflow/example_dags/example_branch_operator.py
[2023-05-10T07:35:50.064+0000] {processor.py:766} INFO - DAG(s) dict_keys(['example_branch_operator']) retrieved from /home/airflow/.local/lib/python3.7/site-packages/airflow/example_dags/example_branch_operator.py
[2023-05-10T07:35:50.092+0000] {logging_mixin.py:137} INFO - [2023-05-10T07:35:50.092+0000] {dag.py:2585} INFO - Sync 1 DAGs
[2023-05-10T07:35:50.106+0000] {logging_mixin.py:137} INFO - [2023-05-10T07:35:50.106+0000] {dag.py:3340} INFO - Setting next_dagrun for example_branch_operator to 2023-05-09T00:00:00+00:00, run_after=2023-05-10T00:00:00+00:00
[2023-05-10T07:35:50.121+0000] {processor.py:176} INFO - Processing /home/airflow/.local/lib/python3.7/site-packages/airflow/example_dags/example_branch_operator.py took 0.072 seconds
[2023-05-10T07:36:21.062+0000] {processor.py:154} INFO - Started process (PID=308) to work on /home/airflow/.local/lib/python3.7/site-packages/airflow/example_dags/example_branch_operator.py
[2023-05-10T07:36:21.067+0000] {processor.py:756} INFO - Processing file /home/airflow/.local/lib/python3.7/site-packages/airflow/example_dags/example_branch_operator.py for tasks to queue
[2023-05-10T07:36:21.069+0000] {logging_mixin.py:137} INFO - [2023-05-10T07:36:21.069+0000] {dagbag.py:537} INFO - Filling up the DagBag from /home/airflow/.local/lib/python3.7/site-packages/airflow/example_dags/example_branch_operator.py
[2023-05-10T07:36:21.095+0000] {processor.py:766} INFO - DAG(s) dict_keys(['example_branch_operator']) retrieved from /home/airflow/.local/lib/python3.7/site-packages/airflow/example_dags/example_branch_operator.py
[2023-05-10T07:36:21.130+0000] {logging_mixin.py:137} INFO - [2023-05-10T07:36:21.130+0000] {dag.py:2585} INFO - Sync 1 DAGs
[2023-05-10T07:36:21.149+0000] {logging_mixin.py:137} INFO - [2023-05-10T07:36:21.149+0000] {dag.py:3340} INFO - Setting next_dagrun for example_branch_operator to 2023-05-09T00:00:00+00:00, run_after=2023-05-10T00:00:00+00:00
[2023-05-10T07:36:21.165+0000] {processor.py:176} INFO - Processing /home/airflow/.local/lib/python3.7/site-packages/airflow/example_dags/example_branch_operator.py took 0.108 seconds
[2023-05-10T07:36:51.922+0000] {processor.py:154} INFO - Started process (PID=364) to work on /home/airflow/.local/lib/python3.7/site-packages/airflow/example_dags/example_branch_operator.py
[2023-05-10T07:36:51.924+0000] {processor.py:756} INFO - Processing file /home/airflow/.local/lib/python3.7/site-packages/airflow/example_dags/example_branch_operator.py for tasks to queue
[2023-05-10T07:36:51.926+0000] {logging_mixin.py:137} INFO - [2023-05-10T07:36:51.926+0000] {dagbag.py:537} INFO - Filling up the DagBag from /home/airflow/.local/lib/python3.7/site-packages/airflow/example_dags/example_branch_operator.py
[2023-05-10T07:36:51.939+0000] {processor.py:766} INFO - DAG(s) dict_keys(['example_branch_operator']) retrieved from /home/airflow/.local/lib/python3.7/site-packages/airflow/example_dags/example_branch_operator.py
[2023-05-10T07:36:51.983+0000] {logging_mixin.py:137} INFO - [2023-05-10T07:36:51.979+0000] {dag.py:2585} INFO - Sync 1 DAGs
[2023-05-10T07:36:52.017+0000] {logging_mixin.py:137} INFO - [2023-05-10T07:36:52.017+0000] {dag.py:3340} INFO - Setting next_dagrun for example_branch_operator to 2023-05-09T00:00:00+00:00, run_after=2023-05-10T00:00:00+00:00
[2023-05-10T07:36:52.035+0000] {processor.py:176} INFO - Processing /home/airflow/.local/lib/python3.7/site-packages/airflow/example_dags/example_branch_operator.py took 0.116 seconds
[2023-05-10T07:37:22.483+0000] {processor.py:154} INFO - Started process (PID=428) to work on /home/airflow/.local/lib/python3.7/site-packages/airflow/example_dags/example_branch_operator.py
[2023-05-10T07:37:22.485+0000] {processor.py:756} INFO - Processing file /home/airflow/.local/lib/python3.7/site-packages/airflow/example_dags/example_branch_operator.py for tasks to queue
[2023-05-10T07:37:22.487+0000] {logging_mixin.py:137} INFO - [2023-05-10T07:37:22.487+0000] {dagbag.py:537} INFO - Filling up the DagBag from /home/airflow/.local/lib/python3.7/site-packages/airflow/example_dags/example_branch_operator.py
[2023-05-10T07:37:22.501+0000] {processor.py:766} INFO - DAG(s) dict_keys(['example_branch_operator']) retrieved from /home/airflow/.local/lib/python3.7/site-packages/airflow/example_dags/example_branch_operator.py
[2023-05-10T07:37:22.533+0000] {logging_mixin.py:137} INFO - [2023-05-10T07:37:22.533+0000] {dag.py:2585} INFO - Sync 1 DAGs
[2023-05-10T07:37:22.551+0000] {logging_mixin.py:137} INFO - [2023-05-10T07:37:22.551+0000] {dag.py:3340} INFO - Setting next_dagrun for example_branch_operator to 2023-05-09T00:00:00+00:00, run_after=2023-05-10T00:00:00+00:00
[2023-05-10T07:37:22.563+0000] {processor.py:176} INFO - Processing /home/airflow/.local/lib/python3.7/site-packages/airflow/example_dags/example_branch_operator.py took 0.082 seconds
[2023-05-10T07:37:53.025+0000] {processor.py:154} INFO - Started process (PID=490) to work on /home/airflow/.local/lib/python3.7/site-packages/airflow/example_dags/example_branch_operator.py
[2023-05-10T07:37:53.027+0000] {processor.py:756} INFO - Processing file /home/airflow/.local/lib/python3.7/site-packages/airflow/example_dags/example_branch_operator.py for tasks to queue
[2023-05-10T07:37:53.028+0000] {logging_mixin.py:137} INFO - [2023-05-10T07:37:53.028+0000] {dagbag.py:537} INFO - Filling up the DagBag from /home/airflow/.local/lib/python3.7/site-packages/airflow/example_dags/example_branch_operator.py
[2023-05-10T07:37:53.039+0000] {processor.py:766} INFO - DAG(s) dict_keys(['example_branch_operator']) retrieved from /home/airflow/.local/lib/python3.7/site-packages/airflow/example_dags/example_branch_operator.py
[2023-05-10T07:37:53.066+0000] {logging_mixin.py:137} INFO - [2023-05-10T07:37:53.065+0000] {dag.py:2585} INFO - Sync 1 DAGs
[2023-05-10T07:37:53.080+0000] {logging_mixin.py:137} INFO - [2023-05-10T07:37:53.080+0000] {dag.py:3340} INFO - Setting next_dagrun for example_branch_operator to 2023-05-09T00:00:00+00:00, run_after=2023-05-10T00:00:00+00:00
[2023-05-10T07:37:53.093+0000] {processor.py:176} INFO - Processing /home/airflow/.local/lib/python3.7/site-packages/airflow/example_dags/example_branch_operator.py took 0.070 seconds
