[2023-05-10T07:34:17.938+0000] {processor.py:154} INFO - Started process (PID=56) to work on /home/airflow/.local/lib/python3.7/site-packages/airflow/example_dags/example_external_task_marker_dag.py
[2023-05-10T07:34:17.940+0000] {processor.py:756} INFO - Processing file /home/airflow/.local/lib/python3.7/site-packages/airflow/example_dags/example_external_task_marker_dag.py for tasks to queue
[2023-05-10T07:34:17.942+0000] {logging_mixin.py:137} INFO - [2023-05-10T07:34:17.942+0000] {dagbag.py:537} INFO - Filling up the DagBag from /home/airflow/.local/lib/python3.7/site-packages/airflow/example_dags/example_external_task_marker_dag.py
[2023-05-10T07:34:17.970+0000] {processor.py:766} INFO - DAG(s) dict_keys(['example_external_task_marker_child', 'example_external_task_marker_parent']) retrieved from /home/airflow/.local/lib/python3.7/site-packages/airflow/example_dags/example_external_task_marker_dag.py
[2023-05-10T07:34:18.171+0000] {logging_mixin.py:137} INFO - [2023-05-10T07:34:18.170+0000] {dag.py:2585} INFO - Sync 2 DAGs
[2023-05-10T07:34:18.209+0000] {logging_mixin.py:137} INFO - [2023-05-10T07:34:18.209+0000] {dag.py:3340} INFO - Setting next_dagrun for example_external_task_marker_child to None, run_after=None
[2023-05-10T07:34:18.214+0000] {logging_mixin.py:137} INFO - [2023-05-10T07:34:18.214+0000] {dag.py:3340} INFO - Setting next_dagrun for example_external_task_marker_parent to None, run_after=None
[2023-05-10T07:34:18.235+0000] {processor.py:176} INFO - Processing /home/airflow/.local/lib/python3.7/site-packages/airflow/example_dags/example_external_task_marker_dag.py took 0.305 seconds
[2023-05-10T07:34:48.317+0000] {processor.py:154} INFO - Started process (PID=120) to work on /home/airflow/.local/lib/python3.7/site-packages/airflow/example_dags/example_external_task_marker_dag.py
[2023-05-10T07:34:48.319+0000] {processor.py:756} INFO - Processing file /home/airflow/.local/lib/python3.7/site-packages/airflow/example_dags/example_external_task_marker_dag.py for tasks to queue
[2023-05-10T07:34:48.321+0000] {logging_mixin.py:137} INFO - [2023-05-10T07:34:48.320+0000] {dagbag.py:537} INFO - Filling up the DagBag from /home/airflow/.local/lib/python3.7/site-packages/airflow/example_dags/example_external_task_marker_dag.py
[2023-05-10T07:34:48.335+0000] {processor.py:766} INFO - DAG(s) dict_keys(['example_external_task_marker_child', 'example_external_task_marker_parent']) retrieved from /home/airflow/.local/lib/python3.7/site-packages/airflow/example_dags/example_external_task_marker_dag.py
[2023-05-10T07:34:48.466+0000] {logging_mixin.py:137} INFO - [2023-05-10T07:34:48.466+0000] {dag.py:2585} INFO - Sync 2 DAGs
[2023-05-10T07:34:48.489+0000] {logging_mixin.py:137} INFO - [2023-05-10T07:34:48.489+0000] {dag.py:3340} INFO - Setting next_dagrun for example_external_task_marker_child to None, run_after=None
[2023-05-10T07:34:48.492+0000] {logging_mixin.py:137} INFO - [2023-05-10T07:34:48.492+0000] {dag.py:3340} INFO - Setting next_dagrun for example_external_task_marker_parent to None, run_after=None
[2023-05-10T07:34:48.505+0000] {processor.py:176} INFO - Processing /home/airflow/.local/lib/python3.7/site-packages/airflow/example_dags/example_external_task_marker_dag.py took 0.192 seconds
[2023-05-10T07:35:19.531+0000] {processor.py:154} INFO - Started process (PID=185) to work on /home/airflow/.local/lib/python3.7/site-packages/airflow/example_dags/example_external_task_marker_dag.py
[2023-05-10T07:35:19.534+0000] {processor.py:756} INFO - Processing file /home/airflow/.local/lib/python3.7/site-packages/airflow/example_dags/example_external_task_marker_dag.py for tasks to queue
[2023-05-10T07:35:19.536+0000] {logging_mixin.py:137} INFO - [2023-05-10T07:35:19.536+0000] {dagbag.py:537} INFO - Filling up the DagBag from /home/airflow/.local/lib/python3.7/site-packages/airflow/example_dags/example_external_task_marker_dag.py
[2023-05-10T07:35:19.555+0000] {processor.py:766} INFO - DAG(s) dict_keys(['example_external_task_marker_child', 'example_external_task_marker_parent']) retrieved from /home/airflow/.local/lib/python3.7/site-packages/airflow/example_dags/example_external_task_marker_dag.py
[2023-05-10T07:35:19.703+0000] {logging_mixin.py:137} INFO - [2023-05-10T07:35:19.703+0000] {dag.py:2585} INFO - Sync 2 DAGs
[2023-05-10T07:35:19.720+0000] {logging_mixin.py:137} INFO - [2023-05-10T07:35:19.720+0000] {dag.py:3340} INFO - Setting next_dagrun for example_external_task_marker_child to None, run_after=None
[2023-05-10T07:35:19.723+0000] {logging_mixin.py:137} INFO - [2023-05-10T07:35:19.723+0000] {dag.py:3340} INFO - Setting next_dagrun for example_external_task_marker_parent to None, run_after=None
[2023-05-10T07:35:19.742+0000] {processor.py:176} INFO - Processing /home/airflow/.local/lib/python3.7/site-packages/airflow/example_dags/example_external_task_marker_dag.py took 0.214 seconds
[2023-05-10T07:35:50.224+0000] {processor.py:154} INFO - Started process (PID=248) to work on /home/airflow/.local/lib/python3.7/site-packages/airflow/example_dags/example_external_task_marker_dag.py
[2023-05-10T07:35:50.226+0000] {processor.py:756} INFO - Processing file /home/airflow/.local/lib/python3.7/site-packages/airflow/example_dags/example_external_task_marker_dag.py for tasks to queue
[2023-05-10T07:35:50.227+0000] {logging_mixin.py:137} INFO - [2023-05-10T07:35:50.227+0000] {dagbag.py:537} INFO - Filling up the DagBag from /home/airflow/.local/lib/python3.7/site-packages/airflow/example_dags/example_external_task_marker_dag.py
[2023-05-10T07:35:50.235+0000] {processor.py:766} INFO - DAG(s) dict_keys(['example_external_task_marker_parent', 'example_external_task_marker_child']) retrieved from /home/airflow/.local/lib/python3.7/site-packages/airflow/example_dags/example_external_task_marker_dag.py
[2023-05-10T07:35:50.341+0000] {logging_mixin.py:137} INFO - [2023-05-10T07:35:50.341+0000] {dag.py:2585} INFO - Sync 2 DAGs
[2023-05-10T07:35:50.357+0000] {logging_mixin.py:137} INFO - [2023-05-10T07:35:50.356+0000] {dag.py:3340} INFO - Setting next_dagrun for example_external_task_marker_child to None, run_after=None
[2023-05-10T07:35:50.360+0000] {logging_mixin.py:137} INFO - [2023-05-10T07:35:50.360+0000] {dag.py:3340} INFO - Setting next_dagrun for example_external_task_marker_parent to None, run_after=None
[2023-05-10T07:35:50.372+0000] {processor.py:176} INFO - Processing /home/airflow/.local/lib/python3.7/site-packages/airflow/example_dags/example_external_task_marker_dag.py took 0.151 seconds
[2023-05-10T07:36:21.256+0000] {processor.py:154} INFO - Started process (PID=311) to work on /home/airflow/.local/lib/python3.7/site-packages/airflow/example_dags/example_external_task_marker_dag.py
[2023-05-10T07:36:21.258+0000] {processor.py:756} INFO - Processing file /home/airflow/.local/lib/python3.7/site-packages/airflow/example_dags/example_external_task_marker_dag.py for tasks to queue
[2023-05-10T07:36:21.259+0000] {logging_mixin.py:137} INFO - [2023-05-10T07:36:21.259+0000] {dagbag.py:537} INFO - Filling up the DagBag from /home/airflow/.local/lib/python3.7/site-packages/airflow/example_dags/example_external_task_marker_dag.py
[2023-05-10T07:36:21.269+0000] {processor.py:766} INFO - DAG(s) dict_keys(['example_external_task_marker_child', 'example_external_task_marker_parent']) retrieved from /home/airflow/.local/lib/python3.7/site-packages/airflow/example_dags/example_external_task_marker_dag.py
[2023-05-10T07:36:21.393+0000] {logging_mixin.py:137} INFO - [2023-05-10T07:36:21.393+0000] {dag.py:2585} INFO - Sync 2 DAGs
[2023-05-10T07:36:21.409+0000] {logging_mixin.py:137} INFO - [2023-05-10T07:36:21.409+0000] {dag.py:3340} INFO - Setting next_dagrun for example_external_task_marker_child to None, run_after=None
[2023-05-10T07:36:21.413+0000] {logging_mixin.py:137} INFO - [2023-05-10T07:36:21.413+0000] {dag.py:3340} INFO - Setting next_dagrun for example_external_task_marker_parent to None, run_after=None
[2023-05-10T07:36:21.426+0000] {processor.py:176} INFO - Processing /home/airflow/.local/lib/python3.7/site-packages/airflow/example_dags/example_external_task_marker_dag.py took 0.172 seconds
[2023-05-10T07:36:52.167+0000] {processor.py:154} INFO - Started process (PID=367) to work on /home/airflow/.local/lib/python3.7/site-packages/airflow/example_dags/example_external_task_marker_dag.py
[2023-05-10T07:36:52.170+0000] {processor.py:756} INFO - Processing file /home/airflow/.local/lib/python3.7/site-packages/airflow/example_dags/example_external_task_marker_dag.py for tasks to queue
[2023-05-10T07:36:52.172+0000] {logging_mixin.py:137} INFO - [2023-05-10T07:36:52.172+0000] {dagbag.py:537} INFO - Filling up the DagBag from /home/airflow/.local/lib/python3.7/site-packages/airflow/example_dags/example_external_task_marker_dag.py
[2023-05-10T07:36:52.181+0000] {processor.py:766} INFO - DAG(s) dict_keys(['example_external_task_marker_child', 'example_external_task_marker_parent']) retrieved from /home/airflow/.local/lib/python3.7/site-packages/airflow/example_dags/example_external_task_marker_dag.py
[2023-05-10T07:36:52.288+0000] {logging_mixin.py:137} INFO - [2023-05-10T07:36:52.288+0000] {dag.py:2585} INFO - Sync 2 DAGs
[2023-05-10T07:36:52.304+0000] {logging_mixin.py:137} INFO - [2023-05-10T07:36:52.304+0000] {dag.py:3340} INFO - Setting next_dagrun for example_external_task_marker_child to None, run_after=None
[2023-05-10T07:36:52.318+0000] {logging_mixin.py:137} INFO - [2023-05-10T07:36:52.318+0000] {dag.py:3340} INFO - Setting next_dagrun for example_external_task_marker_parent to None, run_after=None
[2023-05-10T07:36:52.331+0000] {processor.py:176} INFO - Processing /home/airflow/.local/lib/python3.7/site-packages/airflow/example_dags/example_external_task_marker_dag.py took 0.165 seconds
[2023-05-10T07:37:22.643+0000] {processor.py:154} INFO - Started process (PID=431) to work on /home/airflow/.local/lib/python3.7/site-packages/airflow/example_dags/example_external_task_marker_dag.py
[2023-05-10T07:37:22.645+0000] {processor.py:756} INFO - Processing file /home/airflow/.local/lib/python3.7/site-packages/airflow/example_dags/example_external_task_marker_dag.py for tasks to queue
[2023-05-10T07:37:22.646+0000] {logging_mixin.py:137} INFO - [2023-05-10T07:37:22.646+0000] {dagbag.py:537} INFO - Filling up the DagBag from /home/airflow/.local/lib/python3.7/site-packages/airflow/example_dags/example_external_task_marker_dag.py
[2023-05-10T07:37:22.655+0000] {processor.py:766} INFO - DAG(s) dict_keys(['example_external_task_marker_child', 'example_external_task_marker_parent']) retrieved from /home/airflow/.local/lib/python3.7/site-packages/airflow/example_dags/example_external_task_marker_dag.py
[2023-05-10T07:37:22.768+0000] {logging_mixin.py:137} INFO - [2023-05-10T07:37:22.768+0000] {dag.py:2585} INFO - Sync 2 DAGs
[2023-05-10T07:37:22.785+0000] {logging_mixin.py:137} INFO - [2023-05-10T07:37:22.785+0000] {dag.py:3340} INFO - Setting next_dagrun for example_external_task_marker_child to None, run_after=None
[2023-05-10T07:37:22.788+0000] {logging_mixin.py:137} INFO - [2023-05-10T07:37:22.788+0000] {dag.py:3340} INFO - Setting next_dagrun for example_external_task_marker_parent to None, run_after=None
[2023-05-10T07:37:22.799+0000] {processor.py:176} INFO - Processing /home/airflow/.local/lib/python3.7/site-packages/airflow/example_dags/example_external_task_marker_dag.py took 0.158 seconds
[2023-05-10T07:37:53.194+0000] {processor.py:154} INFO - Started process (PID=493) to work on /home/airflow/.local/lib/python3.7/site-packages/airflow/example_dags/example_external_task_marker_dag.py
[2023-05-10T07:37:53.196+0000] {processor.py:756} INFO - Processing file /home/airflow/.local/lib/python3.7/site-packages/airflow/example_dags/example_external_task_marker_dag.py for tasks to queue
[2023-05-10T07:37:53.197+0000] {logging_mixin.py:137} INFO - [2023-05-10T07:37:53.197+0000] {dagbag.py:537} INFO - Filling up the DagBag from /home/airflow/.local/lib/python3.7/site-packages/airflow/example_dags/example_external_task_marker_dag.py
[2023-05-10T07:37:53.206+0000] {processor.py:766} INFO - DAG(s) dict_keys(['example_external_task_marker_child', 'example_external_task_marker_parent']) retrieved from /home/airflow/.local/lib/python3.7/site-packages/airflow/example_dags/example_external_task_marker_dag.py
[2023-05-10T07:37:53.321+0000] {logging_mixin.py:137} INFO - [2023-05-10T07:37:53.320+0000] {dag.py:2585} INFO - Sync 2 DAGs
[2023-05-10T07:37:53.336+0000] {logging_mixin.py:137} INFO - [2023-05-10T07:37:53.336+0000] {dag.py:3340} INFO - Setting next_dagrun for example_external_task_marker_child to None, run_after=None
[2023-05-10T07:37:53.339+0000] {logging_mixin.py:137} INFO - [2023-05-10T07:37:53.339+0000] {dag.py:3340} INFO - Setting next_dagrun for example_external_task_marker_parent to None, run_after=None
[2023-05-10T07:37:53.350+0000] {processor.py:176} INFO - Processing /home/airflow/.local/lib/python3.7/site-packages/airflow/example_dags/example_external_task_marker_dag.py took 0.158 seconds
