[2023-05-10T07:34:18.855+0000] {processor.py:154} INFO - Started process (PID=64) to work on /home/airflow/.local/lib/python3.7/site-packages/airflow/example_dags/example_trigger_target_dag.py
[2023-05-10T07:34:18.859+0000] {processor.py:756} INFO - Processing file /home/airflow/.local/lib/python3.7/site-packages/airflow/example_dags/example_trigger_target_dag.py for tasks to queue
[2023-05-10T07:34:18.860+0000] {logging_mixin.py:137} INFO - [2023-05-10T07:34:18.860+0000] {dagbag.py:537} INFO - Filling up the DagBag from /home/airflow/.local/lib/python3.7/site-packages/airflow/example_dags/example_trigger_target_dag.py
[2023-05-10T07:34:18.876+0000] {processor.py:766} INFO - DAG(s) dict_keys(['example_trigger_target_dag']) retrieved from /home/airflow/.local/lib/python3.7/site-packages/airflow/example_dags/example_trigger_target_dag.py
[2023-05-10T07:34:18.906+0000] {logging_mixin.py:137} INFO - [2023-05-10T07:34:18.906+0000] {dag.py:2585} INFO - Sync 1 DAGs
[2023-05-10T07:34:18.930+0000] {logging_mixin.py:137} INFO - [2023-05-10T07:34:18.930+0000] {dag.py:3340} INFO - Setting next_dagrun for example_trigger_target_dag to None, run_after=None
[2023-05-10T07:34:18.944+0000] {processor.py:176} INFO - Processing /home/airflow/.local/lib/python3.7/site-packages/airflow/example_dags/example_trigger_target_dag.py took 0.093 seconds
[2023-05-10T07:34:49.063+0000] {processor.py:154} INFO - Started process (PID=128) to work on /home/airflow/.local/lib/python3.7/site-packages/airflow/example_dags/example_trigger_target_dag.py
[2023-05-10T07:34:49.065+0000] {processor.py:756} INFO - Processing file /home/airflow/.local/lib/python3.7/site-packages/airflow/example_dags/example_trigger_target_dag.py for tasks to queue
[2023-05-10T07:34:49.067+0000] {logging_mixin.py:137} INFO - [2023-05-10T07:34:49.067+0000] {dagbag.py:537} INFO - Filling up the DagBag from /home/airflow/.local/lib/python3.7/site-packages/airflow/example_dags/example_trigger_target_dag.py
[2023-05-10T07:34:49.082+0000] {processor.py:766} INFO - DAG(s) dict_keys(['example_trigger_target_dag']) retrieved from /home/airflow/.local/lib/python3.7/site-packages/airflow/example_dags/example_trigger_target_dag.py
[2023-05-10T07:34:49.110+0000] {logging_mixin.py:137} INFO - [2023-05-10T07:34:49.110+0000] {dag.py:2585} INFO - Sync 1 DAGs
[2023-05-10T07:34:49.125+0000] {logging_mixin.py:137} INFO - [2023-05-10T07:34:49.125+0000] {dag.py:3340} INFO - Setting next_dagrun for example_trigger_target_dag to None, run_after=None
[2023-05-10T07:34:49.138+0000] {processor.py:176} INFO - Processing /home/airflow/.local/lib/python3.7/site-packages/airflow/example_dags/example_trigger_target_dag.py took 0.077 seconds
[2023-05-10T07:35:20.077+0000] {processor.py:154} INFO - Started process (PID=193) to work on /home/airflow/.local/lib/python3.7/site-packages/airflow/example_dags/example_trigger_target_dag.py
[2023-05-10T07:35:20.079+0000] {processor.py:756} INFO - Processing file /home/airflow/.local/lib/python3.7/site-packages/airflow/example_dags/example_trigger_target_dag.py for tasks to queue
[2023-05-10T07:35:20.081+0000] {logging_mixin.py:137} INFO - [2023-05-10T07:35:20.081+0000] {dagbag.py:537} INFO - Filling up the DagBag from /home/airflow/.local/lib/python3.7/site-packages/airflow/example_dags/example_trigger_target_dag.py
[2023-05-10T07:35:20.096+0000] {processor.py:766} INFO - DAG(s) dict_keys(['example_trigger_target_dag']) retrieved from /home/airflow/.local/lib/python3.7/site-packages/airflow/example_dags/example_trigger_target_dag.py
[2023-05-10T07:35:20.128+0000] {logging_mixin.py:137} INFO - [2023-05-10T07:35:20.128+0000] {dag.py:2585} INFO - Sync 1 DAGs
[2023-05-10T07:35:20.145+0000] {logging_mixin.py:137} INFO - [2023-05-10T07:35:20.144+0000] {dag.py:3340} INFO - Setting next_dagrun for example_trigger_target_dag to None, run_after=None
[2023-05-10T07:35:20.160+0000] {processor.py:176} INFO - Processing /home/airflow/.local/lib/python3.7/site-packages/airflow/example_dags/example_trigger_target_dag.py took 0.085 seconds
[2023-05-10T07:35:50.707+0000] {processor.py:154} INFO - Started process (PID=256) to work on /home/airflow/.local/lib/python3.7/site-packages/airflow/example_dags/example_trigger_target_dag.py
[2023-05-10T07:35:50.712+0000] {processor.py:756} INFO - Processing file /home/airflow/.local/lib/python3.7/site-packages/airflow/example_dags/example_trigger_target_dag.py for tasks to queue
[2023-05-10T07:35:50.713+0000] {logging_mixin.py:137} INFO - [2023-05-10T07:35:50.713+0000] {dagbag.py:537} INFO - Filling up the DagBag from /home/airflow/.local/lib/python3.7/site-packages/airflow/example_dags/example_trigger_target_dag.py
[2023-05-10T07:35:50.727+0000] {processor.py:766} INFO - DAG(s) dict_keys(['example_trigger_target_dag']) retrieved from /home/airflow/.local/lib/python3.7/site-packages/airflow/example_dags/example_trigger_target_dag.py
[2023-05-10T07:35:50.755+0000] {logging_mixin.py:137} INFO - [2023-05-10T07:35:50.755+0000] {dag.py:2585} INFO - Sync 1 DAGs
[2023-05-10T07:35:50.771+0000] {logging_mixin.py:137} INFO - [2023-05-10T07:35:50.771+0000] {dag.py:3340} INFO - Setting next_dagrun for example_trigger_target_dag to None, run_after=None
[2023-05-10T07:35:50.784+0000] {processor.py:176} INFO - Processing /home/airflow/.local/lib/python3.7/site-packages/airflow/example_dags/example_trigger_target_dag.py took 0.078 seconds
[2023-05-10T07:36:21.839+0000] {processor.py:154} INFO - Started process (PID=319) to work on /home/airflow/.local/lib/python3.7/site-packages/airflow/example_dags/example_trigger_target_dag.py
[2023-05-10T07:36:21.841+0000] {processor.py:756} INFO - Processing file /home/airflow/.local/lib/python3.7/site-packages/airflow/example_dags/example_trigger_target_dag.py for tasks to queue
[2023-05-10T07:36:21.843+0000] {logging_mixin.py:137} INFO - [2023-05-10T07:36:21.843+0000] {dagbag.py:537} INFO - Filling up the DagBag from /home/airflow/.local/lib/python3.7/site-packages/airflow/example_dags/example_trigger_target_dag.py
[2023-05-10T07:36:21.858+0000] {processor.py:766} INFO - DAG(s) dict_keys(['example_trigger_target_dag']) retrieved from /home/airflow/.local/lib/python3.7/site-packages/airflow/example_dags/example_trigger_target_dag.py
[2023-05-10T07:36:21.889+0000] {logging_mixin.py:137} INFO - [2023-05-10T07:36:21.889+0000] {dag.py:2585} INFO - Sync 1 DAGs
[2023-05-10T07:36:21.908+0000] {logging_mixin.py:137} INFO - [2023-05-10T07:36:21.908+0000] {dag.py:3340} INFO - Setting next_dagrun for example_trigger_target_dag to None, run_after=None
[2023-05-10T07:36:21.926+0000] {processor.py:176} INFO - Processing /home/airflow/.local/lib/python3.7/site-packages/airflow/example_dags/example_trigger_target_dag.py took 0.090 seconds
[2023-05-10T07:36:52.719+0000] {processor.py:154} INFO - Started process (PID=375) to work on /home/airflow/.local/lib/python3.7/site-packages/airflow/example_dags/example_trigger_target_dag.py
[2023-05-10T07:36:52.720+0000] {processor.py:756} INFO - Processing file /home/airflow/.local/lib/python3.7/site-packages/airflow/example_dags/example_trigger_target_dag.py for tasks to queue
[2023-05-10T07:36:52.721+0000] {logging_mixin.py:137} INFO - [2023-05-10T07:36:52.721+0000] {dagbag.py:537} INFO - Filling up the DagBag from /home/airflow/.local/lib/python3.7/site-packages/airflow/example_dags/example_trigger_target_dag.py
[2023-05-10T07:36:52.735+0000] {processor.py:766} INFO - DAG(s) dict_keys(['example_trigger_target_dag']) retrieved from /home/airflow/.local/lib/python3.7/site-packages/airflow/example_dags/example_trigger_target_dag.py
[2023-05-10T07:36:52.765+0000] {logging_mixin.py:137} INFO - [2023-05-10T07:36:52.765+0000] {dag.py:2585} INFO - Sync 1 DAGs
[2023-05-10T07:36:52.785+0000] {logging_mixin.py:137} INFO - [2023-05-10T07:36:52.785+0000] {dag.py:3340} INFO - Setting next_dagrun for example_trigger_target_dag to None, run_after=None
[2023-05-10T07:36:52.806+0000] {processor.py:176} INFO - Processing /home/airflow/.local/lib/python3.7/site-packages/airflow/example_dags/example_trigger_target_dag.py took 0.090 seconds
[2023-05-10T07:37:23.129+0000] {processor.py:154} INFO - Started process (PID=439) to work on /home/airflow/.local/lib/python3.7/site-packages/airflow/example_dags/example_trigger_target_dag.py
[2023-05-10T07:37:23.131+0000] {processor.py:756} INFO - Processing file /home/airflow/.local/lib/python3.7/site-packages/airflow/example_dags/example_trigger_target_dag.py for tasks to queue
[2023-05-10T07:37:23.132+0000] {logging_mixin.py:137} INFO - [2023-05-10T07:37:23.132+0000] {dagbag.py:537} INFO - Filling up the DagBag from /home/airflow/.local/lib/python3.7/site-packages/airflow/example_dags/example_trigger_target_dag.py
[2023-05-10T07:37:23.145+0000] {processor.py:766} INFO - DAG(s) dict_keys(['example_trigger_target_dag']) retrieved from /home/airflow/.local/lib/python3.7/site-packages/airflow/example_dags/example_trigger_target_dag.py
[2023-05-10T07:37:23.174+0000] {logging_mixin.py:137} INFO - [2023-05-10T07:37:23.174+0000] {dag.py:2585} INFO - Sync 1 DAGs
[2023-05-10T07:37:23.190+0000] {logging_mixin.py:137} INFO - [2023-05-10T07:37:23.190+0000] {dag.py:3340} INFO - Setting next_dagrun for example_trigger_target_dag to None, run_after=None
[2023-05-10T07:37:23.203+0000] {processor.py:176} INFO - Processing /home/airflow/.local/lib/python3.7/site-packages/airflow/example_dags/example_trigger_target_dag.py took 0.077 seconds
[2023-05-10T07:37:53.776+0000] {processor.py:154} INFO - Started process (PID=501) to work on /home/airflow/.local/lib/python3.7/site-packages/airflow/example_dags/example_trigger_target_dag.py
[2023-05-10T07:37:53.778+0000] {processor.py:756} INFO - Processing file /home/airflow/.local/lib/python3.7/site-packages/airflow/example_dags/example_trigger_target_dag.py for tasks to queue
[2023-05-10T07:37:53.779+0000] {logging_mixin.py:137} INFO - [2023-05-10T07:37:53.779+0000] {dagbag.py:537} INFO - Filling up the DagBag from /home/airflow/.local/lib/python3.7/site-packages/airflow/example_dags/example_trigger_target_dag.py
[2023-05-10T07:37:53.793+0000] {processor.py:766} INFO - DAG(s) dict_keys(['example_trigger_target_dag']) retrieved from /home/airflow/.local/lib/python3.7/site-packages/airflow/example_dags/example_trigger_target_dag.py
[2023-05-10T07:37:53.821+0000] {logging_mixin.py:137} INFO - [2023-05-10T07:37:53.821+0000] {dag.py:2585} INFO - Sync 1 DAGs
[2023-05-10T07:37:53.836+0000] {logging_mixin.py:137} INFO - [2023-05-10T07:37:53.836+0000] {dag.py:3340} INFO - Setting next_dagrun for example_trigger_target_dag to None, run_after=None
[2023-05-10T07:37:53.851+0000] {processor.py:176} INFO - Processing /home/airflow/.local/lib/python3.7/site-packages/airflow/example_dags/example_trigger_target_dag.py took 0.077 seconds
