[2023-05-10T07:34:17.555+0000] {processor.py:154} INFO - Started process (PID=52) to work on /home/airflow/.local/lib/python3.7/site-packages/airflow/example_dags/example_short_circuit_decorator.py
[2023-05-10T07:34:17.563+0000] {processor.py:756} INFO - Processing file /home/airflow/.local/lib/python3.7/site-packages/airflow/example_dags/example_short_circuit_decorator.py for tasks to queue
[2023-05-10T07:34:17.565+0000] {logging_mixin.py:137} INFO - [2023-05-10T07:34:17.565+0000] {dagbag.py:537} INFO - Filling up the DagBag from /home/airflow/.local/lib/python3.7/site-packages/airflow/example_dags/example_short_circuit_decorator.py
[2023-05-10T07:34:17.593+0000] {processor.py:766} INFO - DAG(s) dict_keys(['example_short_circuit_decorator']) retrieved from /home/airflow/.local/lib/python3.7/site-packages/airflow/example_dags/example_short_circuit_decorator.py
[2023-05-10T07:34:17.647+0000] {logging_mixin.py:137} INFO - [2023-05-10T07:34:17.646+0000] {dag.py:2585} INFO - Sync 1 DAGs
[2023-05-10T07:34:17.675+0000] {logging_mixin.py:137} INFO - [2023-05-10T07:34:17.675+0000] {dag.py:3340} INFO - Setting next_dagrun for example_short_circuit_decorator to 2023-05-09T07:34:17.675427+00:00, run_after=2023-05-10T07:34:17.675427+00:00
[2023-05-10T07:34:17.691+0000] {processor.py:176} INFO - Processing /home/airflow/.local/lib/python3.7/site-packages/airflow/example_dags/example_short_circuit_decorator.py took 0.138 seconds
[2023-05-10T07:34:48.032+0000] {processor.py:154} INFO - Started process (PID=116) to work on /home/airflow/.local/lib/python3.7/site-packages/airflow/example_dags/example_short_circuit_decorator.py
[2023-05-10T07:34:48.034+0000] {processor.py:756} INFO - Processing file /home/airflow/.local/lib/python3.7/site-packages/airflow/example_dags/example_short_circuit_decorator.py for tasks to queue
[2023-05-10T07:34:48.035+0000] {logging_mixin.py:137} INFO - [2023-05-10T07:34:48.035+0000] {dagbag.py:537} INFO - Filling up the DagBag from /home/airflow/.local/lib/python3.7/site-packages/airflow/example_dags/example_short_circuit_decorator.py
[2023-05-10T07:34:48.056+0000] {processor.py:766} INFO - DAG(s) dict_keys(['example_short_circuit_decorator']) retrieved from /home/airflow/.local/lib/python3.7/site-packages/airflow/example_dags/example_short_circuit_decorator.py
[2023-05-10T07:34:48.089+0000] {logging_mixin.py:137} INFO - [2023-05-10T07:34:48.089+0000] {dag.py:2585} INFO - Sync 1 DAGs
[2023-05-10T07:34:48.109+0000] {logging_mixin.py:137} INFO - [2023-05-10T07:34:48.109+0000] {dag.py:3340} INFO - Setting next_dagrun for example_short_circuit_decorator to 2023-05-09T07:34:48.109531+00:00, run_after=2023-05-10T07:34:48.109531+00:00
[2023-05-10T07:34:48.123+0000] {processor.py:176} INFO - Processing /home/airflow/.local/lib/python3.7/site-packages/airflow/example_dags/example_short_circuit_decorator.py took 0.094 seconds
[2023-05-10T07:35:19.113+0000] {processor.py:154} INFO - Started process (PID=181) to work on /home/airflow/.local/lib/python3.7/site-packages/airflow/example_dags/example_short_circuit_decorator.py
[2023-05-10T07:35:19.116+0000] {processor.py:756} INFO - Processing file /home/airflow/.local/lib/python3.7/site-packages/airflow/example_dags/example_short_circuit_decorator.py for tasks to queue
[2023-05-10T07:35:19.117+0000] {logging_mixin.py:137} INFO - [2023-05-10T07:35:19.117+0000] {dagbag.py:537} INFO - Filling up the DagBag from /home/airflow/.local/lib/python3.7/site-packages/airflow/example_dags/example_short_circuit_decorator.py
[2023-05-10T07:35:19.142+0000] {processor.py:766} INFO - DAG(s) dict_keys(['example_short_circuit_decorator']) retrieved from /home/airflow/.local/lib/python3.7/site-packages/airflow/example_dags/example_short_circuit_decorator.py
[2023-05-10T07:35:19.171+0000] {logging_mixin.py:137} INFO - [2023-05-10T07:35:19.171+0000] {dag.py:2585} INFO - Sync 1 DAGs
[2023-05-10T07:35:19.187+0000] {logging_mixin.py:137} INFO - [2023-05-10T07:35:19.187+0000] {dag.py:3340} INFO - Setting next_dagrun for example_short_circuit_decorator to 2023-05-09T07:35:19.186988+00:00, run_after=2023-05-10T07:35:19.186988+00:00
[2023-05-10T07:35:19.200+0000] {processor.py:176} INFO - Processing /home/airflow/.local/lib/python3.7/site-packages/airflow/example_dags/example_short_circuit_decorator.py took 0.090 seconds
[2023-05-10T07:35:50.027+0000] {processor.py:154} INFO - Started process (PID=244) to work on /home/airflow/.local/lib/python3.7/site-packages/airflow/example_dags/example_short_circuit_decorator.py
[2023-05-10T07:35:50.029+0000] {processor.py:756} INFO - Processing file /home/airflow/.local/lib/python3.7/site-packages/airflow/example_dags/example_short_circuit_decorator.py for tasks to queue
[2023-05-10T07:35:50.034+0000] {logging_mixin.py:137} INFO - [2023-05-10T07:35:50.034+0000] {dagbag.py:537} INFO - Filling up the DagBag from /home/airflow/.local/lib/python3.7/site-packages/airflow/example_dags/example_short_circuit_decorator.py
[2023-05-10T07:35:50.056+0000] {processor.py:766} INFO - DAG(s) dict_keys(['example_short_circuit_decorator']) retrieved from /home/airflow/.local/lib/python3.7/site-packages/airflow/example_dags/example_short_circuit_decorator.py
[2023-05-10T07:35:50.082+0000] {logging_mixin.py:137} INFO - [2023-05-10T07:35:50.082+0000] {dag.py:2585} INFO - Sync 1 DAGs
[2023-05-10T07:35:50.097+0000] {logging_mixin.py:137} INFO - [2023-05-10T07:35:50.097+0000] {dag.py:3340} INFO - Setting next_dagrun for example_short_circuit_decorator to 2023-05-09T07:35:50.097068+00:00, run_after=2023-05-10T07:35:50.097068+00:00
[2023-05-10T07:35:50.109+0000] {processor.py:176} INFO - Processing /home/airflow/.local/lib/python3.7/site-packages/airflow/example_dags/example_short_circuit_decorator.py took 0.084 seconds
[2023-05-10T07:36:20.929+0000] {processor.py:154} INFO - Started process (PID=307) to work on /home/airflow/.local/lib/python3.7/site-packages/airflow/example_dags/example_short_circuit_decorator.py
[2023-05-10T07:36:20.931+0000] {processor.py:756} INFO - Processing file /home/airflow/.local/lib/python3.7/site-packages/airflow/example_dags/example_short_circuit_decorator.py for tasks to queue
[2023-05-10T07:36:20.935+0000] {logging_mixin.py:137} INFO - [2023-05-10T07:36:20.935+0000] {dagbag.py:537} INFO - Filling up the DagBag from /home/airflow/.local/lib/python3.7/site-packages/airflow/example_dags/example_short_circuit_decorator.py
[2023-05-10T07:36:20.956+0000] {processor.py:766} INFO - DAG(s) dict_keys(['example_short_circuit_decorator']) retrieved from /home/airflow/.local/lib/python3.7/site-packages/airflow/example_dags/example_short_circuit_decorator.py
[2023-05-10T07:36:20.987+0000] {logging_mixin.py:137} INFO - [2023-05-10T07:36:20.987+0000] {dag.py:2585} INFO - Sync 1 DAGs
[2023-05-10T07:36:21.008+0000] {logging_mixin.py:137} INFO - [2023-05-10T07:36:21.008+0000] {dag.py:3340} INFO - Setting next_dagrun for example_short_circuit_decorator to 2023-05-09T07:36:21.008451+00:00, run_after=2023-05-10T07:36:21.008451+00:00
[2023-05-10T07:36:21.024+0000] {processor.py:176} INFO - Processing /home/airflow/.local/lib/python3.7/site-packages/airflow/example_dags/example_short_circuit_decorator.py took 0.098 seconds
[2023-05-10T07:36:51.904+0000] {processor.py:154} INFO - Started process (PID=363) to work on /home/airflow/.local/lib/python3.7/site-packages/airflow/example_dags/example_short_circuit_decorator.py
[2023-05-10T07:36:51.907+0000] {processor.py:756} INFO - Processing file /home/airflow/.local/lib/python3.7/site-packages/airflow/example_dags/example_short_circuit_decorator.py for tasks to queue
[2023-05-10T07:36:51.908+0000] {logging_mixin.py:137} INFO - [2023-05-10T07:36:51.908+0000] {dagbag.py:537} INFO - Filling up the DagBag from /home/airflow/.local/lib/python3.7/site-packages/airflow/example_dags/example_short_circuit_decorator.py
[2023-05-10T07:36:51.933+0000] {processor.py:766} INFO - DAG(s) dict_keys(['example_short_circuit_decorator']) retrieved from /home/airflow/.local/lib/python3.7/site-packages/airflow/example_dags/example_short_circuit_decorator.py
[2023-05-10T07:36:51.965+0000] {logging_mixin.py:137} INFO - [2023-05-10T07:36:51.965+0000] {dag.py:2585} INFO - Sync 1 DAGs
[2023-05-10T07:36:52.006+0000] {logging_mixin.py:137} INFO - [2023-05-10T07:36:52.006+0000] {dag.py:3340} INFO - Setting next_dagrun for example_short_circuit_decorator to 2023-05-09T07:36:52.006567+00:00, run_after=2023-05-10T07:36:52.006567+00:00
[2023-05-10T07:36:52.026+0000] {processor.py:176} INFO - Processing /home/airflow/.local/lib/python3.7/site-packages/airflow/example_dags/example_short_circuit_decorator.py took 0.125 seconds
[2023-05-10T07:37:22.442+0000] {processor.py:154} INFO - Started process (PID=427) to work on /home/airflow/.local/lib/python3.7/site-packages/airflow/example_dags/example_short_circuit_decorator.py
[2023-05-10T07:37:22.444+0000] {processor.py:756} INFO - Processing file /home/airflow/.local/lib/python3.7/site-packages/airflow/example_dags/example_short_circuit_decorator.py for tasks to queue
[2023-05-10T07:37:22.445+0000] {logging_mixin.py:137} INFO - [2023-05-10T07:37:22.445+0000] {dagbag.py:537} INFO - Filling up the DagBag from /home/airflow/.local/lib/python3.7/site-packages/airflow/example_dags/example_short_circuit_decorator.py
[2023-05-10T07:37:22.462+0000] {processor.py:766} INFO - DAG(s) dict_keys(['example_short_circuit_decorator']) retrieved from /home/airflow/.local/lib/python3.7/site-packages/airflow/example_dags/example_short_circuit_decorator.py
[2023-05-10T07:37:22.495+0000] {logging_mixin.py:137} INFO - [2023-05-10T07:37:22.495+0000] {dag.py:2585} INFO - Sync 1 DAGs
[2023-05-10T07:37:22.516+0000] {logging_mixin.py:137} INFO - [2023-05-10T07:37:22.516+0000] {dag.py:3340} INFO - Setting next_dagrun for example_short_circuit_decorator to 2023-05-09T07:37:22.515977+00:00, run_after=2023-05-10T07:37:22.515977+00:00
[2023-05-10T07:37:22.529+0000] {processor.py:176} INFO - Processing /home/airflow/.local/lib/python3.7/site-packages/airflow/example_dags/example_short_circuit_decorator.py took 0.088 seconds
[2023-05-10T07:37:53.001+0000] {processor.py:154} INFO - Started process (PID=489) to work on /home/airflow/.local/lib/python3.7/site-packages/airflow/example_dags/example_short_circuit_decorator.py
[2023-05-10T07:37:53.003+0000] {processor.py:756} INFO - Processing file /home/airflow/.local/lib/python3.7/site-packages/airflow/example_dags/example_short_circuit_decorator.py for tasks to queue
[2023-05-10T07:37:53.005+0000] {logging_mixin.py:137} INFO - [2023-05-10T07:37:53.005+0000] {dagbag.py:537} INFO - Filling up the DagBag from /home/airflow/.local/lib/python3.7/site-packages/airflow/example_dags/example_short_circuit_decorator.py
[2023-05-10T07:37:53.027+0000] {processor.py:766} INFO - DAG(s) dict_keys(['example_short_circuit_decorator']) retrieved from /home/airflow/.local/lib/python3.7/site-packages/airflow/example_dags/example_short_circuit_decorator.py
[2023-05-10T07:37:53.052+0000] {logging_mixin.py:137} INFO - [2023-05-10T07:37:53.052+0000] {dag.py:2585} INFO - Sync 1 DAGs
[2023-05-10T07:37:53.068+0000] {logging_mixin.py:137} INFO - [2023-05-10T07:37:53.068+0000] {dag.py:3340} INFO - Setting next_dagrun for example_short_circuit_decorator to 2023-05-09T07:37:53.068385+00:00, run_after=2023-05-10T07:37:53.068385+00:00
[2023-05-10T07:37:53.079+0000] {processor.py:176} INFO - Processing /home/airflow/.local/lib/python3.7/site-packages/airflow/example_dags/example_short_circuit_decorator.py took 0.081 seconds
