[2023-05-10T07:34:15.704+0000] {processor.py:154} INFO - Started process (PID=35) to work on /home/airflow/.local/lib/python3.7/site-packages/airflow/example_dags/example_latest_only_with_trigger.py
[2023-05-10T07:34:15.706+0000] {processor.py:756} INFO - Processing file /home/airflow/.local/lib/python3.7/site-packages/airflow/example_dags/example_latest_only_with_trigger.py for tasks to queue
[2023-05-10T07:34:15.707+0000] {logging_mixin.py:137} INFO - [2023-05-10T07:34:15.707+0000] {dagbag.py:537} INFO - Filling up the DagBag from /home/airflow/.local/lib/python3.7/site-packages/airflow/example_dags/example_latest_only_with_trigger.py
[2023-05-10T07:34:15.717+0000] {processor.py:766} INFO - DAG(s) dict_keys(['latest_only_with_trigger']) retrieved from /home/airflow/.local/lib/python3.7/site-packages/airflow/example_dags/example_latest_only_with_trigger.py
[2023-05-10T07:34:15.745+0000] {logging_mixin.py:137} INFO - [2023-05-10T07:34:15.745+0000] {dag.py:2585} INFO - Sync 1 DAGs
[2023-05-10T07:34:15.761+0000] {logging_mixin.py:137} INFO - [2023-05-10T07:34:15.761+0000] {dag.py:3340} INFO - Setting next_dagrun for latest_only_with_trigger to 2023-05-10T03:34:15.761524+00:00, run_after=2023-05-10T07:34:15.761524+00:00
[2023-05-10T07:34:15.775+0000] {processor.py:176} INFO - Processing /home/airflow/.local/lib/python3.7/site-packages/airflow/example_dags/example_latest_only_with_trigger.py took 0.073 seconds
[2023-05-10T07:34:46.746+0000] {processor.py:154} INFO - Started process (PID=99) to work on /home/airflow/.local/lib/python3.7/site-packages/airflow/example_dags/example_latest_only_with_trigger.py
[2023-05-10T07:34:46.748+0000] {processor.py:756} INFO - Processing file /home/airflow/.local/lib/python3.7/site-packages/airflow/example_dags/example_latest_only_with_trigger.py for tasks to queue
[2023-05-10T07:34:46.749+0000] {logging_mixin.py:137} INFO - [2023-05-10T07:34:46.749+0000] {dagbag.py:537} INFO - Filling up the DagBag from /home/airflow/.local/lib/python3.7/site-packages/airflow/example_dags/example_latest_only_with_trigger.py
[2023-05-10T07:34:46.759+0000] {processor.py:766} INFO - DAG(s) dict_keys(['latest_only_with_trigger']) retrieved from /home/airflow/.local/lib/python3.7/site-packages/airflow/example_dags/example_latest_only_with_trigger.py
[2023-05-10T07:34:46.786+0000] {logging_mixin.py:137} INFO - [2023-05-10T07:34:46.786+0000] {dag.py:2585} INFO - Sync 1 DAGs
[2023-05-10T07:34:46.801+0000] {logging_mixin.py:137} INFO - [2023-05-10T07:34:46.801+0000] {dag.py:3340} INFO - Setting next_dagrun for latest_only_with_trigger to 2023-05-10T03:34:46.801615+00:00, run_after=2023-05-10T07:34:46.801615+00:00
[2023-05-10T07:34:46.813+0000] {processor.py:176} INFO - Processing /home/airflow/.local/lib/python3.7/site-packages/airflow/example_dags/example_latest_only_with_trigger.py took 0.069 seconds
[2023-05-10T07:35:17.912+0000] {processor.py:154} INFO - Started process (PID=164) to work on /home/airflow/.local/lib/python3.7/site-packages/airflow/example_dags/example_latest_only_with_trigger.py
[2023-05-10T07:35:17.914+0000] {processor.py:756} INFO - Processing file /home/airflow/.local/lib/python3.7/site-packages/airflow/example_dags/example_latest_only_with_trigger.py for tasks to queue
[2023-05-10T07:35:17.916+0000] {logging_mixin.py:137} INFO - [2023-05-10T07:35:17.916+0000] {dagbag.py:537} INFO - Filling up the DagBag from /home/airflow/.local/lib/python3.7/site-packages/airflow/example_dags/example_latest_only_with_trigger.py
[2023-05-10T07:35:17.925+0000] {processor.py:766} INFO - DAG(s) dict_keys(['latest_only_with_trigger']) retrieved from /home/airflow/.local/lib/python3.7/site-packages/airflow/example_dags/example_latest_only_with_trigger.py
[2023-05-10T07:35:17.953+0000] {logging_mixin.py:137} INFO - [2023-05-10T07:35:17.953+0000] {dag.py:2585} INFO - Sync 1 DAGs
[2023-05-10T07:35:17.969+0000] {logging_mixin.py:137} INFO - [2023-05-10T07:35:17.969+0000] {dag.py:3340} INFO - Setting next_dagrun for latest_only_with_trigger to 2023-05-10T03:35:17.968904+00:00, run_after=2023-05-10T07:35:17.968904+00:00
[2023-05-10T07:35:17.983+0000] {processor.py:176} INFO - Processing /home/airflow/.local/lib/python3.7/site-packages/airflow/example_dags/example_latest_only_with_trigger.py took 0.074 seconds
[2023-05-10T07:35:48.850+0000] {processor.py:154} INFO - Started process (PID=227) to work on /home/airflow/.local/lib/python3.7/site-packages/airflow/example_dags/example_latest_only_with_trigger.py
[2023-05-10T07:35:48.851+0000] {processor.py:756} INFO - Processing file /home/airflow/.local/lib/python3.7/site-packages/airflow/example_dags/example_latest_only_with_trigger.py for tasks to queue
[2023-05-10T07:35:48.853+0000] {logging_mixin.py:137} INFO - [2023-05-10T07:35:48.853+0000] {dagbag.py:537} INFO - Filling up the DagBag from /home/airflow/.local/lib/python3.7/site-packages/airflow/example_dags/example_latest_only_with_trigger.py
[2023-05-10T07:35:48.865+0000] {processor.py:766} INFO - DAG(s) dict_keys(['latest_only_with_trigger']) retrieved from /home/airflow/.local/lib/python3.7/site-packages/airflow/example_dags/example_latest_only_with_trigger.py
[2023-05-10T07:35:48.897+0000] {logging_mixin.py:137} INFO - [2023-05-10T07:35:48.897+0000] {dag.py:2585} INFO - Sync 1 DAGs
[2023-05-10T07:35:48.915+0000] {logging_mixin.py:137} INFO - [2023-05-10T07:35:48.915+0000] {dag.py:3340} INFO - Setting next_dagrun for latest_only_with_trigger to 2023-05-10T03:35:48.915446+00:00, run_after=2023-05-10T07:35:48.915446+00:00
[2023-05-10T07:35:48.931+0000] {processor.py:176} INFO - Processing /home/airflow/.local/lib/python3.7/site-packages/airflow/example_dags/example_latest_only_with_trigger.py took 0.084 seconds
[2023-05-10T07:36:19.553+0000] {processor.py:154} INFO - Started process (PID=281) to work on /home/airflow/.local/lib/python3.7/site-packages/airflow/example_dags/example_latest_only_with_trigger.py
[2023-05-10T07:36:19.556+0000] {processor.py:756} INFO - Processing file /home/airflow/.local/lib/python3.7/site-packages/airflow/example_dags/example_latest_only_with_trigger.py for tasks to queue
[2023-05-10T07:36:19.557+0000] {logging_mixin.py:137} INFO - [2023-05-10T07:36:19.557+0000] {dagbag.py:537} INFO - Filling up the DagBag from /home/airflow/.local/lib/python3.7/site-packages/airflow/example_dags/example_latest_only_with_trigger.py
[2023-05-10T07:36:19.569+0000] {processor.py:766} INFO - DAG(s) dict_keys(['latest_only_with_trigger']) retrieved from /home/airflow/.local/lib/python3.7/site-packages/airflow/example_dags/example_latest_only_with_trigger.py
[2023-05-10T07:36:19.597+0000] {logging_mixin.py:137} INFO - [2023-05-10T07:36:19.597+0000] {dag.py:2585} INFO - Sync 1 DAGs
[2023-05-10T07:36:19.614+0000] {logging_mixin.py:137} INFO - [2023-05-10T07:36:19.614+0000] {dag.py:3340} INFO - Setting next_dagrun for latest_only_with_trigger to 2023-05-10T03:36:19.613904+00:00, run_after=2023-05-10T07:36:19.613904+00:00
[2023-05-10T07:36:19.626+0000] {processor.py:176} INFO - Processing /home/airflow/.local/lib/python3.7/site-packages/airflow/example_dags/example_latest_only_with_trigger.py took 0.076 seconds
[2023-05-10T07:36:50.690+0000] {processor.py:154} INFO - Started process (PID=346) to work on /home/airflow/.local/lib/python3.7/site-packages/airflow/example_dags/example_latest_only_with_trigger.py
[2023-05-10T07:36:50.692+0000] {processor.py:756} INFO - Processing file /home/airflow/.local/lib/python3.7/site-packages/airflow/example_dags/example_latest_only_with_trigger.py for tasks to queue
[2023-05-10T07:36:50.693+0000] {logging_mixin.py:137} INFO - [2023-05-10T07:36:50.693+0000] {dagbag.py:537} INFO - Filling up the DagBag from /home/airflow/.local/lib/python3.7/site-packages/airflow/example_dags/example_latest_only_with_trigger.py
[2023-05-10T07:36:50.702+0000] {processor.py:766} INFO - DAG(s) dict_keys(['latest_only_with_trigger']) retrieved from /home/airflow/.local/lib/python3.7/site-packages/airflow/example_dags/example_latest_only_with_trigger.py
[2023-05-10T07:36:50.728+0000] {logging_mixin.py:137} INFO - [2023-05-10T07:36:50.728+0000] {dag.py:2585} INFO - Sync 1 DAGs
[2023-05-10T07:36:50.743+0000] {logging_mixin.py:137} INFO - [2023-05-10T07:36:50.743+0000] {dag.py:3340} INFO - Setting next_dagrun for latest_only_with_trigger to 2023-05-10T03:36:50.743309+00:00, run_after=2023-05-10T07:36:50.743309+00:00
[2023-05-10T07:36:50.756+0000] {processor.py:176} INFO - Processing /home/airflow/.local/lib/python3.7/site-packages/airflow/example_dags/example_latest_only_with_trigger.py took 0.068 seconds
[2023-05-10T07:37:21.505+0000] {processor.py:154} INFO - Started process (PID=410) to work on /home/airflow/.local/lib/python3.7/site-packages/airflow/example_dags/example_latest_only_with_trigger.py
[2023-05-10T07:37:21.507+0000] {processor.py:756} INFO - Processing file /home/airflow/.local/lib/python3.7/site-packages/airflow/example_dags/example_latest_only_with_trigger.py for tasks to queue
[2023-05-10T07:37:21.508+0000] {logging_mixin.py:137} INFO - [2023-05-10T07:37:21.508+0000] {dagbag.py:537} INFO - Filling up the DagBag from /home/airflow/.local/lib/python3.7/site-packages/airflow/example_dags/example_latest_only_with_trigger.py
[2023-05-10T07:37:21.517+0000] {processor.py:766} INFO - DAG(s) dict_keys(['latest_only_with_trigger']) retrieved from /home/airflow/.local/lib/python3.7/site-packages/airflow/example_dags/example_latest_only_with_trigger.py
[2023-05-10T07:37:21.542+0000] {logging_mixin.py:137} INFO - [2023-05-10T07:37:21.542+0000] {dag.py:2585} INFO - Sync 1 DAGs
[2023-05-10T07:37:21.557+0000] {logging_mixin.py:137} INFO - [2023-05-10T07:37:21.557+0000] {dag.py:3340} INFO - Setting next_dagrun for latest_only_with_trigger to 2023-05-10T03:37:21.556965+00:00, run_after=2023-05-10T07:37:21.556965+00:00
[2023-05-10T07:37:21.567+0000] {processor.py:176} INFO - Processing /home/airflow/.local/lib/python3.7/site-packages/airflow/example_dags/example_latest_only_with_trigger.py took 0.065 seconds
[2023-05-10T07:37:51.904+0000] {processor.py:154} INFO - Started process (PID=472) to work on /home/airflow/.local/lib/python3.7/site-packages/airflow/example_dags/example_latest_only_with_trigger.py
[2023-05-10T07:37:51.906+0000] {processor.py:756} INFO - Processing file /home/airflow/.local/lib/python3.7/site-packages/airflow/example_dags/example_latest_only_with_trigger.py for tasks to queue
[2023-05-10T07:37:51.907+0000] {logging_mixin.py:137} INFO - [2023-05-10T07:37:51.907+0000] {dagbag.py:537} INFO - Filling up the DagBag from /home/airflow/.local/lib/python3.7/site-packages/airflow/example_dags/example_latest_only_with_trigger.py
[2023-05-10T07:37:51.917+0000] {processor.py:766} INFO - DAG(s) dict_keys(['latest_only_with_trigger']) retrieved from /home/airflow/.local/lib/python3.7/site-packages/airflow/example_dags/example_latest_only_with_trigger.py
[2023-05-10T07:37:51.943+0000] {logging_mixin.py:137} INFO - [2023-05-10T07:37:51.943+0000] {dag.py:2585} INFO - Sync 1 DAGs
[2023-05-10T07:37:51.958+0000] {logging_mixin.py:137} INFO - [2023-05-10T07:37:51.958+0000] {dag.py:3340} INFO - Setting next_dagrun for latest_only_with_trigger to 2023-05-10T03:37:51.958271+00:00, run_after=2023-05-10T07:37:51.958271+00:00
[2023-05-10T07:37:51.970+0000] {processor.py:176} INFO - Processing /home/airflow/.local/lib/python3.7/site-packages/airflow/example_dags/example_latest_only_with_trigger.py took 0.067 seconds
