[2023-05-10T07:34:16.995+0000] {processor.py:154} INFO - Started process (PID=47) to work on /home/airflow/.local/lib/python3.7/site-packages/airflow/example_dags/example_branch_day_of_week_operator.py
[2023-05-10T07:34:16.996+0000] {processor.py:756} INFO - Processing file /home/airflow/.local/lib/python3.7/site-packages/airflow/example_dags/example_branch_day_of_week_operator.py for tasks to queue
[2023-05-10T07:34:16.998+0000] {logging_mixin.py:137} INFO - [2023-05-10T07:34:16.998+0000] {dagbag.py:537} INFO - Filling up the DagBag from /home/airflow/.local/lib/python3.7/site-packages/airflow/example_dags/example_branch_day_of_week_operator.py
[2023-05-10T07:34:17.024+0000] {processor.py:766} INFO - DAG(s) dict_keys(['example_weekday_branch_operator']) retrieved from /home/airflow/.local/lib/python3.7/site-packages/airflow/example_dags/example_branch_day_of_week_operator.py
[2023-05-10T07:34:17.076+0000] {logging_mixin.py:137} INFO - [2023-05-10T07:34:17.076+0000] {dag.py:2585} INFO - Sync 1 DAGs
[2023-05-10T07:34:17.106+0000] {logging_mixin.py:137} INFO - [2023-05-10T07:34:17.105+0000] {dag.py:3340} INFO - Setting next_dagrun for example_weekday_branch_operator to 2023-05-09T00:00:00+00:00, run_after=2023-05-10T00:00:00+00:00
[2023-05-10T07:34:17.127+0000] {processor.py:176} INFO - Processing /home/airflow/.local/lib/python3.7/site-packages/airflow/example_dags/example_branch_day_of_week_operator.py took 0.134 seconds
[2023-05-10T07:34:47.702+0000] {processor.py:154} INFO - Started process (PID=111) to work on /home/airflow/.local/lib/python3.7/site-packages/airflow/example_dags/example_branch_day_of_week_operator.py
[2023-05-10T07:34:47.705+0000] {processor.py:756} INFO - Processing file /home/airflow/.local/lib/python3.7/site-packages/airflow/example_dags/example_branch_day_of_week_operator.py for tasks to queue
[2023-05-10T07:34:47.706+0000] {logging_mixin.py:137} INFO - [2023-05-10T07:34:47.706+0000] {dagbag.py:537} INFO - Filling up the DagBag from /home/airflow/.local/lib/python3.7/site-packages/airflow/example_dags/example_branch_day_of_week_operator.py
[2023-05-10T07:34:47.719+0000] {processor.py:766} INFO - DAG(s) dict_keys(['example_weekday_branch_operator']) retrieved from /home/airflow/.local/lib/python3.7/site-packages/airflow/example_dags/example_branch_day_of_week_operator.py
[2023-05-10T07:34:47.753+0000] {logging_mixin.py:137} INFO - [2023-05-10T07:34:47.753+0000] {dag.py:2585} INFO - Sync 1 DAGs
[2023-05-10T07:34:47.771+0000] {logging_mixin.py:137} INFO - [2023-05-10T07:34:47.771+0000] {dag.py:3340} INFO - Setting next_dagrun for example_weekday_branch_operator to 2023-05-09T00:00:00+00:00, run_after=2023-05-10T00:00:00+00:00
[2023-05-10T07:34:47.788+0000] {processor.py:176} INFO - Processing /home/airflow/.local/lib/python3.7/site-packages/airflow/example_dags/example_branch_day_of_week_operator.py took 0.088 seconds
[2023-05-10T07:35:18.741+0000] {processor.py:154} INFO - Started process (PID=176) to work on /home/airflow/.local/lib/python3.7/site-packages/airflow/example_dags/example_branch_day_of_week_operator.py
[2023-05-10T07:35:18.743+0000] {processor.py:756} INFO - Processing file /home/airflow/.local/lib/python3.7/site-packages/airflow/example_dags/example_branch_day_of_week_operator.py for tasks to queue
[2023-05-10T07:35:18.744+0000] {logging_mixin.py:137} INFO - [2023-05-10T07:35:18.744+0000] {dagbag.py:537} INFO - Filling up the DagBag from /home/airflow/.local/lib/python3.7/site-packages/airflow/example_dags/example_branch_day_of_week_operator.py
[2023-05-10T07:35:18.756+0000] {processor.py:766} INFO - DAG(s) dict_keys(['example_weekday_branch_operator']) retrieved from /home/airflow/.local/lib/python3.7/site-packages/airflow/example_dags/example_branch_day_of_week_operator.py
[2023-05-10T07:35:18.783+0000] {logging_mixin.py:137} INFO - [2023-05-10T07:35:18.783+0000] {dag.py:2585} INFO - Sync 1 DAGs
[2023-05-10T07:35:18.804+0000] {logging_mixin.py:137} INFO - [2023-05-10T07:35:18.803+0000] {dag.py:3340} INFO - Setting next_dagrun for example_weekday_branch_operator to 2023-05-09T00:00:00+00:00, run_after=2023-05-10T00:00:00+00:00
[2023-05-10T07:35:18.835+0000] {processor.py:176} INFO - Processing /home/airflow/.local/lib/python3.7/site-packages/airflow/example_dags/example_branch_day_of_week_operator.py took 0.096 seconds
[2023-05-10T07:35:49.761+0000] {processor.py:154} INFO - Started process (PID=239) to work on /home/airflow/.local/lib/python3.7/site-packages/airflow/example_dags/example_branch_day_of_week_operator.py
[2023-05-10T07:35:49.763+0000] {processor.py:756} INFO - Processing file /home/airflow/.local/lib/python3.7/site-packages/airflow/example_dags/example_branch_day_of_week_operator.py for tasks to queue
[2023-05-10T07:35:49.764+0000] {logging_mixin.py:137} INFO - [2023-05-10T07:35:49.764+0000] {dagbag.py:537} INFO - Filling up the DagBag from /home/airflow/.local/lib/python3.7/site-packages/airflow/example_dags/example_branch_day_of_week_operator.py
[2023-05-10T07:35:49.775+0000] {processor.py:766} INFO - DAG(s) dict_keys(['example_weekday_branch_operator']) retrieved from /home/airflow/.local/lib/python3.7/site-packages/airflow/example_dags/example_branch_day_of_week_operator.py
[2023-05-10T07:35:49.801+0000] {logging_mixin.py:137} INFO - [2023-05-10T07:35:49.801+0000] {dag.py:2585} INFO - Sync 1 DAGs
[2023-05-10T07:35:49.817+0000] {logging_mixin.py:137} INFO - [2023-05-10T07:35:49.817+0000] {dag.py:3340} INFO - Setting next_dagrun for example_weekday_branch_operator to 2023-05-09T00:00:00+00:00, run_after=2023-05-10T00:00:00+00:00
[2023-05-10T07:35:49.831+0000] {processor.py:176} INFO - Processing /home/airflow/.local/lib/python3.7/site-packages/airflow/example_dags/example_branch_day_of_week_operator.py took 0.072 seconds
[2023-05-10T07:36:20.420+0000] {processor.py:154} INFO - Started process (PID=302) to work on /home/airflow/.local/lib/python3.7/site-packages/airflow/example_dags/example_branch_day_of_week_operator.py
[2023-05-10T07:36:20.422+0000] {processor.py:756} INFO - Processing file /home/airflow/.local/lib/python3.7/site-packages/airflow/example_dags/example_branch_day_of_week_operator.py for tasks to queue
[2023-05-10T07:36:20.423+0000] {logging_mixin.py:137} INFO - [2023-05-10T07:36:20.423+0000] {dagbag.py:537} INFO - Filling up the DagBag from /home/airflow/.local/lib/python3.7/site-packages/airflow/example_dags/example_branch_day_of_week_operator.py
[2023-05-10T07:36:20.434+0000] {processor.py:766} INFO - DAG(s) dict_keys(['example_weekday_branch_operator']) retrieved from /home/airflow/.local/lib/python3.7/site-packages/airflow/example_dags/example_branch_day_of_week_operator.py
[2023-05-10T07:36:20.474+0000] {logging_mixin.py:137} INFO - [2023-05-10T07:36:20.474+0000] {dag.py:2585} INFO - Sync 1 DAGs
[2023-05-10T07:36:20.504+0000] {logging_mixin.py:137} INFO - [2023-05-10T07:36:20.504+0000] {dag.py:3340} INFO - Setting next_dagrun for example_weekday_branch_operator to 2023-05-09T00:00:00+00:00, run_after=2023-05-10T00:00:00+00:00
[2023-05-10T07:36:20.521+0000] {processor.py:176} INFO - Processing /home/airflow/.local/lib/python3.7/site-packages/airflow/example_dags/example_branch_day_of_week_operator.py took 0.104 seconds
[2023-05-10T07:36:51.537+0000] {processor.py:154} INFO - Started process (PID=358) to work on /home/airflow/.local/lib/python3.7/site-packages/airflow/example_dags/example_branch_day_of_week_operator.py
[2023-05-10T07:36:51.539+0000] {processor.py:756} INFO - Processing file /home/airflow/.local/lib/python3.7/site-packages/airflow/example_dags/example_branch_day_of_week_operator.py for tasks to queue
[2023-05-10T07:36:51.541+0000] {logging_mixin.py:137} INFO - [2023-05-10T07:36:51.541+0000] {dagbag.py:537} INFO - Filling up the DagBag from /home/airflow/.local/lib/python3.7/site-packages/airflow/example_dags/example_branch_day_of_week_operator.py
[2023-05-10T07:36:51.553+0000] {processor.py:766} INFO - DAG(s) dict_keys(['example_weekday_branch_operator']) retrieved from /home/airflow/.local/lib/python3.7/site-packages/airflow/example_dags/example_branch_day_of_week_operator.py
[2023-05-10T07:36:51.585+0000] {logging_mixin.py:137} INFO - [2023-05-10T07:36:51.585+0000] {dag.py:2585} INFO - Sync 1 DAGs
[2023-05-10T07:36:51.605+0000] {logging_mixin.py:137} INFO - [2023-05-10T07:36:51.605+0000] {dag.py:3340} INFO - Setting next_dagrun for example_weekday_branch_operator to 2023-05-09T00:00:00+00:00, run_after=2023-05-10T00:00:00+00:00
[2023-05-10T07:36:51.625+0000] {processor.py:176} INFO - Processing /home/airflow/.local/lib/python3.7/site-packages/airflow/example_dags/example_branch_day_of_week_operator.py took 0.092 seconds
[2023-05-10T07:37:22.195+0000] {processor.py:154} INFO - Started process (PID=422) to work on /home/airflow/.local/lib/python3.7/site-packages/airflow/example_dags/example_branch_day_of_week_operator.py
[2023-05-10T07:37:22.196+0000] {processor.py:756} INFO - Processing file /home/airflow/.local/lib/python3.7/site-packages/airflow/example_dags/example_branch_day_of_week_operator.py for tasks to queue
[2023-05-10T07:37:22.198+0000] {logging_mixin.py:137} INFO - [2023-05-10T07:37:22.198+0000] {dagbag.py:537} INFO - Filling up the DagBag from /home/airflow/.local/lib/python3.7/site-packages/airflow/example_dags/example_branch_day_of_week_operator.py
[2023-05-10T07:37:22.208+0000] {processor.py:766} INFO - DAG(s) dict_keys(['example_weekday_branch_operator']) retrieved from /home/airflow/.local/lib/python3.7/site-packages/airflow/example_dags/example_branch_day_of_week_operator.py
[2023-05-10T07:37:22.237+0000] {logging_mixin.py:137} INFO - [2023-05-10T07:37:22.237+0000] {dag.py:2585} INFO - Sync 1 DAGs
[2023-05-10T07:37:22.255+0000] {logging_mixin.py:137} INFO - [2023-05-10T07:37:22.255+0000] {dag.py:3340} INFO - Setting next_dagrun for example_weekday_branch_operator to 2023-05-09T00:00:00+00:00, run_after=2023-05-10T00:00:00+00:00
[2023-05-10T07:37:22.267+0000] {processor.py:176} INFO - Processing /home/airflow/.local/lib/python3.7/site-packages/airflow/example_dags/example_branch_day_of_week_operator.py took 0.075 seconds
[2023-05-10T07:37:52.719+0000] {processor.py:154} INFO - Started process (PID=484) to work on /home/airflow/.local/lib/python3.7/site-packages/airflow/example_dags/example_branch_day_of_week_operator.py
[2023-05-10T07:37:52.720+0000] {processor.py:756} INFO - Processing file /home/airflow/.local/lib/python3.7/site-packages/airflow/example_dags/example_branch_day_of_week_operator.py for tasks to queue
[2023-05-10T07:37:52.721+0000] {logging_mixin.py:137} INFO - [2023-05-10T07:37:52.721+0000] {dagbag.py:537} INFO - Filling up the DagBag from /home/airflow/.local/lib/python3.7/site-packages/airflow/example_dags/example_branch_day_of_week_operator.py
[2023-05-10T07:37:52.732+0000] {processor.py:766} INFO - DAG(s) dict_keys(['example_weekday_branch_operator']) retrieved from /home/airflow/.local/lib/python3.7/site-packages/airflow/example_dags/example_branch_day_of_week_operator.py
[2023-05-10T07:37:52.760+0000] {logging_mixin.py:137} INFO - [2023-05-10T07:37:52.760+0000] {dag.py:2585} INFO - Sync 1 DAGs
[2023-05-10T07:37:52.776+0000] {logging_mixin.py:137} INFO - [2023-05-10T07:37:52.776+0000] {dag.py:3340} INFO - Setting next_dagrun for example_weekday_branch_operator to 2023-05-09T00:00:00+00:00, run_after=2023-05-10T00:00:00+00:00
[2023-05-10T07:37:52.789+0000] {processor.py:176} INFO - Processing /home/airflow/.local/lib/python3.7/site-packages/airflow/example_dags/example_branch_day_of_week_operator.py took 0.072 seconds
