[2023-05-10T07:34:18.923+0000] {processor.py:154} INFO - Started process (PID=65) to work on /home/airflow/.local/lib/python3.7/site-packages/airflow/example_dags/example_kubernetes_executor.py
[2023-05-10T07:34:18.925+0000] {processor.py:756} INFO - Processing file /home/airflow/.local/lib/python3.7/site-packages/airflow/example_dags/example_kubernetes_executor.py for tasks to queue
[2023-05-10T07:34:18.926+0000] {logging_mixin.py:137} INFO - [2023-05-10T07:34:18.926+0000] {dagbag.py:537} INFO - Filling up the DagBag from /home/airflow/.local/lib/python3.7/site-packages/airflow/example_dags/example_kubernetes_executor.py
[2023-05-10T07:34:18.948+0000] {processor.py:766} INFO - DAG(s) dict_keys(['example_kubernetes_executor']) retrieved from /home/airflow/.local/lib/python3.7/site-packages/airflow/example_dags/example_kubernetes_executor.py
[2023-05-10T07:34:18.984+0000] {logging_mixin.py:137} INFO - [2023-05-10T07:34:18.984+0000] {dag.py:2585} INFO - Sync 1 DAGs
[2023-05-10T07:34:19.003+0000] {logging_mixin.py:137} INFO - [2023-05-10T07:34:19.003+0000] {dag.py:3340} INFO - Setting next_dagrun for example_kubernetes_executor to None, run_after=None
[2023-05-10T07:34:19.018+0000] {processor.py:176} INFO - Processing /home/airflow/.local/lib/python3.7/site-packages/airflow/example_dags/example_kubernetes_executor.py took 0.097 seconds
[2023-05-10T07:34:49.067+0000] {processor.py:154} INFO - Started process (PID=129) to work on /home/airflow/.local/lib/python3.7/site-packages/airflow/example_dags/example_kubernetes_executor.py
[2023-05-10T07:34:49.069+0000] {processor.py:756} INFO - Processing file /home/airflow/.local/lib/python3.7/site-packages/airflow/example_dags/example_kubernetes_executor.py for tasks to queue
[2023-05-10T07:34:49.070+0000] {logging_mixin.py:137} INFO - [2023-05-10T07:34:49.070+0000] {dagbag.py:537} INFO - Filling up the DagBag from /home/airflow/.local/lib/python3.7/site-packages/airflow/example_dags/example_kubernetes_executor.py
[2023-05-10T07:34:49.090+0000] {processor.py:766} INFO - DAG(s) dict_keys(['example_kubernetes_executor']) retrieved from /home/airflow/.local/lib/python3.7/site-packages/airflow/example_dags/example_kubernetes_executor.py
[2023-05-10T07:34:49.118+0000] {logging_mixin.py:137} INFO - [2023-05-10T07:34:49.118+0000] {dag.py:2585} INFO - Sync 1 DAGs
[2023-05-10T07:34:49.132+0000] {logging_mixin.py:137} INFO - [2023-05-10T07:34:49.132+0000] {dag.py:3340} INFO - Setting next_dagrun for example_kubernetes_executor to None, run_after=None
[2023-05-10T07:34:49.145+0000] {processor.py:176} INFO - Processing /home/airflow/.local/lib/python3.7/site-packages/airflow/example_dags/example_kubernetes_executor.py took 0.080 seconds
[2023-05-10T07:35:20.114+0000] {processor.py:154} INFO - Started process (PID=194) to work on /home/airflow/.local/lib/python3.7/site-packages/airflow/example_dags/example_kubernetes_executor.py
[2023-05-10T07:35:20.117+0000] {processor.py:756} INFO - Processing file /home/airflow/.local/lib/python3.7/site-packages/airflow/example_dags/example_kubernetes_executor.py for tasks to queue
[2023-05-10T07:35:20.119+0000] {logging_mixin.py:137} INFO - [2023-05-10T07:35:20.119+0000] {dagbag.py:537} INFO - Filling up the DagBag from /home/airflow/.local/lib/python3.7/site-packages/airflow/example_dags/example_kubernetes_executor.py
[2023-05-10T07:35:20.137+0000] {processor.py:766} INFO - DAG(s) dict_keys(['example_kubernetes_executor']) retrieved from /home/airflow/.local/lib/python3.7/site-packages/airflow/example_dags/example_kubernetes_executor.py
[2023-05-10T07:35:20.170+0000] {logging_mixin.py:137} INFO - [2023-05-10T07:35:20.170+0000] {dag.py:2585} INFO - Sync 1 DAGs
[2023-05-10T07:35:20.188+0000] {logging_mixin.py:137} INFO - [2023-05-10T07:35:20.188+0000] {dag.py:3340} INFO - Setting next_dagrun for example_kubernetes_executor to None, run_after=None
[2023-05-10T07:35:20.200+0000] {processor.py:176} INFO - Processing /home/airflow/.local/lib/python3.7/site-packages/airflow/example_dags/example_kubernetes_executor.py took 0.089 seconds
[2023-05-10T07:35:50.757+0000] {processor.py:154} INFO - Started process (PID=257) to work on /home/airflow/.local/lib/python3.7/site-packages/airflow/example_dags/example_kubernetes_executor.py
[2023-05-10T07:35:50.760+0000] {processor.py:756} INFO - Processing file /home/airflow/.local/lib/python3.7/site-packages/airflow/example_dags/example_kubernetes_executor.py for tasks to queue
[2023-05-10T07:35:50.761+0000] {logging_mixin.py:137} INFO - [2023-05-10T07:35:50.761+0000] {dagbag.py:537} INFO - Filling up the DagBag from /home/airflow/.local/lib/python3.7/site-packages/airflow/example_dags/example_kubernetes_executor.py
[2023-05-10T07:35:50.779+0000] {processor.py:766} INFO - DAG(s) dict_keys(['example_kubernetes_executor']) retrieved from /home/airflow/.local/lib/python3.7/site-packages/airflow/example_dags/example_kubernetes_executor.py
[2023-05-10T07:35:50.808+0000] {logging_mixin.py:137} INFO - [2023-05-10T07:35:50.808+0000] {dag.py:2585} INFO - Sync 1 DAGs
[2023-05-10T07:35:50.823+0000] {logging_mixin.py:137} INFO - [2023-05-10T07:35:50.823+0000] {dag.py:3340} INFO - Setting next_dagrun for example_kubernetes_executor to None, run_after=None
[2023-05-10T07:35:50.838+0000] {processor.py:176} INFO - Processing /home/airflow/.local/lib/python3.7/site-packages/airflow/example_dags/example_kubernetes_executor.py took 0.082 seconds
[2023-05-10T07:36:21.927+0000] {processor.py:154} INFO - Started process (PID=320) to work on /home/airflow/.local/lib/python3.7/site-packages/airflow/example_dags/example_kubernetes_executor.py
[2023-05-10T07:36:21.928+0000] {processor.py:756} INFO - Processing file /home/airflow/.local/lib/python3.7/site-packages/airflow/example_dags/example_kubernetes_executor.py for tasks to queue
[2023-05-10T07:36:21.930+0000] {logging_mixin.py:137} INFO - [2023-05-10T07:36:21.930+0000] {dagbag.py:537} INFO - Filling up the DagBag from /home/airflow/.local/lib/python3.7/site-packages/airflow/example_dags/example_kubernetes_executor.py
[2023-05-10T07:36:21.951+0000] {processor.py:766} INFO - DAG(s) dict_keys(['example_kubernetes_executor']) retrieved from /home/airflow/.local/lib/python3.7/site-packages/airflow/example_dags/example_kubernetes_executor.py
[2023-05-10T07:36:21.979+0000] {logging_mixin.py:137} INFO - [2023-05-10T07:36:21.979+0000] {dag.py:2585} INFO - Sync 1 DAGs
[2023-05-10T07:36:21.994+0000] {logging_mixin.py:137} INFO - [2023-05-10T07:36:21.994+0000] {dag.py:3340} INFO - Setting next_dagrun for example_kubernetes_executor to None, run_after=None
[2023-05-10T07:36:22.014+0000] {processor.py:176} INFO - Processing /home/airflow/.local/lib/python3.7/site-packages/airflow/example_dags/example_kubernetes_executor.py took 0.090 seconds
[2023-05-10T07:36:52.759+0000] {processor.py:154} INFO - Started process (PID=376) to work on /home/airflow/.local/lib/python3.7/site-packages/airflow/example_dags/example_kubernetes_executor.py
[2023-05-10T07:36:52.761+0000] {processor.py:756} INFO - Processing file /home/airflow/.local/lib/python3.7/site-packages/airflow/example_dags/example_kubernetes_executor.py for tasks to queue
[2023-05-10T07:36:52.763+0000] {logging_mixin.py:137} INFO - [2023-05-10T07:36:52.763+0000] {dagbag.py:537} INFO - Filling up the DagBag from /home/airflow/.local/lib/python3.7/site-packages/airflow/example_dags/example_kubernetes_executor.py
[2023-05-10T07:36:52.786+0000] {processor.py:766} INFO - DAG(s) dict_keys(['example_kubernetes_executor']) retrieved from /home/airflow/.local/lib/python3.7/site-packages/airflow/example_dags/example_kubernetes_executor.py
[2023-05-10T07:36:52.819+0000] {logging_mixin.py:137} INFO - [2023-05-10T07:36:52.819+0000] {dag.py:2585} INFO - Sync 1 DAGs
[2023-05-10T07:36:52.843+0000] {logging_mixin.py:137} INFO - [2023-05-10T07:36:52.843+0000] {dag.py:3340} INFO - Setting next_dagrun for example_kubernetes_executor to None, run_after=None
[2023-05-10T07:36:52.855+0000] {processor.py:176} INFO - Processing /home/airflow/.local/lib/python3.7/site-packages/airflow/example_dags/example_kubernetes_executor.py took 0.098 seconds
[2023-05-10T07:37:23.181+0000] {processor.py:154} INFO - Started process (PID=440) to work on /home/airflow/.local/lib/python3.7/site-packages/airflow/example_dags/example_kubernetes_executor.py
[2023-05-10T07:37:23.183+0000] {processor.py:756} INFO - Processing file /home/airflow/.local/lib/python3.7/site-packages/airflow/example_dags/example_kubernetes_executor.py for tasks to queue
[2023-05-10T07:37:23.184+0000] {logging_mixin.py:137} INFO - [2023-05-10T07:37:23.184+0000] {dagbag.py:537} INFO - Filling up the DagBag from /home/airflow/.local/lib/python3.7/site-packages/airflow/example_dags/example_kubernetes_executor.py
[2023-05-10T07:37:23.201+0000] {processor.py:766} INFO - DAG(s) dict_keys(['example_kubernetes_executor']) retrieved from /home/airflow/.local/lib/python3.7/site-packages/airflow/example_dags/example_kubernetes_executor.py
[2023-05-10T07:37:23.231+0000] {logging_mixin.py:137} INFO - [2023-05-10T07:37:23.231+0000] {dag.py:2585} INFO - Sync 1 DAGs
[2023-05-10T07:37:23.247+0000] {logging_mixin.py:137} INFO - [2023-05-10T07:37:23.247+0000] {dag.py:3340} INFO - Setting next_dagrun for example_kubernetes_executor to None, run_after=None
[2023-05-10T07:37:23.259+0000] {processor.py:176} INFO - Processing /home/airflow/.local/lib/python3.7/site-packages/airflow/example_dags/example_kubernetes_executor.py took 0.081 seconds
[2023-05-10T07:37:53.781+0000] {processor.py:154} INFO - Started process (PID=502) to work on /home/airflow/.local/lib/python3.7/site-packages/airflow/example_dags/example_kubernetes_executor.py
[2023-05-10T07:37:53.782+0000] {processor.py:756} INFO - Processing file /home/airflow/.local/lib/python3.7/site-packages/airflow/example_dags/example_kubernetes_executor.py for tasks to queue
[2023-05-10T07:37:53.784+0000] {logging_mixin.py:137} INFO - [2023-05-10T07:37:53.784+0000] {dagbag.py:537} INFO - Filling up the DagBag from /home/airflow/.local/lib/python3.7/site-packages/airflow/example_dags/example_kubernetes_executor.py
[2023-05-10T07:37:53.801+0000] {processor.py:766} INFO - DAG(s) dict_keys(['example_kubernetes_executor']) retrieved from /home/airflow/.local/lib/python3.7/site-packages/airflow/example_dags/example_kubernetes_executor.py
[2023-05-10T07:37:53.831+0000] {logging_mixin.py:137} INFO - [2023-05-10T07:37:53.831+0000] {dag.py:2585} INFO - Sync 1 DAGs
[2023-05-10T07:37:53.845+0000] {logging_mixin.py:137} INFO - [2023-05-10T07:37:53.845+0000] {dag.py:3340} INFO - Setting next_dagrun for example_kubernetes_executor to None, run_after=None
[2023-05-10T07:37:53.863+0000] {processor.py:176} INFO - Processing /home/airflow/.local/lib/python3.7/site-packages/airflow/example_dags/example_kubernetes_executor.py took 0.086 seconds
