[2023-05-10T07:34:16.553+0000] {processor.py:154} INFO - Started process (PID=43) to work on /home/airflow/.local/lib/python3.7/site-packages/airflow/example_dags/example_python_operator.py
[2023-05-10T07:34:16.560+0000] {processor.py:756} INFO - Processing file /home/airflow/.local/lib/python3.7/site-packages/airflow/example_dags/example_python_operator.py for tasks to queue
[2023-05-10T07:34:16.563+0000] {logging_mixin.py:137} INFO - [2023-05-10T07:34:16.563+0000] {dagbag.py:537} INFO - Filling up the DagBag from /home/airflow/.local/lib/python3.7/site-packages/airflow/example_dags/example_python_operator.py
[2023-05-10T07:34:16.586+0000] {logging_mixin.py:137} INFO - [2023-05-10T07:34:16.586+0000] {taskmixin.py:205} WARNING - Dependency <Task(_PythonDecoratedOperator): print_the_context>, log_sql_query already registered for DAG: example_python_operator
[2023-05-10T07:34:16.588+0000] {logging_mixin.py:137} INFO - [2023-05-10T07:34:16.587+0000] {taskmixin.py:205} WARNING - Dependency <Task(_PythonDecoratedOperator): log_sql_query>, print_the_context already registered for DAG: example_python_operator
[2023-05-10T07:34:16.589+0000] {logging_mixin.py:137} INFO - [2023-05-10T07:34:16.589+0000] {taskmixin.py:205} WARNING - Dependency <Task(_PythonDecoratedOperator): print_the_context>, log_sql_query already registered for DAG: example_python_operator
[2023-05-10T07:34:16.590+0000] {logging_mixin.py:137} INFO - [2023-05-10T07:34:16.590+0000] {taskmixin.py:205} WARNING - Dependency <Task(_PythonDecoratedOperator): log_sql_query>, print_the_context already registered for DAG: example_python_operator
[2023-05-10T07:34:16.592+0000] {logging_mixin.py:137} INFO - [2023-05-10T07:34:16.592+0000] {taskmixin.py:205} WARNING - Dependency <Task(_PythonDecoratedOperator): print_the_context>, log_sql_query already registered for DAG: example_python_operator
[2023-05-10T07:34:16.593+0000] {logging_mixin.py:137} INFO - [2023-05-10T07:34:16.593+0000] {taskmixin.py:205} WARNING - Dependency <Task(_PythonDecoratedOperator): log_sql_query>, print_the_context already registered for DAG: example_python_operator
[2023-05-10T07:34:16.595+0000] {logging_mixin.py:137} INFO - [2023-05-10T07:34:16.595+0000] {taskmixin.py:205} WARNING - Dependency <Task(_PythonDecoratedOperator): print_the_context>, log_sql_query already registered for DAG: example_python_operator
[2023-05-10T07:34:16.596+0000] {logging_mixin.py:137} INFO - [2023-05-10T07:34:16.596+0000] {taskmixin.py:205} WARNING - Dependency <Task(_PythonDecoratedOperator): log_sql_query>, print_the_context already registered for DAG: example_python_operator
[2023-05-10T07:34:16.603+0000] {processor.py:766} INFO - DAG(s) dict_keys(['example_python_operator']) retrieved from /home/airflow/.local/lib/python3.7/site-packages/airflow/example_dags/example_python_operator.py
[2023-05-10T07:34:16.667+0000] {logging_mixin.py:137} INFO - [2023-05-10T07:34:16.667+0000] {dag.py:2585} INFO - Sync 1 DAGs
[2023-05-10T07:34:16.698+0000] {logging_mixin.py:137} INFO - [2023-05-10T07:34:16.698+0000] {dag.py:3340} INFO - Setting next_dagrun for example_python_operator to None, run_after=None
[2023-05-10T07:34:16.742+0000] {processor.py:176} INFO - Processing /home/airflow/.local/lib/python3.7/site-packages/airflow/example_dags/example_python_operator.py took 0.195 seconds
[2023-05-10T07:34:47.435+0000] {processor.py:154} INFO - Started process (PID=107) to work on /home/airflow/.local/lib/python3.7/site-packages/airflow/example_dags/example_python_operator.py
[2023-05-10T07:34:47.437+0000] {processor.py:756} INFO - Processing file /home/airflow/.local/lib/python3.7/site-packages/airflow/example_dags/example_python_operator.py for tasks to queue
[2023-05-10T07:34:47.438+0000] {logging_mixin.py:137} INFO - [2023-05-10T07:34:47.438+0000] {dagbag.py:537} INFO - Filling up the DagBag from /home/airflow/.local/lib/python3.7/site-packages/airflow/example_dags/example_python_operator.py
[2023-05-10T07:34:47.449+0000] {logging_mixin.py:137} INFO - [2023-05-10T07:34:47.449+0000] {taskmixin.py:205} WARNING - Dependency <Task(_PythonDecoratedOperator): print_the_context>, log_sql_query already registered for DAG: example_python_operator
[2023-05-10T07:34:47.451+0000] {logging_mixin.py:137} INFO - [2023-05-10T07:34:47.451+0000] {taskmixin.py:205} WARNING - Dependency <Task(_PythonDecoratedOperator): log_sql_query>, print_the_context already registered for DAG: example_python_operator
[2023-05-10T07:34:47.452+0000] {logging_mixin.py:137} INFO - [2023-05-10T07:34:47.452+0000] {taskmixin.py:205} WARNING - Dependency <Task(_PythonDecoratedOperator): print_the_context>, log_sql_query already registered for DAG: example_python_operator
[2023-05-10T07:34:47.453+0000] {logging_mixin.py:137} INFO - [2023-05-10T07:34:47.453+0000] {taskmixin.py:205} WARNING - Dependency <Task(_PythonDecoratedOperator): log_sql_query>, print_the_context already registered for DAG: example_python_operator
[2023-05-10T07:34:47.454+0000] {logging_mixin.py:137} INFO - [2023-05-10T07:34:47.454+0000] {taskmixin.py:205} WARNING - Dependency <Task(_PythonDecoratedOperator): print_the_context>, log_sql_query already registered for DAG: example_python_operator
[2023-05-10T07:34:47.455+0000] {logging_mixin.py:137} INFO - [2023-05-10T07:34:47.455+0000] {taskmixin.py:205} WARNING - Dependency <Task(_PythonDecoratedOperator): log_sql_query>, print_the_context already registered for DAG: example_python_operator
[2023-05-10T07:34:47.457+0000] {logging_mixin.py:137} INFO - [2023-05-10T07:34:47.456+0000] {taskmixin.py:205} WARNING - Dependency <Task(_PythonDecoratedOperator): print_the_context>, log_sql_query already registered for DAG: example_python_operator
[2023-05-10T07:34:47.458+0000] {logging_mixin.py:137} INFO - [2023-05-10T07:34:47.458+0000] {taskmixin.py:205} WARNING - Dependency <Task(_PythonDecoratedOperator): log_sql_query>, print_the_context already registered for DAG: example_python_operator
[2023-05-10T07:34:47.464+0000] {processor.py:766} INFO - DAG(s) dict_keys(['example_python_operator']) retrieved from /home/airflow/.local/lib/python3.7/site-packages/airflow/example_dags/example_python_operator.py
[2023-05-10T07:34:47.494+0000] {logging_mixin.py:137} INFO - [2023-05-10T07:34:47.494+0000] {dag.py:2585} INFO - Sync 1 DAGs
[2023-05-10T07:34:47.514+0000] {logging_mixin.py:137} INFO - [2023-05-10T07:34:47.513+0000] {dag.py:3340} INFO - Setting next_dagrun for example_python_operator to None, run_after=None
[2023-05-10T07:34:47.532+0000] {processor.py:176} INFO - Processing /home/airflow/.local/lib/python3.7/site-packages/airflow/example_dags/example_python_operator.py took 0.100 seconds
[2023-05-10T07:35:18.494+0000] {processor.py:154} INFO - Started process (PID=172) to work on /home/airflow/.local/lib/python3.7/site-packages/airflow/example_dags/example_python_operator.py
[2023-05-10T07:35:18.496+0000] {processor.py:756} INFO - Processing file /home/airflow/.local/lib/python3.7/site-packages/airflow/example_dags/example_python_operator.py for tasks to queue
[2023-05-10T07:35:18.499+0000] {logging_mixin.py:137} INFO - [2023-05-10T07:35:18.499+0000] {dagbag.py:537} INFO - Filling up the DagBag from /home/airflow/.local/lib/python3.7/site-packages/airflow/example_dags/example_python_operator.py
[2023-05-10T07:35:18.512+0000] {logging_mixin.py:137} INFO - [2023-05-10T07:35:18.512+0000] {taskmixin.py:205} WARNING - Dependency <Task(_PythonDecoratedOperator): print_the_context>, log_sql_query already registered for DAG: example_python_operator
[2023-05-10T07:35:18.513+0000] {logging_mixin.py:137} INFO - [2023-05-10T07:35:18.512+0000] {taskmixin.py:205} WARNING - Dependency <Task(_PythonDecoratedOperator): log_sql_query>, print_the_context already registered for DAG: example_python_operator
[2023-05-10T07:35:18.514+0000] {logging_mixin.py:137} INFO - [2023-05-10T07:35:18.514+0000] {taskmixin.py:205} WARNING - Dependency <Task(_PythonDecoratedOperator): print_the_context>, log_sql_query already registered for DAG: example_python_operator
[2023-05-10T07:35:18.515+0000] {logging_mixin.py:137} INFO - [2023-05-10T07:35:18.515+0000] {taskmixin.py:205} WARNING - Dependency <Task(_PythonDecoratedOperator): log_sql_query>, print_the_context already registered for DAG: example_python_operator
[2023-05-10T07:35:18.517+0000] {logging_mixin.py:137} INFO - [2023-05-10T07:35:18.516+0000] {taskmixin.py:205} WARNING - Dependency <Task(_PythonDecoratedOperator): print_the_context>, log_sql_query already registered for DAG: example_python_operator
[2023-05-10T07:35:18.518+0000] {logging_mixin.py:137} INFO - [2023-05-10T07:35:18.518+0000] {taskmixin.py:205} WARNING - Dependency <Task(_PythonDecoratedOperator): log_sql_query>, print_the_context already registered for DAG: example_python_operator
[2023-05-10T07:35:18.519+0000] {logging_mixin.py:137} INFO - [2023-05-10T07:35:18.519+0000] {taskmixin.py:205} WARNING - Dependency <Task(_PythonDecoratedOperator): print_the_context>, log_sql_query already registered for DAG: example_python_operator
[2023-05-10T07:35:18.520+0000] {logging_mixin.py:137} INFO - [2023-05-10T07:35:18.520+0000] {taskmixin.py:205} WARNING - Dependency <Task(_PythonDecoratedOperator): log_sql_query>, print_the_context already registered for DAG: example_python_operator
[2023-05-10T07:35:18.525+0000] {processor.py:766} INFO - DAG(s) dict_keys(['example_python_operator']) retrieved from /home/airflow/.local/lib/python3.7/site-packages/airflow/example_dags/example_python_operator.py
[2023-05-10T07:35:18.557+0000] {logging_mixin.py:137} INFO - [2023-05-10T07:35:18.557+0000] {dag.py:2585} INFO - Sync 1 DAGs
[2023-05-10T07:35:18.573+0000] {logging_mixin.py:137} INFO - [2023-05-10T07:35:18.573+0000] {dag.py:3340} INFO - Setting next_dagrun for example_python_operator to None, run_after=None
[2023-05-10T07:35:18.587+0000] {processor.py:176} INFO - Processing /home/airflow/.local/lib/python3.7/site-packages/airflow/example_dags/example_python_operator.py took 0.095 seconds
[2023-05-10T07:35:49.488+0000] {processor.py:154} INFO - Started process (PID=235) to work on /home/airflow/.local/lib/python3.7/site-packages/airflow/example_dags/example_python_operator.py
[2023-05-10T07:35:49.491+0000] {processor.py:756} INFO - Processing file /home/airflow/.local/lib/python3.7/site-packages/airflow/example_dags/example_python_operator.py for tasks to queue
[2023-05-10T07:35:49.493+0000] {logging_mixin.py:137} INFO - [2023-05-10T07:35:49.493+0000] {dagbag.py:537} INFO - Filling up the DagBag from /home/airflow/.local/lib/python3.7/site-packages/airflow/example_dags/example_python_operator.py
[2023-05-10T07:35:49.505+0000] {logging_mixin.py:137} INFO - [2023-05-10T07:35:49.505+0000] {taskmixin.py:205} WARNING - Dependency <Task(_PythonDecoratedOperator): print_the_context>, log_sql_query already registered for DAG: example_python_operator
[2023-05-10T07:35:49.506+0000] {logging_mixin.py:137} INFO - [2023-05-10T07:35:49.506+0000] {taskmixin.py:205} WARNING - Dependency <Task(_PythonDecoratedOperator): log_sql_query>, print_the_context already registered for DAG: example_python_operator
[2023-05-10T07:35:49.508+0000] {logging_mixin.py:137} INFO - [2023-05-10T07:35:49.508+0000] {taskmixin.py:205} WARNING - Dependency <Task(_PythonDecoratedOperator): print_the_context>, log_sql_query already registered for DAG: example_python_operator
[2023-05-10T07:35:49.509+0000] {logging_mixin.py:137} INFO - [2023-05-10T07:35:49.509+0000] {taskmixin.py:205} WARNING - Dependency <Task(_PythonDecoratedOperator): log_sql_query>, print_the_context already registered for DAG: example_python_operator
[2023-05-10T07:35:49.510+0000] {logging_mixin.py:137} INFO - [2023-05-10T07:35:49.510+0000] {taskmixin.py:205} WARNING - Dependency <Task(_PythonDecoratedOperator): print_the_context>, log_sql_query already registered for DAG: example_python_operator
[2023-05-10T07:35:49.512+0000] {logging_mixin.py:137} INFO - [2023-05-10T07:35:49.511+0000] {taskmixin.py:205} WARNING - Dependency <Task(_PythonDecoratedOperator): log_sql_query>, print_the_context already registered for DAG: example_python_operator
[2023-05-10T07:35:49.513+0000] {logging_mixin.py:137} INFO - [2023-05-10T07:35:49.513+0000] {taskmixin.py:205} WARNING - Dependency <Task(_PythonDecoratedOperator): print_the_context>, log_sql_query already registered for DAG: example_python_operator
[2023-05-10T07:35:49.515+0000] {logging_mixin.py:137} INFO - [2023-05-10T07:35:49.515+0000] {taskmixin.py:205} WARNING - Dependency <Task(_PythonDecoratedOperator): log_sql_query>, print_the_context already registered for DAG: example_python_operator
[2023-05-10T07:35:49.520+0000] {processor.py:766} INFO - DAG(s) dict_keys(['example_python_operator']) retrieved from /home/airflow/.local/lib/python3.7/site-packages/airflow/example_dags/example_python_operator.py
[2023-05-10T07:35:49.553+0000] {logging_mixin.py:137} INFO - [2023-05-10T07:35:49.553+0000] {dag.py:2585} INFO - Sync 1 DAGs
[2023-05-10T07:35:49.570+0000] {logging_mixin.py:137} INFO - [2023-05-10T07:35:49.570+0000] {dag.py:3340} INFO - Setting next_dagrun for example_python_operator to None, run_after=None
[2023-05-10T07:35:49.584+0000] {processor.py:176} INFO - Processing /home/airflow/.local/lib/python3.7/site-packages/airflow/example_dags/example_python_operator.py took 0.098 seconds
[2023-05-10T07:36:20.072+0000] {processor.py:154} INFO - Started process (PID=289) to work on /home/airflow/.local/lib/python3.7/site-packages/airflow/example_dags/example_python_operator.py
[2023-05-10T07:36:20.074+0000] {processor.py:756} INFO - Processing file /home/airflow/.local/lib/python3.7/site-packages/airflow/example_dags/example_python_operator.py for tasks to queue
[2023-05-10T07:36:20.075+0000] {logging_mixin.py:137} INFO - [2023-05-10T07:36:20.075+0000] {dagbag.py:537} INFO - Filling up the DagBag from /home/airflow/.local/lib/python3.7/site-packages/airflow/example_dags/example_python_operator.py
[2023-05-10T07:36:20.090+0000] {logging_mixin.py:137} INFO - [2023-05-10T07:36:20.090+0000] {taskmixin.py:205} WARNING - Dependency <Task(_PythonDecoratedOperator): print_the_context>, log_sql_query already registered for DAG: example_python_operator
[2023-05-10T07:36:20.092+0000] {logging_mixin.py:137} INFO - [2023-05-10T07:36:20.092+0000] {taskmixin.py:205} WARNING - Dependency <Task(_PythonDecoratedOperator): log_sql_query>, print_the_context already registered for DAG: example_python_operator
[2023-05-10T07:36:20.094+0000] {logging_mixin.py:137} INFO - [2023-05-10T07:36:20.094+0000] {taskmixin.py:205} WARNING - Dependency <Task(_PythonDecoratedOperator): print_the_context>, log_sql_query already registered for DAG: example_python_operator
[2023-05-10T07:36:20.096+0000] {logging_mixin.py:137} INFO - [2023-05-10T07:36:20.096+0000] {taskmixin.py:205} WARNING - Dependency <Task(_PythonDecoratedOperator): log_sql_query>, print_the_context already registered for DAG: example_python_operator
[2023-05-10T07:36:20.097+0000] {logging_mixin.py:137} INFO - [2023-05-10T07:36:20.097+0000] {taskmixin.py:205} WARNING - Dependency <Task(_PythonDecoratedOperator): print_the_context>, log_sql_query already registered for DAG: example_python_operator
[2023-05-10T07:36:20.098+0000] {logging_mixin.py:137} INFO - [2023-05-10T07:36:20.098+0000] {taskmixin.py:205} WARNING - Dependency <Task(_PythonDecoratedOperator): log_sql_query>, print_the_context already registered for DAG: example_python_operator
[2023-05-10T07:36:20.106+0000] {logging_mixin.py:137} INFO - [2023-05-10T07:36:20.106+0000] {taskmixin.py:205} WARNING - Dependency <Task(_PythonDecoratedOperator): print_the_context>, log_sql_query already registered for DAG: example_python_operator
[2023-05-10T07:36:20.107+0000] {logging_mixin.py:137} INFO - [2023-05-10T07:36:20.107+0000] {taskmixin.py:205} WARNING - Dependency <Task(_PythonDecoratedOperator): log_sql_query>, print_the_context already registered for DAG: example_python_operator
[2023-05-10T07:36:20.114+0000] {processor.py:766} INFO - DAG(s) dict_keys(['example_python_operator']) retrieved from /home/airflow/.local/lib/python3.7/site-packages/airflow/example_dags/example_python_operator.py
[2023-05-10T07:36:20.157+0000] {logging_mixin.py:137} INFO - [2023-05-10T07:36:20.157+0000] {dag.py:2585} INFO - Sync 1 DAGs
[2023-05-10T07:36:20.183+0000] {logging_mixin.py:137} INFO - [2023-05-10T07:36:20.183+0000] {dag.py:3340} INFO - Setting next_dagrun for example_python_operator to None, run_after=None
[2023-05-10T07:36:20.204+0000] {processor.py:176} INFO - Processing /home/airflow/.local/lib/python3.7/site-packages/airflow/example_dags/example_python_operator.py took 0.136 seconds
[2023-05-10T07:36:51.252+0000] {processor.py:154} INFO - Started process (PID=354) to work on /home/airflow/.local/lib/python3.7/site-packages/airflow/example_dags/example_python_operator.py
[2023-05-10T07:36:51.254+0000] {processor.py:756} INFO - Processing file /home/airflow/.local/lib/python3.7/site-packages/airflow/example_dags/example_python_operator.py for tasks to queue
[2023-05-10T07:36:51.255+0000] {logging_mixin.py:137} INFO - [2023-05-10T07:36:51.255+0000] {dagbag.py:537} INFO - Filling up the DagBag from /home/airflow/.local/lib/python3.7/site-packages/airflow/example_dags/example_python_operator.py
[2023-05-10T07:36:51.268+0000] {logging_mixin.py:137} INFO - [2023-05-10T07:36:51.268+0000] {taskmixin.py:205} WARNING - Dependency <Task(_PythonDecoratedOperator): print_the_context>, log_sql_query already registered for DAG: example_python_operator
[2023-05-10T07:36:51.269+0000] {logging_mixin.py:137} INFO - [2023-05-10T07:36:51.269+0000] {taskmixin.py:205} WARNING - Dependency <Task(_PythonDecoratedOperator): log_sql_query>, print_the_context already registered for DAG: example_python_operator
[2023-05-10T07:36:51.271+0000] {logging_mixin.py:137} INFO - [2023-05-10T07:36:51.271+0000] {taskmixin.py:205} WARNING - Dependency <Task(_PythonDecoratedOperator): print_the_context>, log_sql_query already registered for DAG: example_python_operator
[2023-05-10T07:36:51.272+0000] {logging_mixin.py:137} INFO - [2023-05-10T07:36:51.272+0000] {taskmixin.py:205} WARNING - Dependency <Task(_PythonDecoratedOperator): log_sql_query>, print_the_context already registered for DAG: example_python_operator
[2023-05-10T07:36:51.273+0000] {logging_mixin.py:137} INFO - [2023-05-10T07:36:51.273+0000] {taskmixin.py:205} WARNING - Dependency <Task(_PythonDecoratedOperator): print_the_context>, log_sql_query already registered for DAG: example_python_operator
[2023-05-10T07:36:51.274+0000] {logging_mixin.py:137} INFO - [2023-05-10T07:36:51.274+0000] {taskmixin.py:205} WARNING - Dependency <Task(_PythonDecoratedOperator): log_sql_query>, print_the_context already registered for DAG: example_python_operator
[2023-05-10T07:36:51.276+0000] {logging_mixin.py:137} INFO - [2023-05-10T07:36:51.276+0000] {taskmixin.py:205} WARNING - Dependency <Task(_PythonDecoratedOperator): print_the_context>, log_sql_query already registered for DAG: example_python_operator
[2023-05-10T07:36:51.277+0000] {logging_mixin.py:137} INFO - [2023-05-10T07:36:51.277+0000] {taskmixin.py:205} WARNING - Dependency <Task(_PythonDecoratedOperator): log_sql_query>, print_the_context already registered for DAG: example_python_operator
[2023-05-10T07:36:51.284+0000] {processor.py:766} INFO - DAG(s) dict_keys(['example_python_operator']) retrieved from /home/airflow/.local/lib/python3.7/site-packages/airflow/example_dags/example_python_operator.py
[2023-05-10T07:36:51.311+0000] {logging_mixin.py:137} INFO - [2023-05-10T07:36:51.311+0000] {dag.py:2585} INFO - Sync 1 DAGs
[2023-05-10T07:36:51.330+0000] {logging_mixin.py:137} INFO - [2023-05-10T07:36:51.329+0000] {dag.py:3340} INFO - Setting next_dagrun for example_python_operator to None, run_after=None
[2023-05-10T07:36:51.347+0000] {processor.py:176} INFO - Processing /home/airflow/.local/lib/python3.7/site-packages/airflow/example_dags/example_python_operator.py took 0.096 seconds
[2023-05-10T07:37:21.968+0000] {processor.py:154} INFO - Started process (PID=418) to work on /home/airflow/.local/lib/python3.7/site-packages/airflow/example_dags/example_python_operator.py
[2023-05-10T07:37:21.969+0000] {processor.py:756} INFO - Processing file /home/airflow/.local/lib/python3.7/site-packages/airflow/example_dags/example_python_operator.py for tasks to queue
[2023-05-10T07:37:21.971+0000] {logging_mixin.py:137} INFO - [2023-05-10T07:37:21.971+0000] {dagbag.py:537} INFO - Filling up the DagBag from /home/airflow/.local/lib/python3.7/site-packages/airflow/example_dags/example_python_operator.py
[2023-05-10T07:37:21.982+0000] {logging_mixin.py:137} INFO - [2023-05-10T07:37:21.982+0000] {taskmixin.py:205} WARNING - Dependency <Task(_PythonDecoratedOperator): print_the_context>, log_sql_query already registered for DAG: example_python_operator
[2023-05-10T07:37:21.983+0000] {logging_mixin.py:137} INFO - [2023-05-10T07:37:21.983+0000] {taskmixin.py:205} WARNING - Dependency <Task(_PythonDecoratedOperator): log_sql_query>, print_the_context already registered for DAG: example_python_operator
[2023-05-10T07:37:21.985+0000] {logging_mixin.py:137} INFO - [2023-05-10T07:37:21.984+0000] {taskmixin.py:205} WARNING - Dependency <Task(_PythonDecoratedOperator): print_the_context>, log_sql_query already registered for DAG: example_python_operator
[2023-05-10T07:37:21.985+0000] {logging_mixin.py:137} INFO - [2023-05-10T07:37:21.985+0000] {taskmixin.py:205} WARNING - Dependency <Task(_PythonDecoratedOperator): log_sql_query>, print_the_context already registered for DAG: example_python_operator
[2023-05-10T07:37:21.987+0000] {logging_mixin.py:137} INFO - [2023-05-10T07:37:21.986+0000] {taskmixin.py:205} WARNING - Dependency <Task(_PythonDecoratedOperator): print_the_context>, log_sql_query already registered for DAG: example_python_operator
[2023-05-10T07:37:21.988+0000] {logging_mixin.py:137} INFO - [2023-05-10T07:37:21.988+0000] {taskmixin.py:205} WARNING - Dependency <Task(_PythonDecoratedOperator): log_sql_query>, print_the_context already registered for DAG: example_python_operator
[2023-05-10T07:37:21.989+0000] {logging_mixin.py:137} INFO - [2023-05-10T07:37:21.989+0000] {taskmixin.py:205} WARNING - Dependency <Task(_PythonDecoratedOperator): print_the_context>, log_sql_query already registered for DAG: example_python_operator
[2023-05-10T07:37:21.990+0000] {logging_mixin.py:137} INFO - [2023-05-10T07:37:21.990+0000] {taskmixin.py:205} WARNING - Dependency <Task(_PythonDecoratedOperator): log_sql_query>, print_the_context already registered for DAG: example_python_operator
[2023-05-10T07:37:21.995+0000] {processor.py:766} INFO - DAG(s) dict_keys(['example_python_operator']) retrieved from /home/airflow/.local/lib/python3.7/site-packages/airflow/example_dags/example_python_operator.py
[2023-05-10T07:37:22.028+0000] {logging_mixin.py:137} INFO - [2023-05-10T07:37:22.027+0000] {dag.py:2585} INFO - Sync 1 DAGs
[2023-05-10T07:37:22.050+0000] {logging_mixin.py:137} INFO - [2023-05-10T07:37:22.049+0000] {dag.py:3340} INFO - Setting next_dagrun for example_python_operator to None, run_after=None
[2023-05-10T07:37:22.065+0000] {processor.py:176} INFO - Processing /home/airflow/.local/lib/python3.7/site-packages/airflow/example_dags/example_python_operator.py took 0.099 seconds
[2023-05-10T07:37:52.496+0000] {processor.py:154} INFO - Started process (PID=480) to work on /home/airflow/.local/lib/python3.7/site-packages/airflow/example_dags/example_python_operator.py
[2023-05-10T07:37:52.498+0000] {processor.py:756} INFO - Processing file /home/airflow/.local/lib/python3.7/site-packages/airflow/example_dags/example_python_operator.py for tasks to queue
[2023-05-10T07:37:52.499+0000] {logging_mixin.py:137} INFO - [2023-05-10T07:37:52.499+0000] {dagbag.py:537} INFO - Filling up the DagBag from /home/airflow/.local/lib/python3.7/site-packages/airflow/example_dags/example_python_operator.py
[2023-05-10T07:37:52.508+0000] {logging_mixin.py:137} INFO - [2023-05-10T07:37:52.508+0000] {taskmixin.py:205} WARNING - Dependency <Task(_PythonDecoratedOperator): print_the_context>, log_sql_query already registered for DAG: example_python_operator
[2023-05-10T07:37:52.509+0000] {logging_mixin.py:137} INFO - [2023-05-10T07:37:52.509+0000] {taskmixin.py:205} WARNING - Dependency <Task(_PythonDecoratedOperator): log_sql_query>, print_the_context already registered for DAG: example_python_operator
[2023-05-10T07:37:52.510+0000] {logging_mixin.py:137} INFO - [2023-05-10T07:37:52.510+0000] {taskmixin.py:205} WARNING - Dependency <Task(_PythonDecoratedOperator): print_the_context>, log_sql_query already registered for DAG: example_python_operator
[2023-05-10T07:37:52.512+0000] {logging_mixin.py:137} INFO - [2023-05-10T07:37:52.512+0000] {taskmixin.py:205} WARNING - Dependency <Task(_PythonDecoratedOperator): log_sql_query>, print_the_context already registered for DAG: example_python_operator
[2023-05-10T07:37:52.513+0000] {logging_mixin.py:137} INFO - [2023-05-10T07:37:52.513+0000] {taskmixin.py:205} WARNING - Dependency <Task(_PythonDecoratedOperator): print_the_context>, log_sql_query already registered for DAG: example_python_operator
[2023-05-10T07:37:52.514+0000] {logging_mixin.py:137} INFO - [2023-05-10T07:37:52.514+0000] {taskmixin.py:205} WARNING - Dependency <Task(_PythonDecoratedOperator): log_sql_query>, print_the_context already registered for DAG: example_python_operator
[2023-05-10T07:37:52.515+0000] {logging_mixin.py:137} INFO - [2023-05-10T07:37:52.515+0000] {taskmixin.py:205} WARNING - Dependency <Task(_PythonDecoratedOperator): print_the_context>, log_sql_query already registered for DAG: example_python_operator
[2023-05-10T07:37:52.519+0000] {logging_mixin.py:137} INFO - [2023-05-10T07:37:52.519+0000] {taskmixin.py:205} WARNING - Dependency <Task(_PythonDecoratedOperator): log_sql_query>, print_the_context already registered for DAG: example_python_operator
[2023-05-10T07:37:52.525+0000] {processor.py:766} INFO - DAG(s) dict_keys(['example_python_operator']) retrieved from /home/airflow/.local/lib/python3.7/site-packages/airflow/example_dags/example_python_operator.py
[2023-05-10T07:37:52.550+0000] {logging_mixin.py:137} INFO - [2023-05-10T07:37:52.550+0000] {dag.py:2585} INFO - Sync 1 DAGs
[2023-05-10T07:37:52.566+0000] {logging_mixin.py:137} INFO - [2023-05-10T07:37:52.566+0000] {dag.py:3340} INFO - Setting next_dagrun for example_python_operator to None, run_after=None
[2023-05-10T07:37:52.578+0000] {processor.py:176} INFO - Processing /home/airflow/.local/lib/python3.7/site-packages/airflow/example_dags/example_python_operator.py took 0.084 seconds
