[2023-05-10T07:34:18.973+0000] {processor.py:154} INFO - Started process (PID=66) to work on /home/airflow/.local/lib/python3.7/site-packages/airflow/example_dags/example_task_group.py
[2023-05-10T07:34:18.975+0000] {processor.py:756} INFO - Processing file /home/airflow/.local/lib/python3.7/site-packages/airflow/example_dags/example_task_group.py for tasks to queue
[2023-05-10T07:34:18.976+0000] {logging_mixin.py:137} INFO - [2023-05-10T07:34:18.976+0000] {dagbag.py:537} INFO - Filling up the DagBag from /home/airflow/.local/lib/python3.7/site-packages/airflow/example_dags/example_task_group.py
[2023-05-10T07:34:18.989+0000] {processor.py:766} INFO - DAG(s) dict_keys(['example_task_group']) retrieved from /home/airflow/.local/lib/python3.7/site-packages/airflow/example_dags/example_task_group.py
[2023-05-10T07:34:19.022+0000] {logging_mixin.py:137} INFO - [2023-05-10T07:34:19.022+0000] {dag.py:2585} INFO - Sync 1 DAGs
[2023-05-10T07:34:19.040+0000] {logging_mixin.py:137} INFO - [2023-05-10T07:34:19.040+0000] {dag.py:3340} INFO - Setting next_dagrun for example_task_group to 2023-05-09T07:34:19.039878+00:00, run_after=2023-05-10T07:34:19.039878+00:00
[2023-05-10T07:34:19.056+0000] {processor.py:176} INFO - Processing /home/airflow/.local/lib/python3.7/site-packages/airflow/example_dags/example_task_group.py took 0.085 seconds
[2023-05-10T07:34:49.161+0000] {processor.py:154} INFO - Started process (PID=130) to work on /home/airflow/.local/lib/python3.7/site-packages/airflow/example_dags/example_task_group.py
[2023-05-10T07:34:49.163+0000] {processor.py:756} INFO - Processing file /home/airflow/.local/lib/python3.7/site-packages/airflow/example_dags/example_task_group.py for tasks to queue
[2023-05-10T07:34:49.165+0000] {logging_mixin.py:137} INFO - [2023-05-10T07:34:49.165+0000] {dagbag.py:537} INFO - Filling up the DagBag from /home/airflow/.local/lib/python3.7/site-packages/airflow/example_dags/example_task_group.py
[2023-05-10T07:34:49.177+0000] {processor.py:766} INFO - DAG(s) dict_keys(['example_task_group']) retrieved from /home/airflow/.local/lib/python3.7/site-packages/airflow/example_dags/example_task_group.py
[2023-05-10T07:34:49.202+0000] {logging_mixin.py:137} INFO - [2023-05-10T07:34:49.202+0000] {dag.py:2585} INFO - Sync 1 DAGs
[2023-05-10T07:34:49.217+0000] {logging_mixin.py:137} INFO - [2023-05-10T07:34:49.217+0000] {dag.py:3340} INFO - Setting next_dagrun for example_task_group to 2023-05-09T07:34:49.217588+00:00, run_after=2023-05-10T07:34:49.217588+00:00
[2023-05-10T07:34:49.231+0000] {processor.py:176} INFO - Processing /home/airflow/.local/lib/python3.7/site-packages/airflow/example_dags/example_task_group.py took 0.071 seconds
[2023-05-10T07:35:20.183+0000] {processor.py:154} INFO - Started process (PID=195) to work on /home/airflow/.local/lib/python3.7/site-packages/airflow/example_dags/example_task_group.py
[2023-05-10T07:35:20.185+0000] {processor.py:756} INFO - Processing file /home/airflow/.local/lib/python3.7/site-packages/airflow/example_dags/example_task_group.py for tasks to queue
[2023-05-10T07:35:20.186+0000] {logging_mixin.py:137} INFO - [2023-05-10T07:35:20.186+0000] {dagbag.py:537} INFO - Filling up the DagBag from /home/airflow/.local/lib/python3.7/site-packages/airflow/example_dags/example_task_group.py
[2023-05-10T07:35:20.197+0000] {processor.py:766} INFO - DAG(s) dict_keys(['example_task_group']) retrieved from /home/airflow/.local/lib/python3.7/site-packages/airflow/example_dags/example_task_group.py
[2023-05-10T07:35:20.225+0000] {logging_mixin.py:137} INFO - [2023-05-10T07:35:20.224+0000] {dag.py:2585} INFO - Sync 1 DAGs
[2023-05-10T07:35:20.241+0000] {logging_mixin.py:137} INFO - [2023-05-10T07:35:20.241+0000] {dag.py:3340} INFO - Setting next_dagrun for example_task_group to 2023-05-09T07:35:20.241140+00:00, run_after=2023-05-10T07:35:20.241140+00:00
[2023-05-10T07:35:20.257+0000] {processor.py:176} INFO - Processing /home/airflow/.local/lib/python3.7/site-packages/airflow/example_dags/example_task_group.py took 0.076 seconds
[2023-05-10T07:35:50.810+0000] {processor.py:154} INFO - Started process (PID=258) to work on /home/airflow/.local/lib/python3.7/site-packages/airflow/example_dags/example_task_group.py
[2023-05-10T07:35:50.812+0000] {processor.py:756} INFO - Processing file /home/airflow/.local/lib/python3.7/site-packages/airflow/example_dags/example_task_group.py for tasks to queue
[2023-05-10T07:35:50.813+0000] {logging_mixin.py:137} INFO - [2023-05-10T07:35:50.813+0000] {dagbag.py:537} INFO - Filling up the DagBag from /home/airflow/.local/lib/python3.7/site-packages/airflow/example_dags/example_task_group.py
[2023-05-10T07:35:50.824+0000] {processor.py:766} INFO - DAG(s) dict_keys(['example_task_group']) retrieved from /home/airflow/.local/lib/python3.7/site-packages/airflow/example_dags/example_task_group.py
[2023-05-10T07:35:50.852+0000] {logging_mixin.py:137} INFO - [2023-05-10T07:35:50.852+0000] {dag.py:2585} INFO - Sync 1 DAGs
[2023-05-10T07:35:50.869+0000] {logging_mixin.py:137} INFO - [2023-05-10T07:35:50.869+0000] {dag.py:3340} INFO - Setting next_dagrun for example_task_group to 2023-05-09T07:35:50.868937+00:00, run_after=2023-05-10T07:35:50.868937+00:00
[2023-05-10T07:35:50.880+0000] {processor.py:176} INFO - Processing /home/airflow/.local/lib/python3.7/site-packages/airflow/example_dags/example_task_group.py took 0.074 seconds
[2023-05-10T07:36:21.953+0000] {processor.py:154} INFO - Started process (PID=321) to work on /home/airflow/.local/lib/python3.7/site-packages/airflow/example_dags/example_task_group.py
[2023-05-10T07:36:21.955+0000] {processor.py:756} INFO - Processing file /home/airflow/.local/lib/python3.7/site-packages/airflow/example_dags/example_task_group.py for tasks to queue
[2023-05-10T07:36:21.956+0000] {logging_mixin.py:137} INFO - [2023-05-10T07:36:21.956+0000] {dagbag.py:537} INFO - Filling up the DagBag from /home/airflow/.local/lib/python3.7/site-packages/airflow/example_dags/example_task_group.py
[2023-05-10T07:36:21.970+0000] {processor.py:766} INFO - DAG(s) dict_keys(['example_task_group']) retrieved from /home/airflow/.local/lib/python3.7/site-packages/airflow/example_dags/example_task_group.py
[2023-05-10T07:36:21.998+0000] {logging_mixin.py:137} INFO - [2023-05-10T07:36:21.997+0000] {dag.py:2585} INFO - Sync 1 DAGs
[2023-05-10T07:36:22.015+0000] {logging_mixin.py:137} INFO - [2023-05-10T07:36:22.015+0000] {dag.py:3340} INFO - Setting next_dagrun for example_task_group to 2023-05-09T07:36:22.015666+00:00, run_after=2023-05-10T07:36:22.015666+00:00
[2023-05-10T07:36:22.030+0000] {processor.py:176} INFO - Processing /home/airflow/.local/lib/python3.7/site-packages/airflow/example_dags/example_task_group.py took 0.080 seconds
[2023-05-10T07:36:52.840+0000] {processor.py:154} INFO - Started process (PID=377) to work on /home/airflow/.local/lib/python3.7/site-packages/airflow/example_dags/example_task_group.py
[2023-05-10T07:36:52.842+0000] {processor.py:756} INFO - Processing file /home/airflow/.local/lib/python3.7/site-packages/airflow/example_dags/example_task_group.py for tasks to queue
[2023-05-10T07:36:52.843+0000] {logging_mixin.py:137} INFO - [2023-05-10T07:36:52.843+0000] {dagbag.py:537} INFO - Filling up the DagBag from /home/airflow/.local/lib/python3.7/site-packages/airflow/example_dags/example_task_group.py
[2023-05-10T07:36:52.854+0000] {processor.py:766} INFO - DAG(s) dict_keys(['example_task_group']) retrieved from /home/airflow/.local/lib/python3.7/site-packages/airflow/example_dags/example_task_group.py
[2023-05-10T07:36:52.884+0000] {logging_mixin.py:137} INFO - [2023-05-10T07:36:52.884+0000] {dag.py:2585} INFO - Sync 1 DAGs
[2023-05-10T07:36:52.900+0000] {logging_mixin.py:137} INFO - [2023-05-10T07:36:52.899+0000] {dag.py:3340} INFO - Setting next_dagrun for example_task_group to 2023-05-09T07:36:52.899846+00:00, run_after=2023-05-10T07:36:52.899846+00:00
[2023-05-10T07:36:52.913+0000] {processor.py:176} INFO - Processing /home/airflow/.local/lib/python3.7/site-packages/airflow/example_dags/example_task_group.py took 0.075 seconds
[2023-05-10T07:37:23.225+0000] {processor.py:154} INFO - Started process (PID=441) to work on /home/airflow/.local/lib/python3.7/site-packages/airflow/example_dags/example_task_group.py
[2023-05-10T07:37:23.228+0000] {processor.py:756} INFO - Processing file /home/airflow/.local/lib/python3.7/site-packages/airflow/example_dags/example_task_group.py for tasks to queue
[2023-05-10T07:37:23.229+0000] {logging_mixin.py:137} INFO - [2023-05-10T07:37:23.229+0000] {dagbag.py:537} INFO - Filling up the DagBag from /home/airflow/.local/lib/python3.7/site-packages/airflow/example_dags/example_task_group.py
[2023-05-10T07:37:23.240+0000] {processor.py:766} INFO - DAG(s) dict_keys(['example_task_group']) retrieved from /home/airflow/.local/lib/python3.7/site-packages/airflow/example_dags/example_task_group.py
[2023-05-10T07:37:23.265+0000] {logging_mixin.py:137} INFO - [2023-05-10T07:37:23.265+0000] {dag.py:2585} INFO - Sync 1 DAGs
[2023-05-10T07:37:23.281+0000] {logging_mixin.py:137} INFO - [2023-05-10T07:37:23.281+0000] {dag.py:3340} INFO - Setting next_dagrun for example_task_group to 2023-05-09T07:37:23.281452+00:00, run_after=2023-05-10T07:37:23.281452+00:00
[2023-05-10T07:37:23.293+0000] {processor.py:176} INFO - Processing /home/airflow/.local/lib/python3.7/site-packages/airflow/example_dags/example_task_group.py took 0.070 seconds
[2023-05-10T07:37:53.882+0000] {processor.py:154} INFO - Started process (PID=503) to work on /home/airflow/.local/lib/python3.7/site-packages/airflow/example_dags/example_task_group.py
[2023-05-10T07:37:53.884+0000] {processor.py:756} INFO - Processing file /home/airflow/.local/lib/python3.7/site-packages/airflow/example_dags/example_task_group.py for tasks to queue
[2023-05-10T07:37:53.885+0000] {logging_mixin.py:137} INFO - [2023-05-10T07:37:53.885+0000] {dagbag.py:537} INFO - Filling up the DagBag from /home/airflow/.local/lib/python3.7/site-packages/airflow/example_dags/example_task_group.py
[2023-05-10T07:37:53.898+0000] {processor.py:766} INFO - DAG(s) dict_keys(['example_task_group']) retrieved from /home/airflow/.local/lib/python3.7/site-packages/airflow/example_dags/example_task_group.py
[2023-05-10T07:37:53.926+0000] {logging_mixin.py:137} INFO - [2023-05-10T07:37:53.926+0000] {dag.py:2585} INFO - Sync 1 DAGs
[2023-05-10T07:37:53.941+0000] {logging_mixin.py:137} INFO - [2023-05-10T07:37:53.941+0000] {dag.py:3340} INFO - Setting next_dagrun for example_task_group to 2023-05-09T07:37:53.941680+00:00, run_after=2023-05-10T07:37:53.941680+00:00
[2023-05-10T07:37:53.952+0000] {processor.py:176} INFO - Processing /home/airflow/.local/lib/python3.7/site-packages/airflow/example_dags/example_task_group.py took 0.073 seconds
