[2023-05-10T07:34:18.280+0000] {processor.py:154} INFO - Started process (PID=58) to work on /home/airflow/.local/lib/python3.7/site-packages/airflow/example_dags/example_branch_datetime_operator.py
[2023-05-10T07:34:18.283+0000] {processor.py:756} INFO - Processing file /home/airflow/.local/lib/python3.7/site-packages/airflow/example_dags/example_branch_datetime_operator.py for tasks to queue
[2023-05-10T07:34:18.284+0000] {logging_mixin.py:137} INFO - [2023-05-10T07:34:18.284+0000] {dagbag.py:537} INFO - Filling up the DagBag from /home/airflow/.local/lib/python3.7/site-packages/airflow/example_dags/example_branch_datetime_operator.py
[2023-05-10T07:34:18.305+0000] {processor.py:766} INFO - DAG(s) dict_keys(['example_branch_datetime_operator_3', 'example_branch_datetime_operator_2', 'example_branch_datetime_operator']) retrieved from /home/airflow/.local/lib/python3.7/site-packages/airflow/example_dags/example_branch_datetime_operator.py
[2023-05-10T07:34:18.376+0000] {logging_mixin.py:137} INFO - [2023-05-10T07:34:18.376+0000] {dag.py:2585} INFO - Sync 3 DAGs
[2023-05-10T07:34:18.420+0000] {logging_mixin.py:137} INFO - [2023-05-10T07:34:18.420+0000] {dag.py:3340} INFO - Setting next_dagrun for example_branch_datetime_operator to 2023-05-09T00:00:00+00:00, run_after=2023-05-10T00:00:00+00:00
[2023-05-10T07:34:18.427+0000] {logging_mixin.py:137} INFO - [2023-05-10T07:34:18.427+0000] {dag.py:3340} INFO - Setting next_dagrun for example_branch_datetime_operator_2 to 2023-05-09T00:00:00+00:00, run_after=2023-05-10T00:00:00+00:00
[2023-05-10T07:34:18.432+0000] {logging_mixin.py:137} INFO - [2023-05-10T07:34:18.432+0000] {dag.py:3340} INFO - Setting next_dagrun for example_branch_datetime_operator_3 to 2023-05-09T00:00:00+00:00, run_after=2023-05-10T00:00:00+00:00
[2023-05-10T07:34:18.450+0000] {processor.py:176} INFO - Processing /home/airflow/.local/lib/python3.7/site-packages/airflow/example_dags/example_branch_datetime_operator.py took 0.176 seconds
[2023-05-10T07:34:48.483+0000] {processor.py:154} INFO - Started process (PID=122) to work on /home/airflow/.local/lib/python3.7/site-packages/airflow/example_dags/example_branch_datetime_operator.py
[2023-05-10T07:34:48.485+0000] {processor.py:756} INFO - Processing file /home/airflow/.local/lib/python3.7/site-packages/airflow/example_dags/example_branch_datetime_operator.py for tasks to queue
[2023-05-10T07:34:48.487+0000] {logging_mixin.py:137} INFO - [2023-05-10T07:34:48.487+0000] {dagbag.py:537} INFO - Filling up the DagBag from /home/airflow/.local/lib/python3.7/site-packages/airflow/example_dags/example_branch_datetime_operator.py
[2023-05-10T07:34:48.500+0000] {processor.py:766} INFO - DAG(s) dict_keys(['example_branch_datetime_operator_2', 'example_branch_datetime_operator', 'example_branch_datetime_operator_3']) retrieved from /home/airflow/.local/lib/python3.7/site-packages/airflow/example_dags/example_branch_datetime_operator.py
[2023-05-10T07:34:48.536+0000] {logging_mixin.py:137} INFO - [2023-05-10T07:34:48.536+0000] {dag.py:2585} INFO - Sync 3 DAGs
[2023-05-10T07:34:48.553+0000] {logging_mixin.py:137} INFO - [2023-05-10T07:34:48.553+0000] {dag.py:3340} INFO - Setting next_dagrun for example_branch_datetime_operator to 2023-05-09T00:00:00+00:00, run_after=2023-05-10T00:00:00+00:00
[2023-05-10T07:34:48.558+0000] {logging_mixin.py:137} INFO - [2023-05-10T07:34:48.558+0000] {dag.py:3340} INFO - Setting next_dagrun for example_branch_datetime_operator_2 to 2023-05-09T00:00:00+00:00, run_after=2023-05-10T00:00:00+00:00
[2023-05-10T07:34:48.561+0000] {logging_mixin.py:137} INFO - [2023-05-10T07:34:48.560+0000] {dag.py:3340} INFO - Setting next_dagrun for example_branch_datetime_operator_3 to 2023-05-09T00:00:00+00:00, run_after=2023-05-10T00:00:00+00:00
[2023-05-10T07:34:48.572+0000] {processor.py:176} INFO - Processing /home/airflow/.local/lib/python3.7/site-packages/airflow/example_dags/example_branch_datetime_operator.py took 0.091 seconds
[2023-05-10T07:35:19.734+0000] {processor.py:154} INFO - Started process (PID=187) to work on /home/airflow/.local/lib/python3.7/site-packages/airflow/example_dags/example_branch_datetime_operator.py
[2023-05-10T07:35:19.737+0000] {processor.py:756} INFO - Processing file /home/airflow/.local/lib/python3.7/site-packages/airflow/example_dags/example_branch_datetime_operator.py for tasks to queue
[2023-05-10T07:35:19.738+0000] {logging_mixin.py:137} INFO - [2023-05-10T07:35:19.738+0000] {dagbag.py:537} INFO - Filling up the DagBag from /home/airflow/.local/lib/python3.7/site-packages/airflow/example_dags/example_branch_datetime_operator.py
[2023-05-10T07:35:19.751+0000] {processor.py:766} INFO - DAG(s) dict_keys(['example_branch_datetime_operator', 'example_branch_datetime_operator_3', 'example_branch_datetime_operator_2']) retrieved from /home/airflow/.local/lib/python3.7/site-packages/airflow/example_dags/example_branch_datetime_operator.py
[2023-05-10T07:35:19.787+0000] {logging_mixin.py:137} INFO - [2023-05-10T07:35:19.787+0000] {dag.py:2585} INFO - Sync 3 DAGs
[2023-05-10T07:35:19.803+0000] {logging_mixin.py:137} INFO - [2023-05-10T07:35:19.803+0000] {dag.py:3340} INFO - Setting next_dagrun for example_branch_datetime_operator to 2023-05-09T00:00:00+00:00, run_after=2023-05-10T00:00:00+00:00
[2023-05-10T07:35:19.808+0000] {logging_mixin.py:137} INFO - [2023-05-10T07:35:19.808+0000] {dag.py:3340} INFO - Setting next_dagrun for example_branch_datetime_operator_2 to 2023-05-09T00:00:00+00:00, run_after=2023-05-10T00:00:00+00:00
[2023-05-10T07:35:19.810+0000] {logging_mixin.py:137} INFO - [2023-05-10T07:35:19.810+0000] {dag.py:3340} INFO - Setting next_dagrun for example_branch_datetime_operator_3 to 2023-05-09T00:00:00+00:00, run_after=2023-05-10T00:00:00+00:00
[2023-05-10T07:35:19.822+0000] {processor.py:176} INFO - Processing /home/airflow/.local/lib/python3.7/site-packages/airflow/example_dags/example_branch_datetime_operator.py took 0.090 seconds
[2023-05-10T07:35:50.395+0000] {processor.py:154} INFO - Started process (PID=250) to work on /home/airflow/.local/lib/python3.7/site-packages/airflow/example_dags/example_branch_datetime_operator.py
[2023-05-10T07:35:50.397+0000] {processor.py:756} INFO - Processing file /home/airflow/.local/lib/python3.7/site-packages/airflow/example_dags/example_branch_datetime_operator.py for tasks to queue
[2023-05-10T07:35:50.399+0000] {logging_mixin.py:137} INFO - [2023-05-10T07:35:50.399+0000] {dagbag.py:537} INFO - Filling up the DagBag from /home/airflow/.local/lib/python3.7/site-packages/airflow/example_dags/example_branch_datetime_operator.py
[2023-05-10T07:35:50.411+0000] {processor.py:766} INFO - DAG(s) dict_keys(['example_branch_datetime_operator', 'example_branch_datetime_operator_2', 'example_branch_datetime_operator_3']) retrieved from /home/airflow/.local/lib/python3.7/site-packages/airflow/example_dags/example_branch_datetime_operator.py
[2023-05-10T07:35:50.450+0000] {logging_mixin.py:137} INFO - [2023-05-10T07:35:50.450+0000] {dag.py:2585} INFO - Sync 3 DAGs
[2023-05-10T07:35:50.465+0000] {logging_mixin.py:137} INFO - [2023-05-10T07:35:50.465+0000] {dag.py:3340} INFO - Setting next_dagrun for example_branch_datetime_operator to 2023-05-09T00:00:00+00:00, run_after=2023-05-10T00:00:00+00:00
[2023-05-10T07:35:50.469+0000] {logging_mixin.py:137} INFO - [2023-05-10T07:35:50.469+0000] {dag.py:3340} INFO - Setting next_dagrun for example_branch_datetime_operator_2 to 2023-05-09T00:00:00+00:00, run_after=2023-05-10T00:00:00+00:00
[2023-05-10T07:35:50.472+0000] {logging_mixin.py:137} INFO - [2023-05-10T07:35:50.472+0000] {dag.py:3340} INFO - Setting next_dagrun for example_branch_datetime_operator_3 to 2023-05-09T00:00:00+00:00, run_after=2023-05-10T00:00:00+00:00
[2023-05-10T07:35:50.482+0000] {processor.py:176} INFO - Processing /home/airflow/.local/lib/python3.7/site-packages/airflow/example_dags/example_branch_datetime_operator.py took 0.089 seconds
[2023-05-10T07:36:21.448+0000] {processor.py:154} INFO - Started process (PID=313) to work on /home/airflow/.local/lib/python3.7/site-packages/airflow/example_dags/example_branch_datetime_operator.py
[2023-05-10T07:36:21.452+0000] {processor.py:756} INFO - Processing file /home/airflow/.local/lib/python3.7/site-packages/airflow/example_dags/example_branch_datetime_operator.py for tasks to queue
[2023-05-10T07:36:21.454+0000] {logging_mixin.py:137} INFO - [2023-05-10T07:36:21.454+0000] {dagbag.py:537} INFO - Filling up the DagBag from /home/airflow/.local/lib/python3.7/site-packages/airflow/example_dags/example_branch_datetime_operator.py
[2023-05-10T07:36:21.468+0000] {processor.py:766} INFO - DAG(s) dict_keys(['example_branch_datetime_operator_3', 'example_branch_datetime_operator_2', 'example_branch_datetime_operator']) retrieved from /home/airflow/.local/lib/python3.7/site-packages/airflow/example_dags/example_branch_datetime_operator.py
[2023-05-10T07:36:21.527+0000] {logging_mixin.py:137} INFO - [2023-05-10T07:36:21.527+0000] {dag.py:2585} INFO - Sync 3 DAGs
[2023-05-10T07:36:21.547+0000] {logging_mixin.py:137} INFO - [2023-05-10T07:36:21.547+0000] {dag.py:3340} INFO - Setting next_dagrun for example_branch_datetime_operator to 2023-05-09T00:00:00+00:00, run_after=2023-05-10T00:00:00+00:00
[2023-05-10T07:36:21.552+0000] {logging_mixin.py:137} INFO - [2023-05-10T07:36:21.551+0000] {dag.py:3340} INFO - Setting next_dagrun for example_branch_datetime_operator_2 to 2023-05-09T00:00:00+00:00, run_after=2023-05-10T00:00:00+00:00
[2023-05-10T07:36:21.556+0000] {logging_mixin.py:137} INFO - [2023-05-10T07:36:21.556+0000] {dag.py:3340} INFO - Setting next_dagrun for example_branch_datetime_operator_3 to 2023-05-09T00:00:00+00:00, run_after=2023-05-10T00:00:00+00:00
[2023-05-10T07:36:21.575+0000] {processor.py:176} INFO - Processing /home/airflow/.local/lib/python3.7/site-packages/airflow/example_dags/example_branch_datetime_operator.py took 0.129 seconds
[2023-05-10T07:36:52.354+0000] {processor.py:154} INFO - Started process (PID=369) to work on /home/airflow/.local/lib/python3.7/site-packages/airflow/example_dags/example_branch_datetime_operator.py
[2023-05-10T07:36:52.356+0000] {processor.py:756} INFO - Processing file /home/airflow/.local/lib/python3.7/site-packages/airflow/example_dags/example_branch_datetime_operator.py for tasks to queue
[2023-05-10T07:36:52.357+0000] {logging_mixin.py:137} INFO - [2023-05-10T07:36:52.357+0000] {dagbag.py:537} INFO - Filling up the DagBag from /home/airflow/.local/lib/python3.7/site-packages/airflow/example_dags/example_branch_datetime_operator.py
[2023-05-10T07:36:52.370+0000] {processor.py:766} INFO - DAG(s) dict_keys(['example_branch_datetime_operator', 'example_branch_datetime_operator_2', 'example_branch_datetime_operator_3']) retrieved from /home/airflow/.local/lib/python3.7/site-packages/airflow/example_dags/example_branch_datetime_operator.py
[2023-05-10T07:36:52.404+0000] {logging_mixin.py:137} INFO - [2023-05-10T07:36:52.404+0000] {dag.py:2585} INFO - Sync 3 DAGs
[2023-05-10T07:36:52.423+0000] {logging_mixin.py:137} INFO - [2023-05-10T07:36:52.423+0000] {dag.py:3340} INFO - Setting next_dagrun for example_branch_datetime_operator to 2023-05-09T00:00:00+00:00, run_after=2023-05-10T00:00:00+00:00
[2023-05-10T07:36:52.428+0000] {logging_mixin.py:137} INFO - [2023-05-10T07:36:52.428+0000] {dag.py:3340} INFO - Setting next_dagrun for example_branch_datetime_operator_2 to 2023-05-09T00:00:00+00:00, run_after=2023-05-10T00:00:00+00:00
[2023-05-10T07:36:52.431+0000] {logging_mixin.py:137} INFO - [2023-05-10T07:36:52.431+0000] {dag.py:3340} INFO - Setting next_dagrun for example_branch_datetime_operator_3 to 2023-05-09T00:00:00+00:00, run_after=2023-05-10T00:00:00+00:00
[2023-05-10T07:36:52.448+0000] {processor.py:176} INFO - Processing /home/airflow/.local/lib/python3.7/site-packages/airflow/example_dags/example_branch_datetime_operator.py took 0.096 seconds
[2023-05-10T07:37:22.823+0000] {processor.py:154} INFO - Started process (PID=433) to work on /home/airflow/.local/lib/python3.7/site-packages/airflow/example_dags/example_branch_datetime_operator.py
[2023-05-10T07:37:22.825+0000] {processor.py:756} INFO - Processing file /home/airflow/.local/lib/python3.7/site-packages/airflow/example_dags/example_branch_datetime_operator.py for tasks to queue
[2023-05-10T07:37:22.828+0000] {logging_mixin.py:137} INFO - [2023-05-10T07:37:22.827+0000] {dagbag.py:537} INFO - Filling up the DagBag from /home/airflow/.local/lib/python3.7/site-packages/airflow/example_dags/example_branch_datetime_operator.py
[2023-05-10T07:37:22.839+0000] {processor.py:766} INFO - DAG(s) dict_keys(['example_branch_datetime_operator', 'example_branch_datetime_operator_2', 'example_branch_datetime_operator_3']) retrieved from /home/airflow/.local/lib/python3.7/site-packages/airflow/example_dags/example_branch_datetime_operator.py
[2023-05-10T07:37:22.869+0000] {logging_mixin.py:137} INFO - [2023-05-10T07:37:22.869+0000] {dag.py:2585} INFO - Sync 3 DAGs
[2023-05-10T07:37:22.885+0000] {logging_mixin.py:137} INFO - [2023-05-10T07:37:22.885+0000] {dag.py:3340} INFO - Setting next_dagrun for example_branch_datetime_operator to 2023-05-09T00:00:00+00:00, run_after=2023-05-10T00:00:00+00:00
[2023-05-10T07:37:22.889+0000] {logging_mixin.py:137} INFO - [2023-05-10T07:37:22.889+0000] {dag.py:3340} INFO - Setting next_dagrun for example_branch_datetime_operator_2 to 2023-05-09T00:00:00+00:00, run_after=2023-05-10T00:00:00+00:00
[2023-05-10T07:37:22.891+0000] {logging_mixin.py:137} INFO - [2023-05-10T07:37:22.891+0000] {dag.py:3340} INFO - Setting next_dagrun for example_branch_datetime_operator_3 to 2023-05-09T00:00:00+00:00, run_after=2023-05-10T00:00:00+00:00
[2023-05-10T07:37:22.902+0000] {processor.py:176} INFO - Processing /home/airflow/.local/lib/python3.7/site-packages/airflow/example_dags/example_branch_datetime_operator.py took 0.081 seconds
[2023-05-10T07:37:53.374+0000] {processor.py:154} INFO - Started process (PID=495) to work on /home/airflow/.local/lib/python3.7/site-packages/airflow/example_dags/example_branch_datetime_operator.py
[2023-05-10T07:37:53.376+0000] {processor.py:756} INFO - Processing file /home/airflow/.local/lib/python3.7/site-packages/airflow/example_dags/example_branch_datetime_operator.py for tasks to queue
[2023-05-10T07:37:53.377+0000] {logging_mixin.py:137} INFO - [2023-05-10T07:37:53.377+0000] {dagbag.py:537} INFO - Filling up the DagBag from /home/airflow/.local/lib/python3.7/site-packages/airflow/example_dags/example_branch_datetime_operator.py
[2023-05-10T07:37:53.387+0000] {processor.py:766} INFO - DAG(s) dict_keys(['example_branch_datetime_operator', 'example_branch_datetime_operator_3', 'example_branch_datetime_operator_2']) retrieved from /home/airflow/.local/lib/python3.7/site-packages/airflow/example_dags/example_branch_datetime_operator.py
[2023-05-10T07:37:53.416+0000] {logging_mixin.py:137} INFO - [2023-05-10T07:37:53.416+0000] {dag.py:2585} INFO - Sync 3 DAGs
[2023-05-10T07:37:53.431+0000] {logging_mixin.py:137} INFO - [2023-05-10T07:37:53.431+0000] {dag.py:3340} INFO - Setting next_dagrun for example_branch_datetime_operator to 2023-05-09T00:00:00+00:00, run_after=2023-05-10T00:00:00+00:00
[2023-05-10T07:37:53.436+0000] {logging_mixin.py:137} INFO - [2023-05-10T07:37:53.435+0000] {dag.py:3340} INFO - Setting next_dagrun for example_branch_datetime_operator_2 to 2023-05-09T00:00:00+00:00, run_after=2023-05-10T00:00:00+00:00
[2023-05-10T07:37:53.438+0000] {logging_mixin.py:137} INFO - [2023-05-10T07:37:53.438+0000] {dag.py:3340} INFO - Setting next_dagrun for example_branch_datetime_operator_3 to 2023-05-09T00:00:00+00:00, run_after=2023-05-10T00:00:00+00:00
[2023-05-10T07:37:53.448+0000] {processor.py:176} INFO - Processing /home/airflow/.local/lib/python3.7/site-packages/airflow/example_dags/example_branch_datetime_operator.py took 0.076 seconds
