[2023-05-10T07:34:18.622+0000] {processor.py:154} INFO - Started process (PID=62) to work on /home/airflow/.local/lib/python3.7/site-packages/airflow/example_dags/example_nested_branch_dag.py
[2023-05-10T07:34:18.623+0000] {processor.py:756} INFO - Processing file /home/airflow/.local/lib/python3.7/site-packages/airflow/example_dags/example_nested_branch_dag.py for tasks to queue
[2023-05-10T07:34:18.624+0000] {logging_mixin.py:137} INFO - [2023-05-10T07:34:18.624+0000] {dagbag.py:537} INFO - Filling up the DagBag from /home/airflow/.local/lib/python3.7/site-packages/airflow/example_dags/example_nested_branch_dag.py
[2023-05-10T07:34:18.644+0000] {processor.py:766} INFO - DAG(s) dict_keys(['example_nested_branch_dag']) retrieved from /home/airflow/.local/lib/python3.7/site-packages/airflow/example_dags/example_nested_branch_dag.py
[2023-05-10T07:34:18.688+0000] {logging_mixin.py:137} INFO - [2023-05-10T07:34:18.688+0000] {dag.py:2585} INFO - Sync 1 DAGs
[2023-05-10T07:34:18.713+0000] {logging_mixin.py:137} INFO - [2023-05-10T07:34:18.713+0000] {dag.py:3340} INFO - Setting next_dagrun for example_nested_branch_dag to 2023-05-09T00:00:00+00:00, run_after=2023-05-10T00:00:00+00:00
[2023-05-10T07:34:18.734+0000] {processor.py:176} INFO - Processing /home/airflow/.local/lib/python3.7/site-packages/airflow/example_dags/example_nested_branch_dag.py took 0.114 seconds
[2023-05-10T07:34:48.852+0000] {processor.py:154} INFO - Started process (PID=126) to work on /home/airflow/.local/lib/python3.7/site-packages/airflow/example_dags/example_nested_branch_dag.py
[2023-05-10T07:34:48.854+0000] {processor.py:756} INFO - Processing file /home/airflow/.local/lib/python3.7/site-packages/airflow/example_dags/example_nested_branch_dag.py for tasks to queue
[2023-05-10T07:34:48.855+0000] {logging_mixin.py:137} INFO - [2023-05-10T07:34:48.855+0000] {dagbag.py:537} INFO - Filling up the DagBag from /home/airflow/.local/lib/python3.7/site-packages/airflow/example_dags/example_nested_branch_dag.py
[2023-05-10T07:34:48.872+0000] {processor.py:766} INFO - DAG(s) dict_keys(['example_nested_branch_dag']) retrieved from /home/airflow/.local/lib/python3.7/site-packages/airflow/example_dags/example_nested_branch_dag.py
[2023-05-10T07:34:48.900+0000] {logging_mixin.py:137} INFO - [2023-05-10T07:34:48.900+0000] {dag.py:2585} INFO - Sync 1 DAGs
[2023-05-10T07:34:48.916+0000] {logging_mixin.py:137} INFO - [2023-05-10T07:34:48.916+0000] {dag.py:3340} INFO - Setting next_dagrun for example_nested_branch_dag to 2023-05-09T00:00:00+00:00, run_after=2023-05-10T00:00:00+00:00
[2023-05-10T07:34:48.928+0000] {processor.py:176} INFO - Processing /home/airflow/.local/lib/python3.7/site-packages/airflow/example_dags/example_nested_branch_dag.py took 0.078 seconds
[2023-05-10T07:35:19.952+0000] {processor.py:154} INFO - Started process (PID=191) to work on /home/airflow/.local/lib/python3.7/site-packages/airflow/example_dags/example_nested_branch_dag.py
[2023-05-10T07:35:19.954+0000] {processor.py:756} INFO - Processing file /home/airflow/.local/lib/python3.7/site-packages/airflow/example_dags/example_nested_branch_dag.py for tasks to queue
[2023-05-10T07:35:19.956+0000] {logging_mixin.py:137} INFO - [2023-05-10T07:35:19.955+0000] {dagbag.py:537} INFO - Filling up the DagBag from /home/airflow/.local/lib/python3.7/site-packages/airflow/example_dags/example_nested_branch_dag.py
[2023-05-10T07:35:19.975+0000] {processor.py:766} INFO - DAG(s) dict_keys(['example_nested_branch_dag']) retrieved from /home/airflow/.local/lib/python3.7/site-packages/airflow/example_dags/example_nested_branch_dag.py
[2023-05-10T07:35:20.017+0000] {logging_mixin.py:137} INFO - [2023-05-10T07:35:20.016+0000] {dag.py:2585} INFO - Sync 1 DAGs
[2023-05-10T07:35:20.038+0000] {logging_mixin.py:137} INFO - [2023-05-10T07:35:20.038+0000] {dag.py:3340} INFO - Setting next_dagrun for example_nested_branch_dag to 2023-05-09T00:00:00+00:00, run_after=2023-05-10T00:00:00+00:00
[2023-05-10T07:35:20.053+0000] {processor.py:176} INFO - Processing /home/airflow/.local/lib/python3.7/site-packages/airflow/example_dags/example_nested_branch_dag.py took 0.104 seconds
[2023-05-10T07:35:50.606+0000] {processor.py:154} INFO - Started process (PID=254) to work on /home/airflow/.local/lib/python3.7/site-packages/airflow/example_dags/example_nested_branch_dag.py
[2023-05-10T07:35:50.607+0000] {processor.py:756} INFO - Processing file /home/airflow/.local/lib/python3.7/site-packages/airflow/example_dags/example_nested_branch_dag.py for tasks to queue
[2023-05-10T07:35:50.609+0000] {logging_mixin.py:137} INFO - [2023-05-10T07:35:50.609+0000] {dagbag.py:537} INFO - Filling up the DagBag from /home/airflow/.local/lib/python3.7/site-packages/airflow/example_dags/example_nested_branch_dag.py
[2023-05-10T07:35:50.625+0000] {processor.py:766} INFO - DAG(s) dict_keys(['example_nested_branch_dag']) retrieved from /home/airflow/.local/lib/python3.7/site-packages/airflow/example_dags/example_nested_branch_dag.py
[2023-05-10T07:35:50.654+0000] {logging_mixin.py:137} INFO - [2023-05-10T07:35:50.654+0000] {dag.py:2585} INFO - Sync 1 DAGs
[2023-05-10T07:35:50.670+0000] {logging_mixin.py:137} INFO - [2023-05-10T07:35:50.670+0000] {dag.py:3340} INFO - Setting next_dagrun for example_nested_branch_dag to 2023-05-09T00:00:00+00:00, run_after=2023-05-10T00:00:00+00:00
[2023-05-10T07:35:50.685+0000] {processor.py:176} INFO - Processing /home/airflow/.local/lib/python3.7/site-packages/airflow/example_dags/example_nested_branch_dag.py took 0.081 seconds
[2023-05-10T07:36:21.728+0000] {processor.py:154} INFO - Started process (PID=317) to work on /home/airflow/.local/lib/python3.7/site-packages/airflow/example_dags/example_nested_branch_dag.py
[2023-05-10T07:36:21.735+0000] {processor.py:756} INFO - Processing file /home/airflow/.local/lib/python3.7/site-packages/airflow/example_dags/example_nested_branch_dag.py for tasks to queue
[2023-05-10T07:36:21.736+0000] {logging_mixin.py:137} INFO - [2023-05-10T07:36:21.736+0000] {dagbag.py:537} INFO - Filling up the DagBag from /home/airflow/.local/lib/python3.7/site-packages/airflow/example_dags/example_nested_branch_dag.py
[2023-05-10T07:36:21.756+0000] {processor.py:766} INFO - DAG(s) dict_keys(['example_nested_branch_dag']) retrieved from /home/airflow/.local/lib/python3.7/site-packages/airflow/example_dags/example_nested_branch_dag.py
[2023-05-10T07:36:21.783+0000] {logging_mixin.py:137} INFO - [2023-05-10T07:36:21.783+0000] {dag.py:2585} INFO - Sync 1 DAGs
[2023-05-10T07:36:21.800+0000] {logging_mixin.py:137} INFO - [2023-05-10T07:36:21.800+0000] {dag.py:3340} INFO - Setting next_dagrun for example_nested_branch_dag to 2023-05-09T00:00:00+00:00, run_after=2023-05-10T00:00:00+00:00
[2023-05-10T07:36:21.815+0000] {processor.py:176} INFO - Processing /home/airflow/.local/lib/python3.7/site-packages/airflow/example_dags/example_nested_branch_dag.py took 0.091 seconds
[2023-05-10T07:36:52.598+0000] {processor.py:154} INFO - Started process (PID=373) to work on /home/airflow/.local/lib/python3.7/site-packages/airflow/example_dags/example_nested_branch_dag.py
[2023-05-10T07:36:52.601+0000] {processor.py:756} INFO - Processing file /home/airflow/.local/lib/python3.7/site-packages/airflow/example_dags/example_nested_branch_dag.py for tasks to queue
[2023-05-10T07:36:52.603+0000] {logging_mixin.py:137} INFO - [2023-05-10T07:36:52.603+0000] {dagbag.py:537} INFO - Filling up the DagBag from /home/airflow/.local/lib/python3.7/site-packages/airflow/example_dags/example_nested_branch_dag.py
[2023-05-10T07:36:52.623+0000] {processor.py:766} INFO - DAG(s) dict_keys(['example_nested_branch_dag']) retrieved from /home/airflow/.local/lib/python3.7/site-packages/airflow/example_dags/example_nested_branch_dag.py
[2023-05-10T07:36:52.660+0000] {logging_mixin.py:137} INFO - [2023-05-10T07:36:52.659+0000] {dag.py:2585} INFO - Sync 1 DAGs
[2023-05-10T07:36:52.680+0000] {logging_mixin.py:137} INFO - [2023-05-10T07:36:52.680+0000] {dag.py:3340} INFO - Setting next_dagrun for example_nested_branch_dag to 2023-05-09T00:00:00+00:00, run_after=2023-05-10T00:00:00+00:00
[2023-05-10T07:36:52.695+0000] {processor.py:176} INFO - Processing /home/airflow/.local/lib/python3.7/site-packages/airflow/example_dags/example_nested_branch_dag.py took 0.100 seconds
[2023-05-10T07:37:23.031+0000] {processor.py:154} INFO - Started process (PID=437) to work on /home/airflow/.local/lib/python3.7/site-packages/airflow/example_dags/example_nested_branch_dag.py
[2023-05-10T07:37:23.033+0000] {processor.py:756} INFO - Processing file /home/airflow/.local/lib/python3.7/site-packages/airflow/example_dags/example_nested_branch_dag.py for tasks to queue
[2023-05-10T07:37:23.034+0000] {logging_mixin.py:137} INFO - [2023-05-10T07:37:23.034+0000] {dagbag.py:537} INFO - Filling up the DagBag from /home/airflow/.local/lib/python3.7/site-packages/airflow/example_dags/example_nested_branch_dag.py
[2023-05-10T07:37:23.050+0000] {processor.py:766} INFO - DAG(s) dict_keys(['example_nested_branch_dag']) retrieved from /home/airflow/.local/lib/python3.7/site-packages/airflow/example_dags/example_nested_branch_dag.py
[2023-05-10T07:37:23.077+0000] {logging_mixin.py:137} INFO - [2023-05-10T07:37:23.077+0000] {dag.py:2585} INFO - Sync 1 DAGs
[2023-05-10T07:37:23.093+0000] {logging_mixin.py:137} INFO - [2023-05-10T07:37:23.093+0000] {dag.py:3340} INFO - Setting next_dagrun for example_nested_branch_dag to 2023-05-09T00:00:00+00:00, run_after=2023-05-10T00:00:00+00:00
[2023-05-10T07:37:23.104+0000] {processor.py:176} INFO - Processing /home/airflow/.local/lib/python3.7/site-packages/airflow/example_dags/example_nested_branch_dag.py took 0.077 seconds
[2023-05-10T07:37:53.581+0000] {processor.py:154} INFO - Started process (PID=499) to work on /home/airflow/.local/lib/python3.7/site-packages/airflow/example_dags/example_nested_branch_dag.py
[2023-05-10T07:37:53.582+0000] {processor.py:756} INFO - Processing file /home/airflow/.local/lib/python3.7/site-packages/airflow/example_dags/example_nested_branch_dag.py for tasks to queue
[2023-05-10T07:37:53.583+0000] {logging_mixin.py:137} INFO - [2023-05-10T07:37:53.583+0000] {dagbag.py:537} INFO - Filling up the DagBag from /home/airflow/.local/lib/python3.7/site-packages/airflow/example_dags/example_nested_branch_dag.py
[2023-05-10T07:37:53.598+0000] {processor.py:766} INFO - DAG(s) dict_keys(['example_nested_branch_dag']) retrieved from /home/airflow/.local/lib/python3.7/site-packages/airflow/example_dags/example_nested_branch_dag.py
[2023-05-10T07:37:53.625+0000] {logging_mixin.py:137} INFO - [2023-05-10T07:37:53.625+0000] {dag.py:2585} INFO - Sync 1 DAGs
[2023-05-10T07:37:53.642+0000] {logging_mixin.py:137} INFO - [2023-05-10T07:37:53.642+0000] {dag.py:3340} INFO - Setting next_dagrun for example_nested_branch_dag to 2023-05-09T00:00:00+00:00, run_after=2023-05-10T00:00:00+00:00
[2023-05-10T07:37:53.652+0000] {processor.py:176} INFO - Processing /home/airflow/.local/lib/python3.7/site-packages/airflow/example_dags/example_nested_branch_dag.py took 0.074 seconds
