[2023-05-10T07:34:16.343+0000] {processor.py:154} INFO - Started process (PID=41) to work on /home/airflow/.local/lib/python3.7/site-packages/airflow/example_dags/example_branch_labels.py
[2023-05-10T07:34:16.345+0000] {processor.py:756} INFO - Processing file /home/airflow/.local/lib/python3.7/site-packages/airflow/example_dags/example_branch_labels.py for tasks to queue
[2023-05-10T07:34:16.346+0000] {logging_mixin.py:137} INFO - [2023-05-10T07:34:16.346+0000] {dagbag.py:537} INFO - Filling up the DagBag from /home/airflow/.local/lib/python3.7/site-packages/airflow/example_dags/example_branch_labels.py
[2023-05-10T07:34:16.374+0000] {processor.py:766} INFO - DAG(s) dict_keys(['example_branch_labels']) retrieved from /home/airflow/.local/lib/python3.7/site-packages/airflow/example_dags/example_branch_labels.py
[2023-05-10T07:34:16.450+0000] {logging_mixin.py:137} INFO - [2023-05-10T07:34:16.450+0000] {dag.py:2585} INFO - Sync 1 DAGs
[2023-05-10T07:34:16.471+0000] {logging_mixin.py:137} INFO - [2023-05-10T07:34:16.471+0000] {dag.py:3340} INFO - Setting next_dagrun for example_branch_labels to 2023-05-09T00:00:00+00:00, run_after=2023-05-10T00:00:00+00:00
[2023-05-10T07:34:16.486+0000] {processor.py:176} INFO - Processing /home/airflow/.local/lib/python3.7/site-packages/airflow/example_dags/example_branch_labels.py took 0.149 seconds
[2023-05-10T07:34:47.314+0000] {processor.py:154} INFO - Started process (PID=105) to work on /home/airflow/.local/lib/python3.7/site-packages/airflow/example_dags/example_branch_labels.py
[2023-05-10T07:34:47.317+0000] {processor.py:756} INFO - Processing file /home/airflow/.local/lib/python3.7/site-packages/airflow/example_dags/example_branch_labels.py for tasks to queue
[2023-05-10T07:34:47.319+0000] {logging_mixin.py:137} INFO - [2023-05-10T07:34:47.319+0000] {dagbag.py:537} INFO - Filling up the DagBag from /home/airflow/.local/lib/python3.7/site-packages/airflow/example_dags/example_branch_labels.py
[2023-05-10T07:34:47.332+0000] {processor.py:766} INFO - DAG(s) dict_keys(['example_branch_labels']) retrieved from /home/airflow/.local/lib/python3.7/site-packages/airflow/example_dags/example_branch_labels.py
[2023-05-10T07:34:47.369+0000] {logging_mixin.py:137} INFO - [2023-05-10T07:34:47.369+0000] {dag.py:2585} INFO - Sync 1 DAGs
[2023-05-10T07:34:47.388+0000] {logging_mixin.py:137} INFO - [2023-05-10T07:34:47.387+0000] {dag.py:3340} INFO - Setting next_dagrun for example_branch_labels to 2023-05-09T00:00:00+00:00, run_after=2023-05-10T00:00:00+00:00
[2023-05-10T07:34:47.404+0000] {processor.py:176} INFO - Processing /home/airflow/.local/lib/python3.7/site-packages/airflow/example_dags/example_branch_labels.py took 0.093 seconds
[2023-05-10T07:35:18.397+0000] {processor.py:154} INFO - Started process (PID=170) to work on /home/airflow/.local/lib/python3.7/site-packages/airflow/example_dags/example_branch_labels.py
[2023-05-10T07:35:18.399+0000] {processor.py:756} INFO - Processing file /home/airflow/.local/lib/python3.7/site-packages/airflow/example_dags/example_branch_labels.py for tasks to queue
[2023-05-10T07:35:18.401+0000] {logging_mixin.py:137} INFO - [2023-05-10T07:35:18.401+0000] {dagbag.py:537} INFO - Filling up the DagBag from /home/airflow/.local/lib/python3.7/site-packages/airflow/example_dags/example_branch_labels.py
[2023-05-10T07:35:18.411+0000] {processor.py:766} INFO - DAG(s) dict_keys(['example_branch_labels']) retrieved from /home/airflow/.local/lib/python3.7/site-packages/airflow/example_dags/example_branch_labels.py
[2023-05-10T07:35:18.439+0000] {logging_mixin.py:137} INFO - [2023-05-10T07:35:18.439+0000] {dag.py:2585} INFO - Sync 1 DAGs
[2023-05-10T07:35:18.454+0000] {logging_mixin.py:137} INFO - [2023-05-10T07:35:18.454+0000] {dag.py:3340} INFO - Setting next_dagrun for example_branch_labels to 2023-05-09T00:00:00+00:00, run_after=2023-05-10T00:00:00+00:00
[2023-05-10T07:35:18.466+0000] {processor.py:176} INFO - Processing /home/airflow/.local/lib/python3.7/site-packages/airflow/example_dags/example_branch_labels.py took 0.071 seconds
[2023-05-10T07:35:49.387+0000] {processor.py:154} INFO - Started process (PID=233) to work on /home/airflow/.local/lib/python3.7/site-packages/airflow/example_dags/example_branch_labels.py
[2023-05-10T07:35:49.389+0000] {processor.py:756} INFO - Processing file /home/airflow/.local/lib/python3.7/site-packages/airflow/example_dags/example_branch_labels.py for tasks to queue
[2023-05-10T07:35:49.391+0000] {logging_mixin.py:137} INFO - [2023-05-10T07:35:49.391+0000] {dagbag.py:537} INFO - Filling up the DagBag from /home/airflow/.local/lib/python3.7/site-packages/airflow/example_dags/example_branch_labels.py
[2023-05-10T07:35:49.400+0000] {processor.py:766} INFO - DAG(s) dict_keys(['example_branch_labels']) retrieved from /home/airflow/.local/lib/python3.7/site-packages/airflow/example_dags/example_branch_labels.py
[2023-05-10T07:35:49.433+0000] {logging_mixin.py:137} INFO - [2023-05-10T07:35:49.433+0000] {dag.py:2585} INFO - Sync 1 DAGs
[2023-05-10T07:35:49.449+0000] {logging_mixin.py:137} INFO - [2023-05-10T07:35:49.449+0000] {dag.py:3340} INFO - Setting next_dagrun for example_branch_labels to 2023-05-09T00:00:00+00:00, run_after=2023-05-10T00:00:00+00:00
[2023-05-10T07:35:49.461+0000] {processor.py:176} INFO - Processing /home/airflow/.local/lib/python3.7/site-packages/airflow/example_dags/example_branch_labels.py took 0.076 seconds
[2023-05-10T07:36:19.976+0000] {processor.py:154} INFO - Started process (PID=287) to work on /home/airflow/.local/lib/python3.7/site-packages/airflow/example_dags/example_branch_labels.py
[2023-05-10T07:36:19.978+0000] {processor.py:756} INFO - Processing file /home/airflow/.local/lib/python3.7/site-packages/airflow/example_dags/example_branch_labels.py for tasks to queue
[2023-05-10T07:36:19.980+0000] {logging_mixin.py:137} INFO - [2023-05-10T07:36:19.980+0000] {dagbag.py:537} INFO - Filling up the DagBag from /home/airflow/.local/lib/python3.7/site-packages/airflow/example_dags/example_branch_labels.py
[2023-05-10T07:36:19.990+0000] {processor.py:766} INFO - DAG(s) dict_keys(['example_branch_labels']) retrieved from /home/airflow/.local/lib/python3.7/site-packages/airflow/example_dags/example_branch_labels.py
[2023-05-10T07:36:20.018+0000] {logging_mixin.py:137} INFO - [2023-05-10T07:36:20.018+0000] {dag.py:2585} INFO - Sync 1 DAGs
[2023-05-10T07:36:20.033+0000] {logging_mixin.py:137} INFO - [2023-05-10T07:36:20.033+0000] {dag.py:3340} INFO - Setting next_dagrun for example_branch_labels to 2023-05-09T00:00:00+00:00, run_after=2023-05-10T00:00:00+00:00
[2023-05-10T07:36:20.045+0000] {processor.py:176} INFO - Processing /home/airflow/.local/lib/python3.7/site-packages/airflow/example_dags/example_branch_labels.py took 0.071 seconds
[2023-05-10T07:36:51.148+0000] {processor.py:154} INFO - Started process (PID=352) to work on /home/airflow/.local/lib/python3.7/site-packages/airflow/example_dags/example_branch_labels.py
[2023-05-10T07:36:51.150+0000] {processor.py:756} INFO - Processing file /home/airflow/.local/lib/python3.7/site-packages/airflow/example_dags/example_branch_labels.py for tasks to queue
[2023-05-10T07:36:51.152+0000] {logging_mixin.py:137} INFO - [2023-05-10T07:36:51.152+0000] {dagbag.py:537} INFO - Filling up the DagBag from /home/airflow/.local/lib/python3.7/site-packages/airflow/example_dags/example_branch_labels.py
[2023-05-10T07:36:51.161+0000] {processor.py:766} INFO - DAG(s) dict_keys(['example_branch_labels']) retrieved from /home/airflow/.local/lib/python3.7/site-packages/airflow/example_dags/example_branch_labels.py
[2023-05-10T07:36:51.195+0000] {logging_mixin.py:137} INFO - [2023-05-10T07:36:51.195+0000] {dag.py:2585} INFO - Sync 1 DAGs
[2023-05-10T07:36:51.212+0000] {logging_mixin.py:137} INFO - [2023-05-10T07:36:51.212+0000] {dag.py:3340} INFO - Setting next_dagrun for example_branch_labels to 2023-05-09T00:00:00+00:00, run_after=2023-05-10T00:00:00+00:00
[2023-05-10T07:36:51.227+0000] {processor.py:176} INFO - Processing /home/airflow/.local/lib/python3.7/site-packages/airflow/example_dags/example_branch_labels.py took 0.081 seconds
[2023-05-10T07:37:21.876+0000] {processor.py:154} INFO - Started process (PID=416) to work on /home/airflow/.local/lib/python3.7/site-packages/airflow/example_dags/example_branch_labels.py
[2023-05-10T07:37:21.878+0000] {processor.py:756} INFO - Processing file /home/airflow/.local/lib/python3.7/site-packages/airflow/example_dags/example_branch_labels.py for tasks to queue
[2023-05-10T07:37:21.880+0000] {logging_mixin.py:137} INFO - [2023-05-10T07:37:21.880+0000] {dagbag.py:537} INFO - Filling up the DagBag from /home/airflow/.local/lib/python3.7/site-packages/airflow/example_dags/example_branch_labels.py
[2023-05-10T07:37:21.890+0000] {processor.py:766} INFO - DAG(s) dict_keys(['example_branch_labels']) retrieved from /home/airflow/.local/lib/python3.7/site-packages/airflow/example_dags/example_branch_labels.py
[2023-05-10T07:37:21.917+0000] {logging_mixin.py:137} INFO - [2023-05-10T07:37:21.917+0000] {dag.py:2585} INFO - Sync 1 DAGs
[2023-05-10T07:37:21.932+0000] {logging_mixin.py:137} INFO - [2023-05-10T07:37:21.932+0000] {dag.py:3340} INFO - Setting next_dagrun for example_branch_labels to 2023-05-09T00:00:00+00:00, run_after=2023-05-10T00:00:00+00:00
[2023-05-10T07:37:21.945+0000] {processor.py:176} INFO - Processing /home/airflow/.local/lib/python3.7/site-packages/airflow/example_dags/example_branch_labels.py took 0.071 seconds
[2023-05-10T07:37:52.405+0000] {processor.py:154} INFO - Started process (PID=478) to work on /home/airflow/.local/lib/python3.7/site-packages/airflow/example_dags/example_branch_labels.py
[2023-05-10T07:37:52.406+0000] {processor.py:756} INFO - Processing file /home/airflow/.local/lib/python3.7/site-packages/airflow/example_dags/example_branch_labels.py for tasks to queue
[2023-05-10T07:37:52.407+0000] {logging_mixin.py:137} INFO - [2023-05-10T07:37:52.407+0000] {dagbag.py:537} INFO - Filling up the DagBag from /home/airflow/.local/lib/python3.7/site-packages/airflow/example_dags/example_branch_labels.py
[2023-05-10T07:37:52.417+0000] {processor.py:766} INFO - DAG(s) dict_keys(['example_branch_labels']) retrieved from /home/airflow/.local/lib/python3.7/site-packages/airflow/example_dags/example_branch_labels.py
[2023-05-10T07:37:52.443+0000] {logging_mixin.py:137} INFO - [2023-05-10T07:37:52.443+0000] {dag.py:2585} INFO - Sync 1 DAGs
[2023-05-10T07:37:52.458+0000] {logging_mixin.py:137} INFO - [2023-05-10T07:37:52.458+0000] {dag.py:3340} INFO - Setting next_dagrun for example_branch_labels to 2023-05-09T00:00:00+00:00, run_after=2023-05-10T00:00:00+00:00
[2023-05-10T07:37:52.470+0000] {processor.py:176} INFO - Processing /home/airflow/.local/lib/python3.7/site-packages/airflow/example_dags/example_branch_labels.py took 0.068 seconds
