[2023-05-10T07:34:19.045+0000] {processor.py:154} INFO - Started process (PID=67) to work on /home/airflow/.local/lib/python3.7/site-packages/airflow/example_dags/example_short_circuit_operator.py
[2023-05-10T07:34:19.047+0000] {processor.py:756} INFO - Processing file /home/airflow/.local/lib/python3.7/site-packages/airflow/example_dags/example_short_circuit_operator.py for tasks to queue
[2023-05-10T07:34:19.048+0000] {logging_mixin.py:137} INFO - [2023-05-10T07:34:19.048+0000] {dagbag.py:537} INFO - Filling up the DagBag from /home/airflow/.local/lib/python3.7/site-packages/airflow/example_dags/example_short_circuit_operator.py
[2023-05-10T07:34:19.061+0000] {processor.py:766} INFO - DAG(s) dict_keys(['example_short_circuit_operator']) retrieved from /home/airflow/.local/lib/python3.7/site-packages/airflow/example_dags/example_short_circuit_operator.py
[2023-05-10T07:34:19.097+0000] {logging_mixin.py:137} INFO - [2023-05-10T07:34:19.097+0000] {dag.py:2585} INFO - Sync 1 DAGs
[2023-05-10T07:34:19.115+0000] {logging_mixin.py:137} INFO - [2023-05-10T07:34:19.115+0000] {dag.py:3340} INFO - Setting next_dagrun for example_short_circuit_operator to 2023-05-09T07:34:19.115380+00:00, run_after=2023-05-10T07:34:19.115380+00:00
[2023-05-10T07:34:19.130+0000] {processor.py:176} INFO - Processing /home/airflow/.local/lib/python3.7/site-packages/airflow/example_dags/example_short_circuit_operator.py took 0.087 seconds
[2023-05-10T07:34:49.169+0000] {processor.py:154} INFO - Started process (PID=131) to work on /home/airflow/.local/lib/python3.7/site-packages/airflow/example_dags/example_short_circuit_operator.py
[2023-05-10T07:34:49.171+0000] {processor.py:756} INFO - Processing file /home/airflow/.local/lib/python3.7/site-packages/airflow/example_dags/example_short_circuit_operator.py for tasks to queue
[2023-05-10T07:34:49.172+0000] {logging_mixin.py:137} INFO - [2023-05-10T07:34:49.172+0000] {dagbag.py:537} INFO - Filling up the DagBag from /home/airflow/.local/lib/python3.7/site-packages/airflow/example_dags/example_short_circuit_operator.py
[2023-05-10T07:34:49.183+0000] {processor.py:766} INFO - DAG(s) dict_keys(['example_short_circuit_operator']) retrieved from /home/airflow/.local/lib/python3.7/site-packages/airflow/example_dags/example_short_circuit_operator.py
[2023-05-10T07:34:49.210+0000] {logging_mixin.py:137} INFO - [2023-05-10T07:34:49.210+0000] {dag.py:2585} INFO - Sync 1 DAGs
[2023-05-10T07:34:49.225+0000] {logging_mixin.py:137} INFO - [2023-05-10T07:34:49.225+0000] {dag.py:3340} INFO - Setting next_dagrun for example_short_circuit_operator to 2023-05-09T07:34:49.224785+00:00, run_after=2023-05-10T07:34:49.224785+00:00
[2023-05-10T07:34:49.237+0000] {processor.py:176} INFO - Processing /home/airflow/.local/lib/python3.7/site-packages/airflow/example_dags/example_short_circuit_operator.py took 0.070 seconds
[2023-05-10T07:35:20.223+0000] {processor.py:154} INFO - Started process (PID=196) to work on /home/airflow/.local/lib/python3.7/site-packages/airflow/example_dags/example_short_circuit_operator.py
[2023-05-10T07:35:20.224+0000] {processor.py:756} INFO - Processing file /home/airflow/.local/lib/python3.7/site-packages/airflow/example_dags/example_short_circuit_operator.py for tasks to queue
[2023-05-10T07:35:20.225+0000] {logging_mixin.py:137} INFO - [2023-05-10T07:35:20.225+0000] {dagbag.py:537} INFO - Filling up the DagBag from /home/airflow/.local/lib/python3.7/site-packages/airflow/example_dags/example_short_circuit_operator.py
[2023-05-10T07:35:20.237+0000] {processor.py:766} INFO - DAG(s) dict_keys(['example_short_circuit_operator']) retrieved from /home/airflow/.local/lib/python3.7/site-packages/airflow/example_dags/example_short_circuit_operator.py
[2023-05-10T07:35:20.266+0000] {logging_mixin.py:137} INFO - [2023-05-10T07:35:20.266+0000] {dag.py:2585} INFO - Sync 1 DAGs
[2023-05-10T07:35:20.283+0000] {logging_mixin.py:137} INFO - [2023-05-10T07:35:20.283+0000] {dag.py:3340} INFO - Setting next_dagrun for example_short_circuit_operator to 2023-05-09T07:35:20.283731+00:00, run_after=2023-05-10T07:35:20.283731+00:00
[2023-05-10T07:35:20.300+0000] {processor.py:176} INFO - Processing /home/airflow/.local/lib/python3.7/site-packages/airflow/example_dags/example_short_circuit_operator.py took 0.080 seconds
[2023-05-10T07:35:50.860+0000] {processor.py:154} INFO - Started process (PID=259) to work on /home/airflow/.local/lib/python3.7/site-packages/airflow/example_dags/example_short_circuit_operator.py
[2023-05-10T07:35:50.861+0000] {processor.py:756} INFO - Processing file /home/airflow/.local/lib/python3.7/site-packages/airflow/example_dags/example_short_circuit_operator.py for tasks to queue
[2023-05-10T07:35:50.863+0000] {logging_mixin.py:137} INFO - [2023-05-10T07:35:50.862+0000] {dagbag.py:537} INFO - Filling up the DagBag from /home/airflow/.local/lib/python3.7/site-packages/airflow/example_dags/example_short_circuit_operator.py
[2023-05-10T07:35:50.875+0000] {processor.py:766} INFO - DAG(s) dict_keys(['example_short_circuit_operator']) retrieved from /home/airflow/.local/lib/python3.7/site-packages/airflow/example_dags/example_short_circuit_operator.py
[2023-05-10T07:35:50.910+0000] {logging_mixin.py:137} INFO - [2023-05-10T07:35:50.909+0000] {dag.py:2585} INFO - Sync 1 DAGs
[2023-05-10T07:35:50.925+0000] {logging_mixin.py:137} INFO - [2023-05-10T07:35:50.925+0000] {dag.py:3340} INFO - Setting next_dagrun for example_short_circuit_operator to 2023-05-09T07:35:50.925695+00:00, run_after=2023-05-10T07:35:50.925695+00:00
[2023-05-10T07:35:50.940+0000] {processor.py:176} INFO - Processing /home/airflow/.local/lib/python3.7/site-packages/airflow/example_dags/example_short_circuit_operator.py took 0.082 seconds
[2023-05-10T07:36:22.039+0000] {processor.py:154} INFO - Started process (PID=322) to work on /home/airflow/.local/lib/python3.7/site-packages/airflow/example_dags/example_short_circuit_operator.py
[2023-05-10T07:36:22.041+0000] {processor.py:756} INFO - Processing file /home/airflow/.local/lib/python3.7/site-packages/airflow/example_dags/example_short_circuit_operator.py for tasks to queue
[2023-05-10T07:36:22.042+0000] {logging_mixin.py:137} INFO - [2023-05-10T07:36:22.042+0000] {dagbag.py:537} INFO - Filling up the DagBag from /home/airflow/.local/lib/python3.7/site-packages/airflow/example_dags/example_short_circuit_operator.py
[2023-05-10T07:36:22.053+0000] {processor.py:766} INFO - DAG(s) dict_keys(['example_short_circuit_operator']) retrieved from /home/airflow/.local/lib/python3.7/site-packages/airflow/example_dags/example_short_circuit_operator.py
[2023-05-10T07:36:22.080+0000] {logging_mixin.py:137} INFO - [2023-05-10T07:36:22.080+0000] {dag.py:2585} INFO - Sync 1 DAGs
[2023-05-10T07:36:22.096+0000] {logging_mixin.py:137} INFO - [2023-05-10T07:36:22.096+0000] {dag.py:3340} INFO - Setting next_dagrun for example_short_circuit_operator to 2023-05-09T07:36:22.096389+00:00, run_after=2023-05-10T07:36:22.096389+00:00
[2023-05-10T07:36:22.110+0000] {processor.py:176} INFO - Processing /home/airflow/.local/lib/python3.7/site-packages/airflow/example_dags/example_short_circuit_operator.py took 0.072 seconds
[2023-05-10T07:36:52.878+0000] {processor.py:154} INFO - Started process (PID=378) to work on /home/airflow/.local/lib/python3.7/site-packages/airflow/example_dags/example_short_circuit_operator.py
[2023-05-10T07:36:52.880+0000] {processor.py:756} INFO - Processing file /home/airflow/.local/lib/python3.7/site-packages/airflow/example_dags/example_short_circuit_operator.py for tasks to queue
[2023-05-10T07:36:52.881+0000] {logging_mixin.py:137} INFO - [2023-05-10T07:36:52.881+0000] {dagbag.py:537} INFO - Filling up the DagBag from /home/airflow/.local/lib/python3.7/site-packages/airflow/example_dags/example_short_circuit_operator.py
[2023-05-10T07:36:52.892+0000] {processor.py:766} INFO - DAG(s) dict_keys(['example_short_circuit_operator']) retrieved from /home/airflow/.local/lib/python3.7/site-packages/airflow/example_dags/example_short_circuit_operator.py
[2023-05-10T07:36:52.920+0000] {logging_mixin.py:137} INFO - [2023-05-10T07:36:52.920+0000] {dag.py:2585} INFO - Sync 1 DAGs
[2023-05-10T07:36:52.936+0000] {logging_mixin.py:137} INFO - [2023-05-10T07:36:52.936+0000] {dag.py:3340} INFO - Setting next_dagrun for example_short_circuit_operator to 2023-05-09T07:36:52.936184+00:00, run_after=2023-05-10T07:36:52.936184+00:00
[2023-05-10T07:36:52.960+0000] {processor.py:176} INFO - Processing /home/airflow/.local/lib/python3.7/site-packages/airflow/example_dags/example_short_circuit_operator.py took 0.084 seconds
[2023-05-10T07:37:23.281+0000] {processor.py:154} INFO - Started process (PID=442) to work on /home/airflow/.local/lib/python3.7/site-packages/airflow/example_dags/example_short_circuit_operator.py
[2023-05-10T07:37:23.283+0000] {processor.py:756} INFO - Processing file /home/airflow/.local/lib/python3.7/site-packages/airflow/example_dags/example_short_circuit_operator.py for tasks to queue
[2023-05-10T07:37:23.284+0000] {logging_mixin.py:137} INFO - [2023-05-10T07:37:23.283+0000] {dagbag.py:537} INFO - Filling up the DagBag from /home/airflow/.local/lib/python3.7/site-packages/airflow/example_dags/example_short_circuit_operator.py
[2023-05-10T07:37:23.294+0000] {processor.py:766} INFO - DAG(s) dict_keys(['example_short_circuit_operator']) retrieved from /home/airflow/.local/lib/python3.7/site-packages/airflow/example_dags/example_short_circuit_operator.py
[2023-05-10T07:37:23.325+0000] {logging_mixin.py:137} INFO - [2023-05-10T07:37:23.325+0000] {dag.py:2585} INFO - Sync 1 DAGs
[2023-05-10T07:37:23.343+0000] {logging_mixin.py:137} INFO - [2023-05-10T07:37:23.343+0000] {dag.py:3340} INFO - Setting next_dagrun for example_short_circuit_operator to 2023-05-09T07:37:23.342940+00:00, run_after=2023-05-10T07:37:23.342940+00:00
[2023-05-10T07:37:23.357+0000] {processor.py:176} INFO - Processing /home/airflow/.local/lib/python3.7/site-packages/airflow/example_dags/example_short_circuit_operator.py took 0.078 seconds
[2023-05-10T07:37:53.895+0000] {processor.py:154} INFO - Started process (PID=504) to work on /home/airflow/.local/lib/python3.7/site-packages/airflow/example_dags/example_short_circuit_operator.py
[2023-05-10T07:37:53.897+0000] {processor.py:756} INFO - Processing file /home/airflow/.local/lib/python3.7/site-packages/airflow/example_dags/example_short_circuit_operator.py for tasks to queue
[2023-05-10T07:37:53.899+0000] {logging_mixin.py:137} INFO - [2023-05-10T07:37:53.899+0000] {dagbag.py:537} INFO - Filling up the DagBag from /home/airflow/.local/lib/python3.7/site-packages/airflow/example_dags/example_short_circuit_operator.py
[2023-05-10T07:37:53.911+0000] {processor.py:766} INFO - DAG(s) dict_keys(['example_short_circuit_operator']) retrieved from /home/airflow/.local/lib/python3.7/site-packages/airflow/example_dags/example_short_circuit_operator.py
[2023-05-10T07:37:53.938+0000] {logging_mixin.py:137} INFO - [2023-05-10T07:37:53.938+0000] {dag.py:2585} INFO - Sync 1 DAGs
[2023-05-10T07:37:53.952+0000] {logging_mixin.py:137} INFO - [2023-05-10T07:37:53.952+0000] {dag.py:3340} INFO - Setting next_dagrun for example_short_circuit_operator to 2023-05-09T07:37:53.952756+00:00, run_after=2023-05-10T07:37:53.952756+00:00
[2023-05-10T07:37:53.966+0000] {processor.py:176} INFO - Processing /home/airflow/.local/lib/python3.7/site-packages/airflow/example_dags/example_short_circuit_operator.py took 0.073 seconds
