[2023-05-10T07:34:18.101+0000] {processor.py:154} INFO - Started process (PID=57) to work on /home/airflow/.local/lib/python3.7/site-packages/airflow/example_dags/example_sla_dag.py
[2023-05-10T07:34:18.113+0000] {processor.py:756} INFO - Processing file /home/airflow/.local/lib/python3.7/site-packages/airflow/example_dags/example_sla_dag.py for tasks to queue
[2023-05-10T07:34:18.115+0000] {logging_mixin.py:137} INFO - [2023-05-10T07:34:18.115+0000] {dagbag.py:537} INFO - Filling up the DagBag from /home/airflow/.local/lib/python3.7/site-packages/airflow/example_dags/example_sla_dag.py
[2023-05-10T07:34:18.161+0000] {processor.py:766} INFO - DAG(s) dict_keys(['example_sla_dag']) retrieved from /home/airflow/.local/lib/python3.7/site-packages/airflow/example_dags/example_sla_dag.py
[2023-05-10T07:34:18.221+0000] {logging_mixin.py:137} INFO - [2023-05-10T07:34:18.221+0000] {dag.py:2585} INFO - Sync 1 DAGs
[2023-05-10T07:34:18.255+0000] {logging_mixin.py:137} INFO - [2023-05-10T07:34:18.255+0000] {dag.py:3340} INFO - Setting next_dagrun for example_sla_dag to 2023-05-10T07:32:00+00:00, run_after=2023-05-10T07:34:00+00:00
[2023-05-10T07:34:18.295+0000] {processor.py:176} INFO - Processing /home/airflow/.local/lib/python3.7/site-packages/airflow/example_dags/example_sla_dag.py took 0.200 seconds
[2023-05-10T07:34:48.368+0000] {processor.py:154} INFO - Started process (PID=121) to work on /home/airflow/.local/lib/python3.7/site-packages/airflow/example_dags/example_sla_dag.py
[2023-05-10T07:34:48.370+0000] {processor.py:756} INFO - Processing file /home/airflow/.local/lib/python3.7/site-packages/airflow/example_dags/example_sla_dag.py for tasks to queue
[2023-05-10T07:34:48.372+0000] {logging_mixin.py:137} INFO - [2023-05-10T07:34:48.372+0000] {dagbag.py:537} INFO - Filling up the DagBag from /home/airflow/.local/lib/python3.7/site-packages/airflow/example_dags/example_sla_dag.py
[2023-05-10T07:34:48.392+0000] {processor.py:766} INFO - DAG(s) dict_keys(['example_sla_dag']) retrieved from /home/airflow/.local/lib/python3.7/site-packages/airflow/example_dags/example_sla_dag.py
[2023-05-10T07:34:48.426+0000] {logging_mixin.py:137} INFO - [2023-05-10T07:34:48.426+0000] {dag.py:2585} INFO - Sync 1 DAGs
[2023-05-10T07:34:48.446+0000] {logging_mixin.py:137} INFO - [2023-05-10T07:34:48.446+0000] {dag.py:3340} INFO - Setting next_dagrun for example_sla_dag to 2023-05-10T07:32:00+00:00, run_after=2023-05-10T07:34:00+00:00
[2023-05-10T07:34:48.459+0000] {processor.py:176} INFO - Processing /home/airflow/.local/lib/python3.7/site-packages/airflow/example_dags/example_sla_dag.py took 0.095 seconds
[2023-05-10T07:35:19.632+0000] {processor.py:154} INFO - Started process (PID=186) to work on /home/airflow/.local/lib/python3.7/site-packages/airflow/example_dags/example_sla_dag.py
[2023-05-10T07:35:19.634+0000] {processor.py:756} INFO - Processing file /home/airflow/.local/lib/python3.7/site-packages/airflow/example_dags/example_sla_dag.py for tasks to queue
[2023-05-10T07:35:19.635+0000] {logging_mixin.py:137} INFO - [2023-05-10T07:35:19.635+0000] {dagbag.py:537} INFO - Filling up the DagBag from /home/airflow/.local/lib/python3.7/site-packages/airflow/example_dags/example_sla_dag.py
[2023-05-10T07:35:19.650+0000] {processor.py:766} INFO - DAG(s) dict_keys(['example_sla_dag']) retrieved from /home/airflow/.local/lib/python3.7/site-packages/airflow/example_dags/example_sla_dag.py
[2023-05-10T07:35:19.678+0000] {logging_mixin.py:137} INFO - [2023-05-10T07:35:19.678+0000] {dag.py:2585} INFO - Sync 1 DAGs
[2023-05-10T07:35:19.695+0000] {logging_mixin.py:137} INFO - [2023-05-10T07:35:19.695+0000] {dag.py:3340} INFO - Setting next_dagrun for example_sla_dag to 2023-05-10T07:32:00+00:00, run_after=2023-05-10T07:34:00+00:00
[2023-05-10T07:35:19.709+0000] {processor.py:176} INFO - Processing /home/airflow/.local/lib/python3.7/site-packages/airflow/example_dags/example_sla_dag.py took 0.079 seconds
[2023-05-10T07:35:50.326+0000] {processor.py:154} INFO - Started process (PID=249) to work on /home/airflow/.local/lib/python3.7/site-packages/airflow/example_dags/example_sla_dag.py
[2023-05-10T07:35:50.329+0000] {processor.py:756} INFO - Processing file /home/airflow/.local/lib/python3.7/site-packages/airflow/example_dags/example_sla_dag.py for tasks to queue
[2023-05-10T07:35:50.330+0000] {logging_mixin.py:137} INFO - [2023-05-10T07:35:50.330+0000] {dagbag.py:537} INFO - Filling up the DagBag from /home/airflow/.local/lib/python3.7/site-packages/airflow/example_dags/example_sla_dag.py
[2023-05-10T07:35:50.344+0000] {processor.py:766} INFO - DAG(s) dict_keys(['example_sla_dag']) retrieved from /home/airflow/.local/lib/python3.7/site-packages/airflow/example_dags/example_sla_dag.py
[2023-05-10T07:35:50.370+0000] {logging_mixin.py:137} INFO - [2023-05-10T07:35:50.370+0000] {dag.py:2585} INFO - Sync 1 DAGs
[2023-05-10T07:35:50.388+0000] {logging_mixin.py:137} INFO - [2023-05-10T07:35:50.388+0000] {dag.py:3340} INFO - Setting next_dagrun for example_sla_dag to 2023-05-10T07:32:00+00:00, run_after=2023-05-10T07:34:00+00:00
[2023-05-10T07:35:50.403+0000] {processor.py:176} INFO - Processing /home/airflow/.local/lib/python3.7/site-packages/airflow/example_dags/example_sla_dag.py took 0.079 seconds
[2023-05-10T07:36:21.425+0000] {processor.py:154} INFO - Started process (PID=312) to work on /home/airflow/.local/lib/python3.7/site-packages/airflow/example_dags/example_sla_dag.py
[2023-05-10T07:36:21.427+0000] {processor.py:756} INFO - Processing file /home/airflow/.local/lib/python3.7/site-packages/airflow/example_dags/example_sla_dag.py for tasks to queue
[2023-05-10T07:36:21.428+0000] {logging_mixin.py:137} INFO - [2023-05-10T07:36:21.428+0000] {dagbag.py:537} INFO - Filling up the DagBag from /home/airflow/.local/lib/python3.7/site-packages/airflow/example_dags/example_sla_dag.py
[2023-05-10T07:36:21.444+0000] {processor.py:766} INFO - DAG(s) dict_keys(['example_sla_dag']) retrieved from /home/airflow/.local/lib/python3.7/site-packages/airflow/example_dags/example_sla_dag.py
[2023-05-10T07:36:21.491+0000] {logging_mixin.py:137} INFO - [2023-05-10T07:36:21.491+0000] {dag.py:2585} INFO - Sync 1 DAGs
[2023-05-10T07:36:21.519+0000] {logging_mixin.py:137} INFO - [2023-05-10T07:36:21.519+0000] {dag.py:3340} INFO - Setting next_dagrun for example_sla_dag to 2023-05-10T07:34:00+00:00, run_after=2023-05-10T07:36:00+00:00
[2023-05-10T07:36:21.535+0000] {processor.py:176} INFO - Processing /home/airflow/.local/lib/python3.7/site-packages/airflow/example_dags/example_sla_dag.py took 0.112 seconds
[2023-05-10T07:36:52.275+0000] {processor.py:154} INFO - Started process (PID=368) to work on /home/airflow/.local/lib/python3.7/site-packages/airflow/example_dags/example_sla_dag.py
[2023-05-10T07:36:52.277+0000] {processor.py:756} INFO - Processing file /home/airflow/.local/lib/python3.7/site-packages/airflow/example_dags/example_sla_dag.py for tasks to queue
[2023-05-10T07:36:52.278+0000] {logging_mixin.py:137} INFO - [2023-05-10T07:36:52.278+0000] {dagbag.py:537} INFO - Filling up the DagBag from /home/airflow/.local/lib/python3.7/site-packages/airflow/example_dags/example_sla_dag.py
[2023-05-10T07:36:52.294+0000] {processor.py:766} INFO - DAG(s) dict_keys(['example_sla_dag']) retrieved from /home/airflow/.local/lib/python3.7/site-packages/airflow/example_dags/example_sla_dag.py
[2023-05-10T07:36:52.321+0000] {logging_mixin.py:137} INFO - [2023-05-10T07:36:52.321+0000] {dag.py:2585} INFO - Sync 1 DAGs
[2023-05-10T07:36:52.340+0000] {logging_mixin.py:137} INFO - [2023-05-10T07:36:52.340+0000] {dag.py:3340} INFO - Setting next_dagrun for example_sla_dag to 2023-05-10T07:34:00+00:00, run_after=2023-05-10T07:36:00+00:00
[2023-05-10T07:36:52.354+0000] {processor.py:176} INFO - Processing /home/airflow/.local/lib/python3.7/site-packages/airflow/example_dags/example_sla_dag.py took 0.081 seconds
[2023-05-10T07:37:22.753+0000] {processor.py:154} INFO - Started process (PID=432) to work on /home/airflow/.local/lib/python3.7/site-packages/airflow/example_dags/example_sla_dag.py
[2023-05-10T07:37:22.755+0000] {processor.py:756} INFO - Processing file /home/airflow/.local/lib/python3.7/site-packages/airflow/example_dags/example_sla_dag.py for tasks to queue
[2023-05-10T07:37:22.757+0000] {logging_mixin.py:137} INFO - [2023-05-10T07:37:22.756+0000] {dagbag.py:537} INFO - Filling up the DagBag from /home/airflow/.local/lib/python3.7/site-packages/airflow/example_dags/example_sla_dag.py
[2023-05-10T07:37:22.771+0000] {processor.py:766} INFO - DAG(s) dict_keys(['example_sla_dag']) retrieved from /home/airflow/.local/lib/python3.7/site-packages/airflow/example_dags/example_sla_dag.py
[2023-05-10T07:37:22.798+0000] {logging_mixin.py:137} INFO - [2023-05-10T07:37:22.798+0000] {dag.py:2585} INFO - Sync 1 DAGs
[2023-05-10T07:37:22.816+0000] {logging_mixin.py:137} INFO - [2023-05-10T07:37:22.816+0000] {dag.py:3340} INFO - Setting next_dagrun for example_sla_dag to 2023-05-10T07:34:00+00:00, run_after=2023-05-10T07:36:00+00:00
[2023-05-10T07:37:22.830+0000] {processor.py:176} INFO - Processing /home/airflow/.local/lib/python3.7/site-packages/airflow/example_dags/example_sla_dag.py took 0.079 seconds
[2023-05-10T07:37:53.281+0000] {processor.py:154} INFO - Started process (PID=494) to work on /home/airflow/.local/lib/python3.7/site-packages/airflow/example_dags/example_sla_dag.py
[2023-05-10T07:37:53.283+0000] {processor.py:756} INFO - Processing file /home/airflow/.local/lib/python3.7/site-packages/airflow/example_dags/example_sla_dag.py for tasks to queue
[2023-05-10T07:37:53.285+0000] {logging_mixin.py:137} INFO - [2023-05-10T07:37:53.285+0000] {dagbag.py:537} INFO - Filling up the DagBag from /home/airflow/.local/lib/python3.7/site-packages/airflow/example_dags/example_sla_dag.py
[2023-05-10T07:37:53.299+0000] {processor.py:766} INFO - DAG(s) dict_keys(['example_sla_dag']) retrieved from /home/airflow/.local/lib/python3.7/site-packages/airflow/example_dags/example_sla_dag.py
[2023-05-10T07:37:53.324+0000] {logging_mixin.py:137} INFO - [2023-05-10T07:37:53.324+0000] {dag.py:2585} INFO - Sync 1 DAGs
[2023-05-10T07:37:53.340+0000] {logging_mixin.py:137} INFO - [2023-05-10T07:37:53.340+0000] {dag.py:3340} INFO - Setting next_dagrun for example_sla_dag to 2023-05-10T07:34:00+00:00, run_after=2023-05-10T07:36:00+00:00
[2023-05-10T07:37:53.351+0000] {processor.py:176} INFO - Processing /home/airflow/.local/lib/python3.7/site-packages/airflow/example_dags/example_sla_dag.py took 0.073 seconds
