[2023-05-10T07:34:18.510+0000] {processor.py:154} INFO - Started process (PID=61) to work on /home/airflow/.local/lib/python3.7/site-packages/airflow/example_dags/example_datasets.py
[2023-05-10T07:34:18.511+0000] {processor.py:756} INFO - Processing file /home/airflow/.local/lib/python3.7/site-packages/airflow/example_dags/example_datasets.py for tasks to queue
[2023-05-10T07:34:18.513+0000] {logging_mixin.py:137} INFO - [2023-05-10T07:34:18.512+0000] {dagbag.py:537} INFO - Filling up the DagBag from /home/airflow/.local/lib/python3.7/site-packages/airflow/example_dags/example_datasets.py
[2023-05-10T07:34:18.525+0000] {processor.py:766} INFO - DAG(s) dict_keys(['dataset_consumes_1_and_2', 'dataset_consumes_unknown_never_scheduled', 'dataset_consumes_1_never_scheduled', 'dataset_produces_2', 'dataset_consumes_1', 'dataset_produces_1']) retrieved from /home/airflow/.local/lib/python3.7/site-packages/airflow/example_dags/example_datasets.py
[2023-05-10T07:34:18.603+0000] {logging_mixin.py:137} INFO - [2023-05-10T07:34:18.603+0000] {dag.py:2585} INFO - Sync 6 DAGs
[2023-05-10T07:34:18.623+0000] {logging_mixin.py:137} INFO - [2023-05-10T07:34:18.623+0000] {dag.py:3340} INFO - Setting next_dagrun for dataset_consumes_1 to None, run_after=None
[2023-05-10T07:34:18.626+0000] {logging_mixin.py:137} INFO - [2023-05-10T07:34:18.626+0000] {dag.py:3340} INFO - Setting next_dagrun for dataset_consumes_1_and_2 to None, run_after=None
[2023-05-10T07:34:18.627+0000] {logging_mixin.py:137} INFO - [2023-05-10T07:34:18.627+0000] {dag.py:3340} INFO - Setting next_dagrun for dataset_consumes_1_never_scheduled to None, run_after=None
[2023-05-10T07:34:18.630+0000] {logging_mixin.py:137} INFO - [2023-05-10T07:34:18.630+0000] {dag.py:3340} INFO - Setting next_dagrun for dataset_consumes_unknown_never_scheduled to None, run_after=None
[2023-05-10T07:34:18.633+0000] {logging_mixin.py:137} INFO - [2023-05-10T07:34:18.633+0000] {dag.py:3340} INFO - Setting next_dagrun for dataset_produces_1 to 2023-05-09T00:00:00+00:00, run_after=2023-05-10T00:00:00+00:00
[2023-05-10T07:34:18.636+0000] {logging_mixin.py:137} INFO - [2023-05-10T07:34:18.635+0000] {dag.py:3340} INFO - Setting next_dagrun for dataset_produces_2 to None, run_after=None
[2023-05-10T07:34:18.669+0000] {processor.py:176} INFO - Processing /home/airflow/.local/lib/python3.7/site-packages/airflow/example_dags/example_datasets.py took 0.161 seconds
[2023-05-10T07:34:48.731+0000] {processor.py:154} INFO - Started process (PID=125) to work on /home/airflow/.local/lib/python3.7/site-packages/airflow/example_dags/example_datasets.py
[2023-05-10T07:34:48.733+0000] {processor.py:756} INFO - Processing file /home/airflow/.local/lib/python3.7/site-packages/airflow/example_dags/example_datasets.py for tasks to queue
[2023-05-10T07:34:48.734+0000] {logging_mixin.py:137} INFO - [2023-05-10T07:34:48.734+0000] {dagbag.py:537} INFO - Filling up the DagBag from /home/airflow/.local/lib/python3.7/site-packages/airflow/example_dags/example_datasets.py
[2023-05-10T07:34:48.745+0000] {processor.py:766} INFO - DAG(s) dict_keys(['dataset_consumes_1_and_2', 'dataset_consumes_1', 'dataset_produces_1', 'dataset_produces_2', 'dataset_consumes_1_never_scheduled', 'dataset_consumes_unknown_never_scheduled']) retrieved from /home/airflow/.local/lib/python3.7/site-packages/airflow/example_dags/example_datasets.py
[2023-05-10T07:34:48.778+0000] {logging_mixin.py:137} INFO - [2023-05-10T07:34:48.778+0000] {dag.py:2585} INFO - Sync 6 DAGs
[2023-05-10T07:34:48.794+0000] {logging_mixin.py:137} INFO - [2023-05-10T07:34:48.794+0000] {dag.py:3340} INFO - Setting next_dagrun for dataset_consumes_1 to None, run_after=None
[2023-05-10T07:34:48.797+0000] {logging_mixin.py:137} INFO - [2023-05-10T07:34:48.797+0000] {dag.py:3340} INFO - Setting next_dagrun for dataset_consumes_1_and_2 to None, run_after=None
[2023-05-10T07:34:48.799+0000] {logging_mixin.py:137} INFO - [2023-05-10T07:34:48.799+0000] {dag.py:3340} INFO - Setting next_dagrun for dataset_consumes_1_never_scheduled to None, run_after=None
[2023-05-10T07:34:48.801+0000] {logging_mixin.py:137} INFO - [2023-05-10T07:34:48.801+0000] {dag.py:3340} INFO - Setting next_dagrun for dataset_consumes_unknown_never_scheduled to None, run_after=None
[2023-05-10T07:34:48.805+0000] {logging_mixin.py:137} INFO - [2023-05-10T07:34:48.805+0000] {dag.py:3340} INFO - Setting next_dagrun for dataset_produces_1 to 2023-05-09T00:00:00+00:00, run_after=2023-05-10T00:00:00+00:00
[2023-05-10T07:34:48.807+0000] {logging_mixin.py:137} INFO - [2023-05-10T07:34:48.807+0000] {dag.py:3340} INFO - Setting next_dagrun for dataset_produces_2 to None, run_after=None
[2023-05-10T07:34:48.827+0000] {processor.py:176} INFO - Processing /home/airflow/.local/lib/python3.7/site-packages/airflow/example_dags/example_datasets.py took 0.098 seconds
[2023-05-10T07:35:19.857+0000] {processor.py:154} INFO - Started process (PID=190) to work on /home/airflow/.local/lib/python3.7/site-packages/airflow/example_dags/example_datasets.py
[2023-05-10T07:35:19.859+0000] {processor.py:756} INFO - Processing file /home/airflow/.local/lib/python3.7/site-packages/airflow/example_dags/example_datasets.py for tasks to queue
[2023-05-10T07:35:19.860+0000] {logging_mixin.py:137} INFO - [2023-05-10T07:35:19.860+0000] {dagbag.py:537} INFO - Filling up the DagBag from /home/airflow/.local/lib/python3.7/site-packages/airflow/example_dags/example_datasets.py
[2023-05-10T07:35:19.873+0000] {processor.py:766} INFO - DAG(s) dict_keys(['dataset_consumes_1_and_2', 'dataset_produces_2', 'dataset_consumes_unknown_never_scheduled', 'dataset_consumes_1_never_scheduled', 'dataset_produces_1', 'dataset_consumes_1']) retrieved from /home/airflow/.local/lib/python3.7/site-packages/airflow/example_dags/example_datasets.py
[2023-05-10T07:35:19.907+0000] {logging_mixin.py:137} INFO - [2023-05-10T07:35:19.906+0000] {dag.py:2585} INFO - Sync 6 DAGs
[2023-05-10T07:35:19.925+0000] {logging_mixin.py:137} INFO - [2023-05-10T07:35:19.925+0000] {dag.py:3340} INFO - Setting next_dagrun for dataset_consumes_1 to None, run_after=None
[2023-05-10T07:35:19.937+0000] {logging_mixin.py:137} INFO - [2023-05-10T07:35:19.937+0000] {dag.py:3340} INFO - Setting next_dagrun for dataset_consumes_1_and_2 to None, run_after=None
[2023-05-10T07:35:19.939+0000] {logging_mixin.py:137} INFO - [2023-05-10T07:35:19.939+0000] {dag.py:3340} INFO - Setting next_dagrun for dataset_consumes_1_never_scheduled to None, run_after=None
[2023-05-10T07:35:19.941+0000] {logging_mixin.py:137} INFO - [2023-05-10T07:35:19.941+0000] {dag.py:3340} INFO - Setting next_dagrun for dataset_consumes_unknown_never_scheduled to None, run_after=None
[2023-05-10T07:35:19.944+0000] {logging_mixin.py:137} INFO - [2023-05-10T07:35:19.944+0000] {dag.py:3340} INFO - Setting next_dagrun for dataset_produces_1 to 2023-05-09T00:00:00+00:00, run_after=2023-05-10T00:00:00+00:00
[2023-05-10T07:35:19.946+0000] {logging_mixin.py:137} INFO - [2023-05-10T07:35:19.946+0000] {dag.py:3340} INFO - Setting next_dagrun for dataset_produces_2 to None, run_after=None
[2023-05-10T07:35:19.968+0000] {processor.py:176} INFO - Processing /home/airflow/.local/lib/python3.7/site-packages/airflow/example_dags/example_datasets.py took 0.113 seconds
[2023-05-10T07:35:50.523+0000] {processor.py:154} INFO - Started process (PID=253) to work on /home/airflow/.local/lib/python3.7/site-packages/airflow/example_dags/example_datasets.py
[2023-05-10T07:35:50.525+0000] {processor.py:756} INFO - Processing file /home/airflow/.local/lib/python3.7/site-packages/airflow/example_dags/example_datasets.py for tasks to queue
[2023-05-10T07:35:50.526+0000] {logging_mixin.py:137} INFO - [2023-05-10T07:35:50.526+0000] {dagbag.py:537} INFO - Filling up the DagBag from /home/airflow/.local/lib/python3.7/site-packages/airflow/example_dags/example_datasets.py
[2023-05-10T07:35:50.537+0000] {processor.py:766} INFO - DAG(s) dict_keys(['dataset_consumes_1_and_2', 'dataset_consumes_1', 'dataset_produces_1', 'dataset_produces_2', 'dataset_consumes_unknown_never_scheduled', 'dataset_consumes_1_never_scheduled']) retrieved from /home/airflow/.local/lib/python3.7/site-packages/airflow/example_dags/example_datasets.py
[2023-05-10T07:35:50.574+0000] {logging_mixin.py:137} INFO - [2023-05-10T07:35:50.574+0000] {dag.py:2585} INFO - Sync 6 DAGs
[2023-05-10T07:35:50.589+0000] {logging_mixin.py:137} INFO - [2023-05-10T07:35:50.589+0000] {dag.py:3340} INFO - Setting next_dagrun for dataset_consumes_1 to None, run_after=None
[2023-05-10T07:35:50.594+0000] {logging_mixin.py:137} INFO - [2023-05-10T07:35:50.594+0000] {dag.py:3340} INFO - Setting next_dagrun for dataset_consumes_1_and_2 to None, run_after=None
[2023-05-10T07:35:50.597+0000] {logging_mixin.py:137} INFO - [2023-05-10T07:35:50.597+0000] {dag.py:3340} INFO - Setting next_dagrun for dataset_consumes_1_never_scheduled to None, run_after=None
[2023-05-10T07:35:50.599+0000] {logging_mixin.py:137} INFO - [2023-05-10T07:35:50.599+0000] {dag.py:3340} INFO - Setting next_dagrun for dataset_consumes_unknown_never_scheduled to None, run_after=None
[2023-05-10T07:35:50.602+0000] {logging_mixin.py:137} INFO - [2023-05-10T07:35:50.602+0000] {dag.py:3340} INFO - Setting next_dagrun for dataset_produces_1 to 2023-05-09T00:00:00+00:00, run_after=2023-05-10T00:00:00+00:00
[2023-05-10T07:35:50.603+0000] {logging_mixin.py:137} INFO - [2023-05-10T07:35:50.603+0000] {dag.py:3340} INFO - Setting next_dagrun for dataset_produces_2 to None, run_after=None
[2023-05-10T07:35:50.622+0000] {processor.py:176} INFO - Processing /home/airflow/.local/lib/python3.7/site-packages/airflow/example_dags/example_datasets.py took 0.101 seconds
[2023-05-10T07:36:21.672+0000] {processor.py:154} INFO - Started process (PID=316) to work on /home/airflow/.local/lib/python3.7/site-packages/airflow/example_dags/example_datasets.py
[2023-05-10T07:36:21.674+0000] {processor.py:756} INFO - Processing file /home/airflow/.local/lib/python3.7/site-packages/airflow/example_dags/example_datasets.py for tasks to queue
[2023-05-10T07:36:21.676+0000] {logging_mixin.py:137} INFO - [2023-05-10T07:36:21.676+0000] {dagbag.py:537} INFO - Filling up the DagBag from /home/airflow/.local/lib/python3.7/site-packages/airflow/example_dags/example_datasets.py
[2023-05-10T07:36:21.692+0000] {processor.py:766} INFO - DAG(s) dict_keys(['dataset_consumes_1', 'dataset_consumes_1_and_2', 'dataset_produces_1', 'dataset_produces_2', 'dataset_consumes_unknown_never_scheduled', 'dataset_consumes_1_never_scheduled']) retrieved from /home/airflow/.local/lib/python3.7/site-packages/airflow/example_dags/example_datasets.py
[2023-05-10T07:36:21.732+0000] {logging_mixin.py:137} INFO - [2023-05-10T07:36:21.732+0000] {dag.py:2585} INFO - Sync 6 DAGs
[2023-05-10T07:36:21.752+0000] {logging_mixin.py:137} INFO - [2023-05-10T07:36:21.752+0000] {dag.py:3340} INFO - Setting next_dagrun for dataset_consumes_1 to None, run_after=None
[2023-05-10T07:36:21.756+0000] {logging_mixin.py:137} INFO - [2023-05-10T07:36:21.756+0000] {dag.py:3340} INFO - Setting next_dagrun for dataset_consumes_1_and_2 to None, run_after=None
[2023-05-10T07:36:21.759+0000] {logging_mixin.py:137} INFO - [2023-05-10T07:36:21.759+0000] {dag.py:3340} INFO - Setting next_dagrun for dataset_consumes_1_never_scheduled to None, run_after=None
[2023-05-10T07:36:21.761+0000] {logging_mixin.py:137} INFO - [2023-05-10T07:36:21.761+0000] {dag.py:3340} INFO - Setting next_dagrun for dataset_consumes_unknown_never_scheduled to None, run_after=None
[2023-05-10T07:36:21.763+0000] {logging_mixin.py:137} INFO - [2023-05-10T07:36:21.763+0000] {dag.py:3340} INFO - Setting next_dagrun for dataset_produces_1 to 2023-05-09T00:00:00+00:00, run_after=2023-05-10T00:00:00+00:00
[2023-05-10T07:36:21.765+0000] {logging_mixin.py:137} INFO - [2023-05-10T07:36:21.765+0000] {dag.py:3340} INFO - Setting next_dagrun for dataset_produces_2 to None, run_after=None
[2023-05-10T07:36:21.785+0000] {processor.py:176} INFO - Processing /home/airflow/.local/lib/python3.7/site-packages/airflow/example_dags/example_datasets.py took 0.116 seconds
[2023-05-10T07:36:52.487+0000] {processor.py:154} INFO - Started process (PID=372) to work on /home/airflow/.local/lib/python3.7/site-packages/airflow/example_dags/example_datasets.py
[2023-05-10T07:36:52.490+0000] {processor.py:756} INFO - Processing file /home/airflow/.local/lib/python3.7/site-packages/airflow/example_dags/example_datasets.py for tasks to queue
[2023-05-10T07:36:52.491+0000] {logging_mixin.py:137} INFO - [2023-05-10T07:36:52.491+0000] {dagbag.py:537} INFO - Filling up the DagBag from /home/airflow/.local/lib/python3.7/site-packages/airflow/example_dags/example_datasets.py
[2023-05-10T07:36:52.503+0000] {processor.py:766} INFO - DAG(s) dict_keys(['dataset_produces_2', 'dataset_consumes_unknown_never_scheduled', 'dataset_consumes_1_never_scheduled', 'dataset_consumes_1', 'dataset_consumes_1_and_2', 'dataset_produces_1']) retrieved from /home/airflow/.local/lib/python3.7/site-packages/airflow/example_dags/example_datasets.py
[2023-05-10T07:36:52.542+0000] {logging_mixin.py:137} INFO - [2023-05-10T07:36:52.542+0000] {dag.py:2585} INFO - Sync 6 DAGs
[2023-05-10T07:36:52.564+0000] {logging_mixin.py:137} INFO - [2023-05-10T07:36:52.564+0000] {dag.py:3340} INFO - Setting next_dagrun for dataset_consumes_1 to None, run_after=None
[2023-05-10T07:36:52.567+0000] {logging_mixin.py:137} INFO - [2023-05-10T07:36:52.567+0000] {dag.py:3340} INFO - Setting next_dagrun for dataset_consumes_1_and_2 to None, run_after=None
[2023-05-10T07:36:52.569+0000] {logging_mixin.py:137} INFO - [2023-05-10T07:36:52.569+0000] {dag.py:3340} INFO - Setting next_dagrun for dataset_consumes_1_never_scheduled to None, run_after=None
[2023-05-10T07:36:52.571+0000] {logging_mixin.py:137} INFO - [2023-05-10T07:36:52.571+0000] {dag.py:3340} INFO - Setting next_dagrun for dataset_consumes_unknown_never_scheduled to None, run_after=None
[2023-05-10T07:36:52.575+0000] {logging_mixin.py:137} INFO - [2023-05-10T07:36:52.575+0000] {dag.py:3340} INFO - Setting next_dagrun for dataset_produces_1 to 2023-05-09T00:00:00+00:00, run_after=2023-05-10T00:00:00+00:00
[2023-05-10T07:36:52.578+0000] {logging_mixin.py:137} INFO - [2023-05-10T07:36:52.578+0000] {dag.py:3340} INFO - Setting next_dagrun for dataset_produces_2 to None, run_after=None
[2023-05-10T07:36:52.606+0000] {processor.py:176} INFO - Processing /home/airflow/.local/lib/python3.7/site-packages/airflow/example_dags/example_datasets.py took 0.121 seconds
[2023-05-10T07:37:22.951+0000] {processor.py:154} INFO - Started process (PID=436) to work on /home/airflow/.local/lib/python3.7/site-packages/airflow/example_dags/example_datasets.py
[2023-05-10T07:37:22.953+0000] {processor.py:756} INFO - Processing file /home/airflow/.local/lib/python3.7/site-packages/airflow/example_dags/example_datasets.py for tasks to queue
[2023-05-10T07:37:22.954+0000] {logging_mixin.py:137} INFO - [2023-05-10T07:37:22.954+0000] {dagbag.py:537} INFO - Filling up the DagBag from /home/airflow/.local/lib/python3.7/site-packages/airflow/example_dags/example_datasets.py
[2023-05-10T07:37:22.967+0000] {processor.py:766} INFO - DAG(s) dict_keys(['dataset_consumes_1_and_2', 'dataset_consumes_1_never_scheduled', 'dataset_consumes_1', 'dataset_consumes_unknown_never_scheduled', 'dataset_produces_1', 'dataset_produces_2']) retrieved from /home/airflow/.local/lib/python3.7/site-packages/airflow/example_dags/example_datasets.py
[2023-05-10T07:37:23.002+0000] {logging_mixin.py:137} INFO - [2023-05-10T07:37:23.002+0000] {dag.py:2585} INFO - Sync 6 DAGs
[2023-05-10T07:37:23.019+0000] {logging_mixin.py:137} INFO - [2023-05-10T07:37:23.019+0000] {dag.py:3340} INFO - Setting next_dagrun for dataset_consumes_1 to None, run_after=None
[2023-05-10T07:37:23.021+0000] {logging_mixin.py:137} INFO - [2023-05-10T07:37:23.021+0000] {dag.py:3340} INFO - Setting next_dagrun for dataset_consumes_1_and_2 to None, run_after=None
[2023-05-10T07:37:23.023+0000] {logging_mixin.py:137} INFO - [2023-05-10T07:37:23.023+0000] {dag.py:3340} INFO - Setting next_dagrun for dataset_consumes_1_never_scheduled to None, run_after=None
[2023-05-10T07:37:23.025+0000] {logging_mixin.py:137} INFO - [2023-05-10T07:37:23.025+0000] {dag.py:3340} INFO - Setting next_dagrun for dataset_consumes_unknown_never_scheduled to None, run_after=None
[2023-05-10T07:37:23.029+0000] {logging_mixin.py:137} INFO - [2023-05-10T07:37:23.028+0000] {dag.py:3340} INFO - Setting next_dagrun for dataset_produces_1 to 2023-05-09T00:00:00+00:00, run_after=2023-05-10T00:00:00+00:00
[2023-05-10T07:37:23.031+0000] {logging_mixin.py:137} INFO - [2023-05-10T07:37:23.031+0000] {dag.py:3340} INFO - Setting next_dagrun for dataset_produces_2 to None, run_after=None
[2023-05-10T07:37:23.049+0000] {processor.py:176} INFO - Processing /home/airflow/.local/lib/python3.7/site-packages/airflow/example_dags/example_datasets.py took 0.100 seconds
[2023-05-10T07:37:53.563+0000] {processor.py:154} INFO - Started process (PID=498) to work on /home/airflow/.local/lib/python3.7/site-packages/airflow/example_dags/example_datasets.py
[2023-05-10T07:37:53.565+0000] {processor.py:756} INFO - Processing file /home/airflow/.local/lib/python3.7/site-packages/airflow/example_dags/example_datasets.py for tasks to queue
[2023-05-10T07:37:53.566+0000] {logging_mixin.py:137} INFO - [2023-05-10T07:37:53.566+0000] {dagbag.py:537} INFO - Filling up the DagBag from /home/airflow/.local/lib/python3.7/site-packages/airflow/example_dags/example_datasets.py
[2023-05-10T07:37:53.578+0000] {processor.py:766} INFO - DAG(s) dict_keys(['dataset_produces_1', 'dataset_consumes_1', 'dataset_consumes_unknown_never_scheduled', 'dataset_consumes_1_and_2', 'dataset_produces_2', 'dataset_consumes_1_never_scheduled']) retrieved from /home/airflow/.local/lib/python3.7/site-packages/airflow/example_dags/example_datasets.py
[2023-05-10T07:37:53.613+0000] {logging_mixin.py:137} INFO - [2023-05-10T07:37:53.613+0000] {dag.py:2585} INFO - Sync 6 DAGs
[2023-05-10T07:37:53.629+0000] {logging_mixin.py:137} INFO - [2023-05-10T07:37:53.629+0000] {dag.py:3340} INFO - Setting next_dagrun for dataset_consumes_1 to None, run_after=None
[2023-05-10T07:37:53.631+0000] {logging_mixin.py:137} INFO - [2023-05-10T07:37:53.631+0000] {dag.py:3340} INFO - Setting next_dagrun for dataset_consumes_1_and_2 to None, run_after=None
[2023-05-10T07:37:53.633+0000] {logging_mixin.py:137} INFO - [2023-05-10T07:37:53.633+0000] {dag.py:3340} INFO - Setting next_dagrun for dataset_consumes_1_never_scheduled to None, run_after=None
[2023-05-10T07:37:53.635+0000] {logging_mixin.py:137} INFO - [2023-05-10T07:37:53.635+0000] {dag.py:3340} INFO - Setting next_dagrun for dataset_consumes_unknown_never_scheduled to None, run_after=None
[2023-05-10T07:37:53.637+0000] {logging_mixin.py:137} INFO - [2023-05-10T07:37:53.637+0000] {dag.py:3340} INFO - Setting next_dagrun for dataset_produces_1 to 2023-05-09T00:00:00+00:00, run_after=2023-05-10T00:00:00+00:00
[2023-05-10T07:37:53.640+0000] {logging_mixin.py:137} INFO - [2023-05-10T07:37:53.640+0000] {dag.py:3340} INFO - Setting next_dagrun for dataset_produces_2 to None, run_after=None
[2023-05-10T07:37:53.656+0000] {processor.py:176} INFO - Processing /home/airflow/.local/lib/python3.7/site-packages/airflow/example_dags/example_datasets.py took 0.095 seconds
