[2023-05-10T07:34:15.938+0000] {processor.py:154} INFO - Started process (PID=39) to work on /home/airflow/.local/lib/python3.7/site-packages/airflow/example_dags/example_task_group_decorator.py
[2023-05-10T07:34:15.939+0000] {processor.py:756} INFO - Processing file /home/airflow/.local/lib/python3.7/site-packages/airflow/example_dags/example_task_group_decorator.py for tasks to queue
[2023-05-10T07:34:15.941+0000] {logging_mixin.py:137} INFO - [2023-05-10T07:34:15.941+0000] {dagbag.py:537} INFO - Filling up the DagBag from /home/airflow/.local/lib/python3.7/site-packages/airflow/example_dags/example_task_group_decorator.py
[2023-05-10T07:34:15.981+0000] {processor.py:766} INFO - DAG(s) dict_keys(['example_task_group_decorator']) retrieved from /home/airflow/.local/lib/python3.7/site-packages/airflow/example_dags/example_task_group_decorator.py
[2023-05-10T07:34:16.048+0000] {logging_mixin.py:137} INFO - [2023-05-10T07:34:16.048+0000] {dag.py:2585} INFO - Sync 1 DAGs
[2023-05-10T07:34:16.077+0000] {logging_mixin.py:137} INFO - [2023-05-10T07:34:16.077+0000] {dag.py:3340} INFO - Setting next_dagrun for example_task_group_decorator to 2023-05-09T07:34:16.077120+00:00, run_after=2023-05-10T07:34:16.077120+00:00
[2023-05-10T07:34:16.094+0000] {processor.py:176} INFO - Processing /home/airflow/.local/lib/python3.7/site-packages/airflow/example_dags/example_task_group_decorator.py took 0.159 seconds
[2023-05-10T07:34:47.154+0000] {processor.py:154} INFO - Started process (PID=103) to work on /home/airflow/.local/lib/python3.7/site-packages/airflow/example_dags/example_task_group_decorator.py
[2023-05-10T07:34:47.156+0000] {processor.py:756} INFO - Processing file /home/airflow/.local/lib/python3.7/site-packages/airflow/example_dags/example_task_group_decorator.py for tasks to queue
[2023-05-10T07:34:47.157+0000] {logging_mixin.py:137} INFO - [2023-05-10T07:34:47.157+0000] {dagbag.py:537} INFO - Filling up the DagBag from /home/airflow/.local/lib/python3.7/site-packages/airflow/example_dags/example_task_group_decorator.py
[2023-05-10T07:34:47.182+0000] {processor.py:766} INFO - DAG(s) dict_keys(['example_task_group_decorator']) retrieved from /home/airflow/.local/lib/python3.7/site-packages/airflow/example_dags/example_task_group_decorator.py
[2023-05-10T07:34:47.218+0000] {logging_mixin.py:137} INFO - [2023-05-10T07:34:47.218+0000] {dag.py:2585} INFO - Sync 1 DAGs
[2023-05-10T07:34:47.238+0000] {logging_mixin.py:137} INFO - [2023-05-10T07:34:47.238+0000] {dag.py:3340} INFO - Setting next_dagrun for example_task_group_decorator to 2023-05-09T07:34:47.237706+00:00, run_after=2023-05-10T07:34:47.237706+00:00
[2023-05-10T07:34:47.272+0000] {processor.py:176} INFO - Processing /home/airflow/.local/lib/python3.7/site-packages/airflow/example_dags/example_task_group_decorator.py took 0.123 seconds
[2023-05-10T07:35:18.293+0000] {processor.py:154} INFO - Started process (PID=168) to work on /home/airflow/.local/lib/python3.7/site-packages/airflow/example_dags/example_task_group_decorator.py
[2023-05-10T07:35:18.294+0000] {processor.py:756} INFO - Processing file /home/airflow/.local/lib/python3.7/site-packages/airflow/example_dags/example_task_group_decorator.py for tasks to queue
[2023-05-10T07:35:18.295+0000] {logging_mixin.py:137} INFO - [2023-05-10T07:35:18.295+0000] {dagbag.py:537} INFO - Filling up the DagBag from /home/airflow/.local/lib/python3.7/site-packages/airflow/example_dags/example_task_group_decorator.py
[2023-05-10T07:35:18.315+0000] {processor.py:766} INFO - DAG(s) dict_keys(['example_task_group_decorator']) retrieved from /home/airflow/.local/lib/python3.7/site-packages/airflow/example_dags/example_task_group_decorator.py
[2023-05-10T07:35:18.342+0000] {logging_mixin.py:137} INFO - [2023-05-10T07:35:18.342+0000] {dag.py:2585} INFO - Sync 1 DAGs
[2023-05-10T07:35:18.356+0000] {logging_mixin.py:137} INFO - [2023-05-10T07:35:18.356+0000] {dag.py:3340} INFO - Setting next_dagrun for example_task_group_decorator to 2023-05-09T07:35:18.356469+00:00, run_after=2023-05-10T07:35:18.356469+00:00
[2023-05-10T07:35:18.371+0000] {processor.py:176} INFO - Processing /home/airflow/.local/lib/python3.7/site-packages/airflow/example_dags/example_task_group_decorator.py took 0.081 seconds
[2023-05-10T07:35:49.266+0000] {processor.py:154} INFO - Started process (PID=231) to work on /home/airflow/.local/lib/python3.7/site-packages/airflow/example_dags/example_task_group_decorator.py
[2023-05-10T07:35:49.268+0000] {processor.py:756} INFO - Processing file /home/airflow/.local/lib/python3.7/site-packages/airflow/example_dags/example_task_group_decorator.py for tasks to queue
[2023-05-10T07:35:49.269+0000] {logging_mixin.py:137} INFO - [2023-05-10T07:35:49.269+0000] {dagbag.py:537} INFO - Filling up the DagBag from /home/airflow/.local/lib/python3.7/site-packages/airflow/example_dags/example_task_group_decorator.py
[2023-05-10T07:35:49.290+0000] {processor.py:766} INFO - DAG(s) dict_keys(['example_task_group_decorator']) retrieved from /home/airflow/.local/lib/python3.7/site-packages/airflow/example_dags/example_task_group_decorator.py
[2023-05-10T07:35:49.323+0000] {logging_mixin.py:137} INFO - [2023-05-10T07:35:49.323+0000] {dag.py:2585} INFO - Sync 1 DAGs
[2023-05-10T07:35:49.342+0000] {logging_mixin.py:137} INFO - [2023-05-10T07:35:49.342+0000] {dag.py:3340} INFO - Setting next_dagrun for example_task_group_decorator to 2023-05-09T07:35:49.341944+00:00, run_after=2023-05-10T07:35:49.341944+00:00
[2023-05-10T07:35:49.361+0000] {processor.py:176} INFO - Processing /home/airflow/.local/lib/python3.7/site-packages/airflow/example_dags/example_task_group_decorator.py took 0.098 seconds
[2023-05-10T07:36:19.750+0000] {processor.py:154} INFO - Started process (PID=285) to work on /home/airflow/.local/lib/python3.7/site-packages/airflow/example_dags/example_task_group_decorator.py
[2023-05-10T07:36:19.752+0000] {processor.py:756} INFO - Processing file /home/airflow/.local/lib/python3.7/site-packages/airflow/example_dags/example_task_group_decorator.py for tasks to queue
[2023-05-10T07:36:19.753+0000] {logging_mixin.py:137} INFO - [2023-05-10T07:36:19.753+0000] {dagbag.py:537} INFO - Filling up the DagBag from /home/airflow/.local/lib/python3.7/site-packages/airflow/example_dags/example_task_group_decorator.py
[2023-05-10T07:36:19.773+0000] {processor.py:766} INFO - DAG(s) dict_keys(['example_task_group_decorator']) retrieved from /home/airflow/.local/lib/python3.7/site-packages/airflow/example_dags/example_task_group_decorator.py
[2023-05-10T07:36:19.804+0000] {logging_mixin.py:137} INFO - [2023-05-10T07:36:19.804+0000] {dag.py:2585} INFO - Sync 1 DAGs
[2023-05-10T07:36:19.821+0000] {logging_mixin.py:137} INFO - [2023-05-10T07:36:19.821+0000] {dag.py:3340} INFO - Setting next_dagrun for example_task_group_decorator to 2023-05-09T07:36:19.821605+00:00, run_after=2023-05-10T07:36:19.821605+00:00
[2023-05-10T07:36:19.836+0000] {processor.py:176} INFO - Processing /home/airflow/.local/lib/python3.7/site-packages/airflow/example_dags/example_task_group_decorator.py took 0.089 seconds
[2023-05-10T07:36:51.049+0000] {processor.py:154} INFO - Started process (PID=350) to work on /home/airflow/.local/lib/python3.7/site-packages/airflow/example_dags/example_task_group_decorator.py
[2023-05-10T07:36:51.050+0000] {processor.py:756} INFO - Processing file /home/airflow/.local/lib/python3.7/site-packages/airflow/example_dags/example_task_group_decorator.py for tasks to queue
[2023-05-10T07:36:51.051+0000] {logging_mixin.py:137} INFO - [2023-05-10T07:36:51.051+0000] {dagbag.py:537} INFO - Filling up the DagBag from /home/airflow/.local/lib/python3.7/site-packages/airflow/example_dags/example_task_group_decorator.py
[2023-05-10T07:36:51.069+0000] {processor.py:766} INFO - DAG(s) dict_keys(['example_task_group_decorator']) retrieved from /home/airflow/.local/lib/python3.7/site-packages/airflow/example_dags/example_task_group_decorator.py
[2023-05-10T07:36:51.095+0000] {logging_mixin.py:137} INFO - [2023-05-10T07:36:51.094+0000] {dag.py:2585} INFO - Sync 1 DAGs
[2023-05-10T07:36:51.110+0000] {logging_mixin.py:137} INFO - [2023-05-10T07:36:51.110+0000] {dag.py:3340} INFO - Setting next_dagrun for example_task_group_decorator to 2023-05-09T07:36:51.110682+00:00, run_after=2023-05-10T07:36:51.110682+00:00
[2023-05-10T07:36:51.125+0000] {processor.py:176} INFO - Processing /home/airflow/.local/lib/python3.7/site-packages/airflow/example_dags/example_task_group_decorator.py took 0.078 seconds
[2023-05-10T07:37:21.690+0000] {processor.py:154} INFO - Started process (PID=414) to work on /home/airflow/.local/lib/python3.7/site-packages/airflow/example_dags/example_task_group_decorator.py
[2023-05-10T07:37:21.696+0000] {processor.py:756} INFO - Processing file /home/airflow/.local/lib/python3.7/site-packages/airflow/example_dags/example_task_group_decorator.py for tasks to queue
[2023-05-10T07:37:21.697+0000] {logging_mixin.py:137} INFO - [2023-05-10T07:37:21.697+0000] {dagbag.py:537} INFO - Filling up the DagBag from /home/airflow/.local/lib/python3.7/site-packages/airflow/example_dags/example_task_group_decorator.py
[2023-05-10T07:37:21.716+0000] {processor.py:766} INFO - DAG(s) dict_keys(['example_task_group_decorator']) retrieved from /home/airflow/.local/lib/python3.7/site-packages/airflow/example_dags/example_task_group_decorator.py
[2023-05-10T07:37:21.743+0000] {logging_mixin.py:137} INFO - [2023-05-10T07:37:21.743+0000] {dag.py:2585} INFO - Sync 1 DAGs
[2023-05-10T07:37:21.758+0000] {logging_mixin.py:137} INFO - [2023-05-10T07:37:21.758+0000] {dag.py:3340} INFO - Setting next_dagrun for example_task_group_decorator to 2023-05-09T07:37:21.758403+00:00, run_after=2023-05-10T07:37:21.758403+00:00
[2023-05-10T07:37:21.771+0000] {processor.py:176} INFO - Processing /home/airflow/.local/lib/python3.7/site-packages/airflow/example_dags/example_task_group_decorator.py took 0.083 seconds
[2023-05-10T07:37:52.311+0000] {processor.py:154} INFO - Started process (PID=476) to work on /home/airflow/.local/lib/python3.7/site-packages/airflow/example_dags/example_task_group_decorator.py
[2023-05-10T07:37:52.313+0000] {processor.py:756} INFO - Processing file /home/airflow/.local/lib/python3.7/site-packages/airflow/example_dags/example_task_group_decorator.py for tasks to queue
[2023-05-10T07:37:52.315+0000] {logging_mixin.py:137} INFO - [2023-05-10T07:37:52.315+0000] {dagbag.py:537} INFO - Filling up the DagBag from /home/airflow/.local/lib/python3.7/site-packages/airflow/example_dags/example_task_group_decorator.py
[2023-05-10T07:37:52.331+0000] {processor.py:766} INFO - DAG(s) dict_keys(['example_task_group_decorator']) retrieved from /home/airflow/.local/lib/python3.7/site-packages/airflow/example_dags/example_task_group_decorator.py
[2023-05-10T07:37:52.356+0000] {logging_mixin.py:137} INFO - [2023-05-10T07:37:52.356+0000] {dag.py:2585} INFO - Sync 1 DAGs
[2023-05-10T07:37:52.370+0000] {logging_mixin.py:137} INFO - [2023-05-10T07:37:52.370+0000] {dag.py:3340} INFO - Setting next_dagrun for example_task_group_decorator to 2023-05-09T07:37:52.370415+00:00, run_after=2023-05-10T07:37:52.370415+00:00
[2023-05-10T07:37:52.382+0000] {processor.py:176} INFO - Processing /home/airflow/.local/lib/python3.7/site-packages/airflow/example_dags/example_task_group_decorator.py took 0.075 seconds
