[2023-05-10T07:34:16.779+0000] {processor.py:154} INFO - Started process (PID=44) to work on /home/airflow/.local/lib/python3.7/site-packages/airflow/example_dags/tutorial.py
[2023-05-10T07:34:16.782+0000] {processor.py:756} INFO - Processing file /home/airflow/.local/lib/python3.7/site-packages/airflow/example_dags/tutorial.py for tasks to queue
[2023-05-10T07:34:16.783+0000] {logging_mixin.py:137} INFO - [2023-05-10T07:34:16.783+0000] {dagbag.py:537} INFO - Filling up the DagBag from /home/airflow/.local/lib/python3.7/site-packages/airflow/example_dags/tutorial.py
[2023-05-10T07:34:16.805+0000] {processor.py:766} INFO - DAG(s) dict_keys(['tutorial']) retrieved from /home/airflow/.local/lib/python3.7/site-packages/airflow/example_dags/tutorial.py
[2023-05-10T07:34:16.871+0000] {logging_mixin.py:137} INFO - [2023-05-10T07:34:16.871+0000] {dag.py:2585} INFO - Sync 1 DAGs
[2023-05-10T07:34:16.908+0000] {logging_mixin.py:137} INFO - [2023-05-10T07:34:16.908+0000] {dag.py:3340} INFO - Setting next_dagrun for tutorial to 2023-05-09T07:34:16.908566+00:00, run_after=2023-05-10T07:34:16.908566+00:00
[2023-05-10T07:34:16.926+0000] {processor.py:176} INFO - Processing /home/airflow/.local/lib/python3.7/site-packages/airflow/example_dags/tutorial.py took 0.150 seconds
[2023-05-10T07:34:47.555+0000] {processor.py:154} INFO - Started process (PID=108) to work on /home/airflow/.local/lib/python3.7/site-packages/airflow/example_dags/tutorial.py
[2023-05-10T07:34:47.557+0000] {processor.py:756} INFO - Processing file /home/airflow/.local/lib/python3.7/site-packages/airflow/example_dags/tutorial.py for tasks to queue
[2023-05-10T07:34:47.558+0000] {logging_mixin.py:137} INFO - [2023-05-10T07:34:47.558+0000] {dagbag.py:537} INFO - Filling up the DagBag from /home/airflow/.local/lib/python3.7/site-packages/airflow/example_dags/tutorial.py
[2023-05-10T07:34:47.570+0000] {processor.py:766} INFO - DAG(s) dict_keys(['tutorial']) retrieved from /home/airflow/.local/lib/python3.7/site-packages/airflow/example_dags/tutorial.py
[2023-05-10T07:34:47.601+0000] {logging_mixin.py:137} INFO - [2023-05-10T07:34:47.601+0000] {dag.py:2585} INFO - Sync 1 DAGs
[2023-05-10T07:34:47.619+0000] {logging_mixin.py:137} INFO - [2023-05-10T07:34:47.619+0000] {dag.py:3340} INFO - Setting next_dagrun for tutorial to 2023-05-09T07:34:47.619048+00:00, run_after=2023-05-10T07:34:47.619048+00:00
[2023-05-10T07:34:47.635+0000] {processor.py:176} INFO - Processing /home/airflow/.local/lib/python3.7/site-packages/airflow/example_dags/tutorial.py took 0.082 seconds
[2023-05-10T07:35:18.610+0000] {processor.py:154} INFO - Started process (PID=173) to work on /home/airflow/.local/lib/python3.7/site-packages/airflow/example_dags/tutorial.py
[2023-05-10T07:35:18.612+0000] {processor.py:756} INFO - Processing file /home/airflow/.local/lib/python3.7/site-packages/airflow/example_dags/tutorial.py for tasks to queue
[2023-05-10T07:35:18.613+0000] {logging_mixin.py:137} INFO - [2023-05-10T07:35:18.613+0000] {dagbag.py:537} INFO - Filling up the DagBag from /home/airflow/.local/lib/python3.7/site-packages/airflow/example_dags/tutorial.py
[2023-05-10T07:35:18.624+0000] {processor.py:766} INFO - DAG(s) dict_keys(['tutorial']) retrieved from /home/airflow/.local/lib/python3.7/site-packages/airflow/example_dags/tutorial.py
[2023-05-10T07:35:18.658+0000] {logging_mixin.py:137} INFO - [2023-05-10T07:35:18.658+0000] {dag.py:2585} INFO - Sync 1 DAGs
[2023-05-10T07:35:18.676+0000] {logging_mixin.py:137} INFO - [2023-05-10T07:35:18.676+0000] {dag.py:3340} INFO - Setting next_dagrun for tutorial to 2023-05-09T07:35:18.676298+00:00, run_after=2023-05-10T07:35:18.676298+00:00
[2023-05-10T07:35:18.690+0000] {processor.py:176} INFO - Processing /home/airflow/.local/lib/python3.7/site-packages/airflow/example_dags/tutorial.py took 0.083 seconds
[2023-05-10T07:35:49.608+0000] {processor.py:154} INFO - Started process (PID=236) to work on /home/airflow/.local/lib/python3.7/site-packages/airflow/example_dags/tutorial.py
[2023-05-10T07:35:49.609+0000] {processor.py:756} INFO - Processing file /home/airflow/.local/lib/python3.7/site-packages/airflow/example_dags/tutorial.py for tasks to queue
[2023-05-10T07:35:49.612+0000] {logging_mixin.py:137} INFO - [2023-05-10T07:35:49.612+0000] {dagbag.py:537} INFO - Filling up the DagBag from /home/airflow/.local/lib/python3.7/site-packages/airflow/example_dags/tutorial.py
[2023-05-10T07:35:49.624+0000] {processor.py:766} INFO - DAG(s) dict_keys(['tutorial']) retrieved from /home/airflow/.local/lib/python3.7/site-packages/airflow/example_dags/tutorial.py
[2023-05-10T07:35:49.655+0000] {logging_mixin.py:137} INFO - [2023-05-10T07:35:49.654+0000] {dag.py:2585} INFO - Sync 1 DAGs
[2023-05-10T07:35:49.672+0000] {logging_mixin.py:137} INFO - [2023-05-10T07:35:49.672+0000] {dag.py:3340} INFO - Setting next_dagrun for tutorial to 2023-05-09T07:35:49.672279+00:00, run_after=2023-05-10T07:35:49.672279+00:00
[2023-05-10T07:35:49.689+0000] {processor.py:176} INFO - Processing /home/airflow/.local/lib/python3.7/site-packages/airflow/example_dags/tutorial.py took 0.083 seconds
[2023-05-10T07:36:20.236+0000] {processor.py:154} INFO - Started process (PID=297) to work on /home/airflow/.local/lib/python3.7/site-packages/airflow/example_dags/tutorial.py
[2023-05-10T07:36:20.239+0000] {processor.py:756} INFO - Processing file /home/airflow/.local/lib/python3.7/site-packages/airflow/example_dags/tutorial.py for tasks to queue
[2023-05-10T07:36:20.241+0000] {logging_mixin.py:137} INFO - [2023-05-10T07:36:20.241+0000] {dagbag.py:537} INFO - Filling up the DagBag from /home/airflow/.local/lib/python3.7/site-packages/airflow/example_dags/tutorial.py
[2023-05-10T07:36:20.266+0000] {processor.py:766} INFO - DAG(s) dict_keys(['tutorial']) retrieved from /home/airflow/.local/lib/python3.7/site-packages/airflow/example_dags/tutorial.py
[2023-05-10T07:36:20.298+0000] {logging_mixin.py:137} INFO - [2023-05-10T07:36:20.298+0000] {dag.py:2585} INFO - Sync 1 DAGs
[2023-05-10T07:36:20.327+0000] {logging_mixin.py:137} INFO - [2023-05-10T07:36:20.327+0000] {dag.py:3340} INFO - Setting next_dagrun for tutorial to 2023-05-09T07:36:20.326766+00:00, run_after=2023-05-10T07:36:20.326766+00:00
[2023-05-10T07:36:20.342+0000] {processor.py:176} INFO - Processing /home/airflow/.local/lib/python3.7/site-packages/airflow/example_dags/tutorial.py took 0.109 seconds
[2023-05-10T07:36:51.376+0000] {processor.py:154} INFO - Started process (PID=355) to work on /home/airflow/.local/lib/python3.7/site-packages/airflow/example_dags/tutorial.py
[2023-05-10T07:36:51.379+0000] {processor.py:756} INFO - Processing file /home/airflow/.local/lib/python3.7/site-packages/airflow/example_dags/tutorial.py for tasks to queue
[2023-05-10T07:36:51.380+0000] {logging_mixin.py:137} INFO - [2023-05-10T07:36:51.380+0000] {dagbag.py:537} INFO - Filling up the DagBag from /home/airflow/.local/lib/python3.7/site-packages/airflow/example_dags/tutorial.py
[2023-05-10T07:36:51.393+0000] {processor.py:766} INFO - DAG(s) dict_keys(['tutorial']) retrieved from /home/airflow/.local/lib/python3.7/site-packages/airflow/example_dags/tutorial.py
[2023-05-10T07:36:51.431+0000] {logging_mixin.py:137} INFO - [2023-05-10T07:36:51.431+0000] {dag.py:2585} INFO - Sync 1 DAGs
[2023-05-10T07:36:51.451+0000] {logging_mixin.py:137} INFO - [2023-05-10T07:36:51.451+0000] {dag.py:3340} INFO - Setting next_dagrun for tutorial to 2023-05-09T07:36:51.451312+00:00, run_after=2023-05-10T07:36:51.451312+00:00
[2023-05-10T07:36:51.474+0000] {processor.py:176} INFO - Processing /home/airflow/.local/lib/python3.7/site-packages/airflow/example_dags/tutorial.py took 0.100 seconds
[2023-05-10T07:37:22.034+0000] {processor.py:154} INFO - Started process (PID=419) to work on /home/airflow/.local/lib/python3.7/site-packages/airflow/example_dags/tutorial.py
[2023-05-10T07:37:22.037+0000] {processor.py:756} INFO - Processing file /home/airflow/.local/lib/python3.7/site-packages/airflow/example_dags/tutorial.py for tasks to queue
[2023-05-10T07:37:22.038+0000] {logging_mixin.py:137} INFO - [2023-05-10T07:37:22.038+0000] {dagbag.py:537} INFO - Filling up the DagBag from /home/airflow/.local/lib/python3.7/site-packages/airflow/example_dags/tutorial.py
[2023-05-10T07:37:22.057+0000] {processor.py:766} INFO - DAG(s) dict_keys(['tutorial']) retrieved from /home/airflow/.local/lib/python3.7/site-packages/airflow/example_dags/tutorial.py
[2023-05-10T07:37:22.088+0000] {logging_mixin.py:137} INFO - [2023-05-10T07:37:22.088+0000] {dag.py:2585} INFO - Sync 1 DAGs
[2023-05-10T07:37:22.105+0000] {logging_mixin.py:137} INFO - [2023-05-10T07:37:22.105+0000] {dag.py:3340} INFO - Setting next_dagrun for tutorial to 2023-05-09T07:37:22.105569+00:00, run_after=2023-05-10T07:37:22.105569+00:00
[2023-05-10T07:37:22.124+0000] {processor.py:176} INFO - Processing /home/airflow/.local/lib/python3.7/site-packages/airflow/example_dags/tutorial.py took 0.093 seconds
[2023-05-10T07:37:52.601+0000] {processor.py:154} INFO - Started process (PID=481) to work on /home/airflow/.local/lib/python3.7/site-packages/airflow/example_dags/tutorial.py
[2023-05-10T07:37:52.602+0000] {processor.py:756} INFO - Processing file /home/airflow/.local/lib/python3.7/site-packages/airflow/example_dags/tutorial.py for tasks to queue
[2023-05-10T07:37:52.603+0000] {logging_mixin.py:137} INFO - [2023-05-10T07:37:52.603+0000] {dagbag.py:537} INFO - Filling up the DagBag from /home/airflow/.local/lib/python3.7/site-packages/airflow/example_dags/tutorial.py
[2023-05-10T07:37:52.613+0000] {processor.py:766} INFO - DAG(s) dict_keys(['tutorial']) retrieved from /home/airflow/.local/lib/python3.7/site-packages/airflow/example_dags/tutorial.py
[2023-05-10T07:37:52.642+0000] {logging_mixin.py:137} INFO - [2023-05-10T07:37:52.641+0000] {dag.py:2585} INFO - Sync 1 DAGs
[2023-05-10T07:37:52.657+0000] {logging_mixin.py:137} INFO - [2023-05-10T07:37:52.656+0000] {dag.py:3340} INFO - Setting next_dagrun for tutorial to 2023-05-09T07:37:52.656766+00:00, run_after=2023-05-10T07:37:52.656766+00:00
[2023-05-10T07:37:52.669+0000] {processor.py:176} INFO - Processing /home/airflow/.local/lib/python3.7/site-packages/airflow/example_dags/tutorial.py took 0.069 seconds
