[2023-02-18T18:49:17.180+0000] {processor.py:154} INFO - Started process (PID=60) to work on /home/airflow/.local/lib/python3.7/site-packages/airflow/example_dags/example_datasets.py
[2023-02-18T18:49:17.182+0000] {processor.py:756} INFO - Processing file /home/airflow/.local/lib/python3.7/site-packages/airflow/example_dags/example_datasets.py for tasks to queue
[2023-02-18T18:49:17.183+0000] {logging_mixin.py:137} INFO - [2023-02-18T18:49:17.183+0000] {dagbag.py:537} INFO - Filling up the DagBag from /home/airflow/.local/lib/python3.7/site-packages/airflow/example_dags/example_datasets.py
[2023-02-18T18:49:17.197+0000] {processor.py:766} INFO - DAG(s) dict_keys(['dataset_consumes_unknown_never_scheduled', 'dataset_produces_1', 'dataset_produces_2', 'dataset_consumes_1_never_scheduled', 'dataset_consumes_1_and_2', 'dataset_consumes_1']) retrieved from /home/airflow/.local/lib/python3.7/site-packages/airflow/example_dags/example_datasets.py
[2023-02-18T18:49:17.291+0000] {logging_mixin.py:137} INFO - [2023-02-18T18:49:17.291+0000] {dag.py:2585} INFO - Sync 6 DAGs
[2023-02-18T18:49:17.309+0000] {logging_mixin.py:137} INFO - [2023-02-18T18:49:17.308+0000] {dag.py:3340} INFO - Setting next_dagrun for dataset_consumes_1 to None, run_after=None
[2023-02-18T18:49:17.312+0000] {logging_mixin.py:137} INFO - [2023-02-18T18:49:17.312+0000] {dag.py:3340} INFO - Setting next_dagrun for dataset_consumes_1_and_2 to None, run_after=None
[2023-02-18T18:49:17.314+0000] {logging_mixin.py:137} INFO - [2023-02-18T18:49:17.313+0000] {dag.py:3340} INFO - Setting next_dagrun for dataset_consumes_1_never_scheduled to None, run_after=None
[2023-02-18T18:49:17.315+0000] {logging_mixin.py:137} INFO - [2023-02-18T18:49:17.315+0000] {dag.py:3340} INFO - Setting next_dagrun for dataset_consumes_unknown_never_scheduled to None, run_after=None
[2023-02-18T18:49:17.317+0000] {logging_mixin.py:137} INFO - [2023-02-18T18:49:17.317+0000] {dag.py:3340} INFO - Setting next_dagrun for dataset_produces_1 to 2023-02-17T00:00:00+00:00, run_after=2023-02-18T00:00:00+00:00
[2023-02-18T18:49:17.319+0000] {logging_mixin.py:137} INFO - [2023-02-18T18:49:17.319+0000] {dag.py:3340} INFO - Setting next_dagrun for dataset_produces_2 to None, run_after=None
[2023-02-18T18:49:17.350+0000] {processor.py:176} INFO - Processing /home/airflow/.local/lib/python3.7/site-packages/airflow/example_dags/example_datasets.py took 0.172 seconds
[2023-02-18T18:49:47.923+0000] {processor.py:154} INFO - Started process (PID=123) to work on /home/airflow/.local/lib/python3.7/site-packages/airflow/example_dags/example_datasets.py
[2023-02-18T18:49:47.925+0000] {processor.py:756} INFO - Processing file /home/airflow/.local/lib/python3.7/site-packages/airflow/example_dags/example_datasets.py for tasks to queue
[2023-02-18T18:49:47.926+0000] {logging_mixin.py:137} INFO - [2023-02-18T18:49:47.926+0000] {dagbag.py:537} INFO - Filling up the DagBag from /home/airflow/.local/lib/python3.7/site-packages/airflow/example_dags/example_datasets.py
[2023-02-18T18:49:47.937+0000] {processor.py:766} INFO - DAG(s) dict_keys(['dataset_consumes_1_and_2', 'dataset_consumes_1_never_scheduled', 'dataset_consumes_unknown_never_scheduled', 'dataset_consumes_1', 'dataset_produces_2', 'dataset_produces_1']) retrieved from /home/airflow/.local/lib/python3.7/site-packages/airflow/example_dags/example_datasets.py
[2023-02-18T18:49:47.989+0000] {logging_mixin.py:137} INFO - [2023-02-18T18:49:47.989+0000] {dag.py:2585} INFO - Sync 6 DAGs
[2023-02-18T18:49:48.009+0000] {logging_mixin.py:137} INFO - [2023-02-18T18:49:48.009+0000] {dag.py:3340} INFO - Setting next_dagrun for dataset_consumes_1 to None, run_after=None
[2023-02-18T18:49:48.012+0000] {logging_mixin.py:137} INFO - [2023-02-18T18:49:48.012+0000] {dag.py:3340} INFO - Setting next_dagrun for dataset_consumes_1_and_2 to None, run_after=None
[2023-02-18T18:49:48.015+0000] {logging_mixin.py:137} INFO - [2023-02-18T18:49:48.015+0000] {dag.py:3340} INFO - Setting next_dagrun for dataset_consumes_1_never_scheduled to None, run_after=None
[2023-02-18T18:49:48.018+0000] {logging_mixin.py:137} INFO - [2023-02-18T18:49:48.018+0000] {dag.py:3340} INFO - Setting next_dagrun for dataset_consumes_unknown_never_scheduled to None, run_after=None
[2023-02-18T18:49:48.022+0000] {logging_mixin.py:137} INFO - [2023-02-18T18:49:48.022+0000] {dag.py:3340} INFO - Setting next_dagrun for dataset_produces_1 to 2023-02-17T00:00:00+00:00, run_after=2023-02-18T00:00:00+00:00
[2023-02-18T18:49:48.024+0000] {logging_mixin.py:137} INFO - [2023-02-18T18:49:48.024+0000] {dag.py:3340} INFO - Setting next_dagrun for dataset_produces_2 to None, run_after=None
[2023-02-18T18:49:48.061+0000] {processor.py:176} INFO - Processing /home/airflow/.local/lib/python3.7/site-packages/airflow/example_dags/example_datasets.py took 0.141 seconds
