[2023-02-18T18:49:14.856+0000] {processor.py:154} INFO - Started process (PID=42) to work on /home/airflow/.local/lib/python3.7/site-packages/airflow/example_dags/example_python_operator.py
[2023-02-18T18:49:14.858+0000] {processor.py:756} INFO - Processing file /home/airflow/.local/lib/python3.7/site-packages/airflow/example_dags/example_python_operator.py for tasks to queue
[2023-02-18T18:49:14.860+0000] {logging_mixin.py:137} INFO - [2023-02-18T18:49:14.860+0000] {dagbag.py:537} INFO - Filling up the DagBag from /home/airflow/.local/lib/python3.7/site-packages/airflow/example_dags/example_python_operator.py
[2023-02-18T18:49:14.877+0000] {logging_mixin.py:137} INFO - [2023-02-18T18:49:14.877+0000] {taskmixin.py:205} WARNING - Dependency <Task(_PythonDecoratedOperator): print_the_context>, log_sql_query already registered for DAG: example_python_operator
[2023-02-18T18:49:14.879+0000] {logging_mixin.py:137} INFO - [2023-02-18T18:49:14.879+0000] {taskmixin.py:205} WARNING - Dependency <Task(_PythonDecoratedOperator): log_sql_query>, print_the_context already registered for DAG: example_python_operator
[2023-02-18T18:49:14.881+0000] {logging_mixin.py:137} INFO - [2023-02-18T18:49:14.880+0000] {taskmixin.py:205} WARNING - Dependency <Task(_PythonDecoratedOperator): print_the_context>, log_sql_query already registered for DAG: example_python_operator
[2023-02-18T18:49:14.882+0000] {logging_mixin.py:137} INFO - [2023-02-18T18:49:14.881+0000] {taskmixin.py:205} WARNING - Dependency <Task(_PythonDecoratedOperator): log_sql_query>, print_the_context already registered for DAG: example_python_operator
[2023-02-18T18:49:14.884+0000] {logging_mixin.py:137} INFO - [2023-02-18T18:49:14.884+0000] {taskmixin.py:205} WARNING - Dependency <Task(_PythonDecoratedOperator): print_the_context>, log_sql_query already registered for DAG: example_python_operator
[2023-02-18T18:49:14.887+0000] {logging_mixin.py:137} INFO - [2023-02-18T18:49:14.887+0000] {taskmixin.py:205} WARNING - Dependency <Task(_PythonDecoratedOperator): log_sql_query>, print_the_context already registered for DAG: example_python_operator
[2023-02-18T18:49:14.889+0000] {logging_mixin.py:137} INFO - [2023-02-18T18:49:14.889+0000] {taskmixin.py:205} WARNING - Dependency <Task(_PythonDecoratedOperator): print_the_context>, log_sql_query already registered for DAG: example_python_operator
[2023-02-18T18:49:14.890+0000] {logging_mixin.py:137} INFO - [2023-02-18T18:49:14.889+0000] {taskmixin.py:205} WARNING - Dependency <Task(_PythonDecoratedOperator): log_sql_query>, print_the_context already registered for DAG: example_python_operator
[2023-02-18T18:49:14.897+0000] {processor.py:766} INFO - DAG(s) dict_keys(['example_python_operator']) retrieved from /home/airflow/.local/lib/python3.7/site-packages/airflow/example_dags/example_python_operator.py
[2023-02-18T18:49:14.949+0000] {logging_mixin.py:137} INFO - [2023-02-18T18:49:14.948+0000] {dag.py:2585} INFO - Sync 1 DAGs
[2023-02-18T18:49:14.977+0000] {logging_mixin.py:137} INFO - [2023-02-18T18:49:14.977+0000] {dag.py:3340} INFO - Setting next_dagrun for example_python_operator to None, run_after=None
[2023-02-18T18:49:14.999+0000] {processor.py:176} INFO - Processing /home/airflow/.local/lib/python3.7/site-packages/airflow/example_dags/example_python_operator.py took 0.147 seconds
[2023-02-18T18:49:45.845+0000] {processor.py:154} INFO - Started process (PID=105) to work on /home/airflow/.local/lib/python3.7/site-packages/airflow/example_dags/example_python_operator.py
[2023-02-18T18:49:45.847+0000] {processor.py:756} INFO - Processing file /home/airflow/.local/lib/python3.7/site-packages/airflow/example_dags/example_python_operator.py for tasks to queue
[2023-02-18T18:49:45.848+0000] {logging_mixin.py:137} INFO - [2023-02-18T18:49:45.848+0000] {dagbag.py:537} INFO - Filling up the DagBag from /home/airflow/.local/lib/python3.7/site-packages/airflow/example_dags/example_python_operator.py
[2023-02-18T18:49:45.859+0000] {logging_mixin.py:137} INFO - [2023-02-18T18:49:45.858+0000] {taskmixin.py:205} WARNING - Dependency <Task(_PythonDecoratedOperator): print_the_context>, log_sql_query already registered for DAG: example_python_operator
[2023-02-18T18:49:45.861+0000] {logging_mixin.py:137} INFO - [2023-02-18T18:49:45.860+0000] {taskmixin.py:205} WARNING - Dependency <Task(_PythonDecoratedOperator): log_sql_query>, print_the_context already registered for DAG: example_python_operator
[2023-02-18T18:49:45.862+0000] {logging_mixin.py:137} INFO - [2023-02-18T18:49:45.862+0000] {taskmixin.py:205} WARNING - Dependency <Task(_PythonDecoratedOperator): print_the_context>, log_sql_query already registered for DAG: example_python_operator
[2023-02-18T18:49:45.863+0000] {logging_mixin.py:137} INFO - [2023-02-18T18:49:45.863+0000] {taskmixin.py:205} WARNING - Dependency <Task(_PythonDecoratedOperator): log_sql_query>, print_the_context already registered for DAG: example_python_operator
[2023-02-18T18:49:45.865+0000] {logging_mixin.py:137} INFO - [2023-02-18T18:49:45.865+0000] {taskmixin.py:205} WARNING - Dependency <Task(_PythonDecoratedOperator): print_the_context>, log_sql_query already registered for DAG: example_python_operator
[2023-02-18T18:49:45.866+0000] {logging_mixin.py:137} INFO - [2023-02-18T18:49:45.866+0000] {taskmixin.py:205} WARNING - Dependency <Task(_PythonDecoratedOperator): log_sql_query>, print_the_context already registered for DAG: example_python_operator
[2023-02-18T18:49:45.867+0000] {logging_mixin.py:137} INFO - [2023-02-18T18:49:45.867+0000] {taskmixin.py:205} WARNING - Dependency <Task(_PythonDecoratedOperator): print_the_context>, log_sql_query already registered for DAG: example_python_operator
[2023-02-18T18:49:45.868+0000] {logging_mixin.py:137} INFO - [2023-02-18T18:49:45.868+0000] {taskmixin.py:205} WARNING - Dependency <Task(_PythonDecoratedOperator): log_sql_query>, print_the_context already registered for DAG: example_python_operator
[2023-02-18T18:49:45.879+0000] {processor.py:766} INFO - DAG(s) dict_keys(['example_python_operator']) retrieved from /home/airflow/.local/lib/python3.7/site-packages/airflow/example_dags/example_python_operator.py
[2023-02-18T18:49:45.910+0000] {logging_mixin.py:137} INFO - [2023-02-18T18:49:45.910+0000] {dag.py:2585} INFO - Sync 1 DAGs
[2023-02-18T18:49:45.926+0000] {logging_mixin.py:137} INFO - [2023-02-18T18:49:45.926+0000] {dag.py:3340} INFO - Setting next_dagrun for example_python_operator to None, run_after=None
[2023-02-18T18:49:45.939+0000] {processor.py:176} INFO - Processing /home/airflow/.local/lib/python3.7/site-packages/airflow/example_dags/example_python_operator.py took 0.097 seconds
