[2023-02-18T18:49:13.861+0000] {processor.py:154} INFO - Started process (PID=37) to work on /home/airflow/.local/lib/python3.7/site-packages/airflow/example_dags/example_subdag_operator.py
[2023-02-18T18:49:13.863+0000] {processor.py:756} INFO - Processing file /home/airflow/.local/lib/python3.7/site-packages/airflow/example_dags/example_subdag_operator.py for tasks to queue
[2023-02-18T18:49:13.865+0000] {logging_mixin.py:137} INFO - [2023-02-18T18:49:13.865+0000] {dagbag.py:537} INFO - Filling up the DagBag from /home/airflow/.local/lib/python3.7/site-packages/airflow/example_dags/example_subdag_operator.py
[2023-02-18T18:49:13.912+0000] {processor.py:766} INFO - DAG(s) dict_keys(['example_subdag_operator.section-1', 'example_subdag_operator.section-2', 'example_subdag_operator']) retrieved from /home/airflow/.local/lib/python3.7/site-packages/airflow/example_dags/example_subdag_operator.py
[2023-02-18T18:49:14.311+0000] {logging_mixin.py:137} INFO - [2023-02-18T18:49:14.310+0000] {dag.py:2585} INFO - Sync 3 DAGs
[2023-02-18T18:49:14.339+0000] {logging_mixin.py:137} INFO - [2023-02-18T18:49:14.339+0000] {dag.py:3340} INFO - Setting next_dagrun for example_subdag_operator to 2022-01-01T00:00:00+00:00, run_after=2022-01-01T00:00:00+00:00
[2023-02-18T18:49:14.344+0000] {logging_mixin.py:137} INFO - [2023-02-18T18:49:14.344+0000] {dag.py:3340} INFO - Setting next_dagrun for example_subdag_operator.section-1 to None, run_after=None
[2023-02-18T18:49:14.348+0000] {logging_mixin.py:137} INFO - [2023-02-18T18:49:14.348+0000] {dag.py:3340} INFO - Setting next_dagrun for example_subdag_operator.section-2 to None, run_after=None
[2023-02-18T18:49:14.362+0000] {logging_mixin.py:137} INFO - [2023-02-18T18:49:14.362+0000] {dag.py:2585} INFO - Sync 2 DAGs
[2023-02-18T18:49:14.369+0000] {logging_mixin.py:137} INFO - [2023-02-18T18:49:14.369+0000] {dag.py:3340} INFO - Setting next_dagrun for example_subdag_operator.section-1 to None, run_after=None
[2023-02-18T18:49:14.371+0000] {logging_mixin.py:137} INFO - [2023-02-18T18:49:14.371+0000] {dag.py:3340} INFO - Setting next_dagrun for example_subdag_operator.section-2 to None, run_after=None
[2023-02-18T18:49:14.388+0000] {processor.py:176} INFO - Processing /home/airflow/.local/lib/python3.7/site-packages/airflow/example_dags/example_subdag_operator.py took 0.530 seconds
[2023-02-18T18:49:44.536+0000] {processor.py:154} INFO - Started process (PID=100) to work on /home/airflow/.local/lib/python3.7/site-packages/airflow/example_dags/example_subdag_operator.py
[2023-02-18T18:49:44.537+0000] {processor.py:756} INFO - Processing file /home/airflow/.local/lib/python3.7/site-packages/airflow/example_dags/example_subdag_operator.py for tasks to queue
[2023-02-18T18:49:44.539+0000] {logging_mixin.py:137} INFO - [2023-02-18T18:49:44.539+0000] {dagbag.py:537} INFO - Filling up the DagBag from /home/airflow/.local/lib/python3.7/site-packages/airflow/example_dags/example_subdag_operator.py
[2023-02-18T18:49:44.561+0000] {processor.py:766} INFO - DAG(s) dict_keys(['example_subdag_operator.section-1', 'example_subdag_operator.section-2', 'example_subdag_operator']) retrieved from /home/airflow/.local/lib/python3.7/site-packages/airflow/example_dags/example_subdag_operator.py
[2023-02-18T18:49:44.653+0000] {logging_mixin.py:137} INFO - [2023-02-18T18:49:44.653+0000] {dag.py:2585} INFO - Sync 3 DAGs
[2023-02-18T18:49:44.667+0000] {logging_mixin.py:137} INFO - [2023-02-18T18:49:44.667+0000] {dag.py:3340} INFO - Setting next_dagrun for example_subdag_operator to 2022-01-01T00:00:00+00:00, run_after=2022-01-01T00:00:00+00:00
[2023-02-18T18:49:44.670+0000] {logging_mixin.py:137} INFO - [2023-02-18T18:49:44.670+0000] {dag.py:3340} INFO - Setting next_dagrun for example_subdag_operator.section-1 to None, run_after=None
[2023-02-18T18:49:44.672+0000] {logging_mixin.py:137} INFO - [2023-02-18T18:49:44.672+0000] {dag.py:3340} INFO - Setting next_dagrun for example_subdag_operator.section-2 to None, run_after=None
[2023-02-18T18:49:44.676+0000] {logging_mixin.py:137} INFO - [2023-02-18T18:49:44.676+0000] {dag.py:2585} INFO - Sync 2 DAGs
[2023-02-18T18:49:44.681+0000] {logging_mixin.py:137} INFO - [2023-02-18T18:49:44.681+0000] {dag.py:3340} INFO - Setting next_dagrun for example_subdag_operator.section-1 to None, run_after=None
[2023-02-18T18:49:44.682+0000] {logging_mixin.py:137} INFO - [2023-02-18T18:49:44.682+0000] {dag.py:3340} INFO - Setting next_dagrun for example_subdag_operator.section-2 to None, run_after=None
[2023-02-18T18:49:44.689+0000] {processor.py:176} INFO - Processing /home/airflow/.local/lib/python3.7/site-packages/airflow/example_dags/example_subdag_operator.py took 0.156 seconds
