[2023-02-18T18:49:17.381+0000] {processor.py:154} INFO - Started process (PID=62) to work on /home/airflow/.local/lib/python3.7/site-packages/airflow/example_dags/example_complex.py
[2023-02-18T18:49:17.383+0000] {processor.py:756} INFO - Processing file /home/airflow/.local/lib/python3.7/site-packages/airflow/example_dags/example_complex.py for tasks to queue
[2023-02-18T18:49:17.384+0000] {logging_mixin.py:137} INFO - [2023-02-18T18:49:17.384+0000] {dagbag.py:537} INFO - Filling up the DagBag from /home/airflow/.local/lib/python3.7/site-packages/airflow/example_dags/example_complex.py
[2023-02-18T18:49:17.394+0000] {logging_mixin.py:137} INFO - [2023-02-18T18:49:17.394+0000] {taskmixin.py:205} WARNING - Dependency <Task(BashOperator): create_entry_group>, delete_entry_group already registered for DAG: example_complex
[2023-02-18T18:49:17.395+0000] {logging_mixin.py:137} INFO - [2023-02-18T18:49:17.395+0000] {taskmixin.py:205} WARNING - Dependency <Task(BashOperator): delete_entry_group>, create_entry_group already registered for DAG: example_complex
[2023-02-18T18:49:17.397+0000] {logging_mixin.py:137} INFO - [2023-02-18T18:49:17.396+0000] {taskmixin.py:205} WARNING - Dependency <Task(BashOperator): create_entry_gcs>, delete_entry already registered for DAG: example_complex
[2023-02-18T18:49:17.398+0000] {logging_mixin.py:137} INFO - [2023-02-18T18:49:17.398+0000] {taskmixin.py:205} WARNING - Dependency <Task(BashOperator): delete_entry>, create_entry_gcs already registered for DAG: example_complex
[2023-02-18T18:49:17.399+0000] {logging_mixin.py:137} INFO - [2023-02-18T18:49:17.399+0000] {taskmixin.py:205} WARNING - Dependency <Task(BashOperator): create_tag>, delete_tag already registered for DAG: example_complex
[2023-02-18T18:49:17.400+0000] {logging_mixin.py:137} INFO - [2023-02-18T18:49:17.400+0000] {taskmixin.py:205} WARNING - Dependency <Task(BashOperator): delete_tag>, create_tag already registered for DAG: example_complex
[2023-02-18T18:49:17.409+0000] {processor.py:766} INFO - DAG(s) dict_keys(['example_complex']) retrieved from /home/airflow/.local/lib/python3.7/site-packages/airflow/example_dags/example_complex.py
[2023-02-18T18:49:17.441+0000] {logging_mixin.py:137} INFO - [2023-02-18T18:49:17.441+0000] {dag.py:2585} INFO - Sync 1 DAGs
[2023-02-18T18:49:17.469+0000] {logging_mixin.py:137} INFO - [2023-02-18T18:49:17.469+0000] {dag.py:3340} INFO - Setting next_dagrun for example_complex to None, run_after=None
[2023-02-18T18:49:17.484+0000] {processor.py:176} INFO - Processing /home/airflow/.local/lib/python3.7/site-packages/airflow/example_dags/example_complex.py took 0.106 seconds
[2023-02-18T18:49:48.097+0000] {processor.py:154} INFO - Started process (PID=125) to work on /home/airflow/.local/lib/python3.7/site-packages/airflow/example_dags/example_complex.py
[2023-02-18T18:49:48.100+0000] {processor.py:756} INFO - Processing file /home/airflow/.local/lib/python3.7/site-packages/airflow/example_dags/example_complex.py for tasks to queue
[2023-02-18T18:49:48.103+0000] {logging_mixin.py:137} INFO - [2023-02-18T18:49:48.103+0000] {dagbag.py:537} INFO - Filling up the DagBag from /home/airflow/.local/lib/python3.7/site-packages/airflow/example_dags/example_complex.py
[2023-02-18T18:49:48.117+0000] {logging_mixin.py:137} INFO - [2023-02-18T18:49:48.116+0000] {taskmixin.py:205} WARNING - Dependency <Task(BashOperator): create_entry_group>, delete_entry_group already registered for DAG: example_complex
[2023-02-18T18:49:48.119+0000] {logging_mixin.py:137} INFO - [2023-02-18T18:49:48.119+0000] {taskmixin.py:205} WARNING - Dependency <Task(BashOperator): delete_entry_group>, create_entry_group already registered for DAG: example_complex
[2023-02-18T18:49:48.120+0000] {logging_mixin.py:137} INFO - [2023-02-18T18:49:48.120+0000] {taskmixin.py:205} WARNING - Dependency <Task(BashOperator): create_entry_gcs>, delete_entry already registered for DAG: example_complex
[2023-02-18T18:49:48.121+0000] {logging_mixin.py:137} INFO - [2023-02-18T18:49:48.121+0000] {taskmixin.py:205} WARNING - Dependency <Task(BashOperator): delete_entry>, create_entry_gcs already registered for DAG: example_complex
[2023-02-18T18:49:48.125+0000] {logging_mixin.py:137} INFO - [2023-02-18T18:49:48.124+0000] {taskmixin.py:205} WARNING - Dependency <Task(BashOperator): create_tag>, delete_tag already registered for DAG: example_complex
[2023-02-18T18:49:48.126+0000] {logging_mixin.py:137} INFO - [2023-02-18T18:49:48.126+0000] {taskmixin.py:205} WARNING - Dependency <Task(BashOperator): delete_tag>, create_tag already registered for DAG: example_complex
[2023-02-18T18:49:48.134+0000] {processor.py:766} INFO - DAG(s) dict_keys(['example_complex']) retrieved from /home/airflow/.local/lib/python3.7/site-packages/airflow/example_dags/example_complex.py
[2023-02-18T18:49:48.191+0000] {logging_mixin.py:137} INFO - [2023-02-18T18:49:48.191+0000] {dag.py:2585} INFO - Sync 1 DAGs
[2023-02-18T18:49:48.210+0000] {logging_mixin.py:137} INFO - [2023-02-18T18:49:48.210+0000] {dag.py:3340} INFO - Setting next_dagrun for example_complex to None, run_after=None
[2023-02-18T18:49:48.225+0000] {processor.py:176} INFO - Processing /home/airflow/.local/lib/python3.7/site-packages/airflow/example_dags/example_complex.py took 0.131 seconds
